[2022-08-22 21:53:33,857] {processor.py:153} INFO - Started process (PID=75) to work on /home/airflow/.local/lib/python3.7/site-packages/airflow/example_dags/example_kubernetes_executor.py
[2022-08-22 21:53:33,857] {processor.py:641} INFO - Processing file /home/airflow/.local/lib/python3.7/site-packages/airflow/example_dags/example_kubernetes_executor.py for tasks to queue
[2022-08-22 21:53:33,858] {logging_mixin.py:115} INFO - [2022-08-22 21:53:33,858] {dagbag.py:508} INFO - Filling up the DagBag from /home/airflow/.local/lib/python3.7/site-packages/airflow/example_dags/example_kubernetes_executor.py
[2022-08-22 21:53:33,887] {processor.py:651} INFO - DAG(s) dict_keys(['example_kubernetes_executor']) retrieved from /home/airflow/.local/lib/python3.7/site-packages/airflow/example_dags/example_kubernetes_executor.py
[2022-08-22 21:53:34,001] {logging_mixin.py:115} INFO - [2022-08-22 21:53:34,001] {manager.py:508} INFO - Created Permission View: can edit on DAG:example_kubernetes_executor
[2022-08-22 21:53:34,030] {logging_mixin.py:115} INFO - [2022-08-22 21:53:34,029] {manager.py:508} INFO - Created Permission View: can read on DAG:example_kubernetes_executor
[2022-08-22 21:53:34,044] {logging_mixin.py:115} INFO - [2022-08-22 21:53:34,044] {manager.py:508} INFO - Created Permission View: can delete on DAG:example_kubernetes_executor
[2022-08-22 21:53:34,044] {logging_mixin.py:115} INFO - [2022-08-22 21:53:34,044] {dag.py:2420} INFO - Sync 1 DAGs
[2022-08-22 21:53:34,056] {logging_mixin.py:115} INFO - [2022-08-22 21:53:34,056] {dag.py:2439} INFO - Creating ORM DAG for example_kubernetes_executor
[2022-08-22 21:53:34,070] {logging_mixin.py:115} INFO - [2022-08-22 21:53:34,069] {dag.py:2972} INFO - Setting next_dagrun for example_kubernetes_executor to None, run_after=None
[2022-08-22 21:53:34,090] {processor.py:161} INFO - Processing /home/airflow/.local/lib/python3.7/site-packages/airflow/example_dags/example_kubernetes_executor.py took 0.236 seconds
[2022-08-22 21:54:04,685] {processor.py:153} INFO - Started process (PID=127) to work on /home/airflow/.local/lib/python3.7/site-packages/airflow/example_dags/example_kubernetes_executor.py
[2022-08-22 21:54:04,685] {processor.py:641} INFO - Processing file /home/airflow/.local/lib/python3.7/site-packages/airflow/example_dags/example_kubernetes_executor.py for tasks to queue
[2022-08-22 21:54:04,686] {logging_mixin.py:115} INFO - [2022-08-22 21:54:04,686] {dagbag.py:508} INFO - Filling up the DagBag from /home/airflow/.local/lib/python3.7/site-packages/airflow/example_dags/example_kubernetes_executor.py
[2022-08-22 21:54:04,713] {processor.py:651} INFO - DAG(s) dict_keys(['example_kubernetes_executor']) retrieved from /home/airflow/.local/lib/python3.7/site-packages/airflow/example_dags/example_kubernetes_executor.py
[2022-08-22 21:54:04,735] {logging_mixin.py:115} INFO - [2022-08-22 21:54:04,735] {dag.py:2420} INFO - Sync 1 DAGs
[2022-08-22 21:54:04,753] {logging_mixin.py:115} INFO - [2022-08-22 21:54:04,753] {dag.py:2972} INFO - Setting next_dagrun for example_kubernetes_executor to None, run_after=None
[2022-08-22 21:54:04,765] {processor.py:161} INFO - Processing /home/airflow/.local/lib/python3.7/site-packages/airflow/example_dags/example_kubernetes_executor.py took 0.083 seconds
[2022-08-22 21:54:35,585] {processor.py:153} INFO - Started process (PID=188) to work on /home/airflow/.local/lib/python3.7/site-packages/airflow/example_dags/example_kubernetes_executor.py
[2022-08-22 21:54:35,585] {processor.py:641} INFO - Processing file /home/airflow/.local/lib/python3.7/site-packages/airflow/example_dags/example_kubernetes_executor.py for tasks to queue
[2022-08-22 21:54:35,585] {logging_mixin.py:115} INFO - [2022-08-22 21:54:35,585] {dagbag.py:508} INFO - Filling up the DagBag from /home/airflow/.local/lib/python3.7/site-packages/airflow/example_dags/example_kubernetes_executor.py
[2022-08-22 21:54:35,607] {processor.py:651} INFO - DAG(s) dict_keys(['example_kubernetes_executor']) retrieved from /home/airflow/.local/lib/python3.7/site-packages/airflow/example_dags/example_kubernetes_executor.py
[2022-08-22 21:54:35,636] {logging_mixin.py:115} INFO - [2022-08-22 21:54:35,636] {dag.py:2420} INFO - Sync 1 DAGs
[2022-08-22 21:54:35,656] {logging_mixin.py:115} INFO - [2022-08-22 21:54:35,655] {dag.py:2972} INFO - Setting next_dagrun for example_kubernetes_executor to None, run_after=None
[2022-08-22 21:54:35,666] {processor.py:161} INFO - Processing /home/airflow/.local/lib/python3.7/site-packages/airflow/example_dags/example_kubernetes_executor.py took 0.083 seconds
[2022-08-22 21:55:06,446] {processor.py:153} INFO - Started process (PID=249) to work on /home/airflow/.local/lib/python3.7/site-packages/airflow/example_dags/example_kubernetes_executor.py
[2022-08-22 21:55:06,447] {processor.py:641} INFO - Processing file /home/airflow/.local/lib/python3.7/site-packages/airflow/example_dags/example_kubernetes_executor.py for tasks to queue
[2022-08-22 21:55:06,447] {logging_mixin.py:115} INFO - [2022-08-22 21:55:06,447] {dagbag.py:508} INFO - Filling up the DagBag from /home/airflow/.local/lib/python3.7/site-packages/airflow/example_dags/example_kubernetes_executor.py
[2022-08-22 21:55:06,466] {processor.py:651} INFO - DAG(s) dict_keys(['example_kubernetes_executor']) retrieved from /home/airflow/.local/lib/python3.7/site-packages/airflow/example_dags/example_kubernetes_executor.py
[2022-08-22 21:55:06,491] {logging_mixin.py:115} INFO - [2022-08-22 21:55:06,491] {dag.py:2420} INFO - Sync 1 DAGs
[2022-08-22 21:55:06,515] {logging_mixin.py:115} INFO - [2022-08-22 21:55:06,515] {dag.py:2972} INFO - Setting next_dagrun for example_kubernetes_executor to None, run_after=None
[2022-08-22 21:55:06,527] {processor.py:161} INFO - Processing /home/airflow/.local/lib/python3.7/site-packages/airflow/example_dags/example_kubernetes_executor.py took 0.084 seconds
[2022-08-22 21:55:37,280] {processor.py:153} INFO - Started process (PID=311) to work on /home/airflow/.local/lib/python3.7/site-packages/airflow/example_dags/example_kubernetes_executor.py
[2022-08-22 21:55:37,281] {processor.py:641} INFO - Processing file /home/airflow/.local/lib/python3.7/site-packages/airflow/example_dags/example_kubernetes_executor.py for tasks to queue
[2022-08-22 21:55:37,282] {logging_mixin.py:115} INFO - [2022-08-22 21:55:37,282] {dagbag.py:508} INFO - Filling up the DagBag from /home/airflow/.local/lib/python3.7/site-packages/airflow/example_dags/example_kubernetes_executor.py
[2022-08-22 21:55:37,301] {processor.py:651} INFO - DAG(s) dict_keys(['example_kubernetes_executor']) retrieved from /home/airflow/.local/lib/python3.7/site-packages/airflow/example_dags/example_kubernetes_executor.py
[2022-08-22 21:55:37,328] {logging_mixin.py:115} INFO - [2022-08-22 21:55:37,328] {dag.py:2420} INFO - Sync 1 DAGs
[2022-08-22 21:55:37,358] {logging_mixin.py:115} INFO - [2022-08-22 21:55:37,358] {dag.py:2972} INFO - Setting next_dagrun for example_kubernetes_executor to None, run_after=None
[2022-08-22 21:55:37,374] {processor.py:161} INFO - Processing /home/airflow/.local/lib/python3.7/site-packages/airflow/example_dags/example_kubernetes_executor.py took 0.097 seconds
[2022-08-22 21:56:08,096] {processor.py:153} INFO - Started process (PID=363) to work on /home/airflow/.local/lib/python3.7/site-packages/airflow/example_dags/example_kubernetes_executor.py
[2022-08-22 21:56:08,096] {processor.py:641} INFO - Processing file /home/airflow/.local/lib/python3.7/site-packages/airflow/example_dags/example_kubernetes_executor.py for tasks to queue
[2022-08-22 21:56:08,097] {logging_mixin.py:115} INFO - [2022-08-22 21:56:08,096] {dagbag.py:508} INFO - Filling up the DagBag from /home/airflow/.local/lib/python3.7/site-packages/airflow/example_dags/example_kubernetes_executor.py
[2022-08-22 21:56:08,115] {processor.py:651} INFO - DAG(s) dict_keys(['example_kubernetes_executor']) retrieved from /home/airflow/.local/lib/python3.7/site-packages/airflow/example_dags/example_kubernetes_executor.py
[2022-08-22 21:56:08,139] {logging_mixin.py:115} INFO - [2022-08-22 21:56:08,139] {dag.py:2420} INFO - Sync 1 DAGs
[2022-08-22 21:56:08,160] {logging_mixin.py:115} INFO - [2022-08-22 21:56:08,160] {dag.py:2972} INFO - Setting next_dagrun for example_kubernetes_executor to None, run_after=None
[2022-08-22 21:56:08,171] {processor.py:161} INFO - Processing /home/airflow/.local/lib/python3.7/site-packages/airflow/example_dags/example_kubernetes_executor.py took 0.080 seconds
[2022-08-22 21:56:38,833] {processor.py:153} INFO - Started process (PID=424) to work on /home/airflow/.local/lib/python3.7/site-packages/airflow/example_dags/example_kubernetes_executor.py
[2022-08-22 21:56:38,834] {processor.py:641} INFO - Processing file /home/airflow/.local/lib/python3.7/site-packages/airflow/example_dags/example_kubernetes_executor.py for tasks to queue
[2022-08-22 21:56:38,834] {logging_mixin.py:115} INFO - [2022-08-22 21:56:38,834] {dagbag.py:508} INFO - Filling up the DagBag from /home/airflow/.local/lib/python3.7/site-packages/airflow/example_dags/example_kubernetes_executor.py
[2022-08-22 21:56:38,854] {processor.py:651} INFO - DAG(s) dict_keys(['example_kubernetes_executor']) retrieved from /home/airflow/.local/lib/python3.7/site-packages/airflow/example_dags/example_kubernetes_executor.py
[2022-08-22 21:56:38,879] {logging_mixin.py:115} INFO - [2022-08-22 21:56:38,879] {dag.py:2420} INFO - Sync 1 DAGs
[2022-08-22 21:56:38,897] {logging_mixin.py:115} INFO - [2022-08-22 21:56:38,897] {dag.py:2972} INFO - Setting next_dagrun for example_kubernetes_executor to None, run_after=None
[2022-08-22 21:56:38,908] {processor.py:161} INFO - Processing /home/airflow/.local/lib/python3.7/site-packages/airflow/example_dags/example_kubernetes_executor.py took 0.077 seconds
[2022-08-22 21:57:09,779] {processor.py:153} INFO - Started process (PID=485) to work on /home/airflow/.local/lib/python3.7/site-packages/airflow/example_dags/example_kubernetes_executor.py
[2022-08-22 21:57:09,780] {processor.py:641} INFO - Processing file /home/airflow/.local/lib/python3.7/site-packages/airflow/example_dags/example_kubernetes_executor.py for tasks to queue
[2022-08-22 21:57:09,780] {logging_mixin.py:115} INFO - [2022-08-22 21:57:09,780] {dagbag.py:508} INFO - Filling up the DagBag from /home/airflow/.local/lib/python3.7/site-packages/airflow/example_dags/example_kubernetes_executor.py
[2022-08-22 21:57:09,800] {processor.py:651} INFO - DAG(s) dict_keys(['example_kubernetes_executor']) retrieved from /home/airflow/.local/lib/python3.7/site-packages/airflow/example_dags/example_kubernetes_executor.py
[2022-08-22 21:57:09,823] {logging_mixin.py:115} INFO - [2022-08-22 21:57:09,823] {dag.py:2420} INFO - Sync 1 DAGs
[2022-08-22 21:57:09,842] {logging_mixin.py:115} INFO - [2022-08-22 21:57:09,842] {dag.py:2972} INFO - Setting next_dagrun for example_kubernetes_executor to None, run_after=None
[2022-08-22 21:57:09,851] {processor.py:161} INFO - Processing /home/airflow/.local/lib/python3.7/site-packages/airflow/example_dags/example_kubernetes_executor.py took 0.074 seconds
[2022-08-22 21:57:40,626] {processor.py:153} INFO - Started process (PID=537) to work on /home/airflow/.local/lib/python3.7/site-packages/airflow/example_dags/example_kubernetes_executor.py
[2022-08-22 21:57:40,626] {processor.py:641} INFO - Processing file /home/airflow/.local/lib/python3.7/site-packages/airflow/example_dags/example_kubernetes_executor.py for tasks to queue
[2022-08-22 21:57:40,627] {logging_mixin.py:115} INFO - [2022-08-22 21:57:40,627] {dagbag.py:508} INFO - Filling up the DagBag from /home/airflow/.local/lib/python3.7/site-packages/airflow/example_dags/example_kubernetes_executor.py
[2022-08-22 21:57:40,647] {processor.py:651} INFO - DAG(s) dict_keys(['example_kubernetes_executor']) retrieved from /home/airflow/.local/lib/python3.7/site-packages/airflow/example_dags/example_kubernetes_executor.py
[2022-08-22 21:57:40,673] {logging_mixin.py:115} INFO - [2022-08-22 21:57:40,673] {dag.py:2420} INFO - Sync 1 DAGs
[2022-08-22 21:57:40,694] {logging_mixin.py:115} INFO - [2022-08-22 21:57:40,694] {dag.py:2972} INFO - Setting next_dagrun for example_kubernetes_executor to None, run_after=None
[2022-08-22 21:57:40,706] {processor.py:161} INFO - Processing /home/airflow/.local/lib/python3.7/site-packages/airflow/example_dags/example_kubernetes_executor.py took 0.083 seconds
[2022-08-22 21:58:11,412] {processor.py:153} INFO - Started process (PID=598) to work on /home/airflow/.local/lib/python3.7/site-packages/airflow/example_dags/example_kubernetes_executor.py
[2022-08-22 21:58:11,412] {processor.py:641} INFO - Processing file /home/airflow/.local/lib/python3.7/site-packages/airflow/example_dags/example_kubernetes_executor.py for tasks to queue
[2022-08-22 21:58:11,413] {logging_mixin.py:115} INFO - [2022-08-22 21:58:11,413] {dagbag.py:508} INFO - Filling up the DagBag from /home/airflow/.local/lib/python3.7/site-packages/airflow/example_dags/example_kubernetes_executor.py
[2022-08-22 21:58:11,432] {processor.py:651} INFO - DAG(s) dict_keys(['example_kubernetes_executor']) retrieved from /home/airflow/.local/lib/python3.7/site-packages/airflow/example_dags/example_kubernetes_executor.py
[2022-08-22 21:58:11,456] {logging_mixin.py:115} INFO - [2022-08-22 21:58:11,456] {dag.py:2420} INFO - Sync 1 DAGs
[2022-08-22 21:58:11,476] {logging_mixin.py:115} INFO - [2022-08-22 21:58:11,476] {dag.py:2972} INFO - Setting next_dagrun for example_kubernetes_executor to None, run_after=None
[2022-08-22 21:58:11,486] {processor.py:161} INFO - Processing /home/airflow/.local/lib/python3.7/site-packages/airflow/example_dags/example_kubernetes_executor.py took 0.076 seconds
[2022-08-22 21:58:42,271] {processor.py:153} INFO - Started process (PID=659) to work on /home/airflow/.local/lib/python3.7/site-packages/airflow/example_dags/example_kubernetes_executor.py
[2022-08-22 21:58:42,271] {processor.py:641} INFO - Processing file /home/airflow/.local/lib/python3.7/site-packages/airflow/example_dags/example_kubernetes_executor.py for tasks to queue
[2022-08-22 21:58:42,272] {logging_mixin.py:115} INFO - [2022-08-22 21:58:42,272] {dagbag.py:508} INFO - Filling up the DagBag from /home/airflow/.local/lib/python3.7/site-packages/airflow/example_dags/example_kubernetes_executor.py
[2022-08-22 21:58:42,297] {processor.py:651} INFO - DAG(s) dict_keys(['example_kubernetes_executor']) retrieved from /home/airflow/.local/lib/python3.7/site-packages/airflow/example_dags/example_kubernetes_executor.py
[2022-08-22 21:58:42,322] {logging_mixin.py:115} INFO - [2022-08-22 21:58:42,322] {dag.py:2420} INFO - Sync 1 DAGs
[2022-08-22 21:58:42,343] {logging_mixin.py:115} INFO - [2022-08-22 21:58:42,343] {dag.py:2972} INFO - Setting next_dagrun for example_kubernetes_executor to None, run_after=None
[2022-08-22 21:58:42,353] {processor.py:161} INFO - Processing /home/airflow/.local/lib/python3.7/site-packages/airflow/example_dags/example_kubernetes_executor.py took 0.085 seconds
[2022-08-22 21:59:13,027] {processor.py:153} INFO - Started process (PID=720) to work on /home/airflow/.local/lib/python3.7/site-packages/airflow/example_dags/example_kubernetes_executor.py
[2022-08-22 21:59:13,027] {processor.py:641} INFO - Processing file /home/airflow/.local/lib/python3.7/site-packages/airflow/example_dags/example_kubernetes_executor.py for tasks to queue
[2022-08-22 21:59:13,028] {logging_mixin.py:115} INFO - [2022-08-22 21:59:13,028] {dagbag.py:508} INFO - Filling up the DagBag from /home/airflow/.local/lib/python3.7/site-packages/airflow/example_dags/example_kubernetes_executor.py
[2022-08-22 21:59:13,051] {processor.py:651} INFO - DAG(s) dict_keys(['example_kubernetes_executor']) retrieved from /home/airflow/.local/lib/python3.7/site-packages/airflow/example_dags/example_kubernetes_executor.py
[2022-08-22 21:59:13,078] {logging_mixin.py:115} INFO - [2022-08-22 21:59:13,078] {dag.py:2420} INFO - Sync 1 DAGs
[2022-08-22 21:59:13,102] {logging_mixin.py:115} INFO - [2022-08-22 21:59:13,102] {dag.py:2972} INFO - Setting next_dagrun for example_kubernetes_executor to None, run_after=None
[2022-08-22 21:59:13,118] {processor.py:161} INFO - Processing /home/airflow/.local/lib/python3.7/site-packages/airflow/example_dags/example_kubernetes_executor.py took 0.094 seconds
[2022-08-22 21:59:43,887] {processor.py:153} INFO - Started process (PID=772) to work on /home/airflow/.local/lib/python3.7/site-packages/airflow/example_dags/example_kubernetes_executor.py
[2022-08-22 21:59:43,887] {processor.py:641} INFO - Processing file /home/airflow/.local/lib/python3.7/site-packages/airflow/example_dags/example_kubernetes_executor.py for tasks to queue
[2022-08-22 21:59:43,888] {logging_mixin.py:115} INFO - [2022-08-22 21:59:43,888] {dagbag.py:508} INFO - Filling up the DagBag from /home/airflow/.local/lib/python3.7/site-packages/airflow/example_dags/example_kubernetes_executor.py
[2022-08-22 21:59:43,909] {processor.py:651} INFO - DAG(s) dict_keys(['example_kubernetes_executor']) retrieved from /home/airflow/.local/lib/python3.7/site-packages/airflow/example_dags/example_kubernetes_executor.py
[2022-08-22 21:59:43,931] {logging_mixin.py:115} INFO - [2022-08-22 21:59:43,930] {dag.py:2420} INFO - Sync 1 DAGs
[2022-08-22 21:59:43,951] {logging_mixin.py:115} INFO - [2022-08-22 21:59:43,951] {dag.py:2972} INFO - Setting next_dagrun for example_kubernetes_executor to None, run_after=None
[2022-08-22 21:59:43,962] {processor.py:161} INFO - Processing /home/airflow/.local/lib/python3.7/site-packages/airflow/example_dags/example_kubernetes_executor.py took 0.078 seconds
[2022-08-22 22:00:14,601] {processor.py:153} INFO - Started process (PID=833) to work on /home/airflow/.local/lib/python3.7/site-packages/airflow/example_dags/example_kubernetes_executor.py
[2022-08-22 22:00:14,603] {processor.py:641} INFO - Processing file /home/airflow/.local/lib/python3.7/site-packages/airflow/example_dags/example_kubernetes_executor.py for tasks to queue
[2022-08-22 22:00:14,604] {logging_mixin.py:115} INFO - [2022-08-22 22:00:14,604] {dagbag.py:508} INFO - Filling up the DagBag from /home/airflow/.local/lib/python3.7/site-packages/airflow/example_dags/example_kubernetes_executor.py
[2022-08-22 22:00:14,624] {processor.py:651} INFO - DAG(s) dict_keys(['example_kubernetes_executor']) retrieved from /home/airflow/.local/lib/python3.7/site-packages/airflow/example_dags/example_kubernetes_executor.py
[2022-08-22 22:00:14,647] {logging_mixin.py:115} INFO - [2022-08-22 22:00:14,647] {dag.py:2420} INFO - Sync 1 DAGs
[2022-08-22 22:00:14,664] {logging_mixin.py:115} INFO - [2022-08-22 22:00:14,664] {dag.py:2972} INFO - Setting next_dagrun for example_kubernetes_executor to None, run_after=None
[2022-08-22 22:00:14,676] {processor.py:161} INFO - Processing /home/airflow/.local/lib/python3.7/site-packages/airflow/example_dags/example_kubernetes_executor.py took 0.078 seconds
[2022-08-22 22:00:45,450] {processor.py:153} INFO - Started process (PID=894) to work on /home/airflow/.local/lib/python3.7/site-packages/airflow/example_dags/example_kubernetes_executor.py
[2022-08-22 22:00:45,450] {processor.py:641} INFO - Processing file /home/airflow/.local/lib/python3.7/site-packages/airflow/example_dags/example_kubernetes_executor.py for tasks to queue
[2022-08-22 22:00:45,451] {logging_mixin.py:115} INFO - [2022-08-22 22:00:45,451] {dagbag.py:508} INFO - Filling up the DagBag from /home/airflow/.local/lib/python3.7/site-packages/airflow/example_dags/example_kubernetes_executor.py
[2022-08-22 22:00:45,470] {processor.py:651} INFO - DAG(s) dict_keys(['example_kubernetes_executor']) retrieved from /home/airflow/.local/lib/python3.7/site-packages/airflow/example_dags/example_kubernetes_executor.py
[2022-08-22 22:00:45,493] {logging_mixin.py:115} INFO - [2022-08-22 22:00:45,493] {dag.py:2420} INFO - Sync 1 DAGs
[2022-08-22 22:00:45,514] {logging_mixin.py:115} INFO - [2022-08-22 22:00:45,514] {dag.py:2972} INFO - Setting next_dagrun for example_kubernetes_executor to None, run_after=None
[2022-08-22 22:00:45,525] {processor.py:161} INFO - Processing /home/airflow/.local/lib/python3.7/site-packages/airflow/example_dags/example_kubernetes_executor.py took 0.078 seconds
[2022-08-22 22:01:16,187] {processor.py:153} INFO - Started process (PID=946) to work on /home/airflow/.local/lib/python3.7/site-packages/airflow/example_dags/example_kubernetes_executor.py
[2022-08-22 22:01:16,187] {processor.py:641} INFO - Processing file /home/airflow/.local/lib/python3.7/site-packages/airflow/example_dags/example_kubernetes_executor.py for tasks to queue
[2022-08-22 22:01:16,188] {logging_mixin.py:115} INFO - [2022-08-22 22:01:16,188] {dagbag.py:508} INFO - Filling up the DagBag from /home/airflow/.local/lib/python3.7/site-packages/airflow/example_dags/example_kubernetes_executor.py
[2022-08-22 22:01:16,208] {processor.py:651} INFO - DAG(s) dict_keys(['example_kubernetes_executor']) retrieved from /home/airflow/.local/lib/python3.7/site-packages/airflow/example_dags/example_kubernetes_executor.py
[2022-08-22 22:01:16,232] {logging_mixin.py:115} INFO - [2022-08-22 22:01:16,232] {dag.py:2420} INFO - Sync 1 DAGs
[2022-08-22 22:01:16,253] {logging_mixin.py:115} INFO - [2022-08-22 22:01:16,253] {dag.py:2972} INFO - Setting next_dagrun for example_kubernetes_executor to None, run_after=None
[2022-08-22 22:01:16,264] {processor.py:161} INFO - Processing /home/airflow/.local/lib/python3.7/site-packages/airflow/example_dags/example_kubernetes_executor.py took 0.080 seconds
[2022-08-22 22:01:47,113] {processor.py:153} INFO - Started process (PID=1007) to work on /home/airflow/.local/lib/python3.7/site-packages/airflow/example_dags/example_kubernetes_executor.py
[2022-08-22 22:01:47,113] {processor.py:641} INFO - Processing file /home/airflow/.local/lib/python3.7/site-packages/airflow/example_dags/example_kubernetes_executor.py for tasks to queue
[2022-08-22 22:01:47,113] {logging_mixin.py:115} INFO - [2022-08-22 22:01:47,113] {dagbag.py:508} INFO - Filling up the DagBag from /home/airflow/.local/lib/python3.7/site-packages/airflow/example_dags/example_kubernetes_executor.py
[2022-08-22 22:01:47,133] {processor.py:651} INFO - DAG(s) dict_keys(['example_kubernetes_executor']) retrieved from /home/airflow/.local/lib/python3.7/site-packages/airflow/example_dags/example_kubernetes_executor.py
[2022-08-22 22:01:47,158] {logging_mixin.py:115} INFO - [2022-08-22 22:01:47,158] {dag.py:2420} INFO - Sync 1 DAGs
[2022-08-22 22:01:47,177] {logging_mixin.py:115} INFO - [2022-08-22 22:01:47,177] {dag.py:2972} INFO - Setting next_dagrun for example_kubernetes_executor to None, run_after=None
[2022-08-22 22:01:47,189] {processor.py:161} INFO - Processing /home/airflow/.local/lib/python3.7/site-packages/airflow/example_dags/example_kubernetes_executor.py took 0.079 seconds
[2022-08-22 22:02:17,991] {processor.py:153} INFO - Started process (PID=1068) to work on /home/airflow/.local/lib/python3.7/site-packages/airflow/example_dags/example_kubernetes_executor.py
[2022-08-22 22:02:17,991] {processor.py:641} INFO - Processing file /home/airflow/.local/lib/python3.7/site-packages/airflow/example_dags/example_kubernetes_executor.py for tasks to queue
[2022-08-22 22:02:17,992] {logging_mixin.py:115} INFO - [2022-08-22 22:02:17,992] {dagbag.py:508} INFO - Filling up the DagBag from /home/airflow/.local/lib/python3.7/site-packages/airflow/example_dags/example_kubernetes_executor.py
[2022-08-22 22:02:18,013] {processor.py:651} INFO - DAG(s) dict_keys(['example_kubernetes_executor']) retrieved from /home/airflow/.local/lib/python3.7/site-packages/airflow/example_dags/example_kubernetes_executor.py
[2022-08-22 22:02:18,037] {logging_mixin.py:115} INFO - [2022-08-22 22:02:18,037] {dag.py:2420} INFO - Sync 1 DAGs
[2022-08-22 22:02:18,056] {logging_mixin.py:115} INFO - [2022-08-22 22:02:18,056] {dag.py:2972} INFO - Setting next_dagrun for example_kubernetes_executor to None, run_after=None
[2022-08-22 22:02:18,067] {processor.py:161} INFO - Processing /home/airflow/.local/lib/python3.7/site-packages/airflow/example_dags/example_kubernetes_executor.py took 0.079 seconds
[2022-08-22 22:02:48,769] {processor.py:153} INFO - Started process (PID=1120) to work on /home/airflow/.local/lib/python3.7/site-packages/airflow/example_dags/example_kubernetes_executor.py
[2022-08-22 22:02:48,770] {processor.py:641} INFO - Processing file /home/airflow/.local/lib/python3.7/site-packages/airflow/example_dags/example_kubernetes_executor.py for tasks to queue
[2022-08-22 22:02:48,771] {logging_mixin.py:115} INFO - [2022-08-22 22:02:48,771] {dagbag.py:508} INFO - Filling up the DagBag from /home/airflow/.local/lib/python3.7/site-packages/airflow/example_dags/example_kubernetes_executor.py
[2022-08-22 22:02:48,790] {processor.py:651} INFO - DAG(s) dict_keys(['example_kubernetes_executor']) retrieved from /home/airflow/.local/lib/python3.7/site-packages/airflow/example_dags/example_kubernetes_executor.py
[2022-08-22 22:02:48,838] {logging_mixin.py:115} INFO - [2022-08-22 22:02:48,838] {dag.py:2420} INFO - Sync 1 DAGs
[2022-08-22 22:02:48,859] {logging_mixin.py:115} INFO - [2022-08-22 22:02:48,859] {dag.py:2972} INFO - Setting next_dagrun for example_kubernetes_executor to None, run_after=None
[2022-08-22 22:02:48,871] {processor.py:161} INFO - Processing /home/airflow/.local/lib/python3.7/site-packages/airflow/example_dags/example_kubernetes_executor.py took 0.106 seconds
[2022-08-22 22:03:19,816] {processor.py:153} INFO - Started process (PID=1181) to work on /home/airflow/.local/lib/python3.7/site-packages/airflow/example_dags/example_kubernetes_executor.py
[2022-08-22 22:03:19,817] {processor.py:641} INFO - Processing file /home/airflow/.local/lib/python3.7/site-packages/airflow/example_dags/example_kubernetes_executor.py for tasks to queue
[2022-08-22 22:03:19,817] {logging_mixin.py:115} INFO - [2022-08-22 22:03:19,817] {dagbag.py:508} INFO - Filling up the DagBag from /home/airflow/.local/lib/python3.7/site-packages/airflow/example_dags/example_kubernetes_executor.py
[2022-08-22 22:03:19,838] {processor.py:651} INFO - DAG(s) dict_keys(['example_kubernetes_executor']) retrieved from /home/airflow/.local/lib/python3.7/site-packages/airflow/example_dags/example_kubernetes_executor.py
[2022-08-22 22:03:19,865] {logging_mixin.py:115} INFO - [2022-08-22 22:03:19,865] {dag.py:2420} INFO - Sync 1 DAGs
[2022-08-22 22:03:19,889] {logging_mixin.py:115} INFO - [2022-08-22 22:03:19,889] {dag.py:2972} INFO - Setting next_dagrun for example_kubernetes_executor to None, run_after=None
[2022-08-22 22:03:19,902] {processor.py:161} INFO - Processing /home/airflow/.local/lib/python3.7/site-packages/airflow/example_dags/example_kubernetes_executor.py took 0.089 seconds
[2022-08-22 22:03:50,605] {processor.py:153} INFO - Started process (PID=1242) to work on /home/airflow/.local/lib/python3.7/site-packages/airflow/example_dags/example_kubernetes_executor.py
[2022-08-22 22:03:50,606] {processor.py:641} INFO - Processing file /home/airflow/.local/lib/python3.7/site-packages/airflow/example_dags/example_kubernetes_executor.py for tasks to queue
[2022-08-22 22:03:50,606] {logging_mixin.py:115} INFO - [2022-08-22 22:03:50,606] {dagbag.py:508} INFO - Filling up the DagBag from /home/airflow/.local/lib/python3.7/site-packages/airflow/example_dags/example_kubernetes_executor.py
[2022-08-22 22:03:50,634] {processor.py:651} INFO - DAG(s) dict_keys(['example_kubernetes_executor']) retrieved from /home/airflow/.local/lib/python3.7/site-packages/airflow/example_dags/example_kubernetes_executor.py
[2022-08-22 22:03:50,658] {logging_mixin.py:115} INFO - [2022-08-22 22:03:50,658] {dag.py:2420} INFO - Sync 1 DAGs
[2022-08-22 22:03:50,677] {logging_mixin.py:115} INFO - [2022-08-22 22:03:50,677] {dag.py:2972} INFO - Setting next_dagrun for example_kubernetes_executor to None, run_after=None
[2022-08-22 22:03:50,689] {processor.py:161} INFO - Processing /home/airflow/.local/lib/python3.7/site-packages/airflow/example_dags/example_kubernetes_executor.py took 0.086 seconds
[2022-08-22 22:04:21,329] {processor.py:153} INFO - Started process (PID=1303) to work on /home/airflow/.local/lib/python3.7/site-packages/airflow/example_dags/example_kubernetes_executor.py
[2022-08-22 22:04:21,330] {processor.py:641} INFO - Processing file /home/airflow/.local/lib/python3.7/site-packages/airflow/example_dags/example_kubernetes_executor.py for tasks to queue
[2022-08-22 22:04:21,330] {logging_mixin.py:115} INFO - [2022-08-22 22:04:21,330] {dagbag.py:508} INFO - Filling up the DagBag from /home/airflow/.local/lib/python3.7/site-packages/airflow/example_dags/example_kubernetes_executor.py
[2022-08-22 22:04:21,348] {processor.py:651} INFO - DAG(s) dict_keys(['example_kubernetes_executor']) retrieved from /home/airflow/.local/lib/python3.7/site-packages/airflow/example_dags/example_kubernetes_executor.py
[2022-08-22 22:04:21,368] {logging_mixin.py:115} INFO - [2022-08-22 22:04:21,368] {dag.py:2420} INFO - Sync 1 DAGs
[2022-08-22 22:04:21,387] {logging_mixin.py:115} INFO - [2022-08-22 22:04:21,387] {dag.py:2972} INFO - Setting next_dagrun for example_kubernetes_executor to None, run_after=None
[2022-08-22 22:04:21,401] {processor.py:161} INFO - Processing /home/airflow/.local/lib/python3.7/site-packages/airflow/example_dags/example_kubernetes_executor.py took 0.073 seconds
[2022-08-22 22:04:51,858] {processor.py:153} INFO - Started process (PID=1355) to work on /home/airflow/.local/lib/python3.7/site-packages/airflow/example_dags/example_kubernetes_executor.py
[2022-08-22 22:04:51,859] {processor.py:641} INFO - Processing file /home/airflow/.local/lib/python3.7/site-packages/airflow/example_dags/example_kubernetes_executor.py for tasks to queue
[2022-08-22 22:04:51,860] {logging_mixin.py:115} INFO - [2022-08-22 22:04:51,859] {dagbag.py:508} INFO - Filling up the DagBag from /home/airflow/.local/lib/python3.7/site-packages/airflow/example_dags/example_kubernetes_executor.py
[2022-08-22 22:04:51,893] {processor.py:651} INFO - DAG(s) dict_keys(['example_kubernetes_executor']) retrieved from /home/airflow/.local/lib/python3.7/site-packages/airflow/example_dags/example_kubernetes_executor.py
[2022-08-22 22:04:51,913] {logging_mixin.py:115} INFO - [2022-08-22 22:04:51,913] {dag.py:2420} INFO - Sync 1 DAGs
[2022-08-22 22:04:51,931] {logging_mixin.py:115} INFO - [2022-08-22 22:04:51,931] {dag.py:2972} INFO - Setting next_dagrun for example_kubernetes_executor to None, run_after=None
[2022-08-22 22:04:51,944] {processor.py:161} INFO - Processing /home/airflow/.local/lib/python3.7/site-packages/airflow/example_dags/example_kubernetes_executor.py took 0.089 seconds
[2022-08-22 22:05:22,408] {processor.py:153} INFO - Started process (PID=1416) to work on /home/airflow/.local/lib/python3.7/site-packages/airflow/example_dags/example_kubernetes_executor.py
[2022-08-22 22:05:22,408] {processor.py:641} INFO - Processing file /home/airflow/.local/lib/python3.7/site-packages/airflow/example_dags/example_kubernetes_executor.py for tasks to queue
[2022-08-22 22:05:22,409] {logging_mixin.py:115} INFO - [2022-08-22 22:05:22,409] {dagbag.py:508} INFO - Filling up the DagBag from /home/airflow/.local/lib/python3.7/site-packages/airflow/example_dags/example_kubernetes_executor.py
[2022-08-22 22:05:22,429] {processor.py:651} INFO - DAG(s) dict_keys(['example_kubernetes_executor']) retrieved from /home/airflow/.local/lib/python3.7/site-packages/airflow/example_dags/example_kubernetes_executor.py
[2022-08-22 22:05:22,459] {logging_mixin.py:115} INFO - [2022-08-22 22:05:22,459] {dag.py:2420} INFO - Sync 1 DAGs
[2022-08-22 22:05:22,487] {logging_mixin.py:115} INFO - [2022-08-22 22:05:22,487] {dag.py:2972} INFO - Setting next_dagrun for example_kubernetes_executor to None, run_after=None
[2022-08-22 22:05:22,504] {processor.py:161} INFO - Processing /home/airflow/.local/lib/python3.7/site-packages/airflow/example_dags/example_kubernetes_executor.py took 0.099 seconds
[2022-08-22 22:05:53,181] {processor.py:153} INFO - Started process (PID=1477) to work on /home/airflow/.local/lib/python3.7/site-packages/airflow/example_dags/example_kubernetes_executor.py
[2022-08-22 22:05:53,181] {processor.py:641} INFO - Processing file /home/airflow/.local/lib/python3.7/site-packages/airflow/example_dags/example_kubernetes_executor.py for tasks to queue
[2022-08-22 22:05:53,181] {logging_mixin.py:115} INFO - [2022-08-22 22:05:53,181] {dagbag.py:508} INFO - Filling up the DagBag from /home/airflow/.local/lib/python3.7/site-packages/airflow/example_dags/example_kubernetes_executor.py
[2022-08-22 22:05:53,197] {processor.py:651} INFO - DAG(s) dict_keys(['example_kubernetes_executor']) retrieved from /home/airflow/.local/lib/python3.7/site-packages/airflow/example_dags/example_kubernetes_executor.py
[2022-08-22 22:05:53,218] {logging_mixin.py:115} INFO - [2022-08-22 22:05:53,218] {dag.py:2420} INFO - Sync 1 DAGs
[2022-08-22 22:05:53,236] {logging_mixin.py:115} INFO - [2022-08-22 22:05:53,236] {dag.py:2972} INFO - Setting next_dagrun for example_kubernetes_executor to None, run_after=None
[2022-08-22 22:05:53,247] {processor.py:161} INFO - Processing /home/airflow/.local/lib/python3.7/site-packages/airflow/example_dags/example_kubernetes_executor.py took 0.068 seconds
[2022-08-22 22:06:23,809] {processor.py:153} INFO - Started process (PID=1538) to work on /home/airflow/.local/lib/python3.7/site-packages/airflow/example_dags/example_kubernetes_executor.py
[2022-08-22 22:06:23,810] {processor.py:641} INFO - Processing file /home/airflow/.local/lib/python3.7/site-packages/airflow/example_dags/example_kubernetes_executor.py for tasks to queue
[2022-08-22 22:06:23,810] {logging_mixin.py:115} INFO - [2022-08-22 22:06:23,810] {dagbag.py:508} INFO - Filling up the DagBag from /home/airflow/.local/lib/python3.7/site-packages/airflow/example_dags/example_kubernetes_executor.py
[2022-08-22 22:06:23,829] {processor.py:651} INFO - DAG(s) dict_keys(['example_kubernetes_executor']) retrieved from /home/airflow/.local/lib/python3.7/site-packages/airflow/example_dags/example_kubernetes_executor.py
[2022-08-22 22:06:23,855] {logging_mixin.py:115} INFO - [2022-08-22 22:06:23,855] {dag.py:2420} INFO - Sync 1 DAGs
[2022-08-22 22:06:23,878] {logging_mixin.py:115} INFO - [2022-08-22 22:06:23,878] {dag.py:2972} INFO - Setting next_dagrun for example_kubernetes_executor to None, run_after=None
[2022-08-22 22:06:23,890] {processor.py:161} INFO - Processing /home/airflow/.local/lib/python3.7/site-packages/airflow/example_dags/example_kubernetes_executor.py took 0.083 seconds
[2022-08-22 22:06:54,474] {processor.py:153} INFO - Started process (PID=1590) to work on /home/airflow/.local/lib/python3.7/site-packages/airflow/example_dags/example_kubernetes_executor.py
[2022-08-22 22:06:54,474] {processor.py:641} INFO - Processing file /home/airflow/.local/lib/python3.7/site-packages/airflow/example_dags/example_kubernetes_executor.py for tasks to queue
[2022-08-22 22:06:54,475] {logging_mixin.py:115} INFO - [2022-08-22 22:06:54,475] {dagbag.py:508} INFO - Filling up the DagBag from /home/airflow/.local/lib/python3.7/site-packages/airflow/example_dags/example_kubernetes_executor.py
[2022-08-22 22:06:54,491] {processor.py:651} INFO - DAG(s) dict_keys(['example_kubernetes_executor']) retrieved from /home/airflow/.local/lib/python3.7/site-packages/airflow/example_dags/example_kubernetes_executor.py
[2022-08-22 22:06:54,514] {logging_mixin.py:115} INFO - [2022-08-22 22:06:54,514] {dag.py:2420} INFO - Sync 1 DAGs
[2022-08-22 22:06:54,533] {logging_mixin.py:115} INFO - [2022-08-22 22:06:54,533] {dag.py:2972} INFO - Setting next_dagrun for example_kubernetes_executor to None, run_after=None
[2022-08-22 22:06:54,545] {processor.py:161} INFO - Processing /home/airflow/.local/lib/python3.7/site-packages/airflow/example_dags/example_kubernetes_executor.py took 0.073 seconds
[2022-08-22 22:07:25,073] {processor.py:153} INFO - Started process (PID=1651) to work on /home/airflow/.local/lib/python3.7/site-packages/airflow/example_dags/example_kubernetes_executor.py
[2022-08-22 22:07:25,074] {processor.py:641} INFO - Processing file /home/airflow/.local/lib/python3.7/site-packages/airflow/example_dags/example_kubernetes_executor.py for tasks to queue
[2022-08-22 22:07:25,074] {logging_mixin.py:115} INFO - [2022-08-22 22:07:25,074] {dagbag.py:508} INFO - Filling up the DagBag from /home/airflow/.local/lib/python3.7/site-packages/airflow/example_dags/example_kubernetes_executor.py
[2022-08-22 22:07:25,091] {processor.py:651} INFO - DAG(s) dict_keys(['example_kubernetes_executor']) retrieved from /home/airflow/.local/lib/python3.7/site-packages/airflow/example_dags/example_kubernetes_executor.py
[2022-08-22 22:07:25,112] {logging_mixin.py:115} INFO - [2022-08-22 22:07:25,112] {dag.py:2420} INFO - Sync 1 DAGs
[2022-08-22 22:07:25,130] {logging_mixin.py:115} INFO - [2022-08-22 22:07:25,130] {dag.py:2972} INFO - Setting next_dagrun for example_kubernetes_executor to None, run_after=None
[2022-08-22 22:07:25,140] {processor.py:161} INFO - Processing /home/airflow/.local/lib/python3.7/site-packages/airflow/example_dags/example_kubernetes_executor.py took 0.069 seconds
[2022-08-22 22:07:55,843] {processor.py:153} INFO - Started process (PID=1712) to work on /home/airflow/.local/lib/python3.7/site-packages/airflow/example_dags/example_kubernetes_executor.py
[2022-08-22 22:07:55,844] {processor.py:641} INFO - Processing file /home/airflow/.local/lib/python3.7/site-packages/airflow/example_dags/example_kubernetes_executor.py for tasks to queue
[2022-08-22 22:07:55,844] {logging_mixin.py:115} INFO - [2022-08-22 22:07:55,844] {dagbag.py:508} INFO - Filling up the DagBag from /home/airflow/.local/lib/python3.7/site-packages/airflow/example_dags/example_kubernetes_executor.py
[2022-08-22 22:07:55,863] {processor.py:651} INFO - DAG(s) dict_keys(['example_kubernetes_executor']) retrieved from /home/airflow/.local/lib/python3.7/site-packages/airflow/example_dags/example_kubernetes_executor.py
[2022-08-22 22:07:55,883] {logging_mixin.py:115} INFO - [2022-08-22 22:07:55,883] {dag.py:2420} INFO - Sync 1 DAGs
[2022-08-22 22:07:55,902] {logging_mixin.py:115} INFO - [2022-08-22 22:07:55,902] {dag.py:2972} INFO - Setting next_dagrun for example_kubernetes_executor to None, run_after=None
[2022-08-22 22:07:55,913] {processor.py:161} INFO - Processing /home/airflow/.local/lib/python3.7/site-packages/airflow/example_dags/example_kubernetes_executor.py took 0.072 seconds
[2022-08-22 22:08:26,373] {processor.py:153} INFO - Started process (PID=1764) to work on /home/airflow/.local/lib/python3.7/site-packages/airflow/example_dags/example_kubernetes_executor.py
[2022-08-22 22:08:26,373] {processor.py:641} INFO - Processing file /home/airflow/.local/lib/python3.7/site-packages/airflow/example_dags/example_kubernetes_executor.py for tasks to queue
[2022-08-22 22:08:26,374] {logging_mixin.py:115} INFO - [2022-08-22 22:08:26,374] {dagbag.py:508} INFO - Filling up the DagBag from /home/airflow/.local/lib/python3.7/site-packages/airflow/example_dags/example_kubernetes_executor.py
[2022-08-22 22:08:26,391] {processor.py:651} INFO - DAG(s) dict_keys(['example_kubernetes_executor']) retrieved from /home/airflow/.local/lib/python3.7/site-packages/airflow/example_dags/example_kubernetes_executor.py
[2022-08-22 22:08:26,413] {logging_mixin.py:115} INFO - [2022-08-22 22:08:26,413] {dag.py:2420} INFO - Sync 1 DAGs
[2022-08-22 22:08:26,431] {logging_mixin.py:115} INFO - [2022-08-22 22:08:26,431] {dag.py:2972} INFO - Setting next_dagrun for example_kubernetes_executor to None, run_after=None
[2022-08-22 22:08:26,441] {processor.py:161} INFO - Processing /home/airflow/.local/lib/python3.7/site-packages/airflow/example_dags/example_kubernetes_executor.py took 0.070 seconds
[2022-08-22 22:08:57,248] {processor.py:153} INFO - Started process (PID=1825) to work on /home/airflow/.local/lib/python3.7/site-packages/airflow/example_dags/example_kubernetes_executor.py
[2022-08-22 22:08:57,248] {processor.py:641} INFO - Processing file /home/airflow/.local/lib/python3.7/site-packages/airflow/example_dags/example_kubernetes_executor.py for tasks to queue
[2022-08-22 22:08:57,249] {logging_mixin.py:115} INFO - [2022-08-22 22:08:57,249] {dagbag.py:508} INFO - Filling up the DagBag from /home/airflow/.local/lib/python3.7/site-packages/airflow/example_dags/example_kubernetes_executor.py
[2022-08-22 22:08:57,266] {processor.py:651} INFO - DAG(s) dict_keys(['example_kubernetes_executor']) retrieved from /home/airflow/.local/lib/python3.7/site-packages/airflow/example_dags/example_kubernetes_executor.py
[2022-08-22 22:08:57,286] {logging_mixin.py:115} INFO - [2022-08-22 22:08:57,286] {dag.py:2420} INFO - Sync 1 DAGs
[2022-08-22 22:08:57,304] {logging_mixin.py:115} INFO - [2022-08-22 22:08:57,304] {dag.py:2972} INFO - Setting next_dagrun for example_kubernetes_executor to None, run_after=None
[2022-08-22 22:08:57,316] {processor.py:161} INFO - Processing /home/airflow/.local/lib/python3.7/site-packages/airflow/example_dags/example_kubernetes_executor.py took 0.071 seconds
[2022-08-22 22:09:27,828] {processor.py:153} INFO - Started process (PID=1886) to work on /home/airflow/.local/lib/python3.7/site-packages/airflow/example_dags/example_kubernetes_executor.py
[2022-08-22 22:09:27,829] {processor.py:641} INFO - Processing file /home/airflow/.local/lib/python3.7/site-packages/airflow/example_dags/example_kubernetes_executor.py for tasks to queue
[2022-08-22 22:09:27,829] {logging_mixin.py:115} INFO - [2022-08-22 22:09:27,829] {dagbag.py:508} INFO - Filling up the DagBag from /home/airflow/.local/lib/python3.7/site-packages/airflow/example_dags/example_kubernetes_executor.py
[2022-08-22 22:09:27,862] {processor.py:651} INFO - DAG(s) dict_keys(['example_kubernetes_executor']) retrieved from /home/airflow/.local/lib/python3.7/site-packages/airflow/example_dags/example_kubernetes_executor.py
[2022-08-22 22:09:27,884] {logging_mixin.py:115} INFO - [2022-08-22 22:09:27,884] {dag.py:2420} INFO - Sync 1 DAGs
[2022-08-22 22:09:27,907] {logging_mixin.py:115} INFO - [2022-08-22 22:09:27,907] {dag.py:2972} INFO - Setting next_dagrun for example_kubernetes_executor to None, run_after=None
[2022-08-22 22:09:27,918] {processor.py:161} INFO - Processing /home/airflow/.local/lib/python3.7/site-packages/airflow/example_dags/example_kubernetes_executor.py took 0.094 seconds
[2022-08-22 22:09:58,505] {processor.py:153} INFO - Started process (PID=1947) to work on /home/airflow/.local/lib/python3.7/site-packages/airflow/example_dags/example_kubernetes_executor.py
[2022-08-22 22:09:58,506] {processor.py:641} INFO - Processing file /home/airflow/.local/lib/python3.7/site-packages/airflow/example_dags/example_kubernetes_executor.py for tasks to queue
[2022-08-22 22:09:58,506] {logging_mixin.py:115} INFO - [2022-08-22 22:09:58,506] {dagbag.py:508} INFO - Filling up the DagBag from /home/airflow/.local/lib/python3.7/site-packages/airflow/example_dags/example_kubernetes_executor.py
[2022-08-22 22:09:58,538] {processor.py:651} INFO - DAG(s) dict_keys(['example_kubernetes_executor']) retrieved from /home/airflow/.local/lib/python3.7/site-packages/airflow/example_dags/example_kubernetes_executor.py
[2022-08-22 22:09:58,560] {logging_mixin.py:115} INFO - [2022-08-22 22:09:58,560] {dag.py:2420} INFO - Sync 1 DAGs
[2022-08-22 22:09:58,585] {logging_mixin.py:115} INFO - [2022-08-22 22:09:58,585] {dag.py:2972} INFO - Setting next_dagrun for example_kubernetes_executor to None, run_after=None
[2022-08-22 22:09:58,597] {processor.py:161} INFO - Processing /home/airflow/.local/lib/python3.7/site-packages/airflow/example_dags/example_kubernetes_executor.py took 0.095 seconds
[2022-08-22 22:10:29,237] {processor.py:153} INFO - Started process (PID=1999) to work on /home/airflow/.local/lib/python3.7/site-packages/airflow/example_dags/example_kubernetes_executor.py
[2022-08-22 22:10:29,238] {processor.py:641} INFO - Processing file /home/airflow/.local/lib/python3.7/site-packages/airflow/example_dags/example_kubernetes_executor.py for tasks to queue
[2022-08-22 22:10:29,239] {logging_mixin.py:115} INFO - [2022-08-22 22:10:29,239] {dagbag.py:508} INFO - Filling up the DagBag from /home/airflow/.local/lib/python3.7/site-packages/airflow/example_dags/example_kubernetes_executor.py
[2022-08-22 22:10:29,276] {processor.py:651} INFO - DAG(s) dict_keys(['example_kubernetes_executor']) retrieved from /home/airflow/.local/lib/python3.7/site-packages/airflow/example_dags/example_kubernetes_executor.py
[2022-08-22 22:10:29,301] {logging_mixin.py:115} INFO - [2022-08-22 22:10:29,301] {dag.py:2420} INFO - Sync 1 DAGs
[2022-08-22 22:10:29,325] {logging_mixin.py:115} INFO - [2022-08-22 22:10:29,325] {dag.py:2972} INFO - Setting next_dagrun for example_kubernetes_executor to None, run_after=None
[2022-08-22 22:10:29,337] {processor.py:161} INFO - Processing /home/airflow/.local/lib/python3.7/site-packages/airflow/example_dags/example_kubernetes_executor.py took 0.103 seconds
[2022-08-22 22:10:59,898] {processor.py:153} INFO - Started process (PID=2060) to work on /home/airflow/.local/lib/python3.7/site-packages/airflow/example_dags/example_kubernetes_executor.py
[2022-08-22 22:10:59,898] {processor.py:641} INFO - Processing file /home/airflow/.local/lib/python3.7/site-packages/airflow/example_dags/example_kubernetes_executor.py for tasks to queue
[2022-08-22 22:10:59,899] {logging_mixin.py:115} INFO - [2022-08-22 22:10:59,899] {dagbag.py:508} INFO - Filling up the DagBag from /home/airflow/.local/lib/python3.7/site-packages/airflow/example_dags/example_kubernetes_executor.py
[2022-08-22 22:10:59,941] {processor.py:651} INFO - DAG(s) dict_keys(['example_kubernetes_executor']) retrieved from /home/airflow/.local/lib/python3.7/site-packages/airflow/example_dags/example_kubernetes_executor.py
[2022-08-22 22:10:59,963] {logging_mixin.py:115} INFO - [2022-08-22 22:10:59,963] {dag.py:2420} INFO - Sync 1 DAGs
[2022-08-22 22:10:59,981] {logging_mixin.py:115} INFO - [2022-08-22 22:10:59,981] {dag.py:2972} INFO - Setting next_dagrun for example_kubernetes_executor to None, run_after=None
[2022-08-22 22:10:59,993] {processor.py:161} INFO - Processing /home/airflow/.local/lib/python3.7/site-packages/airflow/example_dags/example_kubernetes_executor.py took 0.099 seconds
[2022-08-22 22:11:30,473] {processor.py:153} INFO - Started process (PID=2120) to work on /home/airflow/.local/lib/python3.7/site-packages/airflow/example_dags/example_kubernetes_executor.py
[2022-08-22 22:11:30,473] {processor.py:641} INFO - Processing file /home/airflow/.local/lib/python3.7/site-packages/airflow/example_dags/example_kubernetes_executor.py for tasks to queue
[2022-08-22 22:11:30,474] {logging_mixin.py:115} INFO - [2022-08-22 22:11:30,474] {dagbag.py:508} INFO - Filling up the DagBag from /home/airflow/.local/lib/python3.7/site-packages/airflow/example_dags/example_kubernetes_executor.py
[2022-08-22 22:11:30,491] {processor.py:651} INFO - DAG(s) dict_keys(['example_kubernetes_executor']) retrieved from /home/airflow/.local/lib/python3.7/site-packages/airflow/example_dags/example_kubernetes_executor.py
[2022-08-22 22:11:30,514] {logging_mixin.py:115} INFO - [2022-08-22 22:11:30,513] {dag.py:2420} INFO - Sync 1 DAGs
[2022-08-22 22:11:30,534] {logging_mixin.py:115} INFO - [2022-08-22 22:11:30,534] {dag.py:2972} INFO - Setting next_dagrun for example_kubernetes_executor to None, run_after=None
[2022-08-22 22:11:30,545] {processor.py:161} INFO - Processing /home/airflow/.local/lib/python3.7/site-packages/airflow/example_dags/example_kubernetes_executor.py took 0.074 seconds
[2022-08-22 22:12:01,032] {processor.py:153} INFO - Started process (PID=2181) to work on /home/airflow/.local/lib/python3.7/site-packages/airflow/example_dags/example_kubernetes_executor.py
[2022-08-22 22:12:01,032] {processor.py:641} INFO - Processing file /home/airflow/.local/lib/python3.7/site-packages/airflow/example_dags/example_kubernetes_executor.py for tasks to queue
[2022-08-22 22:12:01,033] {logging_mixin.py:115} INFO - [2022-08-22 22:12:01,033] {dagbag.py:508} INFO - Filling up the DagBag from /home/airflow/.local/lib/python3.7/site-packages/airflow/example_dags/example_kubernetes_executor.py
[2022-08-22 22:12:01,050] {processor.py:651} INFO - DAG(s) dict_keys(['example_kubernetes_executor']) retrieved from /home/airflow/.local/lib/python3.7/site-packages/airflow/example_dags/example_kubernetes_executor.py
[2022-08-22 22:12:01,081] {logging_mixin.py:115} INFO - [2022-08-22 22:12:01,081] {dag.py:2420} INFO - Sync 1 DAGs
[2022-08-22 22:12:01,100] {logging_mixin.py:115} INFO - [2022-08-22 22:12:01,100] {dag.py:2972} INFO - Setting next_dagrun for example_kubernetes_executor to None, run_after=None
[2022-08-22 22:12:01,110] {processor.py:161} INFO - Processing /home/airflow/.local/lib/python3.7/site-packages/airflow/example_dags/example_kubernetes_executor.py took 0.080 seconds
[2022-08-22 22:12:31,576] {processor.py:153} INFO - Started process (PID=2233) to work on /home/airflow/.local/lib/python3.7/site-packages/airflow/example_dags/example_kubernetes_executor.py
[2022-08-22 22:12:31,577] {processor.py:641} INFO - Processing file /home/airflow/.local/lib/python3.7/site-packages/airflow/example_dags/example_kubernetes_executor.py for tasks to queue
[2022-08-22 22:12:31,578] {logging_mixin.py:115} INFO - [2022-08-22 22:12:31,577] {dagbag.py:508} INFO - Filling up the DagBag from /home/airflow/.local/lib/python3.7/site-packages/airflow/example_dags/example_kubernetes_executor.py
[2022-08-22 22:12:31,612] {processor.py:651} INFO - DAG(s) dict_keys(['example_kubernetes_executor']) retrieved from /home/airflow/.local/lib/python3.7/site-packages/airflow/example_dags/example_kubernetes_executor.py
[2022-08-22 22:12:31,634] {logging_mixin.py:115} INFO - [2022-08-22 22:12:31,634] {dag.py:2420} INFO - Sync 1 DAGs
[2022-08-22 22:12:31,652] {logging_mixin.py:115} INFO - [2022-08-22 22:12:31,652] {dag.py:2972} INFO - Setting next_dagrun for example_kubernetes_executor to None, run_after=None
[2022-08-22 22:12:31,664] {processor.py:161} INFO - Processing /home/airflow/.local/lib/python3.7/site-packages/airflow/example_dags/example_kubernetes_executor.py took 0.092 seconds
[2022-08-22 22:13:02,213] {processor.py:153} INFO - Started process (PID=2294) to work on /home/airflow/.local/lib/python3.7/site-packages/airflow/example_dags/example_kubernetes_executor.py
[2022-08-22 22:13:02,213] {processor.py:641} INFO - Processing file /home/airflow/.local/lib/python3.7/site-packages/airflow/example_dags/example_kubernetes_executor.py for tasks to queue
[2022-08-22 22:13:02,214] {logging_mixin.py:115} INFO - [2022-08-22 22:13:02,214] {dagbag.py:508} INFO - Filling up the DagBag from /home/airflow/.local/lib/python3.7/site-packages/airflow/example_dags/example_kubernetes_executor.py
[2022-08-22 22:13:02,231] {processor.py:651} INFO - DAG(s) dict_keys(['example_kubernetes_executor']) retrieved from /home/airflow/.local/lib/python3.7/site-packages/airflow/example_dags/example_kubernetes_executor.py
[2022-08-22 22:13:02,251] {logging_mixin.py:115} INFO - [2022-08-22 22:13:02,251] {dag.py:2420} INFO - Sync 1 DAGs
[2022-08-22 22:13:02,273] {logging_mixin.py:115} INFO - [2022-08-22 22:13:02,273] {dag.py:2972} INFO - Setting next_dagrun for example_kubernetes_executor to None, run_after=None
[2022-08-22 22:13:02,284] {processor.py:161} INFO - Processing /home/airflow/.local/lib/python3.7/site-packages/airflow/example_dags/example_kubernetes_executor.py took 0.073 seconds
[2022-08-22 22:13:32,808] {processor.py:153} INFO - Started process (PID=2355) to work on /home/airflow/.local/lib/python3.7/site-packages/airflow/example_dags/example_kubernetes_executor.py
[2022-08-22 22:13:32,809] {processor.py:641} INFO - Processing file /home/airflow/.local/lib/python3.7/site-packages/airflow/example_dags/example_kubernetes_executor.py for tasks to queue
[2022-08-22 22:13:32,809] {logging_mixin.py:115} INFO - [2022-08-22 22:13:32,809] {dagbag.py:508} INFO - Filling up the DagBag from /home/airflow/.local/lib/python3.7/site-packages/airflow/example_dags/example_kubernetes_executor.py
[2022-08-22 22:13:32,826] {processor.py:651} INFO - DAG(s) dict_keys(['example_kubernetes_executor']) retrieved from /home/airflow/.local/lib/python3.7/site-packages/airflow/example_dags/example_kubernetes_executor.py
[2022-08-22 22:13:32,847] {logging_mixin.py:115} INFO - [2022-08-22 22:13:32,846] {dag.py:2420} INFO - Sync 1 DAGs
[2022-08-22 22:13:32,865] {logging_mixin.py:115} INFO - [2022-08-22 22:13:32,865] {dag.py:2972} INFO - Setting next_dagrun for example_kubernetes_executor to None, run_after=None
[2022-08-22 22:13:32,875] {processor.py:161} INFO - Processing /home/airflow/.local/lib/python3.7/site-packages/airflow/example_dags/example_kubernetes_executor.py took 0.069 seconds
[2022-08-22 22:14:03,517] {processor.py:153} INFO - Started process (PID=2416) to work on /home/airflow/.local/lib/python3.7/site-packages/airflow/example_dags/example_kubernetes_executor.py
[2022-08-22 22:14:03,517] {processor.py:641} INFO - Processing file /home/airflow/.local/lib/python3.7/site-packages/airflow/example_dags/example_kubernetes_executor.py for tasks to queue
[2022-08-22 22:14:03,518] {logging_mixin.py:115} INFO - [2022-08-22 22:14:03,518] {dagbag.py:508} INFO - Filling up the DagBag from /home/airflow/.local/lib/python3.7/site-packages/airflow/example_dags/example_kubernetes_executor.py
[2022-08-22 22:14:03,540] {processor.py:651} INFO - DAG(s) dict_keys(['example_kubernetes_executor']) retrieved from /home/airflow/.local/lib/python3.7/site-packages/airflow/example_dags/example_kubernetes_executor.py
[2022-08-22 22:14:03,565] {logging_mixin.py:115} INFO - [2022-08-22 22:14:03,565] {dag.py:2420} INFO - Sync 1 DAGs
[2022-08-22 22:14:03,585] {logging_mixin.py:115} INFO - [2022-08-22 22:14:03,585] {dag.py:2972} INFO - Setting next_dagrun for example_kubernetes_executor to None, run_after=None
[2022-08-22 22:14:03,596] {processor.py:161} INFO - Processing /home/airflow/.local/lib/python3.7/site-packages/airflow/example_dags/example_kubernetes_executor.py took 0.082 seconds
[2022-08-22 22:14:34,094] {processor.py:153} INFO - Started process (PID=2468) to work on /home/airflow/.local/lib/python3.7/site-packages/airflow/example_dags/example_kubernetes_executor.py
[2022-08-22 22:14:34,095] {processor.py:641} INFO - Processing file /home/airflow/.local/lib/python3.7/site-packages/airflow/example_dags/example_kubernetes_executor.py for tasks to queue
[2022-08-22 22:14:34,096] {logging_mixin.py:115} INFO - [2022-08-22 22:14:34,096] {dagbag.py:508} INFO - Filling up the DagBag from /home/airflow/.local/lib/python3.7/site-packages/airflow/example_dags/example_kubernetes_executor.py
[2022-08-22 22:14:34,117] {processor.py:651} INFO - DAG(s) dict_keys(['example_kubernetes_executor']) retrieved from /home/airflow/.local/lib/python3.7/site-packages/airflow/example_dags/example_kubernetes_executor.py
[2022-08-22 22:14:34,139] {logging_mixin.py:115} INFO - [2022-08-22 22:14:34,139] {dag.py:2420} INFO - Sync 1 DAGs
[2022-08-22 22:14:34,157] {logging_mixin.py:115} INFO - [2022-08-22 22:14:34,157] {dag.py:2972} INFO - Setting next_dagrun for example_kubernetes_executor to None, run_after=None
[2022-08-22 22:14:34,167] {processor.py:161} INFO - Processing /home/airflow/.local/lib/python3.7/site-packages/airflow/example_dags/example_kubernetes_executor.py took 0.075 seconds
[2022-08-22 22:15:04,679] {processor.py:153} INFO - Started process (PID=2529) to work on /home/airflow/.local/lib/python3.7/site-packages/airflow/example_dags/example_kubernetes_executor.py
[2022-08-22 22:15:04,680] {processor.py:641} INFO - Processing file /home/airflow/.local/lib/python3.7/site-packages/airflow/example_dags/example_kubernetes_executor.py for tasks to queue
[2022-08-22 22:15:04,681] {logging_mixin.py:115} INFO - [2022-08-22 22:15:04,681] {dagbag.py:508} INFO - Filling up the DagBag from /home/airflow/.local/lib/python3.7/site-packages/airflow/example_dags/example_kubernetes_executor.py
[2022-08-22 22:15:04,715] {processor.py:651} INFO - DAG(s) dict_keys(['example_kubernetes_executor']) retrieved from /home/airflow/.local/lib/python3.7/site-packages/airflow/example_dags/example_kubernetes_executor.py
[2022-08-22 22:15:04,737] {logging_mixin.py:115} INFO - [2022-08-22 22:15:04,736] {dag.py:2420} INFO - Sync 1 DAGs
[2022-08-22 22:15:04,755] {logging_mixin.py:115} INFO - [2022-08-22 22:15:04,755] {dag.py:2972} INFO - Setting next_dagrun for example_kubernetes_executor to None, run_after=None
[2022-08-22 22:15:04,765] {processor.py:161} INFO - Processing /home/airflow/.local/lib/python3.7/site-packages/airflow/example_dags/example_kubernetes_executor.py took 0.089 seconds
[2022-08-22 22:15:35,385] {processor.py:153} INFO - Started process (PID=2590) to work on /home/airflow/.local/lib/python3.7/site-packages/airflow/example_dags/example_kubernetes_executor.py
[2022-08-22 22:15:35,385] {processor.py:641} INFO - Processing file /home/airflow/.local/lib/python3.7/site-packages/airflow/example_dags/example_kubernetes_executor.py for tasks to queue
[2022-08-22 22:15:35,386] {logging_mixin.py:115} INFO - [2022-08-22 22:15:35,386] {dagbag.py:508} INFO - Filling up the DagBag from /home/airflow/.local/lib/python3.7/site-packages/airflow/example_dags/example_kubernetes_executor.py
[2022-08-22 22:15:35,403] {processor.py:651} INFO - DAG(s) dict_keys(['example_kubernetes_executor']) retrieved from /home/airflow/.local/lib/python3.7/site-packages/airflow/example_dags/example_kubernetes_executor.py
[2022-08-22 22:15:35,423] {logging_mixin.py:115} INFO - [2022-08-22 22:15:35,423] {dag.py:2420} INFO - Sync 1 DAGs
[2022-08-22 22:15:35,440] {logging_mixin.py:115} INFO - [2022-08-22 22:15:35,440] {dag.py:2972} INFO - Setting next_dagrun for example_kubernetes_executor to None, run_after=None
[2022-08-22 22:15:35,453] {processor.py:161} INFO - Processing /home/airflow/.local/lib/python3.7/site-packages/airflow/example_dags/example_kubernetes_executor.py took 0.071 seconds
[2022-08-22 22:16:05,964] {processor.py:153} INFO - Started process (PID=2642) to work on /home/airflow/.local/lib/python3.7/site-packages/airflow/example_dags/example_kubernetes_executor.py
[2022-08-22 22:16:05,964] {processor.py:641} INFO - Processing file /home/airflow/.local/lib/python3.7/site-packages/airflow/example_dags/example_kubernetes_executor.py for tasks to queue
[2022-08-22 22:16:05,965] {logging_mixin.py:115} INFO - [2022-08-22 22:16:05,965] {dagbag.py:508} INFO - Filling up the DagBag from /home/airflow/.local/lib/python3.7/site-packages/airflow/example_dags/example_kubernetes_executor.py
[2022-08-22 22:16:05,982] {processor.py:651} INFO - DAG(s) dict_keys(['example_kubernetes_executor']) retrieved from /home/airflow/.local/lib/python3.7/site-packages/airflow/example_dags/example_kubernetes_executor.py
[2022-08-22 22:16:06,015] {logging_mixin.py:115} INFO - [2022-08-22 22:16:06,015] {dag.py:2420} INFO - Sync 1 DAGs
[2022-08-22 22:16:06,036] {logging_mixin.py:115} INFO - [2022-08-22 22:16:06,036] {dag.py:2972} INFO - Setting next_dagrun for example_kubernetes_executor to None, run_after=None
[2022-08-22 22:16:06,047] {processor.py:161} INFO - Processing /home/airflow/.local/lib/python3.7/site-packages/airflow/example_dags/example_kubernetes_executor.py took 0.085 seconds
[2022-08-22 22:16:36,706] {processor.py:153} INFO - Started process (PID=2703) to work on /home/airflow/.local/lib/python3.7/site-packages/airflow/example_dags/example_kubernetes_executor.py
[2022-08-22 22:16:36,707] {processor.py:641} INFO - Processing file /home/airflow/.local/lib/python3.7/site-packages/airflow/example_dags/example_kubernetes_executor.py for tasks to queue
[2022-08-22 22:16:36,707] {logging_mixin.py:115} INFO - [2022-08-22 22:16:36,707] {dagbag.py:508} INFO - Filling up the DagBag from /home/airflow/.local/lib/python3.7/site-packages/airflow/example_dags/example_kubernetes_executor.py
[2022-08-22 22:16:36,729] {processor.py:651} INFO - DAG(s) dict_keys(['example_kubernetes_executor']) retrieved from /home/airflow/.local/lib/python3.7/site-packages/airflow/example_dags/example_kubernetes_executor.py
[2022-08-22 22:16:36,757] {logging_mixin.py:115} INFO - [2022-08-22 22:16:36,756] {dag.py:2420} INFO - Sync 1 DAGs
[2022-08-22 22:16:36,782] {logging_mixin.py:115} INFO - [2022-08-22 22:16:36,782] {dag.py:2972} INFO - Setting next_dagrun for example_kubernetes_executor to None, run_after=None
[2022-08-22 22:16:36,796] {processor.py:161} INFO - Processing /home/airflow/.local/lib/python3.7/site-packages/airflow/example_dags/example_kubernetes_executor.py took 0.093 seconds
[2022-08-22 22:17:07,317] {processor.py:153} INFO - Started process (PID=2764) to work on /home/airflow/.local/lib/python3.7/site-packages/airflow/example_dags/example_kubernetes_executor.py
[2022-08-22 22:17:07,318] {processor.py:641} INFO - Processing file /home/airflow/.local/lib/python3.7/site-packages/airflow/example_dags/example_kubernetes_executor.py for tasks to queue
[2022-08-22 22:17:07,318] {logging_mixin.py:115} INFO - [2022-08-22 22:17:07,318] {dagbag.py:508} INFO - Filling up the DagBag from /home/airflow/.local/lib/python3.7/site-packages/airflow/example_dags/example_kubernetes_executor.py
[2022-08-22 22:17:07,337] {processor.py:651} INFO - DAG(s) dict_keys(['example_kubernetes_executor']) retrieved from /home/airflow/.local/lib/python3.7/site-packages/airflow/example_dags/example_kubernetes_executor.py
[2022-08-22 22:17:07,359] {logging_mixin.py:115} INFO - [2022-08-22 22:17:07,359] {dag.py:2420} INFO - Sync 1 DAGs
[2022-08-22 22:17:07,378] {logging_mixin.py:115} INFO - [2022-08-22 22:17:07,378] {dag.py:2972} INFO - Setting next_dagrun for example_kubernetes_executor to None, run_after=None
[2022-08-22 22:17:07,389] {processor.py:161} INFO - Processing /home/airflow/.local/lib/python3.7/site-packages/airflow/example_dags/example_kubernetes_executor.py took 0.074 seconds
[2022-08-22 22:17:37,832] {processor.py:153} INFO - Started process (PID=2825) to work on /home/airflow/.local/lib/python3.7/site-packages/airflow/example_dags/example_kubernetes_executor.py
[2022-08-22 22:17:37,833] {processor.py:641} INFO - Processing file /home/airflow/.local/lib/python3.7/site-packages/airflow/example_dags/example_kubernetes_executor.py for tasks to queue
[2022-08-22 22:17:37,833] {logging_mixin.py:115} INFO - [2022-08-22 22:17:37,833] {dagbag.py:508} INFO - Filling up the DagBag from /home/airflow/.local/lib/python3.7/site-packages/airflow/example_dags/example_kubernetes_executor.py
[2022-08-22 22:17:37,851] {processor.py:651} INFO - DAG(s) dict_keys(['example_kubernetes_executor']) retrieved from /home/airflow/.local/lib/python3.7/site-packages/airflow/example_dags/example_kubernetes_executor.py
[2022-08-22 22:17:37,871] {logging_mixin.py:115} INFO - [2022-08-22 22:17:37,871] {dag.py:2420} INFO - Sync 1 DAGs
[2022-08-22 22:17:37,889] {logging_mixin.py:115} INFO - [2022-08-22 22:17:37,889] {dag.py:2972} INFO - Setting next_dagrun for example_kubernetes_executor to None, run_after=None
[2022-08-22 22:17:37,898] {processor.py:161} INFO - Processing /home/airflow/.local/lib/python3.7/site-packages/airflow/example_dags/example_kubernetes_executor.py took 0.068 seconds
[2022-08-22 22:18:08,417] {processor.py:153} INFO - Started process (PID=2877) to work on /home/airflow/.local/lib/python3.7/site-packages/airflow/example_dags/example_kubernetes_executor.py
[2022-08-22 22:18:08,418] {processor.py:641} INFO - Processing file /home/airflow/.local/lib/python3.7/site-packages/airflow/example_dags/example_kubernetes_executor.py for tasks to queue
[2022-08-22 22:18:08,418] {logging_mixin.py:115} INFO - [2022-08-22 22:18:08,418] {dagbag.py:508} INFO - Filling up the DagBag from /home/airflow/.local/lib/python3.7/site-packages/airflow/example_dags/example_kubernetes_executor.py
[2022-08-22 22:18:08,436] {processor.py:651} INFO - DAG(s) dict_keys(['example_kubernetes_executor']) retrieved from /home/airflow/.local/lib/python3.7/site-packages/airflow/example_dags/example_kubernetes_executor.py
[2022-08-22 22:18:08,457] {logging_mixin.py:115} INFO - [2022-08-22 22:18:08,457] {dag.py:2420} INFO - Sync 1 DAGs
[2022-08-22 22:18:08,477] {logging_mixin.py:115} INFO - [2022-08-22 22:18:08,477] {dag.py:2972} INFO - Setting next_dagrun for example_kubernetes_executor to None, run_after=None
[2022-08-22 22:18:08,488] {processor.py:161} INFO - Processing /home/airflow/.local/lib/python3.7/site-packages/airflow/example_dags/example_kubernetes_executor.py took 0.073 seconds
[2022-08-22 22:18:39,091] {processor.py:153} INFO - Started process (PID=2938) to work on /home/airflow/.local/lib/python3.7/site-packages/airflow/example_dags/example_kubernetes_executor.py
[2022-08-22 22:18:39,092] {processor.py:641} INFO - Processing file /home/airflow/.local/lib/python3.7/site-packages/airflow/example_dags/example_kubernetes_executor.py for tasks to queue
[2022-08-22 22:18:39,092] {logging_mixin.py:115} INFO - [2022-08-22 22:18:39,092] {dagbag.py:508} INFO - Filling up the DagBag from /home/airflow/.local/lib/python3.7/site-packages/airflow/example_dags/example_kubernetes_executor.py
[2022-08-22 22:18:39,109] {processor.py:651} INFO - DAG(s) dict_keys(['example_kubernetes_executor']) retrieved from /home/airflow/.local/lib/python3.7/site-packages/airflow/example_dags/example_kubernetes_executor.py
[2022-08-22 22:18:39,133] {logging_mixin.py:115} INFO - [2022-08-22 22:18:39,133] {dag.py:2420} INFO - Sync 1 DAGs
[2022-08-22 22:18:39,153] {logging_mixin.py:115} INFO - [2022-08-22 22:18:39,153] {dag.py:2972} INFO - Setting next_dagrun for example_kubernetes_executor to None, run_after=None
[2022-08-22 22:18:39,163] {processor.py:161} INFO - Processing /home/airflow/.local/lib/python3.7/site-packages/airflow/example_dags/example_kubernetes_executor.py took 0.074 seconds
[2022-08-22 22:19:09,796] {processor.py:153} INFO - Started process (PID=3000) to work on /home/airflow/.local/lib/python3.7/site-packages/airflow/example_dags/example_kubernetes_executor.py
[2022-08-22 22:19:09,796] {processor.py:641} INFO - Processing file /home/airflow/.local/lib/python3.7/site-packages/airflow/example_dags/example_kubernetes_executor.py for tasks to queue
[2022-08-22 22:19:09,797] {logging_mixin.py:115} INFO - [2022-08-22 22:19:09,797] {dagbag.py:508} INFO - Filling up the DagBag from /home/airflow/.local/lib/python3.7/site-packages/airflow/example_dags/example_kubernetes_executor.py
[2022-08-22 22:19:09,829] {processor.py:651} INFO - DAG(s) dict_keys(['example_kubernetes_executor']) retrieved from /home/airflow/.local/lib/python3.7/site-packages/airflow/example_dags/example_kubernetes_executor.py
[2022-08-22 22:19:09,857] {logging_mixin.py:115} INFO - [2022-08-22 22:19:09,857] {dag.py:2420} INFO - Sync 1 DAGs
[2022-08-22 22:19:09,876] {logging_mixin.py:115} INFO - [2022-08-22 22:19:09,876] {dag.py:2972} INFO - Setting next_dagrun for example_kubernetes_executor to None, run_after=None
[2022-08-22 22:19:09,886] {processor.py:161} INFO - Processing /home/airflow/.local/lib/python3.7/site-packages/airflow/example_dags/example_kubernetes_executor.py took 0.094 seconds
[2022-08-22 22:19:40,496] {processor.py:153} INFO - Started process (PID=3061) to work on /home/airflow/.local/lib/python3.7/site-packages/airflow/example_dags/example_kubernetes_executor.py
[2022-08-22 22:19:40,496] {processor.py:641} INFO - Processing file /home/airflow/.local/lib/python3.7/site-packages/airflow/example_dags/example_kubernetes_executor.py for tasks to queue
[2022-08-22 22:19:40,497] {logging_mixin.py:115} INFO - [2022-08-22 22:19:40,497] {dagbag.py:508} INFO - Filling up the DagBag from /home/airflow/.local/lib/python3.7/site-packages/airflow/example_dags/example_kubernetes_executor.py
[2022-08-22 22:19:40,514] {processor.py:651} INFO - DAG(s) dict_keys(['example_kubernetes_executor']) retrieved from /home/airflow/.local/lib/python3.7/site-packages/airflow/example_dags/example_kubernetes_executor.py
[2022-08-22 22:19:40,533] {logging_mixin.py:115} INFO - [2022-08-22 22:19:40,533] {dag.py:2420} INFO - Sync 1 DAGs
[2022-08-22 22:19:40,552] {logging_mixin.py:115} INFO - [2022-08-22 22:19:40,552] {dag.py:2972} INFO - Setting next_dagrun for example_kubernetes_executor to None, run_after=None
[2022-08-22 22:19:40,562] {processor.py:161} INFO - Processing /home/airflow/.local/lib/python3.7/site-packages/airflow/example_dags/example_kubernetes_executor.py took 0.068 seconds
[2022-08-22 22:20:11,169] {processor.py:153} INFO - Started process (PID=3113) to work on /home/airflow/.local/lib/python3.7/site-packages/airflow/example_dags/example_kubernetes_executor.py
[2022-08-22 22:20:11,170] {processor.py:641} INFO - Processing file /home/airflow/.local/lib/python3.7/site-packages/airflow/example_dags/example_kubernetes_executor.py for tasks to queue
[2022-08-22 22:20:11,170] {logging_mixin.py:115} INFO - [2022-08-22 22:20:11,170] {dagbag.py:508} INFO - Filling up the DagBag from /home/airflow/.local/lib/python3.7/site-packages/airflow/example_dags/example_kubernetes_executor.py
[2022-08-22 22:20:11,204] {processor.py:651} INFO - DAG(s) dict_keys(['example_kubernetes_executor']) retrieved from /home/airflow/.local/lib/python3.7/site-packages/airflow/example_dags/example_kubernetes_executor.py
[2022-08-22 22:20:11,226] {logging_mixin.py:115} INFO - [2022-08-22 22:20:11,226] {dag.py:2420} INFO - Sync 1 DAGs
[2022-08-22 22:20:11,244] {logging_mixin.py:115} INFO - [2022-08-22 22:20:11,244] {dag.py:2972} INFO - Setting next_dagrun for example_kubernetes_executor to None, run_after=None
[2022-08-22 22:20:11,256] {processor.py:161} INFO - Processing /home/airflow/.local/lib/python3.7/site-packages/airflow/example_dags/example_kubernetes_executor.py took 0.091 seconds
[2022-08-22 22:20:41,880] {processor.py:153} INFO - Started process (PID=3174) to work on /home/airflow/.local/lib/python3.7/site-packages/airflow/example_dags/example_kubernetes_executor.py
[2022-08-22 22:20:41,881] {processor.py:641} INFO - Processing file /home/airflow/.local/lib/python3.7/site-packages/airflow/example_dags/example_kubernetes_executor.py for tasks to queue
[2022-08-22 22:20:41,881] {logging_mixin.py:115} INFO - [2022-08-22 22:20:41,881] {dagbag.py:508} INFO - Filling up the DagBag from /home/airflow/.local/lib/python3.7/site-packages/airflow/example_dags/example_kubernetes_executor.py
[2022-08-22 22:20:41,919] {processor.py:651} INFO - DAG(s) dict_keys(['example_kubernetes_executor']) retrieved from /home/airflow/.local/lib/python3.7/site-packages/airflow/example_dags/example_kubernetes_executor.py
[2022-08-22 22:20:41,940] {logging_mixin.py:115} INFO - [2022-08-22 22:20:41,940] {dag.py:2420} INFO - Sync 1 DAGs
[2022-08-22 22:20:41,959] {logging_mixin.py:115} INFO - [2022-08-22 22:20:41,959] {dag.py:2972} INFO - Setting next_dagrun for example_kubernetes_executor to None, run_after=None
[2022-08-22 22:20:41,968] {processor.py:161} INFO - Processing /home/airflow/.local/lib/python3.7/site-packages/airflow/example_dags/example_kubernetes_executor.py took 0.092 seconds
[2022-08-22 22:21:12,400] {processor.py:153} INFO - Started process (PID=3235) to work on /home/airflow/.local/lib/python3.7/site-packages/airflow/example_dags/example_kubernetes_executor.py
[2022-08-22 22:21:12,401] {processor.py:641} INFO - Processing file /home/airflow/.local/lib/python3.7/site-packages/airflow/example_dags/example_kubernetes_executor.py for tasks to queue
[2022-08-22 22:21:12,401] {logging_mixin.py:115} INFO - [2022-08-22 22:21:12,401] {dagbag.py:508} INFO - Filling up the DagBag from /home/airflow/.local/lib/python3.7/site-packages/airflow/example_dags/example_kubernetes_executor.py
[2022-08-22 22:21:12,418] {processor.py:651} INFO - DAG(s) dict_keys(['example_kubernetes_executor']) retrieved from /home/airflow/.local/lib/python3.7/site-packages/airflow/example_dags/example_kubernetes_executor.py
[2022-08-22 22:21:12,438] {logging_mixin.py:115} INFO - [2022-08-22 22:21:12,438] {dag.py:2420} INFO - Sync 1 DAGs
[2022-08-22 22:21:12,455] {logging_mixin.py:115} INFO - [2022-08-22 22:21:12,455] {dag.py:2972} INFO - Setting next_dagrun for example_kubernetes_executor to None, run_after=None
[2022-08-22 22:21:12,465] {processor.py:161} INFO - Processing /home/airflow/.local/lib/python3.7/site-packages/airflow/example_dags/example_kubernetes_executor.py took 0.067 seconds
[2022-08-22 22:21:43,062] {processor.py:153} INFO - Started process (PID=3296) to work on /home/airflow/.local/lib/python3.7/site-packages/airflow/example_dags/example_kubernetes_executor.py
[2022-08-22 22:21:43,063] {processor.py:641} INFO - Processing file /home/airflow/.local/lib/python3.7/site-packages/airflow/example_dags/example_kubernetes_executor.py for tasks to queue
[2022-08-22 22:21:43,064] {logging_mixin.py:115} INFO - [2022-08-22 22:21:43,063] {dagbag.py:508} INFO - Filling up the DagBag from /home/airflow/.local/lib/python3.7/site-packages/airflow/example_dags/example_kubernetes_executor.py
[2022-08-22 22:21:43,083] {processor.py:651} INFO - DAG(s) dict_keys(['example_kubernetes_executor']) retrieved from /home/airflow/.local/lib/python3.7/site-packages/airflow/example_dags/example_kubernetes_executor.py
[2022-08-22 22:21:43,109] {logging_mixin.py:115} INFO - [2022-08-22 22:21:43,109] {dag.py:2420} INFO - Sync 1 DAGs
[2022-08-22 22:21:43,132] {logging_mixin.py:115} INFO - [2022-08-22 22:21:43,132] {dag.py:2972} INFO - Setting next_dagrun for example_kubernetes_executor to None, run_after=None
[2022-08-22 22:21:43,144] {processor.py:161} INFO - Processing /home/airflow/.local/lib/python3.7/site-packages/airflow/example_dags/example_kubernetes_executor.py took 0.084 seconds
[2022-08-22 22:22:13,784] {processor.py:153} INFO - Started process (PID=3348) to work on /home/airflow/.local/lib/python3.7/site-packages/airflow/example_dags/example_kubernetes_executor.py
[2022-08-22 22:22:13,785] {processor.py:641} INFO - Processing file /home/airflow/.local/lib/python3.7/site-packages/airflow/example_dags/example_kubernetes_executor.py for tasks to queue
[2022-08-22 22:22:13,785] {logging_mixin.py:115} INFO - [2022-08-22 22:22:13,785] {dagbag.py:508} INFO - Filling up the DagBag from /home/airflow/.local/lib/python3.7/site-packages/airflow/example_dags/example_kubernetes_executor.py
[2022-08-22 22:22:13,804] {processor.py:651} INFO - DAG(s) dict_keys(['example_kubernetes_executor']) retrieved from /home/airflow/.local/lib/python3.7/site-packages/airflow/example_dags/example_kubernetes_executor.py
[2022-08-22 22:22:13,825] {logging_mixin.py:115} INFO - [2022-08-22 22:22:13,824] {dag.py:2420} INFO - Sync 1 DAGs
[2022-08-22 22:22:13,843] {logging_mixin.py:115} INFO - [2022-08-22 22:22:13,843] {dag.py:2972} INFO - Setting next_dagrun for example_kubernetes_executor to None, run_after=None
[2022-08-22 22:22:13,853] {processor.py:161} INFO - Processing /home/airflow/.local/lib/python3.7/site-packages/airflow/example_dags/example_kubernetes_executor.py took 0.071 seconds
[2022-08-22 22:22:44,378] {processor.py:153} INFO - Started process (PID=3409) to work on /home/airflow/.local/lib/python3.7/site-packages/airflow/example_dags/example_kubernetes_executor.py
[2022-08-22 22:22:44,379] {processor.py:641} INFO - Processing file /home/airflow/.local/lib/python3.7/site-packages/airflow/example_dags/example_kubernetes_executor.py for tasks to queue
[2022-08-22 22:22:44,379] {logging_mixin.py:115} INFO - [2022-08-22 22:22:44,379] {dagbag.py:508} INFO - Filling up the DagBag from /home/airflow/.local/lib/python3.7/site-packages/airflow/example_dags/example_kubernetes_executor.py
[2022-08-22 22:22:44,396] {processor.py:651} INFO - DAG(s) dict_keys(['example_kubernetes_executor']) retrieved from /home/airflow/.local/lib/python3.7/site-packages/airflow/example_dags/example_kubernetes_executor.py
[2022-08-22 22:22:44,418] {logging_mixin.py:115} INFO - [2022-08-22 22:22:44,418] {dag.py:2420} INFO - Sync 1 DAGs
[2022-08-22 22:22:44,436] {logging_mixin.py:115} INFO - [2022-08-22 22:22:44,436] {dag.py:2972} INFO - Setting next_dagrun for example_kubernetes_executor to None, run_after=None
[2022-08-22 22:22:44,446] {processor.py:161} INFO - Processing /home/airflow/.local/lib/python3.7/site-packages/airflow/example_dags/example_kubernetes_executor.py took 0.070 seconds
[2022-08-22 22:23:15,007] {processor.py:153} INFO - Started process (PID=3470) to work on /home/airflow/.local/lib/python3.7/site-packages/airflow/example_dags/example_kubernetes_executor.py
[2022-08-22 22:23:15,008] {processor.py:641} INFO - Processing file /home/airflow/.local/lib/python3.7/site-packages/airflow/example_dags/example_kubernetes_executor.py for tasks to queue
[2022-08-22 22:23:15,009] {logging_mixin.py:115} INFO - [2022-08-22 22:23:15,008] {dagbag.py:508} INFO - Filling up the DagBag from /home/airflow/.local/lib/python3.7/site-packages/airflow/example_dags/example_kubernetes_executor.py
[2022-08-22 22:23:15,029] {processor.py:651} INFO - DAG(s) dict_keys(['example_kubernetes_executor']) retrieved from /home/airflow/.local/lib/python3.7/site-packages/airflow/example_dags/example_kubernetes_executor.py
[2022-08-22 22:23:15,060] {logging_mixin.py:115} INFO - [2022-08-22 22:23:15,060] {dag.py:2420} INFO - Sync 1 DAGs
[2022-08-22 22:23:15,079] {logging_mixin.py:115} INFO - [2022-08-22 22:23:15,079] {dag.py:2972} INFO - Setting next_dagrun for example_kubernetes_executor to None, run_after=None
[2022-08-22 22:23:15,090] {processor.py:161} INFO - Processing /home/airflow/.local/lib/python3.7/site-packages/airflow/example_dags/example_kubernetes_executor.py took 0.086 seconds
[2022-08-22 22:23:45,706] {processor.py:153} INFO - Started process (PID=3522) to work on /home/airflow/.local/lib/python3.7/site-packages/airflow/example_dags/example_kubernetes_executor.py
[2022-08-22 22:23:45,707] {processor.py:641} INFO - Processing file /home/airflow/.local/lib/python3.7/site-packages/airflow/example_dags/example_kubernetes_executor.py for tasks to queue
[2022-08-22 22:23:45,707] {logging_mixin.py:115} INFO - [2022-08-22 22:23:45,707] {dagbag.py:508} INFO - Filling up the DagBag from /home/airflow/.local/lib/python3.7/site-packages/airflow/example_dags/example_kubernetes_executor.py
[2022-08-22 22:23:45,725] {processor.py:651} INFO - DAG(s) dict_keys(['example_kubernetes_executor']) retrieved from /home/airflow/.local/lib/python3.7/site-packages/airflow/example_dags/example_kubernetes_executor.py
[2022-08-22 22:23:45,745] {logging_mixin.py:115} INFO - [2022-08-22 22:23:45,745] {dag.py:2420} INFO - Sync 1 DAGs
[2022-08-22 22:23:45,763] {logging_mixin.py:115} INFO - [2022-08-22 22:23:45,763] {dag.py:2972} INFO - Setting next_dagrun for example_kubernetes_executor to None, run_after=None
[2022-08-22 22:23:45,773] {processor.py:161} INFO - Processing /home/airflow/.local/lib/python3.7/site-packages/airflow/example_dags/example_kubernetes_executor.py took 0.069 seconds
[2022-08-22 22:24:16,485] {processor.py:153} INFO - Started process (PID=3583) to work on /home/airflow/.local/lib/python3.7/site-packages/airflow/example_dags/example_kubernetes_executor.py
[2022-08-22 22:24:16,485] {processor.py:641} INFO - Processing file /home/airflow/.local/lib/python3.7/site-packages/airflow/example_dags/example_kubernetes_executor.py for tasks to queue
[2022-08-22 22:24:16,486] {logging_mixin.py:115} INFO - [2022-08-22 22:24:16,485] {dagbag.py:508} INFO - Filling up the DagBag from /home/airflow/.local/lib/python3.7/site-packages/airflow/example_dags/example_kubernetes_executor.py
[2022-08-22 22:24:16,502] {processor.py:651} INFO - DAG(s) dict_keys(['example_kubernetes_executor']) retrieved from /home/airflow/.local/lib/python3.7/site-packages/airflow/example_dags/example_kubernetes_executor.py
[2022-08-22 22:24:16,524] {logging_mixin.py:115} INFO - [2022-08-22 22:24:16,523] {dag.py:2420} INFO - Sync 1 DAGs
[2022-08-22 22:24:16,543] {logging_mixin.py:115} INFO - [2022-08-22 22:24:16,543] {dag.py:2972} INFO - Setting next_dagrun for example_kubernetes_executor to None, run_after=None
[2022-08-22 22:24:16,554] {processor.py:161} INFO - Processing /home/airflow/.local/lib/python3.7/site-packages/airflow/example_dags/example_kubernetes_executor.py took 0.071 seconds
[2022-08-22 22:24:47,184] {processor.py:153} INFO - Started process (PID=3644) to work on /home/airflow/.local/lib/python3.7/site-packages/airflow/example_dags/example_kubernetes_executor.py
[2022-08-22 22:24:47,184] {processor.py:641} INFO - Processing file /home/airflow/.local/lib/python3.7/site-packages/airflow/example_dags/example_kubernetes_executor.py for tasks to queue
[2022-08-22 22:24:47,184] {logging_mixin.py:115} INFO - [2022-08-22 22:24:47,184] {dagbag.py:508} INFO - Filling up the DagBag from /home/airflow/.local/lib/python3.7/site-packages/airflow/example_dags/example_kubernetes_executor.py
[2022-08-22 22:24:47,201] {processor.py:651} INFO - DAG(s) dict_keys(['example_kubernetes_executor']) retrieved from /home/airflow/.local/lib/python3.7/site-packages/airflow/example_dags/example_kubernetes_executor.py
[2022-08-22 22:24:47,235] {logging_mixin.py:115} INFO - [2022-08-22 22:24:47,235] {dag.py:2420} INFO - Sync 1 DAGs
[2022-08-22 22:24:47,253] {logging_mixin.py:115} INFO - [2022-08-22 22:24:47,253] {dag.py:2972} INFO - Setting next_dagrun for example_kubernetes_executor to None, run_after=None
[2022-08-22 22:24:47,262] {processor.py:161} INFO - Processing /home/airflow/.local/lib/python3.7/site-packages/airflow/example_dags/example_kubernetes_executor.py took 0.081 seconds
[2022-08-22 22:25:17,867] {processor.py:153} INFO - Started process (PID=3705) to work on /home/airflow/.local/lib/python3.7/site-packages/airflow/example_dags/example_kubernetes_executor.py
[2022-08-22 22:25:17,867] {processor.py:641} INFO - Processing file /home/airflow/.local/lib/python3.7/site-packages/airflow/example_dags/example_kubernetes_executor.py for tasks to queue
[2022-08-22 22:25:17,868] {logging_mixin.py:115} INFO - [2022-08-22 22:25:17,868] {dagbag.py:508} INFO - Filling up the DagBag from /home/airflow/.local/lib/python3.7/site-packages/airflow/example_dags/example_kubernetes_executor.py
[2022-08-22 22:25:17,885] {processor.py:651} INFO - DAG(s) dict_keys(['example_kubernetes_executor']) retrieved from /home/airflow/.local/lib/python3.7/site-packages/airflow/example_dags/example_kubernetes_executor.py
[2022-08-22 22:25:17,905] {logging_mixin.py:115} INFO - [2022-08-22 22:25:17,905] {dag.py:2420} INFO - Sync 1 DAGs
[2022-08-22 22:25:17,923] {logging_mixin.py:115} INFO - [2022-08-22 22:25:17,923] {dag.py:2972} INFO - Setting next_dagrun for example_kubernetes_executor to None, run_after=None
[2022-08-22 22:25:17,933] {processor.py:161} INFO - Processing /home/airflow/.local/lib/python3.7/site-packages/airflow/example_dags/example_kubernetes_executor.py took 0.068 seconds
[2022-08-22 22:25:48,624] {processor.py:153} INFO - Started process (PID=3757) to work on /home/airflow/.local/lib/python3.7/site-packages/airflow/example_dags/example_kubernetes_executor.py
[2022-08-22 22:25:48,625] {processor.py:641} INFO - Processing file /home/airflow/.local/lib/python3.7/site-packages/airflow/example_dags/example_kubernetes_executor.py for tasks to queue
[2022-08-22 22:25:48,626] {logging_mixin.py:115} INFO - [2022-08-22 22:25:48,626] {dagbag.py:508} INFO - Filling up the DagBag from /home/airflow/.local/lib/python3.7/site-packages/airflow/example_dags/example_kubernetes_executor.py
[2022-08-22 22:25:48,662] {processor.py:651} INFO - DAG(s) dict_keys(['example_kubernetes_executor']) retrieved from /home/airflow/.local/lib/python3.7/site-packages/airflow/example_dags/example_kubernetes_executor.py
[2022-08-22 22:25:48,686] {logging_mixin.py:115} INFO - [2022-08-22 22:25:48,686] {dag.py:2420} INFO - Sync 1 DAGs
[2022-08-22 22:25:48,706] {logging_mixin.py:115} INFO - [2022-08-22 22:25:48,705] {dag.py:2972} INFO - Setting next_dagrun for example_kubernetes_executor to None, run_after=None
[2022-08-22 22:25:48,715] {processor.py:161} INFO - Processing /home/airflow/.local/lib/python3.7/site-packages/airflow/example_dags/example_kubernetes_executor.py took 0.094 seconds
[2022-08-22 22:26:19,187] {processor.py:153} INFO - Started process (PID=3818) to work on /home/airflow/.local/lib/python3.7/site-packages/airflow/example_dags/example_kubernetes_executor.py
[2022-08-22 22:26:19,187] {processor.py:641} INFO - Processing file /home/airflow/.local/lib/python3.7/site-packages/airflow/example_dags/example_kubernetes_executor.py for tasks to queue
[2022-08-22 22:26:19,187] {logging_mixin.py:115} INFO - [2022-08-22 22:26:19,187] {dagbag.py:508} INFO - Filling up the DagBag from /home/airflow/.local/lib/python3.7/site-packages/airflow/example_dags/example_kubernetes_executor.py
[2022-08-22 22:26:19,205] {processor.py:651} INFO - DAG(s) dict_keys(['example_kubernetes_executor']) retrieved from /home/airflow/.local/lib/python3.7/site-packages/airflow/example_dags/example_kubernetes_executor.py
[2022-08-22 22:26:19,226] {logging_mixin.py:115} INFO - [2022-08-22 22:26:19,226] {dag.py:2420} INFO - Sync 1 DAGs
[2022-08-22 22:26:19,246] {logging_mixin.py:115} INFO - [2022-08-22 22:26:19,246] {dag.py:2972} INFO - Setting next_dagrun for example_kubernetes_executor to None, run_after=None
[2022-08-22 22:26:19,256] {processor.py:161} INFO - Processing /home/airflow/.local/lib/python3.7/site-packages/airflow/example_dags/example_kubernetes_executor.py took 0.071 seconds
[2022-08-22 22:26:49,901] {processor.py:153} INFO - Started process (PID=3879) to work on /home/airflow/.local/lib/python3.7/site-packages/airflow/example_dags/example_kubernetes_executor.py
[2022-08-22 22:26:49,902] {processor.py:641} INFO - Processing file /home/airflow/.local/lib/python3.7/site-packages/airflow/example_dags/example_kubernetes_executor.py for tasks to queue
[2022-08-22 22:26:49,902] {logging_mixin.py:115} INFO - [2022-08-22 22:26:49,902] {dagbag.py:508} INFO - Filling up the DagBag from /home/airflow/.local/lib/python3.7/site-packages/airflow/example_dags/example_kubernetes_executor.py
[2022-08-22 22:26:49,921] {processor.py:651} INFO - DAG(s) dict_keys(['example_kubernetes_executor']) retrieved from /home/airflow/.local/lib/python3.7/site-packages/airflow/example_dags/example_kubernetes_executor.py
[2022-08-22 22:26:49,942] {logging_mixin.py:115} INFO - [2022-08-22 22:26:49,942] {dag.py:2420} INFO - Sync 1 DAGs
[2022-08-22 22:26:49,962] {logging_mixin.py:115} INFO - [2022-08-22 22:26:49,962] {dag.py:2972} INFO - Setting next_dagrun for example_kubernetes_executor to None, run_after=None
[2022-08-22 22:26:49,974] {processor.py:161} INFO - Processing /home/airflow/.local/lib/python3.7/site-packages/airflow/example_dags/example_kubernetes_executor.py took 0.075 seconds
[2022-08-22 22:27:20,636] {processor.py:153} INFO - Started process (PID=3940) to work on /home/airflow/.local/lib/python3.7/site-packages/airflow/example_dags/example_kubernetes_executor.py
[2022-08-22 22:27:20,637] {processor.py:641} INFO - Processing file /home/airflow/.local/lib/python3.7/site-packages/airflow/example_dags/example_kubernetes_executor.py for tasks to queue
[2022-08-22 22:27:20,638] {logging_mixin.py:115} INFO - [2022-08-22 22:27:20,638] {dagbag.py:508} INFO - Filling up the DagBag from /home/airflow/.local/lib/python3.7/site-packages/airflow/example_dags/example_kubernetes_executor.py
[2022-08-22 22:27:20,675] {processor.py:651} INFO - DAG(s) dict_keys(['example_kubernetes_executor']) retrieved from /home/airflow/.local/lib/python3.7/site-packages/airflow/example_dags/example_kubernetes_executor.py
[2022-08-22 22:27:20,696] {logging_mixin.py:115} INFO - [2022-08-22 22:27:20,696] {dag.py:2420} INFO - Sync 1 DAGs
[2022-08-22 22:27:20,714] {logging_mixin.py:115} INFO - [2022-08-22 22:27:20,713] {dag.py:2972} INFO - Setting next_dagrun for example_kubernetes_executor to None, run_after=None
[2022-08-22 22:27:20,723] {processor.py:161} INFO - Processing /home/airflow/.local/lib/python3.7/site-packages/airflow/example_dags/example_kubernetes_executor.py took 0.091 seconds
[2022-08-22 22:27:51,462] {processor.py:153} INFO - Started process (PID=3992) to work on /home/airflow/.local/lib/python3.7/site-packages/airflow/example_dags/example_kubernetes_executor.py
[2022-08-22 22:27:51,462] {processor.py:641} INFO - Processing file /home/airflow/.local/lib/python3.7/site-packages/airflow/example_dags/example_kubernetes_executor.py for tasks to queue
[2022-08-22 22:27:51,463] {logging_mixin.py:115} INFO - [2022-08-22 22:27:51,463] {dagbag.py:508} INFO - Filling up the DagBag from /home/airflow/.local/lib/python3.7/site-packages/airflow/example_dags/example_kubernetes_executor.py
[2022-08-22 22:27:51,482] {processor.py:651} INFO - DAG(s) dict_keys(['example_kubernetes_executor']) retrieved from /home/airflow/.local/lib/python3.7/site-packages/airflow/example_dags/example_kubernetes_executor.py
[2022-08-22 22:27:51,502] {logging_mixin.py:115} INFO - [2022-08-22 22:27:51,502] {dag.py:2420} INFO - Sync 1 DAGs
[2022-08-22 22:27:51,520] {logging_mixin.py:115} INFO - [2022-08-22 22:27:51,520] {dag.py:2972} INFO - Setting next_dagrun for example_kubernetes_executor to None, run_after=None
[2022-08-22 22:27:51,529] {processor.py:161} INFO - Processing /home/airflow/.local/lib/python3.7/site-packages/airflow/example_dags/example_kubernetes_executor.py took 0.070 seconds
[2022-08-22 22:28:22,004] {processor.py:153} INFO - Started process (PID=4053) to work on /home/airflow/.local/lib/python3.7/site-packages/airflow/example_dags/example_kubernetes_executor.py
[2022-08-22 22:28:22,005] {processor.py:641} INFO - Processing file /home/airflow/.local/lib/python3.7/site-packages/airflow/example_dags/example_kubernetes_executor.py for tasks to queue
[2022-08-22 22:28:22,005] {logging_mixin.py:115} INFO - [2022-08-22 22:28:22,005] {dagbag.py:508} INFO - Filling up the DagBag from /home/airflow/.local/lib/python3.7/site-packages/airflow/example_dags/example_kubernetes_executor.py
[2022-08-22 22:28:22,039] {processor.py:651} INFO - DAG(s) dict_keys(['example_kubernetes_executor']) retrieved from /home/airflow/.local/lib/python3.7/site-packages/airflow/example_dags/example_kubernetes_executor.py
[2022-08-22 22:28:22,061] {logging_mixin.py:115} INFO - [2022-08-22 22:28:22,061] {dag.py:2420} INFO - Sync 1 DAGs
[2022-08-22 22:28:22,079] {logging_mixin.py:115} INFO - [2022-08-22 22:28:22,079] {dag.py:2972} INFO - Setting next_dagrun for example_kubernetes_executor to None, run_after=None
[2022-08-22 22:28:22,089] {processor.py:161} INFO - Processing /home/airflow/.local/lib/python3.7/site-packages/airflow/example_dags/example_kubernetes_executor.py took 0.087 seconds
