[2022-08-22 21:53:34,986] {processor.py:153} INFO - Started process (PID=85) to work on /home/airflow/.local/lib/python3.7/site-packages/airflow/example_dags/example_sla_dag.py
[2022-08-22 21:53:34,987] {processor.py:641} INFO - Processing file /home/airflow/.local/lib/python3.7/site-packages/airflow/example_dags/example_sla_dag.py for tasks to queue
[2022-08-22 21:53:34,987] {logging_mixin.py:115} INFO - [2022-08-22 21:53:34,987] {dagbag.py:508} INFO - Filling up the DagBag from /home/airflow/.local/lib/python3.7/site-packages/airflow/example_dags/example_sla_dag.py
[2022-08-22 21:53:35,009] {processor.py:651} INFO - DAG(s) dict_keys(['example_sla_dag']) retrieved from /home/airflow/.local/lib/python3.7/site-packages/airflow/example_dags/example_sla_dag.py
[2022-08-22 21:53:35,173] {logging_mixin.py:115} INFO - [2022-08-22 21:53:35,173] {manager.py:508} INFO - Created Permission View: can edit on DAG:example_sla_dag
[2022-08-22 21:53:35,195] {logging_mixin.py:115} INFO - [2022-08-22 21:53:35,195] {manager.py:508} INFO - Created Permission View: can read on DAG:example_sla_dag
[2022-08-22 21:53:35,207] {logging_mixin.py:115} INFO - [2022-08-22 21:53:35,207] {manager.py:508} INFO - Created Permission View: can delete on DAG:example_sla_dag
[2022-08-22 21:53:35,207] {logging_mixin.py:115} INFO - [2022-08-22 21:53:35,207] {dag.py:2420} INFO - Sync 1 DAGs
[2022-08-22 21:53:35,217] {logging_mixin.py:115} INFO - [2022-08-22 21:53:35,217] {dag.py:2439} INFO - Creating ORM DAG for example_sla_dag
[2022-08-22 21:53:35,233] {logging_mixin.py:115} INFO - [2022-08-22 21:53:35,233] {dag.py:2972} INFO - Setting next_dagrun for example_sla_dag to 2022-08-22T21:50:00+00:00, run_after=2022-08-22T21:52:00+00:00
[2022-08-22 21:53:35,248] {processor.py:161} INFO - Processing /home/airflow/.local/lib/python3.7/site-packages/airflow/example_dags/example_sla_dag.py took 0.265 seconds
[2022-08-22 21:54:05,354] {processor.py:153} INFO - Started process (PID=146) to work on /home/airflow/.local/lib/python3.7/site-packages/airflow/example_dags/example_sla_dag.py
[2022-08-22 21:54:05,355] {processor.py:641} INFO - Processing file /home/airflow/.local/lib/python3.7/site-packages/airflow/example_dags/example_sla_dag.py for tasks to queue
[2022-08-22 21:54:05,355] {logging_mixin.py:115} INFO - [2022-08-22 21:54:05,355] {dagbag.py:508} INFO - Filling up the DagBag from /home/airflow/.local/lib/python3.7/site-packages/airflow/example_dags/example_sla_dag.py
[2022-08-22 21:54:05,373] {processor.py:651} INFO - DAG(s) dict_keys(['example_sla_dag']) retrieved from /home/airflow/.local/lib/python3.7/site-packages/airflow/example_dags/example_sla_dag.py
[2022-08-22 21:54:05,398] {logging_mixin.py:115} INFO - [2022-08-22 21:54:05,398] {dag.py:2420} INFO - Sync 1 DAGs
[2022-08-22 21:54:05,423] {logging_mixin.py:115} INFO - [2022-08-22 21:54:05,423] {dag.py:2972} INFO - Setting next_dagrun for example_sla_dag to 2022-08-22T21:52:00+00:00, run_after=2022-08-22T21:54:00+00:00
[2022-08-22 21:54:05,435] {processor.py:161} INFO - Processing /home/airflow/.local/lib/python3.7/site-packages/airflow/example_dags/example_sla_dag.py took 0.084 seconds
[2022-08-22 21:54:36,151] {processor.py:153} INFO - Started process (PID=198) to work on /home/airflow/.local/lib/python3.7/site-packages/airflow/example_dags/example_sla_dag.py
[2022-08-22 21:54:36,151] {processor.py:641} INFO - Processing file /home/airflow/.local/lib/python3.7/site-packages/airflow/example_dags/example_sla_dag.py for tasks to queue
[2022-08-22 21:54:36,152] {logging_mixin.py:115} INFO - [2022-08-22 21:54:36,152] {dagbag.py:508} INFO - Filling up the DagBag from /home/airflow/.local/lib/python3.7/site-packages/airflow/example_dags/example_sla_dag.py
[2022-08-22 21:54:36,167] {processor.py:651} INFO - DAG(s) dict_keys(['example_sla_dag']) retrieved from /home/airflow/.local/lib/python3.7/site-packages/airflow/example_dags/example_sla_dag.py
[2022-08-22 21:54:36,188] {logging_mixin.py:115} INFO - [2022-08-22 21:54:36,187] {dag.py:2420} INFO - Sync 1 DAGs
[2022-08-22 21:54:36,211] {logging_mixin.py:115} INFO - [2022-08-22 21:54:36,211] {dag.py:2972} INFO - Setting next_dagrun for example_sla_dag to 2022-08-22T21:52:00+00:00, run_after=2022-08-22T21:54:00+00:00
[2022-08-22 21:54:36,222] {processor.py:161} INFO - Processing /home/airflow/.local/lib/python3.7/site-packages/airflow/example_dags/example_sla_dag.py took 0.074 seconds
[2022-08-22 21:55:06,969] {processor.py:153} INFO - Started process (PID=259) to work on /home/airflow/.local/lib/python3.7/site-packages/airflow/example_dags/example_sla_dag.py
[2022-08-22 21:55:06,969] {processor.py:641} INFO - Processing file /home/airflow/.local/lib/python3.7/site-packages/airflow/example_dags/example_sla_dag.py for tasks to queue
[2022-08-22 21:55:06,970] {logging_mixin.py:115} INFO - [2022-08-22 21:55:06,970] {dagbag.py:508} INFO - Filling up the DagBag from /home/airflow/.local/lib/python3.7/site-packages/airflow/example_dags/example_sla_dag.py
[2022-08-22 21:55:06,983] {processor.py:651} INFO - DAG(s) dict_keys(['example_sla_dag']) retrieved from /home/airflow/.local/lib/python3.7/site-packages/airflow/example_dags/example_sla_dag.py
[2022-08-22 21:55:07,003] {logging_mixin.py:115} INFO - [2022-08-22 21:55:07,003] {dag.py:2420} INFO - Sync 1 DAGs
[2022-08-22 21:55:07,026] {logging_mixin.py:115} INFO - [2022-08-22 21:55:07,026] {dag.py:2972} INFO - Setting next_dagrun for example_sla_dag to 2022-08-22T21:52:00+00:00, run_after=2022-08-22T21:54:00+00:00
[2022-08-22 21:55:07,037] {processor.py:161} INFO - Processing /home/airflow/.local/lib/python3.7/site-packages/airflow/example_dags/example_sla_dag.py took 0.071 seconds
[2022-08-22 21:55:37,854] {processor.py:153} INFO - Started process (PID=321) to work on /home/airflow/.local/lib/python3.7/site-packages/airflow/example_dags/example_sla_dag.py
[2022-08-22 21:55:37,854] {processor.py:641} INFO - Processing file /home/airflow/.local/lib/python3.7/site-packages/airflow/example_dags/example_sla_dag.py for tasks to queue
[2022-08-22 21:55:37,855] {logging_mixin.py:115} INFO - [2022-08-22 21:55:37,854] {dagbag.py:508} INFO - Filling up the DagBag from /home/airflow/.local/lib/python3.7/site-packages/airflow/example_dags/example_sla_dag.py
[2022-08-22 21:55:37,870] {processor.py:651} INFO - DAG(s) dict_keys(['example_sla_dag']) retrieved from /home/airflow/.local/lib/python3.7/site-packages/airflow/example_dags/example_sla_dag.py
[2022-08-22 21:55:37,893] {logging_mixin.py:115} INFO - [2022-08-22 21:55:37,893] {dag.py:2420} INFO - Sync 1 DAGs
[2022-08-22 21:55:37,916] {logging_mixin.py:115} INFO - [2022-08-22 21:55:37,916] {dag.py:2972} INFO - Setting next_dagrun for example_sla_dag to 2022-08-22T21:52:00+00:00, run_after=2022-08-22T21:54:00+00:00
[2022-08-22 21:55:37,927] {processor.py:161} INFO - Processing /home/airflow/.local/lib/python3.7/site-packages/airflow/example_dags/example_sla_dag.py took 0.076 seconds
[2022-08-22 21:56:08,566] {processor.py:153} INFO - Started process (PID=373) to work on /home/airflow/.local/lib/python3.7/site-packages/airflow/example_dags/example_sla_dag.py
[2022-08-22 21:56:08,566] {processor.py:641} INFO - Processing file /home/airflow/.local/lib/python3.7/site-packages/airflow/example_dags/example_sla_dag.py for tasks to queue
[2022-08-22 21:56:08,567] {logging_mixin.py:115} INFO - [2022-08-22 21:56:08,566] {dagbag.py:508} INFO - Filling up the DagBag from /home/airflow/.local/lib/python3.7/site-packages/airflow/example_dags/example_sla_dag.py
[2022-08-22 21:56:08,584] {processor.py:651} INFO - DAG(s) dict_keys(['example_sla_dag']) retrieved from /home/airflow/.local/lib/python3.7/site-packages/airflow/example_dags/example_sla_dag.py
[2022-08-22 21:56:08,607] {logging_mixin.py:115} INFO - [2022-08-22 21:56:08,606] {dag.py:2420} INFO - Sync 1 DAGs
[2022-08-22 21:56:08,630] {logging_mixin.py:115} INFO - [2022-08-22 21:56:08,630] {dag.py:2972} INFO - Setting next_dagrun for example_sla_dag to 2022-08-22T21:54:00+00:00, run_after=2022-08-22T21:56:00+00:00
[2022-08-22 21:56:08,640] {processor.py:161} INFO - Processing /home/airflow/.local/lib/python3.7/site-packages/airflow/example_dags/example_sla_dag.py took 0.077 seconds
[2022-08-22 21:56:39,350] {processor.py:153} INFO - Started process (PID=434) to work on /home/airflow/.local/lib/python3.7/site-packages/airflow/example_dags/example_sla_dag.py
[2022-08-22 21:56:39,350] {processor.py:641} INFO - Processing file /home/airflow/.local/lib/python3.7/site-packages/airflow/example_dags/example_sla_dag.py for tasks to queue
[2022-08-22 21:56:39,351] {logging_mixin.py:115} INFO - [2022-08-22 21:56:39,351] {dagbag.py:508} INFO - Filling up the DagBag from /home/airflow/.local/lib/python3.7/site-packages/airflow/example_dags/example_sla_dag.py
[2022-08-22 21:56:39,365] {processor.py:651} INFO - DAG(s) dict_keys(['example_sla_dag']) retrieved from /home/airflow/.local/lib/python3.7/site-packages/airflow/example_dags/example_sla_dag.py
[2022-08-22 21:56:39,390] {logging_mixin.py:115} INFO - [2022-08-22 21:56:39,390] {dag.py:2420} INFO - Sync 1 DAGs
[2022-08-22 21:56:39,413] {logging_mixin.py:115} INFO - [2022-08-22 21:56:39,413] {dag.py:2972} INFO - Setting next_dagrun for example_sla_dag to 2022-08-22T21:54:00+00:00, run_after=2022-08-22T21:56:00+00:00
[2022-08-22 21:56:39,423] {processor.py:161} INFO - Processing /home/airflow/.local/lib/python3.7/site-packages/airflow/example_dags/example_sla_dag.py took 0.075 seconds
[2022-08-22 21:57:10,361] {processor.py:153} INFO - Started process (PID=495) to work on /home/airflow/.local/lib/python3.7/site-packages/airflow/example_dags/example_sla_dag.py
[2022-08-22 21:57:10,362] {processor.py:641} INFO - Processing file /home/airflow/.local/lib/python3.7/site-packages/airflow/example_dags/example_sla_dag.py for tasks to queue
[2022-08-22 21:57:10,362] {logging_mixin.py:115} INFO - [2022-08-22 21:57:10,362] {dagbag.py:508} INFO - Filling up the DagBag from /home/airflow/.local/lib/python3.7/site-packages/airflow/example_dags/example_sla_dag.py
[2022-08-22 21:57:10,380] {processor.py:651} INFO - DAG(s) dict_keys(['example_sla_dag']) retrieved from /home/airflow/.local/lib/python3.7/site-packages/airflow/example_dags/example_sla_dag.py
[2022-08-22 21:57:10,437] {logging_mixin.py:115} INFO - [2022-08-22 21:57:10,437] {dag.py:2420} INFO - Sync 1 DAGs
[2022-08-22 21:57:10,460] {logging_mixin.py:115} INFO - [2022-08-22 21:57:10,460] {dag.py:2972} INFO - Setting next_dagrun for example_sla_dag to 2022-08-22T21:54:00+00:00, run_after=2022-08-22T21:56:00+00:00
[2022-08-22 21:57:10,471] {processor.py:161} INFO - Processing /home/airflow/.local/lib/python3.7/site-packages/airflow/example_dags/example_sla_dag.py took 0.113 seconds
[2022-08-22 21:57:41,086] {processor.py:153} INFO - Started process (PID=547) to work on /home/airflow/.local/lib/python3.7/site-packages/airflow/example_dags/example_sla_dag.py
[2022-08-22 21:57:41,087] {processor.py:641} INFO - Processing file /home/airflow/.local/lib/python3.7/site-packages/airflow/example_dags/example_sla_dag.py for tasks to queue
[2022-08-22 21:57:41,087] {logging_mixin.py:115} INFO - [2022-08-22 21:57:41,087] {dagbag.py:508} INFO - Filling up the DagBag from /home/airflow/.local/lib/python3.7/site-packages/airflow/example_dags/example_sla_dag.py
[2022-08-22 21:57:41,103] {processor.py:651} INFO - DAG(s) dict_keys(['example_sla_dag']) retrieved from /home/airflow/.local/lib/python3.7/site-packages/airflow/example_dags/example_sla_dag.py
[2022-08-22 21:57:41,129] {logging_mixin.py:115} INFO - [2022-08-22 21:57:41,129] {dag.py:2420} INFO - Sync 1 DAGs
[2022-08-22 21:57:41,153] {logging_mixin.py:115} INFO - [2022-08-22 21:57:41,153] {dag.py:2972} INFO - Setting next_dagrun for example_sla_dag to 2022-08-22T21:54:00+00:00, run_after=2022-08-22T21:56:00+00:00
[2022-08-22 21:57:41,164] {processor.py:161} INFO - Processing /home/airflow/.local/lib/python3.7/site-packages/airflow/example_dags/example_sla_dag.py took 0.081 seconds
[2022-08-22 21:58:11,934] {processor.py:153} INFO - Started process (PID=608) to work on /home/airflow/.local/lib/python3.7/site-packages/airflow/example_dags/example_sla_dag.py
[2022-08-22 21:58:11,935] {processor.py:641} INFO - Processing file /home/airflow/.local/lib/python3.7/site-packages/airflow/example_dags/example_sla_dag.py for tasks to queue
[2022-08-22 21:58:11,935] {logging_mixin.py:115} INFO - [2022-08-22 21:58:11,935] {dagbag.py:508} INFO - Filling up the DagBag from /home/airflow/.local/lib/python3.7/site-packages/airflow/example_dags/example_sla_dag.py
[2022-08-22 21:58:11,949] {processor.py:651} INFO - DAG(s) dict_keys(['example_sla_dag']) retrieved from /home/airflow/.local/lib/python3.7/site-packages/airflow/example_dags/example_sla_dag.py
[2022-08-22 21:58:11,970] {logging_mixin.py:115} INFO - [2022-08-22 21:58:11,970] {dag.py:2420} INFO - Sync 1 DAGs
[2022-08-22 21:58:11,992] {logging_mixin.py:115} INFO - [2022-08-22 21:58:11,992] {dag.py:2972} INFO - Setting next_dagrun for example_sla_dag to 2022-08-22T21:56:00+00:00, run_after=2022-08-22T21:58:00+00:00
[2022-08-22 21:58:12,004] {processor.py:161} INFO - Processing /home/airflow/.local/lib/python3.7/site-packages/airflow/example_dags/example_sla_dag.py took 0.073 seconds
[2022-08-22 21:58:42,717] {processor.py:153} INFO - Started process (PID=669) to work on /home/airflow/.local/lib/python3.7/site-packages/airflow/example_dags/example_sla_dag.py
[2022-08-22 21:58:42,717] {processor.py:641} INFO - Processing file /home/airflow/.local/lib/python3.7/site-packages/airflow/example_dags/example_sla_dag.py for tasks to queue
[2022-08-22 21:58:42,717] {logging_mixin.py:115} INFO - [2022-08-22 21:58:42,717] {dagbag.py:508} INFO - Filling up the DagBag from /home/airflow/.local/lib/python3.7/site-packages/airflow/example_dags/example_sla_dag.py
[2022-08-22 21:58:42,732] {processor.py:651} INFO - DAG(s) dict_keys(['example_sla_dag']) retrieved from /home/airflow/.local/lib/python3.7/site-packages/airflow/example_dags/example_sla_dag.py
[2022-08-22 21:58:42,755] {logging_mixin.py:115} INFO - [2022-08-22 21:58:42,755] {dag.py:2420} INFO - Sync 1 DAGs
[2022-08-22 21:58:42,778] {logging_mixin.py:115} INFO - [2022-08-22 21:58:42,778] {dag.py:2972} INFO - Setting next_dagrun for example_sla_dag to 2022-08-22T21:56:00+00:00, run_after=2022-08-22T21:58:00+00:00
[2022-08-22 21:58:42,789] {processor.py:161} INFO - Processing /home/airflow/.local/lib/python3.7/site-packages/airflow/example_dags/example_sla_dag.py took 0.075 seconds
[2022-08-22 21:59:13,620] {processor.py:153} INFO - Started process (PID=730) to work on /home/airflow/.local/lib/python3.7/site-packages/airflow/example_dags/example_sla_dag.py
[2022-08-22 21:59:13,621] {processor.py:641} INFO - Processing file /home/airflow/.local/lib/python3.7/site-packages/airflow/example_dags/example_sla_dag.py for tasks to queue
[2022-08-22 21:59:13,621] {logging_mixin.py:115} INFO - [2022-08-22 21:59:13,621] {dagbag.py:508} INFO - Filling up the DagBag from /home/airflow/.local/lib/python3.7/site-packages/airflow/example_dags/example_sla_dag.py
[2022-08-22 21:59:13,638] {processor.py:651} INFO - DAG(s) dict_keys(['example_sla_dag']) retrieved from /home/airflow/.local/lib/python3.7/site-packages/airflow/example_dags/example_sla_dag.py
[2022-08-22 21:59:13,666] {logging_mixin.py:115} INFO - [2022-08-22 21:59:13,665] {dag.py:2420} INFO - Sync 1 DAGs
[2022-08-22 21:59:13,694] {logging_mixin.py:115} INFO - [2022-08-22 21:59:13,694] {dag.py:2972} INFO - Setting next_dagrun for example_sla_dag to 2022-08-22T21:56:00+00:00, run_after=2022-08-22T21:58:00+00:00
[2022-08-22 21:59:13,708] {processor.py:161} INFO - Processing /home/airflow/.local/lib/python3.7/site-packages/airflow/example_dags/example_sla_dag.py took 0.091 seconds
[2022-08-22 21:59:44,353] {processor.py:153} INFO - Started process (PID=782) to work on /home/airflow/.local/lib/python3.7/site-packages/airflow/example_dags/example_sla_dag.py
[2022-08-22 21:59:44,354] {processor.py:641} INFO - Processing file /home/airflow/.local/lib/python3.7/site-packages/airflow/example_dags/example_sla_dag.py for tasks to queue
[2022-08-22 21:59:44,354] {logging_mixin.py:115} INFO - [2022-08-22 21:59:44,354] {dagbag.py:508} INFO - Filling up the DagBag from /home/airflow/.local/lib/python3.7/site-packages/airflow/example_dags/example_sla_dag.py
[2022-08-22 21:59:44,368] {processor.py:651} INFO - DAG(s) dict_keys(['example_sla_dag']) retrieved from /home/airflow/.local/lib/python3.7/site-packages/airflow/example_dags/example_sla_dag.py
[2022-08-22 21:59:44,390] {logging_mixin.py:115} INFO - [2022-08-22 21:59:44,390] {dag.py:2420} INFO - Sync 1 DAGs
[2022-08-22 21:59:44,412] {logging_mixin.py:115} INFO - [2022-08-22 21:59:44,412] {dag.py:2972} INFO - Setting next_dagrun for example_sla_dag to 2022-08-22T21:56:00+00:00, run_after=2022-08-22T21:58:00+00:00
[2022-08-22 21:59:44,423] {processor.py:161} INFO - Processing /home/airflow/.local/lib/python3.7/site-packages/airflow/example_dags/example_sla_dag.py took 0.074 seconds
[2022-08-22 22:00:15,107] {processor.py:153} INFO - Started process (PID=843) to work on /home/airflow/.local/lib/python3.7/site-packages/airflow/example_dags/example_sla_dag.py
[2022-08-22 22:00:15,109] {processor.py:641} INFO - Processing file /home/airflow/.local/lib/python3.7/site-packages/airflow/example_dags/example_sla_dag.py for tasks to queue
[2022-08-22 22:00:15,109] {logging_mixin.py:115} INFO - [2022-08-22 22:00:15,109] {dagbag.py:508} INFO - Filling up the DagBag from /home/airflow/.local/lib/python3.7/site-packages/airflow/example_dags/example_sla_dag.py
[2022-08-22 22:00:15,128] {processor.py:651} INFO - DAG(s) dict_keys(['example_sla_dag']) retrieved from /home/airflow/.local/lib/python3.7/site-packages/airflow/example_dags/example_sla_dag.py
[2022-08-22 22:00:15,186] {logging_mixin.py:115} INFO - [2022-08-22 22:00:15,186] {dag.py:2420} INFO - Sync 1 DAGs
[2022-08-22 22:00:15,211] {logging_mixin.py:115} INFO - [2022-08-22 22:00:15,211] {dag.py:2972} INFO - Setting next_dagrun for example_sla_dag to 2022-08-22T21:58:00+00:00, run_after=2022-08-22T22:00:00+00:00
[2022-08-22 22:00:15,222] {processor.py:161} INFO - Processing /home/airflow/.local/lib/python3.7/site-packages/airflow/example_dags/example_sla_dag.py took 0.117 seconds
[2022-08-22 22:00:45,912] {processor.py:153} INFO - Started process (PID=904) to work on /home/airflow/.local/lib/python3.7/site-packages/airflow/example_dags/example_sla_dag.py
[2022-08-22 22:00:45,913] {processor.py:641} INFO - Processing file /home/airflow/.local/lib/python3.7/site-packages/airflow/example_dags/example_sla_dag.py for tasks to queue
[2022-08-22 22:00:45,914] {logging_mixin.py:115} INFO - [2022-08-22 22:00:45,913] {dagbag.py:508} INFO - Filling up the DagBag from /home/airflow/.local/lib/python3.7/site-packages/airflow/example_dags/example_sla_dag.py
[2022-08-22 22:00:45,928] {processor.py:651} INFO - DAG(s) dict_keys(['example_sla_dag']) retrieved from /home/airflow/.local/lib/python3.7/site-packages/airflow/example_dags/example_sla_dag.py
[2022-08-22 22:00:45,951] {logging_mixin.py:115} INFO - [2022-08-22 22:00:45,950] {dag.py:2420} INFO - Sync 1 DAGs
[2022-08-22 22:00:45,974] {logging_mixin.py:115} INFO - [2022-08-22 22:00:45,974] {dag.py:2972} INFO - Setting next_dagrun for example_sla_dag to 2022-08-22T21:58:00+00:00, run_after=2022-08-22T22:00:00+00:00
[2022-08-22 22:00:45,985] {processor.py:161} INFO - Processing /home/airflow/.local/lib/python3.7/site-packages/airflow/example_dags/example_sla_dag.py took 0.075 seconds
[2022-08-22 22:01:16,782] {processor.py:153} INFO - Started process (PID=956) to work on /home/airflow/.local/lib/python3.7/site-packages/airflow/example_dags/example_sla_dag.py
[2022-08-22 22:01:16,783] {processor.py:641} INFO - Processing file /home/airflow/.local/lib/python3.7/site-packages/airflow/example_dags/example_sla_dag.py for tasks to queue
[2022-08-22 22:01:16,783] {logging_mixin.py:115} INFO - [2022-08-22 22:01:16,783] {dagbag.py:508} INFO - Filling up the DagBag from /home/airflow/.local/lib/python3.7/site-packages/airflow/example_dags/example_sla_dag.py
[2022-08-22 22:01:16,797] {processor.py:651} INFO - DAG(s) dict_keys(['example_sla_dag']) retrieved from /home/airflow/.local/lib/python3.7/site-packages/airflow/example_dags/example_sla_dag.py
[2022-08-22 22:01:16,822] {logging_mixin.py:115} INFO - [2022-08-22 22:01:16,822] {dag.py:2420} INFO - Sync 1 DAGs
[2022-08-22 22:01:16,845] {logging_mixin.py:115} INFO - [2022-08-22 22:01:16,845] {dag.py:2972} INFO - Setting next_dagrun for example_sla_dag to 2022-08-22T21:58:00+00:00, run_after=2022-08-22T22:00:00+00:00
[2022-08-22 22:01:16,855] {processor.py:161} INFO - Processing /home/airflow/.local/lib/python3.7/site-packages/airflow/example_dags/example_sla_dag.py took 0.075 seconds
[2022-08-22 22:01:47,752] {processor.py:153} INFO - Started process (PID=1017) to work on /home/airflow/.local/lib/python3.7/site-packages/airflow/example_dags/example_sla_dag.py
[2022-08-22 22:01:47,753] {processor.py:641} INFO - Processing file /home/airflow/.local/lib/python3.7/site-packages/airflow/example_dags/example_sla_dag.py for tasks to queue
[2022-08-22 22:01:47,754] {logging_mixin.py:115} INFO - [2022-08-22 22:01:47,754] {dagbag.py:508} INFO - Filling up the DagBag from /home/airflow/.local/lib/python3.7/site-packages/airflow/example_dags/example_sla_dag.py
[2022-08-22 22:01:47,771] {processor.py:651} INFO - DAG(s) dict_keys(['example_sla_dag']) retrieved from /home/airflow/.local/lib/python3.7/site-packages/airflow/example_dags/example_sla_dag.py
[2022-08-22 22:01:47,794] {logging_mixin.py:115} INFO - [2022-08-22 22:01:47,794] {dag.py:2420} INFO - Sync 1 DAGs
[2022-08-22 22:01:47,820] {logging_mixin.py:115} INFO - [2022-08-22 22:01:47,820] {dag.py:2972} INFO - Setting next_dagrun for example_sla_dag to 2022-08-22T21:58:00+00:00, run_after=2022-08-22T22:00:00+00:00
[2022-08-22 22:01:47,832] {processor.py:161} INFO - Processing /home/airflow/.local/lib/python3.7/site-packages/airflow/example_dags/example_sla_dag.py took 0.082 seconds
[2022-08-22 22:02:18,538] {processor.py:153} INFO - Started process (PID=1078) to work on /home/airflow/.local/lib/python3.7/site-packages/airflow/example_dags/example_sla_dag.py
[2022-08-22 22:02:18,538] {processor.py:641} INFO - Processing file /home/airflow/.local/lib/python3.7/site-packages/airflow/example_dags/example_sla_dag.py for tasks to queue
[2022-08-22 22:02:18,539] {logging_mixin.py:115} INFO - [2022-08-22 22:02:18,539] {dagbag.py:508} INFO - Filling up the DagBag from /home/airflow/.local/lib/python3.7/site-packages/airflow/example_dags/example_sla_dag.py
[2022-08-22 22:02:18,553] {processor.py:651} INFO - DAG(s) dict_keys(['example_sla_dag']) retrieved from /home/airflow/.local/lib/python3.7/site-packages/airflow/example_dags/example_sla_dag.py
[2022-08-22 22:02:18,574] {logging_mixin.py:115} INFO - [2022-08-22 22:02:18,574] {dag.py:2420} INFO - Sync 1 DAGs
[2022-08-22 22:02:18,599] {logging_mixin.py:115} INFO - [2022-08-22 22:02:18,599] {dag.py:2972} INFO - Setting next_dagrun for example_sla_dag to 2022-08-22T22:00:00+00:00, run_after=2022-08-22T22:02:00+00:00
[2022-08-22 22:02:18,608] {processor.py:161} INFO - Processing /home/airflow/.local/lib/python3.7/site-packages/airflow/example_dags/example_sla_dag.py took 0.072 seconds
[2022-08-22 22:02:49,427] {processor.py:153} INFO - Started process (PID=1139) to work on /home/airflow/.local/lib/python3.7/site-packages/airflow/example_dags/example_sla_dag.py
[2022-08-22 22:02:49,428] {processor.py:641} INFO - Processing file /home/airflow/.local/lib/python3.7/site-packages/airflow/example_dags/example_sla_dag.py for tasks to queue
[2022-08-22 22:02:49,428] {logging_mixin.py:115} INFO - [2022-08-22 22:02:49,428] {dagbag.py:508} INFO - Filling up the DagBag from /home/airflow/.local/lib/python3.7/site-packages/airflow/example_dags/example_sla_dag.py
[2022-08-22 22:02:49,445] {processor.py:651} INFO - DAG(s) dict_keys(['example_sla_dag']) retrieved from /home/airflow/.local/lib/python3.7/site-packages/airflow/example_dags/example_sla_dag.py
[2022-08-22 22:02:49,469] {logging_mixin.py:115} INFO - [2022-08-22 22:02:49,469] {dag.py:2420} INFO - Sync 1 DAGs
[2022-08-22 22:02:49,494] {logging_mixin.py:115} INFO - [2022-08-22 22:02:49,494] {dag.py:2972} INFO - Setting next_dagrun for example_sla_dag to 2022-08-22T22:00:00+00:00, run_after=2022-08-22T22:02:00+00:00
[2022-08-22 22:02:49,505] {processor.py:161} INFO - Processing /home/airflow/.local/lib/python3.7/site-packages/airflow/example_dags/example_sla_dag.py took 0.080 seconds
[2022-08-22 22:03:20,337] {processor.py:153} INFO - Started process (PID=1191) to work on /home/airflow/.local/lib/python3.7/site-packages/airflow/example_dags/example_sla_dag.py
[2022-08-22 22:03:20,337] {processor.py:641} INFO - Processing file /home/airflow/.local/lib/python3.7/site-packages/airflow/example_dags/example_sla_dag.py for tasks to queue
[2022-08-22 22:03:20,338] {logging_mixin.py:115} INFO - [2022-08-22 22:03:20,338] {dagbag.py:508} INFO - Filling up the DagBag from /home/airflow/.local/lib/python3.7/site-packages/airflow/example_dags/example_sla_dag.py
[2022-08-22 22:03:20,355] {processor.py:651} INFO - DAG(s) dict_keys(['example_sla_dag']) retrieved from /home/airflow/.local/lib/python3.7/site-packages/airflow/example_dags/example_sla_dag.py
[2022-08-22 22:03:20,381] {logging_mixin.py:115} INFO - [2022-08-22 22:03:20,381] {dag.py:2420} INFO - Sync 1 DAGs
[2022-08-22 22:03:20,414] {logging_mixin.py:115} INFO - [2022-08-22 22:03:20,414] {dag.py:2972} INFO - Setting next_dagrun for example_sla_dag to 2022-08-22T22:00:00+00:00, run_after=2022-08-22T22:02:00+00:00
[2022-08-22 22:03:20,426] {processor.py:161} INFO - Processing /home/airflow/.local/lib/python3.7/site-packages/airflow/example_dags/example_sla_dag.py took 0.091 seconds
[2022-08-22 22:03:51,169] {processor.py:153} INFO - Started process (PID=1252) to work on /home/airflow/.local/lib/python3.7/site-packages/airflow/example_dags/example_sla_dag.py
[2022-08-22 22:03:51,169] {processor.py:641} INFO - Processing file /home/airflow/.local/lib/python3.7/site-packages/airflow/example_dags/example_sla_dag.py for tasks to queue
[2022-08-22 22:03:51,170] {logging_mixin.py:115} INFO - [2022-08-22 22:03:51,170] {dagbag.py:508} INFO - Filling up the DagBag from /home/airflow/.local/lib/python3.7/site-packages/airflow/example_dags/example_sla_dag.py
[2022-08-22 22:03:51,184] {processor.py:651} INFO - DAG(s) dict_keys(['example_sla_dag']) retrieved from /home/airflow/.local/lib/python3.7/site-packages/airflow/example_dags/example_sla_dag.py
[2022-08-22 22:03:51,204] {logging_mixin.py:115} INFO - [2022-08-22 22:03:51,204] {dag.py:2420} INFO - Sync 1 DAGs
[2022-08-22 22:03:51,226] {logging_mixin.py:115} INFO - [2022-08-22 22:03:51,226] {dag.py:2972} INFO - Setting next_dagrun for example_sla_dag to 2022-08-22T22:00:00+00:00, run_after=2022-08-22T22:02:00+00:00
[2022-08-22 22:03:51,235] {processor.py:161} INFO - Processing /home/airflow/.local/lib/python3.7/site-packages/airflow/example_dags/example_sla_dag.py took 0.068 seconds
[2022-08-22 22:04:21,736] {processor.py:153} INFO - Started process (PID=1313) to work on /home/airflow/.local/lib/python3.7/site-packages/airflow/example_dags/example_sla_dag.py
[2022-08-22 22:04:21,737] {processor.py:641} INFO - Processing file /home/airflow/.local/lib/python3.7/site-packages/airflow/example_dags/example_sla_dag.py for tasks to queue
[2022-08-22 22:04:21,737] {logging_mixin.py:115} INFO - [2022-08-22 22:04:21,737] {dagbag.py:508} INFO - Filling up the DagBag from /home/airflow/.local/lib/python3.7/site-packages/airflow/example_dags/example_sla_dag.py
[2022-08-22 22:04:21,751] {processor.py:651} INFO - DAG(s) dict_keys(['example_sla_dag']) retrieved from /home/airflow/.local/lib/python3.7/site-packages/airflow/example_dags/example_sla_dag.py
[2022-08-22 22:04:21,769] {logging_mixin.py:115} INFO - [2022-08-22 22:04:21,769] {dag.py:2420} INFO - Sync 1 DAGs
[2022-08-22 22:04:21,791] {logging_mixin.py:115} INFO - [2022-08-22 22:04:21,790] {dag.py:2972} INFO - Setting next_dagrun for example_sla_dag to 2022-08-22T22:02:00+00:00, run_after=2022-08-22T22:04:00+00:00
[2022-08-22 22:04:21,800] {processor.py:161} INFO - Processing /home/airflow/.local/lib/python3.7/site-packages/airflow/example_dags/example_sla_dag.py took 0.066 seconds
[2022-08-22 22:04:52,270] {processor.py:153} INFO - Started process (PID=1365) to work on /home/airflow/.local/lib/python3.7/site-packages/airflow/example_dags/example_sla_dag.py
[2022-08-22 22:04:52,271] {processor.py:641} INFO - Processing file /home/airflow/.local/lib/python3.7/site-packages/airflow/example_dags/example_sla_dag.py for tasks to queue
[2022-08-22 22:04:52,272] {logging_mixin.py:115} INFO - [2022-08-22 22:04:52,271] {dagbag.py:508} INFO - Filling up the DagBag from /home/airflow/.local/lib/python3.7/site-packages/airflow/example_dags/example_sla_dag.py
[2022-08-22 22:04:52,296] {processor.py:651} INFO - DAG(s) dict_keys(['example_sla_dag']) retrieved from /home/airflow/.local/lib/python3.7/site-packages/airflow/example_dags/example_sla_dag.py
[2022-08-22 22:04:52,318] {logging_mixin.py:115} INFO - [2022-08-22 22:04:52,318] {dag.py:2420} INFO - Sync 1 DAGs
[2022-08-22 22:04:52,340] {logging_mixin.py:115} INFO - [2022-08-22 22:04:52,340] {dag.py:2972} INFO - Setting next_dagrun for example_sla_dag to 2022-08-22T22:02:00+00:00, run_after=2022-08-22T22:04:00+00:00
[2022-08-22 22:04:52,349] {processor.py:161} INFO - Processing /home/airflow/.local/lib/python3.7/site-packages/airflow/example_dags/example_sla_dag.py took 0.083 seconds
[2022-08-22 22:05:22,965] {processor.py:153} INFO - Started process (PID=1426) to work on /home/airflow/.local/lib/python3.7/site-packages/airflow/example_dags/example_sla_dag.py
[2022-08-22 22:05:22,966] {processor.py:641} INFO - Processing file /home/airflow/.local/lib/python3.7/site-packages/airflow/example_dags/example_sla_dag.py for tasks to queue
[2022-08-22 22:05:22,966] {logging_mixin.py:115} INFO - [2022-08-22 22:05:22,966] {dagbag.py:508} INFO - Filling up the DagBag from /home/airflow/.local/lib/python3.7/site-packages/airflow/example_dags/example_sla_dag.py
[2022-08-22 22:05:22,979] {processor.py:651} INFO - DAG(s) dict_keys(['example_sla_dag']) retrieved from /home/airflow/.local/lib/python3.7/site-packages/airflow/example_dags/example_sla_dag.py
[2022-08-22 22:05:23,006] {logging_mixin.py:115} INFO - [2022-08-22 22:05:23,006] {dag.py:2420} INFO - Sync 1 DAGs
[2022-08-22 22:05:23,028] {logging_mixin.py:115} INFO - [2022-08-22 22:05:23,028] {dag.py:2972} INFO - Setting next_dagrun for example_sla_dag to 2022-08-22T22:02:00+00:00, run_after=2022-08-22T22:04:00+00:00
[2022-08-22 22:05:23,038] {processor.py:161} INFO - Processing /home/airflow/.local/lib/python3.7/site-packages/airflow/example_dags/example_sla_dag.py took 0.075 seconds
[2022-08-22 22:05:53,634] {processor.py:153} INFO - Started process (PID=1487) to work on /home/airflow/.local/lib/python3.7/site-packages/airflow/example_dags/example_sla_dag.py
[2022-08-22 22:05:53,634] {processor.py:641} INFO - Processing file /home/airflow/.local/lib/python3.7/site-packages/airflow/example_dags/example_sla_dag.py for tasks to queue
[2022-08-22 22:05:53,635] {logging_mixin.py:115} INFO - [2022-08-22 22:05:53,635] {dagbag.py:508} INFO - Filling up the DagBag from /home/airflow/.local/lib/python3.7/site-packages/airflow/example_dags/example_sla_dag.py
[2022-08-22 22:05:53,647] {processor.py:651} INFO - DAG(s) dict_keys(['example_sla_dag']) retrieved from /home/airflow/.local/lib/python3.7/site-packages/airflow/example_dags/example_sla_dag.py
[2022-08-22 22:05:53,666] {logging_mixin.py:115} INFO - [2022-08-22 22:05:53,666] {dag.py:2420} INFO - Sync 1 DAGs
[2022-08-22 22:05:53,687] {logging_mixin.py:115} INFO - [2022-08-22 22:05:53,687] {dag.py:2972} INFO - Setting next_dagrun for example_sla_dag to 2022-08-22T22:02:00+00:00, run_after=2022-08-22T22:04:00+00:00
[2022-08-22 22:05:53,698] {processor.py:161} INFO - Processing /home/airflow/.local/lib/python3.7/site-packages/airflow/example_dags/example_sla_dag.py took 0.066 seconds
[2022-08-22 22:06:24,325] {processor.py:153} INFO - Started process (PID=1548) to work on /home/airflow/.local/lib/python3.7/site-packages/airflow/example_dags/example_sla_dag.py
[2022-08-22 22:06:24,326] {processor.py:641} INFO - Processing file /home/airflow/.local/lib/python3.7/site-packages/airflow/example_dags/example_sla_dag.py for tasks to queue
[2022-08-22 22:06:24,326] {logging_mixin.py:115} INFO - [2022-08-22 22:06:24,326] {dagbag.py:508} INFO - Filling up the DagBag from /home/airflow/.local/lib/python3.7/site-packages/airflow/example_dags/example_sla_dag.py
[2022-08-22 22:06:24,342] {processor.py:651} INFO - DAG(s) dict_keys(['example_sla_dag']) retrieved from /home/airflow/.local/lib/python3.7/site-packages/airflow/example_dags/example_sla_dag.py
[2022-08-22 22:06:24,365] {logging_mixin.py:115} INFO - [2022-08-22 22:06:24,365] {dag.py:2420} INFO - Sync 1 DAGs
[2022-08-22 22:06:24,387] {logging_mixin.py:115} INFO - [2022-08-22 22:06:24,387] {dag.py:2972} INFO - Setting next_dagrun for example_sla_dag to 2022-08-22T22:04:00+00:00, run_after=2022-08-22T22:06:00+00:00
[2022-08-22 22:06:24,399] {processor.py:161} INFO - Processing /home/airflow/.local/lib/python3.7/site-packages/airflow/example_dags/example_sla_dag.py took 0.077 seconds
[2022-08-22 22:06:54,896] {processor.py:153} INFO - Started process (PID=1600) to work on /home/airflow/.local/lib/python3.7/site-packages/airflow/example_dags/example_sla_dag.py
[2022-08-22 22:06:54,896] {processor.py:641} INFO - Processing file /home/airflow/.local/lib/python3.7/site-packages/airflow/example_dags/example_sla_dag.py for tasks to queue
[2022-08-22 22:06:54,897] {logging_mixin.py:115} INFO - [2022-08-22 22:06:54,897] {dagbag.py:508} INFO - Filling up the DagBag from /home/airflow/.local/lib/python3.7/site-packages/airflow/example_dags/example_sla_dag.py
[2022-08-22 22:06:54,921] {processor.py:651} INFO - DAG(s) dict_keys(['example_sla_dag']) retrieved from /home/airflow/.local/lib/python3.7/site-packages/airflow/example_dags/example_sla_dag.py
[2022-08-22 22:06:54,942] {logging_mixin.py:115} INFO - [2022-08-22 22:06:54,942] {dag.py:2420} INFO - Sync 1 DAGs
[2022-08-22 22:06:54,963] {logging_mixin.py:115} INFO - [2022-08-22 22:06:54,963] {dag.py:2972} INFO - Setting next_dagrun for example_sla_dag to 2022-08-22T22:04:00+00:00, run_after=2022-08-22T22:06:00+00:00
[2022-08-22 22:06:54,973] {processor.py:161} INFO - Processing /home/airflow/.local/lib/python3.7/site-packages/airflow/example_dags/example_sla_dag.py took 0.081 seconds
[2022-08-22 22:07:25,577] {processor.py:153} INFO - Started process (PID=1661) to work on /home/airflow/.local/lib/python3.7/site-packages/airflow/example_dags/example_sla_dag.py
[2022-08-22 22:07:25,578] {processor.py:641} INFO - Processing file /home/airflow/.local/lib/python3.7/site-packages/airflow/example_dags/example_sla_dag.py for tasks to queue
[2022-08-22 22:07:25,579] {logging_mixin.py:115} INFO - [2022-08-22 22:07:25,578] {dagbag.py:508} INFO - Filling up the DagBag from /home/airflow/.local/lib/python3.7/site-packages/airflow/example_dags/example_sla_dag.py
[2022-08-22 22:07:25,604] {processor.py:651} INFO - DAG(s) dict_keys(['example_sla_dag']) retrieved from /home/airflow/.local/lib/python3.7/site-packages/airflow/example_dags/example_sla_dag.py
[2022-08-22 22:07:25,626] {logging_mixin.py:115} INFO - [2022-08-22 22:07:25,626] {dag.py:2420} INFO - Sync 1 DAGs
[2022-08-22 22:07:25,645] {logging_mixin.py:115} INFO - [2022-08-22 22:07:25,645] {dag.py:2972} INFO - Setting next_dagrun for example_sla_dag to 2022-08-22T22:04:00+00:00, run_after=2022-08-22T22:06:00+00:00
[2022-08-22 22:07:25,654] {processor.py:161} INFO - Processing /home/airflow/.local/lib/python3.7/site-packages/airflow/example_dags/example_sla_dag.py took 0.081 seconds
[2022-08-22 22:07:56,216] {processor.py:153} INFO - Started process (PID=1722) to work on /home/airflow/.local/lib/python3.7/site-packages/airflow/example_dags/example_sla_dag.py
[2022-08-22 22:07:56,217] {processor.py:641} INFO - Processing file /home/airflow/.local/lib/python3.7/site-packages/airflow/example_dags/example_sla_dag.py for tasks to queue
[2022-08-22 22:07:56,217] {logging_mixin.py:115} INFO - [2022-08-22 22:07:56,217] {dagbag.py:508} INFO - Filling up the DagBag from /home/airflow/.local/lib/python3.7/site-packages/airflow/example_dags/example_sla_dag.py
[2022-08-22 22:07:56,231] {processor.py:651} INFO - DAG(s) dict_keys(['example_sla_dag']) retrieved from /home/airflow/.local/lib/python3.7/site-packages/airflow/example_dags/example_sla_dag.py
[2022-08-22 22:07:56,250] {logging_mixin.py:115} INFO - [2022-08-22 22:07:56,250] {dag.py:2420} INFO - Sync 1 DAGs
[2022-08-22 22:07:56,271] {logging_mixin.py:115} INFO - [2022-08-22 22:07:56,271] {dag.py:2972} INFO - Setting next_dagrun for example_sla_dag to 2022-08-22T22:04:00+00:00, run_after=2022-08-22T22:06:00+00:00
[2022-08-22 22:07:56,282] {processor.py:161} INFO - Processing /home/airflow/.local/lib/python3.7/site-packages/airflow/example_dags/example_sla_dag.py took 0.068 seconds
[2022-08-22 22:08:27,003] {processor.py:153} INFO - Started process (PID=1783) to work on /home/airflow/.local/lib/python3.7/site-packages/airflow/example_dags/example_sla_dag.py
[2022-08-22 22:08:27,005] {processor.py:641} INFO - Processing file /home/airflow/.local/lib/python3.7/site-packages/airflow/example_dags/example_sla_dag.py for tasks to queue
[2022-08-22 22:08:27,006] {logging_mixin.py:115} INFO - [2022-08-22 22:08:27,005] {dagbag.py:508} INFO - Filling up the DagBag from /home/airflow/.local/lib/python3.7/site-packages/airflow/example_dags/example_sla_dag.py
[2022-08-22 22:08:27,029] {processor.py:651} INFO - DAG(s) dict_keys(['example_sla_dag']) retrieved from /home/airflow/.local/lib/python3.7/site-packages/airflow/example_dags/example_sla_dag.py
[2022-08-22 22:08:27,061] {logging_mixin.py:115} INFO - [2022-08-22 22:08:27,061] {dag.py:2420} INFO - Sync 1 DAGs
[2022-08-22 22:08:27,089] {logging_mixin.py:115} INFO - [2022-08-22 22:08:27,089] {dag.py:2972} INFO - Setting next_dagrun for example_sla_dag to 2022-08-22T22:06:00+00:00, run_after=2022-08-22T22:08:00+00:00
[2022-08-22 22:08:27,103] {processor.py:161} INFO - Processing /home/airflow/.local/lib/python3.7/site-packages/airflow/example_dags/example_sla_dag.py took 0.104 seconds
[2022-08-22 22:08:57,682] {processor.py:153} INFO - Started process (PID=1835) to work on /home/airflow/.local/lib/python3.7/site-packages/airflow/example_dags/example_sla_dag.py
[2022-08-22 22:08:57,682] {processor.py:641} INFO - Processing file /home/airflow/.local/lib/python3.7/site-packages/airflow/example_dags/example_sla_dag.py for tasks to queue
[2022-08-22 22:08:57,683] {logging_mixin.py:115} INFO - [2022-08-22 22:08:57,683] {dagbag.py:508} INFO - Filling up the DagBag from /home/airflow/.local/lib/python3.7/site-packages/airflow/example_dags/example_sla_dag.py
[2022-08-22 22:08:57,696] {processor.py:651} INFO - DAG(s) dict_keys(['example_sla_dag']) retrieved from /home/airflow/.local/lib/python3.7/site-packages/airflow/example_dags/example_sla_dag.py
[2022-08-22 22:08:57,715] {logging_mixin.py:115} INFO - [2022-08-22 22:08:57,715] {dag.py:2420} INFO - Sync 1 DAGs
[2022-08-22 22:08:57,735] {logging_mixin.py:115} INFO - [2022-08-22 22:08:57,735] {dag.py:2972} INFO - Setting next_dagrun for example_sla_dag to 2022-08-22T22:06:00+00:00, run_after=2022-08-22T22:08:00+00:00
[2022-08-22 22:08:57,744] {processor.py:161} INFO - Processing /home/airflow/.local/lib/python3.7/site-packages/airflow/example_dags/example_sla_dag.py took 0.064 seconds
[2022-08-22 22:09:28,257] {processor.py:153} INFO - Started process (PID=1896) to work on /home/airflow/.local/lib/python3.7/site-packages/airflow/example_dags/example_sla_dag.py
[2022-08-22 22:09:28,257] {processor.py:641} INFO - Processing file /home/airflow/.local/lib/python3.7/site-packages/airflow/example_dags/example_sla_dag.py for tasks to queue
[2022-08-22 22:09:28,257] {logging_mixin.py:115} INFO - [2022-08-22 22:09:28,257] {dagbag.py:508} INFO - Filling up the DagBag from /home/airflow/.local/lib/python3.7/site-packages/airflow/example_dags/example_sla_dag.py
[2022-08-22 22:09:28,271] {processor.py:651} INFO - DAG(s) dict_keys(['example_sla_dag']) retrieved from /home/airflow/.local/lib/python3.7/site-packages/airflow/example_dags/example_sla_dag.py
[2022-08-22 22:09:28,290] {logging_mixin.py:115} INFO - [2022-08-22 22:09:28,290] {dag.py:2420} INFO - Sync 1 DAGs
[2022-08-22 22:09:28,311] {logging_mixin.py:115} INFO - [2022-08-22 22:09:28,311] {dag.py:2972} INFO - Setting next_dagrun for example_sla_dag to 2022-08-22T22:06:00+00:00, run_after=2022-08-22T22:08:00+00:00
[2022-08-22 22:09:28,321] {processor.py:161} INFO - Processing /home/airflow/.local/lib/python3.7/site-packages/airflow/example_dags/example_sla_dag.py took 0.067 seconds
[2022-08-22 22:09:59,005] {processor.py:153} INFO - Started process (PID=1957) to work on /home/airflow/.local/lib/python3.7/site-packages/airflow/example_dags/example_sla_dag.py
[2022-08-22 22:09:59,006] {processor.py:641} INFO - Processing file /home/airflow/.local/lib/python3.7/site-packages/airflow/example_dags/example_sla_dag.py for tasks to queue
[2022-08-22 22:09:59,006] {logging_mixin.py:115} INFO - [2022-08-22 22:09:59,006] {dagbag.py:508} INFO - Filling up the DagBag from /home/airflow/.local/lib/python3.7/site-packages/airflow/example_dags/example_sla_dag.py
[2022-08-22 22:09:59,020] {processor.py:651} INFO - DAG(s) dict_keys(['example_sla_dag']) retrieved from /home/airflow/.local/lib/python3.7/site-packages/airflow/example_dags/example_sla_dag.py
[2022-08-22 22:09:59,039] {logging_mixin.py:115} INFO - [2022-08-22 22:09:59,039] {dag.py:2420} INFO - Sync 1 DAGs
[2022-08-22 22:09:59,061] {logging_mixin.py:115} INFO - [2022-08-22 22:09:59,061] {dag.py:2972} INFO - Setting next_dagrun for example_sla_dag to 2022-08-22T22:06:00+00:00, run_after=2022-08-22T22:08:00+00:00
[2022-08-22 22:09:59,071] {processor.py:161} INFO - Processing /home/airflow/.local/lib/python3.7/site-packages/airflow/example_dags/example_sla_dag.py took 0.068 seconds
[2022-08-22 22:10:29,718] {processor.py:153} INFO - Started process (PID=2009) to work on /home/airflow/.local/lib/python3.7/site-packages/airflow/example_dags/example_sla_dag.py
[2022-08-22 22:10:29,719] {processor.py:641} INFO - Processing file /home/airflow/.local/lib/python3.7/site-packages/airflow/example_dags/example_sla_dag.py for tasks to queue
[2022-08-22 22:10:29,719] {logging_mixin.py:115} INFO - [2022-08-22 22:10:29,719] {dagbag.py:508} INFO - Filling up the DagBag from /home/airflow/.local/lib/python3.7/site-packages/airflow/example_dags/example_sla_dag.py
[2022-08-22 22:10:29,733] {processor.py:651} INFO - DAG(s) dict_keys(['example_sla_dag']) retrieved from /home/airflow/.local/lib/python3.7/site-packages/airflow/example_dags/example_sla_dag.py
[2022-08-22 22:10:29,762] {logging_mixin.py:115} INFO - [2022-08-22 22:10:29,762] {dag.py:2420} INFO - Sync 1 DAGs
[2022-08-22 22:10:29,782] {logging_mixin.py:115} INFO - [2022-08-22 22:10:29,781] {dag.py:2972} INFO - Setting next_dagrun for example_sla_dag to 2022-08-22T22:08:00+00:00, run_after=2022-08-22T22:10:00+00:00
[2022-08-22 22:10:29,790] {processor.py:161} INFO - Processing /home/airflow/.local/lib/python3.7/site-packages/airflow/example_dags/example_sla_dag.py took 0.074 seconds
[2022-08-22 22:11:00,401] {processor.py:153} INFO - Started process (PID=2070) to work on /home/airflow/.local/lib/python3.7/site-packages/airflow/example_dags/example_sla_dag.py
[2022-08-22 22:11:00,401] {processor.py:641} INFO - Processing file /home/airflow/.local/lib/python3.7/site-packages/airflow/example_dags/example_sla_dag.py for tasks to queue
[2022-08-22 22:11:00,401] {logging_mixin.py:115} INFO - [2022-08-22 22:11:00,401] {dagbag.py:508} INFO - Filling up the DagBag from /home/airflow/.local/lib/python3.7/site-packages/airflow/example_dags/example_sla_dag.py
[2022-08-22 22:11:00,415] {processor.py:651} INFO - DAG(s) dict_keys(['example_sla_dag']) retrieved from /home/airflow/.local/lib/python3.7/site-packages/airflow/example_dags/example_sla_dag.py
[2022-08-22 22:11:00,436] {logging_mixin.py:115} INFO - [2022-08-22 22:11:00,436] {dag.py:2420} INFO - Sync 1 DAGs
[2022-08-22 22:11:00,456] {logging_mixin.py:115} INFO - [2022-08-22 22:11:00,456] {dag.py:2972} INFO - Setting next_dagrun for example_sla_dag to 2022-08-22T22:08:00+00:00, run_after=2022-08-22T22:10:00+00:00
[2022-08-22 22:11:00,465] {processor.py:161} INFO - Processing /home/airflow/.local/lib/python3.7/site-packages/airflow/example_dags/example_sla_dag.py took 0.067 seconds
[2022-08-22 22:11:30,925] {processor.py:153} INFO - Started process (PID=2130) to work on /home/airflow/.local/lib/python3.7/site-packages/airflow/example_dags/example_sla_dag.py
[2022-08-22 22:11:30,926] {processor.py:641} INFO - Processing file /home/airflow/.local/lib/python3.7/site-packages/airflow/example_dags/example_sla_dag.py for tasks to queue
[2022-08-22 22:11:30,926] {logging_mixin.py:115} INFO - [2022-08-22 22:11:30,926] {dagbag.py:508} INFO - Filling up the DagBag from /home/airflow/.local/lib/python3.7/site-packages/airflow/example_dags/example_sla_dag.py
[2022-08-22 22:11:30,939] {processor.py:651} INFO - DAG(s) dict_keys(['example_sla_dag']) retrieved from /home/airflow/.local/lib/python3.7/site-packages/airflow/example_dags/example_sla_dag.py
[2022-08-22 22:11:30,958] {logging_mixin.py:115} INFO - [2022-08-22 22:11:30,958] {dag.py:2420} INFO - Sync 1 DAGs
[2022-08-22 22:11:30,978] {logging_mixin.py:115} INFO - [2022-08-22 22:11:30,978] {dag.py:2972} INFO - Setting next_dagrun for example_sla_dag to 2022-08-22T22:08:00+00:00, run_after=2022-08-22T22:10:00+00:00
[2022-08-22 22:11:30,992] {processor.py:161} INFO - Processing /home/airflow/.local/lib/python3.7/site-packages/airflow/example_dags/example_sla_dag.py took 0.069 seconds
[2022-08-22 22:12:01,464] {processor.py:153} INFO - Started process (PID=2191) to work on /home/airflow/.local/lib/python3.7/site-packages/airflow/example_dags/example_sla_dag.py
[2022-08-22 22:12:01,464] {processor.py:641} INFO - Processing file /home/airflow/.local/lib/python3.7/site-packages/airflow/example_dags/example_sla_dag.py for tasks to queue
[2022-08-22 22:12:01,464] {logging_mixin.py:115} INFO - [2022-08-22 22:12:01,464] {dagbag.py:508} INFO - Filling up the DagBag from /home/airflow/.local/lib/python3.7/site-packages/airflow/example_dags/example_sla_dag.py
[2022-08-22 22:12:01,477] {processor.py:651} INFO - DAG(s) dict_keys(['example_sla_dag']) retrieved from /home/airflow/.local/lib/python3.7/site-packages/airflow/example_dags/example_sla_dag.py
[2022-08-22 22:12:01,497] {logging_mixin.py:115} INFO - [2022-08-22 22:12:01,497] {dag.py:2420} INFO - Sync 1 DAGs
[2022-08-22 22:12:01,518] {logging_mixin.py:115} INFO - [2022-08-22 22:12:01,518] {dag.py:2972} INFO - Setting next_dagrun for example_sla_dag to 2022-08-22T22:10:00+00:00, run_after=2022-08-22T22:12:00+00:00
[2022-08-22 22:12:01,528] {processor.py:161} INFO - Processing /home/airflow/.local/lib/python3.7/site-packages/airflow/example_dags/example_sla_dag.py took 0.066 seconds
[2022-08-22 22:12:31,994] {processor.py:153} INFO - Started process (PID=2243) to work on /home/airflow/.local/lib/python3.7/site-packages/airflow/example_dags/example_sla_dag.py
[2022-08-22 22:12:31,995] {processor.py:641} INFO - Processing file /home/airflow/.local/lib/python3.7/site-packages/airflow/example_dags/example_sla_dag.py for tasks to queue
[2022-08-22 22:12:31,995] {logging_mixin.py:115} INFO - [2022-08-22 22:12:31,995] {dagbag.py:508} INFO - Filling up the DagBag from /home/airflow/.local/lib/python3.7/site-packages/airflow/example_dags/example_sla_dag.py
[2022-08-22 22:12:32,008] {processor.py:651} INFO - DAG(s) dict_keys(['example_sla_dag']) retrieved from /home/airflow/.local/lib/python3.7/site-packages/airflow/example_dags/example_sla_dag.py
[2022-08-22 22:12:32,028] {logging_mixin.py:115} INFO - [2022-08-22 22:12:32,027] {dag.py:2420} INFO - Sync 1 DAGs
[2022-08-22 22:12:32,050] {logging_mixin.py:115} INFO - [2022-08-22 22:12:32,050] {dag.py:2972} INFO - Setting next_dagrun for example_sla_dag to 2022-08-22T22:10:00+00:00, run_after=2022-08-22T22:12:00+00:00
[2022-08-22 22:12:32,059] {processor.py:161} INFO - Processing /home/airflow/.local/lib/python3.7/site-packages/airflow/example_dags/example_sla_dag.py took 0.067 seconds
[2022-08-22 22:13:02,684] {processor.py:153} INFO - Started process (PID=2304) to work on /home/airflow/.local/lib/python3.7/site-packages/airflow/example_dags/example_sla_dag.py
[2022-08-22 22:13:02,685] {processor.py:641} INFO - Processing file /home/airflow/.local/lib/python3.7/site-packages/airflow/example_dags/example_sla_dag.py for tasks to queue
[2022-08-22 22:13:02,686] {logging_mixin.py:115} INFO - [2022-08-22 22:13:02,686] {dagbag.py:508} INFO - Filling up the DagBag from /home/airflow/.local/lib/python3.7/site-packages/airflow/example_dags/example_sla_dag.py
[2022-08-22 22:13:02,703] {processor.py:651} INFO - DAG(s) dict_keys(['example_sla_dag']) retrieved from /home/airflow/.local/lib/python3.7/site-packages/airflow/example_dags/example_sla_dag.py
[2022-08-22 22:13:02,722] {logging_mixin.py:115} INFO - [2022-08-22 22:13:02,721] {dag.py:2420} INFO - Sync 1 DAGs
[2022-08-22 22:13:02,741] {logging_mixin.py:115} INFO - [2022-08-22 22:13:02,741] {dag.py:2972} INFO - Setting next_dagrun for example_sla_dag to 2022-08-22T22:10:00+00:00, run_after=2022-08-22T22:12:00+00:00
[2022-08-22 22:13:02,750] {processor.py:161} INFO - Processing /home/airflow/.local/lib/python3.7/site-packages/airflow/example_dags/example_sla_dag.py took 0.070 seconds
[2022-08-22 22:13:33,281] {processor.py:153} INFO - Started process (PID=2365) to work on /home/airflow/.local/lib/python3.7/site-packages/airflow/example_dags/example_sla_dag.py
[2022-08-22 22:13:33,281] {processor.py:641} INFO - Processing file /home/airflow/.local/lib/python3.7/site-packages/airflow/example_dags/example_sla_dag.py for tasks to queue
[2022-08-22 22:13:33,282] {logging_mixin.py:115} INFO - [2022-08-22 22:13:33,281] {dagbag.py:508} INFO - Filling up the DagBag from /home/airflow/.local/lib/python3.7/site-packages/airflow/example_dags/example_sla_dag.py
[2022-08-22 22:13:33,296] {processor.py:651} INFO - DAG(s) dict_keys(['example_sla_dag']) retrieved from /home/airflow/.local/lib/python3.7/site-packages/airflow/example_dags/example_sla_dag.py
[2022-08-22 22:13:33,317] {logging_mixin.py:115} INFO - [2022-08-22 22:13:33,317] {dag.py:2420} INFO - Sync 1 DAGs
[2022-08-22 22:13:33,338] {logging_mixin.py:115} INFO - [2022-08-22 22:13:33,338] {dag.py:2972} INFO - Setting next_dagrun for example_sla_dag to 2022-08-22T22:10:00+00:00, run_after=2022-08-22T22:12:00+00:00
[2022-08-22 22:13:33,347] {processor.py:161} INFO - Processing /home/airflow/.local/lib/python3.7/site-packages/airflow/example_dags/example_sla_dag.py took 0.069 seconds
[2022-08-22 22:14:03,969] {processor.py:153} INFO - Started process (PID=2426) to work on /home/airflow/.local/lib/python3.7/site-packages/airflow/example_dags/example_sla_dag.py
[2022-08-22 22:14:03,970] {processor.py:641} INFO - Processing file /home/airflow/.local/lib/python3.7/site-packages/airflow/example_dags/example_sla_dag.py for tasks to queue
[2022-08-22 22:14:03,970] {logging_mixin.py:115} INFO - [2022-08-22 22:14:03,970] {dagbag.py:508} INFO - Filling up the DagBag from /home/airflow/.local/lib/python3.7/site-packages/airflow/example_dags/example_sla_dag.py
[2022-08-22 22:14:03,984] {processor.py:651} INFO - DAG(s) dict_keys(['example_sla_dag']) retrieved from /home/airflow/.local/lib/python3.7/site-packages/airflow/example_dags/example_sla_dag.py
[2022-08-22 22:14:04,007] {logging_mixin.py:115} INFO - [2022-08-22 22:14:04,007] {dag.py:2420} INFO - Sync 1 DAGs
[2022-08-22 22:14:04,029] {logging_mixin.py:115} INFO - [2022-08-22 22:14:04,029] {dag.py:2972} INFO - Setting next_dagrun for example_sla_dag to 2022-08-22T22:12:00+00:00, run_after=2022-08-22T22:14:00+00:00
[2022-08-22 22:14:04,041] {processor.py:161} INFO - Processing /home/airflow/.local/lib/python3.7/site-packages/airflow/example_dags/example_sla_dag.py took 0.074 seconds
[2022-08-22 22:14:34,571] {processor.py:153} INFO - Started process (PID=2478) to work on /home/airflow/.local/lib/python3.7/site-packages/airflow/example_dags/example_sla_dag.py
[2022-08-22 22:14:34,572] {processor.py:641} INFO - Processing file /home/airflow/.local/lib/python3.7/site-packages/airflow/example_dags/example_sla_dag.py for tasks to queue
[2022-08-22 22:14:34,572] {logging_mixin.py:115} INFO - [2022-08-22 22:14:34,572] {dagbag.py:508} INFO - Filling up the DagBag from /home/airflow/.local/lib/python3.7/site-packages/airflow/example_dags/example_sla_dag.py
[2022-08-22 22:14:34,585] {processor.py:651} INFO - DAG(s) dict_keys(['example_sla_dag']) retrieved from /home/airflow/.local/lib/python3.7/site-packages/airflow/example_dags/example_sla_dag.py
[2022-08-22 22:14:34,605] {logging_mixin.py:115} INFO - [2022-08-22 22:14:34,605] {dag.py:2420} INFO - Sync 1 DAGs
[2022-08-22 22:14:34,626] {logging_mixin.py:115} INFO - [2022-08-22 22:14:34,626] {dag.py:2972} INFO - Setting next_dagrun for example_sla_dag to 2022-08-22T22:12:00+00:00, run_after=2022-08-22T22:14:00+00:00
[2022-08-22 22:14:34,638] {processor.py:161} INFO - Processing /home/airflow/.local/lib/python3.7/site-packages/airflow/example_dags/example_sla_dag.py took 0.069 seconds
[2022-08-22 22:15:05,122] {processor.py:153} INFO - Started process (PID=2539) to work on /home/airflow/.local/lib/python3.7/site-packages/airflow/example_dags/example_sla_dag.py
[2022-08-22 22:15:05,123] {processor.py:641} INFO - Processing file /home/airflow/.local/lib/python3.7/site-packages/airflow/example_dags/example_sla_dag.py for tasks to queue
[2022-08-22 22:15:05,123] {logging_mixin.py:115} INFO - [2022-08-22 22:15:05,123] {dagbag.py:508} INFO - Filling up the DagBag from /home/airflow/.local/lib/python3.7/site-packages/airflow/example_dags/example_sla_dag.py
[2022-08-22 22:15:05,136] {processor.py:651} INFO - DAG(s) dict_keys(['example_sla_dag']) retrieved from /home/airflow/.local/lib/python3.7/site-packages/airflow/example_dags/example_sla_dag.py
[2022-08-22 22:15:05,155] {logging_mixin.py:115} INFO - [2022-08-22 22:15:05,155] {dag.py:2420} INFO - Sync 1 DAGs
[2022-08-22 22:15:05,176] {logging_mixin.py:115} INFO - [2022-08-22 22:15:05,176] {dag.py:2972} INFO - Setting next_dagrun for example_sla_dag to 2022-08-22T22:12:00+00:00, run_after=2022-08-22T22:14:00+00:00
[2022-08-22 22:15:05,186] {processor.py:161} INFO - Processing /home/airflow/.local/lib/python3.7/site-packages/airflow/example_dags/example_sla_dag.py took 0.066 seconds
[2022-08-22 22:15:35,814] {processor.py:153} INFO - Started process (PID=2600) to work on /home/airflow/.local/lib/python3.7/site-packages/airflow/example_dags/example_sla_dag.py
[2022-08-22 22:15:35,815] {processor.py:641} INFO - Processing file /home/airflow/.local/lib/python3.7/site-packages/airflow/example_dags/example_sla_dag.py for tasks to queue
[2022-08-22 22:15:35,815] {logging_mixin.py:115} INFO - [2022-08-22 22:15:35,815] {dagbag.py:508} INFO - Filling up the DagBag from /home/airflow/.local/lib/python3.7/site-packages/airflow/example_dags/example_sla_dag.py
[2022-08-22 22:15:35,828] {processor.py:651} INFO - DAG(s) dict_keys(['example_sla_dag']) retrieved from /home/airflow/.local/lib/python3.7/site-packages/airflow/example_dags/example_sla_dag.py
[2022-08-22 22:15:35,849] {logging_mixin.py:115} INFO - [2022-08-22 22:15:35,848] {dag.py:2420} INFO - Sync 1 DAGs
[2022-08-22 22:15:35,870] {logging_mixin.py:115} INFO - [2022-08-22 22:15:35,870] {dag.py:2972} INFO - Setting next_dagrun for example_sla_dag to 2022-08-22T22:12:00+00:00, run_after=2022-08-22T22:14:00+00:00
[2022-08-22 22:15:35,880] {processor.py:161} INFO - Processing /home/airflow/.local/lib/python3.7/site-packages/airflow/example_dags/example_sla_dag.py took 0.068 seconds
[2022-08-22 22:16:06,397] {processor.py:153} INFO - Started process (PID=2652) to work on /home/airflow/.local/lib/python3.7/site-packages/airflow/example_dags/example_sla_dag.py
[2022-08-22 22:16:06,398] {processor.py:641} INFO - Processing file /home/airflow/.local/lib/python3.7/site-packages/airflow/example_dags/example_sla_dag.py for tasks to queue
[2022-08-22 22:16:06,398] {logging_mixin.py:115} INFO - [2022-08-22 22:16:06,398] {dagbag.py:508} INFO - Filling up the DagBag from /home/airflow/.local/lib/python3.7/site-packages/airflow/example_dags/example_sla_dag.py
[2022-08-22 22:16:06,411] {processor.py:651} INFO - DAG(s) dict_keys(['example_sla_dag']) retrieved from /home/airflow/.local/lib/python3.7/site-packages/airflow/example_dags/example_sla_dag.py
[2022-08-22 22:16:06,430] {logging_mixin.py:115} INFO - [2022-08-22 22:16:06,430] {dag.py:2420} INFO - Sync 1 DAGs
[2022-08-22 22:16:06,450] {logging_mixin.py:115} INFO - [2022-08-22 22:16:06,450] {dag.py:2972} INFO - Setting next_dagrun for example_sla_dag to 2022-08-22T22:14:00+00:00, run_after=2022-08-22T22:16:00+00:00
[2022-08-22 22:16:06,461] {processor.py:161} INFO - Processing /home/airflow/.local/lib/python3.7/site-packages/airflow/example_dags/example_sla_dag.py took 0.066 seconds
[2022-08-22 22:16:37,194] {processor.py:153} INFO - Started process (PID=2713) to work on /home/airflow/.local/lib/python3.7/site-packages/airflow/example_dags/example_sla_dag.py
[2022-08-22 22:16:37,194] {processor.py:641} INFO - Processing file /home/airflow/.local/lib/python3.7/site-packages/airflow/example_dags/example_sla_dag.py for tasks to queue
[2022-08-22 22:16:37,195] {logging_mixin.py:115} INFO - [2022-08-22 22:16:37,195] {dagbag.py:508} INFO - Filling up the DagBag from /home/airflow/.local/lib/python3.7/site-packages/airflow/example_dags/example_sla_dag.py
[2022-08-22 22:16:37,208] {processor.py:651} INFO - DAG(s) dict_keys(['example_sla_dag']) retrieved from /home/airflow/.local/lib/python3.7/site-packages/airflow/example_dags/example_sla_dag.py
[2022-08-22 22:16:37,227] {logging_mixin.py:115} INFO - [2022-08-22 22:16:37,227] {dag.py:2420} INFO - Sync 1 DAGs
[2022-08-22 22:16:37,248] {logging_mixin.py:115} INFO - [2022-08-22 22:16:37,248] {dag.py:2972} INFO - Setting next_dagrun for example_sla_dag to 2022-08-22T22:14:00+00:00, run_after=2022-08-22T22:16:00+00:00
[2022-08-22 22:16:37,258] {processor.py:161} INFO - Processing /home/airflow/.local/lib/python3.7/site-packages/airflow/example_dags/example_sla_dag.py took 0.067 seconds
[2022-08-22 22:17:07,723] {processor.py:153} INFO - Started process (PID=2774) to work on /home/airflow/.local/lib/python3.7/site-packages/airflow/example_dags/example_sla_dag.py
[2022-08-22 22:17:07,724] {processor.py:641} INFO - Processing file /home/airflow/.local/lib/python3.7/site-packages/airflow/example_dags/example_sla_dag.py for tasks to queue
[2022-08-22 22:17:07,724] {logging_mixin.py:115} INFO - [2022-08-22 22:17:07,724] {dagbag.py:508} INFO - Filling up the DagBag from /home/airflow/.local/lib/python3.7/site-packages/airflow/example_dags/example_sla_dag.py
[2022-08-22 22:17:07,737] {processor.py:651} INFO - DAG(s) dict_keys(['example_sla_dag']) retrieved from /home/airflow/.local/lib/python3.7/site-packages/airflow/example_dags/example_sla_dag.py
[2022-08-22 22:17:07,756] {logging_mixin.py:115} INFO - [2022-08-22 22:17:07,756] {dag.py:2420} INFO - Sync 1 DAGs
[2022-08-22 22:17:07,778] {logging_mixin.py:115} INFO - [2022-08-22 22:17:07,778] {dag.py:2972} INFO - Setting next_dagrun for example_sla_dag to 2022-08-22T22:14:00+00:00, run_after=2022-08-22T22:16:00+00:00
[2022-08-22 22:17:07,787] {processor.py:161} INFO - Processing /home/airflow/.local/lib/python3.7/site-packages/airflow/example_dags/example_sla_dag.py took 0.066 seconds
[2022-08-22 22:17:38,267] {processor.py:153} INFO - Started process (PID=2835) to work on /home/airflow/.local/lib/python3.7/site-packages/airflow/example_dags/example_sla_dag.py
[2022-08-22 22:17:38,268] {processor.py:641} INFO - Processing file /home/airflow/.local/lib/python3.7/site-packages/airflow/example_dags/example_sla_dag.py for tasks to queue
[2022-08-22 22:17:38,268] {logging_mixin.py:115} INFO - [2022-08-22 22:17:38,268] {dagbag.py:508} INFO - Filling up the DagBag from /home/airflow/.local/lib/python3.7/site-packages/airflow/example_dags/example_sla_dag.py
[2022-08-22 22:17:38,286] {processor.py:651} INFO - DAG(s) dict_keys(['example_sla_dag']) retrieved from /home/airflow/.local/lib/python3.7/site-packages/airflow/example_dags/example_sla_dag.py
[2022-08-22 22:17:38,308] {logging_mixin.py:115} INFO - [2022-08-22 22:17:38,308] {dag.py:2420} INFO - Sync 1 DAGs
[2022-08-22 22:17:38,329] {logging_mixin.py:115} INFO - [2022-08-22 22:17:38,329] {dag.py:2972} INFO - Setting next_dagrun for example_sla_dag to 2022-08-22T22:14:00+00:00, run_after=2022-08-22T22:16:00+00:00
[2022-08-22 22:17:38,340] {processor.py:161} INFO - Processing /home/airflow/.local/lib/python3.7/site-packages/airflow/example_dags/example_sla_dag.py took 0.076 seconds
[2022-08-22 22:18:08,899] {processor.py:153} INFO - Started process (PID=2887) to work on /home/airflow/.local/lib/python3.7/site-packages/airflow/example_dags/example_sla_dag.py
[2022-08-22 22:18:08,900] {processor.py:641} INFO - Processing file /home/airflow/.local/lib/python3.7/site-packages/airflow/example_dags/example_sla_dag.py for tasks to queue
[2022-08-22 22:18:08,900] {logging_mixin.py:115} INFO - [2022-08-22 22:18:08,900] {dagbag.py:508} INFO - Filling up the DagBag from /home/airflow/.local/lib/python3.7/site-packages/airflow/example_dags/example_sla_dag.py
[2022-08-22 22:18:08,914] {processor.py:651} INFO - DAG(s) dict_keys(['example_sla_dag']) retrieved from /home/airflow/.local/lib/python3.7/site-packages/airflow/example_dags/example_sla_dag.py
[2022-08-22 22:18:08,934] {logging_mixin.py:115} INFO - [2022-08-22 22:18:08,934] {dag.py:2420} INFO - Sync 1 DAGs
[2022-08-22 22:18:08,956] {logging_mixin.py:115} INFO - [2022-08-22 22:18:08,955] {dag.py:2972} INFO - Setting next_dagrun for example_sla_dag to 2022-08-22T22:16:00+00:00, run_after=2022-08-22T22:18:00+00:00
[2022-08-22 22:18:08,968] {processor.py:161} INFO - Processing /home/airflow/.local/lib/python3.7/site-packages/airflow/example_dags/example_sla_dag.py took 0.071 seconds
[2022-08-22 22:18:39,536] {processor.py:153} INFO - Started process (PID=2948) to work on /home/airflow/.local/lib/python3.7/site-packages/airflow/example_dags/example_sla_dag.py
[2022-08-22 22:18:39,537] {processor.py:641} INFO - Processing file /home/airflow/.local/lib/python3.7/site-packages/airflow/example_dags/example_sla_dag.py for tasks to queue
[2022-08-22 22:18:39,537] {logging_mixin.py:115} INFO - [2022-08-22 22:18:39,537] {dagbag.py:508} INFO - Filling up the DagBag from /home/airflow/.local/lib/python3.7/site-packages/airflow/example_dags/example_sla_dag.py
[2022-08-22 22:18:39,550] {processor.py:651} INFO - DAG(s) dict_keys(['example_sla_dag']) retrieved from /home/airflow/.local/lib/python3.7/site-packages/airflow/example_dags/example_sla_dag.py
[2022-08-22 22:18:39,569] {logging_mixin.py:115} INFO - [2022-08-22 22:18:39,569] {dag.py:2420} INFO - Sync 1 DAGs
[2022-08-22 22:18:39,591] {logging_mixin.py:115} INFO - [2022-08-22 22:18:39,590] {dag.py:2972} INFO - Setting next_dagrun for example_sla_dag to 2022-08-22T22:16:00+00:00, run_after=2022-08-22T22:18:00+00:00
[2022-08-22 22:18:39,600] {processor.py:161} INFO - Processing /home/airflow/.local/lib/python3.7/site-packages/airflow/example_dags/example_sla_dag.py took 0.066 seconds
[2022-08-22 22:19:10,272] {processor.py:153} INFO - Started process (PID=3010) to work on /home/airflow/.local/lib/python3.7/site-packages/airflow/example_dags/example_sla_dag.py
[2022-08-22 22:19:10,273] {processor.py:641} INFO - Processing file /home/airflow/.local/lib/python3.7/site-packages/airflow/example_dags/example_sla_dag.py for tasks to queue
[2022-08-22 22:19:10,273] {logging_mixin.py:115} INFO - [2022-08-22 22:19:10,273] {dagbag.py:508} INFO - Filling up the DagBag from /home/airflow/.local/lib/python3.7/site-packages/airflow/example_dags/example_sla_dag.py
[2022-08-22 22:19:10,287] {processor.py:651} INFO - DAG(s) dict_keys(['example_sla_dag']) retrieved from /home/airflow/.local/lib/python3.7/site-packages/airflow/example_dags/example_sla_dag.py
[2022-08-22 22:19:10,306] {logging_mixin.py:115} INFO - [2022-08-22 22:19:10,306] {dag.py:2420} INFO - Sync 1 DAGs
[2022-08-22 22:19:10,328] {logging_mixin.py:115} INFO - [2022-08-22 22:19:10,328] {dag.py:2972} INFO - Setting next_dagrun for example_sla_dag to 2022-08-22T22:16:00+00:00, run_after=2022-08-22T22:18:00+00:00
[2022-08-22 22:19:10,338] {processor.py:161} INFO - Processing /home/airflow/.local/lib/python3.7/site-packages/airflow/example_dags/example_sla_dag.py took 0.068 seconds
[2022-08-22 22:19:40,965] {processor.py:153} INFO - Started process (PID=3071) to work on /home/airflow/.local/lib/python3.7/site-packages/airflow/example_dags/example_sla_dag.py
[2022-08-22 22:19:40,966] {processor.py:641} INFO - Processing file /home/airflow/.local/lib/python3.7/site-packages/airflow/example_dags/example_sla_dag.py for tasks to queue
[2022-08-22 22:19:40,967] {logging_mixin.py:115} INFO - [2022-08-22 22:19:40,967] {dagbag.py:508} INFO - Filling up the DagBag from /home/airflow/.local/lib/python3.7/site-packages/airflow/example_dags/example_sla_dag.py
[2022-08-22 22:19:40,994] {processor.py:651} INFO - DAG(s) dict_keys(['example_sla_dag']) retrieved from /home/airflow/.local/lib/python3.7/site-packages/airflow/example_dags/example_sla_dag.py
[2022-08-22 22:19:41,014] {logging_mixin.py:115} INFO - [2022-08-22 22:19:41,014] {dag.py:2420} INFO - Sync 1 DAGs
[2022-08-22 22:19:41,034] {logging_mixin.py:115} INFO - [2022-08-22 22:19:41,034] {dag.py:2972} INFO - Setting next_dagrun for example_sla_dag to 2022-08-22T22:16:00+00:00, run_after=2022-08-22T22:18:00+00:00
[2022-08-22 22:19:41,043] {processor.py:161} INFO - Processing /home/airflow/.local/lib/python3.7/site-packages/airflow/example_dags/example_sla_dag.py took 0.082 seconds
[2022-08-22 22:20:11,745] {processor.py:153} INFO - Started process (PID=3123) to work on /home/airflow/.local/lib/python3.7/site-packages/airflow/example_dags/example_sla_dag.py
[2022-08-22 22:20:11,745] {processor.py:641} INFO - Processing file /home/airflow/.local/lib/python3.7/site-packages/airflow/example_dags/example_sla_dag.py for tasks to queue
[2022-08-22 22:20:11,746] {logging_mixin.py:115} INFO - [2022-08-22 22:20:11,746] {dagbag.py:508} INFO - Filling up the DagBag from /home/airflow/.local/lib/python3.7/site-packages/airflow/example_dags/example_sla_dag.py
[2022-08-22 22:20:11,764] {processor.py:651} INFO - DAG(s) dict_keys(['example_sla_dag']) retrieved from /home/airflow/.local/lib/python3.7/site-packages/airflow/example_dags/example_sla_dag.py
[2022-08-22 22:20:11,793] {logging_mixin.py:115} INFO - [2022-08-22 22:20:11,793] {dag.py:2420} INFO - Sync 1 DAGs
[2022-08-22 22:20:11,825] {logging_mixin.py:115} INFO - [2022-08-22 22:20:11,824] {dag.py:2972} INFO - Setting next_dagrun for example_sla_dag to 2022-08-22T22:18:00+00:00, run_after=2022-08-22T22:20:00+00:00
[2022-08-22 22:20:11,839] {processor.py:161} INFO - Processing /home/airflow/.local/lib/python3.7/site-packages/airflow/example_dags/example_sla_dag.py took 0.097 seconds
[2022-08-22 22:20:42,304] {processor.py:153} INFO - Started process (PID=3184) to work on /home/airflow/.local/lib/python3.7/site-packages/airflow/example_dags/example_sla_dag.py
[2022-08-22 22:20:42,304] {processor.py:641} INFO - Processing file /home/airflow/.local/lib/python3.7/site-packages/airflow/example_dags/example_sla_dag.py for tasks to queue
[2022-08-22 22:20:42,305] {logging_mixin.py:115} INFO - [2022-08-22 22:20:42,304] {dagbag.py:508} INFO - Filling up the DagBag from /home/airflow/.local/lib/python3.7/site-packages/airflow/example_dags/example_sla_dag.py
[2022-08-22 22:20:42,318] {processor.py:651} INFO - DAG(s) dict_keys(['example_sla_dag']) retrieved from /home/airflow/.local/lib/python3.7/site-packages/airflow/example_dags/example_sla_dag.py
[2022-08-22 22:20:42,337] {logging_mixin.py:115} INFO - [2022-08-22 22:20:42,337] {dag.py:2420} INFO - Sync 1 DAGs
[2022-08-22 22:20:42,359] {logging_mixin.py:115} INFO - [2022-08-22 22:20:42,359] {dag.py:2972} INFO - Setting next_dagrun for example_sla_dag to 2022-08-22T22:18:00+00:00, run_after=2022-08-22T22:20:00+00:00
[2022-08-22 22:20:42,368] {processor.py:161} INFO - Processing /home/airflow/.local/lib/python3.7/site-packages/airflow/example_dags/example_sla_dag.py took 0.067 seconds
[2022-08-22 22:21:12,821] {processor.py:153} INFO - Started process (PID=3245) to work on /home/airflow/.local/lib/python3.7/site-packages/airflow/example_dags/example_sla_dag.py
[2022-08-22 22:21:12,821] {processor.py:641} INFO - Processing file /home/airflow/.local/lib/python3.7/site-packages/airflow/example_dags/example_sla_dag.py for tasks to queue
[2022-08-22 22:21:12,821] {logging_mixin.py:115} INFO - [2022-08-22 22:21:12,821] {dagbag.py:508} INFO - Filling up the DagBag from /home/airflow/.local/lib/python3.7/site-packages/airflow/example_dags/example_sla_dag.py
[2022-08-22 22:21:12,834] {processor.py:651} INFO - DAG(s) dict_keys(['example_sla_dag']) retrieved from /home/airflow/.local/lib/python3.7/site-packages/airflow/example_dags/example_sla_dag.py
[2022-08-22 22:21:12,853] {logging_mixin.py:115} INFO - [2022-08-22 22:21:12,853] {dag.py:2420} INFO - Sync 1 DAGs
[2022-08-22 22:21:12,876] {logging_mixin.py:115} INFO - [2022-08-22 22:21:12,876] {dag.py:2972} INFO - Setting next_dagrun for example_sla_dag to 2022-08-22T22:18:00+00:00, run_after=2022-08-22T22:20:00+00:00
[2022-08-22 22:21:12,884] {processor.py:161} INFO - Processing /home/airflow/.local/lib/python3.7/site-packages/airflow/example_dags/example_sla_dag.py took 0.066 seconds
[2022-08-22 22:21:43,564] {processor.py:153} INFO - Started process (PID=3306) to work on /home/airflow/.local/lib/python3.7/site-packages/airflow/example_dags/example_sla_dag.py
[2022-08-22 22:21:43,564] {processor.py:641} INFO - Processing file /home/airflow/.local/lib/python3.7/site-packages/airflow/example_dags/example_sla_dag.py for tasks to queue
[2022-08-22 22:21:43,565] {logging_mixin.py:115} INFO - [2022-08-22 22:21:43,565] {dagbag.py:508} INFO - Filling up the DagBag from /home/airflow/.local/lib/python3.7/site-packages/airflow/example_dags/example_sla_dag.py
[2022-08-22 22:21:43,580] {processor.py:651} INFO - DAG(s) dict_keys(['example_sla_dag']) retrieved from /home/airflow/.local/lib/python3.7/site-packages/airflow/example_dags/example_sla_dag.py
[2022-08-22 22:21:43,603] {logging_mixin.py:115} INFO - [2022-08-22 22:21:43,603] {dag.py:2420} INFO - Sync 1 DAGs
[2022-08-22 22:21:43,631] {logging_mixin.py:115} INFO - [2022-08-22 22:21:43,630] {dag.py:2972} INFO - Setting next_dagrun for example_sla_dag to 2022-08-22T22:18:00+00:00, run_after=2022-08-22T22:20:00+00:00
[2022-08-22 22:21:43,642] {processor.py:161} INFO - Processing /home/airflow/.local/lib/python3.7/site-packages/airflow/example_dags/example_sla_dag.py took 0.081 seconds
[2022-08-22 22:22:14,163] {processor.py:153} INFO - Started process (PID=3358) to work on /home/airflow/.local/lib/python3.7/site-packages/airflow/example_dags/example_sla_dag.py
[2022-08-22 22:22:14,163] {processor.py:641} INFO - Processing file /home/airflow/.local/lib/python3.7/site-packages/airflow/example_dags/example_sla_dag.py for tasks to queue
[2022-08-22 22:22:14,164] {logging_mixin.py:115} INFO - [2022-08-22 22:22:14,164] {dagbag.py:508} INFO - Filling up the DagBag from /home/airflow/.local/lib/python3.7/site-packages/airflow/example_dags/example_sla_dag.py
[2022-08-22 22:22:14,177] {processor.py:651} INFO - DAG(s) dict_keys(['example_sla_dag']) retrieved from /home/airflow/.local/lib/python3.7/site-packages/airflow/example_dags/example_sla_dag.py
[2022-08-22 22:22:14,198] {logging_mixin.py:115} INFO - [2022-08-22 22:22:14,198] {dag.py:2420} INFO - Sync 1 DAGs
[2022-08-22 22:22:14,221] {logging_mixin.py:115} INFO - [2022-08-22 22:22:14,221] {dag.py:2972} INFO - Setting next_dagrun for example_sla_dag to 2022-08-22T22:20:00+00:00, run_after=2022-08-22T22:22:00+00:00
[2022-08-22 22:22:14,231] {processor.py:161} INFO - Processing /home/airflow/.local/lib/python3.7/site-packages/airflow/example_dags/example_sla_dag.py took 0.070 seconds
[2022-08-22 22:22:44,831] {processor.py:153} INFO - Started process (PID=3419) to work on /home/airflow/.local/lib/python3.7/site-packages/airflow/example_dags/example_sla_dag.py
[2022-08-22 22:22:44,831] {processor.py:641} INFO - Processing file /home/airflow/.local/lib/python3.7/site-packages/airflow/example_dags/example_sla_dag.py for tasks to queue
[2022-08-22 22:22:44,832] {logging_mixin.py:115} INFO - [2022-08-22 22:22:44,832] {dagbag.py:508} INFO - Filling up the DagBag from /home/airflow/.local/lib/python3.7/site-packages/airflow/example_dags/example_sla_dag.py
[2022-08-22 22:22:44,845] {processor.py:651} INFO - DAG(s) dict_keys(['example_sla_dag']) retrieved from /home/airflow/.local/lib/python3.7/site-packages/airflow/example_dags/example_sla_dag.py
[2022-08-22 22:22:44,867] {logging_mixin.py:115} INFO - [2022-08-22 22:22:44,867] {dag.py:2420} INFO - Sync 1 DAGs
[2022-08-22 22:22:44,888] {logging_mixin.py:115} INFO - [2022-08-22 22:22:44,888] {dag.py:2972} INFO - Setting next_dagrun for example_sla_dag to 2022-08-22T22:20:00+00:00, run_after=2022-08-22T22:22:00+00:00
[2022-08-22 22:22:44,898] {processor.py:161} INFO - Processing /home/airflow/.local/lib/python3.7/site-packages/airflow/example_dags/example_sla_dag.py took 0.069 seconds
[2022-08-22 22:23:15,482] {processor.py:153} INFO - Started process (PID=3480) to work on /home/airflow/.local/lib/python3.7/site-packages/airflow/example_dags/example_sla_dag.py
[2022-08-22 22:23:15,482] {processor.py:641} INFO - Processing file /home/airflow/.local/lib/python3.7/site-packages/airflow/example_dags/example_sla_dag.py for tasks to queue
[2022-08-22 22:23:15,483] {logging_mixin.py:115} INFO - [2022-08-22 22:23:15,483] {dagbag.py:508} INFO - Filling up the DagBag from /home/airflow/.local/lib/python3.7/site-packages/airflow/example_dags/example_sla_dag.py
[2022-08-22 22:23:15,496] {processor.py:651} INFO - DAG(s) dict_keys(['example_sla_dag']) retrieved from /home/airflow/.local/lib/python3.7/site-packages/airflow/example_dags/example_sla_dag.py
[2022-08-22 22:23:15,516] {logging_mixin.py:115} INFO - [2022-08-22 22:23:15,516] {dag.py:2420} INFO - Sync 1 DAGs
[2022-08-22 22:23:15,538] {logging_mixin.py:115} INFO - [2022-08-22 22:23:15,538] {dag.py:2972} INFO - Setting next_dagrun for example_sla_dag to 2022-08-22T22:20:00+00:00, run_after=2022-08-22T22:22:00+00:00
[2022-08-22 22:23:15,547] {processor.py:161} INFO - Processing /home/airflow/.local/lib/python3.7/site-packages/airflow/example_dags/example_sla_dag.py took 0.067 seconds
[2022-08-22 22:23:46,226] {processor.py:153} INFO - Started process (PID=3539) to work on /home/airflow/.local/lib/python3.7/site-packages/airflow/example_dags/example_sla_dag.py
[2022-08-22 22:23:46,227] {processor.py:641} INFO - Processing file /home/airflow/.local/lib/python3.7/site-packages/airflow/example_dags/example_sla_dag.py for tasks to queue
[2022-08-22 22:23:46,227] {logging_mixin.py:115} INFO - [2022-08-22 22:23:46,227] {dagbag.py:508} INFO - Filling up the DagBag from /home/airflow/.local/lib/python3.7/site-packages/airflow/example_dags/example_sla_dag.py
[2022-08-22 22:23:46,241] {processor.py:651} INFO - DAG(s) dict_keys(['example_sla_dag']) retrieved from /home/airflow/.local/lib/python3.7/site-packages/airflow/example_dags/example_sla_dag.py
[2022-08-22 22:23:46,262] {logging_mixin.py:115} INFO - [2022-08-22 22:23:46,262] {dag.py:2420} INFO - Sync 1 DAGs
[2022-08-22 22:23:46,287] {logging_mixin.py:115} INFO - [2022-08-22 22:23:46,287] {dag.py:2972} INFO - Setting next_dagrun for example_sla_dag to 2022-08-22T22:20:00+00:00, run_after=2022-08-22T22:22:00+00:00
[2022-08-22 22:23:46,297] {processor.py:161} INFO - Processing /home/airflow/.local/lib/python3.7/site-packages/airflow/example_dags/example_sla_dag.py took 0.073 seconds
[2022-08-22 22:24:17,018] {processor.py:153} INFO - Started process (PID=3593) to work on /home/airflow/.local/lib/python3.7/site-packages/airflow/example_dags/example_sla_dag.py
[2022-08-22 22:24:17,018] {processor.py:641} INFO - Processing file /home/airflow/.local/lib/python3.7/site-packages/airflow/example_dags/example_sla_dag.py for tasks to queue
[2022-08-22 22:24:17,019] {logging_mixin.py:115} INFO - [2022-08-22 22:24:17,019] {dagbag.py:508} INFO - Filling up the DagBag from /home/airflow/.local/lib/python3.7/site-packages/airflow/example_dags/example_sla_dag.py
[2022-08-22 22:24:17,034] {processor.py:651} INFO - DAG(s) dict_keys(['example_sla_dag']) retrieved from /home/airflow/.local/lib/python3.7/site-packages/airflow/example_dags/example_sla_dag.py
[2022-08-22 22:24:17,054] {logging_mixin.py:115} INFO - [2022-08-22 22:24:17,054] {dag.py:2420} INFO - Sync 1 DAGs
[2022-08-22 22:24:17,074] {logging_mixin.py:115} INFO - [2022-08-22 22:24:17,074] {dag.py:2972} INFO - Setting next_dagrun for example_sla_dag to 2022-08-22T22:22:00+00:00, run_after=2022-08-22T22:24:00+00:00
[2022-08-22 22:24:17,084] {processor.py:161} INFO - Processing /home/airflow/.local/lib/python3.7/site-packages/airflow/example_dags/example_sla_dag.py took 0.068 seconds
[2022-08-22 22:24:47,649] {processor.py:153} INFO - Started process (PID=3654) to work on /home/airflow/.local/lib/python3.7/site-packages/airflow/example_dags/example_sla_dag.py
[2022-08-22 22:24:47,650] {processor.py:641} INFO - Processing file /home/airflow/.local/lib/python3.7/site-packages/airflow/example_dags/example_sla_dag.py for tasks to queue
[2022-08-22 22:24:47,650] {logging_mixin.py:115} INFO - [2022-08-22 22:24:47,650] {dagbag.py:508} INFO - Filling up the DagBag from /home/airflow/.local/lib/python3.7/site-packages/airflow/example_dags/example_sla_dag.py
[2022-08-22 22:24:47,663] {processor.py:651} INFO - DAG(s) dict_keys(['example_sla_dag']) retrieved from /home/airflow/.local/lib/python3.7/site-packages/airflow/example_dags/example_sla_dag.py
[2022-08-22 22:24:47,681] {logging_mixin.py:115} INFO - [2022-08-22 22:24:47,681] {dag.py:2420} INFO - Sync 1 DAGs
[2022-08-22 22:24:47,703] {logging_mixin.py:115} INFO - [2022-08-22 22:24:47,703] {dag.py:2972} INFO - Setting next_dagrun for example_sla_dag to 2022-08-22T22:22:00+00:00, run_after=2022-08-22T22:24:00+00:00
[2022-08-22 22:24:47,711] {processor.py:161} INFO - Processing /home/airflow/.local/lib/python3.7/site-packages/airflow/example_dags/example_sla_dag.py took 0.064 seconds
[2022-08-22 22:25:18,327] {processor.py:153} INFO - Started process (PID=3715) to work on /home/airflow/.local/lib/python3.7/site-packages/airflow/example_dags/example_sla_dag.py
[2022-08-22 22:25:18,328] {processor.py:641} INFO - Processing file /home/airflow/.local/lib/python3.7/site-packages/airflow/example_dags/example_sla_dag.py for tasks to queue
[2022-08-22 22:25:18,328] {logging_mixin.py:115} INFO - [2022-08-22 22:25:18,328] {dagbag.py:508} INFO - Filling up the DagBag from /home/airflow/.local/lib/python3.7/site-packages/airflow/example_dags/example_sla_dag.py
[2022-08-22 22:25:18,342] {processor.py:651} INFO - DAG(s) dict_keys(['example_sla_dag']) retrieved from /home/airflow/.local/lib/python3.7/site-packages/airflow/example_dags/example_sla_dag.py
[2022-08-22 22:25:18,362] {logging_mixin.py:115} INFO - [2022-08-22 22:25:18,362] {dag.py:2420} INFO - Sync 1 DAGs
[2022-08-22 22:25:18,383] {logging_mixin.py:115} INFO - [2022-08-22 22:25:18,383] {dag.py:2972} INFO - Setting next_dagrun for example_sla_dag to 2022-08-22T22:22:00+00:00, run_after=2022-08-22T22:24:00+00:00
[2022-08-22 22:25:18,392] {processor.py:161} INFO - Processing /home/airflow/.local/lib/python3.7/site-packages/airflow/example_dags/example_sla_dag.py took 0.067 seconds
[2022-08-22 22:25:49,051] {processor.py:153} INFO - Started process (PID=3767) to work on /home/airflow/.local/lib/python3.7/site-packages/airflow/example_dags/example_sla_dag.py
[2022-08-22 22:25:49,052] {processor.py:641} INFO - Processing file /home/airflow/.local/lib/python3.7/site-packages/airflow/example_dags/example_sla_dag.py for tasks to queue
[2022-08-22 22:25:49,052] {logging_mixin.py:115} INFO - [2022-08-22 22:25:49,052] {dagbag.py:508} INFO - Filling up the DagBag from /home/airflow/.local/lib/python3.7/site-packages/airflow/example_dags/example_sla_dag.py
[2022-08-22 22:25:49,065] {processor.py:651} INFO - DAG(s) dict_keys(['example_sla_dag']) retrieved from /home/airflow/.local/lib/python3.7/site-packages/airflow/example_dags/example_sla_dag.py
[2022-08-22 22:25:49,085] {logging_mixin.py:115} INFO - [2022-08-22 22:25:49,085] {dag.py:2420} INFO - Sync 1 DAGs
[2022-08-22 22:25:49,108] {logging_mixin.py:115} INFO - [2022-08-22 22:25:49,108] {dag.py:2972} INFO - Setting next_dagrun for example_sla_dag to 2022-08-22T22:22:00+00:00, run_after=2022-08-22T22:24:00+00:00
[2022-08-22 22:25:49,117] {processor.py:161} INFO - Processing /home/airflow/.local/lib/python3.7/site-packages/airflow/example_dags/example_sla_dag.py took 0.068 seconds
[2022-08-22 22:26:19,690] {processor.py:153} INFO - Started process (PID=3828) to work on /home/airflow/.local/lib/python3.7/site-packages/airflow/example_dags/example_sla_dag.py
[2022-08-22 22:26:19,691] {processor.py:641} INFO - Processing file /home/airflow/.local/lib/python3.7/site-packages/airflow/example_dags/example_sla_dag.py for tasks to queue
[2022-08-22 22:26:19,691] {logging_mixin.py:115} INFO - [2022-08-22 22:26:19,691] {dagbag.py:508} INFO - Filling up the DagBag from /home/airflow/.local/lib/python3.7/site-packages/airflow/example_dags/example_sla_dag.py
[2022-08-22 22:26:19,705] {processor.py:651} INFO - DAG(s) dict_keys(['example_sla_dag']) retrieved from /home/airflow/.local/lib/python3.7/site-packages/airflow/example_dags/example_sla_dag.py
[2022-08-22 22:26:19,724] {logging_mixin.py:115} INFO - [2022-08-22 22:26:19,724] {dag.py:2420} INFO - Sync 1 DAGs
[2022-08-22 22:26:19,746] {logging_mixin.py:115} INFO - [2022-08-22 22:26:19,745] {dag.py:2972} INFO - Setting next_dagrun for example_sla_dag to 2022-08-22T22:24:00+00:00, run_after=2022-08-22T22:26:00+00:00
[2022-08-22 22:26:19,755] {processor.py:161} INFO - Processing /home/airflow/.local/lib/python3.7/site-packages/airflow/example_dags/example_sla_dag.py took 0.067 seconds
[2022-08-22 22:26:50,399] {processor.py:153} INFO - Started process (PID=3889) to work on /home/airflow/.local/lib/python3.7/site-packages/airflow/example_dags/example_sla_dag.py
[2022-08-22 22:26:50,400] {processor.py:641} INFO - Processing file /home/airflow/.local/lib/python3.7/site-packages/airflow/example_dags/example_sla_dag.py for tasks to queue
[2022-08-22 22:26:50,400] {logging_mixin.py:115} INFO - [2022-08-22 22:26:50,400] {dagbag.py:508} INFO - Filling up the DagBag from /home/airflow/.local/lib/python3.7/site-packages/airflow/example_dags/example_sla_dag.py
[2022-08-22 22:26:50,414] {processor.py:651} INFO - DAG(s) dict_keys(['example_sla_dag']) retrieved from /home/airflow/.local/lib/python3.7/site-packages/airflow/example_dags/example_sla_dag.py
[2022-08-22 22:26:50,435] {logging_mixin.py:115} INFO - [2022-08-22 22:26:50,435] {dag.py:2420} INFO - Sync 1 DAGs
[2022-08-22 22:26:50,457] {logging_mixin.py:115} INFO - [2022-08-22 22:26:50,457] {dag.py:2972} INFO - Setting next_dagrun for example_sla_dag to 2022-08-22T22:24:00+00:00, run_after=2022-08-22T22:26:00+00:00
[2022-08-22 22:26:50,466] {processor.py:161} INFO - Processing /home/airflow/.local/lib/python3.7/site-packages/airflow/example_dags/example_sla_dag.py took 0.069 seconds
[2022-08-22 22:27:21,227] {processor.py:153} INFO - Started process (PID=3950) to work on /home/airflow/.local/lib/python3.7/site-packages/airflow/example_dags/example_sla_dag.py
[2022-08-22 22:27:21,227] {processor.py:641} INFO - Processing file /home/airflow/.local/lib/python3.7/site-packages/airflow/example_dags/example_sla_dag.py for tasks to queue
[2022-08-22 22:27:21,227] {logging_mixin.py:115} INFO - [2022-08-22 22:27:21,227] {dagbag.py:508} INFO - Filling up the DagBag from /home/airflow/.local/lib/python3.7/site-packages/airflow/example_dags/example_sla_dag.py
[2022-08-22 22:27:21,240] {processor.py:651} INFO - DAG(s) dict_keys(['example_sla_dag']) retrieved from /home/airflow/.local/lib/python3.7/site-packages/airflow/example_dags/example_sla_dag.py
[2022-08-22 22:27:21,260] {logging_mixin.py:115} INFO - [2022-08-22 22:27:21,260] {dag.py:2420} INFO - Sync 1 DAGs
[2022-08-22 22:27:21,281] {logging_mixin.py:115} INFO - [2022-08-22 22:27:21,281] {dag.py:2972} INFO - Setting next_dagrun for example_sla_dag to 2022-08-22T22:24:00+00:00, run_after=2022-08-22T22:26:00+00:00
[2022-08-22 22:27:21,292] {processor.py:161} INFO - Processing /home/airflow/.local/lib/python3.7/site-packages/airflow/example_dags/example_sla_dag.py took 0.068 seconds
[2022-08-22 22:27:51,849] {processor.py:153} INFO - Started process (PID=4002) to work on /home/airflow/.local/lib/python3.7/site-packages/airflow/example_dags/example_sla_dag.py
[2022-08-22 22:27:51,850] {processor.py:641} INFO - Processing file /home/airflow/.local/lib/python3.7/site-packages/airflow/example_dags/example_sla_dag.py for tasks to queue
[2022-08-22 22:27:51,850] {logging_mixin.py:115} INFO - [2022-08-22 22:27:51,850] {dagbag.py:508} INFO - Filling up the DagBag from /home/airflow/.local/lib/python3.7/site-packages/airflow/example_dags/example_sla_dag.py
[2022-08-22 22:27:51,863] {processor.py:651} INFO - DAG(s) dict_keys(['example_sla_dag']) retrieved from /home/airflow/.local/lib/python3.7/site-packages/airflow/example_dags/example_sla_dag.py
[2022-08-22 22:27:51,882] {logging_mixin.py:115} INFO - [2022-08-22 22:27:51,882] {dag.py:2420} INFO - Sync 1 DAGs
[2022-08-22 22:27:51,904] {logging_mixin.py:115} INFO - [2022-08-22 22:27:51,904] {dag.py:2972} INFO - Setting next_dagrun for example_sla_dag to 2022-08-22T22:24:00+00:00, run_after=2022-08-22T22:26:00+00:00
[2022-08-22 22:27:51,913] {processor.py:161} INFO - Processing /home/airflow/.local/lib/python3.7/site-packages/airflow/example_dags/example_sla_dag.py took 0.066 seconds
[2022-08-22 22:28:22,491] {processor.py:153} INFO - Started process (PID=4063) to work on /home/airflow/.local/lib/python3.7/site-packages/airflow/example_dags/example_sla_dag.py
[2022-08-22 22:28:22,492] {processor.py:641} INFO - Processing file /home/airflow/.local/lib/python3.7/site-packages/airflow/example_dags/example_sla_dag.py for tasks to queue
[2022-08-22 22:28:22,492] {logging_mixin.py:115} INFO - [2022-08-22 22:28:22,492] {dagbag.py:508} INFO - Filling up the DagBag from /home/airflow/.local/lib/python3.7/site-packages/airflow/example_dags/example_sla_dag.py
[2022-08-22 22:28:22,506] {processor.py:651} INFO - DAG(s) dict_keys(['example_sla_dag']) retrieved from /home/airflow/.local/lib/python3.7/site-packages/airflow/example_dags/example_sla_dag.py
[2022-08-22 22:28:22,531] {logging_mixin.py:115} INFO - [2022-08-22 22:28:22,531] {dag.py:2420} INFO - Sync 1 DAGs
[2022-08-22 22:28:22,554] {logging_mixin.py:115} INFO - [2022-08-22 22:28:22,554] {dag.py:2972} INFO - Setting next_dagrun for example_sla_dag to 2022-08-22T22:26:00+00:00, run_after=2022-08-22T22:28:00+00:00
[2022-08-22 22:28:22,563] {processor.py:161} INFO - Processing /home/airflow/.local/lib/python3.7/site-packages/airflow/example_dags/example_sla_dag.py took 0.074 seconds
