[2022-08-22 21:53:32,863] {processor.py:153} INFO - Started process (PID=66) to work on /home/airflow/.local/lib/python3.7/site-packages/airflow/example_dags/example_branch_operator_decorator.py
[2022-08-22 21:53:32,865] {processor.py:641} INFO - Processing file /home/airflow/.local/lib/python3.7/site-packages/airflow/example_dags/example_branch_operator_decorator.py for tasks to queue
[2022-08-22 21:53:32,865] {logging_mixin.py:115} INFO - [2022-08-22 21:53:32,865] {dagbag.py:508} INFO - Filling up the DagBag from /home/airflow/.local/lib/python3.7/site-packages/airflow/example_dags/example_branch_operator_decorator.py
[2022-08-22 21:53:32,884] {processor.py:651} INFO - DAG(s) dict_keys(['example_branch_python_operator_decorator']) retrieved from /home/airflow/.local/lib/python3.7/site-packages/airflow/example_dags/example_branch_operator_decorator.py
[2022-08-22 21:53:32,970] {logging_mixin.py:115} INFO - [2022-08-22 21:53:32,970] {manager.py:508} INFO - Created Permission View: can edit on DAG:example_branch_python_operator_decorator
[2022-08-22 21:53:32,983] {logging_mixin.py:115} INFO - [2022-08-22 21:53:32,983] {manager.py:508} INFO - Created Permission View: can read on DAG:example_branch_python_operator_decorator
[2022-08-22 21:53:32,997] {logging_mixin.py:115} INFO - [2022-08-22 21:53:32,997] {manager.py:508} INFO - Created Permission View: can delete on DAG:example_branch_python_operator_decorator
[2022-08-22 21:53:32,997] {logging_mixin.py:115} INFO - [2022-08-22 21:53:32,997] {dag.py:2420} INFO - Sync 1 DAGs
[2022-08-22 21:53:33,009] {logging_mixin.py:115} INFO - [2022-08-22 21:53:33,009] {dag.py:2439} INFO - Creating ORM DAG for example_branch_python_operator_decorator
[2022-08-22 21:53:33,026] {logging_mixin.py:115} INFO - [2022-08-22 21:53:33,025] {dag.py:2972} INFO - Setting next_dagrun for example_branch_python_operator_decorator to 2022-08-21T00:00:00+00:00, run_after=2022-08-22T00:00:00+00:00
[2022-08-22 21:53:33,052] {processor.py:161} INFO - Processing /home/airflow/.local/lib/python3.7/site-packages/airflow/example_dags/example_branch_operator_decorator.py took 0.193 seconds
[2022-08-22 21:54:03,218] {processor.py:153} INFO - Started process (PID=118) to work on /home/airflow/.local/lib/python3.7/site-packages/airflow/example_dags/example_branch_operator_decorator.py
[2022-08-22 21:54:03,218] {processor.py:641} INFO - Processing file /home/airflow/.local/lib/python3.7/site-packages/airflow/example_dags/example_branch_operator_decorator.py for tasks to queue
[2022-08-22 21:54:03,219] {logging_mixin.py:115} INFO - [2022-08-22 21:54:03,219] {dagbag.py:508} INFO - Filling up the DagBag from /home/airflow/.local/lib/python3.7/site-packages/airflow/example_dags/example_branch_operator_decorator.py
[2022-08-22 21:54:03,236] {processor.py:651} INFO - DAG(s) dict_keys(['example_branch_python_operator_decorator']) retrieved from /home/airflow/.local/lib/python3.7/site-packages/airflow/example_dags/example_branch_operator_decorator.py
[2022-08-22 21:54:03,256] {logging_mixin.py:115} INFO - [2022-08-22 21:54:03,256] {dag.py:2420} INFO - Sync 1 DAGs
[2022-08-22 21:54:03,274] {logging_mixin.py:115} INFO - [2022-08-22 21:54:03,274] {dag.py:2972} INFO - Setting next_dagrun for example_branch_python_operator_decorator to 2022-08-21T00:00:00+00:00, run_after=2022-08-22T00:00:00+00:00
[2022-08-22 21:54:03,284] {processor.py:161} INFO - Processing /home/airflow/.local/lib/python3.7/site-packages/airflow/example_dags/example_branch_operator_decorator.py took 0.069 seconds
[2022-08-22 21:54:34,134] {processor.py:153} INFO - Started process (PID=179) to work on /home/airflow/.local/lib/python3.7/site-packages/airflow/example_dags/example_branch_operator_decorator.py
[2022-08-22 21:54:34,135] {processor.py:641} INFO - Processing file /home/airflow/.local/lib/python3.7/site-packages/airflow/example_dags/example_branch_operator_decorator.py for tasks to queue
[2022-08-22 21:54:34,135] {logging_mixin.py:115} INFO - [2022-08-22 21:54:34,135] {dagbag.py:508} INFO - Filling up the DagBag from /home/airflow/.local/lib/python3.7/site-packages/airflow/example_dags/example_branch_operator_decorator.py
[2022-08-22 21:54:34,151] {processor.py:651} INFO - DAG(s) dict_keys(['example_branch_python_operator_decorator']) retrieved from /home/airflow/.local/lib/python3.7/site-packages/airflow/example_dags/example_branch_operator_decorator.py
[2022-08-22 21:54:34,174] {logging_mixin.py:115} INFO - [2022-08-22 21:54:34,174] {dag.py:2420} INFO - Sync 1 DAGs
[2022-08-22 21:54:34,196] {logging_mixin.py:115} INFO - [2022-08-22 21:54:34,195] {dag.py:2972} INFO - Setting next_dagrun for example_branch_python_operator_decorator to 2022-08-21T00:00:00+00:00, run_after=2022-08-22T00:00:00+00:00
[2022-08-22 21:54:34,207] {processor.py:161} INFO - Processing /home/airflow/.local/lib/python3.7/site-packages/airflow/example_dags/example_branch_operator_decorator.py took 0.075 seconds
[2022-08-22 21:55:04,927] {processor.py:153} INFO - Started process (PID=240) to work on /home/airflow/.local/lib/python3.7/site-packages/airflow/example_dags/example_branch_operator_decorator.py
[2022-08-22 21:55:04,927] {processor.py:641} INFO - Processing file /home/airflow/.local/lib/python3.7/site-packages/airflow/example_dags/example_branch_operator_decorator.py for tasks to queue
[2022-08-22 21:55:04,927] {logging_mixin.py:115} INFO - [2022-08-22 21:55:04,927] {dagbag.py:508} INFO - Filling up the DagBag from /home/airflow/.local/lib/python3.7/site-packages/airflow/example_dags/example_branch_operator_decorator.py
[2022-08-22 21:55:04,945] {processor.py:651} INFO - DAG(s) dict_keys(['example_branch_python_operator_decorator']) retrieved from /home/airflow/.local/lib/python3.7/site-packages/airflow/example_dags/example_branch_operator_decorator.py
[2022-08-22 21:55:04,968] {logging_mixin.py:115} INFO - [2022-08-22 21:55:04,968] {dag.py:2420} INFO - Sync 1 DAGs
[2022-08-22 21:55:04,989] {logging_mixin.py:115} INFO - [2022-08-22 21:55:04,989] {dag.py:2972} INFO - Setting next_dagrun for example_branch_python_operator_decorator to 2022-08-21T00:00:00+00:00, run_after=2022-08-22T00:00:00+00:00
[2022-08-22 21:55:05,000] {processor.py:161} INFO - Processing /home/airflow/.local/lib/python3.7/site-packages/airflow/example_dags/example_branch_operator_decorator.py took 0.077 seconds
[2022-08-22 21:55:35,764] {processor.py:153} INFO - Started process (PID=293) to work on /home/airflow/.local/lib/python3.7/site-packages/airflow/example_dags/example_branch_operator_decorator.py
[2022-08-22 21:55:35,765] {processor.py:641} INFO - Processing file /home/airflow/.local/lib/python3.7/site-packages/airflow/example_dags/example_branch_operator_decorator.py for tasks to queue
[2022-08-22 21:55:35,765] {logging_mixin.py:115} INFO - [2022-08-22 21:55:35,765] {dagbag.py:508} INFO - Filling up the DagBag from /home/airflow/.local/lib/python3.7/site-packages/airflow/example_dags/example_branch_operator_decorator.py
[2022-08-22 21:55:35,781] {processor.py:651} INFO - DAG(s) dict_keys(['example_branch_python_operator_decorator']) retrieved from /home/airflow/.local/lib/python3.7/site-packages/airflow/example_dags/example_branch_operator_decorator.py
[2022-08-22 21:55:35,806] {logging_mixin.py:115} INFO - [2022-08-22 21:55:35,806] {dag.py:2420} INFO - Sync 1 DAGs
[2022-08-22 21:55:35,826] {logging_mixin.py:115} INFO - [2022-08-22 21:55:35,825] {dag.py:2972} INFO - Setting next_dagrun for example_branch_python_operator_decorator to 2022-08-21T00:00:00+00:00, run_after=2022-08-22T00:00:00+00:00
[2022-08-22 21:55:35,837] {processor.py:161} INFO - Processing /home/airflow/.local/lib/python3.7/site-packages/airflow/example_dags/example_branch_operator_decorator.py took 0.075 seconds
[2022-08-22 21:56:06,636] {processor.py:153} INFO - Started process (PID=354) to work on /home/airflow/.local/lib/python3.7/site-packages/airflow/example_dags/example_branch_operator_decorator.py
[2022-08-22 21:56:06,637] {processor.py:641} INFO - Processing file /home/airflow/.local/lib/python3.7/site-packages/airflow/example_dags/example_branch_operator_decorator.py for tasks to queue
[2022-08-22 21:56:06,637] {logging_mixin.py:115} INFO - [2022-08-22 21:56:06,637] {dagbag.py:508} INFO - Filling up the DagBag from /home/airflow/.local/lib/python3.7/site-packages/airflow/example_dags/example_branch_operator_decorator.py
[2022-08-22 21:56:06,653] {processor.py:651} INFO - DAG(s) dict_keys(['example_branch_python_operator_decorator']) retrieved from /home/airflow/.local/lib/python3.7/site-packages/airflow/example_dags/example_branch_operator_decorator.py
[2022-08-22 21:56:06,675] {logging_mixin.py:115} INFO - [2022-08-22 21:56:06,675] {dag.py:2420} INFO - Sync 1 DAGs
[2022-08-22 21:56:06,695] {logging_mixin.py:115} INFO - [2022-08-22 21:56:06,695] {dag.py:2972} INFO - Setting next_dagrun for example_branch_python_operator_decorator to 2022-08-21T00:00:00+00:00, run_after=2022-08-22T00:00:00+00:00
[2022-08-22 21:56:06,706] {processor.py:161} INFO - Processing /home/airflow/.local/lib/python3.7/site-packages/airflow/example_dags/example_branch_operator_decorator.py took 0.072 seconds
[2022-08-22 21:56:37,372] {processor.py:153} INFO - Started process (PID=415) to work on /home/airflow/.local/lib/python3.7/site-packages/airflow/example_dags/example_branch_operator_decorator.py
[2022-08-22 21:56:37,373] {processor.py:641} INFO - Processing file /home/airflow/.local/lib/python3.7/site-packages/airflow/example_dags/example_branch_operator_decorator.py for tasks to queue
[2022-08-22 21:56:37,374] {logging_mixin.py:115} INFO - [2022-08-22 21:56:37,373] {dagbag.py:508} INFO - Filling up the DagBag from /home/airflow/.local/lib/python3.7/site-packages/airflow/example_dags/example_branch_operator_decorator.py
[2022-08-22 21:56:37,391] {processor.py:651} INFO - DAG(s) dict_keys(['example_branch_python_operator_decorator']) retrieved from /home/airflow/.local/lib/python3.7/site-packages/airflow/example_dags/example_branch_operator_decorator.py
[2022-08-22 21:56:37,413] {logging_mixin.py:115} INFO - [2022-08-22 21:56:37,413] {dag.py:2420} INFO - Sync 1 DAGs
[2022-08-22 21:56:37,435] {logging_mixin.py:115} INFO - [2022-08-22 21:56:37,435] {dag.py:2972} INFO - Setting next_dagrun for example_branch_python_operator_decorator to 2022-08-21T00:00:00+00:00, run_after=2022-08-22T00:00:00+00:00
[2022-08-22 21:56:37,446] {processor.py:161} INFO - Processing /home/airflow/.local/lib/python3.7/site-packages/airflow/example_dags/example_branch_operator_decorator.py took 0.076 seconds
[2022-08-22 21:57:08,278] {processor.py:153} INFO - Started process (PID=476) to work on /home/airflow/.local/lib/python3.7/site-packages/airflow/example_dags/example_branch_operator_decorator.py
[2022-08-22 21:57:08,278] {processor.py:641} INFO - Processing file /home/airflow/.local/lib/python3.7/site-packages/airflow/example_dags/example_branch_operator_decorator.py for tasks to queue
[2022-08-22 21:57:08,278] {logging_mixin.py:115} INFO - [2022-08-22 21:57:08,278] {dagbag.py:508} INFO - Filling up the DagBag from /home/airflow/.local/lib/python3.7/site-packages/airflow/example_dags/example_branch_operator_decorator.py
[2022-08-22 21:57:08,301] {processor.py:651} INFO - DAG(s) dict_keys(['example_branch_python_operator_decorator']) retrieved from /home/airflow/.local/lib/python3.7/site-packages/airflow/example_dags/example_branch_operator_decorator.py
[2022-08-22 21:57:08,328] {logging_mixin.py:115} INFO - [2022-08-22 21:57:08,328] {dag.py:2420} INFO - Sync 1 DAGs
[2022-08-22 21:57:08,353] {logging_mixin.py:115} INFO - [2022-08-22 21:57:08,353] {dag.py:2972} INFO - Setting next_dagrun for example_branch_python_operator_decorator to 2022-08-21T00:00:00+00:00, run_after=2022-08-22T00:00:00+00:00
[2022-08-22 21:57:08,365] {processor.py:161} INFO - Processing /home/airflow/.local/lib/python3.7/site-packages/airflow/example_dags/example_branch_operator_decorator.py took 0.090 seconds
[2022-08-22 21:57:39,157] {processor.py:153} INFO - Started process (PID=528) to work on /home/airflow/.local/lib/python3.7/site-packages/airflow/example_dags/example_branch_operator_decorator.py
[2022-08-22 21:57:39,158] {processor.py:641} INFO - Processing file /home/airflow/.local/lib/python3.7/site-packages/airflow/example_dags/example_branch_operator_decorator.py for tasks to queue
[2022-08-22 21:57:39,159] {logging_mixin.py:115} INFO - [2022-08-22 21:57:39,159] {dagbag.py:508} INFO - Filling up the DagBag from /home/airflow/.local/lib/python3.7/site-packages/airflow/example_dags/example_branch_operator_decorator.py
[2022-08-22 21:57:39,175] {processor.py:651} INFO - DAG(s) dict_keys(['example_branch_python_operator_decorator']) retrieved from /home/airflow/.local/lib/python3.7/site-packages/airflow/example_dags/example_branch_operator_decorator.py
[2022-08-22 21:57:39,198] {logging_mixin.py:115} INFO - [2022-08-22 21:57:39,198] {dag.py:2420} INFO - Sync 1 DAGs
[2022-08-22 21:57:39,221] {logging_mixin.py:115} INFO - [2022-08-22 21:57:39,220] {dag.py:2972} INFO - Setting next_dagrun for example_branch_python_operator_decorator to 2022-08-21T00:00:00+00:00, run_after=2022-08-22T00:00:00+00:00
[2022-08-22 21:57:39,232] {processor.py:161} INFO - Processing /home/airflow/.local/lib/python3.7/site-packages/airflow/example_dags/example_branch_operator_decorator.py took 0.079 seconds
[2022-08-22 21:58:10,020] {processor.py:153} INFO - Started process (PID=589) to work on /home/airflow/.local/lib/python3.7/site-packages/airflow/example_dags/example_branch_operator_decorator.py
[2022-08-22 21:58:10,020] {processor.py:641} INFO - Processing file /home/airflow/.local/lib/python3.7/site-packages/airflow/example_dags/example_branch_operator_decorator.py for tasks to queue
[2022-08-22 21:58:10,021] {logging_mixin.py:115} INFO - [2022-08-22 21:58:10,021] {dagbag.py:508} INFO - Filling up the DagBag from /home/airflow/.local/lib/python3.7/site-packages/airflow/example_dags/example_branch_operator_decorator.py
[2022-08-22 21:58:10,037] {processor.py:651} INFO - DAG(s) dict_keys(['example_branch_python_operator_decorator']) retrieved from /home/airflow/.local/lib/python3.7/site-packages/airflow/example_dags/example_branch_operator_decorator.py
[2022-08-22 21:58:10,064] {logging_mixin.py:115} INFO - [2022-08-22 21:58:10,064] {dag.py:2420} INFO - Sync 1 DAGs
[2022-08-22 21:58:10,088] {logging_mixin.py:115} INFO - [2022-08-22 21:58:10,088] {dag.py:2972} INFO - Setting next_dagrun for example_branch_python_operator_decorator to 2022-08-21T00:00:00+00:00, run_after=2022-08-22T00:00:00+00:00
[2022-08-22 21:58:10,101] {processor.py:161} INFO - Processing /home/airflow/.local/lib/python3.7/site-packages/airflow/example_dags/example_branch_operator_decorator.py took 0.085 seconds
[2022-08-22 21:58:40,816] {processor.py:153} INFO - Started process (PID=650) to work on /home/airflow/.local/lib/python3.7/site-packages/airflow/example_dags/example_branch_operator_decorator.py
[2022-08-22 21:58:40,817] {processor.py:641} INFO - Processing file /home/airflow/.local/lib/python3.7/site-packages/airflow/example_dags/example_branch_operator_decorator.py for tasks to queue
[2022-08-22 21:58:40,817] {logging_mixin.py:115} INFO - [2022-08-22 21:58:40,817] {dagbag.py:508} INFO - Filling up the DagBag from /home/airflow/.local/lib/python3.7/site-packages/airflow/example_dags/example_branch_operator_decorator.py
[2022-08-22 21:58:40,833] {processor.py:651} INFO - DAG(s) dict_keys(['example_branch_python_operator_decorator']) retrieved from /home/airflow/.local/lib/python3.7/site-packages/airflow/example_dags/example_branch_operator_decorator.py
[2022-08-22 21:58:40,855] {logging_mixin.py:115} INFO - [2022-08-22 21:58:40,855] {dag.py:2420} INFO - Sync 1 DAGs
[2022-08-22 21:58:40,876] {logging_mixin.py:115} INFO - [2022-08-22 21:58:40,876] {dag.py:2972} INFO - Setting next_dagrun for example_branch_python_operator_decorator to 2022-08-21T00:00:00+00:00, run_after=2022-08-22T00:00:00+00:00
[2022-08-22 21:58:40,887] {processor.py:161} INFO - Processing /home/airflow/.local/lib/python3.7/site-packages/airflow/example_dags/example_branch_operator_decorator.py took 0.073 seconds
[2022-08-22 21:59:11,601] {processor.py:153} INFO - Started process (PID=702) to work on /home/airflow/.local/lib/python3.7/site-packages/airflow/example_dags/example_branch_operator_decorator.py
[2022-08-22 21:59:11,601] {processor.py:641} INFO - Processing file /home/airflow/.local/lib/python3.7/site-packages/airflow/example_dags/example_branch_operator_decorator.py for tasks to queue
[2022-08-22 21:59:11,602] {logging_mixin.py:115} INFO - [2022-08-22 21:59:11,602] {dagbag.py:508} INFO - Filling up the DagBag from /home/airflow/.local/lib/python3.7/site-packages/airflow/example_dags/example_branch_operator_decorator.py
[2022-08-22 21:59:11,618] {processor.py:651} INFO - DAG(s) dict_keys(['example_branch_python_operator_decorator']) retrieved from /home/airflow/.local/lib/python3.7/site-packages/airflow/example_dags/example_branch_operator_decorator.py
[2022-08-22 21:59:11,642] {logging_mixin.py:115} INFO - [2022-08-22 21:59:11,642] {dag.py:2420} INFO - Sync 1 DAGs
[2022-08-22 21:59:11,664] {logging_mixin.py:115} INFO - [2022-08-22 21:59:11,664] {dag.py:2972} INFO - Setting next_dagrun for example_branch_python_operator_decorator to 2022-08-21T00:00:00+00:00, run_after=2022-08-22T00:00:00+00:00
[2022-08-22 21:59:11,676] {processor.py:161} INFO - Processing /home/airflow/.local/lib/python3.7/site-packages/airflow/example_dags/example_branch_operator_decorator.py took 0.077 seconds
[2022-08-22 21:59:42,443] {processor.py:153} INFO - Started process (PID=763) to work on /home/airflow/.local/lib/python3.7/site-packages/airflow/example_dags/example_branch_operator_decorator.py
[2022-08-22 21:59:42,443] {processor.py:641} INFO - Processing file /home/airflow/.local/lib/python3.7/site-packages/airflow/example_dags/example_branch_operator_decorator.py for tasks to queue
[2022-08-22 21:59:42,443] {logging_mixin.py:115} INFO - [2022-08-22 21:59:42,443] {dagbag.py:508} INFO - Filling up the DagBag from /home/airflow/.local/lib/python3.7/site-packages/airflow/example_dags/example_branch_operator_decorator.py
[2022-08-22 21:59:42,459] {processor.py:651} INFO - DAG(s) dict_keys(['example_branch_python_operator_decorator']) retrieved from /home/airflow/.local/lib/python3.7/site-packages/airflow/example_dags/example_branch_operator_decorator.py
[2022-08-22 21:59:42,481] {logging_mixin.py:115} INFO - [2022-08-22 21:59:42,481] {dag.py:2420} INFO - Sync 1 DAGs
[2022-08-22 21:59:42,502] {logging_mixin.py:115} INFO - [2022-08-22 21:59:42,502] {dag.py:2972} INFO - Setting next_dagrun for example_branch_python_operator_decorator to 2022-08-21T00:00:00+00:00, run_after=2022-08-22T00:00:00+00:00
[2022-08-22 21:59:42,513] {processor.py:161} INFO - Processing /home/airflow/.local/lib/python3.7/site-packages/airflow/example_dags/example_branch_operator_decorator.py took 0.073 seconds
[2022-08-22 22:00:13,138] {processor.py:153} INFO - Started process (PID=824) to work on /home/airflow/.local/lib/python3.7/site-packages/airflow/example_dags/example_branch_operator_decorator.py
[2022-08-22 22:00:13,139] {processor.py:641} INFO - Processing file /home/airflow/.local/lib/python3.7/site-packages/airflow/example_dags/example_branch_operator_decorator.py for tasks to queue
[2022-08-22 22:00:13,139] {logging_mixin.py:115} INFO - [2022-08-22 22:00:13,139] {dagbag.py:508} INFO - Filling up the DagBag from /home/airflow/.local/lib/python3.7/site-packages/airflow/example_dags/example_branch_operator_decorator.py
[2022-08-22 22:00:13,156] {processor.py:651} INFO - DAG(s) dict_keys(['example_branch_python_operator_decorator']) retrieved from /home/airflow/.local/lib/python3.7/site-packages/airflow/example_dags/example_branch_operator_decorator.py
[2022-08-22 22:00:13,179] {logging_mixin.py:115} INFO - [2022-08-22 22:00:13,179] {dag.py:2420} INFO - Sync 1 DAGs
[2022-08-22 22:00:13,203] {logging_mixin.py:115} INFO - [2022-08-22 22:00:13,202] {dag.py:2972} INFO - Setting next_dagrun for example_branch_python_operator_decorator to 2022-08-21T00:00:00+00:00, run_after=2022-08-22T00:00:00+00:00
[2022-08-22 22:00:13,214] {processor.py:161} INFO - Processing /home/airflow/.local/lib/python3.7/site-packages/airflow/example_dags/example_branch_operator_decorator.py took 0.077 seconds
[2022-08-22 22:00:43,959] {processor.py:153} INFO - Started process (PID=883) to work on /home/airflow/.local/lib/python3.7/site-packages/airflow/example_dags/example_branch_operator_decorator.py
[2022-08-22 22:00:43,959] {processor.py:641} INFO - Processing file /home/airflow/.local/lib/python3.7/site-packages/airflow/example_dags/example_branch_operator_decorator.py for tasks to queue
[2022-08-22 22:00:43,960] {logging_mixin.py:115} INFO - [2022-08-22 22:00:43,960] {dagbag.py:508} INFO - Filling up the DagBag from /home/airflow/.local/lib/python3.7/site-packages/airflow/example_dags/example_branch_operator_decorator.py
[2022-08-22 22:00:43,977] {processor.py:651} INFO - DAG(s) dict_keys(['example_branch_python_operator_decorator']) retrieved from /home/airflow/.local/lib/python3.7/site-packages/airflow/example_dags/example_branch_operator_decorator.py
[2022-08-22 22:00:44,003] {logging_mixin.py:115} INFO - [2022-08-22 22:00:44,003] {dag.py:2420} INFO - Sync 1 DAGs
[2022-08-22 22:00:44,027] {logging_mixin.py:115} INFO - [2022-08-22 22:00:44,027] {dag.py:2972} INFO - Setting next_dagrun for example_branch_python_operator_decorator to 2022-08-21T00:00:00+00:00, run_after=2022-08-22T00:00:00+00:00
[2022-08-22 22:00:44,041] {processor.py:161} INFO - Processing /home/airflow/.local/lib/python3.7/site-packages/airflow/example_dags/example_branch_operator_decorator.py took 0.085 seconds
[2022-08-22 22:01:14,721] {processor.py:153} INFO - Started process (PID=937) to work on /home/airflow/.local/lib/python3.7/site-packages/airflow/example_dags/example_branch_operator_decorator.py
[2022-08-22 22:01:14,721] {processor.py:641} INFO - Processing file /home/airflow/.local/lib/python3.7/site-packages/airflow/example_dags/example_branch_operator_decorator.py for tasks to queue
[2022-08-22 22:01:14,722] {logging_mixin.py:115} INFO - [2022-08-22 22:01:14,722] {dagbag.py:508} INFO - Filling up the DagBag from /home/airflow/.local/lib/python3.7/site-packages/airflow/example_dags/example_branch_operator_decorator.py
[2022-08-22 22:01:14,739] {processor.py:651} INFO - DAG(s) dict_keys(['example_branch_python_operator_decorator']) retrieved from /home/airflow/.local/lib/python3.7/site-packages/airflow/example_dags/example_branch_operator_decorator.py
[2022-08-22 22:01:14,763] {logging_mixin.py:115} INFO - [2022-08-22 22:01:14,763] {dag.py:2420} INFO - Sync 1 DAGs
[2022-08-22 22:01:14,784] {logging_mixin.py:115} INFO - [2022-08-22 22:01:14,784] {dag.py:2972} INFO - Setting next_dagrun for example_branch_python_operator_decorator to 2022-08-21T00:00:00+00:00, run_after=2022-08-22T00:00:00+00:00
[2022-08-22 22:01:14,797] {processor.py:161} INFO - Processing /home/airflow/.local/lib/python3.7/site-packages/airflow/example_dags/example_branch_operator_decorator.py took 0.079 seconds
[2022-08-22 22:01:45,684] {processor.py:153} INFO - Started process (PID=998) to work on /home/airflow/.local/lib/python3.7/site-packages/airflow/example_dags/example_branch_operator_decorator.py
[2022-08-22 22:01:45,685] {processor.py:641} INFO - Processing file /home/airflow/.local/lib/python3.7/site-packages/airflow/example_dags/example_branch_operator_decorator.py for tasks to queue
[2022-08-22 22:01:45,686] {logging_mixin.py:115} INFO - [2022-08-22 22:01:45,686] {dagbag.py:508} INFO - Filling up the DagBag from /home/airflow/.local/lib/python3.7/site-packages/airflow/example_dags/example_branch_operator_decorator.py
[2022-08-22 22:01:45,704] {processor.py:651} INFO - DAG(s) dict_keys(['example_branch_python_operator_decorator']) retrieved from /home/airflow/.local/lib/python3.7/site-packages/airflow/example_dags/example_branch_operator_decorator.py
[2022-08-22 22:01:45,727] {logging_mixin.py:115} INFO - [2022-08-22 22:01:45,727] {dag.py:2420} INFO - Sync 1 DAGs
[2022-08-22 22:01:45,748] {logging_mixin.py:115} INFO - [2022-08-22 22:01:45,748] {dag.py:2972} INFO - Setting next_dagrun for example_branch_python_operator_decorator to 2022-08-21T00:00:00+00:00, run_after=2022-08-22T00:00:00+00:00
[2022-08-22 22:01:45,759] {processor.py:161} INFO - Processing /home/airflow/.local/lib/python3.7/site-packages/airflow/example_dags/example_branch_operator_decorator.py took 0.078 seconds
[2022-08-22 22:02:16,577] {processor.py:153} INFO - Started process (PID=1059) to work on /home/airflow/.local/lib/python3.7/site-packages/airflow/example_dags/example_branch_operator_decorator.py
[2022-08-22 22:02:16,578] {processor.py:641} INFO - Processing file /home/airflow/.local/lib/python3.7/site-packages/airflow/example_dags/example_branch_operator_decorator.py for tasks to queue
[2022-08-22 22:02:16,579] {logging_mixin.py:115} INFO - [2022-08-22 22:02:16,579] {dagbag.py:508} INFO - Filling up the DagBag from /home/airflow/.local/lib/python3.7/site-packages/airflow/example_dags/example_branch_operator_decorator.py
[2022-08-22 22:02:16,595] {processor.py:651} INFO - DAG(s) dict_keys(['example_branch_python_operator_decorator']) retrieved from /home/airflow/.local/lib/python3.7/site-packages/airflow/example_dags/example_branch_operator_decorator.py
[2022-08-22 22:02:16,617] {logging_mixin.py:115} INFO - [2022-08-22 22:02:16,617] {dag.py:2420} INFO - Sync 1 DAGs
[2022-08-22 22:02:16,640] {logging_mixin.py:115} INFO - [2022-08-22 22:02:16,639] {dag.py:2972} INFO - Setting next_dagrun for example_branch_python_operator_decorator to 2022-08-21T00:00:00+00:00, run_after=2022-08-22T00:00:00+00:00
[2022-08-22 22:02:16,652] {processor.py:161} INFO - Processing /home/airflow/.local/lib/python3.7/site-packages/airflow/example_dags/example_branch_operator_decorator.py took 0.077 seconds
[2022-08-22 22:02:47,287] {processor.py:153} INFO - Started process (PID=1111) to work on /home/airflow/.local/lib/python3.7/site-packages/airflow/example_dags/example_branch_operator_decorator.py
[2022-08-22 22:02:47,287] {processor.py:641} INFO - Processing file /home/airflow/.local/lib/python3.7/site-packages/airflow/example_dags/example_branch_operator_decorator.py for tasks to queue
[2022-08-22 22:02:47,288] {logging_mixin.py:115} INFO - [2022-08-22 22:02:47,288] {dagbag.py:508} INFO - Filling up the DagBag from /home/airflow/.local/lib/python3.7/site-packages/airflow/example_dags/example_branch_operator_decorator.py
[2022-08-22 22:02:47,304] {processor.py:651} INFO - DAG(s) dict_keys(['example_branch_python_operator_decorator']) retrieved from /home/airflow/.local/lib/python3.7/site-packages/airflow/example_dags/example_branch_operator_decorator.py
[2022-08-22 22:02:47,326] {logging_mixin.py:115} INFO - [2022-08-22 22:02:47,326] {dag.py:2420} INFO - Sync 1 DAGs
[2022-08-22 22:02:47,349] {logging_mixin.py:115} INFO - [2022-08-22 22:02:47,349] {dag.py:2972} INFO - Setting next_dagrun for example_branch_python_operator_decorator to 2022-08-21T00:00:00+00:00, run_after=2022-08-22T00:00:00+00:00
[2022-08-22 22:02:47,362] {processor.py:161} INFO - Processing /home/airflow/.local/lib/python3.7/site-packages/airflow/example_dags/example_branch_operator_decorator.py took 0.078 seconds
[2022-08-22 22:03:18,222] {processor.py:153} INFO - Started process (PID=1172) to work on /home/airflow/.local/lib/python3.7/site-packages/airflow/example_dags/example_branch_operator_decorator.py
[2022-08-22 22:03:18,223] {processor.py:641} INFO - Processing file /home/airflow/.local/lib/python3.7/site-packages/airflow/example_dags/example_branch_operator_decorator.py for tasks to queue
[2022-08-22 22:03:18,223] {logging_mixin.py:115} INFO - [2022-08-22 22:03:18,223] {dagbag.py:508} INFO - Filling up the DagBag from /home/airflow/.local/lib/python3.7/site-packages/airflow/example_dags/example_branch_operator_decorator.py
[2022-08-22 22:03:18,239] {processor.py:651} INFO - DAG(s) dict_keys(['example_branch_python_operator_decorator']) retrieved from /home/airflow/.local/lib/python3.7/site-packages/airflow/example_dags/example_branch_operator_decorator.py
[2022-08-22 22:03:18,262] {logging_mixin.py:115} INFO - [2022-08-22 22:03:18,261] {dag.py:2420} INFO - Sync 1 DAGs
[2022-08-22 22:03:18,282] {logging_mixin.py:115} INFO - [2022-08-22 22:03:18,282] {dag.py:2972} INFO - Setting next_dagrun for example_branch_python_operator_decorator to 2022-08-21T00:00:00+00:00, run_after=2022-08-22T00:00:00+00:00
[2022-08-22 22:03:18,293] {processor.py:161} INFO - Processing /home/airflow/.local/lib/python3.7/site-packages/airflow/example_dags/example_branch_operator_decorator.py took 0.074 seconds
[2022-08-22 22:03:49,212] {processor.py:153} INFO - Started process (PID=1233) to work on /home/airflow/.local/lib/python3.7/site-packages/airflow/example_dags/example_branch_operator_decorator.py
[2022-08-22 22:03:49,213] {processor.py:641} INFO - Processing file /home/airflow/.local/lib/python3.7/site-packages/airflow/example_dags/example_branch_operator_decorator.py for tasks to queue
[2022-08-22 22:03:49,214] {logging_mixin.py:115} INFO - [2022-08-22 22:03:49,214] {dagbag.py:508} INFO - Filling up the DagBag from /home/airflow/.local/lib/python3.7/site-packages/airflow/example_dags/example_branch_operator_decorator.py
[2022-08-22 22:03:49,241] {processor.py:651} INFO - DAG(s) dict_keys(['example_branch_python_operator_decorator']) retrieved from /home/airflow/.local/lib/python3.7/site-packages/airflow/example_dags/example_branch_operator_decorator.py
[2022-08-22 22:03:49,263] {logging_mixin.py:115} INFO - [2022-08-22 22:03:49,263] {dag.py:2420} INFO - Sync 1 DAGs
[2022-08-22 22:03:49,283] {logging_mixin.py:115} INFO - [2022-08-22 22:03:49,283] {dag.py:2972} INFO - Setting next_dagrun for example_branch_python_operator_decorator to 2022-08-21T00:00:00+00:00, run_after=2022-08-22T00:00:00+00:00
[2022-08-22 22:03:49,293] {processor.py:161} INFO - Processing /home/airflow/.local/lib/python3.7/site-packages/airflow/example_dags/example_branch_operator_decorator.py took 0.085 seconds
[2022-08-22 22:04:19,910] {processor.py:153} INFO - Started process (PID=1285) to work on /home/airflow/.local/lib/python3.7/site-packages/airflow/example_dags/example_branch_operator_decorator.py
[2022-08-22 22:04:19,911] {processor.py:641} INFO - Processing file /home/airflow/.local/lib/python3.7/site-packages/airflow/example_dags/example_branch_operator_decorator.py for tasks to queue
[2022-08-22 22:04:19,912] {logging_mixin.py:115} INFO - [2022-08-22 22:04:19,912] {dagbag.py:508} INFO - Filling up the DagBag from /home/airflow/.local/lib/python3.7/site-packages/airflow/example_dags/example_branch_operator_decorator.py
[2022-08-22 22:04:19,942] {processor.py:651} INFO - DAG(s) dict_keys(['example_branch_python_operator_decorator']) retrieved from /home/airflow/.local/lib/python3.7/site-packages/airflow/example_dags/example_branch_operator_decorator.py
[2022-08-22 22:04:20,002] {logging_mixin.py:115} INFO - [2022-08-22 22:04:20,002] {dag.py:2420} INFO - Sync 1 DAGs
[2022-08-22 22:04:20,024] {logging_mixin.py:115} INFO - [2022-08-22 22:04:20,024] {dag.py:2972} INFO - Setting next_dagrun for example_branch_python_operator_decorator to 2022-08-21T00:00:00+00:00, run_after=2022-08-22T00:00:00+00:00
[2022-08-22 22:04:20,038] {processor.py:161} INFO - Processing /home/airflow/.local/lib/python3.7/site-packages/airflow/example_dags/example_branch_operator_decorator.py took 0.132 seconds
[2022-08-22 22:04:50,414] {processor.py:153} INFO - Started process (PID=1346) to work on /home/airflow/.local/lib/python3.7/site-packages/airflow/example_dags/example_branch_operator_decorator.py
[2022-08-22 22:04:50,414] {processor.py:641} INFO - Processing file /home/airflow/.local/lib/python3.7/site-packages/airflow/example_dags/example_branch_operator_decorator.py for tasks to queue
[2022-08-22 22:04:50,415] {logging_mixin.py:115} INFO - [2022-08-22 22:04:50,415] {dagbag.py:508} INFO - Filling up the DagBag from /home/airflow/.local/lib/python3.7/site-packages/airflow/example_dags/example_branch_operator_decorator.py
[2022-08-22 22:04:50,435] {processor.py:651} INFO - DAG(s) dict_keys(['example_branch_python_operator_decorator']) retrieved from /home/airflow/.local/lib/python3.7/site-packages/airflow/example_dags/example_branch_operator_decorator.py
[2022-08-22 22:04:50,459] {logging_mixin.py:115} INFO - [2022-08-22 22:04:50,459] {dag.py:2420} INFO - Sync 1 DAGs
[2022-08-22 22:04:50,480] {logging_mixin.py:115} INFO - [2022-08-22 22:04:50,479] {dag.py:2972} INFO - Setting next_dagrun for example_branch_python_operator_decorator to 2022-08-21T00:00:00+00:00, run_after=2022-08-22T00:00:00+00:00
[2022-08-22 22:04:50,491] {processor.py:161} INFO - Processing /home/airflow/.local/lib/python3.7/site-packages/airflow/example_dags/example_branch_operator_decorator.py took 0.081 seconds
[2022-08-22 22:05:20,942] {processor.py:153} INFO - Started process (PID=1407) to work on /home/airflow/.local/lib/python3.7/site-packages/airflow/example_dags/example_branch_operator_decorator.py
[2022-08-22 22:05:20,943] {processor.py:641} INFO - Processing file /home/airflow/.local/lib/python3.7/site-packages/airflow/example_dags/example_branch_operator_decorator.py for tasks to queue
[2022-08-22 22:05:20,944] {logging_mixin.py:115} INFO - [2022-08-22 22:05:20,944] {dagbag.py:508} INFO - Filling up the DagBag from /home/airflow/.local/lib/python3.7/site-packages/airflow/example_dags/example_branch_operator_decorator.py
[2022-08-22 22:05:20,970] {processor.py:651} INFO - DAG(s) dict_keys(['example_branch_python_operator_decorator']) retrieved from /home/airflow/.local/lib/python3.7/site-packages/airflow/example_dags/example_branch_operator_decorator.py
[2022-08-22 22:05:20,996] {logging_mixin.py:115} INFO - [2022-08-22 22:05:20,996] {dag.py:2420} INFO - Sync 1 DAGs
[2022-08-22 22:05:21,017] {logging_mixin.py:115} INFO - [2022-08-22 22:05:21,017] {dag.py:2972} INFO - Setting next_dagrun for example_branch_python_operator_decorator to 2022-08-21T00:00:00+00:00, run_after=2022-08-22T00:00:00+00:00
[2022-08-22 22:05:21,027] {processor.py:161} INFO - Processing /home/airflow/.local/lib/python3.7/site-packages/airflow/example_dags/example_branch_operator_decorator.py took 0.089 seconds
[2022-08-22 22:05:51,746] {processor.py:153} INFO - Started process (PID=1468) to work on /home/airflow/.local/lib/python3.7/site-packages/airflow/example_dags/example_branch_operator_decorator.py
[2022-08-22 22:05:51,747] {processor.py:641} INFO - Processing file /home/airflow/.local/lib/python3.7/site-packages/airflow/example_dags/example_branch_operator_decorator.py for tasks to queue
[2022-08-22 22:05:51,747] {logging_mixin.py:115} INFO - [2022-08-22 22:05:51,747] {dagbag.py:508} INFO - Filling up the DagBag from /home/airflow/.local/lib/python3.7/site-packages/airflow/example_dags/example_branch_operator_decorator.py
[2022-08-22 22:05:51,762] {processor.py:651} INFO - DAG(s) dict_keys(['example_branch_python_operator_decorator']) retrieved from /home/airflow/.local/lib/python3.7/site-packages/airflow/example_dags/example_branch_operator_decorator.py
[2022-08-22 22:05:51,784] {logging_mixin.py:115} INFO - [2022-08-22 22:05:51,784] {dag.py:2420} INFO - Sync 1 DAGs
[2022-08-22 22:05:51,805] {logging_mixin.py:115} INFO - [2022-08-22 22:05:51,805] {dag.py:2972} INFO - Setting next_dagrun for example_branch_python_operator_decorator to 2022-08-21T00:00:00+00:00, run_after=2022-08-22T00:00:00+00:00
[2022-08-22 22:05:51,817] {processor.py:161} INFO - Processing /home/airflow/.local/lib/python3.7/site-packages/airflow/example_dags/example_branch_operator_decorator.py took 0.073 seconds
[2022-08-22 22:06:22,423] {processor.py:153} INFO - Started process (PID=1520) to work on /home/airflow/.local/lib/python3.7/site-packages/airflow/example_dags/example_branch_operator_decorator.py
[2022-08-22 22:06:22,424] {processor.py:641} INFO - Processing file /home/airflow/.local/lib/python3.7/site-packages/airflow/example_dags/example_branch_operator_decorator.py for tasks to queue
[2022-08-22 22:06:22,424] {logging_mixin.py:115} INFO - [2022-08-22 22:06:22,424] {dagbag.py:508} INFO - Filling up the DagBag from /home/airflow/.local/lib/python3.7/site-packages/airflow/example_dags/example_branch_operator_decorator.py
[2022-08-22 22:06:22,438] {processor.py:651} INFO - DAG(s) dict_keys(['example_branch_python_operator_decorator']) retrieved from /home/airflow/.local/lib/python3.7/site-packages/airflow/example_dags/example_branch_operator_decorator.py
[2022-08-22 22:06:22,464] {logging_mixin.py:115} INFO - [2022-08-22 22:06:22,464] {dag.py:2420} INFO - Sync 1 DAGs
[2022-08-22 22:06:22,485] {logging_mixin.py:115} INFO - [2022-08-22 22:06:22,485] {dag.py:2972} INFO - Setting next_dagrun for example_branch_python_operator_decorator to 2022-08-21T00:00:00+00:00, run_after=2022-08-22T00:00:00+00:00
[2022-08-22 22:06:22,495] {processor.py:161} INFO - Processing /home/airflow/.local/lib/python3.7/site-packages/airflow/example_dags/example_branch_operator_decorator.py took 0.075 seconds
[2022-08-22 22:06:53,090] {processor.py:153} INFO - Started process (PID=1581) to work on /home/airflow/.local/lib/python3.7/site-packages/airflow/example_dags/example_branch_operator_decorator.py
[2022-08-22 22:06:53,091] {processor.py:641} INFO - Processing file /home/airflow/.local/lib/python3.7/site-packages/airflow/example_dags/example_branch_operator_decorator.py for tasks to queue
[2022-08-22 22:06:53,092] {logging_mixin.py:115} INFO - [2022-08-22 22:06:53,092] {dagbag.py:508} INFO - Filling up the DagBag from /home/airflow/.local/lib/python3.7/site-packages/airflow/example_dags/example_branch_operator_decorator.py
[2022-08-22 22:06:53,119] {processor.py:651} INFO - DAG(s) dict_keys(['example_branch_python_operator_decorator']) retrieved from /home/airflow/.local/lib/python3.7/site-packages/airflow/example_dags/example_branch_operator_decorator.py
[2022-08-22 22:06:53,142] {logging_mixin.py:115} INFO - [2022-08-22 22:06:53,142] {dag.py:2420} INFO - Sync 1 DAGs
[2022-08-22 22:06:53,160] {logging_mixin.py:115} INFO - [2022-08-22 22:06:53,160] {dag.py:2972} INFO - Setting next_dagrun for example_branch_python_operator_decorator to 2022-08-21T00:00:00+00:00, run_after=2022-08-22T00:00:00+00:00
[2022-08-22 22:06:53,170] {processor.py:161} INFO - Processing /home/airflow/.local/lib/python3.7/site-packages/airflow/example_dags/example_branch_operator_decorator.py took 0.083 seconds
[2022-08-22 22:07:23,635] {processor.py:153} INFO - Started process (PID=1642) to work on /home/airflow/.local/lib/python3.7/site-packages/airflow/example_dags/example_branch_operator_decorator.py
[2022-08-22 22:07:23,636] {processor.py:641} INFO - Processing file /home/airflow/.local/lib/python3.7/site-packages/airflow/example_dags/example_branch_operator_decorator.py for tasks to queue
[2022-08-22 22:07:23,636] {logging_mixin.py:115} INFO - [2022-08-22 22:07:23,636] {dagbag.py:508} INFO - Filling up the DagBag from /home/airflow/.local/lib/python3.7/site-packages/airflow/example_dags/example_branch_operator_decorator.py
[2022-08-22 22:07:23,650] {processor.py:651} INFO - DAG(s) dict_keys(['example_branch_python_operator_decorator']) retrieved from /home/airflow/.local/lib/python3.7/site-packages/airflow/example_dags/example_branch_operator_decorator.py
[2022-08-22 22:07:23,670] {logging_mixin.py:115} INFO - [2022-08-22 22:07:23,670] {dag.py:2420} INFO - Sync 1 DAGs
[2022-08-22 22:07:23,691] {logging_mixin.py:115} INFO - [2022-08-22 22:07:23,690] {dag.py:2972} INFO - Setting next_dagrun for example_branch_python_operator_decorator to 2022-08-21T00:00:00+00:00, run_after=2022-08-22T00:00:00+00:00
[2022-08-22 22:07:23,700] {processor.py:161} INFO - Processing /home/airflow/.local/lib/python3.7/site-packages/airflow/example_dags/example_branch_operator_decorator.py took 0.067 seconds
[2022-08-22 22:07:54,457] {processor.py:153} INFO - Started process (PID=1703) to work on /home/airflow/.local/lib/python3.7/site-packages/airflow/example_dags/example_branch_operator_decorator.py
[2022-08-22 22:07:54,458] {processor.py:641} INFO - Processing file /home/airflow/.local/lib/python3.7/site-packages/airflow/example_dags/example_branch_operator_decorator.py for tasks to queue
[2022-08-22 22:07:54,459] {logging_mixin.py:115} INFO - [2022-08-22 22:07:54,458] {dagbag.py:508} INFO - Filling up the DagBag from /home/airflow/.local/lib/python3.7/site-packages/airflow/example_dags/example_branch_operator_decorator.py
[2022-08-22 22:07:54,488] {processor.py:651} INFO - DAG(s) dict_keys(['example_branch_python_operator_decorator']) retrieved from /home/airflow/.local/lib/python3.7/site-packages/airflow/example_dags/example_branch_operator_decorator.py
[2022-08-22 22:07:54,512] {logging_mixin.py:115} INFO - [2022-08-22 22:07:54,512] {dag.py:2420} INFO - Sync 1 DAGs
[2022-08-22 22:07:54,531] {logging_mixin.py:115} INFO - [2022-08-22 22:07:54,531] {dag.py:2972} INFO - Setting next_dagrun for example_branch_python_operator_decorator to 2022-08-21T00:00:00+00:00, run_after=2022-08-22T00:00:00+00:00
[2022-08-22 22:07:54,540] {processor.py:161} INFO - Processing /home/airflow/.local/lib/python3.7/site-packages/airflow/example_dags/example_branch_operator_decorator.py took 0.087 seconds
[2022-08-22 22:08:24,972] {processor.py:153} INFO - Started process (PID=1755) to work on /home/airflow/.local/lib/python3.7/site-packages/airflow/example_dags/example_branch_operator_decorator.py
[2022-08-22 22:08:24,973] {processor.py:641} INFO - Processing file /home/airflow/.local/lib/python3.7/site-packages/airflow/example_dags/example_branch_operator_decorator.py for tasks to queue
[2022-08-22 22:08:24,973] {logging_mixin.py:115} INFO - [2022-08-22 22:08:24,973] {dagbag.py:508} INFO - Filling up the DagBag from /home/airflow/.local/lib/python3.7/site-packages/airflow/example_dags/example_branch_operator_decorator.py
[2022-08-22 22:08:24,987] {processor.py:651} INFO - DAG(s) dict_keys(['example_branch_python_operator_decorator']) retrieved from /home/airflow/.local/lib/python3.7/site-packages/airflow/example_dags/example_branch_operator_decorator.py
[2022-08-22 22:08:25,007] {logging_mixin.py:115} INFO - [2022-08-22 22:08:25,006] {dag.py:2420} INFO - Sync 1 DAGs
[2022-08-22 22:08:25,027] {logging_mixin.py:115} INFO - [2022-08-22 22:08:25,027] {dag.py:2972} INFO - Setting next_dagrun for example_branch_python_operator_decorator to 2022-08-21T00:00:00+00:00, run_after=2022-08-22T00:00:00+00:00
[2022-08-22 22:08:25,037] {processor.py:161} INFO - Processing /home/airflow/.local/lib/python3.7/site-packages/airflow/example_dags/example_branch_operator_decorator.py took 0.067 seconds
[2022-08-22 22:08:55,904] {processor.py:153} INFO - Started process (PID=1816) to work on /home/airflow/.local/lib/python3.7/site-packages/airflow/example_dags/example_branch_operator_decorator.py
[2022-08-22 22:08:55,905] {processor.py:641} INFO - Processing file /home/airflow/.local/lib/python3.7/site-packages/airflow/example_dags/example_branch_operator_decorator.py for tasks to queue
[2022-08-22 22:08:55,905] {logging_mixin.py:115} INFO - [2022-08-22 22:08:55,905] {dagbag.py:508} INFO - Filling up the DagBag from /home/airflow/.local/lib/python3.7/site-packages/airflow/example_dags/example_branch_operator_decorator.py
[2022-08-22 22:08:55,934] {processor.py:651} INFO - DAG(s) dict_keys(['example_branch_python_operator_decorator']) retrieved from /home/airflow/.local/lib/python3.7/site-packages/airflow/example_dags/example_branch_operator_decorator.py
[2022-08-22 22:08:55,956] {logging_mixin.py:115} INFO - [2022-08-22 22:08:55,956] {dag.py:2420} INFO - Sync 1 DAGs
[2022-08-22 22:08:55,975] {logging_mixin.py:115} INFO - [2022-08-22 22:08:55,975] {dag.py:2972} INFO - Setting next_dagrun for example_branch_python_operator_decorator to 2022-08-21T00:00:00+00:00, run_after=2022-08-22T00:00:00+00:00
[2022-08-22 22:08:55,987] {processor.py:161} INFO - Processing /home/airflow/.local/lib/python3.7/site-packages/airflow/example_dags/example_branch_operator_decorator.py took 0.088 seconds
[2022-08-22 22:09:26,420] {processor.py:153} INFO - Started process (PID=1877) to work on /home/airflow/.local/lib/python3.7/site-packages/airflow/example_dags/example_branch_operator_decorator.py
[2022-08-22 22:09:26,421] {processor.py:641} INFO - Processing file /home/airflow/.local/lib/python3.7/site-packages/airflow/example_dags/example_branch_operator_decorator.py for tasks to queue
[2022-08-22 22:09:26,421] {logging_mixin.py:115} INFO - [2022-08-22 22:09:26,421] {dagbag.py:508} INFO - Filling up the DagBag from /home/airflow/.local/lib/python3.7/site-packages/airflow/example_dags/example_branch_operator_decorator.py
[2022-08-22 22:09:26,447] {processor.py:651} INFO - DAG(s) dict_keys(['example_branch_python_operator_decorator']) retrieved from /home/airflow/.local/lib/python3.7/site-packages/airflow/example_dags/example_branch_operator_decorator.py
[2022-08-22 22:09:26,469] {logging_mixin.py:115} INFO - [2022-08-22 22:09:26,468] {dag.py:2420} INFO - Sync 1 DAGs
[2022-08-22 22:09:26,487] {logging_mixin.py:115} INFO - [2022-08-22 22:09:26,487] {dag.py:2972} INFO - Setting next_dagrun for example_branch_python_operator_decorator to 2022-08-21T00:00:00+00:00, run_after=2022-08-22T00:00:00+00:00
[2022-08-22 22:09:26,498] {processor.py:161} INFO - Processing /home/airflow/.local/lib/python3.7/site-packages/airflow/example_dags/example_branch_operator_decorator.py took 0.082 seconds
[2022-08-22 22:09:57,115] {processor.py:153} INFO - Started process (PID=1938) to work on /home/airflow/.local/lib/python3.7/site-packages/airflow/example_dags/example_branch_operator_decorator.py
[2022-08-22 22:09:57,116] {processor.py:641} INFO - Processing file /home/airflow/.local/lib/python3.7/site-packages/airflow/example_dags/example_branch_operator_decorator.py for tasks to queue
[2022-08-22 22:09:57,116] {logging_mixin.py:115} INFO - [2022-08-22 22:09:57,116] {dagbag.py:508} INFO - Filling up the DagBag from /home/airflow/.local/lib/python3.7/site-packages/airflow/example_dags/example_branch_operator_decorator.py
[2022-08-22 22:09:57,134] {processor.py:651} INFO - DAG(s) dict_keys(['example_branch_python_operator_decorator']) retrieved from /home/airflow/.local/lib/python3.7/site-packages/airflow/example_dags/example_branch_operator_decorator.py
[2022-08-22 22:09:57,158] {logging_mixin.py:115} INFO - [2022-08-22 22:09:57,158] {dag.py:2420} INFO - Sync 1 DAGs
[2022-08-22 22:09:57,178] {logging_mixin.py:115} INFO - [2022-08-22 22:09:57,178] {dag.py:2972} INFO - Setting next_dagrun for example_branch_python_operator_decorator to 2022-08-21T00:00:00+00:00, run_after=2022-08-22T00:00:00+00:00
[2022-08-22 22:09:57,188] {processor.py:161} INFO - Processing /home/airflow/.local/lib/python3.7/site-packages/airflow/example_dags/example_branch_operator_decorator.py took 0.075 seconds
[2022-08-22 22:10:27,799] {processor.py:153} INFO - Started process (PID=1990) to work on /home/airflow/.local/lib/python3.7/site-packages/airflow/example_dags/example_branch_operator_decorator.py
[2022-08-22 22:10:27,799] {processor.py:641} INFO - Processing file /home/airflow/.local/lib/python3.7/site-packages/airflow/example_dags/example_branch_operator_decorator.py for tasks to queue
[2022-08-22 22:10:27,800] {logging_mixin.py:115} INFO - [2022-08-22 22:10:27,800] {dagbag.py:508} INFO - Filling up the DagBag from /home/airflow/.local/lib/python3.7/site-packages/airflow/example_dags/example_branch_operator_decorator.py
[2022-08-22 22:10:27,826] {processor.py:651} INFO - DAG(s) dict_keys(['example_branch_python_operator_decorator']) retrieved from /home/airflow/.local/lib/python3.7/site-packages/airflow/example_dags/example_branch_operator_decorator.py
[2022-08-22 22:10:27,847] {logging_mixin.py:115} INFO - [2022-08-22 22:10:27,847] {dag.py:2420} INFO - Sync 1 DAGs
[2022-08-22 22:10:27,865] {logging_mixin.py:115} INFO - [2022-08-22 22:10:27,864] {dag.py:2972} INFO - Setting next_dagrun for example_branch_python_operator_decorator to 2022-08-21T00:00:00+00:00, run_after=2022-08-22T00:00:00+00:00
[2022-08-22 22:10:27,875] {processor.py:161} INFO - Processing /home/airflow/.local/lib/python3.7/site-packages/airflow/example_dags/example_branch_operator_decorator.py took 0.081 seconds
[2022-08-22 22:10:58,498] {processor.py:153} INFO - Started process (PID=2051) to work on /home/airflow/.local/lib/python3.7/site-packages/airflow/example_dags/example_branch_operator_decorator.py
[2022-08-22 22:10:58,498] {processor.py:641} INFO - Processing file /home/airflow/.local/lib/python3.7/site-packages/airflow/example_dags/example_branch_operator_decorator.py for tasks to queue
[2022-08-22 22:10:58,498] {logging_mixin.py:115} INFO - [2022-08-22 22:10:58,498] {dagbag.py:508} INFO - Filling up the DagBag from /home/airflow/.local/lib/python3.7/site-packages/airflow/example_dags/example_branch_operator_decorator.py
[2022-08-22 22:10:58,513] {processor.py:651} INFO - DAG(s) dict_keys(['example_branch_python_operator_decorator']) retrieved from /home/airflow/.local/lib/python3.7/site-packages/airflow/example_dags/example_branch_operator_decorator.py
[2022-08-22 22:10:58,533] {logging_mixin.py:115} INFO - [2022-08-22 22:10:58,533] {dag.py:2420} INFO - Sync 1 DAGs
[2022-08-22 22:10:58,552] {logging_mixin.py:115} INFO - [2022-08-22 22:10:58,552] {dag.py:2972} INFO - Setting next_dagrun for example_branch_python_operator_decorator to 2022-08-21T00:00:00+00:00, run_after=2022-08-22T00:00:00+00:00
[2022-08-22 22:10:58,563] {processor.py:161} INFO - Processing /home/airflow/.local/lib/python3.7/site-packages/airflow/example_dags/example_branch_operator_decorator.py took 0.068 seconds
[2022-08-22 22:11:29,085] {processor.py:153} INFO - Started process (PID=2111) to work on /home/airflow/.local/lib/python3.7/site-packages/airflow/example_dags/example_branch_operator_decorator.py
[2022-08-22 22:11:29,085] {processor.py:641} INFO - Processing file /home/airflow/.local/lib/python3.7/site-packages/airflow/example_dags/example_branch_operator_decorator.py for tasks to queue
[2022-08-22 22:11:29,086] {logging_mixin.py:115} INFO - [2022-08-22 22:11:29,086] {dagbag.py:508} INFO - Filling up the DagBag from /home/airflow/.local/lib/python3.7/site-packages/airflow/example_dags/example_branch_operator_decorator.py
[2022-08-22 22:11:29,102] {processor.py:651} INFO - DAG(s) dict_keys(['example_branch_python_operator_decorator']) retrieved from /home/airflow/.local/lib/python3.7/site-packages/airflow/example_dags/example_branch_operator_decorator.py
[2022-08-22 22:11:29,122] {logging_mixin.py:115} INFO - [2022-08-22 22:11:29,122] {dag.py:2420} INFO - Sync 1 DAGs
[2022-08-22 22:11:29,142] {logging_mixin.py:115} INFO - [2022-08-22 22:11:29,142] {dag.py:2972} INFO - Setting next_dagrun for example_branch_python_operator_decorator to 2022-08-21T00:00:00+00:00, run_after=2022-08-22T00:00:00+00:00
[2022-08-22 22:11:29,154] {processor.py:161} INFO - Processing /home/airflow/.local/lib/python3.7/site-packages/airflow/example_dags/example_branch_operator_decorator.py took 0.072 seconds
[2022-08-22 22:11:59,591] {processor.py:153} INFO - Started process (PID=2163) to work on /home/airflow/.local/lib/python3.7/site-packages/airflow/example_dags/example_branch_operator_decorator.py
[2022-08-22 22:11:59,591] {processor.py:641} INFO - Processing file /home/airflow/.local/lib/python3.7/site-packages/airflow/example_dags/example_branch_operator_decorator.py for tasks to queue
[2022-08-22 22:11:59,592] {logging_mixin.py:115} INFO - [2022-08-22 22:11:59,592] {dagbag.py:508} INFO - Filling up the DagBag from /home/airflow/.local/lib/python3.7/site-packages/airflow/example_dags/example_branch_operator_decorator.py
[2022-08-22 22:11:59,614] {processor.py:651} INFO - DAG(s) dict_keys(['example_branch_python_operator_decorator']) retrieved from /home/airflow/.local/lib/python3.7/site-packages/airflow/example_dags/example_branch_operator_decorator.py
[2022-08-22 22:11:59,638] {logging_mixin.py:115} INFO - [2022-08-22 22:11:59,638] {dag.py:2420} INFO - Sync 1 DAGs
[2022-08-22 22:11:59,656] {logging_mixin.py:115} INFO - [2022-08-22 22:11:59,656] {dag.py:2972} INFO - Setting next_dagrun for example_branch_python_operator_decorator to 2022-08-21T00:00:00+00:00, run_after=2022-08-22T00:00:00+00:00
[2022-08-22 22:11:59,667] {processor.py:161} INFO - Processing /home/airflow/.local/lib/python3.7/site-packages/airflow/example_dags/example_branch_operator_decorator.py took 0.081 seconds
[2022-08-22 22:12:30,202] {processor.py:153} INFO - Started process (PID=2224) to work on /home/airflow/.local/lib/python3.7/site-packages/airflow/example_dags/example_branch_operator_decorator.py
[2022-08-22 22:12:30,203] {processor.py:641} INFO - Processing file /home/airflow/.local/lib/python3.7/site-packages/airflow/example_dags/example_branch_operator_decorator.py for tasks to queue
[2022-08-22 22:12:30,203] {logging_mixin.py:115} INFO - [2022-08-22 22:12:30,203] {dagbag.py:508} INFO - Filling up the DagBag from /home/airflow/.local/lib/python3.7/site-packages/airflow/example_dags/example_branch_operator_decorator.py
[2022-08-22 22:12:30,217] {processor.py:651} INFO - DAG(s) dict_keys(['example_branch_python_operator_decorator']) retrieved from /home/airflow/.local/lib/python3.7/site-packages/airflow/example_dags/example_branch_operator_decorator.py
[2022-08-22 22:12:30,240] {logging_mixin.py:115} INFO - [2022-08-22 22:12:30,240] {dag.py:2420} INFO - Sync 1 DAGs
[2022-08-22 22:12:30,260] {logging_mixin.py:115} INFO - [2022-08-22 22:12:30,260] {dag.py:2972} INFO - Setting next_dagrun for example_branch_python_operator_decorator to 2022-08-21T00:00:00+00:00, run_after=2022-08-22T00:00:00+00:00
[2022-08-22 22:12:30,270] {processor.py:161} INFO - Processing /home/airflow/.local/lib/python3.7/site-packages/airflow/example_dags/example_branch_operator_decorator.py took 0.071 seconds
[2022-08-22 22:13:00,740] {processor.py:153} INFO - Started process (PID=2285) to work on /home/airflow/.local/lib/python3.7/site-packages/airflow/example_dags/example_branch_operator_decorator.py
[2022-08-22 22:13:00,741] {processor.py:641} INFO - Processing file /home/airflow/.local/lib/python3.7/site-packages/airflow/example_dags/example_branch_operator_decorator.py for tasks to queue
[2022-08-22 22:13:00,741] {logging_mixin.py:115} INFO - [2022-08-22 22:13:00,741] {dagbag.py:508} INFO - Filling up the DagBag from /home/airflow/.local/lib/python3.7/site-packages/airflow/example_dags/example_branch_operator_decorator.py
[2022-08-22 22:13:00,756] {processor.py:651} INFO - DAG(s) dict_keys(['example_branch_python_operator_decorator']) retrieved from /home/airflow/.local/lib/python3.7/site-packages/airflow/example_dags/example_branch_operator_decorator.py
[2022-08-22 22:13:00,777] {logging_mixin.py:115} INFO - [2022-08-22 22:13:00,777] {dag.py:2420} INFO - Sync 1 DAGs
[2022-08-22 22:13:00,798] {logging_mixin.py:115} INFO - [2022-08-22 22:13:00,798] {dag.py:2972} INFO - Setting next_dagrun for example_branch_python_operator_decorator to 2022-08-21T00:00:00+00:00, run_after=2022-08-22T00:00:00+00:00
[2022-08-22 22:13:00,809] {processor.py:161} INFO - Processing /home/airflow/.local/lib/python3.7/site-packages/airflow/example_dags/example_branch_operator_decorator.py took 0.072 seconds
[2022-08-22 22:13:31,444] {processor.py:153} INFO - Started process (PID=2346) to work on /home/airflow/.local/lib/python3.7/site-packages/airflow/example_dags/example_branch_operator_decorator.py
[2022-08-22 22:13:31,445] {processor.py:641} INFO - Processing file /home/airflow/.local/lib/python3.7/site-packages/airflow/example_dags/example_branch_operator_decorator.py for tasks to queue
[2022-08-22 22:13:31,445] {logging_mixin.py:115} INFO - [2022-08-22 22:13:31,445] {dagbag.py:508} INFO - Filling up the DagBag from /home/airflow/.local/lib/python3.7/site-packages/airflow/example_dags/example_branch_operator_decorator.py
[2022-08-22 22:13:31,460] {processor.py:651} INFO - DAG(s) dict_keys(['example_branch_python_operator_decorator']) retrieved from /home/airflow/.local/lib/python3.7/site-packages/airflow/example_dags/example_branch_operator_decorator.py
[2022-08-22 22:13:31,480] {logging_mixin.py:115} INFO - [2022-08-22 22:13:31,480] {dag.py:2420} INFO - Sync 1 DAGs
[2022-08-22 22:13:31,500] {logging_mixin.py:115} INFO - [2022-08-22 22:13:31,500] {dag.py:2972} INFO - Setting next_dagrun for example_branch_python_operator_decorator to 2022-08-21T00:00:00+00:00, run_after=2022-08-22T00:00:00+00:00
[2022-08-22 22:13:31,510] {processor.py:161} INFO - Processing /home/airflow/.local/lib/python3.7/site-packages/airflow/example_dags/example_branch_operator_decorator.py took 0.067 seconds
[2022-08-22 22:14:02,059] {processor.py:153} INFO - Started process (PID=2398) to work on /home/airflow/.local/lib/python3.7/site-packages/airflow/example_dags/example_branch_operator_decorator.py
[2022-08-22 22:14:02,059] {processor.py:641} INFO - Processing file /home/airflow/.local/lib/python3.7/site-packages/airflow/example_dags/example_branch_operator_decorator.py for tasks to queue
[2022-08-22 22:14:02,059] {logging_mixin.py:115} INFO - [2022-08-22 22:14:02,059] {dagbag.py:508} INFO - Filling up the DagBag from /home/airflow/.local/lib/python3.7/site-packages/airflow/example_dags/example_branch_operator_decorator.py
[2022-08-22 22:14:02,073] {processor.py:651} INFO - DAG(s) dict_keys(['example_branch_python_operator_decorator']) retrieved from /home/airflow/.local/lib/python3.7/site-packages/airflow/example_dags/example_branch_operator_decorator.py
[2022-08-22 22:14:02,106] {logging_mixin.py:115} INFO - [2022-08-22 22:14:02,106] {dag.py:2420} INFO - Sync 1 DAGs
[2022-08-22 22:14:02,129] {logging_mixin.py:115} INFO - [2022-08-22 22:14:02,129] {dag.py:2972} INFO - Setting next_dagrun for example_branch_python_operator_decorator to 2022-08-21T00:00:00+00:00, run_after=2022-08-22T00:00:00+00:00
[2022-08-22 22:14:02,139] {processor.py:161} INFO - Processing /home/airflow/.local/lib/python3.7/site-packages/airflow/example_dags/example_branch_operator_decorator.py took 0.083 seconds
[2022-08-22 22:14:32,736] {processor.py:153} INFO - Started process (PID=2459) to work on /home/airflow/.local/lib/python3.7/site-packages/airflow/example_dags/example_branch_operator_decorator.py
[2022-08-22 22:14:32,737] {processor.py:641} INFO - Processing file /home/airflow/.local/lib/python3.7/site-packages/airflow/example_dags/example_branch_operator_decorator.py for tasks to queue
[2022-08-22 22:14:32,737] {logging_mixin.py:115} INFO - [2022-08-22 22:14:32,737] {dagbag.py:508} INFO - Filling up the DagBag from /home/airflow/.local/lib/python3.7/site-packages/airflow/example_dags/example_branch_operator_decorator.py
[2022-08-22 22:14:32,752] {processor.py:651} INFO - DAG(s) dict_keys(['example_branch_python_operator_decorator']) retrieved from /home/airflow/.local/lib/python3.7/site-packages/airflow/example_dags/example_branch_operator_decorator.py
[2022-08-22 22:14:32,773] {logging_mixin.py:115} INFO - [2022-08-22 22:14:32,773] {dag.py:2420} INFO - Sync 1 DAGs
[2022-08-22 22:14:32,794] {logging_mixin.py:115} INFO - [2022-08-22 22:14:32,794] {dag.py:2972} INFO - Setting next_dagrun for example_branch_python_operator_decorator to 2022-08-21T00:00:00+00:00, run_after=2022-08-22T00:00:00+00:00
[2022-08-22 22:14:32,805] {processor.py:161} INFO - Processing /home/airflow/.local/lib/python3.7/site-packages/airflow/example_dags/example_branch_operator_decorator.py took 0.071 seconds
[2022-08-22 22:15:03,275] {processor.py:153} INFO - Started process (PID=2520) to work on /home/airflow/.local/lib/python3.7/site-packages/airflow/example_dags/example_branch_operator_decorator.py
[2022-08-22 22:15:03,275] {processor.py:641} INFO - Processing file /home/airflow/.local/lib/python3.7/site-packages/airflow/example_dags/example_branch_operator_decorator.py for tasks to queue
[2022-08-22 22:15:03,276] {logging_mixin.py:115} INFO - [2022-08-22 22:15:03,276] {dagbag.py:508} INFO - Filling up the DagBag from /home/airflow/.local/lib/python3.7/site-packages/airflow/example_dags/example_branch_operator_decorator.py
[2022-08-22 22:15:03,291] {processor.py:651} INFO - DAG(s) dict_keys(['example_branch_python_operator_decorator']) retrieved from /home/airflow/.local/lib/python3.7/site-packages/airflow/example_dags/example_branch_operator_decorator.py
[2022-08-22 22:15:03,321] {logging_mixin.py:115} INFO - [2022-08-22 22:15:03,321] {dag.py:2420} INFO - Sync 1 DAGs
[2022-08-22 22:15:03,340] {logging_mixin.py:115} INFO - [2022-08-22 22:15:03,340] {dag.py:2972} INFO - Setting next_dagrun for example_branch_python_operator_decorator to 2022-08-21T00:00:00+00:00, run_after=2022-08-22T00:00:00+00:00
[2022-08-22 22:15:03,352] {processor.py:161} INFO - Processing /home/airflow/.local/lib/python3.7/site-packages/airflow/example_dags/example_branch_operator_decorator.py took 0.079 seconds
[2022-08-22 22:15:33,923] {processor.py:153} INFO - Started process (PID=2581) to work on /home/airflow/.local/lib/python3.7/site-packages/airflow/example_dags/example_branch_operator_decorator.py
[2022-08-22 22:15:33,923] {processor.py:641} INFO - Processing file /home/airflow/.local/lib/python3.7/site-packages/airflow/example_dags/example_branch_operator_decorator.py for tasks to queue
[2022-08-22 22:15:33,924] {logging_mixin.py:115} INFO - [2022-08-22 22:15:33,924] {dagbag.py:508} INFO - Filling up the DagBag from /home/airflow/.local/lib/python3.7/site-packages/airflow/example_dags/example_branch_operator_decorator.py
[2022-08-22 22:15:33,941] {processor.py:651} INFO - DAG(s) dict_keys(['example_branch_python_operator_decorator']) retrieved from /home/airflow/.local/lib/python3.7/site-packages/airflow/example_dags/example_branch_operator_decorator.py
[2022-08-22 22:15:33,964] {logging_mixin.py:115} INFO - [2022-08-22 22:15:33,964] {dag.py:2420} INFO - Sync 1 DAGs
[2022-08-22 22:15:33,987] {logging_mixin.py:115} INFO - [2022-08-22 22:15:33,987] {dag.py:2972} INFO - Setting next_dagrun for example_branch_python_operator_decorator to 2022-08-21T00:00:00+00:00, run_after=2022-08-22T00:00:00+00:00
[2022-08-22 22:15:34,002] {processor.py:161} INFO - Processing /home/airflow/.local/lib/python3.7/site-packages/airflow/example_dags/example_branch_operator_decorator.py took 0.081 seconds
[2022-08-22 22:16:04,519] {processor.py:153} INFO - Started process (PID=2633) to work on /home/airflow/.local/lib/python3.7/site-packages/airflow/example_dags/example_branch_operator_decorator.py
[2022-08-22 22:16:04,520] {processor.py:641} INFO - Processing file /home/airflow/.local/lib/python3.7/site-packages/airflow/example_dags/example_branch_operator_decorator.py for tasks to queue
[2022-08-22 22:16:04,520] {logging_mixin.py:115} INFO - [2022-08-22 22:16:04,520] {dagbag.py:508} INFO - Filling up the DagBag from /home/airflow/.local/lib/python3.7/site-packages/airflow/example_dags/example_branch_operator_decorator.py
[2022-08-22 22:16:04,534] {processor.py:651} INFO - DAG(s) dict_keys(['example_branch_python_operator_decorator']) retrieved from /home/airflow/.local/lib/python3.7/site-packages/airflow/example_dags/example_branch_operator_decorator.py
[2022-08-22 22:16:04,554] {logging_mixin.py:115} INFO - [2022-08-22 22:16:04,553] {dag.py:2420} INFO - Sync 1 DAGs
[2022-08-22 22:16:04,572] {logging_mixin.py:115} INFO - [2022-08-22 22:16:04,572] {dag.py:2972} INFO - Setting next_dagrun for example_branch_python_operator_decorator to 2022-08-21T00:00:00+00:00, run_after=2022-08-22T00:00:00+00:00
[2022-08-22 22:16:04,583] {processor.py:161} INFO - Processing /home/airflow/.local/lib/python3.7/site-packages/airflow/example_dags/example_branch_operator_decorator.py took 0.066 seconds
[2022-08-22 22:16:35,192] {processor.py:153} INFO - Started process (PID=2694) to work on /home/airflow/.local/lib/python3.7/site-packages/airflow/example_dags/example_branch_operator_decorator.py
[2022-08-22 22:16:35,193] {processor.py:641} INFO - Processing file /home/airflow/.local/lib/python3.7/site-packages/airflow/example_dags/example_branch_operator_decorator.py for tasks to queue
[2022-08-22 22:16:35,193] {logging_mixin.py:115} INFO - [2022-08-22 22:16:35,193] {dagbag.py:508} INFO - Filling up the DagBag from /home/airflow/.local/lib/python3.7/site-packages/airflow/example_dags/example_branch_operator_decorator.py
[2022-08-22 22:16:35,209] {processor.py:651} INFO - DAG(s) dict_keys(['example_branch_python_operator_decorator']) retrieved from /home/airflow/.local/lib/python3.7/site-packages/airflow/example_dags/example_branch_operator_decorator.py
[2022-08-22 22:16:35,230] {logging_mixin.py:115} INFO - [2022-08-22 22:16:35,230] {dag.py:2420} INFO - Sync 1 DAGs
[2022-08-22 22:16:35,251] {logging_mixin.py:115} INFO - [2022-08-22 22:16:35,251] {dag.py:2972} INFO - Setting next_dagrun for example_branch_python_operator_decorator to 2022-08-21T00:00:00+00:00, run_after=2022-08-22T00:00:00+00:00
[2022-08-22 22:16:35,264] {processor.py:161} INFO - Processing /home/airflow/.local/lib/python3.7/site-packages/airflow/example_dags/example_branch_operator_decorator.py took 0.074 seconds
[2022-08-22 22:17:05,907] {processor.py:153} INFO - Started process (PID=2755) to work on /home/airflow/.local/lib/python3.7/site-packages/airflow/example_dags/example_branch_operator_decorator.py
[2022-08-22 22:17:05,907] {processor.py:641} INFO - Processing file /home/airflow/.local/lib/python3.7/site-packages/airflow/example_dags/example_branch_operator_decorator.py for tasks to queue
[2022-08-22 22:17:05,908] {logging_mixin.py:115} INFO - [2022-08-22 22:17:05,907] {dagbag.py:508} INFO - Filling up the DagBag from /home/airflow/.local/lib/python3.7/site-packages/airflow/example_dags/example_branch_operator_decorator.py
[2022-08-22 22:17:05,922] {processor.py:651} INFO - DAG(s) dict_keys(['example_branch_python_operator_decorator']) retrieved from /home/airflow/.local/lib/python3.7/site-packages/airflow/example_dags/example_branch_operator_decorator.py
[2022-08-22 22:17:05,942] {logging_mixin.py:115} INFO - [2022-08-22 22:17:05,942] {dag.py:2420} INFO - Sync 1 DAGs
[2022-08-22 22:17:05,962] {logging_mixin.py:115} INFO - [2022-08-22 22:17:05,962] {dag.py:2972} INFO - Setting next_dagrun for example_branch_python_operator_decorator to 2022-08-21T00:00:00+00:00, run_after=2022-08-22T00:00:00+00:00
[2022-08-22 22:17:05,973] {processor.py:161} INFO - Processing /home/airflow/.local/lib/python3.7/site-packages/airflow/example_dags/example_branch_operator_decorator.py took 0.069 seconds
[2022-08-22 22:17:36,456] {processor.py:153} INFO - Started process (PID=2816) to work on /home/airflow/.local/lib/python3.7/site-packages/airflow/example_dags/example_branch_operator_decorator.py
[2022-08-22 22:17:36,456] {processor.py:641} INFO - Processing file /home/airflow/.local/lib/python3.7/site-packages/airflow/example_dags/example_branch_operator_decorator.py for tasks to queue
[2022-08-22 22:17:36,457] {logging_mixin.py:115} INFO - [2022-08-22 22:17:36,456] {dagbag.py:508} INFO - Filling up the DagBag from /home/airflow/.local/lib/python3.7/site-packages/airflow/example_dags/example_branch_operator_decorator.py
[2022-08-22 22:17:36,472] {processor.py:651} INFO - DAG(s) dict_keys(['example_branch_python_operator_decorator']) retrieved from /home/airflow/.local/lib/python3.7/site-packages/airflow/example_dags/example_branch_operator_decorator.py
[2022-08-22 22:17:36,498] {logging_mixin.py:115} INFO - [2022-08-22 22:17:36,498] {dag.py:2420} INFO - Sync 1 DAGs
[2022-08-22 22:17:36,518] {logging_mixin.py:115} INFO - [2022-08-22 22:17:36,518] {dag.py:2972} INFO - Setting next_dagrun for example_branch_python_operator_decorator to 2022-08-21T00:00:00+00:00, run_after=2022-08-22T00:00:00+00:00
[2022-08-22 22:17:36,530] {processor.py:161} INFO - Processing /home/airflow/.local/lib/python3.7/site-packages/airflow/example_dags/example_branch_operator_decorator.py took 0.076 seconds
[2022-08-22 22:18:07,020] {processor.py:153} INFO - Started process (PID=2868) to work on /home/airflow/.local/lib/python3.7/site-packages/airflow/example_dags/example_branch_operator_decorator.py
[2022-08-22 22:18:07,021] {processor.py:641} INFO - Processing file /home/airflow/.local/lib/python3.7/site-packages/airflow/example_dags/example_branch_operator_decorator.py for tasks to queue
[2022-08-22 22:18:07,021] {logging_mixin.py:115} INFO - [2022-08-22 22:18:07,021] {dagbag.py:508} INFO - Filling up the DagBag from /home/airflow/.local/lib/python3.7/site-packages/airflow/example_dags/example_branch_operator_decorator.py
[2022-08-22 22:18:07,036] {processor.py:651} INFO - DAG(s) dict_keys(['example_branch_python_operator_decorator']) retrieved from /home/airflow/.local/lib/python3.7/site-packages/airflow/example_dags/example_branch_operator_decorator.py
[2022-08-22 22:18:07,061] {logging_mixin.py:115} INFO - [2022-08-22 22:18:07,061] {dag.py:2420} INFO - Sync 1 DAGs
[2022-08-22 22:18:07,088] {logging_mixin.py:115} INFO - [2022-08-22 22:18:07,088] {dag.py:2972} INFO - Setting next_dagrun for example_branch_python_operator_decorator to 2022-08-21T00:00:00+00:00, run_after=2022-08-22T00:00:00+00:00
[2022-08-22 22:18:07,102] {processor.py:161} INFO - Processing /home/airflow/.local/lib/python3.7/site-packages/airflow/example_dags/example_branch_operator_decorator.py took 0.084 seconds
[2022-08-22 22:18:37,669] {processor.py:153} INFO - Started process (PID=2929) to work on /home/airflow/.local/lib/python3.7/site-packages/airflow/example_dags/example_branch_operator_decorator.py
[2022-08-22 22:18:37,670] {processor.py:641} INFO - Processing file /home/airflow/.local/lib/python3.7/site-packages/airflow/example_dags/example_branch_operator_decorator.py for tasks to queue
[2022-08-22 22:18:37,670] {logging_mixin.py:115} INFO - [2022-08-22 22:18:37,670] {dagbag.py:508} INFO - Filling up the DagBag from /home/airflow/.local/lib/python3.7/site-packages/airflow/example_dags/example_branch_operator_decorator.py
[2022-08-22 22:18:37,684] {processor.py:651} INFO - DAG(s) dict_keys(['example_branch_python_operator_decorator']) retrieved from /home/airflow/.local/lib/python3.7/site-packages/airflow/example_dags/example_branch_operator_decorator.py
[2022-08-22 22:18:37,704] {logging_mixin.py:115} INFO - [2022-08-22 22:18:37,704] {dag.py:2420} INFO - Sync 1 DAGs
[2022-08-22 22:18:37,724] {logging_mixin.py:115} INFO - [2022-08-22 22:18:37,724] {dag.py:2972} INFO - Setting next_dagrun for example_branch_python_operator_decorator to 2022-08-21T00:00:00+00:00, run_after=2022-08-22T00:00:00+00:00
[2022-08-22 22:18:37,733] {processor.py:161} INFO - Processing /home/airflow/.local/lib/python3.7/site-packages/airflow/example_dags/example_branch_operator_decorator.py took 0.066 seconds
[2022-08-22 22:19:08,268] {processor.py:153} INFO - Started process (PID=2991) to work on /home/airflow/.local/lib/python3.7/site-packages/airflow/example_dags/example_branch_operator_decorator.py
[2022-08-22 22:19:08,269] {processor.py:641} INFO - Processing file /home/airflow/.local/lib/python3.7/site-packages/airflow/example_dags/example_branch_operator_decorator.py for tasks to queue
[2022-08-22 22:19:08,269] {logging_mixin.py:115} INFO - [2022-08-22 22:19:08,269] {dagbag.py:508} INFO - Filling up the DagBag from /home/airflow/.local/lib/python3.7/site-packages/airflow/example_dags/example_branch_operator_decorator.py
[2022-08-22 22:19:08,299] {processor.py:651} INFO - DAG(s) dict_keys(['example_branch_python_operator_decorator']) retrieved from /home/airflow/.local/lib/python3.7/site-packages/airflow/example_dags/example_branch_operator_decorator.py
[2022-08-22 22:19:08,336] {logging_mixin.py:115} INFO - [2022-08-22 22:19:08,335] {dag.py:2420} INFO - Sync 1 DAGs
[2022-08-22 22:19:08,357] {logging_mixin.py:115} INFO - [2022-08-22 22:19:08,357] {dag.py:2972} INFO - Setting next_dagrun for example_branch_python_operator_decorator to 2022-08-21T00:00:00+00:00, run_after=2022-08-22T00:00:00+00:00
[2022-08-22 22:19:08,367] {processor.py:161} INFO - Processing /home/airflow/.local/lib/python3.7/site-packages/airflow/example_dags/example_branch_operator_decorator.py took 0.103 seconds
[2022-08-22 22:19:39,021] {processor.py:153} INFO - Started process (PID=3043) to work on /home/airflow/.local/lib/python3.7/site-packages/airflow/example_dags/example_branch_operator_decorator.py
[2022-08-22 22:19:39,021] {processor.py:641} INFO - Processing file /home/airflow/.local/lib/python3.7/site-packages/airflow/example_dags/example_branch_operator_decorator.py for tasks to queue
[2022-08-22 22:19:39,022] {logging_mixin.py:115} INFO - [2022-08-22 22:19:39,022] {dagbag.py:508} INFO - Filling up the DagBag from /home/airflow/.local/lib/python3.7/site-packages/airflow/example_dags/example_branch_operator_decorator.py
[2022-08-22 22:19:39,036] {processor.py:651} INFO - DAG(s) dict_keys(['example_branch_python_operator_decorator']) retrieved from /home/airflow/.local/lib/python3.7/site-packages/airflow/example_dags/example_branch_operator_decorator.py
[2022-08-22 22:19:39,056] {logging_mixin.py:115} INFO - [2022-08-22 22:19:39,056] {dag.py:2420} INFO - Sync 1 DAGs
[2022-08-22 22:19:39,076] {logging_mixin.py:115} INFO - [2022-08-22 22:19:39,076] {dag.py:2972} INFO - Setting next_dagrun for example_branch_python_operator_decorator to 2022-08-21T00:00:00+00:00, run_after=2022-08-22T00:00:00+00:00
[2022-08-22 22:19:39,089] {processor.py:161} INFO - Processing /home/airflow/.local/lib/python3.7/site-packages/airflow/example_dags/example_branch_operator_decorator.py took 0.070 seconds
[2022-08-22 22:20:09,814] {processor.py:153} INFO - Started process (PID=3104) to work on /home/airflow/.local/lib/python3.7/site-packages/airflow/example_dags/example_branch_operator_decorator.py
[2022-08-22 22:20:09,814] {processor.py:641} INFO - Processing file /home/airflow/.local/lib/python3.7/site-packages/airflow/example_dags/example_branch_operator_decorator.py for tasks to queue
[2022-08-22 22:20:09,815] {logging_mixin.py:115} INFO - [2022-08-22 22:20:09,815] {dagbag.py:508} INFO - Filling up the DagBag from /home/airflow/.local/lib/python3.7/site-packages/airflow/example_dags/example_branch_operator_decorator.py
[2022-08-22 22:20:09,843] {processor.py:651} INFO - DAG(s) dict_keys(['example_branch_python_operator_decorator']) retrieved from /home/airflow/.local/lib/python3.7/site-packages/airflow/example_dags/example_branch_operator_decorator.py
[2022-08-22 22:20:09,867] {logging_mixin.py:115} INFO - [2022-08-22 22:20:09,867] {dag.py:2420} INFO - Sync 1 DAGs
[2022-08-22 22:20:09,888] {logging_mixin.py:115} INFO - [2022-08-22 22:20:09,888] {dag.py:2972} INFO - Setting next_dagrun for example_branch_python_operator_decorator to 2022-08-21T00:00:00+00:00, run_after=2022-08-22T00:00:00+00:00
[2022-08-22 22:20:09,900] {processor.py:161} INFO - Processing /home/airflow/.local/lib/python3.7/site-packages/airflow/example_dags/example_branch_operator_decorator.py took 0.090 seconds
[2022-08-22 22:20:40,485] {processor.py:153} INFO - Started process (PID=3165) to work on /home/airflow/.local/lib/python3.7/site-packages/airflow/example_dags/example_branch_operator_decorator.py
[2022-08-22 22:20:40,486] {processor.py:641} INFO - Processing file /home/airflow/.local/lib/python3.7/site-packages/airflow/example_dags/example_branch_operator_decorator.py for tasks to queue
[2022-08-22 22:20:40,486] {logging_mixin.py:115} INFO - [2022-08-22 22:20:40,486] {dagbag.py:508} INFO - Filling up the DagBag from /home/airflow/.local/lib/python3.7/site-packages/airflow/example_dags/example_branch_operator_decorator.py
[2022-08-22 22:20:40,500] {processor.py:651} INFO - DAG(s) dict_keys(['example_branch_python_operator_decorator']) retrieved from /home/airflow/.local/lib/python3.7/site-packages/airflow/example_dags/example_branch_operator_decorator.py
[2022-08-22 22:20:40,519] {logging_mixin.py:115} INFO - [2022-08-22 22:20:40,519] {dag.py:2420} INFO - Sync 1 DAGs
[2022-08-22 22:20:40,538] {logging_mixin.py:115} INFO - [2022-08-22 22:20:40,538] {dag.py:2972} INFO - Setting next_dagrun for example_branch_python_operator_decorator to 2022-08-21T00:00:00+00:00, run_after=2022-08-22T00:00:00+00:00
[2022-08-22 22:20:40,547] {processor.py:161} INFO - Processing /home/airflow/.local/lib/python3.7/site-packages/airflow/example_dags/example_branch_operator_decorator.py took 0.065 seconds
[2022-08-22 22:21:10,990] {processor.py:153} INFO - Started process (PID=3226) to work on /home/airflow/.local/lib/python3.7/site-packages/airflow/example_dags/example_branch_operator_decorator.py
[2022-08-22 22:21:10,990] {processor.py:641} INFO - Processing file /home/airflow/.local/lib/python3.7/site-packages/airflow/example_dags/example_branch_operator_decorator.py for tasks to queue
[2022-08-22 22:21:10,991] {logging_mixin.py:115} INFO - [2022-08-22 22:21:10,991] {dagbag.py:508} INFO - Filling up the DagBag from /home/airflow/.local/lib/python3.7/site-packages/airflow/example_dags/example_branch_operator_decorator.py
[2022-08-22 22:21:11,004] {processor.py:651} INFO - DAG(s) dict_keys(['example_branch_python_operator_decorator']) retrieved from /home/airflow/.local/lib/python3.7/site-packages/airflow/example_dags/example_branch_operator_decorator.py
[2022-08-22 22:21:11,025] {logging_mixin.py:115} INFO - [2022-08-22 22:21:11,025] {dag.py:2420} INFO - Sync 1 DAGs
[2022-08-22 22:21:11,045] {logging_mixin.py:115} INFO - [2022-08-22 22:21:11,044] {dag.py:2972} INFO - Setting next_dagrun for example_branch_python_operator_decorator to 2022-08-21T00:00:00+00:00, run_after=2022-08-22T00:00:00+00:00
[2022-08-22 22:21:11,054] {processor.py:161} INFO - Processing /home/airflow/.local/lib/python3.7/site-packages/airflow/example_dags/example_branch_operator_decorator.py took 0.066 seconds
[2022-08-22 22:21:41,579] {processor.py:153} INFO - Started process (PID=3278) to work on /home/airflow/.local/lib/python3.7/site-packages/airflow/example_dags/example_branch_operator_decorator.py
[2022-08-22 22:21:41,580] {processor.py:641} INFO - Processing file /home/airflow/.local/lib/python3.7/site-packages/airflow/example_dags/example_branch_operator_decorator.py for tasks to queue
[2022-08-22 22:21:41,580] {logging_mixin.py:115} INFO - [2022-08-22 22:21:41,580] {dagbag.py:508} INFO - Filling up the DagBag from /home/airflow/.local/lib/python3.7/site-packages/airflow/example_dags/example_branch_operator_decorator.py
[2022-08-22 22:21:41,594] {processor.py:651} INFO - DAG(s) dict_keys(['example_branch_python_operator_decorator']) retrieved from /home/airflow/.local/lib/python3.7/site-packages/airflow/example_dags/example_branch_operator_decorator.py
[2022-08-22 22:21:41,616] {logging_mixin.py:115} INFO - [2022-08-22 22:21:41,616] {dag.py:2420} INFO - Sync 1 DAGs
[2022-08-22 22:21:41,636] {logging_mixin.py:115} INFO - [2022-08-22 22:21:41,636] {dag.py:2972} INFO - Setting next_dagrun for example_branch_python_operator_decorator to 2022-08-21T00:00:00+00:00, run_after=2022-08-22T00:00:00+00:00
[2022-08-22 22:21:41,645] {processor.py:161} INFO - Processing /home/airflow/.local/lib/python3.7/site-packages/airflow/example_dags/example_branch_operator_decorator.py took 0.068 seconds
[2022-08-22 22:22:12,297] {processor.py:153} INFO - Started process (PID=3339) to work on /home/airflow/.local/lib/python3.7/site-packages/airflow/example_dags/example_branch_operator_decorator.py
[2022-08-22 22:22:12,298] {processor.py:641} INFO - Processing file /home/airflow/.local/lib/python3.7/site-packages/airflow/example_dags/example_branch_operator_decorator.py for tasks to queue
[2022-08-22 22:22:12,298] {logging_mixin.py:115} INFO - [2022-08-22 22:22:12,298] {dagbag.py:508} INFO - Filling up the DagBag from /home/airflow/.local/lib/python3.7/site-packages/airflow/example_dags/example_branch_operator_decorator.py
[2022-08-22 22:22:12,312] {processor.py:651} INFO - DAG(s) dict_keys(['example_branch_python_operator_decorator']) retrieved from /home/airflow/.local/lib/python3.7/site-packages/airflow/example_dags/example_branch_operator_decorator.py
[2022-08-22 22:22:12,332] {logging_mixin.py:115} INFO - [2022-08-22 22:22:12,331] {dag.py:2420} INFO - Sync 1 DAGs
[2022-08-22 22:22:12,352] {logging_mixin.py:115} INFO - [2022-08-22 22:22:12,352] {dag.py:2972} INFO - Setting next_dagrun for example_branch_python_operator_decorator to 2022-08-21T00:00:00+00:00, run_after=2022-08-22T00:00:00+00:00
[2022-08-22 22:22:12,362] {processor.py:161} INFO - Processing /home/airflow/.local/lib/python3.7/site-packages/airflow/example_dags/example_branch_operator_decorator.py took 0.067 seconds
[2022-08-22 22:22:42,947] {processor.py:153} INFO - Started process (PID=3400) to work on /home/airflow/.local/lib/python3.7/site-packages/airflow/example_dags/example_branch_operator_decorator.py
[2022-08-22 22:22:42,948] {processor.py:641} INFO - Processing file /home/airflow/.local/lib/python3.7/site-packages/airflow/example_dags/example_branch_operator_decorator.py for tasks to queue
[2022-08-22 22:22:42,948] {logging_mixin.py:115} INFO - [2022-08-22 22:22:42,948] {dagbag.py:508} INFO - Filling up the DagBag from /home/airflow/.local/lib/python3.7/site-packages/airflow/example_dags/example_branch_operator_decorator.py
[2022-08-22 22:22:42,962] {processor.py:651} INFO - DAG(s) dict_keys(['example_branch_python_operator_decorator']) retrieved from /home/airflow/.local/lib/python3.7/site-packages/airflow/example_dags/example_branch_operator_decorator.py
[2022-08-22 22:22:42,983] {logging_mixin.py:115} INFO - [2022-08-22 22:22:42,983] {dag.py:2420} INFO - Sync 1 DAGs
[2022-08-22 22:22:43,004] {logging_mixin.py:115} INFO - [2022-08-22 22:22:43,004] {dag.py:2972} INFO - Setting next_dagrun for example_branch_python_operator_decorator to 2022-08-21T00:00:00+00:00, run_after=2022-08-22T00:00:00+00:00
[2022-08-22 22:22:43,014] {processor.py:161} INFO - Processing /home/airflow/.local/lib/python3.7/site-packages/airflow/example_dags/example_branch_operator_decorator.py took 0.069 seconds
[2022-08-22 22:23:13,623] {processor.py:153} INFO - Started process (PID=3461) to work on /home/airflow/.local/lib/python3.7/site-packages/airflow/example_dags/example_branch_operator_decorator.py
[2022-08-22 22:23:13,624] {processor.py:641} INFO - Processing file /home/airflow/.local/lib/python3.7/site-packages/airflow/example_dags/example_branch_operator_decorator.py for tasks to queue
[2022-08-22 22:23:13,624] {logging_mixin.py:115} INFO - [2022-08-22 22:23:13,624] {dagbag.py:508} INFO - Filling up the DagBag from /home/airflow/.local/lib/python3.7/site-packages/airflow/example_dags/example_branch_operator_decorator.py
[2022-08-22 22:23:13,653] {processor.py:651} INFO - DAG(s) dict_keys(['example_branch_python_operator_decorator']) retrieved from /home/airflow/.local/lib/python3.7/site-packages/airflow/example_dags/example_branch_operator_decorator.py
[2022-08-22 22:23:13,676] {logging_mixin.py:115} INFO - [2022-08-22 22:23:13,676] {dag.py:2420} INFO - Sync 1 DAGs
[2022-08-22 22:23:13,698] {logging_mixin.py:115} INFO - [2022-08-22 22:23:13,698] {dag.py:2972} INFO - Setting next_dagrun for example_branch_python_operator_decorator to 2022-08-21T00:00:00+00:00, run_after=2022-08-22T00:00:00+00:00
[2022-08-22 22:23:13,708] {processor.py:161} INFO - Processing /home/airflow/.local/lib/python3.7/site-packages/airflow/example_dags/example_branch_operator_decorator.py took 0.089 seconds
[2022-08-22 22:23:44,277] {processor.py:153} INFO - Started process (PID=3513) to work on /home/airflow/.local/lib/python3.7/site-packages/airflow/example_dags/example_branch_operator_decorator.py
[2022-08-22 22:23:44,277] {processor.py:641} INFO - Processing file /home/airflow/.local/lib/python3.7/site-packages/airflow/example_dags/example_branch_operator_decorator.py for tasks to queue
[2022-08-22 22:23:44,278] {logging_mixin.py:115} INFO - [2022-08-22 22:23:44,278] {dagbag.py:508} INFO - Filling up the DagBag from /home/airflow/.local/lib/python3.7/site-packages/airflow/example_dags/example_branch_operator_decorator.py
[2022-08-22 22:23:44,292] {processor.py:651} INFO - DAG(s) dict_keys(['example_branch_python_operator_decorator']) retrieved from /home/airflow/.local/lib/python3.7/site-packages/airflow/example_dags/example_branch_operator_decorator.py
[2022-08-22 22:23:44,316] {logging_mixin.py:115} INFO - [2022-08-22 22:23:44,316] {dag.py:2420} INFO - Sync 1 DAGs
[2022-08-22 22:23:44,343] {logging_mixin.py:115} INFO - [2022-08-22 22:23:44,343] {dag.py:2972} INFO - Setting next_dagrun for example_branch_python_operator_decorator to 2022-08-21T00:00:00+00:00, run_after=2022-08-22T00:00:00+00:00
[2022-08-22 22:23:44,355] {processor.py:161} INFO - Processing /home/airflow/.local/lib/python3.7/site-packages/airflow/example_dags/example_branch_operator_decorator.py took 0.081 seconds
[2022-08-22 22:24:15,086] {processor.py:153} INFO - Started process (PID=3574) to work on /home/airflow/.local/lib/python3.7/site-packages/airflow/example_dags/example_branch_operator_decorator.py
[2022-08-22 22:24:15,087] {processor.py:641} INFO - Processing file /home/airflow/.local/lib/python3.7/site-packages/airflow/example_dags/example_branch_operator_decorator.py for tasks to queue
[2022-08-22 22:24:15,088] {logging_mixin.py:115} INFO - [2022-08-22 22:24:15,087] {dagbag.py:508} INFO - Filling up the DagBag from /home/airflow/.local/lib/python3.7/site-packages/airflow/example_dags/example_branch_operator_decorator.py
[2022-08-22 22:24:15,118] {processor.py:651} INFO - DAG(s) dict_keys(['example_branch_python_operator_decorator']) retrieved from /home/airflow/.local/lib/python3.7/site-packages/airflow/example_dags/example_branch_operator_decorator.py
[2022-08-22 22:24:15,142] {logging_mixin.py:115} INFO - [2022-08-22 22:24:15,142] {dag.py:2420} INFO - Sync 1 DAGs
[2022-08-22 22:24:15,168] {logging_mixin.py:115} INFO - [2022-08-22 22:24:15,168] {dag.py:2972} INFO - Setting next_dagrun for example_branch_python_operator_decorator to 2022-08-21T00:00:00+00:00, run_after=2022-08-22T00:00:00+00:00
[2022-08-22 22:24:15,180] {processor.py:161} INFO - Processing /home/airflow/.local/lib/python3.7/site-packages/airflow/example_dags/example_branch_operator_decorator.py took 0.099 seconds
[2022-08-22 22:24:45,824] {processor.py:153} INFO - Started process (PID=3635) to work on /home/airflow/.local/lib/python3.7/site-packages/airflow/example_dags/example_branch_operator_decorator.py
[2022-08-22 22:24:45,825] {processor.py:641} INFO - Processing file /home/airflow/.local/lib/python3.7/site-packages/airflow/example_dags/example_branch_operator_decorator.py for tasks to queue
[2022-08-22 22:24:45,826] {logging_mixin.py:115} INFO - [2022-08-22 22:24:45,826] {dagbag.py:508} INFO - Filling up the DagBag from /home/airflow/.local/lib/python3.7/site-packages/airflow/example_dags/example_branch_operator_decorator.py
[2022-08-22 22:24:45,854] {processor.py:651} INFO - DAG(s) dict_keys(['example_branch_python_operator_decorator']) retrieved from /home/airflow/.local/lib/python3.7/site-packages/airflow/example_dags/example_branch_operator_decorator.py
[2022-08-22 22:24:45,876] {logging_mixin.py:115} INFO - [2022-08-22 22:24:45,876] {dag.py:2420} INFO - Sync 1 DAGs
[2022-08-22 22:24:45,898] {logging_mixin.py:115} INFO - [2022-08-22 22:24:45,898] {dag.py:2972} INFO - Setting next_dagrun for example_branch_python_operator_decorator to 2022-08-21T00:00:00+00:00, run_after=2022-08-22T00:00:00+00:00
[2022-08-22 22:24:45,909] {processor.py:161} INFO - Processing /home/airflow/.local/lib/python3.7/site-packages/airflow/example_dags/example_branch_operator_decorator.py took 0.088 seconds
[2022-08-22 22:25:16,388] {processor.py:153} INFO - Started process (PID=3696) to work on /home/airflow/.local/lib/python3.7/site-packages/airflow/example_dags/example_branch_operator_decorator.py
[2022-08-22 22:25:16,389] {processor.py:641} INFO - Processing file /home/airflow/.local/lib/python3.7/site-packages/airflow/example_dags/example_branch_operator_decorator.py for tasks to queue
[2022-08-22 22:25:16,389] {logging_mixin.py:115} INFO - [2022-08-22 22:25:16,389] {dagbag.py:508} INFO - Filling up the DagBag from /home/airflow/.local/lib/python3.7/site-packages/airflow/example_dags/example_branch_operator_decorator.py
[2022-08-22 22:25:16,404] {processor.py:651} INFO - DAG(s) dict_keys(['example_branch_python_operator_decorator']) retrieved from /home/airflow/.local/lib/python3.7/site-packages/airflow/example_dags/example_branch_operator_decorator.py
[2022-08-22 22:25:16,426] {logging_mixin.py:115} INFO - [2022-08-22 22:25:16,426] {dag.py:2420} INFO - Sync 1 DAGs
[2022-08-22 22:25:16,448] {logging_mixin.py:115} INFO - [2022-08-22 22:25:16,448] {dag.py:2972} INFO - Setting next_dagrun for example_branch_python_operator_decorator to 2022-08-21T00:00:00+00:00, run_after=2022-08-22T00:00:00+00:00
[2022-08-22 22:25:16,458] {processor.py:161} INFO - Processing /home/airflow/.local/lib/python3.7/site-packages/airflow/example_dags/example_branch_operator_decorator.py took 0.073 seconds
[2022-08-22 22:25:47,115] {processor.py:153} INFO - Started process (PID=3748) to work on /home/airflow/.local/lib/python3.7/site-packages/airflow/example_dags/example_branch_operator_decorator.py
[2022-08-22 22:25:47,115] {processor.py:641} INFO - Processing file /home/airflow/.local/lib/python3.7/site-packages/airflow/example_dags/example_branch_operator_decorator.py for tasks to queue
[2022-08-22 22:25:47,116] {logging_mixin.py:115} INFO - [2022-08-22 22:25:47,115] {dagbag.py:508} INFO - Filling up the DagBag from /home/airflow/.local/lib/python3.7/site-packages/airflow/example_dags/example_branch_operator_decorator.py
[2022-08-22 22:25:47,129] {processor.py:651} INFO - DAG(s) dict_keys(['example_branch_python_operator_decorator']) retrieved from /home/airflow/.local/lib/python3.7/site-packages/airflow/example_dags/example_branch_operator_decorator.py
[2022-08-22 22:25:47,149] {logging_mixin.py:115} INFO - [2022-08-22 22:25:47,149] {dag.py:2420} INFO - Sync 1 DAGs
[2022-08-22 22:25:47,169] {logging_mixin.py:115} INFO - [2022-08-22 22:25:47,169] {dag.py:2972} INFO - Setting next_dagrun for example_branch_python_operator_decorator to 2022-08-21T00:00:00+00:00, run_after=2022-08-22T00:00:00+00:00
[2022-08-22 22:25:47,179] {processor.py:161} INFO - Processing /home/airflow/.local/lib/python3.7/site-packages/airflow/example_dags/example_branch_operator_decorator.py took 0.066 seconds
[2022-08-22 22:26:17,755] {processor.py:153} INFO - Started process (PID=3809) to work on /home/airflow/.local/lib/python3.7/site-packages/airflow/example_dags/example_branch_operator_decorator.py
[2022-08-22 22:26:17,756] {processor.py:641} INFO - Processing file /home/airflow/.local/lib/python3.7/site-packages/airflow/example_dags/example_branch_operator_decorator.py for tasks to queue
[2022-08-22 22:26:17,756] {logging_mixin.py:115} INFO - [2022-08-22 22:26:17,756] {dagbag.py:508} INFO - Filling up the DagBag from /home/airflow/.local/lib/python3.7/site-packages/airflow/example_dags/example_branch_operator_decorator.py
[2022-08-22 22:26:17,776] {processor.py:651} INFO - DAG(s) dict_keys(['example_branch_python_operator_decorator']) retrieved from /home/airflow/.local/lib/python3.7/site-packages/airflow/example_dags/example_branch_operator_decorator.py
[2022-08-22 22:26:17,803] {logging_mixin.py:115} INFO - [2022-08-22 22:26:17,803] {dag.py:2420} INFO - Sync 1 DAGs
[2022-08-22 22:26:17,825] {logging_mixin.py:115} INFO - [2022-08-22 22:26:17,825] {dag.py:2972} INFO - Setting next_dagrun for example_branch_python_operator_decorator to 2022-08-21T00:00:00+00:00, run_after=2022-08-22T00:00:00+00:00
[2022-08-22 22:26:17,839] {processor.py:161} INFO - Processing /home/airflow/.local/lib/python3.7/site-packages/airflow/example_dags/example_branch_operator_decorator.py took 0.088 seconds
[2022-08-22 22:26:48,469] {processor.py:153} INFO - Started process (PID=3870) to work on /home/airflow/.local/lib/python3.7/site-packages/airflow/example_dags/example_branch_operator_decorator.py
[2022-08-22 22:26:48,470] {processor.py:641} INFO - Processing file /home/airflow/.local/lib/python3.7/site-packages/airflow/example_dags/example_branch_operator_decorator.py for tasks to queue
[2022-08-22 22:26:48,471] {logging_mixin.py:115} INFO - [2022-08-22 22:26:48,470] {dagbag.py:508} INFO - Filling up the DagBag from /home/airflow/.local/lib/python3.7/site-packages/airflow/example_dags/example_branch_operator_decorator.py
[2022-08-22 22:26:48,500] {processor.py:651} INFO - DAG(s) dict_keys(['example_branch_python_operator_decorator']) retrieved from /home/airflow/.local/lib/python3.7/site-packages/airflow/example_dags/example_branch_operator_decorator.py
[2022-08-22 22:26:48,532] {logging_mixin.py:115} INFO - [2022-08-22 22:26:48,532] {dag.py:2420} INFO - Sync 1 DAGs
[2022-08-22 22:26:48,553] {logging_mixin.py:115} INFO - [2022-08-22 22:26:48,553] {dag.py:2972} INFO - Setting next_dagrun for example_branch_python_operator_decorator to 2022-08-21T00:00:00+00:00, run_after=2022-08-22T00:00:00+00:00
[2022-08-22 22:26:48,563] {processor.py:161} INFO - Processing /home/airflow/.local/lib/python3.7/site-packages/airflow/example_dags/example_branch_operator_decorator.py took 0.097 seconds
[2022-08-22 22:27:19,175] {processor.py:153} INFO - Started process (PID=3931) to work on /home/airflow/.local/lib/python3.7/site-packages/airflow/example_dags/example_branch_operator_decorator.py
[2022-08-22 22:27:19,175] {processor.py:641} INFO - Processing file /home/airflow/.local/lib/python3.7/site-packages/airflow/example_dags/example_branch_operator_decorator.py for tasks to queue
[2022-08-22 22:27:19,176] {logging_mixin.py:115} INFO - [2022-08-22 22:27:19,176] {dagbag.py:508} INFO - Filling up the DagBag from /home/airflow/.local/lib/python3.7/site-packages/airflow/example_dags/example_branch_operator_decorator.py
[2022-08-22 22:27:19,191] {processor.py:651} INFO - DAG(s) dict_keys(['example_branch_python_operator_decorator']) retrieved from /home/airflow/.local/lib/python3.7/site-packages/airflow/example_dags/example_branch_operator_decorator.py
[2022-08-22 22:27:19,217] {logging_mixin.py:115} INFO - [2022-08-22 22:27:19,217] {dag.py:2420} INFO - Sync 1 DAGs
[2022-08-22 22:27:19,238] {logging_mixin.py:115} INFO - [2022-08-22 22:27:19,238] {dag.py:2972} INFO - Setting next_dagrun for example_branch_python_operator_decorator to 2022-08-21T00:00:00+00:00, run_after=2022-08-22T00:00:00+00:00
[2022-08-22 22:27:19,250] {processor.py:161} INFO - Processing /home/airflow/.local/lib/python3.7/site-packages/airflow/example_dags/example_branch_operator_decorator.py took 0.078 seconds
[2022-08-22 22:27:50,082] {processor.py:153} INFO - Started process (PID=3983) to work on /home/airflow/.local/lib/python3.7/site-packages/airflow/example_dags/example_branch_operator_decorator.py
[2022-08-22 22:27:50,083] {processor.py:641} INFO - Processing file /home/airflow/.local/lib/python3.7/site-packages/airflow/example_dags/example_branch_operator_decorator.py for tasks to queue
[2022-08-22 22:27:50,083] {logging_mixin.py:115} INFO - [2022-08-22 22:27:50,083] {dagbag.py:508} INFO - Filling up the DagBag from /home/airflow/.local/lib/python3.7/site-packages/airflow/example_dags/example_branch_operator_decorator.py
[2022-08-22 22:27:50,099] {processor.py:651} INFO - DAG(s) dict_keys(['example_branch_python_operator_decorator']) retrieved from /home/airflow/.local/lib/python3.7/site-packages/airflow/example_dags/example_branch_operator_decorator.py
[2022-08-22 22:27:50,120] {logging_mixin.py:115} INFO - [2022-08-22 22:27:50,120] {dag.py:2420} INFO - Sync 1 DAGs
[2022-08-22 22:27:50,141] {logging_mixin.py:115} INFO - [2022-08-22 22:27:50,141] {dag.py:2972} INFO - Setting next_dagrun for example_branch_python_operator_decorator to 2022-08-21T00:00:00+00:00, run_after=2022-08-22T00:00:00+00:00
[2022-08-22 22:27:50,150] {processor.py:161} INFO - Processing /home/airflow/.local/lib/python3.7/site-packages/airflow/example_dags/example_branch_operator_decorator.py took 0.072 seconds
[2022-08-22 22:28:20,639] {processor.py:153} INFO - Started process (PID=4044) to work on /home/airflow/.local/lib/python3.7/site-packages/airflow/example_dags/example_branch_operator_decorator.py
[2022-08-22 22:28:20,640] {processor.py:641} INFO - Processing file /home/airflow/.local/lib/python3.7/site-packages/airflow/example_dags/example_branch_operator_decorator.py for tasks to queue
[2022-08-22 22:28:20,640] {logging_mixin.py:115} INFO - [2022-08-22 22:28:20,640] {dagbag.py:508} INFO - Filling up the DagBag from /home/airflow/.local/lib/python3.7/site-packages/airflow/example_dags/example_branch_operator_decorator.py
[2022-08-22 22:28:20,656] {processor.py:651} INFO - DAG(s) dict_keys(['example_branch_python_operator_decorator']) retrieved from /home/airflow/.local/lib/python3.7/site-packages/airflow/example_dags/example_branch_operator_decorator.py
[2022-08-22 22:28:20,676] {logging_mixin.py:115} INFO - [2022-08-22 22:28:20,676] {dag.py:2420} INFO - Sync 1 DAGs
[2022-08-22 22:28:20,696] {logging_mixin.py:115} INFO - [2022-08-22 22:28:20,696] {dag.py:2972} INFO - Setting next_dagrun for example_branch_python_operator_decorator to 2022-08-21T00:00:00+00:00, run_after=2022-08-22T00:00:00+00:00
[2022-08-22 22:28:20,705] {processor.py:161} INFO - Processing /home/airflow/.local/lib/python3.7/site-packages/airflow/example_dags/example_branch_operator_decorator.py took 0.069 seconds
