[2022-08-22 21:53:35,132] {processor.py:153} INFO - Started process (PID=86) to work on /home/airflow/.local/lib/python3.7/site-packages/airflow/example_dags/example_dag_decorator.py
[2022-08-22 21:53:35,133] {processor.py:641} INFO - Processing file /home/airflow/.local/lib/python3.7/site-packages/airflow/example_dags/example_dag_decorator.py for tasks to queue
[2022-08-22 21:53:35,133] {logging_mixin.py:115} INFO - [2022-08-22 21:53:35,133] {dagbag.py:508} INFO - Filling up the DagBag from /home/airflow/.local/lib/python3.7/site-packages/airflow/example_dags/example_dag_decorator.py
[2022-08-22 21:53:35,169] {processor.py:651} INFO - DAG(s) dict_keys(['example_dag_decorator']) retrieved from /home/airflow/.local/lib/python3.7/site-packages/airflow/example_dags/example_dag_decorator.py
[2022-08-22 21:53:35,257] {logging_mixin.py:115} INFO - [2022-08-22 21:53:35,257] {manager.py:508} INFO - Created Permission View: can edit on DAG:example_dag_decorator
[2022-08-22 21:53:35,277] {logging_mixin.py:115} INFO - [2022-08-22 21:53:35,277] {manager.py:508} INFO - Created Permission View: can read on DAG:example_dag_decorator
[2022-08-22 21:53:35,292] {logging_mixin.py:115} INFO - [2022-08-22 21:53:35,291] {manager.py:508} INFO - Created Permission View: can delete on DAG:example_dag_decorator
[2022-08-22 21:53:35,292] {logging_mixin.py:115} INFO - [2022-08-22 21:53:35,292] {dag.py:2420} INFO - Sync 1 DAGs
[2022-08-22 21:53:35,307] {logging_mixin.py:115} INFO - [2022-08-22 21:53:35,306] {dag.py:2439} INFO - Creating ORM DAG for example_dag_decorator
[2022-08-22 21:53:35,347] {logging_mixin.py:115} INFO - [2022-08-22 21:53:35,347] {dag.py:2972} INFO - Setting next_dagrun for example_dag_decorator to None, run_after=None
[2022-08-22 21:53:35,376] {processor.py:161} INFO - Processing /home/airflow/.local/lib/python3.7/site-packages/airflow/example_dags/example_dag_decorator.py took 0.251 seconds
[2022-08-22 21:54:05,417] {processor.py:153} INFO - Started process (PID=148) to work on /home/airflow/.local/lib/python3.7/site-packages/airflow/example_dags/example_dag_decorator.py
[2022-08-22 21:54:05,417] {processor.py:641} INFO - Processing file /home/airflow/.local/lib/python3.7/site-packages/airflow/example_dags/example_dag_decorator.py for tasks to queue
[2022-08-22 21:54:05,418] {logging_mixin.py:115} INFO - [2022-08-22 21:54:05,418] {dagbag.py:508} INFO - Filling up the DagBag from /home/airflow/.local/lib/python3.7/site-packages/airflow/example_dags/example_dag_decorator.py
[2022-08-22 21:54:05,442] {processor.py:651} INFO - DAG(s) dict_keys(['example_dag_decorator']) retrieved from /home/airflow/.local/lib/python3.7/site-packages/airflow/example_dags/example_dag_decorator.py
[2022-08-22 21:54:05,507] {logging_mixin.py:115} INFO - [2022-08-22 21:54:05,507] {dag.py:2420} INFO - Sync 1 DAGs
[2022-08-22 21:54:05,524] {logging_mixin.py:115} INFO - [2022-08-22 21:54:05,523] {dag.py:2972} INFO - Setting next_dagrun for example_dag_decorator to None, run_after=None
[2022-08-22 21:54:05,536] {processor.py:161} INFO - Processing /home/airflow/.local/lib/python3.7/site-packages/airflow/example_dags/example_dag_decorator.py took 0.123 seconds
[2022-08-22 21:54:36,160] {processor.py:153} INFO - Started process (PID=199) to work on /home/airflow/.local/lib/python3.7/site-packages/airflow/example_dags/example_dag_decorator.py
[2022-08-22 21:54:36,161] {processor.py:641} INFO - Processing file /home/airflow/.local/lib/python3.7/site-packages/airflow/example_dags/example_dag_decorator.py for tasks to queue
[2022-08-22 21:54:36,161] {logging_mixin.py:115} INFO - [2022-08-22 21:54:36,161] {dagbag.py:508} INFO - Filling up the DagBag from /home/airflow/.local/lib/python3.7/site-packages/airflow/example_dags/example_dag_decorator.py
[2022-08-22 21:54:36,194] {processor.py:651} INFO - DAG(s) dict_keys(['example_dag_decorator']) retrieved from /home/airflow/.local/lib/python3.7/site-packages/airflow/example_dags/example_dag_decorator.py
[2022-08-22 21:54:36,250] {logging_mixin.py:115} INFO - [2022-08-22 21:54:36,249] {dag.py:2420} INFO - Sync 1 DAGs
[2022-08-22 21:54:36,268] {logging_mixin.py:115} INFO - [2022-08-22 21:54:36,268] {dag.py:2972} INFO - Setting next_dagrun for example_dag_decorator to None, run_after=None
[2022-08-22 21:54:36,282] {processor.py:161} INFO - Processing /home/airflow/.local/lib/python3.7/site-packages/airflow/example_dags/example_dag_decorator.py took 0.126 seconds
[2022-08-22 21:55:07,027] {processor.py:153} INFO - Started process (PID=260) to work on /home/airflow/.local/lib/python3.7/site-packages/airflow/example_dags/example_dag_decorator.py
[2022-08-22 21:55:07,028] {processor.py:641} INFO - Processing file /home/airflow/.local/lib/python3.7/site-packages/airflow/example_dags/example_dag_decorator.py for tasks to queue
[2022-08-22 21:55:07,029] {logging_mixin.py:115} INFO - [2022-08-22 21:55:07,029] {dagbag.py:508} INFO - Filling up the DagBag from /home/airflow/.local/lib/python3.7/site-packages/airflow/example_dags/example_dag_decorator.py
[2022-08-22 21:55:07,048] {processor.py:651} INFO - DAG(s) dict_keys(['example_dag_decorator']) retrieved from /home/airflow/.local/lib/python3.7/site-packages/airflow/example_dags/example_dag_decorator.py
[2022-08-22 21:55:07,110] {logging_mixin.py:115} INFO - [2022-08-22 21:55:07,110] {dag.py:2420} INFO - Sync 1 DAGs
[2022-08-22 21:55:07,127] {logging_mixin.py:115} INFO - [2022-08-22 21:55:07,126] {dag.py:2972} INFO - Setting next_dagrun for example_dag_decorator to None, run_after=None
[2022-08-22 21:55:07,140] {processor.py:161} INFO - Processing /home/airflow/.local/lib/python3.7/site-packages/airflow/example_dags/example_dag_decorator.py took 0.116 seconds
[2022-08-22 21:55:37,878] {processor.py:153} INFO - Started process (PID=322) to work on /home/airflow/.local/lib/python3.7/site-packages/airflow/example_dags/example_dag_decorator.py
[2022-08-22 21:55:37,879] {processor.py:641} INFO - Processing file /home/airflow/.local/lib/python3.7/site-packages/airflow/example_dags/example_dag_decorator.py for tasks to queue
[2022-08-22 21:55:37,879] {logging_mixin.py:115} INFO - [2022-08-22 21:55:37,879] {dagbag.py:508} INFO - Filling up the DagBag from /home/airflow/.local/lib/python3.7/site-packages/airflow/example_dags/example_dag_decorator.py
[2022-08-22 21:55:37,899] {processor.py:651} INFO - DAG(s) dict_keys(['example_dag_decorator']) retrieved from /home/airflow/.local/lib/python3.7/site-packages/airflow/example_dags/example_dag_decorator.py
[2022-08-22 21:55:37,964] {logging_mixin.py:115} INFO - [2022-08-22 21:55:37,964] {dag.py:2420} INFO - Sync 1 DAGs
[2022-08-22 21:55:37,987] {logging_mixin.py:115} INFO - [2022-08-22 21:55:37,987] {dag.py:2972} INFO - Setting next_dagrun for example_dag_decorator to None, run_after=None
[2022-08-22 21:55:38,011] {processor.py:161} INFO - Processing /home/airflow/.local/lib/python3.7/site-packages/airflow/example_dags/example_dag_decorator.py took 0.136 seconds
[2022-08-22 21:56:08,642] {processor.py:153} INFO - Started process (PID=374) to work on /home/airflow/.local/lib/python3.7/site-packages/airflow/example_dags/example_dag_decorator.py
[2022-08-22 21:56:08,642] {processor.py:641} INFO - Processing file /home/airflow/.local/lib/python3.7/site-packages/airflow/example_dags/example_dag_decorator.py for tasks to queue
[2022-08-22 21:56:08,643] {logging_mixin.py:115} INFO - [2022-08-22 21:56:08,643] {dagbag.py:508} INFO - Filling up the DagBag from /home/airflow/.local/lib/python3.7/site-packages/airflow/example_dags/example_dag_decorator.py
[2022-08-22 21:56:08,664] {processor.py:651} INFO - DAG(s) dict_keys(['example_dag_decorator']) retrieved from /home/airflow/.local/lib/python3.7/site-packages/airflow/example_dags/example_dag_decorator.py
[2022-08-22 21:56:08,723] {logging_mixin.py:115} INFO - [2022-08-22 21:56:08,722] {dag.py:2420} INFO - Sync 1 DAGs
[2022-08-22 21:56:08,740] {logging_mixin.py:115} INFO - [2022-08-22 21:56:08,740] {dag.py:2972} INFO - Setting next_dagrun for example_dag_decorator to None, run_after=None
[2022-08-22 21:56:08,752] {processor.py:161} INFO - Processing /home/airflow/.local/lib/python3.7/site-packages/airflow/example_dags/example_dag_decorator.py took 0.113 seconds
[2022-08-22 21:56:39,387] {processor.py:153} INFO - Started process (PID=435) to work on /home/airflow/.local/lib/python3.7/site-packages/airflow/example_dags/example_dag_decorator.py
[2022-08-22 21:56:39,388] {processor.py:641} INFO - Processing file /home/airflow/.local/lib/python3.7/site-packages/airflow/example_dags/example_dag_decorator.py for tasks to queue
[2022-08-22 21:56:39,388] {logging_mixin.py:115} INFO - [2022-08-22 21:56:39,388] {dagbag.py:508} INFO - Filling up the DagBag from /home/airflow/.local/lib/python3.7/site-packages/airflow/example_dags/example_dag_decorator.py
[2022-08-22 21:56:39,405] {processor.py:651} INFO - DAG(s) dict_keys(['example_dag_decorator']) retrieved from /home/airflow/.local/lib/python3.7/site-packages/airflow/example_dags/example_dag_decorator.py
[2022-08-22 21:56:39,426] {logging_mixin.py:115} INFO - [2022-08-22 21:56:39,426] {dag.py:2420} INFO - Sync 1 DAGs
[2022-08-22 21:56:39,445] {logging_mixin.py:115} INFO - [2022-08-22 21:56:39,445] {dag.py:2972} INFO - Setting next_dagrun for example_dag_decorator to None, run_after=None
[2022-08-22 21:56:39,456] {processor.py:161} INFO - Processing /home/airflow/.local/lib/python3.7/site-packages/airflow/example_dags/example_dag_decorator.py took 0.073 seconds
[2022-08-22 21:57:10,367] {processor.py:153} INFO - Started process (PID=496) to work on /home/airflow/.local/lib/python3.7/site-packages/airflow/example_dags/example_dag_decorator.py
[2022-08-22 21:57:10,368] {processor.py:641} INFO - Processing file /home/airflow/.local/lib/python3.7/site-packages/airflow/example_dags/example_dag_decorator.py for tasks to queue
[2022-08-22 21:57:10,368] {logging_mixin.py:115} INFO - [2022-08-22 21:57:10,368] {dagbag.py:508} INFO - Filling up the DagBag from /home/airflow/.local/lib/python3.7/site-packages/airflow/example_dags/example_dag_decorator.py
[2022-08-22 21:57:10,392] {processor.py:651} INFO - DAG(s) dict_keys(['example_dag_decorator']) retrieved from /home/airflow/.local/lib/python3.7/site-packages/airflow/example_dags/example_dag_decorator.py
[2022-08-22 21:57:10,478] {logging_mixin.py:115} INFO - [2022-08-22 21:57:10,478] {dag.py:2420} INFO - Sync 1 DAGs
[2022-08-22 21:57:10,497] {logging_mixin.py:115} INFO - [2022-08-22 21:57:10,497] {dag.py:2972} INFO - Setting next_dagrun for example_dag_decorator to None, run_after=None
[2022-08-22 21:57:10,510] {processor.py:161} INFO - Processing /home/airflow/.local/lib/python3.7/site-packages/airflow/example_dags/example_dag_decorator.py took 0.146 seconds
[2022-08-22 21:57:41,123] {processor.py:153} INFO - Started process (PID=548) to work on /home/airflow/.local/lib/python3.7/site-packages/airflow/example_dags/example_dag_decorator.py
[2022-08-22 21:57:41,124] {processor.py:641} INFO - Processing file /home/airflow/.local/lib/python3.7/site-packages/airflow/example_dags/example_dag_decorator.py for tasks to queue
[2022-08-22 21:57:41,125] {logging_mixin.py:115} INFO - [2022-08-22 21:57:41,125] {dagbag.py:508} INFO - Filling up the DagBag from /home/airflow/.local/lib/python3.7/site-packages/airflow/example_dags/example_dag_decorator.py
[2022-08-22 21:57:41,144] {processor.py:651} INFO - DAG(s) dict_keys(['example_dag_decorator']) retrieved from /home/airflow/.local/lib/python3.7/site-packages/airflow/example_dags/example_dag_decorator.py
[2022-08-22 21:57:41,205] {logging_mixin.py:115} INFO - [2022-08-22 21:57:41,205] {dag.py:2420} INFO - Sync 1 DAGs
[2022-08-22 21:57:41,224] {logging_mixin.py:115} INFO - [2022-08-22 21:57:41,224] {dag.py:2972} INFO - Setting next_dagrun for example_dag_decorator to None, run_after=None
[2022-08-22 21:57:41,237] {processor.py:161} INFO - Processing /home/airflow/.local/lib/python3.7/site-packages/airflow/example_dags/example_dag_decorator.py took 0.118 seconds
[2022-08-22 21:58:12,013] {processor.py:153} INFO - Started process (PID=609) to work on /home/airflow/.local/lib/python3.7/site-packages/airflow/example_dags/example_dag_decorator.py
[2022-08-22 21:58:12,014] {processor.py:641} INFO - Processing file /home/airflow/.local/lib/python3.7/site-packages/airflow/example_dags/example_dag_decorator.py for tasks to queue
[2022-08-22 21:58:12,015] {logging_mixin.py:115} INFO - [2022-08-22 21:58:12,015] {dagbag.py:508} INFO - Filling up the DagBag from /home/airflow/.local/lib/python3.7/site-packages/airflow/example_dags/example_dag_decorator.py
[2022-08-22 21:58:12,035] {processor.py:651} INFO - DAG(s) dict_keys(['example_dag_decorator']) retrieved from /home/airflow/.local/lib/python3.7/site-packages/airflow/example_dags/example_dag_decorator.py
[2022-08-22 21:58:12,069] {logging_mixin.py:115} INFO - [2022-08-22 21:58:12,069] {dag.py:2420} INFO - Sync 1 DAGs
[2022-08-22 21:58:12,092] {logging_mixin.py:115} INFO - [2022-08-22 21:58:12,092] {dag.py:2972} INFO - Setting next_dagrun for example_dag_decorator to None, run_after=None
[2022-08-22 21:58:12,106] {processor.py:161} INFO - Processing /home/airflow/.local/lib/python3.7/site-packages/airflow/example_dags/example_dag_decorator.py took 0.098 seconds
[2022-08-22 21:58:42,778] {processor.py:153} INFO - Started process (PID=670) to work on /home/airflow/.local/lib/python3.7/site-packages/airflow/example_dags/example_dag_decorator.py
[2022-08-22 21:58:42,779] {processor.py:641} INFO - Processing file /home/airflow/.local/lib/python3.7/site-packages/airflow/example_dags/example_dag_decorator.py for tasks to queue
[2022-08-22 21:58:42,780] {logging_mixin.py:115} INFO - [2022-08-22 21:58:42,779] {dagbag.py:508} INFO - Filling up the DagBag from /home/airflow/.local/lib/python3.7/site-packages/airflow/example_dags/example_dag_decorator.py
[2022-08-22 21:58:42,801] {processor.py:651} INFO - DAG(s) dict_keys(['example_dag_decorator']) retrieved from /home/airflow/.local/lib/python3.7/site-packages/airflow/example_dags/example_dag_decorator.py
[2022-08-22 21:58:42,867] {logging_mixin.py:115} INFO - [2022-08-22 21:58:42,866] {dag.py:2420} INFO - Sync 1 DAGs
[2022-08-22 21:58:42,883] {logging_mixin.py:115} INFO - [2022-08-22 21:58:42,883] {dag.py:2972} INFO - Setting next_dagrun for example_dag_decorator to None, run_after=None
[2022-08-22 21:58:42,894] {processor.py:161} INFO - Processing /home/airflow/.local/lib/python3.7/site-packages/airflow/example_dags/example_dag_decorator.py took 0.119 seconds
[2022-08-22 21:59:13,636] {processor.py:153} INFO - Started process (PID=731) to work on /home/airflow/.local/lib/python3.7/site-packages/airflow/example_dags/example_dag_decorator.py
[2022-08-22 21:59:13,637] {processor.py:641} INFO - Processing file /home/airflow/.local/lib/python3.7/site-packages/airflow/example_dags/example_dag_decorator.py for tasks to queue
[2022-08-22 21:59:13,638] {logging_mixin.py:115} INFO - [2022-08-22 21:59:13,638] {dagbag.py:508} INFO - Filling up the DagBag from /home/airflow/.local/lib/python3.7/site-packages/airflow/example_dags/example_dag_decorator.py
[2022-08-22 21:59:13,661] {processor.py:651} INFO - DAG(s) dict_keys(['example_dag_decorator']) retrieved from /home/airflow/.local/lib/python3.7/site-packages/airflow/example_dags/example_dag_decorator.py
[2022-08-22 21:59:13,776] {logging_mixin.py:115} INFO - [2022-08-22 21:59:13,776] {dag.py:2420} INFO - Sync 1 DAGs
[2022-08-22 21:59:13,795] {logging_mixin.py:115} INFO - [2022-08-22 21:59:13,795] {dag.py:2972} INFO - Setting next_dagrun for example_dag_decorator to None, run_after=None
[2022-08-22 21:59:13,811] {processor.py:161} INFO - Processing /home/airflow/.local/lib/python3.7/site-packages/airflow/example_dags/example_dag_decorator.py took 0.179 seconds
[2022-08-22 21:59:44,412] {processor.py:153} INFO - Started process (PID=783) to work on /home/airflow/.local/lib/python3.7/site-packages/airflow/example_dags/example_dag_decorator.py
[2022-08-22 21:59:44,412] {processor.py:641} INFO - Processing file /home/airflow/.local/lib/python3.7/site-packages/airflow/example_dags/example_dag_decorator.py for tasks to queue
[2022-08-22 21:59:44,413] {logging_mixin.py:115} INFO - [2022-08-22 21:59:44,412] {dagbag.py:508} INFO - Filling up the DagBag from /home/airflow/.local/lib/python3.7/site-packages/airflow/example_dags/example_dag_decorator.py
[2022-08-22 21:59:44,432] {processor.py:651} INFO - DAG(s) dict_keys(['example_dag_decorator']) retrieved from /home/airflow/.local/lib/python3.7/site-packages/airflow/example_dags/example_dag_decorator.py
[2022-08-22 21:59:44,493] {logging_mixin.py:115} INFO - [2022-08-22 21:59:44,493] {dag.py:2420} INFO - Sync 1 DAGs
[2022-08-22 21:59:44,511] {logging_mixin.py:115} INFO - [2022-08-22 21:59:44,511] {dag.py:2972} INFO - Setting next_dagrun for example_dag_decorator to None, run_after=None
[2022-08-22 21:59:44,524] {processor.py:161} INFO - Processing /home/airflow/.local/lib/python3.7/site-packages/airflow/example_dags/example_dag_decorator.py took 0.114 seconds
[2022-08-22 22:00:15,186] {processor.py:153} INFO - Started process (PID=844) to work on /home/airflow/.local/lib/python3.7/site-packages/airflow/example_dags/example_dag_decorator.py
[2022-08-22 22:00:15,186] {processor.py:641} INFO - Processing file /home/airflow/.local/lib/python3.7/site-packages/airflow/example_dags/example_dag_decorator.py for tasks to queue
[2022-08-22 22:00:15,187] {logging_mixin.py:115} INFO - [2022-08-22 22:00:15,187] {dagbag.py:508} INFO - Filling up the DagBag from /home/airflow/.local/lib/python3.7/site-packages/airflow/example_dags/example_dag_decorator.py
[2022-08-22 22:00:15,208] {processor.py:651} INFO - DAG(s) dict_keys(['example_dag_decorator']) retrieved from /home/airflow/.local/lib/python3.7/site-packages/airflow/example_dags/example_dag_decorator.py
[2022-08-22 22:00:15,272] {logging_mixin.py:115} INFO - [2022-08-22 22:00:15,272] {dag.py:2420} INFO - Sync 1 DAGs
[2022-08-22 22:00:15,295] {logging_mixin.py:115} INFO - [2022-08-22 22:00:15,295] {dag.py:2972} INFO - Setting next_dagrun for example_dag_decorator to None, run_after=None
[2022-08-22 22:00:15,309] {processor.py:161} INFO - Processing /home/airflow/.local/lib/python3.7/site-packages/airflow/example_dags/example_dag_decorator.py took 0.126 seconds
[2022-08-22 22:00:45,935] {processor.py:153} INFO - Started process (PID=905) to work on /home/airflow/.local/lib/python3.7/site-packages/airflow/example_dags/example_dag_decorator.py
[2022-08-22 22:00:45,936] {processor.py:641} INFO - Processing file /home/airflow/.local/lib/python3.7/site-packages/airflow/example_dags/example_dag_decorator.py for tasks to queue
[2022-08-22 22:00:45,936] {logging_mixin.py:115} INFO - [2022-08-22 22:00:45,936] {dagbag.py:508} INFO - Filling up the DagBag from /home/airflow/.local/lib/python3.7/site-packages/airflow/example_dags/example_dag_decorator.py
[2022-08-22 22:00:45,957] {processor.py:651} INFO - DAG(s) dict_keys(['example_dag_decorator']) retrieved from /home/airflow/.local/lib/python3.7/site-packages/airflow/example_dags/example_dag_decorator.py
[2022-08-22 22:00:46,023] {logging_mixin.py:115} INFO - [2022-08-22 22:00:46,023] {dag.py:2420} INFO - Sync 1 DAGs
[2022-08-22 22:00:46,042] {logging_mixin.py:115} INFO - [2022-08-22 22:00:46,042] {dag.py:2972} INFO - Setting next_dagrun for example_dag_decorator to None, run_after=None
[2022-08-22 22:00:46,057] {processor.py:161} INFO - Processing /home/airflow/.local/lib/python3.7/site-packages/airflow/example_dags/example_dag_decorator.py took 0.124 seconds
[2022-08-22 22:01:16,874] {processor.py:153} INFO - Started process (PID=957) to work on /home/airflow/.local/lib/python3.7/site-packages/airflow/example_dags/example_dag_decorator.py
[2022-08-22 22:01:16,875] {processor.py:641} INFO - Processing file /home/airflow/.local/lib/python3.7/site-packages/airflow/example_dags/example_dag_decorator.py for tasks to queue
[2022-08-22 22:01:16,875] {logging_mixin.py:115} INFO - [2022-08-22 22:01:16,875] {dagbag.py:508} INFO - Filling up the DagBag from /home/airflow/.local/lib/python3.7/site-packages/airflow/example_dags/example_dag_decorator.py
[2022-08-22 22:01:16,891] {processor.py:651} INFO - DAG(s) dict_keys(['example_dag_decorator']) retrieved from /home/airflow/.local/lib/python3.7/site-packages/airflow/example_dags/example_dag_decorator.py
[2022-08-22 22:01:16,971] {logging_mixin.py:115} INFO - [2022-08-22 22:01:16,971] {dag.py:2420} INFO - Sync 1 DAGs
[2022-08-22 22:01:16,989] {logging_mixin.py:115} INFO - [2022-08-22 22:01:16,988] {dag.py:2972} INFO - Setting next_dagrun for example_dag_decorator to None, run_after=None
[2022-08-22 22:01:17,001] {processor.py:161} INFO - Processing /home/airflow/.local/lib/python3.7/site-packages/airflow/example_dags/example_dag_decorator.py took 0.129 seconds
[2022-08-22 22:01:47,761] {processor.py:153} INFO - Started process (PID=1018) to work on /home/airflow/.local/lib/python3.7/site-packages/airflow/example_dags/example_dag_decorator.py
[2022-08-22 22:01:47,762] {processor.py:641} INFO - Processing file /home/airflow/.local/lib/python3.7/site-packages/airflow/example_dags/example_dag_decorator.py for tasks to queue
[2022-08-22 22:01:47,762] {logging_mixin.py:115} INFO - [2022-08-22 22:01:47,762] {dagbag.py:508} INFO - Filling up the DagBag from /home/airflow/.local/lib/python3.7/site-packages/airflow/example_dags/example_dag_decorator.py
[2022-08-22 22:01:47,782] {processor.py:651} INFO - DAG(s) dict_keys(['example_dag_decorator']) retrieved from /home/airflow/.local/lib/python3.7/site-packages/airflow/example_dags/example_dag_decorator.py
[2022-08-22 22:01:47,846] {logging_mixin.py:115} INFO - [2022-08-22 22:01:47,846] {dag.py:2420} INFO - Sync 1 DAGs
[2022-08-22 22:01:47,866] {logging_mixin.py:115} INFO - [2022-08-22 22:01:47,866] {dag.py:2972} INFO - Setting next_dagrun for example_dag_decorator to None, run_after=None
[2022-08-22 22:01:47,881] {processor.py:161} INFO - Processing /home/airflow/.local/lib/python3.7/site-packages/airflow/example_dags/example_dag_decorator.py took 0.124 seconds
[2022-08-22 22:02:18,627] {processor.py:153} INFO - Started process (PID=1079) to work on /home/airflow/.local/lib/python3.7/site-packages/airflow/example_dags/example_dag_decorator.py
[2022-08-22 22:02:18,628] {processor.py:641} INFO - Processing file /home/airflow/.local/lib/python3.7/site-packages/airflow/example_dags/example_dag_decorator.py for tasks to queue
[2022-08-22 22:02:18,629] {logging_mixin.py:115} INFO - [2022-08-22 22:02:18,629] {dagbag.py:508} INFO - Filling up the DagBag from /home/airflow/.local/lib/python3.7/site-packages/airflow/example_dags/example_dag_decorator.py
[2022-08-22 22:02:18,648] {processor.py:651} INFO - DAG(s) dict_keys(['example_dag_decorator']) retrieved from /home/airflow/.local/lib/python3.7/site-packages/airflow/example_dags/example_dag_decorator.py
[2022-08-22 22:02:18,709] {logging_mixin.py:115} INFO - [2022-08-22 22:02:18,709] {dag.py:2420} INFO - Sync 1 DAGs
[2022-08-22 22:02:18,726] {logging_mixin.py:115} INFO - [2022-08-22 22:02:18,726] {dag.py:2972} INFO - Setting next_dagrun for example_dag_decorator to None, run_after=None
[2022-08-22 22:02:18,738] {processor.py:161} INFO - Processing /home/airflow/.local/lib/python3.7/site-packages/airflow/example_dags/example_dag_decorator.py took 0.114 seconds
[2022-08-22 22:02:49,466] {processor.py:153} INFO - Started process (PID=1140) to work on /home/airflow/.local/lib/python3.7/site-packages/airflow/example_dags/example_dag_decorator.py
[2022-08-22 22:02:49,467] {processor.py:641} INFO - Processing file /home/airflow/.local/lib/python3.7/site-packages/airflow/example_dags/example_dag_decorator.py for tasks to queue
[2022-08-22 22:02:49,467] {logging_mixin.py:115} INFO - [2022-08-22 22:02:49,467] {dagbag.py:508} INFO - Filling up the DagBag from /home/airflow/.local/lib/python3.7/site-packages/airflow/example_dags/example_dag_decorator.py
[2022-08-22 22:02:49,487] {processor.py:651} INFO - DAG(s) dict_keys(['example_dag_decorator']) retrieved from /home/airflow/.local/lib/python3.7/site-packages/airflow/example_dags/example_dag_decorator.py
[2022-08-22 22:02:49,554] {logging_mixin.py:115} INFO - [2022-08-22 22:02:49,554] {dag.py:2420} INFO - Sync 1 DAGs
[2022-08-22 22:02:49,577] {logging_mixin.py:115} INFO - [2022-08-22 22:02:49,576] {dag.py:2972} INFO - Setting next_dagrun for example_dag_decorator to None, run_after=None
[2022-08-22 22:02:49,591] {processor.py:161} INFO - Processing /home/airflow/.local/lib/python3.7/site-packages/airflow/example_dags/example_dag_decorator.py took 0.128 seconds
[2022-08-22 22:03:20,382] {processor.py:153} INFO - Started process (PID=1192) to work on /home/airflow/.local/lib/python3.7/site-packages/airflow/example_dags/example_dag_decorator.py
[2022-08-22 22:03:20,382] {processor.py:641} INFO - Processing file /home/airflow/.local/lib/python3.7/site-packages/airflow/example_dags/example_dag_decorator.py for tasks to queue
[2022-08-22 22:03:20,383] {logging_mixin.py:115} INFO - [2022-08-22 22:03:20,383] {dagbag.py:508} INFO - Filling up the DagBag from /home/airflow/.local/lib/python3.7/site-packages/airflow/example_dags/example_dag_decorator.py
[2022-08-22 22:03:20,402] {processor.py:651} INFO - DAG(s) dict_keys(['example_dag_decorator']) retrieved from /home/airflow/.local/lib/python3.7/site-packages/airflow/example_dags/example_dag_decorator.py
[2022-08-22 22:03:20,468] {logging_mixin.py:115} INFO - [2022-08-22 22:03:20,468] {dag.py:2420} INFO - Sync 1 DAGs
[2022-08-22 22:03:20,490] {logging_mixin.py:115} INFO - [2022-08-22 22:03:20,490] {dag.py:2972} INFO - Setting next_dagrun for example_dag_decorator to None, run_after=None
[2022-08-22 22:03:20,503] {processor.py:161} INFO - Processing /home/airflow/.local/lib/python3.7/site-packages/airflow/example_dags/example_dag_decorator.py took 0.125 seconds
[2022-08-22 22:03:51,180] {processor.py:153} INFO - Started process (PID=1253) to work on /home/airflow/.local/lib/python3.7/site-packages/airflow/example_dags/example_dag_decorator.py
[2022-08-22 22:03:51,181] {processor.py:641} INFO - Processing file /home/airflow/.local/lib/python3.7/site-packages/airflow/example_dags/example_dag_decorator.py for tasks to queue
[2022-08-22 22:03:51,181] {logging_mixin.py:115} INFO - [2022-08-22 22:03:51,181] {dagbag.py:508} INFO - Filling up the DagBag from /home/airflow/.local/lib/python3.7/site-packages/airflow/example_dags/example_dag_decorator.py
[2022-08-22 22:03:51,199] {processor.py:651} INFO - DAG(s) dict_keys(['example_dag_decorator']) retrieved from /home/airflow/.local/lib/python3.7/site-packages/airflow/example_dags/example_dag_decorator.py
[2022-08-22 22:03:51,253] {logging_mixin.py:115} INFO - [2022-08-22 22:03:51,252] {dag.py:2420} INFO - Sync 1 DAGs
[2022-08-22 22:03:51,269] {logging_mixin.py:115} INFO - [2022-08-22 22:03:51,268] {dag.py:2972} INFO - Setting next_dagrun for example_dag_decorator to None, run_after=None
[2022-08-22 22:03:51,281] {processor.py:161} INFO - Processing /home/airflow/.local/lib/python3.7/site-packages/airflow/example_dags/example_dag_decorator.py took 0.103 seconds
[2022-08-22 22:04:21,800] {processor.py:153} INFO - Started process (PID=1314) to work on /home/airflow/.local/lib/python3.7/site-packages/airflow/example_dags/example_dag_decorator.py
[2022-08-22 22:04:21,800] {processor.py:641} INFO - Processing file /home/airflow/.local/lib/python3.7/site-packages/airflow/example_dags/example_dag_decorator.py for tasks to queue
[2022-08-22 22:04:21,801] {logging_mixin.py:115} INFO - [2022-08-22 22:04:21,801] {dagbag.py:508} INFO - Filling up the DagBag from /home/airflow/.local/lib/python3.7/site-packages/airflow/example_dags/example_dag_decorator.py
[2022-08-22 22:04:21,818] {processor.py:651} INFO - DAG(s) dict_keys(['example_dag_decorator']) retrieved from /home/airflow/.local/lib/python3.7/site-packages/airflow/example_dags/example_dag_decorator.py
[2022-08-22 22:04:21,839] {logging_mixin.py:115} INFO - [2022-08-22 22:04:21,839] {dag.py:2420} INFO - Sync 1 DAGs
[2022-08-22 22:04:21,860] {logging_mixin.py:115} INFO - [2022-08-22 22:04:21,860] {dag.py:2972} INFO - Setting next_dagrun for example_dag_decorator to None, run_after=None
[2022-08-22 22:04:21,871] {processor.py:161} INFO - Processing /home/airflow/.local/lib/python3.7/site-packages/airflow/example_dags/example_dag_decorator.py took 0.074 seconds
[2022-08-22 22:04:52,322] {processor.py:153} INFO - Started process (PID=1366) to work on /home/airflow/.local/lib/python3.7/site-packages/airflow/example_dags/example_dag_decorator.py
[2022-08-22 22:04:52,322] {processor.py:641} INFO - Processing file /home/airflow/.local/lib/python3.7/site-packages/airflow/example_dags/example_dag_decorator.py for tasks to queue
[2022-08-22 22:04:52,322] {logging_mixin.py:115} INFO - [2022-08-22 22:04:52,322] {dagbag.py:508} INFO - Filling up the DagBag from /home/airflow/.local/lib/python3.7/site-packages/airflow/example_dags/example_dag_decorator.py
[2022-08-22 22:04:52,338] {processor.py:651} INFO - DAG(s) dict_keys(['example_dag_decorator']) retrieved from /home/airflow/.local/lib/python3.7/site-packages/airflow/example_dags/example_dag_decorator.py
[2022-08-22 22:04:52,357] {logging_mixin.py:115} INFO - [2022-08-22 22:04:52,357] {dag.py:2420} INFO - Sync 1 DAGs
[2022-08-22 22:04:52,376] {logging_mixin.py:115} INFO - [2022-08-22 22:04:52,376] {dag.py:2972} INFO - Setting next_dagrun for example_dag_decorator to None, run_after=None
[2022-08-22 22:04:52,387] {processor.py:161} INFO - Processing /home/airflow/.local/lib/python3.7/site-packages/airflow/example_dags/example_dag_decorator.py took 0.067 seconds
[2022-08-22 22:05:22,971] {processor.py:153} INFO - Started process (PID=1427) to work on /home/airflow/.local/lib/python3.7/site-packages/airflow/example_dags/example_dag_decorator.py
[2022-08-22 22:05:22,971] {processor.py:641} INFO - Processing file /home/airflow/.local/lib/python3.7/site-packages/airflow/example_dags/example_dag_decorator.py for tasks to queue
[2022-08-22 22:05:22,972] {logging_mixin.py:115} INFO - [2022-08-22 22:05:22,971] {dagbag.py:508} INFO - Filling up the DagBag from /home/airflow/.local/lib/python3.7/site-packages/airflow/example_dags/example_dag_decorator.py
[2022-08-22 22:05:22,988] {processor.py:651} INFO - DAG(s) dict_keys(['example_dag_decorator']) retrieved from /home/airflow/.local/lib/python3.7/site-packages/airflow/example_dags/example_dag_decorator.py
[2022-08-22 22:05:23,041] {logging_mixin.py:115} INFO - [2022-08-22 22:05:23,041] {dag.py:2420} INFO - Sync 1 DAGs
[2022-08-22 22:05:23,058] {logging_mixin.py:115} INFO - [2022-08-22 22:05:23,058] {dag.py:2972} INFO - Setting next_dagrun for example_dag_decorator to None, run_after=None
[2022-08-22 22:05:23,070] {processor.py:161} INFO - Processing /home/airflow/.local/lib/python3.7/site-packages/airflow/example_dags/example_dag_decorator.py took 0.102 seconds
[2022-08-22 22:05:53,703] {processor.py:153} INFO - Started process (PID=1488) to work on /home/airflow/.local/lib/python3.7/site-packages/airflow/example_dags/example_dag_decorator.py
[2022-08-22 22:05:53,703] {processor.py:641} INFO - Processing file /home/airflow/.local/lib/python3.7/site-packages/airflow/example_dags/example_dag_decorator.py for tasks to queue
[2022-08-22 22:05:53,704] {logging_mixin.py:115} INFO - [2022-08-22 22:05:53,704] {dagbag.py:508} INFO - Filling up the DagBag from /home/airflow/.local/lib/python3.7/site-packages/airflow/example_dags/example_dag_decorator.py
[2022-08-22 22:05:53,721] {processor.py:651} INFO - DAG(s) dict_keys(['example_dag_decorator']) retrieved from /home/airflow/.local/lib/python3.7/site-packages/airflow/example_dags/example_dag_decorator.py
[2022-08-22 22:05:53,776] {logging_mixin.py:115} INFO - [2022-08-22 22:05:53,776] {dag.py:2420} INFO - Sync 1 DAGs
[2022-08-22 22:05:53,791] {logging_mixin.py:115} INFO - [2022-08-22 22:05:53,791] {dag.py:2972} INFO - Setting next_dagrun for example_dag_decorator to None, run_after=None
[2022-08-22 22:05:53,802] {processor.py:161} INFO - Processing /home/airflow/.local/lib/python3.7/site-packages/airflow/example_dags/example_dag_decorator.py took 0.101 seconds
[2022-08-22 22:06:24,402] {processor.py:153} INFO - Started process (PID=1549) to work on /home/airflow/.local/lib/python3.7/site-packages/airflow/example_dags/example_dag_decorator.py
[2022-08-22 22:06:24,403] {processor.py:641} INFO - Processing file /home/airflow/.local/lib/python3.7/site-packages/airflow/example_dags/example_dag_decorator.py for tasks to queue
[2022-08-22 22:06:24,403] {logging_mixin.py:115} INFO - [2022-08-22 22:06:24,403] {dagbag.py:508} INFO - Filling up the DagBag from /home/airflow/.local/lib/python3.7/site-packages/airflow/example_dags/example_dag_decorator.py
[2022-08-22 22:06:24,423] {processor.py:651} INFO - DAG(s) dict_keys(['example_dag_decorator']) retrieved from /home/airflow/.local/lib/python3.7/site-packages/airflow/example_dags/example_dag_decorator.py
[2022-08-22 22:06:24,482] {logging_mixin.py:115} INFO - [2022-08-22 22:06:24,482] {dag.py:2420} INFO - Sync 1 DAGs
[2022-08-22 22:06:24,497] {logging_mixin.py:115} INFO - [2022-08-22 22:06:24,497] {dag.py:2972} INFO - Setting next_dagrun for example_dag_decorator to None, run_after=None
[2022-08-22 22:06:24,507] {processor.py:161} INFO - Processing /home/airflow/.local/lib/python3.7/site-packages/airflow/example_dags/example_dag_decorator.py took 0.108 seconds
[2022-08-22 22:06:54,944] {processor.py:153} INFO - Started process (PID=1601) to work on /home/airflow/.local/lib/python3.7/site-packages/airflow/example_dags/example_dag_decorator.py
[2022-08-22 22:06:54,944] {processor.py:641} INFO - Processing file /home/airflow/.local/lib/python3.7/site-packages/airflow/example_dags/example_dag_decorator.py for tasks to queue
[2022-08-22 22:06:54,944] {logging_mixin.py:115} INFO - [2022-08-22 22:06:54,944] {dagbag.py:508} INFO - Filling up the DagBag from /home/airflow/.local/lib/python3.7/site-packages/airflow/example_dags/example_dag_decorator.py
[2022-08-22 22:06:54,961] {processor.py:651} INFO - DAG(s) dict_keys(['example_dag_decorator']) retrieved from /home/airflow/.local/lib/python3.7/site-packages/airflow/example_dags/example_dag_decorator.py
[2022-08-22 22:06:55,015] {logging_mixin.py:115} INFO - [2022-08-22 22:06:55,015] {dag.py:2420} INFO - Sync 1 DAGs
[2022-08-22 22:06:55,032] {logging_mixin.py:115} INFO - [2022-08-22 22:06:55,032] {dag.py:2972} INFO - Setting next_dagrun for example_dag_decorator to None, run_after=None
[2022-08-22 22:06:55,044] {processor.py:161} INFO - Processing /home/airflow/.local/lib/python3.7/site-packages/airflow/example_dags/example_dag_decorator.py took 0.103 seconds
[2022-08-22 22:07:25,618] {processor.py:153} INFO - Started process (PID=1662) to work on /home/airflow/.local/lib/python3.7/site-packages/airflow/example_dags/example_dag_decorator.py
[2022-08-22 22:07:25,619] {processor.py:641} INFO - Processing file /home/airflow/.local/lib/python3.7/site-packages/airflow/example_dags/example_dag_decorator.py for tasks to queue
[2022-08-22 22:07:25,620] {logging_mixin.py:115} INFO - [2022-08-22 22:07:25,620] {dagbag.py:508} INFO - Filling up the DagBag from /home/airflow/.local/lib/python3.7/site-packages/airflow/example_dags/example_dag_decorator.py
[2022-08-22 22:07:25,653] {processor.py:651} INFO - DAG(s) dict_keys(['example_dag_decorator']) retrieved from /home/airflow/.local/lib/python3.7/site-packages/airflow/example_dags/example_dag_decorator.py
[2022-08-22 22:07:25,728] {logging_mixin.py:115} INFO - [2022-08-22 22:07:25,728] {dag.py:2420} INFO - Sync 1 DAGs
[2022-08-22 22:07:25,743] {logging_mixin.py:115} INFO - [2022-08-22 22:07:25,743] {dag.py:2972} INFO - Setting next_dagrun for example_dag_decorator to None, run_after=None
[2022-08-22 22:07:25,753] {processor.py:161} INFO - Processing /home/airflow/.local/lib/python3.7/site-packages/airflow/example_dags/example_dag_decorator.py took 0.140 seconds
[2022-08-22 22:07:56,283] {processor.py:153} INFO - Started process (PID=1723) to work on /home/airflow/.local/lib/python3.7/site-packages/airflow/example_dags/example_dag_decorator.py
[2022-08-22 22:07:56,283] {processor.py:641} INFO - Processing file /home/airflow/.local/lib/python3.7/site-packages/airflow/example_dags/example_dag_decorator.py for tasks to queue
[2022-08-22 22:07:56,284] {logging_mixin.py:115} INFO - [2022-08-22 22:07:56,284] {dagbag.py:508} INFO - Filling up the DagBag from /home/airflow/.local/lib/python3.7/site-packages/airflow/example_dags/example_dag_decorator.py
[2022-08-22 22:07:56,302] {processor.py:651} INFO - DAG(s) dict_keys(['example_dag_decorator']) retrieved from /home/airflow/.local/lib/python3.7/site-packages/airflow/example_dags/example_dag_decorator.py
[2022-08-22 22:07:56,322] {logging_mixin.py:115} INFO - [2022-08-22 22:07:56,322] {dag.py:2420} INFO - Sync 1 DAGs
[2022-08-22 22:07:56,341] {logging_mixin.py:115} INFO - [2022-08-22 22:07:56,341] {dag.py:2972} INFO - Setting next_dagrun for example_dag_decorator to None, run_after=None
[2022-08-22 22:07:56,350] {processor.py:161} INFO - Processing /home/airflow/.local/lib/python3.7/site-packages/airflow/example_dags/example_dag_decorator.py took 0.070 seconds
[2022-08-22 22:08:27,012] {processor.py:153} INFO - Started process (PID=1784) to work on /home/airflow/.local/lib/python3.7/site-packages/airflow/example_dags/example_dag_decorator.py
[2022-08-22 22:08:27,013] {processor.py:641} INFO - Processing file /home/airflow/.local/lib/python3.7/site-packages/airflow/example_dags/example_dag_decorator.py for tasks to queue
[2022-08-22 22:08:27,014] {logging_mixin.py:115} INFO - [2022-08-22 22:08:27,014] {dagbag.py:508} INFO - Filling up the DagBag from /home/airflow/.local/lib/python3.7/site-packages/airflow/example_dags/example_dag_decorator.py
[2022-08-22 22:08:27,038] {processor.py:651} INFO - DAG(s) dict_keys(['example_dag_decorator']) retrieved from /home/airflow/.local/lib/python3.7/site-packages/airflow/example_dags/example_dag_decorator.py
[2022-08-22 22:08:27,115] {logging_mixin.py:115} INFO - [2022-08-22 22:08:27,115] {dag.py:2420} INFO - Sync 1 DAGs
[2022-08-22 22:08:27,140] {logging_mixin.py:115} INFO - [2022-08-22 22:08:27,140] {dag.py:2972} INFO - Setting next_dagrun for example_dag_decorator to None, run_after=None
[2022-08-22 22:08:27,158] {processor.py:161} INFO - Processing /home/airflow/.local/lib/python3.7/site-packages/airflow/example_dags/example_dag_decorator.py took 0.150 seconds
[2022-08-22 22:08:57,696] {processor.py:153} INFO - Started process (PID=1836) to work on /home/airflow/.local/lib/python3.7/site-packages/airflow/example_dags/example_dag_decorator.py
[2022-08-22 22:08:57,697] {processor.py:641} INFO - Processing file /home/airflow/.local/lib/python3.7/site-packages/airflow/example_dags/example_dag_decorator.py for tasks to queue
[2022-08-22 22:08:57,697] {logging_mixin.py:115} INFO - [2022-08-22 22:08:57,697] {dagbag.py:508} INFO - Filling up the DagBag from /home/airflow/.local/lib/python3.7/site-packages/airflow/example_dags/example_dag_decorator.py
[2022-08-22 22:08:57,714] {processor.py:651} INFO - DAG(s) dict_keys(['example_dag_decorator']) retrieved from /home/airflow/.local/lib/python3.7/site-packages/airflow/example_dags/example_dag_decorator.py
[2022-08-22 22:08:57,772] {logging_mixin.py:115} INFO - [2022-08-22 22:08:57,772] {dag.py:2420} INFO - Sync 1 DAGs
[2022-08-22 22:08:57,789] {logging_mixin.py:115} INFO - [2022-08-22 22:08:57,789] {dag.py:2972} INFO - Setting next_dagrun for example_dag_decorator to None, run_after=None
[2022-08-22 22:08:57,801] {processor.py:161} INFO - Processing /home/airflow/.local/lib/python3.7/site-packages/airflow/example_dags/example_dag_decorator.py took 0.107 seconds
[2022-08-22 22:09:28,322] {processor.py:153} INFO - Started process (PID=1897) to work on /home/airflow/.local/lib/python3.7/site-packages/airflow/example_dags/example_dag_decorator.py
[2022-08-22 22:09:28,322] {processor.py:641} INFO - Processing file /home/airflow/.local/lib/python3.7/site-packages/airflow/example_dags/example_dag_decorator.py for tasks to queue
[2022-08-22 22:09:28,323] {logging_mixin.py:115} INFO - [2022-08-22 22:09:28,323] {dagbag.py:508} INFO - Filling up the DagBag from /home/airflow/.local/lib/python3.7/site-packages/airflow/example_dags/example_dag_decorator.py
[2022-08-22 22:09:28,340] {processor.py:651} INFO - DAG(s) dict_keys(['example_dag_decorator']) retrieved from /home/airflow/.local/lib/python3.7/site-packages/airflow/example_dags/example_dag_decorator.py
[2022-08-22 22:09:28,359] {logging_mixin.py:115} INFO - [2022-08-22 22:09:28,359] {dag.py:2420} INFO - Sync 1 DAGs
[2022-08-22 22:09:28,379] {logging_mixin.py:115} INFO - [2022-08-22 22:09:28,379] {dag.py:2972} INFO - Setting next_dagrun for example_dag_decorator to None, run_after=None
[2022-08-22 22:09:28,389] {processor.py:161} INFO - Processing /home/airflow/.local/lib/python3.7/site-packages/airflow/example_dags/example_dag_decorator.py took 0.069 seconds
[2022-08-22 22:09:59,059] {processor.py:153} INFO - Started process (PID=1958) to work on /home/airflow/.local/lib/python3.7/site-packages/airflow/example_dags/example_dag_decorator.py
[2022-08-22 22:09:59,059] {processor.py:641} INFO - Processing file /home/airflow/.local/lib/python3.7/site-packages/airflow/example_dags/example_dag_decorator.py for tasks to queue
[2022-08-22 22:09:59,060] {logging_mixin.py:115} INFO - [2022-08-22 22:09:59,060] {dagbag.py:508} INFO - Filling up the DagBag from /home/airflow/.local/lib/python3.7/site-packages/airflow/example_dags/example_dag_decorator.py
[2022-08-22 22:09:59,077] {processor.py:651} INFO - DAG(s) dict_keys(['example_dag_decorator']) retrieved from /home/airflow/.local/lib/python3.7/site-packages/airflow/example_dags/example_dag_decorator.py
[2022-08-22 22:09:59,136] {logging_mixin.py:115} INFO - [2022-08-22 22:09:59,136] {dag.py:2420} INFO - Sync 1 DAGs
[2022-08-22 22:09:59,154] {logging_mixin.py:115} INFO - [2022-08-22 22:09:59,154] {dag.py:2972} INFO - Setting next_dagrun for example_dag_decorator to None, run_after=None
[2022-08-22 22:09:59,165] {processor.py:161} INFO - Processing /home/airflow/.local/lib/python3.7/site-packages/airflow/example_dags/example_dag_decorator.py took 0.109 seconds
[2022-08-22 22:10:29,749] {processor.py:153} INFO - Started process (PID=2010) to work on /home/airflow/.local/lib/python3.7/site-packages/airflow/example_dags/example_dag_decorator.py
[2022-08-22 22:10:29,750] {processor.py:641} INFO - Processing file /home/airflow/.local/lib/python3.7/site-packages/airflow/example_dags/example_dag_decorator.py for tasks to queue
[2022-08-22 22:10:29,750] {logging_mixin.py:115} INFO - [2022-08-22 22:10:29,750] {dagbag.py:508} INFO - Filling up the DagBag from /home/airflow/.local/lib/python3.7/site-packages/airflow/example_dags/example_dag_decorator.py
[2022-08-22 22:10:29,766] {processor.py:651} INFO - DAG(s) dict_keys(['example_dag_decorator']) retrieved from /home/airflow/.local/lib/python3.7/site-packages/airflow/example_dags/example_dag_decorator.py
[2022-08-22 22:10:29,823] {logging_mixin.py:115} INFO - [2022-08-22 22:10:29,823] {dag.py:2420} INFO - Sync 1 DAGs
[2022-08-22 22:10:29,841] {logging_mixin.py:115} INFO - [2022-08-22 22:10:29,841] {dag.py:2972} INFO - Setting next_dagrun for example_dag_decorator to None, run_after=None
[2022-08-22 22:10:29,854] {processor.py:161} INFO - Processing /home/airflow/.local/lib/python3.7/site-packages/airflow/example_dags/example_dag_decorator.py took 0.107 seconds
[2022-08-22 22:11:00,407] {processor.py:153} INFO - Started process (PID=2071) to work on /home/airflow/.local/lib/python3.7/site-packages/airflow/example_dags/example_dag_decorator.py
[2022-08-22 22:11:00,408] {processor.py:641} INFO - Processing file /home/airflow/.local/lib/python3.7/site-packages/airflow/example_dags/example_dag_decorator.py for tasks to queue
[2022-08-22 22:11:00,408] {logging_mixin.py:115} INFO - [2022-08-22 22:11:00,408] {dagbag.py:508} INFO - Filling up the DagBag from /home/airflow/.local/lib/python3.7/site-packages/airflow/example_dags/example_dag_decorator.py
[2022-08-22 22:11:00,424] {processor.py:651} INFO - DAG(s) dict_keys(['example_dag_decorator']) retrieved from /home/airflow/.local/lib/python3.7/site-packages/airflow/example_dags/example_dag_decorator.py
[2022-08-22 22:11:00,443] {logging_mixin.py:115} INFO - [2022-08-22 22:11:00,443] {dag.py:2420} INFO - Sync 1 DAGs
[2022-08-22 22:11:00,461] {logging_mixin.py:115} INFO - [2022-08-22 22:11:00,461] {dag.py:2972} INFO - Setting next_dagrun for example_dag_decorator to None, run_after=None
[2022-08-22 22:11:00,474] {processor.py:161} INFO - Processing /home/airflow/.local/lib/python3.7/site-packages/airflow/example_dags/example_dag_decorator.py took 0.069 seconds
[2022-08-22 22:11:30,994] {processor.py:153} INFO - Started process (PID=2131) to work on /home/airflow/.local/lib/python3.7/site-packages/airflow/example_dags/example_dag_decorator.py
[2022-08-22 22:11:30,994] {processor.py:641} INFO - Processing file /home/airflow/.local/lib/python3.7/site-packages/airflow/example_dags/example_dag_decorator.py for tasks to queue
[2022-08-22 22:11:30,995] {logging_mixin.py:115} INFO - [2022-08-22 22:11:30,995] {dagbag.py:508} INFO - Filling up the DagBag from /home/airflow/.local/lib/python3.7/site-packages/airflow/example_dags/example_dag_decorator.py
[2022-08-22 22:11:31,012] {processor.py:651} INFO - DAG(s) dict_keys(['example_dag_decorator']) retrieved from /home/airflow/.local/lib/python3.7/site-packages/airflow/example_dags/example_dag_decorator.py
[2022-08-22 22:11:31,034] {logging_mixin.py:115} INFO - [2022-08-22 22:11:31,034] {dag.py:2420} INFO - Sync 1 DAGs
[2022-08-22 22:11:31,053] {logging_mixin.py:115} INFO - [2022-08-22 22:11:31,053] {dag.py:2972} INFO - Setting next_dagrun for example_dag_decorator to None, run_after=None
[2022-08-22 22:11:31,063] {processor.py:161} INFO - Processing /home/airflow/.local/lib/python3.7/site-packages/airflow/example_dags/example_dag_decorator.py took 0.072 seconds
[2022-08-22 22:12:01,508] {processor.py:153} INFO - Started process (PID=2192) to work on /home/airflow/.local/lib/python3.7/site-packages/airflow/example_dags/example_dag_decorator.py
[2022-08-22 22:12:01,508] {processor.py:641} INFO - Processing file /home/airflow/.local/lib/python3.7/site-packages/airflow/example_dags/example_dag_decorator.py for tasks to queue
[2022-08-22 22:12:01,508] {logging_mixin.py:115} INFO - [2022-08-22 22:12:01,508] {dagbag.py:508} INFO - Filling up the DagBag from /home/airflow/.local/lib/python3.7/site-packages/airflow/example_dags/example_dag_decorator.py
[2022-08-22 22:12:01,526] {processor.py:651} INFO - DAG(s) dict_keys(['example_dag_decorator']) retrieved from /home/airflow/.local/lib/python3.7/site-packages/airflow/example_dags/example_dag_decorator.py
[2022-08-22 22:12:01,605] {logging_mixin.py:115} INFO - [2022-08-22 22:12:01,605] {dag.py:2420} INFO - Sync 1 DAGs
[2022-08-22 22:12:01,622] {logging_mixin.py:115} INFO - [2022-08-22 22:12:01,621] {dag.py:2972} INFO - Setting next_dagrun for example_dag_decorator to None, run_after=None
[2022-08-22 22:12:01,632] {processor.py:161} INFO - Processing /home/airflow/.local/lib/python3.7/site-packages/airflow/example_dags/example_dag_decorator.py took 0.126 seconds
[2022-08-22 22:12:32,037] {processor.py:153} INFO - Started process (PID=2244) to work on /home/airflow/.local/lib/python3.7/site-packages/airflow/example_dags/example_dag_decorator.py
[2022-08-22 22:12:32,037] {processor.py:641} INFO - Processing file /home/airflow/.local/lib/python3.7/site-packages/airflow/example_dags/example_dag_decorator.py for tasks to queue
[2022-08-22 22:12:32,037] {logging_mixin.py:115} INFO - [2022-08-22 22:12:32,037] {dagbag.py:508} INFO - Filling up the DagBag from /home/airflow/.local/lib/python3.7/site-packages/airflow/example_dags/example_dag_decorator.py
[2022-08-22 22:12:32,053] {processor.py:651} INFO - DAG(s) dict_keys(['example_dag_decorator']) retrieved from /home/airflow/.local/lib/python3.7/site-packages/airflow/example_dags/example_dag_decorator.py
[2022-08-22 22:12:32,111] {logging_mixin.py:115} INFO - [2022-08-22 22:12:32,111] {dag.py:2420} INFO - Sync 1 DAGs
[2022-08-22 22:12:32,129] {logging_mixin.py:115} INFO - [2022-08-22 22:12:32,129] {dag.py:2972} INFO - Setting next_dagrun for example_dag_decorator to None, run_after=None
[2022-08-22 22:12:32,139] {processor.py:161} INFO - Processing /home/airflow/.local/lib/python3.7/site-packages/airflow/example_dags/example_dag_decorator.py took 0.105 seconds
[2022-08-22 22:13:02,687] {processor.py:153} INFO - Started process (PID=2305) to work on /home/airflow/.local/lib/python3.7/site-packages/airflow/example_dags/example_dag_decorator.py
[2022-08-22 22:13:02,688] {processor.py:641} INFO - Processing file /home/airflow/.local/lib/python3.7/site-packages/airflow/example_dags/example_dag_decorator.py for tasks to queue
[2022-08-22 22:13:02,689] {logging_mixin.py:115} INFO - [2022-08-22 22:13:02,688] {dagbag.py:508} INFO - Filling up the DagBag from /home/airflow/.local/lib/python3.7/site-packages/airflow/example_dags/example_dag_decorator.py
[2022-08-22 22:13:02,720] {processor.py:651} INFO - DAG(s) dict_keys(['example_dag_decorator']) retrieved from /home/airflow/.local/lib/python3.7/site-packages/airflow/example_dags/example_dag_decorator.py
[2022-08-22 22:13:02,741] {logging_mixin.py:115} INFO - [2022-08-22 22:13:02,741] {dag.py:2420} INFO - Sync 1 DAGs
[2022-08-22 22:13:02,758] {logging_mixin.py:115} INFO - [2022-08-22 22:13:02,758] {dag.py:2972} INFO - Setting next_dagrun for example_dag_decorator to None, run_after=None
[2022-08-22 22:13:02,768] {processor.py:161} INFO - Processing /home/airflow/.local/lib/python3.7/site-packages/airflow/example_dags/example_dag_decorator.py took 0.085 seconds
[2022-08-22 22:13:33,299] {processor.py:153} INFO - Started process (PID=2366) to work on /home/airflow/.local/lib/python3.7/site-packages/airflow/example_dags/example_dag_decorator.py
[2022-08-22 22:13:33,300] {processor.py:641} INFO - Processing file /home/airflow/.local/lib/python3.7/site-packages/airflow/example_dags/example_dag_decorator.py for tasks to queue
[2022-08-22 22:13:33,300] {logging_mixin.py:115} INFO - [2022-08-22 22:13:33,300] {dagbag.py:508} INFO - Filling up the DagBag from /home/airflow/.local/lib/python3.7/site-packages/airflow/example_dags/example_dag_decorator.py
[2022-08-22 22:13:33,317] {processor.py:651} INFO - DAG(s) dict_keys(['example_dag_decorator']) retrieved from /home/airflow/.local/lib/python3.7/site-packages/airflow/example_dags/example_dag_decorator.py
[2022-08-22 22:13:33,372] {logging_mixin.py:115} INFO - [2022-08-22 22:13:33,372] {dag.py:2420} INFO - Sync 1 DAGs
[2022-08-22 22:13:33,390] {logging_mixin.py:115} INFO - [2022-08-22 22:13:33,390] {dag.py:2972} INFO - Setting next_dagrun for example_dag_decorator to None, run_after=None
[2022-08-22 22:13:33,403] {processor.py:161} INFO - Processing /home/airflow/.local/lib/python3.7/site-packages/airflow/example_dags/example_dag_decorator.py took 0.106 seconds
[2022-08-22 22:14:04,000] {processor.py:153} INFO - Started process (PID=2427) to work on /home/airflow/.local/lib/python3.7/site-packages/airflow/example_dags/example_dag_decorator.py
[2022-08-22 22:14:04,001] {processor.py:641} INFO - Processing file /home/airflow/.local/lib/python3.7/site-packages/airflow/example_dags/example_dag_decorator.py for tasks to queue
[2022-08-22 22:14:04,001] {logging_mixin.py:115} INFO - [2022-08-22 22:14:04,001] {dagbag.py:508} INFO - Filling up the DagBag from /home/airflow/.local/lib/python3.7/site-packages/airflow/example_dags/example_dag_decorator.py
[2022-08-22 22:14:04,019] {processor.py:651} INFO - DAG(s) dict_keys(['example_dag_decorator']) retrieved from /home/airflow/.local/lib/python3.7/site-packages/airflow/example_dags/example_dag_decorator.py
[2022-08-22 22:14:04,039] {logging_mixin.py:115} INFO - [2022-08-22 22:14:04,038] {dag.py:2420} INFO - Sync 1 DAGs
[2022-08-22 22:14:04,059] {logging_mixin.py:115} INFO - [2022-08-22 22:14:04,059] {dag.py:2972} INFO - Setting next_dagrun for example_dag_decorator to None, run_after=None
[2022-08-22 22:14:04,070] {processor.py:161} INFO - Processing /home/airflow/.local/lib/python3.7/site-packages/airflow/example_dags/example_dag_decorator.py took 0.073 seconds
[2022-08-22 22:14:34,596] {processor.py:153} INFO - Started process (PID=2479) to work on /home/airflow/.local/lib/python3.7/site-packages/airflow/example_dags/example_dag_decorator.py
[2022-08-22 22:14:34,597] {processor.py:641} INFO - Processing file /home/airflow/.local/lib/python3.7/site-packages/airflow/example_dags/example_dag_decorator.py for tasks to queue
[2022-08-22 22:14:34,597] {logging_mixin.py:115} INFO - [2022-08-22 22:14:34,597] {dagbag.py:508} INFO - Filling up the DagBag from /home/airflow/.local/lib/python3.7/site-packages/airflow/example_dags/example_dag_decorator.py
[2022-08-22 22:14:34,613] {processor.py:651} INFO - DAG(s) dict_keys(['example_dag_decorator']) retrieved from /home/airflow/.local/lib/python3.7/site-packages/airflow/example_dags/example_dag_decorator.py
[2022-08-22 22:14:34,633] {logging_mixin.py:115} INFO - [2022-08-22 22:14:34,633] {dag.py:2420} INFO - Sync 1 DAGs
[2022-08-22 22:14:34,653] {logging_mixin.py:115} INFO - [2022-08-22 22:14:34,653] {dag.py:2972} INFO - Setting next_dagrun for example_dag_decorator to None, run_after=None
[2022-08-22 22:14:34,663] {processor.py:161} INFO - Processing /home/airflow/.local/lib/python3.7/site-packages/airflow/example_dags/example_dag_decorator.py took 0.069 seconds
[2022-08-22 22:15:05,197] {processor.py:153} INFO - Started process (PID=2540) to work on /home/airflow/.local/lib/python3.7/site-packages/airflow/example_dags/example_dag_decorator.py
[2022-08-22 22:15:05,198] {processor.py:641} INFO - Processing file /home/airflow/.local/lib/python3.7/site-packages/airflow/example_dags/example_dag_decorator.py for tasks to queue
[2022-08-22 22:15:05,198] {logging_mixin.py:115} INFO - [2022-08-22 22:15:05,198] {dagbag.py:508} INFO - Filling up the DagBag from /home/airflow/.local/lib/python3.7/site-packages/airflow/example_dags/example_dag_decorator.py
[2022-08-22 22:15:05,214] {processor.py:651} INFO - DAG(s) dict_keys(['example_dag_decorator']) retrieved from /home/airflow/.local/lib/python3.7/site-packages/airflow/example_dags/example_dag_decorator.py
[2022-08-22 22:15:05,233] {logging_mixin.py:115} INFO - [2022-08-22 22:15:05,233] {dag.py:2420} INFO - Sync 1 DAGs
[2022-08-22 22:15:05,251] {logging_mixin.py:115} INFO - [2022-08-22 22:15:05,251] {dag.py:2972} INFO - Setting next_dagrun for example_dag_decorator to None, run_after=None
[2022-08-22 22:15:05,260] {processor.py:161} INFO - Processing /home/airflow/.local/lib/python3.7/site-packages/airflow/example_dags/example_dag_decorator.py took 0.065 seconds
[2022-08-22 22:15:35,853] {processor.py:153} INFO - Started process (PID=2601) to work on /home/airflow/.local/lib/python3.7/site-packages/airflow/example_dags/example_dag_decorator.py
[2022-08-22 22:15:35,854] {processor.py:641} INFO - Processing file /home/airflow/.local/lib/python3.7/site-packages/airflow/example_dags/example_dag_decorator.py for tasks to queue
[2022-08-22 22:15:35,854] {logging_mixin.py:115} INFO - [2022-08-22 22:15:35,854] {dagbag.py:508} INFO - Filling up the DagBag from /home/airflow/.local/lib/python3.7/site-packages/airflow/example_dags/example_dag_decorator.py
[2022-08-22 22:15:35,870] {processor.py:651} INFO - DAG(s) dict_keys(['example_dag_decorator']) retrieved from /home/airflow/.local/lib/python3.7/site-packages/airflow/example_dags/example_dag_decorator.py
[2022-08-22 22:15:35,909] {logging_mixin.py:115} INFO - [2022-08-22 22:15:35,909] {dag.py:2420} INFO - Sync 1 DAGs
[2022-08-22 22:15:35,928] {logging_mixin.py:115} INFO - [2022-08-22 22:15:35,928] {dag.py:2972} INFO - Setting next_dagrun for example_dag_decorator to None, run_after=None
[2022-08-22 22:15:35,939] {processor.py:161} INFO - Processing /home/airflow/.local/lib/python3.7/site-packages/airflow/example_dags/example_dag_decorator.py took 0.089 seconds
[2022-08-22 22:16:06,464] {processor.py:153} INFO - Started process (PID=2653) to work on /home/airflow/.local/lib/python3.7/site-packages/airflow/example_dags/example_dag_decorator.py
[2022-08-22 22:16:06,464] {processor.py:641} INFO - Processing file /home/airflow/.local/lib/python3.7/site-packages/airflow/example_dags/example_dag_decorator.py for tasks to queue
[2022-08-22 22:16:06,465] {logging_mixin.py:115} INFO - [2022-08-22 22:16:06,465] {dagbag.py:508} INFO - Filling up the DagBag from /home/airflow/.local/lib/python3.7/site-packages/airflow/example_dags/example_dag_decorator.py
[2022-08-22 22:16:06,482] {processor.py:651} INFO - DAG(s) dict_keys(['example_dag_decorator']) retrieved from /home/airflow/.local/lib/python3.7/site-packages/airflow/example_dags/example_dag_decorator.py
[2022-08-22 22:16:06,542] {logging_mixin.py:115} INFO - [2022-08-22 22:16:06,542] {dag.py:2420} INFO - Sync 1 DAGs
[2022-08-22 22:16:06,561] {logging_mixin.py:115} INFO - [2022-08-22 22:16:06,561] {dag.py:2972} INFO - Setting next_dagrun for example_dag_decorator to None, run_after=None
[2022-08-22 22:16:06,573] {processor.py:161} INFO - Processing /home/airflow/.local/lib/python3.7/site-packages/airflow/example_dags/example_dag_decorator.py took 0.112 seconds
[2022-08-22 22:16:37,218] {processor.py:153} INFO - Started process (PID=2714) to work on /home/airflow/.local/lib/python3.7/site-packages/airflow/example_dags/example_dag_decorator.py
[2022-08-22 22:16:37,219] {processor.py:641} INFO - Processing file /home/airflow/.local/lib/python3.7/site-packages/airflow/example_dags/example_dag_decorator.py for tasks to queue
[2022-08-22 22:16:37,219] {logging_mixin.py:115} INFO - [2022-08-22 22:16:37,219] {dagbag.py:508} INFO - Filling up the DagBag from /home/airflow/.local/lib/python3.7/site-packages/airflow/example_dags/example_dag_decorator.py
[2022-08-22 22:16:37,237] {processor.py:651} INFO - DAG(s) dict_keys(['example_dag_decorator']) retrieved from /home/airflow/.local/lib/python3.7/site-packages/airflow/example_dags/example_dag_decorator.py
[2022-08-22 22:16:37,256] {logging_mixin.py:115} INFO - [2022-08-22 22:16:37,256] {dag.py:2420} INFO - Sync 1 DAGs
[2022-08-22 22:16:37,276] {logging_mixin.py:115} INFO - [2022-08-22 22:16:37,276] {dag.py:2972} INFO - Setting next_dagrun for example_dag_decorator to None, run_after=None
[2022-08-22 22:16:37,286] {processor.py:161} INFO - Processing /home/airflow/.local/lib/python3.7/site-packages/airflow/example_dags/example_dag_decorator.py took 0.070 seconds
[2022-08-22 22:17:07,773] {processor.py:153} INFO - Started process (PID=2775) to work on /home/airflow/.local/lib/python3.7/site-packages/airflow/example_dags/example_dag_decorator.py
[2022-08-22 22:17:07,774] {processor.py:641} INFO - Processing file /home/airflow/.local/lib/python3.7/site-packages/airflow/example_dags/example_dag_decorator.py for tasks to queue
[2022-08-22 22:17:07,774] {logging_mixin.py:115} INFO - [2022-08-22 22:17:07,774] {dagbag.py:508} INFO - Filling up the DagBag from /home/airflow/.local/lib/python3.7/site-packages/airflow/example_dags/example_dag_decorator.py
[2022-08-22 22:17:07,791] {processor.py:651} INFO - DAG(s) dict_keys(['example_dag_decorator']) retrieved from /home/airflow/.local/lib/python3.7/site-packages/airflow/example_dags/example_dag_decorator.py
[2022-08-22 22:17:07,846] {logging_mixin.py:115} INFO - [2022-08-22 22:17:07,846] {dag.py:2420} INFO - Sync 1 DAGs
[2022-08-22 22:17:07,862] {logging_mixin.py:115} INFO - [2022-08-22 22:17:07,862] {dag.py:2972} INFO - Setting next_dagrun for example_dag_decorator to None, run_after=None
[2022-08-22 22:17:07,872] {processor.py:161} INFO - Processing /home/airflow/.local/lib/python3.7/site-packages/airflow/example_dags/example_dag_decorator.py took 0.101 seconds
[2022-08-22 22:17:38,316] {processor.py:153} INFO - Started process (PID=2836) to work on /home/airflow/.local/lib/python3.7/site-packages/airflow/example_dags/example_dag_decorator.py
[2022-08-22 22:17:38,317] {processor.py:641} INFO - Processing file /home/airflow/.local/lib/python3.7/site-packages/airflow/example_dags/example_dag_decorator.py for tasks to queue
[2022-08-22 22:17:38,317] {logging_mixin.py:115} INFO - [2022-08-22 22:17:38,317] {dagbag.py:508} INFO - Filling up the DagBag from /home/airflow/.local/lib/python3.7/site-packages/airflow/example_dags/example_dag_decorator.py
[2022-08-22 22:17:38,334] {processor.py:651} INFO - DAG(s) dict_keys(['example_dag_decorator']) retrieved from /home/airflow/.local/lib/python3.7/site-packages/airflow/example_dags/example_dag_decorator.py
[2022-08-22 22:17:38,353] {logging_mixin.py:115} INFO - [2022-08-22 22:17:38,353] {dag.py:2420} INFO - Sync 1 DAGs
[2022-08-22 22:17:38,372] {logging_mixin.py:115} INFO - [2022-08-22 22:17:38,372] {dag.py:2972} INFO - Setting next_dagrun for example_dag_decorator to None, run_after=None
[2022-08-22 22:17:38,382] {processor.py:161} INFO - Processing /home/airflow/.local/lib/python3.7/site-packages/airflow/example_dags/example_dag_decorator.py took 0.068 seconds
[2022-08-22 22:18:08,907] {processor.py:153} INFO - Started process (PID=2888) to work on /home/airflow/.local/lib/python3.7/site-packages/airflow/example_dags/example_dag_decorator.py
[2022-08-22 22:18:08,908] {processor.py:641} INFO - Processing file /home/airflow/.local/lib/python3.7/site-packages/airflow/example_dags/example_dag_decorator.py for tasks to queue
[2022-08-22 22:18:08,909] {logging_mixin.py:115} INFO - [2022-08-22 22:18:08,908] {dagbag.py:508} INFO - Filling up the DagBag from /home/airflow/.local/lib/python3.7/site-packages/airflow/example_dags/example_dag_decorator.py
[2022-08-22 22:18:08,943] {processor.py:651} INFO - DAG(s) dict_keys(['example_dag_decorator']) retrieved from /home/airflow/.local/lib/python3.7/site-packages/airflow/example_dags/example_dag_decorator.py
[2022-08-22 22:18:08,966] {logging_mixin.py:115} INFO - [2022-08-22 22:18:08,965] {dag.py:2420} INFO - Sync 1 DAGs
[2022-08-22 22:18:08,985] {logging_mixin.py:115} INFO - [2022-08-22 22:18:08,985] {dag.py:2972} INFO - Setting next_dagrun for example_dag_decorator to None, run_after=None
[2022-08-22 22:18:08,996] {processor.py:161} INFO - Processing /home/airflow/.local/lib/python3.7/site-packages/airflow/example_dags/example_dag_decorator.py took 0.093 seconds
[2022-08-22 22:18:39,563] {processor.py:153} INFO - Started process (PID=2949) to work on /home/airflow/.local/lib/python3.7/site-packages/airflow/example_dags/example_dag_decorator.py
[2022-08-22 22:18:39,564] {processor.py:641} INFO - Processing file /home/airflow/.local/lib/python3.7/site-packages/airflow/example_dags/example_dag_decorator.py for tasks to queue
[2022-08-22 22:18:39,564] {logging_mixin.py:115} INFO - [2022-08-22 22:18:39,564] {dagbag.py:508} INFO - Filling up the DagBag from /home/airflow/.local/lib/python3.7/site-packages/airflow/example_dags/example_dag_decorator.py
[2022-08-22 22:18:39,580] {processor.py:651} INFO - DAG(s) dict_keys(['example_dag_decorator']) retrieved from /home/airflow/.local/lib/python3.7/site-packages/airflow/example_dags/example_dag_decorator.py
[2022-08-22 22:18:39,635] {logging_mixin.py:115} INFO - [2022-08-22 22:18:39,634] {dag.py:2420} INFO - Sync 1 DAGs
[2022-08-22 22:18:39,652] {logging_mixin.py:115} INFO - [2022-08-22 22:18:39,652] {dag.py:2972} INFO - Setting next_dagrun for example_dag_decorator to None, run_after=None
[2022-08-22 22:18:39,664] {processor.py:161} INFO - Processing /home/airflow/.local/lib/python3.7/site-packages/airflow/example_dags/example_dag_decorator.py took 0.103 seconds
[2022-08-22 22:19:10,328] {processor.py:153} INFO - Started process (PID=3011) to work on /home/airflow/.local/lib/python3.7/site-packages/airflow/example_dags/example_dag_decorator.py
[2022-08-22 22:19:10,329] {processor.py:641} INFO - Processing file /home/airflow/.local/lib/python3.7/site-packages/airflow/example_dags/example_dag_decorator.py for tasks to queue
[2022-08-22 22:19:10,329] {logging_mixin.py:115} INFO - [2022-08-22 22:19:10,329] {dagbag.py:508} INFO - Filling up the DagBag from /home/airflow/.local/lib/python3.7/site-packages/airflow/example_dags/example_dag_decorator.py
[2022-08-22 22:19:10,346] {processor.py:651} INFO - DAG(s) dict_keys(['example_dag_decorator']) retrieved from /home/airflow/.local/lib/python3.7/site-packages/airflow/example_dags/example_dag_decorator.py
[2022-08-22 22:19:10,368] {logging_mixin.py:115} INFO - [2022-08-22 22:19:10,368] {dag.py:2420} INFO - Sync 1 DAGs
[2022-08-22 22:19:10,387] {logging_mixin.py:115} INFO - [2022-08-22 22:19:10,387] {dag.py:2972} INFO - Setting next_dagrun for example_dag_decorator to None, run_after=None
[2022-08-22 22:19:10,397] {processor.py:161} INFO - Processing /home/airflow/.local/lib/python3.7/site-packages/airflow/example_dags/example_dag_decorator.py took 0.071 seconds
[2022-08-22 22:19:40,985] {processor.py:153} INFO - Started process (PID=3072) to work on /home/airflow/.local/lib/python3.7/site-packages/airflow/example_dags/example_dag_decorator.py
[2022-08-22 22:19:40,986] {processor.py:641} INFO - Processing file /home/airflow/.local/lib/python3.7/site-packages/airflow/example_dags/example_dag_decorator.py for tasks to queue
[2022-08-22 22:19:40,986] {logging_mixin.py:115} INFO - [2022-08-22 22:19:40,986] {dagbag.py:508} INFO - Filling up the DagBag from /home/airflow/.local/lib/python3.7/site-packages/airflow/example_dags/example_dag_decorator.py
[2022-08-22 22:19:41,002] {processor.py:651} INFO - DAG(s) dict_keys(['example_dag_decorator']) retrieved from /home/airflow/.local/lib/python3.7/site-packages/airflow/example_dags/example_dag_decorator.py
[2022-08-22 22:19:41,057] {logging_mixin.py:115} INFO - [2022-08-22 22:19:41,057] {dag.py:2420} INFO - Sync 1 DAGs
[2022-08-22 22:19:41,075] {logging_mixin.py:115} INFO - [2022-08-22 22:19:41,075] {dag.py:2972} INFO - Setting next_dagrun for example_dag_decorator to None, run_after=None
[2022-08-22 22:19:41,087] {processor.py:161} INFO - Processing /home/airflow/.local/lib/python3.7/site-packages/airflow/example_dags/example_dag_decorator.py took 0.104 seconds
[2022-08-22 22:20:11,779] {processor.py:153} INFO - Started process (PID=3124) to work on /home/airflow/.local/lib/python3.7/site-packages/airflow/example_dags/example_dag_decorator.py
[2022-08-22 22:20:11,780] {processor.py:641} INFO - Processing file /home/airflow/.local/lib/python3.7/site-packages/airflow/example_dags/example_dag_decorator.py for tasks to queue
[2022-08-22 22:20:11,780] {logging_mixin.py:115} INFO - [2022-08-22 22:20:11,780] {dagbag.py:508} INFO - Filling up the DagBag from /home/airflow/.local/lib/python3.7/site-packages/airflow/example_dags/example_dag_decorator.py
[2022-08-22 22:20:11,800] {processor.py:651} INFO - DAG(s) dict_keys(['example_dag_decorator']) retrieved from /home/airflow/.local/lib/python3.7/site-packages/airflow/example_dags/example_dag_decorator.py
[2022-08-22 22:20:11,860] {logging_mixin.py:115} INFO - [2022-08-22 22:20:11,860] {dag.py:2420} INFO - Sync 1 DAGs
[2022-08-22 22:20:11,881] {logging_mixin.py:115} INFO - [2022-08-22 22:20:11,881] {dag.py:2972} INFO - Setting next_dagrun for example_dag_decorator to None, run_after=None
[2022-08-22 22:20:11,897] {processor.py:161} INFO - Processing /home/airflow/.local/lib/python3.7/site-packages/airflow/example_dags/example_dag_decorator.py took 0.120 seconds
[2022-08-22 22:20:42,314] {processor.py:153} INFO - Started process (PID=3185) to work on /home/airflow/.local/lib/python3.7/site-packages/airflow/example_dags/example_dag_decorator.py
[2022-08-22 22:20:42,315] {processor.py:641} INFO - Processing file /home/airflow/.local/lib/python3.7/site-packages/airflow/example_dags/example_dag_decorator.py for tasks to queue
[2022-08-22 22:20:42,315] {logging_mixin.py:115} INFO - [2022-08-22 22:20:42,315] {dagbag.py:508} INFO - Filling up the DagBag from /home/airflow/.local/lib/python3.7/site-packages/airflow/example_dags/example_dag_decorator.py
[2022-08-22 22:20:42,332] {processor.py:651} INFO - DAG(s) dict_keys(['example_dag_decorator']) retrieved from /home/airflow/.local/lib/python3.7/site-packages/airflow/example_dags/example_dag_decorator.py
[2022-08-22 22:20:42,354] {logging_mixin.py:115} INFO - [2022-08-22 22:20:42,354] {dag.py:2420} INFO - Sync 1 DAGs
[2022-08-22 22:20:42,374] {logging_mixin.py:115} INFO - [2022-08-22 22:20:42,374] {dag.py:2972} INFO - Setting next_dagrun for example_dag_decorator to None, run_after=None
[2022-08-22 22:20:42,385] {processor.py:161} INFO - Processing /home/airflow/.local/lib/python3.7/site-packages/airflow/example_dags/example_dag_decorator.py took 0.072 seconds
[2022-08-22 22:21:12,870] {processor.py:153} INFO - Started process (PID=3246) to work on /home/airflow/.local/lib/python3.7/site-packages/airflow/example_dags/example_dag_decorator.py
[2022-08-22 22:21:12,870] {processor.py:641} INFO - Processing file /home/airflow/.local/lib/python3.7/site-packages/airflow/example_dags/example_dag_decorator.py for tasks to queue
[2022-08-22 22:21:12,870] {logging_mixin.py:115} INFO - [2022-08-22 22:21:12,870] {dagbag.py:508} INFO - Filling up the DagBag from /home/airflow/.local/lib/python3.7/site-packages/airflow/example_dags/example_dag_decorator.py
[2022-08-22 22:21:12,887] {processor.py:651} INFO - DAG(s) dict_keys(['example_dag_decorator']) retrieved from /home/airflow/.local/lib/python3.7/site-packages/airflow/example_dags/example_dag_decorator.py
[2022-08-22 22:21:12,940] {logging_mixin.py:115} INFO - [2022-08-22 22:21:12,940] {dag.py:2420} INFO - Sync 1 DAGs
[2022-08-22 22:21:12,956] {logging_mixin.py:115} INFO - [2022-08-22 22:21:12,956] {dag.py:2972} INFO - Setting next_dagrun for example_dag_decorator to None, run_after=None
[2022-08-22 22:21:12,966] {processor.py:161} INFO - Processing /home/airflow/.local/lib/python3.7/site-packages/airflow/example_dags/example_dag_decorator.py took 0.098 seconds
[2022-08-22 22:21:43,605] {processor.py:153} INFO - Started process (PID=3307) to work on /home/airflow/.local/lib/python3.7/site-packages/airflow/example_dags/example_dag_decorator.py
[2022-08-22 22:21:43,606] {processor.py:641} INFO - Processing file /home/airflow/.local/lib/python3.7/site-packages/airflow/example_dags/example_dag_decorator.py for tasks to queue
[2022-08-22 22:21:43,606] {logging_mixin.py:115} INFO - [2022-08-22 22:21:43,606] {dagbag.py:508} INFO - Filling up the DagBag from /home/airflow/.local/lib/python3.7/site-packages/airflow/example_dags/example_dag_decorator.py
[2022-08-22 22:21:43,624] {processor.py:651} INFO - DAG(s) dict_keys(['example_dag_decorator']) retrieved from /home/airflow/.local/lib/python3.7/site-packages/airflow/example_dags/example_dag_decorator.py
[2022-08-22 22:21:43,647] {logging_mixin.py:115} INFO - [2022-08-22 22:21:43,647] {dag.py:2420} INFO - Sync 1 DAGs
[2022-08-22 22:21:43,670] {logging_mixin.py:115} INFO - [2022-08-22 22:21:43,669] {dag.py:2972} INFO - Setting next_dagrun for example_dag_decorator to None, run_after=None
[2022-08-22 22:21:43,683] {processor.py:161} INFO - Processing /home/airflow/.local/lib/python3.7/site-packages/airflow/example_dags/example_dag_decorator.py took 0.081 seconds
[2022-08-22 22:22:14,229] {processor.py:153} INFO - Started process (PID=3359) to work on /home/airflow/.local/lib/python3.7/site-packages/airflow/example_dags/example_dag_decorator.py
[2022-08-22 22:22:14,230] {processor.py:641} INFO - Processing file /home/airflow/.local/lib/python3.7/site-packages/airflow/example_dags/example_dag_decorator.py for tasks to queue
[2022-08-22 22:22:14,231] {logging_mixin.py:115} INFO - [2022-08-22 22:22:14,231] {dagbag.py:508} INFO - Filling up the DagBag from /home/airflow/.local/lib/python3.7/site-packages/airflow/example_dags/example_dag_decorator.py
[2022-08-22 22:22:14,265] {processor.py:651} INFO - DAG(s) dict_keys(['example_dag_decorator']) retrieved from /home/airflow/.local/lib/python3.7/site-packages/airflow/example_dags/example_dag_decorator.py
[2022-08-22 22:22:14,291] {logging_mixin.py:115} INFO - [2022-08-22 22:22:14,291] {dag.py:2420} INFO - Sync 1 DAGs
[2022-08-22 22:22:14,310] {logging_mixin.py:115} INFO - [2022-08-22 22:22:14,310] {dag.py:2972} INFO - Setting next_dagrun for example_dag_decorator to None, run_after=None
[2022-08-22 22:22:14,319] {processor.py:161} INFO - Processing /home/airflow/.local/lib/python3.7/site-packages/airflow/example_dags/example_dag_decorator.py took 0.094 seconds
[2022-08-22 22:22:44,857] {processor.py:153} INFO - Started process (PID=3420) to work on /home/airflow/.local/lib/python3.7/site-packages/airflow/example_dags/example_dag_decorator.py
[2022-08-22 22:22:44,858] {processor.py:641} INFO - Processing file /home/airflow/.local/lib/python3.7/site-packages/airflow/example_dags/example_dag_decorator.py for tasks to queue
[2022-08-22 22:22:44,858] {logging_mixin.py:115} INFO - [2022-08-22 22:22:44,858] {dagbag.py:508} INFO - Filling up the DagBag from /home/airflow/.local/lib/python3.7/site-packages/airflow/example_dags/example_dag_decorator.py
[2022-08-22 22:22:44,875] {processor.py:651} INFO - DAG(s) dict_keys(['example_dag_decorator']) retrieved from /home/airflow/.local/lib/python3.7/site-packages/airflow/example_dags/example_dag_decorator.py
[2022-08-22 22:22:44,932] {logging_mixin.py:115} INFO - [2022-08-22 22:22:44,932] {dag.py:2420} INFO - Sync 1 DAGs
[2022-08-22 22:22:44,951] {logging_mixin.py:115} INFO - [2022-08-22 22:22:44,951] {dag.py:2972} INFO - Setting next_dagrun for example_dag_decorator to None, run_after=None
[2022-08-22 22:22:44,963] {processor.py:161} INFO - Processing /home/airflow/.local/lib/python3.7/site-packages/airflow/example_dags/example_dag_decorator.py took 0.108 seconds
[2022-08-22 22:23:15,518] {processor.py:153} INFO - Started process (PID=3481) to work on /home/airflow/.local/lib/python3.7/site-packages/airflow/example_dags/example_dag_decorator.py
[2022-08-22 22:23:15,519] {processor.py:641} INFO - Processing file /home/airflow/.local/lib/python3.7/site-packages/airflow/example_dags/example_dag_decorator.py for tasks to queue
[2022-08-22 22:23:15,519] {logging_mixin.py:115} INFO - [2022-08-22 22:23:15,519] {dagbag.py:508} INFO - Filling up the DagBag from /home/airflow/.local/lib/python3.7/site-packages/airflow/example_dags/example_dag_decorator.py
[2022-08-22 22:23:15,535] {processor.py:651} INFO - DAG(s) dict_keys(['example_dag_decorator']) retrieved from /home/airflow/.local/lib/python3.7/site-packages/airflow/example_dags/example_dag_decorator.py
[2022-08-22 22:23:15,555] {logging_mixin.py:115} INFO - [2022-08-22 22:23:15,554] {dag.py:2420} INFO - Sync 1 DAGs
[2022-08-22 22:23:15,574] {logging_mixin.py:115} INFO - [2022-08-22 22:23:15,574] {dag.py:2972} INFO - Setting next_dagrun for example_dag_decorator to None, run_after=None
[2022-08-22 22:23:15,585] {processor.py:161} INFO - Processing /home/airflow/.local/lib/python3.7/site-packages/airflow/example_dags/example_dag_decorator.py took 0.069 seconds
[2022-08-22 22:23:46,265] {processor.py:153} INFO - Started process (PID=3540) to work on /home/airflow/.local/lib/python3.7/site-packages/airflow/example_dags/example_dag_decorator.py
[2022-08-22 22:23:46,265] {processor.py:641} INFO - Processing file /home/airflow/.local/lib/python3.7/site-packages/airflow/example_dags/example_dag_decorator.py for tasks to queue
[2022-08-22 22:23:46,266] {logging_mixin.py:115} INFO - [2022-08-22 22:23:46,266] {dagbag.py:508} INFO - Filling up the DagBag from /home/airflow/.local/lib/python3.7/site-packages/airflow/example_dags/example_dag_decorator.py
[2022-08-22 22:23:46,284] {processor.py:651} INFO - DAG(s) dict_keys(['example_dag_decorator']) retrieved from /home/airflow/.local/lib/python3.7/site-packages/airflow/example_dags/example_dag_decorator.py
[2022-08-22 22:23:46,349] {logging_mixin.py:115} INFO - [2022-08-22 22:23:46,349] {dag.py:2420} INFO - Sync 1 DAGs
[2022-08-22 22:23:46,367] {logging_mixin.py:115} INFO - [2022-08-22 22:23:46,367] {dag.py:2972} INFO - Setting next_dagrun for example_dag_decorator to None, run_after=None
[2022-08-22 22:23:46,378] {processor.py:161} INFO - Processing /home/airflow/.local/lib/python3.7/site-packages/airflow/example_dags/example_dag_decorator.py took 0.116 seconds
[2022-08-22 22:24:17,027] {processor.py:153} INFO - Started process (PID=3594) to work on /home/airflow/.local/lib/python3.7/site-packages/airflow/example_dags/example_dag_decorator.py
[2022-08-22 22:24:17,027] {processor.py:641} INFO - Processing file /home/airflow/.local/lib/python3.7/site-packages/airflow/example_dags/example_dag_decorator.py for tasks to queue
[2022-08-22 22:24:17,028] {logging_mixin.py:115} INFO - [2022-08-22 22:24:17,028] {dagbag.py:508} INFO - Filling up the DagBag from /home/airflow/.local/lib/python3.7/site-packages/airflow/example_dags/example_dag_decorator.py
[2022-08-22 22:24:17,045] {processor.py:651} INFO - DAG(s) dict_keys(['example_dag_decorator']) retrieved from /home/airflow/.local/lib/python3.7/site-packages/airflow/example_dags/example_dag_decorator.py
[2022-08-22 22:24:17,099] {logging_mixin.py:115} INFO - [2022-08-22 22:24:17,099] {dag.py:2420} INFO - Sync 1 DAGs
[2022-08-22 22:24:17,117] {logging_mixin.py:115} INFO - [2022-08-22 22:24:17,117] {dag.py:2972} INFO - Setting next_dagrun for example_dag_decorator to None, run_after=None
[2022-08-22 22:24:17,129] {processor.py:161} INFO - Processing /home/airflow/.local/lib/python3.7/site-packages/airflow/example_dags/example_dag_decorator.py took 0.104 seconds
[2022-08-22 22:24:47,695] {processor.py:153} INFO - Started process (PID=3655) to work on /home/airflow/.local/lib/python3.7/site-packages/airflow/example_dags/example_dag_decorator.py
[2022-08-22 22:24:47,696] {processor.py:641} INFO - Processing file /home/airflow/.local/lib/python3.7/site-packages/airflow/example_dags/example_dag_decorator.py for tasks to queue
[2022-08-22 22:24:47,696] {logging_mixin.py:115} INFO - [2022-08-22 22:24:47,696] {dagbag.py:508} INFO - Filling up the DagBag from /home/airflow/.local/lib/python3.7/site-packages/airflow/example_dags/example_dag_decorator.py
[2022-08-22 22:24:47,713] {processor.py:651} INFO - DAG(s) dict_keys(['example_dag_decorator']) retrieved from /home/airflow/.local/lib/python3.7/site-packages/airflow/example_dags/example_dag_decorator.py
[2022-08-22 22:24:47,767] {logging_mixin.py:115} INFO - [2022-08-22 22:24:47,767] {dag.py:2420} INFO - Sync 1 DAGs
[2022-08-22 22:24:47,784] {logging_mixin.py:115} INFO - [2022-08-22 22:24:47,784] {dag.py:2972} INFO - Setting next_dagrun for example_dag_decorator to None, run_after=None
[2022-08-22 22:24:47,794] {processor.py:161} INFO - Processing /home/airflow/.local/lib/python3.7/site-packages/airflow/example_dags/example_dag_decorator.py took 0.101 seconds
[2022-08-22 22:25:18,350] {processor.py:153} INFO - Started process (PID=3716) to work on /home/airflow/.local/lib/python3.7/site-packages/airflow/example_dags/example_dag_decorator.py
[2022-08-22 22:25:18,350] {processor.py:641} INFO - Processing file /home/airflow/.local/lib/python3.7/site-packages/airflow/example_dags/example_dag_decorator.py for tasks to queue
[2022-08-22 22:25:18,350] {logging_mixin.py:115} INFO - [2022-08-22 22:25:18,350] {dagbag.py:508} INFO - Filling up the DagBag from /home/airflow/.local/lib/python3.7/site-packages/airflow/example_dags/example_dag_decorator.py
[2022-08-22 22:25:18,368] {processor.py:651} INFO - DAG(s) dict_keys(['example_dag_decorator']) retrieved from /home/airflow/.local/lib/python3.7/site-packages/airflow/example_dags/example_dag_decorator.py
[2022-08-22 22:25:18,421] {logging_mixin.py:115} INFO - [2022-08-22 22:25:18,421] {dag.py:2420} INFO - Sync 1 DAGs
[2022-08-22 22:25:18,437] {logging_mixin.py:115} INFO - [2022-08-22 22:25:18,437] {dag.py:2972} INFO - Setting next_dagrun for example_dag_decorator to None, run_after=None
[2022-08-22 22:25:18,449] {processor.py:161} INFO - Processing /home/airflow/.local/lib/python3.7/site-packages/airflow/example_dags/example_dag_decorator.py took 0.102 seconds
[2022-08-22 22:25:49,081] {processor.py:153} INFO - Started process (PID=3768) to work on /home/airflow/.local/lib/python3.7/site-packages/airflow/example_dags/example_dag_decorator.py
[2022-08-22 22:25:49,082] {processor.py:641} INFO - Processing file /home/airflow/.local/lib/python3.7/site-packages/airflow/example_dags/example_dag_decorator.py for tasks to queue
[2022-08-22 22:25:49,082] {logging_mixin.py:115} INFO - [2022-08-22 22:25:49,082] {dagbag.py:508} INFO - Filling up the DagBag from /home/airflow/.local/lib/python3.7/site-packages/airflow/example_dags/example_dag_decorator.py
[2022-08-22 22:25:49,098] {processor.py:651} INFO - DAG(s) dict_keys(['example_dag_decorator']) retrieved from /home/airflow/.local/lib/python3.7/site-packages/airflow/example_dags/example_dag_decorator.py
[2022-08-22 22:25:49,117] {logging_mixin.py:115} INFO - [2022-08-22 22:25:49,117] {dag.py:2420} INFO - Sync 1 DAGs
[2022-08-22 22:25:49,136] {logging_mixin.py:115} INFO - [2022-08-22 22:25:49,136] {dag.py:2972} INFO - Setting next_dagrun for example_dag_decorator to None, run_after=None
[2022-08-22 22:25:49,147] {processor.py:161} INFO - Processing /home/airflow/.local/lib/python3.7/site-packages/airflow/example_dags/example_dag_decorator.py took 0.068 seconds
[2022-08-22 22:26:19,700] {processor.py:153} INFO - Started process (PID=3829) to work on /home/airflow/.local/lib/python3.7/site-packages/airflow/example_dags/example_dag_decorator.py
[2022-08-22 22:26:19,701] {processor.py:641} INFO - Processing file /home/airflow/.local/lib/python3.7/site-packages/airflow/example_dags/example_dag_decorator.py for tasks to queue
[2022-08-22 22:26:19,701] {logging_mixin.py:115} INFO - [2022-08-22 22:26:19,701] {dagbag.py:508} INFO - Filling up the DagBag from /home/airflow/.local/lib/python3.7/site-packages/airflow/example_dags/example_dag_decorator.py
[2022-08-22 22:26:19,718] {processor.py:651} INFO - DAG(s) dict_keys(['example_dag_decorator']) retrieved from /home/airflow/.local/lib/python3.7/site-packages/airflow/example_dags/example_dag_decorator.py
[2022-08-22 22:26:19,738] {logging_mixin.py:115} INFO - [2022-08-22 22:26:19,738] {dag.py:2420} INFO - Sync 1 DAGs
[2022-08-22 22:26:19,758] {logging_mixin.py:115} INFO - [2022-08-22 22:26:19,758] {dag.py:2972} INFO - Setting next_dagrun for example_dag_decorator to None, run_after=None
[2022-08-22 22:26:19,768] {processor.py:161} INFO - Processing /home/airflow/.local/lib/python3.7/site-packages/airflow/example_dags/example_dag_decorator.py took 0.070 seconds
[2022-08-22 22:26:50,411] {processor.py:153} INFO - Started process (PID=3890) to work on /home/airflow/.local/lib/python3.7/site-packages/airflow/example_dags/example_dag_decorator.py
[2022-08-22 22:26:50,412] {processor.py:641} INFO - Processing file /home/airflow/.local/lib/python3.7/site-packages/airflow/example_dags/example_dag_decorator.py for tasks to queue
[2022-08-22 22:26:50,412] {logging_mixin.py:115} INFO - [2022-08-22 22:26:50,412] {dagbag.py:508} INFO - Filling up the DagBag from /home/airflow/.local/lib/python3.7/site-packages/airflow/example_dags/example_dag_decorator.py
[2022-08-22 22:26:50,430] {processor.py:651} INFO - DAG(s) dict_keys(['example_dag_decorator']) retrieved from /home/airflow/.local/lib/python3.7/site-packages/airflow/example_dags/example_dag_decorator.py
[2022-08-22 22:26:50,489] {logging_mixin.py:115} INFO - [2022-08-22 22:26:50,489] {dag.py:2420} INFO - Sync 1 DAGs
[2022-08-22 22:26:50,508] {logging_mixin.py:115} INFO - [2022-08-22 22:26:50,507] {dag.py:2972} INFO - Setting next_dagrun for example_dag_decorator to None, run_after=None
[2022-08-22 22:26:50,521] {processor.py:161} INFO - Processing /home/airflow/.local/lib/python3.7/site-packages/airflow/example_dags/example_dag_decorator.py took 0.112 seconds
[2022-08-22 22:27:21,307] {processor.py:153} INFO - Started process (PID=3951) to work on /home/airflow/.local/lib/python3.7/site-packages/airflow/example_dags/example_dag_decorator.py
[2022-08-22 22:27:21,308] {processor.py:641} INFO - Processing file /home/airflow/.local/lib/python3.7/site-packages/airflow/example_dags/example_dag_decorator.py for tasks to queue
[2022-08-22 22:27:21,308] {logging_mixin.py:115} INFO - [2022-08-22 22:27:21,308] {dagbag.py:508} INFO - Filling up the DagBag from /home/airflow/.local/lib/python3.7/site-packages/airflow/example_dags/example_dag_decorator.py
[2022-08-22 22:27:21,324] {processor.py:651} INFO - DAG(s) dict_keys(['example_dag_decorator']) retrieved from /home/airflow/.local/lib/python3.7/site-packages/airflow/example_dags/example_dag_decorator.py
[2022-08-22 22:27:21,351] {logging_mixin.py:115} INFO - [2022-08-22 22:27:21,351] {dag.py:2420} INFO - Sync 1 DAGs
[2022-08-22 22:27:21,370] {logging_mixin.py:115} INFO - [2022-08-22 22:27:21,370] {dag.py:2972} INFO - Setting next_dagrun for example_dag_decorator to None, run_after=None
[2022-08-22 22:27:21,379] {processor.py:161} INFO - Processing /home/airflow/.local/lib/python3.7/site-packages/airflow/example_dags/example_dag_decorator.py took 0.074 seconds
[2022-08-22 22:27:51,862] {processor.py:153} INFO - Started process (PID=4003) to work on /home/airflow/.local/lib/python3.7/site-packages/airflow/example_dags/example_dag_decorator.py
[2022-08-22 22:27:51,863] {processor.py:641} INFO - Processing file /home/airflow/.local/lib/python3.7/site-packages/airflow/example_dags/example_dag_decorator.py for tasks to queue
[2022-08-22 22:27:51,863] {logging_mixin.py:115} INFO - [2022-08-22 22:27:51,863] {dagbag.py:508} INFO - Filling up the DagBag from /home/airflow/.local/lib/python3.7/site-packages/airflow/example_dags/example_dag_decorator.py
[2022-08-22 22:27:51,881] {processor.py:651} INFO - DAG(s) dict_keys(['example_dag_decorator']) retrieved from /home/airflow/.local/lib/python3.7/site-packages/airflow/example_dags/example_dag_decorator.py
[2022-08-22 22:27:51,935] {logging_mixin.py:115} INFO - [2022-08-22 22:27:51,935] {dag.py:2420} INFO - Sync 1 DAGs
[2022-08-22 22:27:51,951] {logging_mixin.py:115} INFO - [2022-08-22 22:27:51,951] {dag.py:2972} INFO - Setting next_dagrun for example_dag_decorator to None, run_after=None
[2022-08-22 22:27:51,963] {processor.py:161} INFO - Processing /home/airflow/.local/lib/python3.7/site-packages/airflow/example_dags/example_dag_decorator.py took 0.103 seconds
[2022-08-22 22:28:22,511] {processor.py:153} INFO - Started process (PID=4064) to work on /home/airflow/.local/lib/python3.7/site-packages/airflow/example_dags/example_dag_decorator.py
[2022-08-22 22:28:22,512] {processor.py:641} INFO - Processing file /home/airflow/.local/lib/python3.7/site-packages/airflow/example_dags/example_dag_decorator.py for tasks to queue
[2022-08-22 22:28:22,512] {logging_mixin.py:115} INFO - [2022-08-22 22:28:22,512] {dagbag.py:508} INFO - Filling up the DagBag from /home/airflow/.local/lib/python3.7/site-packages/airflow/example_dags/example_dag_decorator.py
[2022-08-22 22:28:22,532] {processor.py:651} INFO - DAG(s) dict_keys(['example_dag_decorator']) retrieved from /home/airflow/.local/lib/python3.7/site-packages/airflow/example_dags/example_dag_decorator.py
[2022-08-22 22:28:22,550] {logging_mixin.py:115} INFO - [2022-08-22 22:28:22,550] {dag.py:2420} INFO - Sync 1 DAGs
[2022-08-22 22:28:22,568] {logging_mixin.py:115} INFO - [2022-08-22 22:28:22,568] {dag.py:2972} INFO - Setting next_dagrun for example_dag_decorator to None, run_after=None
[2022-08-22 22:28:22,578] {processor.py:161} INFO - Processing /home/airflow/.local/lib/python3.7/site-packages/airflow/example_dags/example_dag_decorator.py took 0.069 seconds
