[2022-08-22 21:53:33,662] {processor.py:153} INFO - Started process (PID=73) to work on /home/airflow/.local/lib/python3.7/site-packages/airflow/example_dags/example_branch_python_dop_operator_3.py
[2022-08-22 21:53:33,663] {processor.py:641} INFO - Processing file /home/airflow/.local/lib/python3.7/site-packages/airflow/example_dags/example_branch_python_dop_operator_3.py for tasks to queue
[2022-08-22 21:53:33,663] {logging_mixin.py:115} INFO - [2022-08-22 21:53:33,663] {dagbag.py:508} INFO - Filling up the DagBag from /home/airflow/.local/lib/python3.7/site-packages/airflow/example_dags/example_branch_python_dop_operator_3.py
[2022-08-22 21:53:33,674] {processor.py:651} INFO - DAG(s) dict_keys(['example_branch_dop_operator_v3']) retrieved from /home/airflow/.local/lib/python3.7/site-packages/airflow/example_dags/example_branch_python_dop_operator_3.py
[2022-08-22 21:53:33,765] {logging_mixin.py:115} INFO - [2022-08-22 21:53:33,765] {manager.py:508} INFO - Created Permission View: can edit on DAG:example_branch_dop_operator_v3
[2022-08-22 21:53:33,778] {logging_mixin.py:115} INFO - [2022-08-22 21:53:33,778] {manager.py:508} INFO - Created Permission View: can read on DAG:example_branch_dop_operator_v3
[2022-08-22 21:53:33,790] {logging_mixin.py:115} INFO - [2022-08-22 21:53:33,790] {manager.py:508} INFO - Created Permission View: can delete on DAG:example_branch_dop_operator_v3
[2022-08-22 21:53:33,790] {logging_mixin.py:115} INFO - [2022-08-22 21:53:33,790] {dag.py:2420} INFO - Sync 1 DAGs
[2022-08-22 21:53:33,801] {logging_mixin.py:115} INFO - [2022-08-22 21:53:33,801] {dag.py:2439} INFO - Creating ORM DAG for example_branch_dop_operator_v3
[2022-08-22 21:53:33,819] {logging_mixin.py:115} INFO - [2022-08-22 21:53:33,819] {dag.py:2972} INFO - Setting next_dagrun for example_branch_dop_operator_v3 to 2022-08-22T21:52:00+00:00, run_after=2022-08-22T21:53:00+00:00
[2022-08-22 21:53:33,834] {processor.py:161} INFO - Processing /home/airflow/.local/lib/python3.7/site-packages/airflow/example_dags/example_branch_python_dop_operator_3.py took 0.177 seconds
[2022-08-22 21:54:04,589] {processor.py:153} INFO - Started process (PID=125) to work on /home/airflow/.local/lib/python3.7/site-packages/airflow/example_dags/example_branch_python_dop_operator_3.py
[2022-08-22 21:54:04,589] {processor.py:641} INFO - Processing file /home/airflow/.local/lib/python3.7/site-packages/airflow/example_dags/example_branch_python_dop_operator_3.py for tasks to queue
[2022-08-22 21:54:04,590] {logging_mixin.py:115} INFO - [2022-08-22 21:54:04,590] {dagbag.py:508} INFO - Filling up the DagBag from /home/airflow/.local/lib/python3.7/site-packages/airflow/example_dags/example_branch_python_dop_operator_3.py
[2022-08-22 21:54:04,600] {processor.py:651} INFO - DAG(s) dict_keys(['example_branch_dop_operator_v3']) retrieved from /home/airflow/.local/lib/python3.7/site-packages/airflow/example_dags/example_branch_python_dop_operator_3.py
[2022-08-22 21:54:04,623] {logging_mixin.py:115} INFO - [2022-08-22 21:54:04,623] {dag.py:2420} INFO - Sync 1 DAGs
[2022-08-22 21:54:04,652] {logging_mixin.py:115} INFO - [2022-08-22 21:54:04,651] {dag.py:2972} INFO - Setting next_dagrun for example_branch_dop_operator_v3 to 2022-08-22T21:53:00+00:00, run_after=2022-08-22T21:54:00+00:00
[2022-08-22 21:54:04,663] {processor.py:161} INFO - Processing /home/airflow/.local/lib/python3.7/site-packages/airflow/example_dags/example_branch_python_dop_operator_3.py took 0.076 seconds
[2022-08-22 21:54:35,496] {processor.py:153} INFO - Started process (PID=186) to work on /home/airflow/.local/lib/python3.7/site-packages/airflow/example_dags/example_branch_python_dop_operator_3.py
[2022-08-22 21:54:35,497] {processor.py:641} INFO - Processing file /home/airflow/.local/lib/python3.7/site-packages/airflow/example_dags/example_branch_python_dop_operator_3.py for tasks to queue
[2022-08-22 21:54:35,497] {logging_mixin.py:115} INFO - [2022-08-22 21:54:35,497] {dagbag.py:508} INFO - Filling up the DagBag from /home/airflow/.local/lib/python3.7/site-packages/airflow/example_dags/example_branch_python_dop_operator_3.py
[2022-08-22 21:54:35,505] {processor.py:651} INFO - DAG(s) dict_keys(['example_branch_dop_operator_v3']) retrieved from /home/airflow/.local/lib/python3.7/site-packages/airflow/example_dags/example_branch_python_dop_operator_3.py
[2022-08-22 21:54:35,528] {logging_mixin.py:115} INFO - [2022-08-22 21:54:35,528] {dag.py:2420} INFO - Sync 1 DAGs
[2022-08-22 21:54:35,553] {logging_mixin.py:115} INFO - [2022-08-22 21:54:35,552] {dag.py:2972} INFO - Setting next_dagrun for example_branch_dop_operator_v3 to 2022-08-22T21:53:00+00:00, run_after=2022-08-22T21:54:00+00:00
[2022-08-22 21:54:35,564] {processor.py:161} INFO - Processing /home/airflow/.local/lib/python3.7/site-packages/airflow/example_dags/example_branch_python_dop_operator_3.py took 0.071 seconds
[2022-08-22 21:55:06,341] {processor.py:153} INFO - Started process (PID=247) to work on /home/airflow/.local/lib/python3.7/site-packages/airflow/example_dags/example_branch_python_dop_operator_3.py
[2022-08-22 21:55:06,342] {processor.py:641} INFO - Processing file /home/airflow/.local/lib/python3.7/site-packages/airflow/example_dags/example_branch_python_dop_operator_3.py for tasks to queue
[2022-08-22 21:55:06,343] {logging_mixin.py:115} INFO - [2022-08-22 21:55:06,342] {dagbag.py:508} INFO - Filling up the DagBag from /home/airflow/.local/lib/python3.7/site-packages/airflow/example_dags/example_branch_python_dop_operator_3.py
[2022-08-22 21:55:06,356] {processor.py:651} INFO - DAG(s) dict_keys(['example_branch_dop_operator_v3']) retrieved from /home/airflow/.local/lib/python3.7/site-packages/airflow/example_dags/example_branch_python_dop_operator_3.py
[2022-08-22 21:55:06,389] {logging_mixin.py:115} INFO - [2022-08-22 21:55:06,389] {dag.py:2420} INFO - Sync 1 DAGs
[2022-08-22 21:55:06,413] {logging_mixin.py:115} INFO - [2022-08-22 21:55:06,413] {dag.py:2972} INFO - Setting next_dagrun for example_branch_dop_operator_v3 to 2022-08-22T21:54:00+00:00, run_after=2022-08-22T21:55:00+00:00
[2022-08-22 21:55:06,425] {processor.py:161} INFO - Processing /home/airflow/.local/lib/python3.7/site-packages/airflow/example_dags/example_branch_python_dop_operator_3.py took 0.089 seconds
[2022-08-22 21:55:37,175] {processor.py:153} INFO - Started process (PID=309) to work on /home/airflow/.local/lib/python3.7/site-packages/airflow/example_dags/example_branch_python_dop_operator_3.py
[2022-08-22 21:55:37,176] {processor.py:641} INFO - Processing file /home/airflow/.local/lib/python3.7/site-packages/airflow/example_dags/example_branch_python_dop_operator_3.py for tasks to queue
[2022-08-22 21:55:37,177] {logging_mixin.py:115} INFO - [2022-08-22 21:55:37,177] {dagbag.py:508} INFO - Filling up the DagBag from /home/airflow/.local/lib/python3.7/site-packages/airflow/example_dags/example_branch_python_dop_operator_3.py
[2022-08-22 21:55:37,187] {processor.py:651} INFO - DAG(s) dict_keys(['example_branch_dop_operator_v3']) retrieved from /home/airflow/.local/lib/python3.7/site-packages/airflow/example_dags/example_branch_python_dop_operator_3.py
[2022-08-22 21:55:37,216] {logging_mixin.py:115} INFO - [2022-08-22 21:55:37,215] {dag.py:2420} INFO - Sync 1 DAGs
[2022-08-22 21:55:37,243] {logging_mixin.py:115} INFO - [2022-08-22 21:55:37,243] {dag.py:2972} INFO - Setting next_dagrun for example_branch_dop_operator_v3 to 2022-08-22T21:54:00+00:00, run_after=2022-08-22T21:55:00+00:00
[2022-08-22 21:55:37,256] {processor.py:161} INFO - Processing /home/airflow/.local/lib/python3.7/site-packages/airflow/example_dags/example_branch_python_dop_operator_3.py took 0.084 seconds
[2022-08-22 21:56:07,997] {processor.py:153} INFO - Started process (PID=361) to work on /home/airflow/.local/lib/python3.7/site-packages/airflow/example_dags/example_branch_python_dop_operator_3.py
[2022-08-22 21:56:07,998] {processor.py:641} INFO - Processing file /home/airflow/.local/lib/python3.7/site-packages/airflow/example_dags/example_branch_python_dop_operator_3.py for tasks to queue
[2022-08-22 21:56:07,999] {logging_mixin.py:115} INFO - [2022-08-22 21:56:07,999] {dagbag.py:508} INFO - Filling up the DagBag from /home/airflow/.local/lib/python3.7/site-packages/airflow/example_dags/example_branch_python_dop_operator_3.py
[2022-08-22 21:56:08,014] {processor.py:651} INFO - DAG(s) dict_keys(['example_branch_dop_operator_v3']) retrieved from /home/airflow/.local/lib/python3.7/site-packages/airflow/example_dags/example_branch_python_dop_operator_3.py
[2022-08-22 21:56:08,040] {logging_mixin.py:115} INFO - [2022-08-22 21:56:08,039] {dag.py:2420} INFO - Sync 1 DAGs
[2022-08-22 21:56:08,064] {logging_mixin.py:115} INFO - [2022-08-22 21:56:08,064] {dag.py:2972} INFO - Setting next_dagrun for example_branch_dop_operator_v3 to 2022-08-22T21:55:00+00:00, run_after=2022-08-22T21:56:00+00:00
[2022-08-22 21:56:08,074] {processor.py:161} INFO - Processing /home/airflow/.local/lib/python3.7/site-packages/airflow/example_dags/example_branch_python_dop_operator_3.py took 0.079 seconds
[2022-08-22 21:56:38,748] {processor.py:153} INFO - Started process (PID=422) to work on /home/airflow/.local/lib/python3.7/site-packages/airflow/example_dags/example_branch_python_dop_operator_3.py
[2022-08-22 21:56:38,749] {processor.py:641} INFO - Processing file /home/airflow/.local/lib/python3.7/site-packages/airflow/example_dags/example_branch_python_dop_operator_3.py for tasks to queue
[2022-08-22 21:56:38,749] {logging_mixin.py:115} INFO - [2022-08-22 21:56:38,749] {dagbag.py:508} INFO - Filling up the DagBag from /home/airflow/.local/lib/python3.7/site-packages/airflow/example_dags/example_branch_python_dop_operator_3.py
[2022-08-22 21:56:38,757] {processor.py:651} INFO - DAG(s) dict_keys(['example_branch_dop_operator_v3']) retrieved from /home/airflow/.local/lib/python3.7/site-packages/airflow/example_dags/example_branch_python_dop_operator_3.py
[2022-08-22 21:56:38,778] {logging_mixin.py:115} INFO - [2022-08-22 21:56:38,778] {dag.py:2420} INFO - Sync 1 DAGs
[2022-08-22 21:56:38,801] {logging_mixin.py:115} INFO - [2022-08-22 21:56:38,801] {dag.py:2972} INFO - Setting next_dagrun for example_branch_dop_operator_v3 to 2022-08-22T21:55:00+00:00, run_after=2022-08-22T21:56:00+00:00
[2022-08-22 21:56:38,811] {processor.py:161} INFO - Processing /home/airflow/.local/lib/python3.7/site-packages/airflow/example_dags/example_branch_python_dop_operator_3.py took 0.064 seconds
[2022-08-22 21:57:09,689] {processor.py:153} INFO - Started process (PID=483) to work on /home/airflow/.local/lib/python3.7/site-packages/airflow/example_dags/example_branch_python_dop_operator_3.py
[2022-08-22 21:57:09,690] {processor.py:641} INFO - Processing file /home/airflow/.local/lib/python3.7/site-packages/airflow/example_dags/example_branch_python_dop_operator_3.py for tasks to queue
[2022-08-22 21:57:09,691] {logging_mixin.py:115} INFO - [2022-08-22 21:57:09,690] {dagbag.py:508} INFO - Filling up the DagBag from /home/airflow/.local/lib/python3.7/site-packages/airflow/example_dags/example_branch_python_dop_operator_3.py
[2022-08-22 21:57:09,699] {processor.py:651} INFO - DAG(s) dict_keys(['example_branch_dop_operator_v3']) retrieved from /home/airflow/.local/lib/python3.7/site-packages/airflow/example_dags/example_branch_python_dop_operator_3.py
[2022-08-22 21:57:09,719] {logging_mixin.py:115} INFO - [2022-08-22 21:57:09,719] {dag.py:2420} INFO - Sync 1 DAGs
[2022-08-22 21:57:09,742] {logging_mixin.py:115} INFO - [2022-08-22 21:57:09,741] {dag.py:2972} INFO - Setting next_dagrun for example_branch_dop_operator_v3 to 2022-08-22T21:56:00+00:00, run_after=2022-08-22T21:57:00+00:00
[2022-08-22 21:57:09,753] {processor.py:161} INFO - Processing /home/airflow/.local/lib/python3.7/site-packages/airflow/example_dags/example_branch_python_dop_operator_3.py took 0.066 seconds
[2022-08-22 21:57:40,537] {processor.py:153} INFO - Started process (PID=535) to work on /home/airflow/.local/lib/python3.7/site-packages/airflow/example_dags/example_branch_python_dop_operator_3.py
[2022-08-22 21:57:40,537] {processor.py:641} INFO - Processing file /home/airflow/.local/lib/python3.7/site-packages/airflow/example_dags/example_branch_python_dop_operator_3.py for tasks to queue
[2022-08-22 21:57:40,537] {logging_mixin.py:115} INFO - [2022-08-22 21:57:40,537] {dagbag.py:508} INFO - Filling up the DagBag from /home/airflow/.local/lib/python3.7/site-packages/airflow/example_dags/example_branch_python_dop_operator_3.py
[2022-08-22 21:57:40,546] {processor.py:651} INFO - DAG(s) dict_keys(['example_branch_dop_operator_v3']) retrieved from /home/airflow/.local/lib/python3.7/site-packages/airflow/example_dags/example_branch_python_dop_operator_3.py
[2022-08-22 21:57:40,568] {logging_mixin.py:115} INFO - [2022-08-22 21:57:40,568] {dag.py:2420} INFO - Sync 1 DAGs
[2022-08-22 21:57:40,594] {logging_mixin.py:115} INFO - [2022-08-22 21:57:40,594] {dag.py:2972} INFO - Setting next_dagrun for example_branch_dop_operator_v3 to 2022-08-22T21:56:00+00:00, run_after=2022-08-22T21:57:00+00:00
[2022-08-22 21:57:40,606] {processor.py:161} INFO - Processing /home/airflow/.local/lib/python3.7/site-packages/airflow/example_dags/example_branch_python_dop_operator_3.py took 0.072 seconds
[2022-08-22 21:58:11,323] {processor.py:153} INFO - Started process (PID=596) to work on /home/airflow/.local/lib/python3.7/site-packages/airflow/example_dags/example_branch_python_dop_operator_3.py
[2022-08-22 21:58:11,324] {processor.py:641} INFO - Processing file /home/airflow/.local/lib/python3.7/site-packages/airflow/example_dags/example_branch_python_dop_operator_3.py for tasks to queue
[2022-08-22 21:58:11,324] {logging_mixin.py:115} INFO - [2022-08-22 21:58:11,324] {dagbag.py:508} INFO - Filling up the DagBag from /home/airflow/.local/lib/python3.7/site-packages/airflow/example_dags/example_branch_python_dop_operator_3.py
[2022-08-22 21:58:11,332] {processor.py:651} INFO - DAG(s) dict_keys(['example_branch_dop_operator_v3']) retrieved from /home/airflow/.local/lib/python3.7/site-packages/airflow/example_dags/example_branch_python_dop_operator_3.py
[2022-08-22 21:58:11,355] {logging_mixin.py:115} INFO - [2022-08-22 21:58:11,355] {dag.py:2420} INFO - Sync 1 DAGs
[2022-08-22 21:58:11,379] {logging_mixin.py:115} INFO - [2022-08-22 21:58:11,379] {dag.py:2972} INFO - Setting next_dagrun for example_branch_dop_operator_v3 to 2022-08-22T21:57:00+00:00, run_after=2022-08-22T21:58:00+00:00
[2022-08-22 21:58:11,389] {processor.py:161} INFO - Processing /home/airflow/.local/lib/python3.7/site-packages/airflow/example_dags/example_branch_python_dop_operator_3.py took 0.068 seconds
[2022-08-22 21:58:42,177] {processor.py:153} INFO - Started process (PID=657) to work on /home/airflow/.local/lib/python3.7/site-packages/airflow/example_dags/example_branch_python_dop_operator_3.py
[2022-08-22 21:58:42,178] {processor.py:641} INFO - Processing file /home/airflow/.local/lib/python3.7/site-packages/airflow/example_dags/example_branch_python_dop_operator_3.py for tasks to queue
[2022-08-22 21:58:42,179] {logging_mixin.py:115} INFO - [2022-08-22 21:58:42,179] {dagbag.py:508} INFO - Filling up the DagBag from /home/airflow/.local/lib/python3.7/site-packages/airflow/example_dags/example_branch_python_dop_operator_3.py
[2022-08-22 21:58:42,195] {processor.py:651} INFO - DAG(s) dict_keys(['example_branch_dop_operator_v3']) retrieved from /home/airflow/.local/lib/python3.7/site-packages/airflow/example_dags/example_branch_python_dop_operator_3.py
[2022-08-22 21:58:42,218] {logging_mixin.py:115} INFO - [2022-08-22 21:58:42,218] {dag.py:2420} INFO - Sync 1 DAGs
[2022-08-22 21:58:42,242] {logging_mixin.py:115} INFO - [2022-08-22 21:58:42,242] {dag.py:2972} INFO - Setting next_dagrun for example_branch_dop_operator_v3 to 2022-08-22T21:57:00+00:00, run_after=2022-08-22T21:58:00+00:00
[2022-08-22 21:58:42,253] {processor.py:161} INFO - Processing /home/airflow/.local/lib/python3.7/site-packages/airflow/example_dags/example_branch_python_dop_operator_3.py took 0.079 seconds
[2022-08-22 21:59:12,922] {processor.py:153} INFO - Started process (PID=718) to work on /home/airflow/.local/lib/python3.7/site-packages/airflow/example_dags/example_branch_python_dop_operator_3.py
[2022-08-22 21:59:12,923] {processor.py:641} INFO - Processing file /home/airflow/.local/lib/python3.7/site-packages/airflow/example_dags/example_branch_python_dop_operator_3.py for tasks to queue
[2022-08-22 21:59:12,923] {logging_mixin.py:115} INFO - [2022-08-22 21:59:12,923] {dagbag.py:508} INFO - Filling up the DagBag from /home/airflow/.local/lib/python3.7/site-packages/airflow/example_dags/example_branch_python_dop_operator_3.py
[2022-08-22 21:59:12,933] {processor.py:651} INFO - DAG(s) dict_keys(['example_branch_dop_operator_v3']) retrieved from /home/airflow/.local/lib/python3.7/site-packages/airflow/example_dags/example_branch_python_dop_operator_3.py
[2022-08-22 21:59:12,962] {logging_mixin.py:115} INFO - [2022-08-22 21:59:12,962] {dag.py:2420} INFO - Sync 1 DAGs
[2022-08-22 21:59:12,989] {logging_mixin.py:115} INFO - [2022-08-22 21:59:12,989] {dag.py:2972} INFO - Setting next_dagrun for example_branch_dop_operator_v3 to 2022-08-22T21:58:00+00:00, run_after=2022-08-22T21:59:00+00:00
[2022-08-22 21:59:13,003] {processor.py:161} INFO - Processing /home/airflow/.local/lib/python3.7/site-packages/airflow/example_dags/example_branch_python_dop_operator_3.py took 0.084 seconds
[2022-08-22 21:59:43,795] {processor.py:153} INFO - Started process (PID=770) to work on /home/airflow/.local/lib/python3.7/site-packages/airflow/example_dags/example_branch_python_dop_operator_3.py
[2022-08-22 21:59:43,796] {processor.py:641} INFO - Processing file /home/airflow/.local/lib/python3.7/site-packages/airflow/example_dags/example_branch_python_dop_operator_3.py for tasks to queue
[2022-08-22 21:59:43,797] {logging_mixin.py:115} INFO - [2022-08-22 21:59:43,796] {dagbag.py:508} INFO - Filling up the DagBag from /home/airflow/.local/lib/python3.7/site-packages/airflow/example_dags/example_branch_python_dop_operator_3.py
[2022-08-22 21:59:43,809] {processor.py:651} INFO - DAG(s) dict_keys(['example_branch_dop_operator_v3']) retrieved from /home/airflow/.local/lib/python3.7/site-packages/airflow/example_dags/example_branch_python_dop_operator_3.py
[2022-08-22 21:59:43,832] {logging_mixin.py:115} INFO - [2022-08-22 21:59:43,832] {dag.py:2420} INFO - Sync 1 DAGs
[2022-08-22 21:59:43,858] {logging_mixin.py:115} INFO - [2022-08-22 21:59:43,857] {dag.py:2972} INFO - Setting next_dagrun for example_branch_dop_operator_v3 to 2022-08-22T21:58:00+00:00, run_after=2022-08-22T21:59:00+00:00
[2022-08-22 21:59:43,868] {processor.py:161} INFO - Processing /home/airflow/.local/lib/python3.7/site-packages/airflow/example_dags/example_branch_python_dop_operator_3.py took 0.075 seconds
[2022-08-22 22:00:14,467] {processor.py:153} INFO - Started process (PID=831) to work on /home/airflow/.local/lib/python3.7/site-packages/airflow/example_dags/example_branch_python_dop_operator_3.py
[2022-08-22 22:00:14,468] {processor.py:641} INFO - Processing file /home/airflow/.local/lib/python3.7/site-packages/airflow/example_dags/example_branch_python_dop_operator_3.py for tasks to queue
[2022-08-22 22:00:14,469] {logging_mixin.py:115} INFO - [2022-08-22 22:00:14,468] {dagbag.py:508} INFO - Filling up the DagBag from /home/airflow/.local/lib/python3.7/site-packages/airflow/example_dags/example_branch_python_dop_operator_3.py
[2022-08-22 22:00:14,477] {processor.py:651} INFO - DAG(s) dict_keys(['example_branch_dop_operator_v3']) retrieved from /home/airflow/.local/lib/python3.7/site-packages/airflow/example_dags/example_branch_python_dop_operator_3.py
[2022-08-22 22:00:14,501] {logging_mixin.py:115} INFO - [2022-08-22 22:00:14,501] {dag.py:2420} INFO - Sync 1 DAGs
[2022-08-22 22:00:14,524] {logging_mixin.py:115} INFO - [2022-08-22 22:00:14,524] {dag.py:2972} INFO - Setting next_dagrun for example_branch_dop_operator_v3 to 2022-08-22T21:59:00+00:00, run_after=2022-08-22T22:00:00+00:00
[2022-08-22 22:00:14,535] {processor.py:161} INFO - Processing /home/airflow/.local/lib/python3.7/site-packages/airflow/example_dags/example_branch_python_dop_operator_3.py took 0.072 seconds
[2022-08-22 22:00:45,361] {processor.py:153} INFO - Started process (PID=892) to work on /home/airflow/.local/lib/python3.7/site-packages/airflow/example_dags/example_branch_python_dop_operator_3.py
[2022-08-22 22:00:45,362] {processor.py:641} INFO - Processing file /home/airflow/.local/lib/python3.7/site-packages/airflow/example_dags/example_branch_python_dop_operator_3.py for tasks to queue
[2022-08-22 22:00:45,362] {logging_mixin.py:115} INFO - [2022-08-22 22:00:45,362] {dagbag.py:508} INFO - Filling up the DagBag from /home/airflow/.local/lib/python3.7/site-packages/airflow/example_dags/example_branch_python_dop_operator_3.py
[2022-08-22 22:00:45,372] {processor.py:651} INFO - DAG(s) dict_keys(['example_branch_dop_operator_v3']) retrieved from /home/airflow/.local/lib/python3.7/site-packages/airflow/example_dags/example_branch_python_dop_operator_3.py
[2022-08-22 22:00:45,394] {logging_mixin.py:115} INFO - [2022-08-22 22:00:45,394] {dag.py:2420} INFO - Sync 1 DAGs
[2022-08-22 22:00:45,420] {logging_mixin.py:115} INFO - [2022-08-22 22:00:45,420] {dag.py:2972} INFO - Setting next_dagrun for example_branch_dop_operator_v3 to 2022-08-22T21:59:00+00:00, run_after=2022-08-22T22:00:00+00:00
[2022-08-22 22:00:45,431] {processor.py:161} INFO - Processing /home/airflow/.local/lib/python3.7/site-packages/airflow/example_dags/example_branch_python_dop_operator_3.py took 0.072 seconds
[2022-08-22 22:01:16,096] {processor.py:153} INFO - Started process (PID=944) to work on /home/airflow/.local/lib/python3.7/site-packages/airflow/example_dags/example_branch_python_dop_operator_3.py
[2022-08-22 22:01:16,096] {processor.py:641} INFO - Processing file /home/airflow/.local/lib/python3.7/site-packages/airflow/example_dags/example_branch_python_dop_operator_3.py for tasks to queue
[2022-08-22 22:01:16,097] {logging_mixin.py:115} INFO - [2022-08-22 22:01:16,097] {dagbag.py:508} INFO - Filling up the DagBag from /home/airflow/.local/lib/python3.7/site-packages/airflow/example_dags/example_branch_python_dop_operator_3.py
[2022-08-22 22:01:16,106] {processor.py:651} INFO - DAG(s) dict_keys(['example_branch_dop_operator_v3']) retrieved from /home/airflow/.local/lib/python3.7/site-packages/airflow/example_dags/example_branch_python_dop_operator_3.py
[2022-08-22 22:01:16,128] {logging_mixin.py:115} INFO - [2022-08-22 22:01:16,128] {dag.py:2420} INFO - Sync 1 DAGs
[2022-08-22 22:01:16,151] {logging_mixin.py:115} INFO - [2022-08-22 22:01:16,151] {dag.py:2972} INFO - Setting next_dagrun for example_branch_dop_operator_v3 to 2022-08-22T22:00:00+00:00, run_after=2022-08-22T22:01:00+00:00
[2022-08-22 22:01:16,162] {processor.py:161} INFO - Processing /home/airflow/.local/lib/python3.7/site-packages/airflow/example_dags/example_branch_python_dop_operator_3.py took 0.068 seconds
[2022-08-22 22:01:46,971] {processor.py:153} INFO - Started process (PID=1005) to work on /home/airflow/.local/lib/python3.7/site-packages/airflow/example_dags/example_branch_python_dop_operator_3.py
[2022-08-22 22:01:46,971] {processor.py:641} INFO - Processing file /home/airflow/.local/lib/python3.7/site-packages/airflow/example_dags/example_branch_python_dop_operator_3.py for tasks to queue
[2022-08-22 22:01:46,972] {logging_mixin.py:115} INFO - [2022-08-22 22:01:46,972] {dagbag.py:508} INFO - Filling up the DagBag from /home/airflow/.local/lib/python3.7/site-packages/airflow/example_dags/example_branch_python_dop_operator_3.py
[2022-08-22 22:01:46,981] {processor.py:651} INFO - DAG(s) dict_keys(['example_branch_dop_operator_v3']) retrieved from /home/airflow/.local/lib/python3.7/site-packages/airflow/example_dags/example_branch_python_dop_operator_3.py
[2022-08-22 22:01:47,008] {logging_mixin.py:115} INFO - [2022-08-22 22:01:47,007] {dag.py:2420} INFO - Sync 1 DAGs
[2022-08-22 22:01:47,041] {logging_mixin.py:115} INFO - [2022-08-22 22:01:47,041] {dag.py:2972} INFO - Setting next_dagrun for example_branch_dop_operator_v3 to 2022-08-22T22:00:00+00:00, run_after=2022-08-22T22:01:00+00:00
[2022-08-22 22:01:47,054] {processor.py:161} INFO - Processing /home/airflow/.local/lib/python3.7/site-packages/airflow/example_dags/example_branch_python_dop_operator_3.py took 0.086 seconds
[2022-08-22 22:02:17,905] {processor.py:153} INFO - Started process (PID=1066) to work on /home/airflow/.local/lib/python3.7/site-packages/airflow/example_dags/example_branch_python_dop_operator_3.py
[2022-08-22 22:02:17,905] {processor.py:641} INFO - Processing file /home/airflow/.local/lib/python3.7/site-packages/airflow/example_dags/example_branch_python_dop_operator_3.py for tasks to queue
[2022-08-22 22:02:17,906] {logging_mixin.py:115} INFO - [2022-08-22 22:02:17,906] {dagbag.py:508} INFO - Filling up the DagBag from /home/airflow/.local/lib/python3.7/site-packages/airflow/example_dags/example_branch_python_dop_operator_3.py
[2022-08-22 22:02:17,915] {processor.py:651} INFO - DAG(s) dict_keys(['example_branch_dop_operator_v3']) retrieved from /home/airflow/.local/lib/python3.7/site-packages/airflow/example_dags/example_branch_python_dop_operator_3.py
[2022-08-22 22:02:17,940] {logging_mixin.py:115} INFO - [2022-08-22 22:02:17,940] {dag.py:2420} INFO - Sync 1 DAGs
[2022-08-22 22:02:17,964] {logging_mixin.py:115} INFO - [2022-08-22 22:02:17,964] {dag.py:2972} INFO - Setting next_dagrun for example_branch_dop_operator_v3 to 2022-08-22T22:01:00+00:00, run_after=2022-08-22T22:02:00+00:00
[2022-08-22 22:02:17,974] {processor.py:161} INFO - Processing /home/airflow/.local/lib/python3.7/site-packages/airflow/example_dags/example_branch_python_dop_operator_3.py took 0.071 seconds
[2022-08-22 22:02:48,654] {processor.py:153} INFO - Started process (PID=1118) to work on /home/airflow/.local/lib/python3.7/site-packages/airflow/example_dags/example_branch_python_dop_operator_3.py
[2022-08-22 22:02:48,655] {processor.py:641} INFO - Processing file /home/airflow/.local/lib/python3.7/site-packages/airflow/example_dags/example_branch_python_dop_operator_3.py for tasks to queue
[2022-08-22 22:02:48,655] {logging_mixin.py:115} INFO - [2022-08-22 22:02:48,655] {dagbag.py:508} INFO - Filling up the DagBag from /home/airflow/.local/lib/python3.7/site-packages/airflow/example_dags/example_branch_python_dop_operator_3.py
[2022-08-22 22:02:48,664] {processor.py:651} INFO - DAG(s) dict_keys(['example_branch_dop_operator_v3']) retrieved from /home/airflow/.local/lib/python3.7/site-packages/airflow/example_dags/example_branch_python_dop_operator_3.py
[2022-08-22 22:02:48,690] {logging_mixin.py:115} INFO - [2022-08-22 22:02:48,690] {dag.py:2420} INFO - Sync 1 DAGs
[2022-08-22 22:02:48,725] {logging_mixin.py:115} INFO - [2022-08-22 22:02:48,725] {dag.py:2972} INFO - Setting next_dagrun for example_branch_dop_operator_v3 to 2022-08-22T22:01:00+00:00, run_after=2022-08-22T22:02:00+00:00
[2022-08-22 22:02:48,742] {processor.py:161} INFO - Processing /home/airflow/.local/lib/python3.7/site-packages/airflow/example_dags/example_branch_python_dop_operator_3.py took 0.090 seconds
[2022-08-22 22:03:19,598] {processor.py:153} INFO - Started process (PID=1179) to work on /home/airflow/.local/lib/python3.7/site-packages/airflow/example_dags/example_branch_python_dop_operator_3.py
[2022-08-22 22:03:19,599] {processor.py:641} INFO - Processing file /home/airflow/.local/lib/python3.7/site-packages/airflow/example_dags/example_branch_python_dop_operator_3.py for tasks to queue
[2022-08-22 22:03:19,599] {logging_mixin.py:115} INFO - [2022-08-22 22:03:19,599] {dagbag.py:508} INFO - Filling up the DagBag from /home/airflow/.local/lib/python3.7/site-packages/airflow/example_dags/example_branch_python_dop_operator_3.py
[2022-08-22 22:03:19,611] {processor.py:651} INFO - DAG(s) dict_keys(['example_branch_dop_operator_v3']) retrieved from /home/airflow/.local/lib/python3.7/site-packages/airflow/example_dags/example_branch_python_dop_operator_3.py
[2022-08-22 22:03:19,636] {logging_mixin.py:115} INFO - [2022-08-22 22:03:19,635] {dag.py:2420} INFO - Sync 1 DAGs
[2022-08-22 22:03:19,659] {logging_mixin.py:115} INFO - [2022-08-22 22:03:19,659] {dag.py:2972} INFO - Setting next_dagrun for example_branch_dop_operator_v3 to 2022-08-22T22:02:00+00:00, run_after=2022-08-22T22:03:00+00:00
[2022-08-22 22:03:19,671] {processor.py:161} INFO - Processing /home/airflow/.local/lib/python3.7/site-packages/airflow/example_dags/example_branch_python_dop_operator_3.py took 0.075 seconds
[2022-08-22 22:03:50,521] {processor.py:153} INFO - Started process (PID=1240) to work on /home/airflow/.local/lib/python3.7/site-packages/airflow/example_dags/example_branch_python_dop_operator_3.py
[2022-08-22 22:03:50,522] {processor.py:641} INFO - Processing file /home/airflow/.local/lib/python3.7/site-packages/airflow/example_dags/example_branch_python_dop_operator_3.py for tasks to queue
[2022-08-22 22:03:50,523] {logging_mixin.py:115} INFO - [2022-08-22 22:03:50,523] {dagbag.py:508} INFO - Filling up the DagBag from /home/airflow/.local/lib/python3.7/site-packages/airflow/example_dags/example_branch_python_dop_operator_3.py
[2022-08-22 22:03:50,536] {processor.py:651} INFO - DAG(s) dict_keys(['example_branch_dop_operator_v3']) retrieved from /home/airflow/.local/lib/python3.7/site-packages/airflow/example_dags/example_branch_python_dop_operator_3.py
[2022-08-22 22:03:50,556] {logging_mixin.py:115} INFO - [2022-08-22 22:03:50,556] {dag.py:2420} INFO - Sync 1 DAGs
[2022-08-22 22:03:50,578] {logging_mixin.py:115} INFO - [2022-08-22 22:03:50,578] {dag.py:2972} INFO - Setting next_dagrun for example_branch_dop_operator_v3 to 2022-08-22T22:02:00+00:00, run_after=2022-08-22T22:03:00+00:00
[2022-08-22 22:03:50,589] {processor.py:161} INFO - Processing /home/airflow/.local/lib/python3.7/site-packages/airflow/example_dags/example_branch_python_dop_operator_3.py took 0.071 seconds
[2022-08-22 22:04:21,244] {processor.py:153} INFO - Started process (PID=1301) to work on /home/airflow/.local/lib/python3.7/site-packages/airflow/example_dags/example_branch_python_dop_operator_3.py
[2022-08-22 22:04:21,245] {processor.py:641} INFO - Processing file /home/airflow/.local/lib/python3.7/site-packages/airflow/example_dags/example_branch_python_dop_operator_3.py for tasks to queue
[2022-08-22 22:04:21,245] {logging_mixin.py:115} INFO - [2022-08-22 22:04:21,245] {dagbag.py:508} INFO - Filling up the DagBag from /home/airflow/.local/lib/python3.7/site-packages/airflow/example_dags/example_branch_python_dop_operator_3.py
[2022-08-22 22:04:21,254] {processor.py:651} INFO - DAG(s) dict_keys(['example_branch_dop_operator_v3']) retrieved from /home/airflow/.local/lib/python3.7/site-packages/airflow/example_dags/example_branch_python_dop_operator_3.py
[2022-08-22 22:04:21,277] {logging_mixin.py:115} INFO - [2022-08-22 22:04:21,277] {dag.py:2420} INFO - Sync 1 DAGs
[2022-08-22 22:04:21,300] {logging_mixin.py:115} INFO - [2022-08-22 22:04:21,300] {dag.py:2972} INFO - Setting next_dagrun for example_branch_dop_operator_v3 to 2022-08-22T22:03:00+00:00, run_after=2022-08-22T22:04:00+00:00
[2022-08-22 22:04:21,311] {processor.py:161} INFO - Processing /home/airflow/.local/lib/python3.7/site-packages/airflow/example_dags/example_branch_python_dop_operator_3.py took 0.069 seconds
[2022-08-22 22:04:51,763] {processor.py:153} INFO - Started process (PID=1353) to work on /home/airflow/.local/lib/python3.7/site-packages/airflow/example_dags/example_branch_python_dop_operator_3.py
[2022-08-22 22:04:51,763] {processor.py:641} INFO - Processing file /home/airflow/.local/lib/python3.7/site-packages/airflow/example_dags/example_branch_python_dop_operator_3.py for tasks to queue
[2022-08-22 22:04:51,764] {logging_mixin.py:115} INFO - [2022-08-22 22:04:51,764] {dagbag.py:508} INFO - Filling up the DagBag from /home/airflow/.local/lib/python3.7/site-packages/airflow/example_dags/example_branch_python_dop_operator_3.py
[2022-08-22 22:04:51,778] {processor.py:651} INFO - DAG(s) dict_keys(['example_branch_dop_operator_v3']) retrieved from /home/airflow/.local/lib/python3.7/site-packages/airflow/example_dags/example_branch_python_dop_operator_3.py
[2022-08-22 22:04:51,809] {logging_mixin.py:115} INFO - [2022-08-22 22:04:51,808] {dag.py:2420} INFO - Sync 1 DAGs
[2022-08-22 22:04:51,831] {logging_mixin.py:115} INFO - [2022-08-22 22:04:51,831] {dag.py:2972} INFO - Setting next_dagrun for example_branch_dop_operator_v3 to 2022-08-22T22:03:00+00:00, run_after=2022-08-22T22:04:00+00:00
[2022-08-22 22:04:51,841] {processor.py:161} INFO - Processing /home/airflow/.local/lib/python3.7/site-packages/airflow/example_dags/example_branch_python_dop_operator_3.py took 0.082 seconds
[2022-08-22 22:05:22,315] {processor.py:153} INFO - Started process (PID=1414) to work on /home/airflow/.local/lib/python3.7/site-packages/airflow/example_dags/example_branch_python_dop_operator_3.py
[2022-08-22 22:05:22,316] {processor.py:641} INFO - Processing file /home/airflow/.local/lib/python3.7/site-packages/airflow/example_dags/example_branch_python_dop_operator_3.py for tasks to queue
[2022-08-22 22:05:22,316] {logging_mixin.py:115} INFO - [2022-08-22 22:05:22,316] {dagbag.py:508} INFO - Filling up the DagBag from /home/airflow/.local/lib/python3.7/site-packages/airflow/example_dags/example_branch_python_dop_operator_3.py
[2022-08-22 22:05:22,328] {processor.py:651} INFO - DAG(s) dict_keys(['example_branch_dop_operator_v3']) retrieved from /home/airflow/.local/lib/python3.7/site-packages/airflow/example_dags/example_branch_python_dop_operator_3.py
[2022-08-22 22:05:22,351] {logging_mixin.py:115} INFO - [2022-08-22 22:05:22,351] {dag.py:2420} INFO - Sync 1 DAGs
[2022-08-22 22:05:22,377] {logging_mixin.py:115} INFO - [2022-08-22 22:05:22,377] {dag.py:2972} INFO - Setting next_dagrun for example_branch_dop_operator_v3 to 2022-08-22T22:04:00+00:00, run_after=2022-08-22T22:05:00+00:00
[2022-08-22 22:05:22,389] {processor.py:161} INFO - Processing /home/airflow/.local/lib/python3.7/site-packages/airflow/example_dags/example_branch_python_dop_operator_3.py took 0.077 seconds
[2022-08-22 22:05:53,099] {processor.py:153} INFO - Started process (PID=1475) to work on /home/airflow/.local/lib/python3.7/site-packages/airflow/example_dags/example_branch_python_dop_operator_3.py
[2022-08-22 22:05:53,099] {processor.py:641} INFO - Processing file /home/airflow/.local/lib/python3.7/site-packages/airflow/example_dags/example_branch_python_dop_operator_3.py for tasks to queue
[2022-08-22 22:05:53,100] {logging_mixin.py:115} INFO - [2022-08-22 22:05:53,100] {dagbag.py:508} INFO - Filling up the DagBag from /home/airflow/.local/lib/python3.7/site-packages/airflow/example_dags/example_branch_python_dop_operator_3.py
[2022-08-22 22:05:53,107] {processor.py:651} INFO - DAG(s) dict_keys(['example_branch_dop_operator_v3']) retrieved from /home/airflow/.local/lib/python3.7/site-packages/airflow/example_dags/example_branch_python_dop_operator_3.py
[2022-08-22 22:05:53,129] {logging_mixin.py:115} INFO - [2022-08-22 22:05:53,129] {dag.py:2420} INFO - Sync 1 DAGs
[2022-08-22 22:05:53,152] {logging_mixin.py:115} INFO - [2022-08-22 22:05:53,152] {dag.py:2972} INFO - Setting next_dagrun for example_branch_dop_operator_v3 to 2022-08-22T22:04:00+00:00, run_after=2022-08-22T22:05:00+00:00
[2022-08-22 22:05:53,165] {processor.py:161} INFO - Processing /home/airflow/.local/lib/python3.7/site-packages/airflow/example_dags/example_branch_python_dop_operator_3.py took 0.068 seconds
[2022-08-22 22:06:23,721] {processor.py:153} INFO - Started process (PID=1536) to work on /home/airflow/.local/lib/python3.7/site-packages/airflow/example_dags/example_branch_python_dop_operator_3.py
[2022-08-22 22:06:23,721] {processor.py:641} INFO - Processing file /home/airflow/.local/lib/python3.7/site-packages/airflow/example_dags/example_branch_python_dop_operator_3.py for tasks to queue
[2022-08-22 22:06:23,722] {logging_mixin.py:115} INFO - [2022-08-22 22:06:23,722] {dagbag.py:508} INFO - Filling up the DagBag from /home/airflow/.local/lib/python3.7/site-packages/airflow/example_dags/example_branch_python_dop_operator_3.py
[2022-08-22 22:06:23,732] {processor.py:651} INFO - DAG(s) dict_keys(['example_branch_dop_operator_v3']) retrieved from /home/airflow/.local/lib/python3.7/site-packages/airflow/example_dags/example_branch_python_dop_operator_3.py
[2022-08-22 22:06:23,754] {logging_mixin.py:115} INFO - [2022-08-22 22:06:23,754] {dag.py:2420} INFO - Sync 1 DAGs
[2022-08-22 22:06:23,778] {logging_mixin.py:115} INFO - [2022-08-22 22:06:23,778] {dag.py:2972} INFO - Setting next_dagrun for example_branch_dop_operator_v3 to 2022-08-22T22:05:00+00:00, run_after=2022-08-22T22:06:00+00:00
[2022-08-22 22:06:23,792] {processor.py:161} INFO - Processing /home/airflow/.local/lib/python3.7/site-packages/airflow/example_dags/example_branch_python_dop_operator_3.py took 0.074 seconds
[2022-08-22 22:06:54,392] {processor.py:153} INFO - Started process (PID=1588) to work on /home/airflow/.local/lib/python3.7/site-packages/airflow/example_dags/example_branch_python_dop_operator_3.py
[2022-08-22 22:06:54,392] {processor.py:641} INFO - Processing file /home/airflow/.local/lib/python3.7/site-packages/airflow/example_dags/example_branch_python_dop_operator_3.py for tasks to queue
[2022-08-22 22:06:54,393] {logging_mixin.py:115} INFO - [2022-08-22 22:06:54,393] {dagbag.py:508} INFO - Filling up the DagBag from /home/airflow/.local/lib/python3.7/site-packages/airflow/example_dags/example_branch_python_dop_operator_3.py
[2022-08-22 22:06:54,408] {processor.py:651} INFO - DAG(s) dict_keys(['example_branch_dop_operator_v3']) retrieved from /home/airflow/.local/lib/python3.7/site-packages/airflow/example_dags/example_branch_python_dop_operator_3.py
[2022-08-22 22:06:54,429] {logging_mixin.py:115} INFO - [2022-08-22 22:06:54,429] {dag.py:2420} INFO - Sync 1 DAGs
[2022-08-22 22:06:54,449] {logging_mixin.py:115} INFO - [2022-08-22 22:06:54,449] {dag.py:2972} INFO - Setting next_dagrun for example_branch_dop_operator_v3 to 2022-08-22T22:05:00+00:00, run_after=2022-08-22T22:06:00+00:00
[2022-08-22 22:06:54,458] {processor.py:161} INFO - Processing /home/airflow/.local/lib/python3.7/site-packages/airflow/example_dags/example_branch_python_dop_operator_3.py took 0.071 seconds
[2022-08-22 22:07:24,988] {processor.py:153} INFO - Started process (PID=1649) to work on /home/airflow/.local/lib/python3.7/site-packages/airflow/example_dags/example_branch_python_dop_operator_3.py
[2022-08-22 22:07:24,988] {processor.py:641} INFO - Processing file /home/airflow/.local/lib/python3.7/site-packages/airflow/example_dags/example_branch_python_dop_operator_3.py for tasks to queue
[2022-08-22 22:07:24,989] {logging_mixin.py:115} INFO - [2022-08-22 22:07:24,989] {dagbag.py:508} INFO - Filling up the DagBag from /home/airflow/.local/lib/python3.7/site-packages/airflow/example_dags/example_branch_python_dop_operator_3.py
[2022-08-22 22:07:25,003] {processor.py:651} INFO - DAG(s) dict_keys(['example_branch_dop_operator_v3']) retrieved from /home/airflow/.local/lib/python3.7/site-packages/airflow/example_dags/example_branch_python_dop_operator_3.py
[2022-08-22 22:07:25,026] {logging_mixin.py:115} INFO - [2022-08-22 22:07:25,026] {dag.py:2420} INFO - Sync 1 DAGs
[2022-08-22 22:07:25,048] {logging_mixin.py:115} INFO - [2022-08-22 22:07:25,048] {dag.py:2972} INFO - Setting next_dagrun for example_branch_dop_operator_v3 to 2022-08-22T22:06:00+00:00, run_after=2022-08-22T22:07:00+00:00
[2022-08-22 22:07:25,058] {processor.py:161} INFO - Processing /home/airflow/.local/lib/python3.7/site-packages/airflow/example_dags/example_branch_python_dop_operator_3.py took 0.074 seconds
[2022-08-22 22:07:55,761] {processor.py:153} INFO - Started process (PID=1710) to work on /home/airflow/.local/lib/python3.7/site-packages/airflow/example_dags/example_branch_python_dop_operator_3.py
[2022-08-22 22:07:55,762] {processor.py:641} INFO - Processing file /home/airflow/.local/lib/python3.7/site-packages/airflow/example_dags/example_branch_python_dop_operator_3.py for tasks to queue
[2022-08-22 22:07:55,763] {logging_mixin.py:115} INFO - [2022-08-22 22:07:55,763] {dagbag.py:508} INFO - Filling up the DagBag from /home/airflow/.local/lib/python3.7/site-packages/airflow/example_dags/example_branch_python_dop_operator_3.py
[2022-08-22 22:07:55,777] {processor.py:651} INFO - DAG(s) dict_keys(['example_branch_dop_operator_v3']) retrieved from /home/airflow/.local/lib/python3.7/site-packages/airflow/example_dags/example_branch_python_dop_operator_3.py
[2022-08-22 22:07:55,796] {logging_mixin.py:115} INFO - [2022-08-22 22:07:55,796] {dag.py:2420} INFO - Sync 1 DAGs
[2022-08-22 22:07:55,819] {logging_mixin.py:115} INFO - [2022-08-22 22:07:55,818] {dag.py:2972} INFO - Setting next_dagrun for example_branch_dop_operator_v3 to 2022-08-22T22:06:00+00:00, run_after=2022-08-22T22:07:00+00:00
[2022-08-22 22:07:55,828] {processor.py:161} INFO - Processing /home/airflow/.local/lib/python3.7/site-packages/airflow/example_dags/example_branch_python_dop_operator_3.py took 0.070 seconds
[2022-08-22 22:08:26,294] {processor.py:153} INFO - Started process (PID=1762) to work on /home/airflow/.local/lib/python3.7/site-packages/airflow/example_dags/example_branch_python_dop_operator_3.py
[2022-08-22 22:08:26,295] {processor.py:641} INFO - Processing file /home/airflow/.local/lib/python3.7/site-packages/airflow/example_dags/example_branch_python_dop_operator_3.py for tasks to queue
[2022-08-22 22:08:26,295] {logging_mixin.py:115} INFO - [2022-08-22 22:08:26,295] {dagbag.py:508} INFO - Filling up the DagBag from /home/airflow/.local/lib/python3.7/site-packages/airflow/example_dags/example_branch_python_dop_operator_3.py
[2022-08-22 22:08:26,304] {processor.py:651} INFO - DAG(s) dict_keys(['example_branch_dop_operator_v3']) retrieved from /home/airflow/.local/lib/python3.7/site-packages/airflow/example_dags/example_branch_python_dop_operator_3.py
[2022-08-22 22:08:26,326] {logging_mixin.py:115} INFO - [2022-08-22 22:08:26,326] {dag.py:2420} INFO - Sync 1 DAGs
[2022-08-22 22:08:26,349] {logging_mixin.py:115} INFO - [2022-08-22 22:08:26,348] {dag.py:2972} INFO - Setting next_dagrun for example_branch_dop_operator_v3 to 2022-08-22T22:07:00+00:00, run_after=2022-08-22T22:08:00+00:00
[2022-08-22 22:08:26,358] {processor.py:161} INFO - Processing /home/airflow/.local/lib/python3.7/site-packages/airflow/example_dags/example_branch_python_dop_operator_3.py took 0.066 seconds
[2022-08-22 22:08:57,173] {processor.py:153} INFO - Started process (PID=1823) to work on /home/airflow/.local/lib/python3.7/site-packages/airflow/example_dags/example_branch_python_dop_operator_3.py
[2022-08-22 22:08:57,174] {processor.py:641} INFO - Processing file /home/airflow/.local/lib/python3.7/site-packages/airflow/example_dags/example_branch_python_dop_operator_3.py for tasks to queue
[2022-08-22 22:08:57,174] {logging_mixin.py:115} INFO - [2022-08-22 22:08:57,174] {dagbag.py:508} INFO - Filling up the DagBag from /home/airflow/.local/lib/python3.7/site-packages/airflow/example_dags/example_branch_python_dop_operator_3.py
[2022-08-22 22:08:57,182] {processor.py:651} INFO - DAG(s) dict_keys(['example_branch_dop_operator_v3']) retrieved from /home/airflow/.local/lib/python3.7/site-packages/airflow/example_dags/example_branch_python_dop_operator_3.py
[2022-08-22 22:08:57,202] {logging_mixin.py:115} INFO - [2022-08-22 22:08:57,202] {dag.py:2420} INFO - Sync 1 DAGs
[2022-08-22 22:08:57,223] {logging_mixin.py:115} INFO - [2022-08-22 22:08:57,223] {dag.py:2972} INFO - Setting next_dagrun for example_branch_dop_operator_v3 to 2022-08-22T22:07:00+00:00, run_after=2022-08-22T22:08:00+00:00
[2022-08-22 22:08:57,233] {processor.py:161} INFO - Processing /home/airflow/.local/lib/python3.7/site-packages/airflow/example_dags/example_branch_python_dop_operator_3.py took 0.061 seconds
[2022-08-22 22:09:27,729] {processor.py:153} INFO - Started process (PID=1884) to work on /home/airflow/.local/lib/python3.7/site-packages/airflow/example_dags/example_branch_python_dop_operator_3.py
[2022-08-22 22:09:27,729] {processor.py:641} INFO - Processing file /home/airflow/.local/lib/python3.7/site-packages/airflow/example_dags/example_branch_python_dop_operator_3.py for tasks to queue
[2022-08-22 22:09:27,730] {logging_mixin.py:115} INFO - [2022-08-22 22:09:27,730] {dagbag.py:508} INFO - Filling up the DagBag from /home/airflow/.local/lib/python3.7/site-packages/airflow/example_dags/example_branch_python_dop_operator_3.py
[2022-08-22 22:09:27,738] {processor.py:651} INFO - DAG(s) dict_keys(['example_branch_dop_operator_v3']) retrieved from /home/airflow/.local/lib/python3.7/site-packages/airflow/example_dags/example_branch_python_dop_operator_3.py
[2022-08-22 22:09:27,760] {logging_mixin.py:115} INFO - [2022-08-22 22:09:27,760] {dag.py:2420} INFO - Sync 1 DAGs
[2022-08-22 22:09:27,782] {logging_mixin.py:115} INFO - [2022-08-22 22:09:27,782] {dag.py:2972} INFO - Setting next_dagrun for example_branch_dop_operator_v3 to 2022-08-22T22:08:00+00:00, run_after=2022-08-22T22:09:00+00:00
[2022-08-22 22:09:27,792] {processor.py:161} INFO - Processing /home/airflow/.local/lib/python3.7/site-packages/airflow/example_dags/example_branch_python_dop_operator_3.py took 0.066 seconds
[2022-08-22 22:09:58,425] {processor.py:153} INFO - Started process (PID=1945) to work on /home/airflow/.local/lib/python3.7/site-packages/airflow/example_dags/example_branch_python_dop_operator_3.py
[2022-08-22 22:09:58,426] {processor.py:641} INFO - Processing file /home/airflow/.local/lib/python3.7/site-packages/airflow/example_dags/example_branch_python_dop_operator_3.py for tasks to queue
[2022-08-22 22:09:58,426] {logging_mixin.py:115} INFO - [2022-08-22 22:09:58,426] {dagbag.py:508} INFO - Filling up the DagBag from /home/airflow/.local/lib/python3.7/site-packages/airflow/example_dags/example_branch_python_dop_operator_3.py
[2022-08-22 22:09:58,434] {processor.py:651} INFO - DAG(s) dict_keys(['example_branch_dop_operator_v3']) retrieved from /home/airflow/.local/lib/python3.7/site-packages/airflow/example_dags/example_branch_python_dop_operator_3.py
[2022-08-22 22:09:58,454] {logging_mixin.py:115} INFO - [2022-08-22 22:09:58,453] {dag.py:2420} INFO - Sync 1 DAGs
[2022-08-22 22:09:58,475] {logging_mixin.py:115} INFO - [2022-08-22 22:09:58,475] {dag.py:2972} INFO - Setting next_dagrun for example_branch_dop_operator_v3 to 2022-08-22T22:08:00+00:00, run_after=2022-08-22T22:09:00+00:00
[2022-08-22 22:09:58,485] {processor.py:161} INFO - Processing /home/airflow/.local/lib/python3.7/site-packages/airflow/example_dags/example_branch_python_dop_operator_3.py took 0.063 seconds
[2022-08-22 22:10:29,137] {processor.py:153} INFO - Started process (PID=1997) to work on /home/airflow/.local/lib/python3.7/site-packages/airflow/example_dags/example_branch_python_dop_operator_3.py
[2022-08-22 22:10:29,138] {processor.py:641} INFO - Processing file /home/airflow/.local/lib/python3.7/site-packages/airflow/example_dags/example_branch_python_dop_operator_3.py for tasks to queue
[2022-08-22 22:10:29,138] {logging_mixin.py:115} INFO - [2022-08-22 22:10:29,138] {dagbag.py:508} INFO - Filling up the DagBag from /home/airflow/.local/lib/python3.7/site-packages/airflow/example_dags/example_branch_python_dop_operator_3.py
[2022-08-22 22:10:29,151] {processor.py:651} INFO - DAG(s) dict_keys(['example_branch_dop_operator_v3']) retrieved from /home/airflow/.local/lib/python3.7/site-packages/airflow/example_dags/example_branch_python_dop_operator_3.py
[2022-08-22 22:10:29,184] {logging_mixin.py:115} INFO - [2022-08-22 22:10:29,184] {dag.py:2420} INFO - Sync 1 DAGs
[2022-08-22 22:10:29,207] {logging_mixin.py:115} INFO - [2022-08-22 22:10:29,206] {dag.py:2972} INFO - Setting next_dagrun for example_branch_dop_operator_v3 to 2022-08-22T22:09:00+00:00, run_after=2022-08-22T22:10:00+00:00
[2022-08-22 22:10:29,217] {processor.py:161} INFO - Processing /home/airflow/.local/lib/python3.7/site-packages/airflow/example_dags/example_branch_python_dop_operator_3.py took 0.084 seconds
[2022-08-22 22:10:59,821] {processor.py:153} INFO - Started process (PID=2058) to work on /home/airflow/.local/lib/python3.7/site-packages/airflow/example_dags/example_branch_python_dop_operator_3.py
[2022-08-22 22:10:59,821] {processor.py:641} INFO - Processing file /home/airflow/.local/lib/python3.7/site-packages/airflow/example_dags/example_branch_python_dop_operator_3.py for tasks to queue
[2022-08-22 22:10:59,821] {logging_mixin.py:115} INFO - [2022-08-22 22:10:59,821] {dagbag.py:508} INFO - Filling up the DagBag from /home/airflow/.local/lib/python3.7/site-packages/airflow/example_dags/example_branch_python_dop_operator_3.py
[2022-08-22 22:10:59,829] {processor.py:651} INFO - DAG(s) dict_keys(['example_branch_dop_operator_v3']) retrieved from /home/airflow/.local/lib/python3.7/site-packages/airflow/example_dags/example_branch_python_dop_operator_3.py
[2022-08-22 22:10:59,847] {logging_mixin.py:115} INFO - [2022-08-22 22:10:59,847] {dag.py:2420} INFO - Sync 1 DAGs
[2022-08-22 22:10:59,868] {logging_mixin.py:115} INFO - [2022-08-22 22:10:59,868] {dag.py:2972} INFO - Setting next_dagrun for example_branch_dop_operator_v3 to 2022-08-22T22:09:00+00:00, run_after=2022-08-22T22:10:00+00:00
[2022-08-22 22:10:59,877] {processor.py:161} INFO - Processing /home/airflow/.local/lib/python3.7/site-packages/airflow/example_dags/example_branch_python_dop_operator_3.py took 0.058 seconds
[2022-08-22 22:11:30,397] {processor.py:153} INFO - Started process (PID=2118) to work on /home/airflow/.local/lib/python3.7/site-packages/airflow/example_dags/example_branch_python_dop_operator_3.py
[2022-08-22 22:11:30,398] {processor.py:641} INFO - Processing file /home/airflow/.local/lib/python3.7/site-packages/airflow/example_dags/example_branch_python_dop_operator_3.py for tasks to queue
[2022-08-22 22:11:30,398] {logging_mixin.py:115} INFO - [2022-08-22 22:11:30,398] {dagbag.py:508} INFO - Filling up the DagBag from /home/airflow/.local/lib/python3.7/site-packages/airflow/example_dags/example_branch_python_dop_operator_3.py
[2022-08-22 22:11:30,406] {processor.py:651} INFO - DAG(s) dict_keys(['example_branch_dop_operator_v3']) retrieved from /home/airflow/.local/lib/python3.7/site-packages/airflow/example_dags/example_branch_python_dop_operator_3.py
[2022-08-22 22:11:30,426] {logging_mixin.py:115} INFO - [2022-08-22 22:11:30,426] {dag.py:2420} INFO - Sync 1 DAGs
[2022-08-22 22:11:30,448] {logging_mixin.py:115} INFO - [2022-08-22 22:11:30,448] {dag.py:2972} INFO - Setting next_dagrun for example_branch_dop_operator_v3 to 2022-08-22T22:10:00+00:00, run_after=2022-08-22T22:11:00+00:00
[2022-08-22 22:11:30,458] {processor.py:161} INFO - Processing /home/airflow/.local/lib/python3.7/site-packages/airflow/example_dags/example_branch_python_dop_operator_3.py took 0.063 seconds
[2022-08-22 22:12:00,940] {processor.py:153} INFO - Started process (PID=2179) to work on /home/airflow/.local/lib/python3.7/site-packages/airflow/example_dags/example_branch_python_dop_operator_3.py
[2022-08-22 22:12:00,941] {processor.py:641} INFO - Processing file /home/airflow/.local/lib/python3.7/site-packages/airflow/example_dags/example_branch_python_dop_operator_3.py for tasks to queue
[2022-08-22 22:12:00,942] {logging_mixin.py:115} INFO - [2022-08-22 22:12:00,942] {dagbag.py:508} INFO - Filling up the DagBag from /home/airflow/.local/lib/python3.7/site-packages/airflow/example_dags/example_branch_python_dop_operator_3.py
[2022-08-22 22:12:00,957] {processor.py:651} INFO - DAG(s) dict_keys(['example_branch_dop_operator_v3']) retrieved from /home/airflow/.local/lib/python3.7/site-packages/airflow/example_dags/example_branch_python_dop_operator_3.py
[2022-08-22 22:12:00,982] {logging_mixin.py:115} INFO - [2022-08-22 22:12:00,982] {dag.py:2420} INFO - Sync 1 DAGs
[2022-08-22 22:12:01,008] {logging_mixin.py:115} INFO - [2022-08-22 22:12:01,008] {dag.py:2972} INFO - Setting next_dagrun for example_branch_dop_operator_v3 to 2022-08-22T22:11:00+00:00, run_after=2022-08-22T22:12:00+00:00
[2022-08-22 22:12:01,017] {processor.py:161} INFO - Processing /home/airflow/.local/lib/python3.7/site-packages/airflow/example_dags/example_branch_python_dop_operator_3.py took 0.081 seconds
[2022-08-22 22:12:31,495] {processor.py:153} INFO - Started process (PID=2231) to work on /home/airflow/.local/lib/python3.7/site-packages/airflow/example_dags/example_branch_python_dop_operator_3.py
[2022-08-22 22:12:31,496] {processor.py:641} INFO - Processing file /home/airflow/.local/lib/python3.7/site-packages/airflow/example_dags/example_branch_python_dop_operator_3.py for tasks to queue
[2022-08-22 22:12:31,497] {logging_mixin.py:115} INFO - [2022-08-22 22:12:31,497] {dagbag.py:508} INFO - Filling up the DagBag from /home/airflow/.local/lib/python3.7/site-packages/airflow/example_dags/example_branch_python_dop_operator_3.py
[2022-08-22 22:12:31,511] {processor.py:651} INFO - DAG(s) dict_keys(['example_branch_dop_operator_v3']) retrieved from /home/airflow/.local/lib/python3.7/site-packages/airflow/example_dags/example_branch_python_dop_operator_3.py
[2022-08-22 22:12:31,542] {logging_mixin.py:115} INFO - [2022-08-22 22:12:31,542] {dag.py:2420} INFO - Sync 1 DAGs
[2022-08-22 22:12:31,571] {logging_mixin.py:115} INFO - [2022-08-22 22:12:31,571] {dag.py:2972} INFO - Setting next_dagrun for example_branch_dop_operator_v3 to 2022-08-22T22:11:00+00:00, run_after=2022-08-22T22:12:00+00:00
[2022-08-22 22:12:31,581] {processor.py:161} INFO - Processing /home/airflow/.local/lib/python3.7/site-packages/airflow/example_dags/example_branch_python_dop_operator_3.py took 0.089 seconds
[2022-08-22 22:13:02,112] {processor.py:153} INFO - Started process (PID=2292) to work on /home/airflow/.local/lib/python3.7/site-packages/airflow/example_dags/example_branch_python_dop_operator_3.py
[2022-08-22 22:13:02,113] {processor.py:641} INFO - Processing file /home/airflow/.local/lib/python3.7/site-packages/airflow/example_dags/example_branch_python_dop_operator_3.py for tasks to queue
[2022-08-22 22:13:02,113] {logging_mixin.py:115} INFO - [2022-08-22 22:13:02,113] {dagbag.py:508} INFO - Filling up the DagBag from /home/airflow/.local/lib/python3.7/site-packages/airflow/example_dags/example_branch_python_dop_operator_3.py
[2022-08-22 22:13:02,127] {processor.py:651} INFO - DAG(s) dict_keys(['example_branch_dop_operator_v3']) retrieved from /home/airflow/.local/lib/python3.7/site-packages/airflow/example_dags/example_branch_python_dop_operator_3.py
[2022-08-22 22:13:02,160] {logging_mixin.py:115} INFO - [2022-08-22 22:13:02,159] {dag.py:2420} INFO - Sync 1 DAGs
[2022-08-22 22:13:02,186] {logging_mixin.py:115} INFO - [2022-08-22 22:13:02,186] {dag.py:2972} INFO - Setting next_dagrun for example_branch_dop_operator_v3 to 2022-08-22T22:12:00+00:00, run_after=2022-08-22T22:13:00+00:00
[2022-08-22 22:13:02,197] {processor.py:161} INFO - Processing /home/airflow/.local/lib/python3.7/site-packages/airflow/example_dags/example_branch_python_dop_operator_3.py took 0.088 seconds
[2022-08-22 22:13:32,733] {processor.py:153} INFO - Started process (PID=2353) to work on /home/airflow/.local/lib/python3.7/site-packages/airflow/example_dags/example_branch_python_dop_operator_3.py
[2022-08-22 22:13:32,733] {processor.py:641} INFO - Processing file /home/airflow/.local/lib/python3.7/site-packages/airflow/example_dags/example_branch_python_dop_operator_3.py for tasks to queue
[2022-08-22 22:13:32,734] {logging_mixin.py:115} INFO - [2022-08-22 22:13:32,734] {dagbag.py:508} INFO - Filling up the DagBag from /home/airflow/.local/lib/python3.7/site-packages/airflow/example_dags/example_branch_python_dop_operator_3.py
[2022-08-22 22:13:32,741] {processor.py:651} INFO - DAG(s) dict_keys(['example_branch_dop_operator_v3']) retrieved from /home/airflow/.local/lib/python3.7/site-packages/airflow/example_dags/example_branch_python_dop_operator_3.py
[2022-08-22 22:13:32,758] {logging_mixin.py:115} INFO - [2022-08-22 22:13:32,758] {dag.py:2420} INFO - Sync 1 DAGs
[2022-08-22 22:13:32,779] {logging_mixin.py:115} INFO - [2022-08-22 22:13:32,779] {dag.py:2972} INFO - Setting next_dagrun for example_branch_dop_operator_v3 to 2022-08-22T22:12:00+00:00, run_after=2022-08-22T22:13:00+00:00
[2022-08-22 22:13:32,789] {processor.py:161} INFO - Processing /home/airflow/.local/lib/python3.7/site-packages/airflow/example_dags/example_branch_python_dop_operator_3.py took 0.058 seconds
[2022-08-22 22:14:03,421] {processor.py:153} INFO - Started process (PID=2414) to work on /home/airflow/.local/lib/python3.7/site-packages/airflow/example_dags/example_branch_python_dop_operator_3.py
[2022-08-22 22:14:03,421] {processor.py:641} INFO - Processing file /home/airflow/.local/lib/python3.7/site-packages/airflow/example_dags/example_branch_python_dop_operator_3.py for tasks to queue
[2022-08-22 22:14:03,422] {logging_mixin.py:115} INFO - [2022-08-22 22:14:03,422] {dagbag.py:508} INFO - Filling up the DagBag from /home/airflow/.local/lib/python3.7/site-packages/airflow/example_dags/example_branch_python_dop_operator_3.py
[2022-08-22 22:14:03,437] {processor.py:651} INFO - DAG(s) dict_keys(['example_branch_dop_operator_v3']) retrieved from /home/airflow/.local/lib/python3.7/site-packages/airflow/example_dags/example_branch_python_dop_operator_3.py
[2022-08-22 22:14:03,462] {logging_mixin.py:115} INFO - [2022-08-22 22:14:03,462] {dag.py:2420} INFO - Sync 1 DAGs
[2022-08-22 22:14:03,486] {logging_mixin.py:115} INFO - [2022-08-22 22:14:03,486] {dag.py:2972} INFO - Setting next_dagrun for example_branch_dop_operator_v3 to 2022-08-22T22:13:00+00:00, run_after=2022-08-22T22:14:00+00:00
[2022-08-22 22:14:03,498] {processor.py:161} INFO - Processing /home/airflow/.local/lib/python3.7/site-packages/airflow/example_dags/example_branch_python_dop_operator_3.py took 0.081 seconds
[2022-08-22 22:14:34,018] {processor.py:153} INFO - Started process (PID=2466) to work on /home/airflow/.local/lib/python3.7/site-packages/airflow/example_dags/example_branch_python_dop_operator_3.py
[2022-08-22 22:14:34,019] {processor.py:641} INFO - Processing file /home/airflow/.local/lib/python3.7/site-packages/airflow/example_dags/example_branch_python_dop_operator_3.py for tasks to queue
[2022-08-22 22:14:34,019] {logging_mixin.py:115} INFO - [2022-08-22 22:14:34,019] {dagbag.py:508} INFO - Filling up the DagBag from /home/airflow/.local/lib/python3.7/site-packages/airflow/example_dags/example_branch_python_dop_operator_3.py
[2022-08-22 22:14:34,026] {processor.py:651} INFO - DAG(s) dict_keys(['example_branch_dop_operator_v3']) retrieved from /home/airflow/.local/lib/python3.7/site-packages/airflow/example_dags/example_branch_python_dop_operator_3.py
[2022-08-22 22:14:34,046] {logging_mixin.py:115} INFO - [2022-08-22 22:14:34,046] {dag.py:2420} INFO - Sync 1 DAGs
[2022-08-22 22:14:34,067] {logging_mixin.py:115} INFO - [2022-08-22 22:14:34,067] {dag.py:2972} INFO - Setting next_dagrun for example_branch_dop_operator_v3 to 2022-08-22T22:13:00+00:00, run_after=2022-08-22T22:14:00+00:00
[2022-08-22 22:14:34,076] {processor.py:161} INFO - Processing /home/airflow/.local/lib/python3.7/site-packages/airflow/example_dags/example_branch_python_dop_operator_3.py took 0.060 seconds
[2022-08-22 22:15:04,587] {processor.py:153} INFO - Started process (PID=2527) to work on /home/airflow/.local/lib/python3.7/site-packages/airflow/example_dags/example_branch_python_dop_operator_3.py
[2022-08-22 22:15:04,588] {processor.py:641} INFO - Processing file /home/airflow/.local/lib/python3.7/site-packages/airflow/example_dags/example_branch_python_dop_operator_3.py for tasks to queue
[2022-08-22 22:15:04,588] {logging_mixin.py:115} INFO - [2022-08-22 22:15:04,588] {dagbag.py:508} INFO - Filling up the DagBag from /home/airflow/.local/lib/python3.7/site-packages/airflow/example_dags/example_branch_python_dop_operator_3.py
[2022-08-22 22:15:04,603] {processor.py:651} INFO - DAG(s) dict_keys(['example_branch_dop_operator_v3']) retrieved from /home/airflow/.local/lib/python3.7/site-packages/airflow/example_dags/example_branch_python_dop_operator_3.py
[2022-08-22 22:15:04,625] {logging_mixin.py:115} INFO - [2022-08-22 22:15:04,625] {dag.py:2420} INFO - Sync 1 DAGs
[2022-08-22 22:15:04,649] {logging_mixin.py:115} INFO - [2022-08-22 22:15:04,649] {dag.py:2972} INFO - Setting next_dagrun for example_branch_dop_operator_v3 to 2022-08-22T22:14:00+00:00, run_after=2022-08-22T22:15:00+00:00
[2022-08-22 22:15:04,660] {processor.py:161} INFO - Processing /home/airflow/.local/lib/python3.7/site-packages/airflow/example_dags/example_branch_python_dop_operator_3.py took 0.078 seconds
[2022-08-22 22:15:35,303] {processor.py:153} INFO - Started process (PID=2588) to work on /home/airflow/.local/lib/python3.7/site-packages/airflow/example_dags/example_branch_python_dop_operator_3.py
[2022-08-22 22:15:35,303] {processor.py:641} INFO - Processing file /home/airflow/.local/lib/python3.7/site-packages/airflow/example_dags/example_branch_python_dop_operator_3.py for tasks to queue
[2022-08-22 22:15:35,304] {logging_mixin.py:115} INFO - [2022-08-22 22:15:35,304] {dagbag.py:508} INFO - Filling up the DagBag from /home/airflow/.local/lib/python3.7/site-packages/airflow/example_dags/example_branch_python_dop_operator_3.py
[2022-08-22 22:15:35,311] {processor.py:651} INFO - DAG(s) dict_keys(['example_branch_dop_operator_v3']) retrieved from /home/airflow/.local/lib/python3.7/site-packages/airflow/example_dags/example_branch_python_dop_operator_3.py
[2022-08-22 22:15:35,331] {logging_mixin.py:115} INFO - [2022-08-22 22:15:35,331] {dag.py:2420} INFO - Sync 1 DAGs
[2022-08-22 22:15:35,354] {logging_mixin.py:115} INFO - [2022-08-22 22:15:35,354] {dag.py:2972} INFO - Setting next_dagrun for example_branch_dop_operator_v3 to 2022-08-22T22:14:00+00:00, run_after=2022-08-22T22:15:00+00:00
[2022-08-22 22:15:35,363] {processor.py:161} INFO - Processing /home/airflow/.local/lib/python3.7/site-packages/airflow/example_dags/example_branch_python_dop_operator_3.py took 0.062 seconds
[2022-08-22 22:16:05,881] {processor.py:153} INFO - Started process (PID=2640) to work on /home/airflow/.local/lib/python3.7/site-packages/airflow/example_dags/example_branch_python_dop_operator_3.py
[2022-08-22 22:16:05,882] {processor.py:641} INFO - Processing file /home/airflow/.local/lib/python3.7/site-packages/airflow/example_dags/example_branch_python_dop_operator_3.py for tasks to queue
[2022-08-22 22:16:05,882] {logging_mixin.py:115} INFO - [2022-08-22 22:16:05,882] {dagbag.py:508} INFO - Filling up the DagBag from /home/airflow/.local/lib/python3.7/site-packages/airflow/example_dags/example_branch_python_dop_operator_3.py
[2022-08-22 22:16:05,890] {processor.py:651} INFO - DAG(s) dict_keys(['example_branch_dop_operator_v3']) retrieved from /home/airflow/.local/lib/python3.7/site-packages/airflow/example_dags/example_branch_python_dop_operator_3.py
[2022-08-22 22:16:05,910] {logging_mixin.py:115} INFO - [2022-08-22 22:16:05,910] {dag.py:2420} INFO - Sync 1 DAGs
[2022-08-22 22:16:05,933] {logging_mixin.py:115} INFO - [2022-08-22 22:16:05,932] {dag.py:2972} INFO - Setting next_dagrun for example_branch_dop_operator_v3 to 2022-08-22T22:15:00+00:00, run_after=2022-08-22T22:16:00+00:00
[2022-08-22 22:16:05,942] {processor.py:161} INFO - Processing /home/airflow/.local/lib/python3.7/site-packages/airflow/example_dags/example_branch_python_dop_operator_3.py took 0.062 seconds
[2022-08-22 22:16:36,610] {processor.py:153} INFO - Started process (PID=2701) to work on /home/airflow/.local/lib/python3.7/site-packages/airflow/example_dags/example_branch_python_dop_operator_3.py
[2022-08-22 22:16:36,611] {processor.py:641} INFO - Processing file /home/airflow/.local/lib/python3.7/site-packages/airflow/example_dags/example_branch_python_dop_operator_3.py for tasks to queue
[2022-08-22 22:16:36,612] {logging_mixin.py:115} INFO - [2022-08-22 22:16:36,612] {dagbag.py:508} INFO - Filling up the DagBag from /home/airflow/.local/lib/python3.7/site-packages/airflow/example_dags/example_branch_python_dop_operator_3.py
[2022-08-22 22:16:36,622] {processor.py:651} INFO - DAG(s) dict_keys(['example_branch_dop_operator_v3']) retrieved from /home/airflow/.local/lib/python3.7/site-packages/airflow/example_dags/example_branch_python_dop_operator_3.py
[2022-08-22 22:16:36,650] {logging_mixin.py:115} INFO - [2022-08-22 22:16:36,649] {dag.py:2420} INFO - Sync 1 DAGs
[2022-08-22 22:16:36,676] {logging_mixin.py:115} INFO - [2022-08-22 22:16:36,676] {dag.py:2972} INFO - Setting next_dagrun for example_branch_dop_operator_v3 to 2022-08-22T22:15:00+00:00, run_after=2022-08-22T22:16:00+00:00
[2022-08-22 22:16:36,687] {processor.py:161} INFO - Processing /home/airflow/.local/lib/python3.7/site-packages/airflow/example_dags/example_branch_python_dop_operator_3.py took 0.080 seconds
[2022-08-22 22:17:07,240] {processor.py:153} INFO - Started process (PID=2762) to work on /home/airflow/.local/lib/python3.7/site-packages/airflow/example_dags/example_branch_python_dop_operator_3.py
[2022-08-22 22:17:07,240] {processor.py:641} INFO - Processing file /home/airflow/.local/lib/python3.7/site-packages/airflow/example_dags/example_branch_python_dop_operator_3.py for tasks to queue
[2022-08-22 22:17:07,241] {logging_mixin.py:115} INFO - [2022-08-22 22:17:07,240] {dagbag.py:508} INFO - Filling up the DagBag from /home/airflow/.local/lib/python3.7/site-packages/airflow/example_dags/example_branch_python_dop_operator_3.py
[2022-08-22 22:17:07,249] {processor.py:651} INFO - DAG(s) dict_keys(['example_branch_dop_operator_v3']) retrieved from /home/airflow/.local/lib/python3.7/site-packages/airflow/example_dags/example_branch_python_dop_operator_3.py
[2022-08-22 22:17:07,271] {logging_mixin.py:115} INFO - [2022-08-22 22:17:07,271] {dag.py:2420} INFO - Sync 1 DAGs
[2022-08-22 22:17:07,293] {logging_mixin.py:115} INFO - [2022-08-22 22:17:07,293] {dag.py:2972} INFO - Setting next_dagrun for example_branch_dop_operator_v3 to 2022-08-22T22:16:00+00:00, run_after=2022-08-22T22:17:00+00:00
[2022-08-22 22:17:07,302] {processor.py:161} INFO - Processing /home/airflow/.local/lib/python3.7/site-packages/airflow/example_dags/example_branch_python_dop_operator_3.py took 0.065 seconds
[2022-08-22 22:17:37,754] {processor.py:153} INFO - Started process (PID=2823) to work on /home/airflow/.local/lib/python3.7/site-packages/airflow/example_dags/example_branch_python_dop_operator_3.py
[2022-08-22 22:17:37,754] {processor.py:641} INFO - Processing file /home/airflow/.local/lib/python3.7/site-packages/airflow/example_dags/example_branch_python_dop_operator_3.py for tasks to queue
[2022-08-22 22:17:37,754] {logging_mixin.py:115} INFO - [2022-08-22 22:17:37,754] {dagbag.py:508} INFO - Filling up the DagBag from /home/airflow/.local/lib/python3.7/site-packages/airflow/example_dags/example_branch_python_dop_operator_3.py
[2022-08-22 22:17:37,763] {processor.py:651} INFO - DAG(s) dict_keys(['example_branch_dop_operator_v3']) retrieved from /home/airflow/.local/lib/python3.7/site-packages/airflow/example_dags/example_branch_python_dop_operator_3.py
[2022-08-22 22:17:37,785] {logging_mixin.py:115} INFO - [2022-08-22 22:17:37,784] {dag.py:2420} INFO - Sync 1 DAGs
[2022-08-22 22:17:37,806] {logging_mixin.py:115} INFO - [2022-08-22 22:17:37,806] {dag.py:2972} INFO - Setting next_dagrun for example_branch_dop_operator_v3 to 2022-08-22T22:16:00+00:00, run_after=2022-08-22T22:17:00+00:00
[2022-08-22 22:17:37,816] {processor.py:161} INFO - Processing /home/airflow/.local/lib/python3.7/site-packages/airflow/example_dags/example_branch_python_dop_operator_3.py took 0.065 seconds
[2022-08-22 22:18:08,338] {processor.py:153} INFO - Started process (PID=2875) to work on /home/airflow/.local/lib/python3.7/site-packages/airflow/example_dags/example_branch_python_dop_operator_3.py
[2022-08-22 22:18:08,338] {processor.py:641} INFO - Processing file /home/airflow/.local/lib/python3.7/site-packages/airflow/example_dags/example_branch_python_dop_operator_3.py for tasks to queue
[2022-08-22 22:18:08,338] {logging_mixin.py:115} INFO - [2022-08-22 22:18:08,338] {dagbag.py:508} INFO - Filling up the DagBag from /home/airflow/.local/lib/python3.7/site-packages/airflow/example_dags/example_branch_python_dop_operator_3.py
[2022-08-22 22:18:08,346] {processor.py:651} INFO - DAG(s) dict_keys(['example_branch_dop_operator_v3']) retrieved from /home/airflow/.local/lib/python3.7/site-packages/airflow/example_dags/example_branch_python_dop_operator_3.py
[2022-08-22 22:18:08,367] {logging_mixin.py:115} INFO - [2022-08-22 22:18:08,367] {dag.py:2420} INFO - Sync 1 DAGs
[2022-08-22 22:18:08,391] {logging_mixin.py:115} INFO - [2022-08-22 22:18:08,391] {dag.py:2972} INFO - Setting next_dagrun for example_branch_dop_operator_v3 to 2022-08-22T22:17:00+00:00, run_after=2022-08-22T22:18:00+00:00
[2022-08-22 22:18:08,402] {processor.py:161} INFO - Processing /home/airflow/.local/lib/python3.7/site-packages/airflow/example_dags/example_branch_python_dop_operator_3.py took 0.066 seconds
[2022-08-22 22:18:39,015] {processor.py:153} INFO - Started process (PID=2936) to work on /home/airflow/.local/lib/python3.7/site-packages/airflow/example_dags/example_branch_python_dop_operator_3.py
[2022-08-22 22:18:39,015] {processor.py:641} INFO - Processing file /home/airflow/.local/lib/python3.7/site-packages/airflow/example_dags/example_branch_python_dop_operator_3.py for tasks to queue
[2022-08-22 22:18:39,016] {logging_mixin.py:115} INFO - [2022-08-22 22:18:39,016] {dagbag.py:508} INFO - Filling up the DagBag from /home/airflow/.local/lib/python3.7/site-packages/airflow/example_dags/example_branch_python_dop_operator_3.py
[2022-08-22 22:18:39,025] {processor.py:651} INFO - DAG(s) dict_keys(['example_branch_dop_operator_v3']) retrieved from /home/airflow/.local/lib/python3.7/site-packages/airflow/example_dags/example_branch_python_dop_operator_3.py
[2022-08-22 22:18:39,045] {logging_mixin.py:115} INFO - [2022-08-22 22:18:39,045] {dag.py:2420} INFO - Sync 1 DAGs
[2022-08-22 22:18:39,066] {logging_mixin.py:115} INFO - [2022-08-22 22:18:39,066] {dag.py:2972} INFO - Setting next_dagrun for example_branch_dop_operator_v3 to 2022-08-22T22:17:00+00:00, run_after=2022-08-22T22:18:00+00:00
[2022-08-22 22:18:39,076] {processor.py:161} INFO - Processing /home/airflow/.local/lib/python3.7/site-packages/airflow/example_dags/example_branch_python_dop_operator_3.py took 0.063 seconds
[2022-08-22 22:19:09,703] {processor.py:153} INFO - Started process (PID=2998) to work on /home/airflow/.local/lib/python3.7/site-packages/airflow/example_dags/example_branch_python_dop_operator_3.py
[2022-08-22 22:19:09,703] {processor.py:641} INFO - Processing file /home/airflow/.local/lib/python3.7/site-packages/airflow/example_dags/example_branch_python_dop_operator_3.py for tasks to queue
[2022-08-22 22:19:09,704] {logging_mixin.py:115} INFO - [2022-08-22 22:19:09,704] {dagbag.py:508} INFO - Filling up the DagBag from /home/airflow/.local/lib/python3.7/site-packages/airflow/example_dags/example_branch_python_dop_operator_3.py
[2022-08-22 22:19:09,719] {processor.py:651} INFO - DAG(s) dict_keys(['example_branch_dop_operator_v3']) retrieved from /home/airflow/.local/lib/python3.7/site-packages/airflow/example_dags/example_branch_python_dop_operator_3.py
[2022-08-22 22:19:09,742] {logging_mixin.py:115} INFO - [2022-08-22 22:19:09,742] {dag.py:2420} INFO - Sync 1 DAGs
[2022-08-22 22:19:09,765] {logging_mixin.py:115} INFO - [2022-08-22 22:19:09,765] {dag.py:2972} INFO - Setting next_dagrun for example_branch_dop_operator_v3 to 2022-08-22T22:18:00+00:00, run_after=2022-08-22T22:19:00+00:00
[2022-08-22 22:19:09,777] {processor.py:161} INFO - Processing /home/airflow/.local/lib/python3.7/site-packages/airflow/example_dags/example_branch_python_dop_operator_3.py took 0.078 seconds
[2022-08-22 22:19:40,420] {processor.py:153} INFO - Started process (PID=3059) to work on /home/airflow/.local/lib/python3.7/site-packages/airflow/example_dags/example_branch_python_dop_operator_3.py
[2022-08-22 22:19:40,421] {processor.py:641} INFO - Processing file /home/airflow/.local/lib/python3.7/site-packages/airflow/example_dags/example_branch_python_dop_operator_3.py for tasks to queue
[2022-08-22 22:19:40,421] {logging_mixin.py:115} INFO - [2022-08-22 22:19:40,421] {dagbag.py:508} INFO - Filling up the DagBag from /home/airflow/.local/lib/python3.7/site-packages/airflow/example_dags/example_branch_python_dop_operator_3.py
[2022-08-22 22:19:40,428] {processor.py:651} INFO - DAG(s) dict_keys(['example_branch_dop_operator_v3']) retrieved from /home/airflow/.local/lib/python3.7/site-packages/airflow/example_dags/example_branch_python_dop_operator_3.py
[2022-08-22 22:19:40,449] {logging_mixin.py:115} INFO - [2022-08-22 22:19:40,449] {dag.py:2420} INFO - Sync 1 DAGs
[2022-08-22 22:19:40,471] {logging_mixin.py:115} INFO - [2022-08-22 22:19:40,471] {dag.py:2972} INFO - Setting next_dagrun for example_branch_dop_operator_v3 to 2022-08-22T22:18:00+00:00, run_after=2022-08-22T22:19:00+00:00
[2022-08-22 22:19:40,480] {processor.py:161} INFO - Processing /home/airflow/.local/lib/python3.7/site-packages/airflow/example_dags/example_branch_python_dop_operator_3.py took 0.063 seconds
[2022-08-22 22:20:11,092] {processor.py:153} INFO - Started process (PID=3111) to work on /home/airflow/.local/lib/python3.7/site-packages/airflow/example_dags/example_branch_python_dop_operator_3.py
[2022-08-22 22:20:11,093] {processor.py:641} INFO - Processing file /home/airflow/.local/lib/python3.7/site-packages/airflow/example_dags/example_branch_python_dop_operator_3.py for tasks to queue
[2022-08-22 22:20:11,093] {logging_mixin.py:115} INFO - [2022-08-22 22:20:11,093] {dagbag.py:508} INFO - Filling up the DagBag from /home/airflow/.local/lib/python3.7/site-packages/airflow/example_dags/example_branch_python_dop_operator_3.py
[2022-08-22 22:20:11,101] {processor.py:651} INFO - DAG(s) dict_keys(['example_branch_dop_operator_v3']) retrieved from /home/airflow/.local/lib/python3.7/site-packages/airflow/example_dags/example_branch_python_dop_operator_3.py
[2022-08-22 22:20:11,120] {logging_mixin.py:115} INFO - [2022-08-22 22:20:11,120] {dag.py:2420} INFO - Sync 1 DAGs
[2022-08-22 22:20:11,141] {logging_mixin.py:115} INFO - [2022-08-22 22:20:11,141] {dag.py:2972} INFO - Setting next_dagrun for example_branch_dop_operator_v3 to 2022-08-22T22:19:00+00:00, run_after=2022-08-22T22:20:00+00:00
[2022-08-22 22:20:11,152] {processor.py:161} INFO - Processing /home/airflow/.local/lib/python3.7/site-packages/airflow/example_dags/example_branch_python_dop_operator_3.py took 0.062 seconds
[2022-08-22 22:20:41,802] {processor.py:153} INFO - Started process (PID=3172) to work on /home/airflow/.local/lib/python3.7/site-packages/airflow/example_dags/example_branch_python_dop_operator_3.py
[2022-08-22 22:20:41,802] {processor.py:641} INFO - Processing file /home/airflow/.local/lib/python3.7/site-packages/airflow/example_dags/example_branch_python_dop_operator_3.py for tasks to queue
[2022-08-22 22:20:41,803] {logging_mixin.py:115} INFO - [2022-08-22 22:20:41,803] {dagbag.py:508} INFO - Filling up the DagBag from /home/airflow/.local/lib/python3.7/site-packages/airflow/example_dags/example_branch_python_dop_operator_3.py
[2022-08-22 22:20:41,811] {processor.py:651} INFO - DAG(s) dict_keys(['example_branch_dop_operator_v3']) retrieved from /home/airflow/.local/lib/python3.7/site-packages/airflow/example_dags/example_branch_python_dop_operator_3.py
[2022-08-22 22:20:41,831] {logging_mixin.py:115} INFO - [2022-08-22 22:20:41,831] {dag.py:2420} INFO - Sync 1 DAGs
[2022-08-22 22:20:41,853] {logging_mixin.py:115} INFO - [2022-08-22 22:20:41,853] {dag.py:2972} INFO - Setting next_dagrun for example_branch_dop_operator_v3 to 2022-08-22T22:19:00+00:00, run_after=2022-08-22T22:20:00+00:00
[2022-08-22 22:20:41,862] {processor.py:161} INFO - Processing /home/airflow/.local/lib/python3.7/site-packages/airflow/example_dags/example_branch_python_dop_operator_3.py took 0.062 seconds
[2022-08-22 22:21:12,323] {processor.py:153} INFO - Started process (PID=3233) to work on /home/airflow/.local/lib/python3.7/site-packages/airflow/example_dags/example_branch_python_dop_operator_3.py
[2022-08-22 22:21:12,323] {processor.py:641} INFO - Processing file /home/airflow/.local/lib/python3.7/site-packages/airflow/example_dags/example_branch_python_dop_operator_3.py for tasks to queue
[2022-08-22 22:21:12,324] {logging_mixin.py:115} INFO - [2022-08-22 22:21:12,324] {dagbag.py:508} INFO - Filling up the DagBag from /home/airflow/.local/lib/python3.7/site-packages/airflow/example_dags/example_branch_python_dop_operator_3.py
[2022-08-22 22:21:12,331] {processor.py:651} INFO - DAG(s) dict_keys(['example_branch_dop_operator_v3']) retrieved from /home/airflow/.local/lib/python3.7/site-packages/airflow/example_dags/example_branch_python_dop_operator_3.py
[2022-08-22 22:21:12,354] {logging_mixin.py:115} INFO - [2022-08-22 22:21:12,354] {dag.py:2420} INFO - Sync 1 DAGs
[2022-08-22 22:21:12,376] {logging_mixin.py:115} INFO - [2022-08-22 22:21:12,376] {dag.py:2972} INFO - Setting next_dagrun for example_branch_dop_operator_v3 to 2022-08-22T22:20:00+00:00, run_after=2022-08-22T22:21:00+00:00
[2022-08-22 22:21:12,386] {processor.py:161} INFO - Processing /home/airflow/.local/lib/python3.7/site-packages/airflow/example_dags/example_branch_python_dop_operator_3.py took 0.066 seconds
[2022-08-22 22:21:42,962] {processor.py:153} INFO - Started process (PID=3294) to work on /home/airflow/.local/lib/python3.7/site-packages/airflow/example_dags/example_branch_python_dop_operator_3.py
[2022-08-22 22:21:42,963] {processor.py:641} INFO - Processing file /home/airflow/.local/lib/python3.7/site-packages/airflow/example_dags/example_branch_python_dop_operator_3.py for tasks to queue
[2022-08-22 22:21:42,963] {logging_mixin.py:115} INFO - [2022-08-22 22:21:42,963] {dagbag.py:508} INFO - Filling up the DagBag from /home/airflow/.local/lib/python3.7/site-packages/airflow/example_dags/example_branch_python_dop_operator_3.py
[2022-08-22 22:21:42,973] {processor.py:651} INFO - DAG(s) dict_keys(['example_branch_dop_operator_v3']) retrieved from /home/airflow/.local/lib/python3.7/site-packages/airflow/example_dags/example_branch_python_dop_operator_3.py
[2022-08-22 22:21:42,997] {logging_mixin.py:115} INFO - [2022-08-22 22:21:42,997] {dag.py:2420} INFO - Sync 1 DAGs
[2022-08-22 22:21:43,030] {logging_mixin.py:115} INFO - [2022-08-22 22:21:43,030] {dag.py:2972} INFO - Setting next_dagrun for example_branch_dop_operator_v3 to 2022-08-22T22:20:00+00:00, run_after=2022-08-22T22:21:00+00:00
[2022-08-22 22:21:43,043] {processor.py:161} INFO - Processing /home/airflow/.local/lib/python3.7/site-packages/airflow/example_dags/example_branch_python_dop_operator_3.py took 0.085 seconds
[2022-08-22 22:22:13,606] {processor.py:153} INFO - Started process (PID=3346) to work on /home/airflow/.local/lib/python3.7/site-packages/airflow/example_dags/example_branch_python_dop_operator_3.py
[2022-08-22 22:22:13,606] {processor.py:641} INFO - Processing file /home/airflow/.local/lib/python3.7/site-packages/airflow/example_dags/example_branch_python_dop_operator_3.py for tasks to queue
[2022-08-22 22:22:13,607] {logging_mixin.py:115} INFO - [2022-08-22 22:22:13,607] {dagbag.py:508} INFO - Filling up the DagBag from /home/airflow/.local/lib/python3.7/site-packages/airflow/example_dags/example_branch_python_dop_operator_3.py
[2022-08-22 22:22:13,614] {processor.py:651} INFO - DAG(s) dict_keys(['example_branch_dop_operator_v3']) retrieved from /home/airflow/.local/lib/python3.7/site-packages/airflow/example_dags/example_branch_python_dop_operator_3.py
[2022-08-22 22:22:13,635] {logging_mixin.py:115} INFO - [2022-08-22 22:22:13,635] {dag.py:2420} INFO - Sync 1 DAGs
[2022-08-22 22:22:13,659] {logging_mixin.py:115} INFO - [2022-08-22 22:22:13,659] {dag.py:2972} INFO - Setting next_dagrun for example_branch_dop_operator_v3 to 2022-08-22T22:21:00+00:00, run_after=2022-08-22T22:22:00+00:00
[2022-08-22 22:22:13,669] {processor.py:161} INFO - Processing /home/airflow/.local/lib/python3.7/site-packages/airflow/example_dags/example_branch_python_dop_operator_3.py took 0.065 seconds
[2022-08-22 22:22:44,294] {processor.py:153} INFO - Started process (PID=3407) to work on /home/airflow/.local/lib/python3.7/site-packages/airflow/example_dags/example_branch_python_dop_operator_3.py
[2022-08-22 22:22:44,295] {processor.py:641} INFO - Processing file /home/airflow/.local/lib/python3.7/site-packages/airflow/example_dags/example_branch_python_dop_operator_3.py for tasks to queue
[2022-08-22 22:22:44,296] {logging_mixin.py:115} INFO - [2022-08-22 22:22:44,296] {dagbag.py:508} INFO - Filling up the DagBag from /home/airflow/.local/lib/python3.7/site-packages/airflow/example_dags/example_branch_python_dop_operator_3.py
[2022-08-22 22:22:44,310] {processor.py:651} INFO - DAG(s) dict_keys(['example_branch_dop_operator_v3']) retrieved from /home/airflow/.local/lib/python3.7/site-packages/airflow/example_dags/example_branch_python_dop_operator_3.py
[2022-08-22 22:22:44,331] {logging_mixin.py:115} INFO - [2022-08-22 22:22:44,331] {dag.py:2420} INFO - Sync 1 DAGs
[2022-08-22 22:22:44,353] {logging_mixin.py:115} INFO - [2022-08-22 22:22:44,353] {dag.py:2972} INFO - Setting next_dagrun for example_branch_dop_operator_v3 to 2022-08-22T22:21:00+00:00, run_after=2022-08-22T22:22:00+00:00
[2022-08-22 22:22:44,362] {processor.py:161} INFO - Processing /home/airflow/.local/lib/python3.7/site-packages/airflow/example_dags/example_branch_python_dop_operator_3.py took 0.071 seconds
[2022-08-22 22:23:14,917] {processor.py:153} INFO - Started process (PID=3468) to work on /home/airflow/.local/lib/python3.7/site-packages/airflow/example_dags/example_branch_python_dop_operator_3.py
[2022-08-22 22:23:14,918] {processor.py:641} INFO - Processing file /home/airflow/.local/lib/python3.7/site-packages/airflow/example_dags/example_branch_python_dop_operator_3.py for tasks to queue
[2022-08-22 22:23:14,918] {logging_mixin.py:115} INFO - [2022-08-22 22:23:14,918] {dagbag.py:508} INFO - Filling up the DagBag from /home/airflow/.local/lib/python3.7/site-packages/airflow/example_dags/example_branch_python_dop_operator_3.py
[2022-08-22 22:23:14,926] {processor.py:651} INFO - DAG(s) dict_keys(['example_branch_dop_operator_v3']) retrieved from /home/airflow/.local/lib/python3.7/site-packages/airflow/example_dags/example_branch_python_dop_operator_3.py
[2022-08-22 22:23:14,945] {logging_mixin.py:115} INFO - [2022-08-22 22:23:14,945] {dag.py:2420} INFO - Sync 1 DAGs
[2022-08-22 22:23:14,968] {logging_mixin.py:115} INFO - [2022-08-22 22:23:14,968] {dag.py:2972} INFO - Setting next_dagrun for example_branch_dop_operator_v3 to 2022-08-22T22:22:00+00:00, run_after=2022-08-22T22:23:00+00:00
[2022-08-22 22:23:14,984] {processor.py:161} INFO - Processing /home/airflow/.local/lib/python3.7/site-packages/airflow/example_dags/example_branch_python_dop_operator_3.py took 0.068 seconds
[2022-08-22 22:23:45,632] {processor.py:153} INFO - Started process (PID=3520) to work on /home/airflow/.local/lib/python3.7/site-packages/airflow/example_dags/example_branch_python_dop_operator_3.py
[2022-08-22 22:23:45,632] {processor.py:641} INFO - Processing file /home/airflow/.local/lib/python3.7/site-packages/airflow/example_dags/example_branch_python_dop_operator_3.py for tasks to queue
[2022-08-22 22:23:45,633] {logging_mixin.py:115} INFO - [2022-08-22 22:23:45,633] {dagbag.py:508} INFO - Filling up the DagBag from /home/airflow/.local/lib/python3.7/site-packages/airflow/example_dags/example_branch_python_dop_operator_3.py
[2022-08-22 22:23:45,640] {processor.py:651} INFO - DAG(s) dict_keys(['example_branch_dop_operator_v3']) retrieved from /home/airflow/.local/lib/python3.7/site-packages/airflow/example_dags/example_branch_python_dop_operator_3.py
[2022-08-22 22:23:45,658] {logging_mixin.py:115} INFO - [2022-08-22 22:23:45,658] {dag.py:2420} INFO - Sync 1 DAGs
[2022-08-22 22:23:45,678] {logging_mixin.py:115} INFO - [2022-08-22 22:23:45,678] {dag.py:2972} INFO - Setting next_dagrun for example_branch_dop_operator_v3 to 2022-08-22T22:22:00+00:00, run_after=2022-08-22T22:23:00+00:00
[2022-08-22 22:23:45,688] {processor.py:161} INFO - Processing /home/airflow/.local/lib/python3.7/site-packages/airflow/example_dags/example_branch_python_dop_operator_3.py took 0.058 seconds
[2022-08-22 22:24:16,394] {processor.py:153} INFO - Started process (PID=3581) to work on /home/airflow/.local/lib/python3.7/site-packages/airflow/example_dags/example_branch_python_dop_operator_3.py
[2022-08-22 22:24:16,395] {processor.py:641} INFO - Processing file /home/airflow/.local/lib/python3.7/site-packages/airflow/example_dags/example_branch_python_dop_operator_3.py for tasks to queue
[2022-08-22 22:24:16,395] {logging_mixin.py:115} INFO - [2022-08-22 22:24:16,395] {dagbag.py:508} INFO - Filling up the DagBag from /home/airflow/.local/lib/python3.7/site-packages/airflow/example_dags/example_branch_python_dop_operator_3.py
[2022-08-22 22:24:16,404] {processor.py:651} INFO - DAG(s) dict_keys(['example_branch_dop_operator_v3']) retrieved from /home/airflow/.local/lib/python3.7/site-packages/airflow/example_dags/example_branch_python_dop_operator_3.py
[2022-08-22 22:24:16,433] {logging_mixin.py:115} INFO - [2022-08-22 22:24:16,432] {dag.py:2420} INFO - Sync 1 DAGs
[2022-08-22 22:24:16,461] {logging_mixin.py:115} INFO - [2022-08-22 22:24:16,461] {dag.py:2972} INFO - Setting next_dagrun for example_branch_dop_operator_v3 to 2022-08-22T22:23:00+00:00, run_after=2022-08-22T22:24:00+00:00
[2022-08-22 22:24:16,470] {processor.py:161} INFO - Processing /home/airflow/.local/lib/python3.7/site-packages/airflow/example_dags/example_branch_python_dop_operator_3.py took 0.078 seconds
[2022-08-22 22:24:47,099] {processor.py:153} INFO - Started process (PID=3642) to work on /home/airflow/.local/lib/python3.7/site-packages/airflow/example_dags/example_branch_python_dop_operator_3.py
[2022-08-22 22:24:47,100] {processor.py:641} INFO - Processing file /home/airflow/.local/lib/python3.7/site-packages/airflow/example_dags/example_branch_python_dop_operator_3.py for tasks to queue
[2022-08-22 22:24:47,100] {logging_mixin.py:115} INFO - [2022-08-22 22:24:47,100] {dagbag.py:508} INFO - Filling up the DagBag from /home/airflow/.local/lib/python3.7/site-packages/airflow/example_dags/example_branch_python_dop_operator_3.py
[2022-08-22 22:24:47,115] {processor.py:651} INFO - DAG(s) dict_keys(['example_branch_dop_operator_v3']) retrieved from /home/airflow/.local/lib/python3.7/site-packages/airflow/example_dags/example_branch_python_dop_operator_3.py
[2022-08-22 22:24:47,136] {logging_mixin.py:115} INFO - [2022-08-22 22:24:47,136] {dag.py:2420} INFO - Sync 1 DAGs
[2022-08-22 22:24:47,158] {logging_mixin.py:115} INFO - [2022-08-22 22:24:47,158] {dag.py:2972} INFO - Setting next_dagrun for example_branch_dop_operator_v3 to 2022-08-22T22:23:00+00:00, run_after=2022-08-22T22:24:00+00:00
[2022-08-22 22:24:47,169] {processor.py:161} INFO - Processing /home/airflow/.local/lib/python3.7/site-packages/airflow/example_dags/example_branch_python_dop_operator_3.py took 0.074 seconds
[2022-08-22 22:25:17,775] {processor.py:153} INFO - Started process (PID=3703) to work on /home/airflow/.local/lib/python3.7/site-packages/airflow/example_dags/example_branch_python_dop_operator_3.py
[2022-08-22 22:25:17,775] {processor.py:641} INFO - Processing file /home/airflow/.local/lib/python3.7/site-packages/airflow/example_dags/example_branch_python_dop_operator_3.py for tasks to queue
[2022-08-22 22:25:17,776] {logging_mixin.py:115} INFO - [2022-08-22 22:25:17,776] {dagbag.py:508} INFO - Filling up the DagBag from /home/airflow/.local/lib/python3.7/site-packages/airflow/example_dags/example_branch_python_dop_operator_3.py
[2022-08-22 22:25:17,790] {processor.py:651} INFO - DAG(s) dict_keys(['example_branch_dop_operator_v3']) retrieved from /home/airflow/.local/lib/python3.7/site-packages/airflow/example_dags/example_branch_python_dop_operator_3.py
[2022-08-22 22:25:17,812] {logging_mixin.py:115} INFO - [2022-08-22 22:25:17,811] {dag.py:2420} INFO - Sync 1 DAGs
[2022-08-22 22:25:17,837] {logging_mixin.py:115} INFO - [2022-08-22 22:25:17,837] {dag.py:2972} INFO - Setting next_dagrun for example_branch_dop_operator_v3 to 2022-08-22T22:24:00+00:00, run_after=2022-08-22T22:25:00+00:00
[2022-08-22 22:25:17,847] {processor.py:161} INFO - Processing /home/airflow/.local/lib/python3.7/site-packages/airflow/example_dags/example_branch_python_dop_operator_3.py took 0.077 seconds
[2022-08-22 22:25:48,435] {processor.py:153} INFO - Started process (PID=3755) to work on /home/airflow/.local/lib/python3.7/site-packages/airflow/example_dags/example_branch_python_dop_operator_3.py
[2022-08-22 22:25:48,436] {processor.py:641} INFO - Processing file /home/airflow/.local/lib/python3.7/site-packages/airflow/example_dags/example_branch_python_dop_operator_3.py for tasks to queue
[2022-08-22 22:25:48,436] {logging_mixin.py:115} INFO - [2022-08-22 22:25:48,436] {dagbag.py:508} INFO - Filling up the DagBag from /home/airflow/.local/lib/python3.7/site-packages/airflow/example_dags/example_branch_python_dop_operator_3.py
[2022-08-22 22:25:48,443] {processor.py:651} INFO - DAG(s) dict_keys(['example_branch_dop_operator_v3']) retrieved from /home/airflow/.local/lib/python3.7/site-packages/airflow/example_dags/example_branch_python_dop_operator_3.py
[2022-08-22 22:25:48,464] {logging_mixin.py:115} INFO - [2022-08-22 22:25:48,464] {dag.py:2420} INFO - Sync 1 DAGs
[2022-08-22 22:25:48,486] {logging_mixin.py:115} INFO - [2022-08-22 22:25:48,486] {dag.py:2972} INFO - Setting next_dagrun for example_branch_dop_operator_v3 to 2022-08-22T22:24:00+00:00, run_after=2022-08-22T22:25:00+00:00
[2022-08-22 22:25:48,496] {processor.py:161} INFO - Processing /home/airflow/.local/lib/python3.7/site-packages/airflow/example_dags/example_branch_python_dop_operator_3.py took 0.064 seconds
[2022-08-22 22:26:19,109] {processor.py:153} INFO - Started process (PID=3816) to work on /home/airflow/.local/lib/python3.7/site-packages/airflow/example_dags/example_branch_python_dop_operator_3.py
[2022-08-22 22:26:19,110] {processor.py:641} INFO - Processing file /home/airflow/.local/lib/python3.7/site-packages/airflow/example_dags/example_branch_python_dop_operator_3.py for tasks to queue
[2022-08-22 22:26:19,110] {logging_mixin.py:115} INFO - [2022-08-22 22:26:19,110] {dagbag.py:508} INFO - Filling up the DagBag from /home/airflow/.local/lib/python3.7/site-packages/airflow/example_dags/example_branch_python_dop_operator_3.py
[2022-08-22 22:26:19,117] {processor.py:651} INFO - DAG(s) dict_keys(['example_branch_dop_operator_v3']) retrieved from /home/airflow/.local/lib/python3.7/site-packages/airflow/example_dags/example_branch_python_dop_operator_3.py
[2022-08-22 22:26:19,137] {logging_mixin.py:115} INFO - [2022-08-22 22:26:19,137] {dag.py:2420} INFO - Sync 1 DAGs
[2022-08-22 22:26:19,157] {logging_mixin.py:115} INFO - [2022-08-22 22:26:19,157] {dag.py:2972} INFO - Setting next_dagrun for example_branch_dop_operator_v3 to 2022-08-22T22:25:00+00:00, run_after=2022-08-22T22:26:00+00:00
[2022-08-22 22:26:19,166] {processor.py:161} INFO - Processing /home/airflow/.local/lib/python3.7/site-packages/airflow/example_dags/example_branch_python_dop_operator_3.py took 0.059 seconds
[2022-08-22 22:26:49,817] {processor.py:153} INFO - Started process (PID=3877) to work on /home/airflow/.local/lib/python3.7/site-packages/airflow/example_dags/example_branch_python_dop_operator_3.py
[2022-08-22 22:26:49,818] {processor.py:641} INFO - Processing file /home/airflow/.local/lib/python3.7/site-packages/airflow/example_dags/example_branch_python_dop_operator_3.py for tasks to queue
[2022-08-22 22:26:49,818] {logging_mixin.py:115} INFO - [2022-08-22 22:26:49,818] {dagbag.py:508} INFO - Filling up the DagBag from /home/airflow/.local/lib/python3.7/site-packages/airflow/example_dags/example_branch_python_dop_operator_3.py
[2022-08-22 22:26:49,826] {processor.py:651} INFO - DAG(s) dict_keys(['example_branch_dop_operator_v3']) retrieved from /home/airflow/.local/lib/python3.7/site-packages/airflow/example_dags/example_branch_python_dop_operator_3.py
[2022-08-22 22:26:49,846] {logging_mixin.py:115} INFO - [2022-08-22 22:26:49,846] {dag.py:2420} INFO - Sync 1 DAGs
[2022-08-22 22:26:49,869] {logging_mixin.py:115} INFO - [2022-08-22 22:26:49,869] {dag.py:2972} INFO - Setting next_dagrun for example_branch_dop_operator_v3 to 2022-08-22T22:25:00+00:00, run_after=2022-08-22T22:26:00+00:00
[2022-08-22 22:26:49,879] {processor.py:161} INFO - Processing /home/airflow/.local/lib/python3.7/site-packages/airflow/example_dags/example_branch_python_dop_operator_3.py took 0.064 seconds
[2022-08-22 22:27:20,550] {processor.py:153} INFO - Started process (PID=3938) to work on /home/airflow/.local/lib/python3.7/site-packages/airflow/example_dags/example_branch_python_dop_operator_3.py
[2022-08-22 22:27:20,551] {processor.py:641} INFO - Processing file /home/airflow/.local/lib/python3.7/site-packages/airflow/example_dags/example_branch_python_dop_operator_3.py for tasks to queue
[2022-08-22 22:27:20,551] {logging_mixin.py:115} INFO - [2022-08-22 22:27:20,551] {dagbag.py:508} INFO - Filling up the DagBag from /home/airflow/.local/lib/python3.7/site-packages/airflow/example_dags/example_branch_python_dop_operator_3.py
[2022-08-22 22:27:20,567] {processor.py:651} INFO - DAG(s) dict_keys(['example_branch_dop_operator_v3']) retrieved from /home/airflow/.local/lib/python3.7/site-packages/airflow/example_dags/example_branch_python_dop_operator_3.py
[2022-08-22 22:27:20,588] {logging_mixin.py:115} INFO - [2022-08-22 22:27:20,588] {dag.py:2420} INFO - Sync 1 DAGs
[2022-08-22 22:27:20,609] {logging_mixin.py:115} INFO - [2022-08-22 22:27:20,608] {dag.py:2972} INFO - Setting next_dagrun for example_branch_dop_operator_v3 to 2022-08-22T22:26:00+00:00, run_after=2022-08-22T22:27:00+00:00
[2022-08-22 22:27:20,618] {processor.py:161} INFO - Processing /home/airflow/.local/lib/python3.7/site-packages/airflow/example_dags/example_branch_python_dop_operator_3.py took 0.073 seconds
[2022-08-22 22:27:51,385] {processor.py:153} INFO - Started process (PID=3990) to work on /home/airflow/.local/lib/python3.7/site-packages/airflow/example_dags/example_branch_python_dop_operator_3.py
[2022-08-22 22:27:51,385] {processor.py:641} INFO - Processing file /home/airflow/.local/lib/python3.7/site-packages/airflow/example_dags/example_branch_python_dop_operator_3.py for tasks to queue
[2022-08-22 22:27:51,386] {logging_mixin.py:115} INFO - [2022-08-22 22:27:51,386] {dagbag.py:508} INFO - Filling up the DagBag from /home/airflow/.local/lib/python3.7/site-packages/airflow/example_dags/example_branch_python_dop_operator_3.py
[2022-08-22 22:27:51,394] {processor.py:651} INFO - DAG(s) dict_keys(['example_branch_dop_operator_v3']) retrieved from /home/airflow/.local/lib/python3.7/site-packages/airflow/example_dags/example_branch_python_dop_operator_3.py
[2022-08-22 22:27:51,413] {logging_mixin.py:115} INFO - [2022-08-22 22:27:51,413] {dag.py:2420} INFO - Sync 1 DAGs
[2022-08-22 22:27:51,435] {logging_mixin.py:115} INFO - [2022-08-22 22:27:51,435] {dag.py:2972} INFO - Setting next_dagrun for example_branch_dop_operator_v3 to 2022-08-22T22:26:00+00:00, run_after=2022-08-22T22:27:00+00:00
[2022-08-22 22:27:51,444] {processor.py:161} INFO - Processing /home/airflow/.local/lib/python3.7/site-packages/airflow/example_dags/example_branch_python_dop_operator_3.py took 0.062 seconds
[2022-08-22 22:28:21,927] {processor.py:153} INFO - Started process (PID=4051) to work on /home/airflow/.local/lib/python3.7/site-packages/airflow/example_dags/example_branch_python_dop_operator_3.py
[2022-08-22 22:28:21,928] {processor.py:641} INFO - Processing file /home/airflow/.local/lib/python3.7/site-packages/airflow/example_dags/example_branch_python_dop_operator_3.py for tasks to queue
[2022-08-22 22:28:21,928] {logging_mixin.py:115} INFO - [2022-08-22 22:28:21,928] {dagbag.py:508} INFO - Filling up the DagBag from /home/airflow/.local/lib/python3.7/site-packages/airflow/example_dags/example_branch_python_dop_operator_3.py
[2022-08-22 22:28:21,937] {processor.py:651} INFO - DAG(s) dict_keys(['example_branch_dop_operator_v3']) retrieved from /home/airflow/.local/lib/python3.7/site-packages/airflow/example_dags/example_branch_python_dop_operator_3.py
[2022-08-22 22:28:21,956] {logging_mixin.py:115} INFO - [2022-08-22 22:28:21,956] {dag.py:2420} INFO - Sync 1 DAGs
[2022-08-22 22:28:21,979] {logging_mixin.py:115} INFO - [2022-08-22 22:28:21,978] {dag.py:2972} INFO - Setting next_dagrun for example_branch_dop_operator_v3 to 2022-08-22T22:27:00+00:00, run_after=2022-08-22T22:28:00+00:00
[2022-08-22 22:28:21,988] {processor.py:161} INFO - Processing /home/airflow/.local/lib/python3.7/site-packages/airflow/example_dags/example_branch_python_dop_operator_3.py took 0.063 seconds
