[2022-08-22 21:53:34,441] {processor.py:153} INFO - Started process (PID=80) to work on /home/airflow/.local/lib/python3.7/site-packages/airflow/example_dags/example_latest_only.py
[2022-08-22 21:53:34,442] {processor.py:641} INFO - Processing file /home/airflow/.local/lib/python3.7/site-packages/airflow/example_dags/example_latest_only.py for tasks to queue
[2022-08-22 21:53:34,443] {logging_mixin.py:115} INFO - [2022-08-22 21:53:34,443] {dagbag.py:508} INFO - Filling up the DagBag from /home/airflow/.local/lib/python3.7/site-packages/airflow/example_dags/example_latest_only.py
[2022-08-22 21:53:34,453] {processor.py:651} INFO - DAG(s) dict_keys(['latest_only']) retrieved from /home/airflow/.local/lib/python3.7/site-packages/airflow/example_dags/example_latest_only.py
[2022-08-22 21:53:34,555] {logging_mixin.py:115} INFO - [2022-08-22 21:53:34,555] {manager.py:508} INFO - Created Permission View: can edit on DAG:latest_only
[2022-08-22 21:53:34,572] {logging_mixin.py:115} INFO - [2022-08-22 21:53:34,572] {manager.py:508} INFO - Created Permission View: can read on DAG:latest_only
[2022-08-22 21:53:34,582] {logging_mixin.py:115} INFO - [2022-08-22 21:53:34,582] {manager.py:508} INFO - Created Permission View: can delete on DAG:latest_only
[2022-08-22 21:53:34,583] {logging_mixin.py:115} INFO - [2022-08-22 21:53:34,583] {dag.py:2420} INFO - Sync 1 DAGs
[2022-08-22 21:53:34,594] {logging_mixin.py:115} INFO - [2022-08-22 21:53:34,594] {dag.py:2439} INFO - Creating ORM DAG for latest_only
[2022-08-22 21:53:34,610] {logging_mixin.py:115} INFO - [2022-08-22 21:53:34,610] {dag.py:2972} INFO - Setting next_dagrun for latest_only to 2022-08-22T17:53:34.610592+00:00, run_after=2022-08-22T21:53:34.610592+00:00
[2022-08-22 21:53:34,627] {processor.py:161} INFO - Processing /home/airflow/.local/lib/python3.7/site-packages/airflow/example_dags/example_latest_only.py took 0.191 seconds
[2022-08-22 21:54:05,042] {processor.py:153} INFO - Started process (PID=138) to work on /home/airflow/.local/lib/python3.7/site-packages/airflow/example_dags/example_latest_only.py
[2022-08-22 21:54:05,043] {processor.py:641} INFO - Processing file /home/airflow/.local/lib/python3.7/site-packages/airflow/example_dags/example_latest_only.py for tasks to queue
[2022-08-22 21:54:05,044] {logging_mixin.py:115} INFO - [2022-08-22 21:54:05,044] {dagbag.py:508} INFO - Filling up the DagBag from /home/airflow/.local/lib/python3.7/site-packages/airflow/example_dags/example_latest_only.py
[2022-08-22 21:54:05,053] {processor.py:651} INFO - DAG(s) dict_keys(['latest_only']) retrieved from /home/airflow/.local/lib/python3.7/site-packages/airflow/example_dags/example_latest_only.py
[2022-08-22 21:54:05,087] {logging_mixin.py:115} INFO - [2022-08-22 21:54:05,087] {dag.py:2420} INFO - Sync 1 DAGs
[2022-08-22 21:54:05,111] {logging_mixin.py:115} INFO - [2022-08-22 21:54:05,111] {dag.py:2972} INFO - Setting next_dagrun for latest_only to 2022-08-22T17:54:05.111156+00:00, run_after=2022-08-22T21:54:05.111156+00:00
[2022-08-22 21:54:05,125] {processor.py:161} INFO - Processing /home/airflow/.local/lib/python3.7/site-packages/airflow/example_dags/example_latest_only.py took 0.086 seconds
[2022-08-22 21:54:35,898] {processor.py:153} INFO - Started process (PID=193) to work on /home/airflow/.local/lib/python3.7/site-packages/airflow/example_dags/example_latest_only.py
[2022-08-22 21:54:35,899] {processor.py:641} INFO - Processing file /home/airflow/.local/lib/python3.7/site-packages/airflow/example_dags/example_latest_only.py for tasks to queue
[2022-08-22 21:54:35,899] {logging_mixin.py:115} INFO - [2022-08-22 21:54:35,899] {dagbag.py:508} INFO - Filling up the DagBag from /home/airflow/.local/lib/python3.7/site-packages/airflow/example_dags/example_latest_only.py
[2022-08-22 21:54:35,903] {processor.py:651} INFO - DAG(s) dict_keys(['latest_only']) retrieved from /home/airflow/.local/lib/python3.7/site-packages/airflow/example_dags/example_latest_only.py
[2022-08-22 21:54:35,929] {logging_mixin.py:115} INFO - [2022-08-22 21:54:35,928] {dag.py:2420} INFO - Sync 1 DAGs
[2022-08-22 21:54:35,949] {logging_mixin.py:115} INFO - [2022-08-22 21:54:35,949] {dag.py:2972} INFO - Setting next_dagrun for latest_only to 2022-08-22T17:54:35.948898+00:00, run_after=2022-08-22T21:54:35.948898+00:00
[2022-08-22 21:54:35,960] {processor.py:161} INFO - Processing /home/airflow/.local/lib/python3.7/site-packages/airflow/example_dags/example_latest_only.py took 0.066 seconds
[2022-08-22 21:55:06,762] {processor.py:153} INFO - Started process (PID=254) to work on /home/airflow/.local/lib/python3.7/site-packages/airflow/example_dags/example_latest_only.py
[2022-08-22 21:55:06,762] {processor.py:641} INFO - Processing file /home/airflow/.local/lib/python3.7/site-packages/airflow/example_dags/example_latest_only.py for tasks to queue
[2022-08-22 21:55:06,763] {logging_mixin.py:115} INFO - [2022-08-22 21:55:06,763] {dagbag.py:508} INFO - Filling up the DagBag from /home/airflow/.local/lib/python3.7/site-packages/airflow/example_dags/example_latest_only.py
[2022-08-22 21:55:06,767] {processor.py:651} INFO - DAG(s) dict_keys(['latest_only']) retrieved from /home/airflow/.local/lib/python3.7/site-packages/airflow/example_dags/example_latest_only.py
[2022-08-22 21:55:06,790] {logging_mixin.py:115} INFO - [2022-08-22 21:55:06,789] {dag.py:2420} INFO - Sync 1 DAGs
[2022-08-22 21:55:06,812] {logging_mixin.py:115} INFO - [2022-08-22 21:55:06,812] {dag.py:2972} INFO - Setting next_dagrun for latest_only to 2022-08-22T17:55:06.811905+00:00, run_after=2022-08-22T21:55:06.811905+00:00
[2022-08-22 21:55:06,822] {processor.py:161} INFO - Processing /home/airflow/.local/lib/python3.7/site-packages/airflow/example_dags/example_latest_only.py took 0.063 seconds
[2022-08-22 21:55:37,620] {processor.py:153} INFO - Started process (PID=316) to work on /home/airflow/.local/lib/python3.7/site-packages/airflow/example_dags/example_latest_only.py
[2022-08-22 21:55:37,620] {processor.py:641} INFO - Processing file /home/airflow/.local/lib/python3.7/site-packages/airflow/example_dags/example_latest_only.py for tasks to queue
[2022-08-22 21:55:37,621] {logging_mixin.py:115} INFO - [2022-08-22 21:55:37,621] {dagbag.py:508} INFO - Filling up the DagBag from /home/airflow/.local/lib/python3.7/site-packages/airflow/example_dags/example_latest_only.py
[2022-08-22 21:55:37,625] {processor.py:651} INFO - DAG(s) dict_keys(['latest_only']) retrieved from /home/airflow/.local/lib/python3.7/site-packages/airflow/example_dags/example_latest_only.py
[2022-08-22 21:55:37,649] {logging_mixin.py:115} INFO - [2022-08-22 21:55:37,649] {dag.py:2420} INFO - Sync 1 DAGs
[2022-08-22 21:55:37,669] {logging_mixin.py:115} INFO - [2022-08-22 21:55:37,669] {dag.py:2972} INFO - Setting next_dagrun for latest_only to 2022-08-22T17:55:37.669468+00:00, run_after=2022-08-22T21:55:37.669468+00:00
[2022-08-22 21:55:37,681] {processor.py:161} INFO - Processing /home/airflow/.local/lib/python3.7/site-packages/airflow/example_dags/example_latest_only.py took 0.064 seconds
[2022-08-22 21:56:08,354] {processor.py:153} INFO - Started process (PID=368) to work on /home/airflow/.local/lib/python3.7/site-packages/airflow/example_dags/example_latest_only.py
[2022-08-22 21:56:08,354] {processor.py:641} INFO - Processing file /home/airflow/.local/lib/python3.7/site-packages/airflow/example_dags/example_latest_only.py for tasks to queue
[2022-08-22 21:56:08,355] {logging_mixin.py:115} INFO - [2022-08-22 21:56:08,355] {dagbag.py:508} INFO - Filling up the DagBag from /home/airflow/.local/lib/python3.7/site-packages/airflow/example_dags/example_latest_only.py
[2022-08-22 21:56:08,359] {processor.py:651} INFO - DAG(s) dict_keys(['latest_only']) retrieved from /home/airflow/.local/lib/python3.7/site-packages/airflow/example_dags/example_latest_only.py
[2022-08-22 21:56:08,382] {logging_mixin.py:115} INFO - [2022-08-22 21:56:08,382] {dag.py:2420} INFO - Sync 1 DAGs
[2022-08-22 21:56:08,405] {logging_mixin.py:115} INFO - [2022-08-22 21:56:08,404] {dag.py:2972} INFO - Setting next_dagrun for latest_only to 2022-08-22T17:56:08.404662+00:00, run_after=2022-08-22T21:56:08.404662+00:00
[2022-08-22 21:56:08,417] {processor.py:161} INFO - Processing /home/airflow/.local/lib/python3.7/site-packages/airflow/example_dags/example_latest_only.py took 0.066 seconds
[2022-08-22 21:56:39,114] {processor.py:153} INFO - Started process (PID=429) to work on /home/airflow/.local/lib/python3.7/site-packages/airflow/example_dags/example_latest_only.py
[2022-08-22 21:56:39,114] {processor.py:641} INFO - Processing file /home/airflow/.local/lib/python3.7/site-packages/airflow/example_dags/example_latest_only.py for tasks to queue
[2022-08-22 21:56:39,115] {logging_mixin.py:115} INFO - [2022-08-22 21:56:39,115] {dagbag.py:508} INFO - Filling up the DagBag from /home/airflow/.local/lib/python3.7/site-packages/airflow/example_dags/example_latest_only.py
[2022-08-22 21:56:39,119] {processor.py:651} INFO - DAG(s) dict_keys(['latest_only']) retrieved from /home/airflow/.local/lib/python3.7/site-packages/airflow/example_dags/example_latest_only.py
[2022-08-22 21:56:39,147] {logging_mixin.py:115} INFO - [2022-08-22 21:56:39,147] {dag.py:2420} INFO - Sync 1 DAGs
[2022-08-22 21:56:39,172] {logging_mixin.py:115} INFO - [2022-08-22 21:56:39,172] {dag.py:2972} INFO - Setting next_dagrun for latest_only to 2022-08-22T17:56:39.172103+00:00, run_after=2022-08-22T21:56:39.172103+00:00
[2022-08-22 21:56:39,184] {processor.py:161} INFO - Processing /home/airflow/.local/lib/python3.7/site-packages/airflow/example_dags/example_latest_only.py took 0.073 seconds
[2022-08-22 21:57:10,113] {processor.py:153} INFO - Started process (PID=490) to work on /home/airflow/.local/lib/python3.7/site-packages/airflow/example_dags/example_latest_only.py
[2022-08-22 21:57:10,114] {processor.py:641} INFO - Processing file /home/airflow/.local/lib/python3.7/site-packages/airflow/example_dags/example_latest_only.py for tasks to queue
[2022-08-22 21:57:10,115] {logging_mixin.py:115} INFO - [2022-08-22 21:57:10,115] {dagbag.py:508} INFO - Filling up the DagBag from /home/airflow/.local/lib/python3.7/site-packages/airflow/example_dags/example_latest_only.py
[2022-08-22 21:57:10,121] {processor.py:651} INFO - DAG(s) dict_keys(['latest_only']) retrieved from /home/airflow/.local/lib/python3.7/site-packages/airflow/example_dags/example_latest_only.py
[2022-08-22 21:57:10,143] {logging_mixin.py:115} INFO - [2022-08-22 21:57:10,143] {dag.py:2420} INFO - Sync 1 DAGs
[2022-08-22 21:57:10,164] {logging_mixin.py:115} INFO - [2022-08-22 21:57:10,164] {dag.py:2972} INFO - Setting next_dagrun for latest_only to 2022-08-22T17:57:10.164372+00:00, run_after=2022-08-22T21:57:10.164372+00:00
[2022-08-22 21:57:10,175] {processor.py:161} INFO - Processing /home/airflow/.local/lib/python3.7/site-packages/airflow/example_dags/example_latest_only.py took 0.064 seconds
[2022-08-22 21:57:40,863] {processor.py:153} INFO - Started process (PID=542) to work on /home/airflow/.local/lib/python3.7/site-packages/airflow/example_dags/example_latest_only.py
[2022-08-22 21:57:40,863] {processor.py:641} INFO - Processing file /home/airflow/.local/lib/python3.7/site-packages/airflow/example_dags/example_latest_only.py for tasks to queue
[2022-08-22 21:57:40,863] {logging_mixin.py:115} INFO - [2022-08-22 21:57:40,863] {dagbag.py:508} INFO - Filling up the DagBag from /home/airflow/.local/lib/python3.7/site-packages/airflow/example_dags/example_latest_only.py
[2022-08-22 21:57:40,868] {processor.py:651} INFO - DAG(s) dict_keys(['latest_only']) retrieved from /home/airflow/.local/lib/python3.7/site-packages/airflow/example_dags/example_latest_only.py
[2022-08-22 21:57:40,890] {logging_mixin.py:115} INFO - [2022-08-22 21:57:40,890] {dag.py:2420} INFO - Sync 1 DAGs
[2022-08-22 21:57:40,909] {logging_mixin.py:115} INFO - [2022-08-22 21:57:40,909] {dag.py:2972} INFO - Setting next_dagrun for latest_only to 2022-08-22T17:57:40.908823+00:00, run_after=2022-08-22T21:57:40.908823+00:00
[2022-08-22 21:57:40,919] {processor.py:161} INFO - Processing /home/airflow/.local/lib/python3.7/site-packages/airflow/example_dags/example_latest_only.py took 0.059 seconds
[2022-08-22 21:58:11,748] {processor.py:153} INFO - Started process (PID=603) to work on /home/airflow/.local/lib/python3.7/site-packages/airflow/example_dags/example_latest_only.py
[2022-08-22 21:58:11,749] {processor.py:641} INFO - Processing file /home/airflow/.local/lib/python3.7/site-packages/airflow/example_dags/example_latest_only.py for tasks to queue
[2022-08-22 21:58:11,749] {logging_mixin.py:115} INFO - [2022-08-22 21:58:11,749] {dagbag.py:508} INFO - Filling up the DagBag from /home/airflow/.local/lib/python3.7/site-packages/airflow/example_dags/example_latest_only.py
[2022-08-22 21:58:11,754] {processor.py:651} INFO - DAG(s) dict_keys(['latest_only']) retrieved from /home/airflow/.local/lib/python3.7/site-packages/airflow/example_dags/example_latest_only.py
[2022-08-22 21:58:11,777] {logging_mixin.py:115} INFO - [2022-08-22 21:58:11,777] {dag.py:2420} INFO - Sync 1 DAGs
[2022-08-22 21:58:11,797] {logging_mixin.py:115} INFO - [2022-08-22 21:58:11,797] {dag.py:2972} INFO - Setting next_dagrun for latest_only to 2022-08-22T17:58:11.797662+00:00, run_after=2022-08-22T21:58:11.797662+00:00
[2022-08-22 21:58:11,809] {processor.py:161} INFO - Processing /home/airflow/.local/lib/python3.7/site-packages/airflow/example_dags/example_latest_only.py took 0.063 seconds
[2022-08-22 21:58:42,511] {processor.py:153} INFO - Started process (PID=664) to work on /home/airflow/.local/lib/python3.7/site-packages/airflow/example_dags/example_latest_only.py
[2022-08-22 21:58:42,511] {processor.py:641} INFO - Processing file /home/airflow/.local/lib/python3.7/site-packages/airflow/example_dags/example_latest_only.py for tasks to queue
[2022-08-22 21:58:42,512] {logging_mixin.py:115} INFO - [2022-08-22 21:58:42,512] {dagbag.py:508} INFO - Filling up the DagBag from /home/airflow/.local/lib/python3.7/site-packages/airflow/example_dags/example_latest_only.py
[2022-08-22 21:58:42,517] {processor.py:651} INFO - DAG(s) dict_keys(['latest_only']) retrieved from /home/airflow/.local/lib/python3.7/site-packages/airflow/example_dags/example_latest_only.py
[2022-08-22 21:58:42,539] {logging_mixin.py:115} INFO - [2022-08-22 21:58:42,539] {dag.py:2420} INFO - Sync 1 DAGs
[2022-08-22 21:58:42,560] {logging_mixin.py:115} INFO - [2022-08-22 21:58:42,560] {dag.py:2972} INFO - Setting next_dagrun for latest_only to 2022-08-22T17:58:42.560264+00:00, run_after=2022-08-22T21:58:42.560264+00:00
[2022-08-22 21:58:42,571] {processor.py:161} INFO - Processing /home/airflow/.local/lib/python3.7/site-packages/airflow/example_dags/example_latest_only.py took 0.063 seconds
[2022-08-22 21:59:13,331] {processor.py:153} INFO - Started process (PID=725) to work on /home/airflow/.local/lib/python3.7/site-packages/airflow/example_dags/example_latest_only.py
[2022-08-22 21:59:13,331] {processor.py:641} INFO - Processing file /home/airflow/.local/lib/python3.7/site-packages/airflow/example_dags/example_latest_only.py for tasks to queue
[2022-08-22 21:59:13,332] {logging_mixin.py:115} INFO - [2022-08-22 21:59:13,332] {dagbag.py:508} INFO - Filling up the DagBag from /home/airflow/.local/lib/python3.7/site-packages/airflow/example_dags/example_latest_only.py
[2022-08-22 21:59:13,337] {processor.py:651} INFO - DAG(s) dict_keys(['latest_only']) retrieved from /home/airflow/.local/lib/python3.7/site-packages/airflow/example_dags/example_latest_only.py
[2022-08-22 21:59:13,363] {logging_mixin.py:115} INFO - [2022-08-22 21:59:13,363] {dag.py:2420} INFO - Sync 1 DAGs
[2022-08-22 21:59:13,388] {logging_mixin.py:115} INFO - [2022-08-22 21:59:13,388] {dag.py:2972} INFO - Setting next_dagrun for latest_only to 2022-08-22T17:59:13.388489+00:00, run_after=2022-08-22T21:59:13.388489+00:00
[2022-08-22 21:59:13,403] {processor.py:161} INFO - Processing /home/airflow/.local/lib/python3.7/site-packages/airflow/example_dags/example_latest_only.py took 0.076 seconds
[2022-08-22 21:59:44,116] {processor.py:153} INFO - Started process (PID=777) to work on /home/airflow/.local/lib/python3.7/site-packages/airflow/example_dags/example_latest_only.py
[2022-08-22 21:59:44,116] {processor.py:641} INFO - Processing file /home/airflow/.local/lib/python3.7/site-packages/airflow/example_dags/example_latest_only.py for tasks to queue
[2022-08-22 21:59:44,117] {logging_mixin.py:115} INFO - [2022-08-22 21:59:44,117] {dagbag.py:508} INFO - Filling up the DagBag from /home/airflow/.local/lib/python3.7/site-packages/airflow/example_dags/example_latest_only.py
[2022-08-22 21:59:44,122] {processor.py:651} INFO - DAG(s) dict_keys(['latest_only']) retrieved from /home/airflow/.local/lib/python3.7/site-packages/airflow/example_dags/example_latest_only.py
[2022-08-22 21:59:44,145] {logging_mixin.py:115} INFO - [2022-08-22 21:59:44,145] {dag.py:2420} INFO - Sync 1 DAGs
[2022-08-22 21:59:44,167] {logging_mixin.py:115} INFO - [2022-08-22 21:59:44,167] {dag.py:2972} INFO - Setting next_dagrun for latest_only to 2022-08-22T17:59:44.167059+00:00, run_after=2022-08-22T21:59:44.167059+00:00
[2022-08-22 21:59:44,180] {processor.py:161} INFO - Processing /home/airflow/.local/lib/python3.7/site-packages/airflow/example_dags/example_latest_only.py took 0.067 seconds
[2022-08-22 22:00:14,874] {processor.py:153} INFO - Started process (PID=838) to work on /home/airflow/.local/lib/python3.7/site-packages/airflow/example_dags/example_latest_only.py
[2022-08-22 22:00:14,874] {processor.py:641} INFO - Processing file /home/airflow/.local/lib/python3.7/site-packages/airflow/example_dags/example_latest_only.py for tasks to queue
[2022-08-22 22:00:14,875] {logging_mixin.py:115} INFO - [2022-08-22 22:00:14,875] {dagbag.py:508} INFO - Filling up the DagBag from /home/airflow/.local/lib/python3.7/site-packages/airflow/example_dags/example_latest_only.py
[2022-08-22 22:00:14,879] {processor.py:651} INFO - DAG(s) dict_keys(['latest_only']) retrieved from /home/airflow/.local/lib/python3.7/site-packages/airflow/example_dags/example_latest_only.py
[2022-08-22 22:00:14,902] {logging_mixin.py:115} INFO - [2022-08-22 22:00:14,902] {dag.py:2420} INFO - Sync 1 DAGs
[2022-08-22 22:00:14,923] {logging_mixin.py:115} INFO - [2022-08-22 22:00:14,922] {dag.py:2972} INFO - Setting next_dagrun for latest_only to 2022-08-22T18:00:14.922483+00:00, run_after=2022-08-22T22:00:14.922483+00:00
[2022-08-22 22:00:14,933] {processor.py:161} INFO - Processing /home/airflow/.local/lib/python3.7/site-packages/airflow/example_dags/example_latest_only.py took 0.062 seconds
[2022-08-22 22:00:45,674] {processor.py:153} INFO - Started process (PID=899) to work on /home/airflow/.local/lib/python3.7/site-packages/airflow/example_dags/example_latest_only.py
[2022-08-22 22:00:45,675] {processor.py:641} INFO - Processing file /home/airflow/.local/lib/python3.7/site-packages/airflow/example_dags/example_latest_only.py for tasks to queue
[2022-08-22 22:00:45,676] {logging_mixin.py:115} INFO - [2022-08-22 22:00:45,676] {dagbag.py:508} INFO - Filling up the DagBag from /home/airflow/.local/lib/python3.7/site-packages/airflow/example_dags/example_latest_only.py
[2022-08-22 22:00:45,680] {processor.py:651} INFO - DAG(s) dict_keys(['latest_only']) retrieved from /home/airflow/.local/lib/python3.7/site-packages/airflow/example_dags/example_latest_only.py
[2022-08-22 22:00:45,703] {logging_mixin.py:115} INFO - [2022-08-22 22:00:45,703] {dag.py:2420} INFO - Sync 1 DAGs
[2022-08-22 22:00:45,722] {logging_mixin.py:115} INFO - [2022-08-22 22:00:45,722] {dag.py:2972} INFO - Setting next_dagrun for latest_only to 2022-08-22T18:00:45.722159+00:00, run_after=2022-08-22T22:00:45.722159+00:00
[2022-08-22 22:00:45,733] {processor.py:161} INFO - Processing /home/airflow/.local/lib/python3.7/site-packages/airflow/example_dags/example_latest_only.py took 0.061 seconds
[2022-08-22 22:01:16,454] {processor.py:153} INFO - Started process (PID=951) to work on /home/airflow/.local/lib/python3.7/site-packages/airflow/example_dags/example_latest_only.py
[2022-08-22 22:01:16,454] {processor.py:641} INFO - Processing file /home/airflow/.local/lib/python3.7/site-packages/airflow/example_dags/example_latest_only.py for tasks to queue
[2022-08-22 22:01:16,455] {logging_mixin.py:115} INFO - [2022-08-22 22:01:16,455] {dagbag.py:508} INFO - Filling up the DagBag from /home/airflow/.local/lib/python3.7/site-packages/airflow/example_dags/example_latest_only.py
[2022-08-22 22:01:16,460] {processor.py:651} INFO - DAG(s) dict_keys(['latest_only']) retrieved from /home/airflow/.local/lib/python3.7/site-packages/airflow/example_dags/example_latest_only.py
[2022-08-22 22:01:16,483] {logging_mixin.py:115} INFO - [2022-08-22 22:01:16,483] {dag.py:2420} INFO - Sync 1 DAGs
[2022-08-22 22:01:16,504] {logging_mixin.py:115} INFO - [2022-08-22 22:01:16,504] {dag.py:2972} INFO - Setting next_dagrun for latest_only to 2022-08-22T18:01:16.503803+00:00, run_after=2022-08-22T22:01:16.503803+00:00
[2022-08-22 22:01:16,517] {processor.py:161} INFO - Processing /home/airflow/.local/lib/python3.7/site-packages/airflow/example_dags/example_latest_only.py took 0.066 seconds
[2022-08-22 22:01:47,458] {processor.py:153} INFO - Started process (PID=1012) to work on /home/airflow/.local/lib/python3.7/site-packages/airflow/example_dags/example_latest_only.py
[2022-08-22 22:01:47,459] {processor.py:641} INFO - Processing file /home/airflow/.local/lib/python3.7/site-packages/airflow/example_dags/example_latest_only.py for tasks to queue
[2022-08-22 22:01:47,459] {logging_mixin.py:115} INFO - [2022-08-22 22:01:47,459] {dagbag.py:508} INFO - Filling up the DagBag from /home/airflow/.local/lib/python3.7/site-packages/airflow/example_dags/example_latest_only.py
[2022-08-22 22:01:47,463] {processor.py:651} INFO - DAG(s) dict_keys(['latest_only']) retrieved from /home/airflow/.local/lib/python3.7/site-packages/airflow/example_dags/example_latest_only.py
[2022-08-22 22:01:47,486] {logging_mixin.py:115} INFO - [2022-08-22 22:01:47,486] {dag.py:2420} INFO - Sync 1 DAGs
[2022-08-22 22:01:47,505] {logging_mixin.py:115} INFO - [2022-08-22 22:01:47,505] {dag.py:2972} INFO - Setting next_dagrun for latest_only to 2022-08-22T18:01:47.505481+00:00, run_after=2022-08-22T22:01:47.505481+00:00
[2022-08-22 22:01:47,517] {processor.py:161} INFO - Processing /home/airflow/.local/lib/python3.7/site-packages/airflow/example_dags/example_latest_only.py took 0.061 seconds
[2022-08-22 22:02:18,249] {processor.py:153} INFO - Started process (PID=1073) to work on /home/airflow/.local/lib/python3.7/site-packages/airflow/example_dags/example_latest_only.py
[2022-08-22 22:02:18,250] {processor.py:641} INFO - Processing file /home/airflow/.local/lib/python3.7/site-packages/airflow/example_dags/example_latest_only.py for tasks to queue
[2022-08-22 22:02:18,251] {logging_mixin.py:115} INFO - [2022-08-22 22:02:18,251] {dagbag.py:508} INFO - Filling up the DagBag from /home/airflow/.local/lib/python3.7/site-packages/airflow/example_dags/example_latest_only.py
[2022-08-22 22:02:18,255] {processor.py:651} INFO - DAG(s) dict_keys(['latest_only']) retrieved from /home/airflow/.local/lib/python3.7/site-packages/airflow/example_dags/example_latest_only.py
[2022-08-22 22:02:18,279] {logging_mixin.py:115} INFO - [2022-08-22 22:02:18,279] {dag.py:2420} INFO - Sync 1 DAGs
[2022-08-22 22:02:18,300] {logging_mixin.py:115} INFO - [2022-08-22 22:02:18,300] {dag.py:2972} INFO - Setting next_dagrun for latest_only to 2022-08-22T18:02:18.300314+00:00, run_after=2022-08-22T22:02:18.300314+00:00
[2022-08-22 22:02:18,311] {processor.py:161} INFO - Processing /home/airflow/.local/lib/python3.7/site-packages/airflow/example_dags/example_latest_only.py took 0.065 seconds
[2022-08-22 22:02:49,122] {processor.py:153} INFO - Started process (PID=1132) to work on /home/airflow/.local/lib/python3.7/site-packages/airflow/example_dags/example_latest_only.py
[2022-08-22 22:02:49,123] {processor.py:641} INFO - Processing file /home/airflow/.local/lib/python3.7/site-packages/airflow/example_dags/example_latest_only.py for tasks to queue
[2022-08-22 22:02:49,124] {logging_mixin.py:115} INFO - [2022-08-22 22:02:49,124] {dagbag.py:508} INFO - Filling up the DagBag from /home/airflow/.local/lib/python3.7/site-packages/airflow/example_dags/example_latest_only.py
[2022-08-22 22:02:49,130] {processor.py:651} INFO - DAG(s) dict_keys(['latest_only']) retrieved from /home/airflow/.local/lib/python3.7/site-packages/airflow/example_dags/example_latest_only.py
[2022-08-22 22:02:49,156] {logging_mixin.py:115} INFO - [2022-08-22 22:02:49,155] {dag.py:2420} INFO - Sync 1 DAGs
[2022-08-22 22:02:49,180] {logging_mixin.py:115} INFO - [2022-08-22 22:02:49,180] {dag.py:2972} INFO - Setting next_dagrun for latest_only to 2022-08-22T18:02:49.179998+00:00, run_after=2022-08-22T22:02:49.179998+00:00
[2022-08-22 22:02:49,194] {processor.py:161} INFO - Processing /home/airflow/.local/lib/python3.7/site-packages/airflow/example_dags/example_latest_only.py took 0.075 seconds
[2022-08-22 22:03:20,057] {processor.py:153} INFO - Started process (PID=1186) to work on /home/airflow/.local/lib/python3.7/site-packages/airflow/example_dags/example_latest_only.py
[2022-08-22 22:03:20,057] {processor.py:641} INFO - Processing file /home/airflow/.local/lib/python3.7/site-packages/airflow/example_dags/example_latest_only.py for tasks to queue
[2022-08-22 22:03:20,058] {logging_mixin.py:115} INFO - [2022-08-22 22:03:20,058] {dagbag.py:508} INFO - Filling up the DagBag from /home/airflow/.local/lib/python3.7/site-packages/airflow/example_dags/example_latest_only.py
[2022-08-22 22:03:20,064] {processor.py:651} INFO - DAG(s) dict_keys(['latest_only']) retrieved from /home/airflow/.local/lib/python3.7/site-packages/airflow/example_dags/example_latest_only.py
[2022-08-22 22:03:20,092] {logging_mixin.py:115} INFO - [2022-08-22 22:03:20,092] {dag.py:2420} INFO - Sync 1 DAGs
[2022-08-22 22:03:20,121] {logging_mixin.py:115} INFO - [2022-08-22 22:03:20,120] {dag.py:2972} INFO - Setting next_dagrun for latest_only to 2022-08-22T18:03:20.120546+00:00, run_after=2022-08-22T22:03:20.120546+00:00
[2022-08-22 22:03:20,132] {processor.py:161} INFO - Processing /home/airflow/.local/lib/python3.7/site-packages/airflow/example_dags/example_latest_only.py took 0.078 seconds
[2022-08-22 22:03:50,943] {processor.py:153} INFO - Started process (PID=1247) to work on /home/airflow/.local/lib/python3.7/site-packages/airflow/example_dags/example_latest_only.py
[2022-08-22 22:03:50,943] {processor.py:641} INFO - Processing file /home/airflow/.local/lib/python3.7/site-packages/airflow/example_dags/example_latest_only.py for tasks to queue
[2022-08-22 22:03:50,944] {logging_mixin.py:115} INFO - [2022-08-22 22:03:50,943] {dagbag.py:508} INFO - Filling up the DagBag from /home/airflow/.local/lib/python3.7/site-packages/airflow/example_dags/example_latest_only.py
[2022-08-22 22:03:50,947] {processor.py:651} INFO - DAG(s) dict_keys(['latest_only']) retrieved from /home/airflow/.local/lib/python3.7/site-packages/airflow/example_dags/example_latest_only.py
[2022-08-22 22:03:50,967] {logging_mixin.py:115} INFO - [2022-08-22 22:03:50,967] {dag.py:2420} INFO - Sync 1 DAGs
[2022-08-22 22:03:50,985] {logging_mixin.py:115} INFO - [2022-08-22 22:03:50,985] {dag.py:2972} INFO - Setting next_dagrun for latest_only to 2022-08-22T18:03:50.984887+00:00, run_after=2022-08-22T22:03:50.984887+00:00
[2022-08-22 22:03:50,994] {processor.py:161} INFO - Processing /home/airflow/.local/lib/python3.7/site-packages/airflow/example_dags/example_latest_only.py took 0.053 seconds
[2022-08-22 22:04:21,544] {processor.py:153} INFO - Started process (PID=1308) to work on /home/airflow/.local/lib/python3.7/site-packages/airflow/example_dags/example_latest_only.py
[2022-08-22 22:04:21,545] {processor.py:641} INFO - Processing file /home/airflow/.local/lib/python3.7/site-packages/airflow/example_dags/example_latest_only.py for tasks to queue
[2022-08-22 22:04:21,545] {logging_mixin.py:115} INFO - [2022-08-22 22:04:21,545] {dagbag.py:508} INFO - Filling up the DagBag from /home/airflow/.local/lib/python3.7/site-packages/airflow/example_dags/example_latest_only.py
[2022-08-22 22:04:21,549] {processor.py:651} INFO - DAG(s) dict_keys(['latest_only']) retrieved from /home/airflow/.local/lib/python3.7/site-packages/airflow/example_dags/example_latest_only.py
[2022-08-22 22:04:21,569] {logging_mixin.py:115} INFO - [2022-08-22 22:04:21,568] {dag.py:2420} INFO - Sync 1 DAGs
[2022-08-22 22:04:21,587] {logging_mixin.py:115} INFO - [2022-08-22 22:04:21,587] {dag.py:2972} INFO - Setting next_dagrun for latest_only to 2022-08-22T18:04:21.586812+00:00, run_after=2022-08-22T22:04:21.586812+00:00
[2022-08-22 22:04:21,598] {processor.py:161} INFO - Processing /home/airflow/.local/lib/python3.7/site-packages/airflow/example_dags/example_latest_only.py took 0.056 seconds
[2022-08-22 22:04:52,095] {processor.py:153} INFO - Started process (PID=1360) to work on /home/airflow/.local/lib/python3.7/site-packages/airflow/example_dags/example_latest_only.py
[2022-08-22 22:04:52,095] {processor.py:641} INFO - Processing file /home/airflow/.local/lib/python3.7/site-packages/airflow/example_dags/example_latest_only.py for tasks to queue
[2022-08-22 22:04:52,095] {logging_mixin.py:115} INFO - [2022-08-22 22:04:52,095] {dagbag.py:508} INFO - Filling up the DagBag from /home/airflow/.local/lib/python3.7/site-packages/airflow/example_dags/example_latest_only.py
[2022-08-22 22:04:52,099] {processor.py:651} INFO - DAG(s) dict_keys(['latest_only']) retrieved from /home/airflow/.local/lib/python3.7/site-packages/airflow/example_dags/example_latest_only.py
[2022-08-22 22:04:52,121] {logging_mixin.py:115} INFO - [2022-08-22 22:04:52,121] {dag.py:2420} INFO - Sync 1 DAGs
[2022-08-22 22:04:52,140] {logging_mixin.py:115} INFO - [2022-08-22 22:04:52,139] {dag.py:2972} INFO - Setting next_dagrun for latest_only to 2022-08-22T18:04:52.139734+00:00, run_after=2022-08-22T22:04:52.139734+00:00
[2022-08-22 22:04:52,149] {processor.py:161} INFO - Processing /home/airflow/.local/lib/python3.7/site-packages/airflow/example_dags/example_latest_only.py took 0.057 seconds
[2022-08-22 22:05:22,715] {processor.py:153} INFO - Started process (PID=1421) to work on /home/airflow/.local/lib/python3.7/site-packages/airflow/example_dags/example_latest_only.py
[2022-08-22 22:05:22,716] {processor.py:641} INFO - Processing file /home/airflow/.local/lib/python3.7/site-packages/airflow/example_dags/example_latest_only.py for tasks to queue
[2022-08-22 22:05:22,716] {logging_mixin.py:115} INFO - [2022-08-22 22:05:22,716] {dagbag.py:508} INFO - Filling up the DagBag from /home/airflow/.local/lib/python3.7/site-packages/airflow/example_dags/example_latest_only.py
[2022-08-22 22:05:22,722] {processor.py:651} INFO - DAG(s) dict_keys(['latest_only']) retrieved from /home/airflow/.local/lib/python3.7/site-packages/airflow/example_dags/example_latest_only.py
[2022-08-22 22:05:22,746] {logging_mixin.py:115} INFO - [2022-08-22 22:05:22,746] {dag.py:2420} INFO - Sync 1 DAGs
[2022-08-22 22:05:22,769] {logging_mixin.py:115} INFO - [2022-08-22 22:05:22,769] {dag.py:2972} INFO - Setting next_dagrun for latest_only to 2022-08-22T18:05:22.768741+00:00, run_after=2022-08-22T22:05:22.768741+00:00
[2022-08-22 22:05:22,780] {processor.py:161} INFO - Processing /home/airflow/.local/lib/python3.7/site-packages/airflow/example_dags/example_latest_only.py took 0.068 seconds
[2022-08-22 22:05:53,470] {processor.py:153} INFO - Started process (PID=1482) to work on /home/airflow/.local/lib/python3.7/site-packages/airflow/example_dags/example_latest_only.py
[2022-08-22 22:05:53,471] {processor.py:641} INFO - Processing file /home/airflow/.local/lib/python3.7/site-packages/airflow/example_dags/example_latest_only.py for tasks to queue
[2022-08-22 22:05:53,471] {logging_mixin.py:115} INFO - [2022-08-22 22:05:53,471] {dagbag.py:508} INFO - Filling up the DagBag from /home/airflow/.local/lib/python3.7/site-packages/airflow/example_dags/example_latest_only.py
[2022-08-22 22:05:53,475] {processor.py:651} INFO - DAG(s) dict_keys(['latest_only']) retrieved from /home/airflow/.local/lib/python3.7/site-packages/airflow/example_dags/example_latest_only.py
[2022-08-22 22:05:53,496] {logging_mixin.py:115} INFO - [2022-08-22 22:05:53,496] {dag.py:2420} INFO - Sync 1 DAGs
[2022-08-22 22:05:53,513] {logging_mixin.py:115} INFO - [2022-08-22 22:05:53,513] {dag.py:2972} INFO - Setting next_dagrun for latest_only to 2022-08-22T18:05:53.513404+00:00, run_after=2022-08-22T22:05:53.513404+00:00
[2022-08-22 22:05:53,523] {processor.py:161} INFO - Processing /home/airflow/.local/lib/python3.7/site-packages/airflow/example_dags/example_latest_only.py took 0.055 seconds
[2022-08-22 22:06:24,079] {processor.py:153} INFO - Started process (PID=1543) to work on /home/airflow/.local/lib/python3.7/site-packages/airflow/example_dags/example_latest_only.py
[2022-08-22 22:06:24,080] {processor.py:641} INFO - Processing file /home/airflow/.local/lib/python3.7/site-packages/airflow/example_dags/example_latest_only.py for tasks to queue
[2022-08-22 22:06:24,080] {logging_mixin.py:115} INFO - [2022-08-22 22:06:24,080] {dagbag.py:508} INFO - Filling up the DagBag from /home/airflow/.local/lib/python3.7/site-packages/airflow/example_dags/example_latest_only.py
[2022-08-22 22:06:24,084] {processor.py:651} INFO - DAG(s) dict_keys(['latest_only']) retrieved from /home/airflow/.local/lib/python3.7/site-packages/airflow/example_dags/example_latest_only.py
[2022-08-22 22:06:24,106] {logging_mixin.py:115} INFO - [2022-08-22 22:06:24,106] {dag.py:2420} INFO - Sync 1 DAGs
[2022-08-22 22:06:24,131] {logging_mixin.py:115} INFO - [2022-08-22 22:06:24,131] {dag.py:2972} INFO - Setting next_dagrun for latest_only to 2022-08-22T18:06:24.131263+00:00, run_after=2022-08-22T22:06:24.131263+00:00
[2022-08-22 22:06:24,143] {processor.py:161} INFO - Processing /home/airflow/.local/lib/python3.7/site-packages/airflow/example_dags/example_latest_only.py took 0.067 seconds
[2022-08-22 22:06:54,704] {processor.py:153} INFO - Started process (PID=1595) to work on /home/airflow/.local/lib/python3.7/site-packages/airflow/example_dags/example_latest_only.py
[2022-08-22 22:06:54,705] {processor.py:641} INFO - Processing file /home/airflow/.local/lib/python3.7/site-packages/airflow/example_dags/example_latest_only.py for tasks to queue
[2022-08-22 22:06:54,705] {logging_mixin.py:115} INFO - [2022-08-22 22:06:54,705] {dagbag.py:508} INFO - Filling up the DagBag from /home/airflow/.local/lib/python3.7/site-packages/airflow/example_dags/example_latest_only.py
[2022-08-22 22:06:54,712] {processor.py:651} INFO - DAG(s) dict_keys(['latest_only']) retrieved from /home/airflow/.local/lib/python3.7/site-packages/airflow/example_dags/example_latest_only.py
[2022-08-22 22:06:54,735] {logging_mixin.py:115} INFO - [2022-08-22 22:06:54,735] {dag.py:2420} INFO - Sync 1 DAGs
[2022-08-22 22:06:54,752] {logging_mixin.py:115} INFO - [2022-08-22 22:06:54,752] {dag.py:2972} INFO - Setting next_dagrun for latest_only to 2022-08-22T18:06:54.752697+00:00, run_after=2022-08-22T22:06:54.752697+00:00
[2022-08-22 22:06:54,764] {processor.py:161} INFO - Processing /home/airflow/.local/lib/python3.7/site-packages/airflow/example_dags/example_latest_only.py took 0.065 seconds
[2022-08-22 22:07:25,362] {processor.py:153} INFO - Started process (PID=1656) to work on /home/airflow/.local/lib/python3.7/site-packages/airflow/example_dags/example_latest_only.py
[2022-08-22 22:07:25,362] {processor.py:641} INFO - Processing file /home/airflow/.local/lib/python3.7/site-packages/airflow/example_dags/example_latest_only.py for tasks to queue
[2022-08-22 22:07:25,362] {logging_mixin.py:115} INFO - [2022-08-22 22:07:25,362] {dagbag.py:508} INFO - Filling up the DagBag from /home/airflow/.local/lib/python3.7/site-packages/airflow/example_dags/example_latest_only.py
[2022-08-22 22:07:25,366] {processor.py:651} INFO - DAG(s) dict_keys(['latest_only']) retrieved from /home/airflow/.local/lib/python3.7/site-packages/airflow/example_dags/example_latest_only.py
[2022-08-22 22:07:25,385] {logging_mixin.py:115} INFO - [2022-08-22 22:07:25,385] {dag.py:2420} INFO - Sync 1 DAGs
[2022-08-22 22:07:25,401] {logging_mixin.py:115} INFO - [2022-08-22 22:07:25,401] {dag.py:2972} INFO - Setting next_dagrun for latest_only to 2022-08-22T18:07:25.401317+00:00, run_after=2022-08-22T22:07:25.401317+00:00
[2022-08-22 22:07:25,410] {processor.py:161} INFO - Processing /home/airflow/.local/lib/python3.7/site-packages/airflow/example_dags/example_latest_only.py took 0.050 seconds
[2022-08-22 22:07:56,046] {processor.py:153} INFO - Started process (PID=1717) to work on /home/airflow/.local/lib/python3.7/site-packages/airflow/example_dags/example_latest_only.py
[2022-08-22 22:07:56,047] {processor.py:641} INFO - Processing file /home/airflow/.local/lib/python3.7/site-packages/airflow/example_dags/example_latest_only.py for tasks to queue
[2022-08-22 22:07:56,047] {logging_mixin.py:115} INFO - [2022-08-22 22:07:56,047] {dagbag.py:508} INFO - Filling up the DagBag from /home/airflow/.local/lib/python3.7/site-packages/airflow/example_dags/example_latest_only.py
[2022-08-22 22:07:56,054] {processor.py:651} INFO - DAG(s) dict_keys(['latest_only']) retrieved from /home/airflow/.local/lib/python3.7/site-packages/airflow/example_dags/example_latest_only.py
[2022-08-22 22:07:56,077] {logging_mixin.py:115} INFO - [2022-08-22 22:07:56,077] {dag.py:2420} INFO - Sync 1 DAGs
[2022-08-22 22:07:56,095] {logging_mixin.py:115} INFO - [2022-08-22 22:07:56,095] {dag.py:2972} INFO - Setting next_dagrun for latest_only to 2022-08-22T18:07:56.095226+00:00, run_after=2022-08-22T22:07:56.095226+00:00
[2022-08-22 22:07:56,105] {processor.py:161} INFO - Processing /home/airflow/.local/lib/python3.7/site-packages/airflow/example_dags/example_latest_only.py took 0.063 seconds
[2022-08-22 22:08:26,557] {processor.py:153} INFO - Started process (PID=1769) to work on /home/airflow/.local/lib/python3.7/site-packages/airflow/example_dags/example_latest_only.py
[2022-08-22 22:08:26,557] {processor.py:641} INFO - Processing file /home/airflow/.local/lib/python3.7/site-packages/airflow/example_dags/example_latest_only.py for tasks to queue
[2022-08-22 22:08:26,558] {logging_mixin.py:115} INFO - [2022-08-22 22:08:26,558] {dagbag.py:508} INFO - Filling up the DagBag from /home/airflow/.local/lib/python3.7/site-packages/airflow/example_dags/example_latest_only.py
[2022-08-22 22:08:26,565] {processor.py:651} INFO - DAG(s) dict_keys(['latest_only']) retrieved from /home/airflow/.local/lib/python3.7/site-packages/airflow/example_dags/example_latest_only.py
[2022-08-22 22:08:26,595] {logging_mixin.py:115} INFO - [2022-08-22 22:08:26,595] {dag.py:2420} INFO - Sync 1 DAGs
[2022-08-22 22:08:26,619] {logging_mixin.py:115} INFO - [2022-08-22 22:08:26,619] {dag.py:2972} INFO - Setting next_dagrun for latest_only to 2022-08-22T18:08:26.618864+00:00, run_after=2022-08-22T22:08:26.618864+00:00
[2022-08-22 22:08:26,629] {processor.py:161} INFO - Processing /home/airflow/.local/lib/python3.7/site-packages/airflow/example_dags/example_latest_only.py took 0.076 seconds
[2022-08-22 22:08:57,466] {processor.py:153} INFO - Started process (PID=1830) to work on /home/airflow/.local/lib/python3.7/site-packages/airflow/example_dags/example_latest_only.py
[2022-08-22 22:08:57,466] {processor.py:641} INFO - Processing file /home/airflow/.local/lib/python3.7/site-packages/airflow/example_dags/example_latest_only.py for tasks to queue
[2022-08-22 22:08:57,467] {logging_mixin.py:115} INFO - [2022-08-22 22:08:57,467] {dagbag.py:508} INFO - Filling up the DagBag from /home/airflow/.local/lib/python3.7/site-packages/airflow/example_dags/example_latest_only.py
[2022-08-22 22:08:57,471] {processor.py:651} INFO - DAG(s) dict_keys(['latest_only']) retrieved from /home/airflow/.local/lib/python3.7/site-packages/airflow/example_dags/example_latest_only.py
[2022-08-22 22:08:57,496] {logging_mixin.py:115} INFO - [2022-08-22 22:08:57,496] {dag.py:2420} INFO - Sync 1 DAGs
[2022-08-22 22:08:57,514] {logging_mixin.py:115} INFO - [2022-08-22 22:08:57,514] {dag.py:2972} INFO - Setting next_dagrun for latest_only to 2022-08-22T18:08:57.514475+00:00, run_after=2022-08-22T22:08:57.514475+00:00
[2022-08-22 22:08:57,524] {processor.py:161} INFO - Processing /home/airflow/.local/lib/python3.7/site-packages/airflow/example_dags/example_latest_only.py took 0.060 seconds
[2022-08-22 22:09:28,079] {processor.py:153} INFO - Started process (PID=1891) to work on /home/airflow/.local/lib/python3.7/site-packages/airflow/example_dags/example_latest_only.py
[2022-08-22 22:09:28,080] {processor.py:641} INFO - Processing file /home/airflow/.local/lib/python3.7/site-packages/airflow/example_dags/example_latest_only.py for tasks to queue
[2022-08-22 22:09:28,080] {logging_mixin.py:115} INFO - [2022-08-22 22:09:28,080] {dagbag.py:508} INFO - Filling up the DagBag from /home/airflow/.local/lib/python3.7/site-packages/airflow/example_dags/example_latest_only.py
[2022-08-22 22:09:28,084] {processor.py:651} INFO - DAG(s) dict_keys(['latest_only']) retrieved from /home/airflow/.local/lib/python3.7/site-packages/airflow/example_dags/example_latest_only.py
[2022-08-22 22:09:28,104] {logging_mixin.py:115} INFO - [2022-08-22 22:09:28,104] {dag.py:2420} INFO - Sync 1 DAGs
[2022-08-22 22:09:28,122] {logging_mixin.py:115} INFO - [2022-08-22 22:09:28,122] {dag.py:2972} INFO - Setting next_dagrun for latest_only to 2022-08-22T18:09:28.122539+00:00, run_after=2022-08-22T22:09:28.122539+00:00
[2022-08-22 22:09:28,132] {processor.py:161} INFO - Processing /home/airflow/.local/lib/python3.7/site-packages/airflow/example_dags/example_latest_only.py took 0.055 seconds
[2022-08-22 22:09:58,783] {processor.py:153} INFO - Started process (PID=1952) to work on /home/airflow/.local/lib/python3.7/site-packages/airflow/example_dags/example_latest_only.py
[2022-08-22 22:09:58,783] {processor.py:641} INFO - Processing file /home/airflow/.local/lib/python3.7/site-packages/airflow/example_dags/example_latest_only.py for tasks to queue
[2022-08-22 22:09:58,784] {logging_mixin.py:115} INFO - [2022-08-22 22:09:58,784] {dagbag.py:508} INFO - Filling up the DagBag from /home/airflow/.local/lib/python3.7/site-packages/airflow/example_dags/example_latest_only.py
[2022-08-22 22:09:58,788] {processor.py:651} INFO - DAG(s) dict_keys(['latest_only']) retrieved from /home/airflow/.local/lib/python3.7/site-packages/airflow/example_dags/example_latest_only.py
[2022-08-22 22:09:58,809] {logging_mixin.py:115} INFO - [2022-08-22 22:09:58,809] {dag.py:2420} INFO - Sync 1 DAGs
[2022-08-22 22:09:58,829] {logging_mixin.py:115} INFO - [2022-08-22 22:09:58,828] {dag.py:2972} INFO - Setting next_dagrun for latest_only to 2022-08-22T18:09:58.828771+00:00, run_after=2022-08-22T22:09:58.828771+00:00
[2022-08-22 22:09:58,839] {processor.py:161} INFO - Processing /home/airflow/.local/lib/python3.7/site-packages/airflow/example_dags/example_latest_only.py took 0.058 seconds
[2022-08-22 22:10:29,499] {processor.py:153} INFO - Started process (PID=2004) to work on /home/airflow/.local/lib/python3.7/site-packages/airflow/example_dags/example_latest_only.py
[2022-08-22 22:10:29,499] {processor.py:641} INFO - Processing file /home/airflow/.local/lib/python3.7/site-packages/airflow/example_dags/example_latest_only.py for tasks to queue
[2022-08-22 22:10:29,500] {logging_mixin.py:115} INFO - [2022-08-22 22:10:29,500] {dagbag.py:508} INFO - Filling up the DagBag from /home/airflow/.local/lib/python3.7/site-packages/airflow/example_dags/example_latest_only.py
[2022-08-22 22:10:29,504] {processor.py:651} INFO - DAG(s) dict_keys(['latest_only']) retrieved from /home/airflow/.local/lib/python3.7/site-packages/airflow/example_dags/example_latest_only.py
[2022-08-22 22:10:29,523] {logging_mixin.py:115} INFO - [2022-08-22 22:10:29,523] {dag.py:2420} INFO - Sync 1 DAGs
[2022-08-22 22:10:29,541] {logging_mixin.py:115} INFO - [2022-08-22 22:10:29,541] {dag.py:2972} INFO - Setting next_dagrun for latest_only to 2022-08-22T18:10:29.540897+00:00, run_after=2022-08-22T22:10:29.540897+00:00
[2022-08-22 22:10:29,550] {processor.py:161} INFO - Processing /home/airflow/.local/lib/python3.7/site-packages/airflow/example_dags/example_latest_only.py took 0.054 seconds
[2022-08-22 22:11:00,151] {processor.py:153} INFO - Started process (PID=2065) to work on /home/airflow/.local/lib/python3.7/site-packages/airflow/example_dags/example_latest_only.py
[2022-08-22 22:11:00,152] {processor.py:641} INFO - Processing file /home/airflow/.local/lib/python3.7/site-packages/airflow/example_dags/example_latest_only.py for tasks to queue
[2022-08-22 22:11:00,152] {logging_mixin.py:115} INFO - [2022-08-22 22:11:00,152] {dagbag.py:508} INFO - Filling up the DagBag from /home/airflow/.local/lib/python3.7/site-packages/airflow/example_dags/example_latest_only.py
[2022-08-22 22:11:00,156] {processor.py:651} INFO - DAG(s) dict_keys(['latest_only']) retrieved from /home/airflow/.local/lib/python3.7/site-packages/airflow/example_dags/example_latest_only.py
[2022-08-22 22:11:00,176] {logging_mixin.py:115} INFO - [2022-08-22 22:11:00,176] {dag.py:2420} INFO - Sync 1 DAGs
[2022-08-22 22:11:00,194] {logging_mixin.py:115} INFO - [2022-08-22 22:11:00,194] {dag.py:2972} INFO - Setting next_dagrun for latest_only to 2022-08-22T18:11:00.194662+00:00, run_after=2022-08-22T22:11:00.194662+00:00
[2022-08-22 22:11:00,208] {processor.py:161} INFO - Processing /home/airflow/.local/lib/python3.7/site-packages/airflow/example_dags/example_latest_only.py took 0.059 seconds
[2022-08-22 22:11:30,690] {processor.py:153} INFO - Started process (PID=2125) to work on /home/airflow/.local/lib/python3.7/site-packages/airflow/example_dags/example_latest_only.py
[2022-08-22 22:11:30,690] {processor.py:641} INFO - Processing file /home/airflow/.local/lib/python3.7/site-packages/airflow/example_dags/example_latest_only.py for tasks to queue
[2022-08-22 22:11:30,691] {logging_mixin.py:115} INFO - [2022-08-22 22:11:30,691] {dagbag.py:508} INFO - Filling up the DagBag from /home/airflow/.local/lib/python3.7/site-packages/airflow/example_dags/example_latest_only.py
[2022-08-22 22:11:30,695] {processor.py:651} INFO - DAG(s) dict_keys(['latest_only']) retrieved from /home/airflow/.local/lib/python3.7/site-packages/airflow/example_dags/example_latest_only.py
[2022-08-22 22:11:30,715] {logging_mixin.py:115} INFO - [2022-08-22 22:11:30,715] {dag.py:2420} INFO - Sync 1 DAGs
[2022-08-22 22:11:30,733] {logging_mixin.py:115} INFO - [2022-08-22 22:11:30,733] {dag.py:2972} INFO - Setting next_dagrun for latest_only to 2022-08-22T18:11:30.733390+00:00, run_after=2022-08-22T22:11:30.733390+00:00
[2022-08-22 22:11:30,742] {processor.py:161} INFO - Processing /home/airflow/.local/lib/python3.7/site-packages/airflow/example_dags/example_latest_only.py took 0.055 seconds
[2022-08-22 22:12:01,262] {processor.py:153} INFO - Started process (PID=2186) to work on /home/airflow/.local/lib/python3.7/site-packages/airflow/example_dags/example_latest_only.py
[2022-08-22 22:12:01,263] {processor.py:641} INFO - Processing file /home/airflow/.local/lib/python3.7/site-packages/airflow/example_dags/example_latest_only.py for tasks to queue
[2022-08-22 22:12:01,263] {logging_mixin.py:115} INFO - [2022-08-22 22:12:01,263] {dagbag.py:508} INFO - Filling up the DagBag from /home/airflow/.local/lib/python3.7/site-packages/airflow/example_dags/example_latest_only.py
[2022-08-22 22:12:01,267] {processor.py:651} INFO - DAG(s) dict_keys(['latest_only']) retrieved from /home/airflow/.local/lib/python3.7/site-packages/airflow/example_dags/example_latest_only.py
[2022-08-22 22:12:01,289] {logging_mixin.py:115} INFO - [2022-08-22 22:12:01,289] {dag.py:2420} INFO - Sync 1 DAGs
[2022-08-22 22:12:01,307] {logging_mixin.py:115} INFO - [2022-08-22 22:12:01,307] {dag.py:2972} INFO - Setting next_dagrun for latest_only to 2022-08-22T18:12:01.306998+00:00, run_after=2022-08-22T22:12:01.306998+00:00
[2022-08-22 22:12:01,316] {processor.py:161} INFO - Processing /home/airflow/.local/lib/python3.7/site-packages/airflow/example_dags/example_latest_only.py took 0.056 seconds
[2022-08-22 22:12:31,782] {processor.py:153} INFO - Started process (PID=2238) to work on /home/airflow/.local/lib/python3.7/site-packages/airflow/example_dags/example_latest_only.py
[2022-08-22 22:12:31,782] {processor.py:641} INFO - Processing file /home/airflow/.local/lib/python3.7/site-packages/airflow/example_dags/example_latest_only.py for tasks to queue
[2022-08-22 22:12:31,783] {logging_mixin.py:115} INFO - [2022-08-22 22:12:31,783] {dagbag.py:508} INFO - Filling up the DagBag from /home/airflow/.local/lib/python3.7/site-packages/airflow/example_dags/example_latest_only.py
[2022-08-22 22:12:31,787] {processor.py:651} INFO - DAG(s) dict_keys(['latest_only']) retrieved from /home/airflow/.local/lib/python3.7/site-packages/airflow/example_dags/example_latest_only.py
[2022-08-22 22:12:31,807] {logging_mixin.py:115} INFO - [2022-08-22 22:12:31,807] {dag.py:2420} INFO - Sync 1 DAGs
[2022-08-22 22:12:31,826] {logging_mixin.py:115} INFO - [2022-08-22 22:12:31,826] {dag.py:2972} INFO - Setting next_dagrun for latest_only to 2022-08-22T18:12:31.826541+00:00, run_after=2022-08-22T22:12:31.826541+00:00
[2022-08-22 22:12:31,837] {processor.py:161} INFO - Processing /home/airflow/.local/lib/python3.7/site-packages/airflow/example_dags/example_latest_only.py took 0.057 seconds
[2022-08-22 22:13:02,443] {processor.py:153} INFO - Started process (PID=2299) to work on /home/airflow/.local/lib/python3.7/site-packages/airflow/example_dags/example_latest_only.py
[2022-08-22 22:13:02,444] {processor.py:641} INFO - Processing file /home/airflow/.local/lib/python3.7/site-packages/airflow/example_dags/example_latest_only.py for tasks to queue
[2022-08-22 22:13:02,444] {logging_mixin.py:115} INFO - [2022-08-22 22:13:02,444] {dagbag.py:508} INFO - Filling up the DagBag from /home/airflow/.local/lib/python3.7/site-packages/airflow/example_dags/example_latest_only.py
[2022-08-22 22:13:02,448] {processor.py:651} INFO - DAG(s) dict_keys(['latest_only']) retrieved from /home/airflow/.local/lib/python3.7/site-packages/airflow/example_dags/example_latest_only.py
[2022-08-22 22:13:02,469] {logging_mixin.py:115} INFO - [2022-08-22 22:13:02,469] {dag.py:2420} INFO - Sync 1 DAGs
[2022-08-22 22:13:02,488] {logging_mixin.py:115} INFO - [2022-08-22 22:13:02,488] {dag.py:2972} INFO - Setting next_dagrun for latest_only to 2022-08-22T18:13:02.488049+00:00, run_after=2022-08-22T22:13:02.488049+00:00
[2022-08-22 22:13:02,498] {processor.py:161} INFO - Processing /home/airflow/.local/lib/python3.7/site-packages/airflow/example_dags/example_latest_only.py took 0.057 seconds
[2022-08-22 22:13:33,066] {processor.py:153} INFO - Started process (PID=2360) to work on /home/airflow/.local/lib/python3.7/site-packages/airflow/example_dags/example_latest_only.py
[2022-08-22 22:13:33,066] {processor.py:641} INFO - Processing file /home/airflow/.local/lib/python3.7/site-packages/airflow/example_dags/example_latest_only.py for tasks to queue
[2022-08-22 22:13:33,067] {logging_mixin.py:115} INFO - [2022-08-22 22:13:33,067] {dagbag.py:508} INFO - Filling up the DagBag from /home/airflow/.local/lib/python3.7/site-packages/airflow/example_dags/example_latest_only.py
[2022-08-22 22:13:33,071] {processor.py:651} INFO - DAG(s) dict_keys(['latest_only']) retrieved from /home/airflow/.local/lib/python3.7/site-packages/airflow/example_dags/example_latest_only.py
[2022-08-22 22:13:33,091] {logging_mixin.py:115} INFO - [2022-08-22 22:13:33,091] {dag.py:2420} INFO - Sync 1 DAGs
[2022-08-22 22:13:33,108] {logging_mixin.py:115} INFO - [2022-08-22 22:13:33,108] {dag.py:2972} INFO - Setting next_dagrun for latest_only to 2022-08-22T18:13:33.108657+00:00, run_after=2022-08-22T22:13:33.108657+00:00
[2022-08-22 22:13:33,119] {processor.py:161} INFO - Processing /home/airflow/.local/lib/python3.7/site-packages/airflow/example_dags/example_latest_only.py took 0.056 seconds
[2022-08-22 22:14:03,746] {processor.py:153} INFO - Started process (PID=2421) to work on /home/airflow/.local/lib/python3.7/site-packages/airflow/example_dags/example_latest_only.py
[2022-08-22 22:14:03,746] {processor.py:641} INFO - Processing file /home/airflow/.local/lib/python3.7/site-packages/airflow/example_dags/example_latest_only.py for tasks to queue
[2022-08-22 22:14:03,747] {logging_mixin.py:115} INFO - [2022-08-22 22:14:03,747] {dagbag.py:508} INFO - Filling up the DagBag from /home/airflow/.local/lib/python3.7/site-packages/airflow/example_dags/example_latest_only.py
[2022-08-22 22:14:03,751] {processor.py:651} INFO - DAG(s) dict_keys(['latest_only']) retrieved from /home/airflow/.local/lib/python3.7/site-packages/airflow/example_dags/example_latest_only.py
[2022-08-22 22:14:03,773] {logging_mixin.py:115} INFO - [2022-08-22 22:14:03,773] {dag.py:2420} INFO - Sync 1 DAGs
[2022-08-22 22:14:03,794] {logging_mixin.py:115} INFO - [2022-08-22 22:14:03,794] {dag.py:2972} INFO - Setting next_dagrun for latest_only to 2022-08-22T18:14:03.793992+00:00, run_after=2022-08-22T22:14:03.793992+00:00
[2022-08-22 22:14:03,807] {processor.py:161} INFO - Processing /home/airflow/.local/lib/python3.7/site-packages/airflow/example_dags/example_latest_only.py took 0.063 seconds
[2022-08-22 22:14:34,366] {processor.py:153} INFO - Started process (PID=2473) to work on /home/airflow/.local/lib/python3.7/site-packages/airflow/example_dags/example_latest_only.py
[2022-08-22 22:14:34,367] {processor.py:641} INFO - Processing file /home/airflow/.local/lib/python3.7/site-packages/airflow/example_dags/example_latest_only.py for tasks to queue
[2022-08-22 22:14:34,367] {logging_mixin.py:115} INFO - [2022-08-22 22:14:34,367] {dagbag.py:508} INFO - Filling up the DagBag from /home/airflow/.local/lib/python3.7/site-packages/airflow/example_dags/example_latest_only.py
[2022-08-22 22:14:34,374] {processor.py:651} INFO - DAG(s) dict_keys(['latest_only']) retrieved from /home/airflow/.local/lib/python3.7/site-packages/airflow/example_dags/example_latest_only.py
[2022-08-22 22:14:34,396] {logging_mixin.py:115} INFO - [2022-08-22 22:14:34,396] {dag.py:2420} INFO - Sync 1 DAGs
[2022-08-22 22:14:34,416] {logging_mixin.py:115} INFO - [2022-08-22 22:14:34,416] {dag.py:2972} INFO - Setting next_dagrun for latest_only to 2022-08-22T18:14:34.416327+00:00, run_after=2022-08-22T22:14:34.416327+00:00
[2022-08-22 22:14:34,426] {processor.py:161} INFO - Processing /home/airflow/.local/lib/python3.7/site-packages/airflow/example_dags/example_latest_only.py took 0.063 seconds
[2022-08-22 22:15:04,945] {processor.py:153} INFO - Started process (PID=2534) to work on /home/airflow/.local/lib/python3.7/site-packages/airflow/example_dags/example_latest_only.py
[2022-08-22 22:15:04,946] {processor.py:641} INFO - Processing file /home/airflow/.local/lib/python3.7/site-packages/airflow/example_dags/example_latest_only.py for tasks to queue
[2022-08-22 22:15:04,946] {logging_mixin.py:115} INFO - [2022-08-22 22:15:04,946] {dagbag.py:508} INFO - Filling up the DagBag from /home/airflow/.local/lib/python3.7/site-packages/airflow/example_dags/example_latest_only.py
[2022-08-22 22:15:04,950] {processor.py:651} INFO - DAG(s) dict_keys(['latest_only']) retrieved from /home/airflow/.local/lib/python3.7/site-packages/airflow/example_dags/example_latest_only.py
[2022-08-22 22:15:04,973] {logging_mixin.py:115} INFO - [2022-08-22 22:15:04,973] {dag.py:2420} INFO - Sync 1 DAGs
[2022-08-22 22:15:04,992] {logging_mixin.py:115} INFO - [2022-08-22 22:15:04,992] {dag.py:2972} INFO - Setting next_dagrun for latest_only to 2022-08-22T18:15:04.992537+00:00, run_after=2022-08-22T22:15:04.992537+00:00
[2022-08-22 22:15:05,002] {processor.py:161} INFO - Processing /home/airflow/.local/lib/python3.7/site-packages/airflow/example_dags/example_latest_only.py took 0.060 seconds
[2022-08-22 22:15:35,612] {processor.py:153} INFO - Started process (PID=2595) to work on /home/airflow/.local/lib/python3.7/site-packages/airflow/example_dags/example_latest_only.py
[2022-08-22 22:15:35,612] {processor.py:641} INFO - Processing file /home/airflow/.local/lib/python3.7/site-packages/airflow/example_dags/example_latest_only.py for tasks to queue
[2022-08-22 22:15:35,613] {logging_mixin.py:115} INFO - [2022-08-22 22:15:35,613] {dagbag.py:508} INFO - Filling up the DagBag from /home/airflow/.local/lib/python3.7/site-packages/airflow/example_dags/example_latest_only.py
[2022-08-22 22:15:35,619] {processor.py:651} INFO - DAG(s) dict_keys(['latest_only']) retrieved from /home/airflow/.local/lib/python3.7/site-packages/airflow/example_dags/example_latest_only.py
[2022-08-22 22:15:35,642] {logging_mixin.py:115} INFO - [2022-08-22 22:15:35,642] {dag.py:2420} INFO - Sync 1 DAGs
[2022-08-22 22:15:35,662] {logging_mixin.py:115} INFO - [2022-08-22 22:15:35,662] {dag.py:2972} INFO - Setting next_dagrun for latest_only to 2022-08-22T18:15:35.662648+00:00, run_after=2022-08-22T22:15:35.662648+00:00
[2022-08-22 22:15:35,674] {processor.py:161} INFO - Processing /home/airflow/.local/lib/python3.7/site-packages/airflow/example_dags/example_latest_only.py took 0.066 seconds
[2022-08-22 22:16:06,201] {processor.py:153} INFO - Started process (PID=2647) to work on /home/airflow/.local/lib/python3.7/site-packages/airflow/example_dags/example_latest_only.py
[2022-08-22 22:16:06,201] {processor.py:641} INFO - Processing file /home/airflow/.local/lib/python3.7/site-packages/airflow/example_dags/example_latest_only.py for tasks to queue
[2022-08-22 22:16:06,202] {logging_mixin.py:115} INFO - [2022-08-22 22:16:06,202] {dagbag.py:508} INFO - Filling up the DagBag from /home/airflow/.local/lib/python3.7/site-packages/airflow/example_dags/example_latest_only.py
[2022-08-22 22:16:06,208] {processor.py:651} INFO - DAG(s) dict_keys(['latest_only']) retrieved from /home/airflow/.local/lib/python3.7/site-packages/airflow/example_dags/example_latest_only.py
[2022-08-22 22:16:06,234] {logging_mixin.py:115} INFO - [2022-08-22 22:16:06,234] {dag.py:2420} INFO - Sync 1 DAGs
[2022-08-22 22:16:06,252] {logging_mixin.py:115} INFO - [2022-08-22 22:16:06,252] {dag.py:2972} INFO - Setting next_dagrun for latest_only to 2022-08-22T18:16:06.252466+00:00, run_after=2022-08-22T22:16:06.252466+00:00
[2022-08-22 22:16:06,262] {processor.py:161} INFO - Processing /home/airflow/.local/lib/python3.7/site-packages/airflow/example_dags/example_latest_only.py took 0.066 seconds
[2022-08-22 22:16:36,964] {processor.py:153} INFO - Started process (PID=2708) to work on /home/airflow/.local/lib/python3.7/site-packages/airflow/example_dags/example_latest_only.py
[2022-08-22 22:16:36,965] {processor.py:641} INFO - Processing file /home/airflow/.local/lib/python3.7/site-packages/airflow/example_dags/example_latest_only.py for tasks to queue
[2022-08-22 22:16:36,965] {logging_mixin.py:115} INFO - [2022-08-22 22:16:36,965] {dagbag.py:508} INFO - Filling up the DagBag from /home/airflow/.local/lib/python3.7/site-packages/airflow/example_dags/example_latest_only.py
[2022-08-22 22:16:36,970] {processor.py:651} INFO - DAG(s) dict_keys(['latest_only']) retrieved from /home/airflow/.local/lib/python3.7/site-packages/airflow/example_dags/example_latest_only.py
[2022-08-22 22:16:36,993] {logging_mixin.py:115} INFO - [2022-08-22 22:16:36,993] {dag.py:2420} INFO - Sync 1 DAGs
[2022-08-22 22:16:37,014] {logging_mixin.py:115} INFO - [2022-08-22 22:16:37,013] {dag.py:2972} INFO - Setting next_dagrun for latest_only to 2022-08-22T18:16:37.013695+00:00, run_after=2022-08-22T22:16:37.013695+00:00
[2022-08-22 22:16:37,028] {processor.py:161} INFO - Processing /home/airflow/.local/lib/python3.7/site-packages/airflow/example_dags/example_latest_only.py took 0.066 seconds
[2022-08-22 22:17:07,539] {processor.py:153} INFO - Started process (PID=2769) to work on /home/airflow/.local/lib/python3.7/site-packages/airflow/example_dags/example_latest_only.py
[2022-08-22 22:17:07,540] {processor.py:641} INFO - Processing file /home/airflow/.local/lib/python3.7/site-packages/airflow/example_dags/example_latest_only.py for tasks to queue
[2022-08-22 22:17:07,541] {logging_mixin.py:115} INFO - [2022-08-22 22:17:07,541] {dagbag.py:508} INFO - Filling up the DagBag from /home/airflow/.local/lib/python3.7/site-packages/airflow/example_dags/example_latest_only.py
[2022-08-22 22:17:07,547] {processor.py:651} INFO - DAG(s) dict_keys(['latest_only']) retrieved from /home/airflow/.local/lib/python3.7/site-packages/airflow/example_dags/example_latest_only.py
[2022-08-22 22:17:07,569] {logging_mixin.py:115} INFO - [2022-08-22 22:17:07,569] {dag.py:2420} INFO - Sync 1 DAGs
[2022-08-22 22:17:07,587] {logging_mixin.py:115} INFO - [2022-08-22 22:17:07,587] {dag.py:2972} INFO - Setting next_dagrun for latest_only to 2022-08-22T18:17:07.587044+00:00, run_after=2022-08-22T22:17:07.587044+00:00
[2022-08-22 22:17:07,598] {processor.py:161} INFO - Processing /home/airflow/.local/lib/python3.7/site-packages/airflow/example_dags/example_latest_only.py took 0.062 seconds
[2022-08-22 22:17:38,079] {processor.py:153} INFO - Started process (PID=2830) to work on /home/airflow/.local/lib/python3.7/site-packages/airflow/example_dags/example_latest_only.py
[2022-08-22 22:17:38,080] {processor.py:641} INFO - Processing file /home/airflow/.local/lib/python3.7/site-packages/airflow/example_dags/example_latest_only.py for tasks to queue
[2022-08-22 22:17:38,080] {logging_mixin.py:115} INFO - [2022-08-22 22:17:38,080] {dagbag.py:508} INFO - Filling up the DagBag from /home/airflow/.local/lib/python3.7/site-packages/airflow/example_dags/example_latest_only.py
[2022-08-22 22:17:38,084] {processor.py:651} INFO - DAG(s) dict_keys(['latest_only']) retrieved from /home/airflow/.local/lib/python3.7/site-packages/airflow/example_dags/example_latest_only.py
[2022-08-22 22:17:38,105] {logging_mixin.py:115} INFO - [2022-08-22 22:17:38,105] {dag.py:2420} INFO - Sync 1 DAGs
[2022-08-22 22:17:38,124] {logging_mixin.py:115} INFO - [2022-08-22 22:17:38,123] {dag.py:2972} INFO - Setting next_dagrun for latest_only to 2022-08-22T18:17:38.123656+00:00, run_after=2022-08-22T22:17:38.123656+00:00
[2022-08-22 22:17:38,134] {processor.py:161} INFO - Processing /home/airflow/.local/lib/python3.7/site-packages/airflow/example_dags/example_latest_only.py took 0.057 seconds
[2022-08-22 22:18:08,658] {processor.py:153} INFO - Started process (PID=2882) to work on /home/airflow/.local/lib/python3.7/site-packages/airflow/example_dags/example_latest_only.py
[2022-08-22 22:18:08,658] {processor.py:641} INFO - Processing file /home/airflow/.local/lib/python3.7/site-packages/airflow/example_dags/example_latest_only.py for tasks to queue
[2022-08-22 22:18:08,658] {logging_mixin.py:115} INFO - [2022-08-22 22:18:08,658] {dagbag.py:508} INFO - Filling up the DagBag from /home/airflow/.local/lib/python3.7/site-packages/airflow/example_dags/example_latest_only.py
[2022-08-22 22:18:08,662] {processor.py:651} INFO - DAG(s) dict_keys(['latest_only']) retrieved from /home/airflow/.local/lib/python3.7/site-packages/airflow/example_dags/example_latest_only.py
[2022-08-22 22:18:08,684] {logging_mixin.py:115} INFO - [2022-08-22 22:18:08,684] {dag.py:2420} INFO - Sync 1 DAGs
[2022-08-22 22:18:08,702] {logging_mixin.py:115} INFO - [2022-08-22 22:18:08,702] {dag.py:2972} INFO - Setting next_dagrun for latest_only to 2022-08-22T18:18:08.702512+00:00, run_after=2022-08-22T22:18:08.702512+00:00
[2022-08-22 22:18:08,713] {processor.py:161} INFO - Processing /home/airflow/.local/lib/python3.7/site-packages/airflow/example_dags/example_latest_only.py took 0.057 seconds
[2022-08-22 22:18:39,321] {processor.py:153} INFO - Started process (PID=2943) to work on /home/airflow/.local/lib/python3.7/site-packages/airflow/example_dags/example_latest_only.py
[2022-08-22 22:18:39,322] {processor.py:641} INFO - Processing file /home/airflow/.local/lib/python3.7/site-packages/airflow/example_dags/example_latest_only.py for tasks to queue
[2022-08-22 22:18:39,322] {logging_mixin.py:115} INFO - [2022-08-22 22:18:39,322] {dagbag.py:508} INFO - Filling up the DagBag from /home/airflow/.local/lib/python3.7/site-packages/airflow/example_dags/example_latest_only.py
[2022-08-22 22:18:39,326] {processor.py:651} INFO - DAG(s) dict_keys(['latest_only']) retrieved from /home/airflow/.local/lib/python3.7/site-packages/airflow/example_dags/example_latest_only.py
[2022-08-22 22:18:39,347] {logging_mixin.py:115} INFO - [2022-08-22 22:18:39,347] {dag.py:2420} INFO - Sync 1 DAGs
[2022-08-22 22:18:39,367] {logging_mixin.py:115} INFO - [2022-08-22 22:18:39,367] {dag.py:2972} INFO - Setting next_dagrun for latest_only to 2022-08-22T18:18:39.366974+00:00, run_after=2022-08-22T22:18:39.366974+00:00
[2022-08-22 22:18:39,378] {processor.py:161} INFO - Processing /home/airflow/.local/lib/python3.7/site-packages/airflow/example_dags/example_latest_only.py took 0.060 seconds
[2022-08-22 22:19:10,091] {processor.py:153} INFO - Started process (PID=3005) to work on /home/airflow/.local/lib/python3.7/site-packages/airflow/example_dags/example_latest_only.py
[2022-08-22 22:19:10,092] {processor.py:641} INFO - Processing file /home/airflow/.local/lib/python3.7/site-packages/airflow/example_dags/example_latest_only.py for tasks to queue
[2022-08-22 22:19:10,092] {logging_mixin.py:115} INFO - [2022-08-22 22:19:10,092] {dagbag.py:508} INFO - Filling up the DagBag from /home/airflow/.local/lib/python3.7/site-packages/airflow/example_dags/example_latest_only.py
[2022-08-22 22:19:10,097] {processor.py:651} INFO - DAG(s) dict_keys(['latest_only']) retrieved from /home/airflow/.local/lib/python3.7/site-packages/airflow/example_dags/example_latest_only.py
[2022-08-22 22:19:10,128] {logging_mixin.py:115} INFO - [2022-08-22 22:19:10,128] {dag.py:2420} INFO - Sync 1 DAGs
[2022-08-22 22:19:10,151] {logging_mixin.py:115} INFO - [2022-08-22 22:19:10,151] {dag.py:2972} INFO - Setting next_dagrun for latest_only to 2022-08-22T18:19:10.150874+00:00, run_after=2022-08-22T22:19:10.150874+00:00
[2022-08-22 22:19:10,162] {processor.py:161} INFO - Processing /home/airflow/.local/lib/python3.7/site-packages/airflow/example_dags/example_latest_only.py took 0.073 seconds
[2022-08-22 22:19:40,731] {processor.py:153} INFO - Started process (PID=3066) to work on /home/airflow/.local/lib/python3.7/site-packages/airflow/example_dags/example_latest_only.py
[2022-08-22 22:19:40,732] {processor.py:641} INFO - Processing file /home/airflow/.local/lib/python3.7/site-packages/airflow/example_dags/example_latest_only.py for tasks to queue
[2022-08-22 22:19:40,733] {logging_mixin.py:115} INFO - [2022-08-22 22:19:40,733] {dagbag.py:508} INFO - Filling up the DagBag from /home/airflow/.local/lib/python3.7/site-packages/airflow/example_dags/example_latest_only.py
[2022-08-22 22:19:40,740] {processor.py:651} INFO - DAG(s) dict_keys(['latest_only']) retrieved from /home/airflow/.local/lib/python3.7/site-packages/airflow/example_dags/example_latest_only.py
[2022-08-22 22:19:40,761] {logging_mixin.py:115} INFO - [2022-08-22 22:19:40,761] {dag.py:2420} INFO - Sync 1 DAGs
[2022-08-22 22:19:40,779] {logging_mixin.py:115} INFO - [2022-08-22 22:19:40,779] {dag.py:2972} INFO - Setting next_dagrun for latest_only to 2022-08-22T18:19:40.779095+00:00, run_after=2022-08-22T22:19:40.779095+00:00
[2022-08-22 22:19:40,789] {processor.py:161} INFO - Processing /home/airflow/.local/lib/python3.7/site-packages/airflow/example_dags/example_latest_only.py took 0.061 seconds
[2022-08-22 22:20:11,478] {processor.py:153} INFO - Started process (PID=3118) to work on /home/airflow/.local/lib/python3.7/site-packages/airflow/example_dags/example_latest_only.py
[2022-08-22 22:20:11,478] {processor.py:641} INFO - Processing file /home/airflow/.local/lib/python3.7/site-packages/airflow/example_dags/example_latest_only.py for tasks to queue
[2022-08-22 22:20:11,479] {logging_mixin.py:115} INFO - [2022-08-22 22:20:11,479] {dagbag.py:508} INFO - Filling up the DagBag from /home/airflow/.local/lib/python3.7/site-packages/airflow/example_dags/example_latest_only.py
[2022-08-22 22:20:11,487] {processor.py:651} INFO - DAG(s) dict_keys(['latest_only']) retrieved from /home/airflow/.local/lib/python3.7/site-packages/airflow/example_dags/example_latest_only.py
[2022-08-22 22:20:11,512] {logging_mixin.py:115} INFO - [2022-08-22 22:20:11,512] {dag.py:2420} INFO - Sync 1 DAGs
[2022-08-22 22:20:11,535] {logging_mixin.py:115} INFO - [2022-08-22 22:20:11,535] {dag.py:2972} INFO - Setting next_dagrun for latest_only to 2022-08-22T18:20:11.534894+00:00, run_after=2022-08-22T22:20:11.534894+00:00
[2022-08-22 22:20:11,550] {processor.py:161} INFO - Processing /home/airflow/.local/lib/python3.7/site-packages/airflow/example_dags/example_latest_only.py took 0.077 seconds
[2022-08-22 22:20:42,076] {processor.py:153} INFO - Started process (PID=3179) to work on /home/airflow/.local/lib/python3.7/site-packages/airflow/example_dags/example_latest_only.py
[2022-08-22 22:20:42,076] {processor.py:641} INFO - Processing file /home/airflow/.local/lib/python3.7/site-packages/airflow/example_dags/example_latest_only.py for tasks to queue
[2022-08-22 22:20:42,077] {logging_mixin.py:115} INFO - [2022-08-22 22:20:42,077] {dagbag.py:508} INFO - Filling up the DagBag from /home/airflow/.local/lib/python3.7/site-packages/airflow/example_dags/example_latest_only.py
[2022-08-22 22:20:42,084] {processor.py:651} INFO - DAG(s) dict_keys(['latest_only']) retrieved from /home/airflow/.local/lib/python3.7/site-packages/airflow/example_dags/example_latest_only.py
[2022-08-22 22:20:42,105] {logging_mixin.py:115} INFO - [2022-08-22 22:20:42,105] {dag.py:2420} INFO - Sync 1 DAGs
[2022-08-22 22:20:42,122] {logging_mixin.py:115} INFO - [2022-08-22 22:20:42,122] {dag.py:2972} INFO - Setting next_dagrun for latest_only to 2022-08-22T18:20:42.122545+00:00, run_after=2022-08-22T22:20:42.122545+00:00
[2022-08-22 22:20:42,132] {processor.py:161} INFO - Processing /home/airflow/.local/lib/python3.7/site-packages/airflow/example_dags/example_latest_only.py took 0.060 seconds
[2022-08-22 22:21:12,639] {processor.py:153} INFO - Started process (PID=3240) to work on /home/airflow/.local/lib/python3.7/site-packages/airflow/example_dags/example_latest_only.py
[2022-08-22 22:21:12,640] {processor.py:641} INFO - Processing file /home/airflow/.local/lib/python3.7/site-packages/airflow/example_dags/example_latest_only.py for tasks to queue
[2022-08-22 22:21:12,640] {logging_mixin.py:115} INFO - [2022-08-22 22:21:12,640] {dagbag.py:508} INFO - Filling up the DagBag from /home/airflow/.local/lib/python3.7/site-packages/airflow/example_dags/example_latest_only.py
[2022-08-22 22:21:12,644] {processor.py:651} INFO - DAG(s) dict_keys(['latest_only']) retrieved from /home/airflow/.local/lib/python3.7/site-packages/airflow/example_dags/example_latest_only.py
[2022-08-22 22:21:12,664] {logging_mixin.py:115} INFO - [2022-08-22 22:21:12,664] {dag.py:2420} INFO - Sync 1 DAGs
[2022-08-22 22:21:12,687] {logging_mixin.py:115} INFO - [2022-08-22 22:21:12,687] {dag.py:2972} INFO - Setting next_dagrun for latest_only to 2022-08-22T18:21:12.687311+00:00, run_after=2022-08-22T22:21:12.687311+00:00
[2022-08-22 22:21:12,697] {processor.py:161} INFO - Processing /home/airflow/.local/lib/python3.7/site-packages/airflow/example_dags/example_latest_only.py took 0.059 seconds
[2022-08-22 22:21:43,326] {processor.py:153} INFO - Started process (PID=3301) to work on /home/airflow/.local/lib/python3.7/site-packages/airflow/example_dags/example_latest_only.py
[2022-08-22 22:21:43,326] {processor.py:641} INFO - Processing file /home/airflow/.local/lib/python3.7/site-packages/airflow/example_dags/example_latest_only.py for tasks to queue
[2022-08-22 22:21:43,327] {logging_mixin.py:115} INFO - [2022-08-22 22:21:43,327] {dagbag.py:508} INFO - Filling up the DagBag from /home/airflow/.local/lib/python3.7/site-packages/airflow/example_dags/example_latest_only.py
[2022-08-22 22:21:43,332] {processor.py:651} INFO - DAG(s) dict_keys(['latest_only']) retrieved from /home/airflow/.local/lib/python3.7/site-packages/airflow/example_dags/example_latest_only.py
[2022-08-22 22:21:43,352] {logging_mixin.py:115} INFO - [2022-08-22 22:21:43,352] {dag.py:2420} INFO - Sync 1 DAGs
[2022-08-22 22:21:43,374] {logging_mixin.py:115} INFO - [2022-08-22 22:21:43,374] {dag.py:2972} INFO - Setting next_dagrun for latest_only to 2022-08-22T18:21:43.374522+00:00, run_after=2022-08-22T22:21:43.374522+00:00
[2022-08-22 22:21:43,387] {processor.py:161} INFO - Processing /home/airflow/.local/lib/python3.7/site-packages/airflow/example_dags/example_latest_only.py took 0.063 seconds
[2022-08-22 22:22:13,973] {processor.py:153} INFO - Started process (PID=3353) to work on /home/airflow/.local/lib/python3.7/site-packages/airflow/example_dags/example_latest_only.py
[2022-08-22 22:22:13,973] {processor.py:641} INFO - Processing file /home/airflow/.local/lib/python3.7/site-packages/airflow/example_dags/example_latest_only.py for tasks to queue
[2022-08-22 22:22:13,974] {logging_mixin.py:115} INFO - [2022-08-22 22:22:13,974] {dagbag.py:508} INFO - Filling up the DagBag from /home/airflow/.local/lib/python3.7/site-packages/airflow/example_dags/example_latest_only.py
[2022-08-22 22:22:13,978] {processor.py:651} INFO - DAG(s) dict_keys(['latest_only']) retrieved from /home/airflow/.local/lib/python3.7/site-packages/airflow/example_dags/example_latest_only.py
[2022-08-22 22:22:14,006] {logging_mixin.py:115} INFO - [2022-08-22 22:22:14,006] {dag.py:2420} INFO - Sync 1 DAGs
[2022-08-22 22:22:14,032] {logging_mixin.py:115} INFO - [2022-08-22 22:22:14,032] {dag.py:2972} INFO - Setting next_dagrun for latest_only to 2022-08-22T18:22:14.032003+00:00, run_after=2022-08-22T22:22:14.032003+00:00
[2022-08-22 22:22:14,042] {processor.py:161} INFO - Processing /home/airflow/.local/lib/python3.7/site-packages/airflow/example_dags/example_latest_only.py took 0.071 seconds
[2022-08-22 22:22:44,606] {processor.py:153} INFO - Started process (PID=3414) to work on /home/airflow/.local/lib/python3.7/site-packages/airflow/example_dags/example_latest_only.py
[2022-08-22 22:22:44,607] {processor.py:641} INFO - Processing file /home/airflow/.local/lib/python3.7/site-packages/airflow/example_dags/example_latest_only.py for tasks to queue
[2022-08-22 22:22:44,608] {logging_mixin.py:115} INFO - [2022-08-22 22:22:44,608] {dagbag.py:508} INFO - Filling up the DagBag from /home/airflow/.local/lib/python3.7/site-packages/airflow/example_dags/example_latest_only.py
[2022-08-22 22:22:44,615] {processor.py:651} INFO - DAG(s) dict_keys(['latest_only']) retrieved from /home/airflow/.local/lib/python3.7/site-packages/airflow/example_dags/example_latest_only.py
[2022-08-22 22:22:44,647] {logging_mixin.py:115} INFO - [2022-08-22 22:22:44,647] {dag.py:2420} INFO - Sync 1 DAGs
[2022-08-22 22:22:44,674] {logging_mixin.py:115} INFO - [2022-08-22 22:22:44,674] {dag.py:2972} INFO - Setting next_dagrun for latest_only to 2022-08-22T18:22:44.674456+00:00, run_after=2022-08-22T22:22:44.674456+00:00
[2022-08-22 22:22:44,684] {processor.py:161} INFO - Processing /home/airflow/.local/lib/python3.7/site-packages/airflow/example_dags/example_latest_only.py took 0.081 seconds
[2022-08-22 22:23:15,271] {processor.py:153} INFO - Started process (PID=3475) to work on /home/airflow/.local/lib/python3.7/site-packages/airflow/example_dags/example_latest_only.py
[2022-08-22 22:23:15,272] {processor.py:641} INFO - Processing file /home/airflow/.local/lib/python3.7/site-packages/airflow/example_dags/example_latest_only.py for tasks to queue
[2022-08-22 22:23:15,272] {logging_mixin.py:115} INFO - [2022-08-22 22:23:15,272] {dagbag.py:508} INFO - Filling up the DagBag from /home/airflow/.local/lib/python3.7/site-packages/airflow/example_dags/example_latest_only.py
[2022-08-22 22:23:15,277] {processor.py:651} INFO - DAG(s) dict_keys(['latest_only']) retrieved from /home/airflow/.local/lib/python3.7/site-packages/airflow/example_dags/example_latest_only.py
[2022-08-22 22:23:15,297] {logging_mixin.py:115} INFO - [2022-08-22 22:23:15,297] {dag.py:2420} INFO - Sync 1 DAGs
[2022-08-22 22:23:15,332] {logging_mixin.py:115} INFO - [2022-08-22 22:23:15,332] {dag.py:2972} INFO - Setting next_dagrun for latest_only to 2022-08-22T18:23:15.332574+00:00, run_after=2022-08-22T22:23:15.332574+00:00
[2022-08-22 22:23:15,342] {processor.py:161} INFO - Processing /home/airflow/.local/lib/python3.7/site-packages/airflow/example_dags/example_latest_only.py took 0.073 seconds
[2022-08-22 22:23:45,962] {processor.py:153} INFO - Started process (PID=3527) to work on /home/airflow/.local/lib/python3.7/site-packages/airflow/example_dags/example_latest_only.py
[2022-08-22 22:23:45,962] {processor.py:641} INFO - Processing file /home/airflow/.local/lib/python3.7/site-packages/airflow/example_dags/example_latest_only.py for tasks to queue
[2022-08-22 22:23:45,963] {logging_mixin.py:115} INFO - [2022-08-22 22:23:45,963] {dagbag.py:508} INFO - Filling up the DagBag from /home/airflow/.local/lib/python3.7/site-packages/airflow/example_dags/example_latest_only.py
[2022-08-22 22:23:45,969] {processor.py:651} INFO - DAG(s) dict_keys(['latest_only']) retrieved from /home/airflow/.local/lib/python3.7/site-packages/airflow/example_dags/example_latest_only.py
[2022-08-22 22:23:45,990] {logging_mixin.py:115} INFO - [2022-08-22 22:23:45,990] {dag.py:2420} INFO - Sync 1 DAGs
[2022-08-22 22:23:46,012] {logging_mixin.py:115} INFO - [2022-08-22 22:23:46,012] {dag.py:2972} INFO - Setting next_dagrun for latest_only to 2022-08-22T18:23:46.011937+00:00, run_after=2022-08-22T22:23:46.011937+00:00
[2022-08-22 22:23:46,021] {processor.py:161} INFO - Processing /home/airflow/.local/lib/python3.7/site-packages/airflow/example_dags/example_latest_only.py took 0.061 seconds
[2022-08-22 22:24:16,779] {processor.py:153} INFO - Started process (PID=3588) to work on /home/airflow/.local/lib/python3.7/site-packages/airflow/example_dags/example_latest_only.py
[2022-08-22 22:24:16,780] {processor.py:641} INFO - Processing file /home/airflow/.local/lib/python3.7/site-packages/airflow/example_dags/example_latest_only.py for tasks to queue
[2022-08-22 22:24:16,780] {logging_mixin.py:115} INFO - [2022-08-22 22:24:16,780] {dagbag.py:508} INFO - Filling up the DagBag from /home/airflow/.local/lib/python3.7/site-packages/airflow/example_dags/example_latest_only.py
[2022-08-22 22:24:16,787] {processor.py:651} INFO - DAG(s) dict_keys(['latest_only']) retrieved from /home/airflow/.local/lib/python3.7/site-packages/airflow/example_dags/example_latest_only.py
[2022-08-22 22:24:16,808] {logging_mixin.py:115} INFO - [2022-08-22 22:24:16,808] {dag.py:2420} INFO - Sync 1 DAGs
[2022-08-22 22:24:16,825] {logging_mixin.py:115} INFO - [2022-08-22 22:24:16,825] {dag.py:2972} INFO - Setting next_dagrun for latest_only to 2022-08-22T18:24:16.825346+00:00, run_after=2022-08-22T22:24:16.825346+00:00
[2022-08-22 22:24:16,835] {processor.py:161} INFO - Processing /home/airflow/.local/lib/python3.7/site-packages/airflow/example_dags/example_latest_only.py took 0.061 seconds
[2022-08-22 22:24:47,432] {processor.py:153} INFO - Started process (PID=3649) to work on /home/airflow/.local/lib/python3.7/site-packages/airflow/example_dags/example_latest_only.py
[2022-08-22 22:24:47,433] {processor.py:641} INFO - Processing file /home/airflow/.local/lib/python3.7/site-packages/airflow/example_dags/example_latest_only.py for tasks to queue
[2022-08-22 22:24:47,433] {logging_mixin.py:115} INFO - [2022-08-22 22:24:47,433] {dagbag.py:508} INFO - Filling up the DagBag from /home/airflow/.local/lib/python3.7/site-packages/airflow/example_dags/example_latest_only.py
[2022-08-22 22:24:47,437] {processor.py:651} INFO - DAG(s) dict_keys(['latest_only']) retrieved from /home/airflow/.local/lib/python3.7/site-packages/airflow/example_dags/example_latest_only.py
[2022-08-22 22:24:47,457] {logging_mixin.py:115} INFO - [2022-08-22 22:24:47,457] {dag.py:2420} INFO - Sync 1 DAGs
[2022-08-22 22:24:47,477] {logging_mixin.py:115} INFO - [2022-08-22 22:24:47,477] {dag.py:2972} INFO - Setting next_dagrun for latest_only to 2022-08-22T18:24:47.476844+00:00, run_after=2022-08-22T22:24:47.476844+00:00
[2022-08-22 22:24:47,488] {processor.py:161} INFO - Processing /home/airflow/.local/lib/python3.7/site-packages/airflow/example_dags/example_latest_only.py took 0.059 seconds
[2022-08-22 22:25:18,116] {processor.py:153} INFO - Started process (PID=3710) to work on /home/airflow/.local/lib/python3.7/site-packages/airflow/example_dags/example_latest_only.py
[2022-08-22 22:25:18,117] {processor.py:641} INFO - Processing file /home/airflow/.local/lib/python3.7/site-packages/airflow/example_dags/example_latest_only.py for tasks to queue
[2022-08-22 22:25:18,117] {logging_mixin.py:115} INFO - [2022-08-22 22:25:18,117] {dagbag.py:508} INFO - Filling up the DagBag from /home/airflow/.local/lib/python3.7/site-packages/airflow/example_dags/example_latest_only.py
[2022-08-22 22:25:18,121] {processor.py:651} INFO - DAG(s) dict_keys(['latest_only']) retrieved from /home/airflow/.local/lib/python3.7/site-packages/airflow/example_dags/example_latest_only.py
[2022-08-22 22:25:18,141] {logging_mixin.py:115} INFO - [2022-08-22 22:25:18,141] {dag.py:2420} INFO - Sync 1 DAGs
[2022-08-22 22:25:18,161] {logging_mixin.py:115} INFO - [2022-08-22 22:25:18,161] {dag.py:2972} INFO - Setting next_dagrun for latest_only to 2022-08-22T18:25:18.161449+00:00, run_after=2022-08-22T22:25:18.161449+00:00
[2022-08-22 22:25:18,171] {processor.py:161} INFO - Processing /home/airflow/.local/lib/python3.7/site-packages/airflow/example_dags/example_latest_only.py took 0.057 seconds
[2022-08-22 22:25:48,838] {processor.py:153} INFO - Started process (PID=3762) to work on /home/airflow/.local/lib/python3.7/site-packages/airflow/example_dags/example_latest_only.py
[2022-08-22 22:25:48,838] {processor.py:641} INFO - Processing file /home/airflow/.local/lib/python3.7/site-packages/airflow/example_dags/example_latest_only.py for tasks to queue
[2022-08-22 22:25:48,838] {logging_mixin.py:115} INFO - [2022-08-22 22:25:48,838] {dagbag.py:508} INFO - Filling up the DagBag from /home/airflow/.local/lib/python3.7/site-packages/airflow/example_dags/example_latest_only.py
[2022-08-22 22:25:48,842] {processor.py:651} INFO - DAG(s) dict_keys(['latest_only']) retrieved from /home/airflow/.local/lib/python3.7/site-packages/airflow/example_dags/example_latest_only.py
[2022-08-22 22:25:48,862] {logging_mixin.py:115} INFO - [2022-08-22 22:25:48,862] {dag.py:2420} INFO - Sync 1 DAGs
[2022-08-22 22:25:48,880] {logging_mixin.py:115} INFO - [2022-08-22 22:25:48,880] {dag.py:2972} INFO - Setting next_dagrun for latest_only to 2022-08-22T18:25:48.880637+00:00, run_after=2022-08-22T22:25:48.880637+00:00
[2022-08-22 22:25:48,891] {processor.py:161} INFO - Processing /home/airflow/.local/lib/python3.7/site-packages/airflow/example_dags/example_latest_only.py took 0.056 seconds
[2022-08-22 22:26:19,449] {processor.py:153} INFO - Started process (PID=3823) to work on /home/airflow/.local/lib/python3.7/site-packages/airflow/example_dags/example_latest_only.py
[2022-08-22 22:26:19,450] {processor.py:641} INFO - Processing file /home/airflow/.local/lib/python3.7/site-packages/airflow/example_dags/example_latest_only.py for tasks to queue
[2022-08-22 22:26:19,451] {logging_mixin.py:115} INFO - [2022-08-22 22:26:19,451] {dagbag.py:508} INFO - Filling up the DagBag from /home/airflow/.local/lib/python3.7/site-packages/airflow/example_dags/example_latest_only.py
[2022-08-22 22:26:19,457] {processor.py:651} INFO - DAG(s) dict_keys(['latest_only']) retrieved from /home/airflow/.local/lib/python3.7/site-packages/airflow/example_dags/example_latest_only.py
[2022-08-22 22:26:19,479] {logging_mixin.py:115} INFO - [2022-08-22 22:26:19,479] {dag.py:2420} INFO - Sync 1 DAGs
[2022-08-22 22:26:19,500] {logging_mixin.py:115} INFO - [2022-08-22 22:26:19,500] {dag.py:2972} INFO - Setting next_dagrun for latest_only to 2022-08-22T18:26:19.499931+00:00, run_after=2022-08-22T22:26:19.499931+00:00
[2022-08-22 22:26:19,509] {processor.py:161} INFO - Processing /home/airflow/.local/lib/python3.7/site-packages/airflow/example_dags/example_latest_only.py took 0.064 seconds
[2022-08-22 22:26:50,177] {processor.py:153} INFO - Started process (PID=3884) to work on /home/airflow/.local/lib/python3.7/site-packages/airflow/example_dags/example_latest_only.py
[2022-08-22 22:26:50,177] {processor.py:641} INFO - Processing file /home/airflow/.local/lib/python3.7/site-packages/airflow/example_dags/example_latest_only.py for tasks to queue
[2022-08-22 22:26:50,178] {logging_mixin.py:115} INFO - [2022-08-22 22:26:50,178] {dagbag.py:508} INFO - Filling up the DagBag from /home/airflow/.local/lib/python3.7/site-packages/airflow/example_dags/example_latest_only.py
[2022-08-22 22:26:50,182] {processor.py:651} INFO - DAG(s) dict_keys(['latest_only']) retrieved from /home/airflow/.local/lib/python3.7/site-packages/airflow/example_dags/example_latest_only.py
[2022-08-22 22:26:50,203] {logging_mixin.py:115} INFO - [2022-08-22 22:26:50,203] {dag.py:2420} INFO - Sync 1 DAGs
[2022-08-22 22:26:50,221] {logging_mixin.py:115} INFO - [2022-08-22 22:26:50,221] {dag.py:2972} INFO - Setting next_dagrun for latest_only to 2022-08-22T18:26:50.221478+00:00, run_after=2022-08-22T22:26:50.221478+00:00
[2022-08-22 22:26:50,232] {processor.py:161} INFO - Processing /home/airflow/.local/lib/python3.7/site-packages/airflow/example_dags/example_latest_only.py took 0.057 seconds
[2022-08-22 22:27:20,983] {processor.py:153} INFO - Started process (PID=3945) to work on /home/airflow/.local/lib/python3.7/site-packages/airflow/example_dags/example_latest_only.py
[2022-08-22 22:27:20,983] {processor.py:641} INFO - Processing file /home/airflow/.local/lib/python3.7/site-packages/airflow/example_dags/example_latest_only.py for tasks to queue
[2022-08-22 22:27:20,984] {logging_mixin.py:115} INFO - [2022-08-22 22:27:20,984] {dagbag.py:508} INFO - Filling up the DagBag from /home/airflow/.local/lib/python3.7/site-packages/airflow/example_dags/example_latest_only.py
[2022-08-22 22:27:20,987] {processor.py:651} INFO - DAG(s) dict_keys(['latest_only']) retrieved from /home/airflow/.local/lib/python3.7/site-packages/airflow/example_dags/example_latest_only.py
[2022-08-22 22:27:21,006] {logging_mixin.py:115} INFO - [2022-08-22 22:27:21,006] {dag.py:2420} INFO - Sync 1 DAGs
[2022-08-22 22:27:21,023] {logging_mixin.py:115} INFO - [2022-08-22 22:27:21,023] {dag.py:2972} INFO - Setting next_dagrun for latest_only to 2022-08-22T18:27:21.023638+00:00, run_after=2022-08-22T22:27:21.023638+00:00
[2022-08-22 22:27:21,032] {processor.py:161} INFO - Processing /home/airflow/.local/lib/python3.7/site-packages/airflow/example_dags/example_latest_only.py took 0.051 seconds
[2022-08-22 22:27:51,626] {processor.py:153} INFO - Started process (PID=3997) to work on /home/airflow/.local/lib/python3.7/site-packages/airflow/example_dags/example_latest_only.py
[2022-08-22 22:27:51,626] {processor.py:641} INFO - Processing file /home/airflow/.local/lib/python3.7/site-packages/airflow/example_dags/example_latest_only.py for tasks to queue
[2022-08-22 22:27:51,627] {logging_mixin.py:115} INFO - [2022-08-22 22:27:51,627] {dagbag.py:508} INFO - Filling up the DagBag from /home/airflow/.local/lib/python3.7/site-packages/airflow/example_dags/example_latest_only.py
[2022-08-22 22:27:51,631] {processor.py:651} INFO - DAG(s) dict_keys(['latest_only']) retrieved from /home/airflow/.local/lib/python3.7/site-packages/airflow/example_dags/example_latest_only.py
[2022-08-22 22:27:51,651] {logging_mixin.py:115} INFO - [2022-08-22 22:27:51,651] {dag.py:2420} INFO - Sync 1 DAGs
[2022-08-22 22:27:51,671] {logging_mixin.py:115} INFO - [2022-08-22 22:27:51,671] {dag.py:2972} INFO - Setting next_dagrun for latest_only to 2022-08-22T18:27:51.670950+00:00, run_after=2022-08-22T22:27:51.670950+00:00
[2022-08-22 22:27:51,681] {processor.py:161} INFO - Processing /home/airflow/.local/lib/python3.7/site-packages/airflow/example_dags/example_latest_only.py took 0.057 seconds
[2022-08-22 22:28:22,257] {processor.py:153} INFO - Started process (PID=4058) to work on /home/airflow/.local/lib/python3.7/site-packages/airflow/example_dags/example_latest_only.py
[2022-08-22 22:28:22,258] {processor.py:641} INFO - Processing file /home/airflow/.local/lib/python3.7/site-packages/airflow/example_dags/example_latest_only.py for tasks to queue
[2022-08-22 22:28:22,259] {logging_mixin.py:115} INFO - [2022-08-22 22:28:22,258] {dagbag.py:508} INFO - Filling up the DagBag from /home/airflow/.local/lib/python3.7/site-packages/airflow/example_dags/example_latest_only.py
[2022-08-22 22:28:22,265] {processor.py:651} INFO - DAG(s) dict_keys(['latest_only']) retrieved from /home/airflow/.local/lib/python3.7/site-packages/airflow/example_dags/example_latest_only.py
[2022-08-22 22:28:22,300] {logging_mixin.py:115} INFO - [2022-08-22 22:28:22,300] {dag.py:2420} INFO - Sync 1 DAGs
[2022-08-22 22:28:22,325] {logging_mixin.py:115} INFO - [2022-08-22 22:28:22,325] {dag.py:2972} INFO - Setting next_dagrun for latest_only to 2022-08-22T18:28:22.325641+00:00, run_after=2022-08-22T22:28:22.325641+00:00
[2022-08-22 22:28:22,335] {processor.py:161} INFO - Processing /home/airflow/.local/lib/python3.7/site-packages/airflow/example_dags/example_latest_only.py took 0.082 seconds
