[2022-08-22 21:53:33,441] {processor.py:153} INFO - Started process (PID=71) to work on /home/airflow/.local/lib/python3.7/site-packages/airflow/example_dags/example_complex.py
[2022-08-22 21:53:33,442] {processor.py:641} INFO - Processing file /home/airflow/.local/lib/python3.7/site-packages/airflow/example_dags/example_complex.py for tasks to queue
[2022-08-22 21:53:33,442] {logging_mixin.py:115} INFO - [2022-08-22 21:53:33,442] {dagbag.py:508} INFO - Filling up the DagBag from /home/airflow/.local/lib/python3.7/site-packages/airflow/example_dags/example_complex.py
[2022-08-22 21:53:33,456] {processor.py:651} INFO - DAG(s) dict_keys(['example_complex']) retrieved from /home/airflow/.local/lib/python3.7/site-packages/airflow/example_dags/example_complex.py
[2022-08-22 21:53:33,556] {logging_mixin.py:115} INFO - [2022-08-22 21:53:33,556] {manager.py:508} INFO - Created Permission View: can edit on DAG:example_complex
[2022-08-22 21:53:33,570] {logging_mixin.py:115} INFO - [2022-08-22 21:53:33,570] {manager.py:508} INFO - Created Permission View: can read on DAG:example_complex
[2022-08-22 21:53:33,582] {logging_mixin.py:115} INFO - [2022-08-22 21:53:33,582] {manager.py:508} INFO - Created Permission View: can delete on DAG:example_complex
[2022-08-22 21:53:33,582] {logging_mixin.py:115} INFO - [2022-08-22 21:53:33,582] {dag.py:2420} INFO - Sync 1 DAGs
[2022-08-22 21:53:33,595] {logging_mixin.py:115} INFO - [2022-08-22 21:53:33,594] {dag.py:2439} INFO - Creating ORM DAG for example_complex
[2022-08-22 21:53:33,613] {logging_mixin.py:115} INFO - [2022-08-22 21:53:33,612] {dag.py:2972} INFO - Setting next_dagrun for example_complex to None, run_after=None
[2022-08-22 21:53:33,635] {processor.py:161} INFO - Processing /home/airflow/.local/lib/python3.7/site-packages/airflow/example_dags/example_complex.py took 0.197 seconds
[2022-08-22 21:54:04,495] {processor.py:153} INFO - Started process (PID=123) to work on /home/airflow/.local/lib/python3.7/site-packages/airflow/example_dags/example_complex.py
[2022-08-22 21:54:04,497] {processor.py:641} INFO - Processing file /home/airflow/.local/lib/python3.7/site-packages/airflow/example_dags/example_complex.py for tasks to queue
[2022-08-22 21:54:04,498] {logging_mixin.py:115} INFO - [2022-08-22 21:54:04,497] {dagbag.py:508} INFO - Filling up the DagBag from /home/airflow/.local/lib/python3.7/site-packages/airflow/example_dags/example_complex.py
[2022-08-22 21:54:04,512] {processor.py:651} INFO - DAG(s) dict_keys(['example_complex']) retrieved from /home/airflow/.local/lib/python3.7/site-packages/airflow/example_dags/example_complex.py
[2022-08-22 21:54:04,536] {logging_mixin.py:115} INFO - [2022-08-22 21:54:04,536] {dag.py:2420} INFO - Sync 1 DAGs
[2022-08-22 21:54:04,555] {logging_mixin.py:115} INFO - [2022-08-22 21:54:04,555] {dag.py:2972} INFO - Setting next_dagrun for example_complex to None, run_after=None
[2022-08-22 21:54:04,566] {processor.py:161} INFO - Processing /home/airflow/.local/lib/python3.7/site-packages/airflow/example_dags/example_complex.py took 0.073 seconds
[2022-08-22 21:54:35,410] {processor.py:153} INFO - Started process (PID=184) to work on /home/airflow/.local/lib/python3.7/site-packages/airflow/example_dags/example_complex.py
[2022-08-22 21:54:35,411] {processor.py:641} INFO - Processing file /home/airflow/.local/lib/python3.7/site-packages/airflow/example_dags/example_complex.py for tasks to queue
[2022-08-22 21:54:35,411] {logging_mixin.py:115} INFO - [2022-08-22 21:54:35,411] {dagbag.py:508} INFO - Filling up the DagBag from /home/airflow/.local/lib/python3.7/site-packages/airflow/example_dags/example_complex.py
[2022-08-22 21:54:35,422] {processor.py:651} INFO - DAG(s) dict_keys(['example_complex']) retrieved from /home/airflow/.local/lib/python3.7/site-packages/airflow/example_dags/example_complex.py
[2022-08-22 21:54:35,448] {logging_mixin.py:115} INFO - [2022-08-22 21:54:35,448] {dag.py:2420} INFO - Sync 1 DAGs
[2022-08-22 21:54:35,468] {logging_mixin.py:115} INFO - [2022-08-22 21:54:35,468] {dag.py:2972} INFO - Setting next_dagrun for example_complex to None, run_after=None
[2022-08-22 21:54:35,478] {processor.py:161} INFO - Processing /home/airflow/.local/lib/python3.7/site-packages/airflow/example_dags/example_complex.py took 0.071 seconds
[2022-08-22 21:55:06,250] {processor.py:153} INFO - Started process (PID=245) to work on /home/airflow/.local/lib/python3.7/site-packages/airflow/example_dags/example_complex.py
[2022-08-22 21:55:06,251] {processor.py:641} INFO - Processing file /home/airflow/.local/lib/python3.7/site-packages/airflow/example_dags/example_complex.py for tasks to queue
[2022-08-22 21:55:06,251] {logging_mixin.py:115} INFO - [2022-08-22 21:55:06,251] {dagbag.py:508} INFO - Filling up the DagBag from /home/airflow/.local/lib/python3.7/site-packages/airflow/example_dags/example_complex.py
[2022-08-22 21:55:06,262] {processor.py:651} INFO - DAG(s) dict_keys(['example_complex']) retrieved from /home/airflow/.local/lib/python3.7/site-packages/airflow/example_dags/example_complex.py
[2022-08-22 21:55:06,286] {logging_mixin.py:115} INFO - [2022-08-22 21:55:06,286] {dag.py:2420} INFO - Sync 1 DAGs
[2022-08-22 21:55:06,304] {logging_mixin.py:115} INFO - [2022-08-22 21:55:06,304] {dag.py:2972} INFO - Setting next_dagrun for example_complex to None, run_after=None
[2022-08-22 21:55:06,314] {processor.py:161} INFO - Processing /home/airflow/.local/lib/python3.7/site-packages/airflow/example_dags/example_complex.py took 0.066 seconds
[2022-08-22 21:55:37,062] {processor.py:153} INFO - Started process (PID=307) to work on /home/airflow/.local/lib/python3.7/site-packages/airflow/example_dags/example_complex.py
[2022-08-22 21:55:37,063] {processor.py:641} INFO - Processing file /home/airflow/.local/lib/python3.7/site-packages/airflow/example_dags/example_complex.py for tasks to queue
[2022-08-22 21:55:37,063] {logging_mixin.py:115} INFO - [2022-08-22 21:55:37,063] {dagbag.py:508} INFO - Filling up the DagBag from /home/airflow/.local/lib/python3.7/site-packages/airflow/example_dags/example_complex.py
[2022-08-22 21:55:37,077] {processor.py:651} INFO - DAG(s) dict_keys(['example_complex']) retrieved from /home/airflow/.local/lib/python3.7/site-packages/airflow/example_dags/example_complex.py
[2022-08-22 21:55:37,110] {logging_mixin.py:115} INFO - [2022-08-22 21:55:37,110] {dag.py:2420} INFO - Sync 1 DAGs
[2022-08-22 21:55:37,134] {logging_mixin.py:115} INFO - [2022-08-22 21:55:37,133] {dag.py:2972} INFO - Setting next_dagrun for example_complex to None, run_after=None
[2022-08-22 21:55:37,148] {processor.py:161} INFO - Processing /home/airflow/.local/lib/python3.7/site-packages/airflow/example_dags/example_complex.py took 0.089 seconds
[2022-08-22 21:56:07,909] {processor.py:153} INFO - Started process (PID=359) to work on /home/airflow/.local/lib/python3.7/site-packages/airflow/example_dags/example_complex.py
[2022-08-22 21:56:07,910] {processor.py:641} INFO - Processing file /home/airflow/.local/lib/python3.7/site-packages/airflow/example_dags/example_complex.py for tasks to queue
[2022-08-22 21:56:07,910] {logging_mixin.py:115} INFO - [2022-08-22 21:56:07,910] {dagbag.py:508} INFO - Filling up the DagBag from /home/airflow/.local/lib/python3.7/site-packages/airflow/example_dags/example_complex.py
[2022-08-22 21:56:07,921] {processor.py:651} INFO - DAG(s) dict_keys(['example_complex']) retrieved from /home/airflow/.local/lib/python3.7/site-packages/airflow/example_dags/example_complex.py
[2022-08-22 21:56:07,949] {logging_mixin.py:115} INFO - [2022-08-22 21:56:07,948] {dag.py:2420} INFO - Sync 1 DAGs
[2022-08-22 21:56:07,968] {logging_mixin.py:115} INFO - [2022-08-22 21:56:07,968] {dag.py:2972} INFO - Setting next_dagrun for example_complex to None, run_after=None
[2022-08-22 21:56:07,979] {processor.py:161} INFO - Processing /home/airflow/.local/lib/python3.7/site-packages/airflow/example_dags/example_complex.py took 0.073 seconds
[2022-08-22 21:56:38,661] {processor.py:153} INFO - Started process (PID=420) to work on /home/airflow/.local/lib/python3.7/site-packages/airflow/example_dags/example_complex.py
[2022-08-22 21:56:38,661] {processor.py:641} INFO - Processing file /home/airflow/.local/lib/python3.7/site-packages/airflow/example_dags/example_complex.py for tasks to queue
[2022-08-22 21:56:38,662] {logging_mixin.py:115} INFO - [2022-08-22 21:56:38,662] {dagbag.py:508} INFO - Filling up the DagBag from /home/airflow/.local/lib/python3.7/site-packages/airflow/example_dags/example_complex.py
[2022-08-22 21:56:38,673] {processor.py:651} INFO - DAG(s) dict_keys(['example_complex']) retrieved from /home/airflow/.local/lib/python3.7/site-packages/airflow/example_dags/example_complex.py
[2022-08-22 21:56:38,700] {logging_mixin.py:115} INFO - [2022-08-22 21:56:38,700] {dag.py:2420} INFO - Sync 1 DAGs
[2022-08-22 21:56:38,719] {logging_mixin.py:115} INFO - [2022-08-22 21:56:38,719] {dag.py:2972} INFO - Setting next_dagrun for example_complex to None, run_after=None
[2022-08-22 21:56:38,730] {processor.py:161} INFO - Processing /home/airflow/.local/lib/python3.7/site-packages/airflow/example_dags/example_complex.py took 0.072 seconds
[2022-08-22 21:57:09,592] {processor.py:153} INFO - Started process (PID=481) to work on /home/airflow/.local/lib/python3.7/site-packages/airflow/example_dags/example_complex.py
[2022-08-22 21:57:09,593] {processor.py:641} INFO - Processing file /home/airflow/.local/lib/python3.7/site-packages/airflow/example_dags/example_complex.py for tasks to queue
[2022-08-22 21:57:09,594] {logging_mixin.py:115} INFO - [2022-08-22 21:57:09,594] {dagbag.py:508} INFO - Filling up the DagBag from /home/airflow/.local/lib/python3.7/site-packages/airflow/example_dags/example_complex.py
[2022-08-22 21:57:09,616] {processor.py:651} INFO - DAG(s) dict_keys(['example_complex']) retrieved from /home/airflow/.local/lib/python3.7/site-packages/airflow/example_dags/example_complex.py
[2022-08-22 21:57:09,646] {logging_mixin.py:115} INFO - [2022-08-22 21:57:09,646] {dag.py:2420} INFO - Sync 1 DAGs
[2022-08-22 21:57:09,665] {logging_mixin.py:115} INFO - [2022-08-22 21:57:09,665] {dag.py:2972} INFO - Setting next_dagrun for example_complex to None, run_after=None
[2022-08-22 21:57:09,678] {processor.py:161} INFO - Processing /home/airflow/.local/lib/python3.7/site-packages/airflow/example_dags/example_complex.py took 0.090 seconds
[2022-08-22 21:57:40,434] {processor.py:153} INFO - Started process (PID=533) to work on /home/airflow/.local/lib/python3.7/site-packages/airflow/example_dags/example_complex.py
[2022-08-22 21:57:40,435] {processor.py:641} INFO - Processing file /home/airflow/.local/lib/python3.7/site-packages/airflow/example_dags/example_complex.py for tasks to queue
[2022-08-22 21:57:40,436] {logging_mixin.py:115} INFO - [2022-08-22 21:57:40,436] {dagbag.py:508} INFO - Filling up the DagBag from /home/airflow/.local/lib/python3.7/site-packages/airflow/example_dags/example_complex.py
[2022-08-22 21:57:40,457] {processor.py:651} INFO - DAG(s) dict_keys(['example_complex']) retrieved from /home/airflow/.local/lib/python3.7/site-packages/airflow/example_dags/example_complex.py
[2022-08-22 21:57:40,486] {logging_mixin.py:115} INFO - [2022-08-22 21:57:40,486] {dag.py:2420} INFO - Sync 1 DAGs
[2022-08-22 21:57:40,507] {logging_mixin.py:115} INFO - [2022-08-22 21:57:40,507] {dag.py:2972} INFO - Setting next_dagrun for example_complex to None, run_after=None
[2022-08-22 21:57:40,517] {processor.py:161} INFO - Processing /home/airflow/.local/lib/python3.7/site-packages/airflow/example_dags/example_complex.py took 0.087 seconds
[2022-08-22 21:58:11,239] {processor.py:153} INFO - Started process (PID=594) to work on /home/airflow/.local/lib/python3.7/site-packages/airflow/example_dags/example_complex.py
[2022-08-22 21:58:11,239] {processor.py:641} INFO - Processing file /home/airflow/.local/lib/python3.7/site-packages/airflow/example_dags/example_complex.py for tasks to queue
[2022-08-22 21:58:11,239] {logging_mixin.py:115} INFO - [2022-08-22 21:58:11,239] {dagbag.py:508} INFO - Filling up the DagBag from /home/airflow/.local/lib/python3.7/site-packages/airflow/example_dags/example_complex.py
[2022-08-22 21:58:11,250] {processor.py:651} INFO - DAG(s) dict_keys(['example_complex']) retrieved from /home/airflow/.local/lib/python3.7/site-packages/airflow/example_dags/example_complex.py
[2022-08-22 21:58:11,279] {logging_mixin.py:115} INFO - [2022-08-22 21:58:11,279] {dag.py:2420} INFO - Sync 1 DAGs
[2022-08-22 21:58:11,298] {logging_mixin.py:115} INFO - [2022-08-22 21:58:11,298] {dag.py:2972} INFO - Setting next_dagrun for example_complex to None, run_after=None
[2022-08-22 21:58:11,310] {processor.py:161} INFO - Processing /home/airflow/.local/lib/python3.7/site-packages/airflow/example_dags/example_complex.py took 0.074 seconds
[2022-08-22 21:58:42,084] {processor.py:153} INFO - Started process (PID=655) to work on /home/airflow/.local/lib/python3.7/site-packages/airflow/example_dags/example_complex.py
[2022-08-22 21:58:42,085] {processor.py:641} INFO - Processing file /home/airflow/.local/lib/python3.7/site-packages/airflow/example_dags/example_complex.py for tasks to queue
[2022-08-22 21:58:42,086] {logging_mixin.py:115} INFO - [2022-08-22 21:58:42,086] {dagbag.py:508} INFO - Filling up the DagBag from /home/airflow/.local/lib/python3.7/site-packages/airflow/example_dags/example_complex.py
[2022-08-22 21:58:42,099] {processor.py:651} INFO - DAG(s) dict_keys(['example_complex']) retrieved from /home/airflow/.local/lib/python3.7/site-packages/airflow/example_dags/example_complex.py
[2022-08-22 21:58:42,128] {logging_mixin.py:115} INFO - [2022-08-22 21:58:42,128] {dag.py:2420} INFO - Sync 1 DAGs
[2022-08-22 21:58:42,146] {logging_mixin.py:115} INFO - [2022-08-22 21:58:42,146] {dag.py:2972} INFO - Setting next_dagrun for example_complex to None, run_after=None
[2022-08-22 21:58:42,158] {processor.py:161} INFO - Processing /home/airflow/.local/lib/python3.7/site-packages/airflow/example_dags/example_complex.py took 0.077 seconds
[2022-08-22 21:59:12,822] {processor.py:153} INFO - Started process (PID=714) to work on /home/airflow/.local/lib/python3.7/site-packages/airflow/example_dags/example_complex.py
[2022-08-22 21:59:12,823] {processor.py:641} INFO - Processing file /home/airflow/.local/lib/python3.7/site-packages/airflow/example_dags/example_complex.py for tasks to queue
[2022-08-22 21:59:12,823] {logging_mixin.py:115} INFO - [2022-08-22 21:59:12,823] {dagbag.py:508} INFO - Filling up the DagBag from /home/airflow/.local/lib/python3.7/site-packages/airflow/example_dags/example_complex.py
[2022-08-22 21:59:12,835] {processor.py:651} INFO - DAG(s) dict_keys(['example_complex']) retrieved from /home/airflow/.local/lib/python3.7/site-packages/airflow/example_dags/example_complex.py
[2022-08-22 21:59:12,862] {logging_mixin.py:115} INFO - [2022-08-22 21:59:12,862] {dag.py:2420} INFO - Sync 1 DAGs
[2022-08-22 21:59:12,883] {logging_mixin.py:115} INFO - [2022-08-22 21:59:12,883] {dag.py:2972} INFO - Setting next_dagrun for example_complex to None, run_after=None
[2022-08-22 21:59:12,894] {processor.py:161} INFO - Processing /home/airflow/.local/lib/python3.7/site-packages/airflow/example_dags/example_complex.py took 0.074 seconds
[2022-08-22 21:59:43,706] {processor.py:153} INFO - Started process (PID=768) to work on /home/airflow/.local/lib/python3.7/site-packages/airflow/example_dags/example_complex.py
[2022-08-22 21:59:43,707] {processor.py:641} INFO - Processing file /home/airflow/.local/lib/python3.7/site-packages/airflow/example_dags/example_complex.py for tasks to queue
[2022-08-22 21:59:43,707] {logging_mixin.py:115} INFO - [2022-08-22 21:59:43,707] {dagbag.py:508} INFO - Filling up the DagBag from /home/airflow/.local/lib/python3.7/site-packages/airflow/example_dags/example_complex.py
[2022-08-22 21:59:43,718] {processor.py:651} INFO - DAG(s) dict_keys(['example_complex']) retrieved from /home/airflow/.local/lib/python3.7/site-packages/airflow/example_dags/example_complex.py
[2022-08-22 21:59:43,748] {logging_mixin.py:115} INFO - [2022-08-22 21:59:43,748] {dag.py:2420} INFO - Sync 1 DAGs
[2022-08-22 21:59:43,768] {logging_mixin.py:115} INFO - [2022-08-22 21:59:43,768] {dag.py:2972} INFO - Setting next_dagrun for example_complex to None, run_after=None
[2022-08-22 21:59:43,777] {processor.py:161} INFO - Processing /home/airflow/.local/lib/python3.7/site-packages/airflow/example_dags/example_complex.py took 0.074 seconds
[2022-08-22 22:00:14,374] {processor.py:153} INFO - Started process (PID=829) to work on /home/airflow/.local/lib/python3.7/site-packages/airflow/example_dags/example_complex.py
[2022-08-22 22:00:14,375] {processor.py:641} INFO - Processing file /home/airflow/.local/lib/python3.7/site-packages/airflow/example_dags/example_complex.py for tasks to queue
[2022-08-22 22:00:14,376] {logging_mixin.py:115} INFO - [2022-08-22 22:00:14,376] {dagbag.py:508} INFO - Filling up the DagBag from /home/airflow/.local/lib/python3.7/site-packages/airflow/example_dags/example_complex.py
[2022-08-22 22:00:14,386] {processor.py:651} INFO - DAG(s) dict_keys(['example_complex']) retrieved from /home/airflow/.local/lib/python3.7/site-packages/airflow/example_dags/example_complex.py
[2022-08-22 22:00:14,411] {logging_mixin.py:115} INFO - [2022-08-22 22:00:14,411] {dag.py:2420} INFO - Sync 1 DAGs
[2022-08-22 22:00:14,431] {logging_mixin.py:115} INFO - [2022-08-22 22:00:14,431] {dag.py:2972} INFO - Setting next_dagrun for example_complex to None, run_after=None
[2022-08-22 22:00:14,442] {processor.py:161} INFO - Processing /home/airflow/.local/lib/python3.7/site-packages/airflow/example_dags/example_complex.py took 0.070 seconds
[2022-08-22 22:00:45,273] {processor.py:153} INFO - Started process (PID=890) to work on /home/airflow/.local/lib/python3.7/site-packages/airflow/example_dags/example_complex.py
[2022-08-22 22:00:45,274] {processor.py:641} INFO - Processing file /home/airflow/.local/lib/python3.7/site-packages/airflow/example_dags/example_complex.py for tasks to queue
[2022-08-22 22:00:45,274] {logging_mixin.py:115} INFO - [2022-08-22 22:00:45,274] {dagbag.py:508} INFO - Filling up the DagBag from /home/airflow/.local/lib/python3.7/site-packages/airflow/example_dags/example_complex.py
[2022-08-22 22:00:45,297] {processor.py:651} INFO - DAG(s) dict_keys(['example_complex']) retrieved from /home/airflow/.local/lib/python3.7/site-packages/airflow/example_dags/example_complex.py
[2022-08-22 22:00:45,324] {logging_mixin.py:115} INFO - [2022-08-22 22:00:45,324] {dag.py:2420} INFO - Sync 1 DAGs
[2022-08-22 22:00:45,344] {logging_mixin.py:115} INFO - [2022-08-22 22:00:45,344] {dag.py:2972} INFO - Setting next_dagrun for example_complex to None, run_after=None
[2022-08-22 22:00:45,355] {processor.py:161} INFO - Processing /home/airflow/.local/lib/python3.7/site-packages/airflow/example_dags/example_complex.py took 0.086 seconds
[2022-08-22 22:01:16,003] {processor.py:153} INFO - Started process (PID=942) to work on /home/airflow/.local/lib/python3.7/site-packages/airflow/example_dags/example_complex.py
[2022-08-22 22:01:16,004] {processor.py:641} INFO - Processing file /home/airflow/.local/lib/python3.7/site-packages/airflow/example_dags/example_complex.py for tasks to queue
[2022-08-22 22:01:16,004] {logging_mixin.py:115} INFO - [2022-08-22 22:01:16,004] {dagbag.py:508} INFO - Filling up the DagBag from /home/airflow/.local/lib/python3.7/site-packages/airflow/example_dags/example_complex.py
[2022-08-22 22:01:16,017] {processor.py:651} INFO - DAG(s) dict_keys(['example_complex']) retrieved from /home/airflow/.local/lib/python3.7/site-packages/airflow/example_dags/example_complex.py
[2022-08-22 22:01:16,044] {logging_mixin.py:115} INFO - [2022-08-22 22:01:16,044] {dag.py:2420} INFO - Sync 1 DAGs
[2022-08-22 22:01:16,061] {logging_mixin.py:115} INFO - [2022-08-22 22:01:16,061] {dag.py:2972} INFO - Setting next_dagrun for example_complex to None, run_after=None
[2022-08-22 22:01:16,075] {processor.py:161} INFO - Processing /home/airflow/.local/lib/python3.7/site-packages/airflow/example_dags/example_complex.py took 0.075 seconds
[2022-08-22 22:01:46,878] {processor.py:153} INFO - Started process (PID=1003) to work on /home/airflow/.local/lib/python3.7/site-packages/airflow/example_dags/example_complex.py
[2022-08-22 22:01:46,878] {processor.py:641} INFO - Processing file /home/airflow/.local/lib/python3.7/site-packages/airflow/example_dags/example_complex.py for tasks to queue
[2022-08-22 22:01:46,879] {logging_mixin.py:115} INFO - [2022-08-22 22:01:46,879] {dagbag.py:508} INFO - Filling up the DagBag from /home/airflow/.local/lib/python3.7/site-packages/airflow/example_dags/example_complex.py
[2022-08-22 22:01:46,890] {processor.py:651} INFO - DAG(s) dict_keys(['example_complex']) retrieved from /home/airflow/.local/lib/python3.7/site-packages/airflow/example_dags/example_complex.py
[2022-08-22 22:01:46,920] {logging_mixin.py:115} INFO - [2022-08-22 22:01:46,920] {dag.py:2420} INFO - Sync 1 DAGs
[2022-08-22 22:01:46,940] {logging_mixin.py:115} INFO - [2022-08-22 22:01:46,940] {dag.py:2972} INFO - Setting next_dagrun for example_complex to None, run_after=None
[2022-08-22 22:01:46,953] {processor.py:161} INFO - Processing /home/airflow/.local/lib/python3.7/site-packages/airflow/example_dags/example_complex.py took 0.077 seconds
[2022-08-22 22:02:17,817] {processor.py:153} INFO - Started process (PID=1064) to work on /home/airflow/.local/lib/python3.7/site-packages/airflow/example_dags/example_complex.py
[2022-08-22 22:02:17,818] {processor.py:641} INFO - Processing file /home/airflow/.local/lib/python3.7/site-packages/airflow/example_dags/example_complex.py for tasks to queue
[2022-08-22 22:02:17,818] {logging_mixin.py:115} INFO - [2022-08-22 22:02:17,818] {dagbag.py:508} INFO - Filling up the DagBag from /home/airflow/.local/lib/python3.7/site-packages/airflow/example_dags/example_complex.py
[2022-08-22 22:02:17,829] {processor.py:651} INFO - DAG(s) dict_keys(['example_complex']) retrieved from /home/airflow/.local/lib/python3.7/site-packages/airflow/example_dags/example_complex.py
[2022-08-22 22:02:17,858] {logging_mixin.py:115} INFO - [2022-08-22 22:02:17,857] {dag.py:2420} INFO - Sync 1 DAGs
[2022-08-22 22:02:17,876] {logging_mixin.py:115} INFO - [2022-08-22 22:02:17,876] {dag.py:2972} INFO - Setting next_dagrun for example_complex to None, run_after=None
[2022-08-22 22:02:17,886] {processor.py:161} INFO - Processing /home/airflow/.local/lib/python3.7/site-packages/airflow/example_dags/example_complex.py took 0.071 seconds
[2022-08-22 22:02:48,563] {processor.py:153} INFO - Started process (PID=1116) to work on /home/airflow/.local/lib/python3.7/site-packages/airflow/example_dags/example_complex.py
[2022-08-22 22:02:48,563] {processor.py:641} INFO - Processing file /home/airflow/.local/lib/python3.7/site-packages/airflow/example_dags/example_complex.py for tasks to queue
[2022-08-22 22:02:48,564] {logging_mixin.py:115} INFO - [2022-08-22 22:02:48,563] {dagbag.py:508} INFO - Filling up the DagBag from /home/airflow/.local/lib/python3.7/site-packages/airflow/example_dags/example_complex.py
[2022-08-22 22:02:48,574] {processor.py:651} INFO - DAG(s) dict_keys(['example_complex']) retrieved from /home/airflow/.local/lib/python3.7/site-packages/airflow/example_dags/example_complex.py
[2022-08-22 22:02:48,601] {logging_mixin.py:115} INFO - [2022-08-22 22:02:48,601] {dag.py:2420} INFO - Sync 1 DAGs
[2022-08-22 22:02:48,622] {logging_mixin.py:115} INFO - [2022-08-22 22:02:48,622] {dag.py:2972} INFO - Setting next_dagrun for example_complex to None, run_after=None
[2022-08-22 22:02:48,633] {processor.py:161} INFO - Processing /home/airflow/.local/lib/python3.7/site-packages/airflow/example_dags/example_complex.py took 0.072 seconds
[2022-08-22 22:03:19,499] {processor.py:153} INFO - Started process (PID=1177) to work on /home/airflow/.local/lib/python3.7/site-packages/airflow/example_dags/example_complex.py
[2022-08-22 22:03:19,500] {processor.py:641} INFO - Processing file /home/airflow/.local/lib/python3.7/site-packages/airflow/example_dags/example_complex.py for tasks to queue
[2022-08-22 22:03:19,500] {logging_mixin.py:115} INFO - [2022-08-22 22:03:19,500] {dagbag.py:508} INFO - Filling up the DagBag from /home/airflow/.local/lib/python3.7/site-packages/airflow/example_dags/example_complex.py
[2022-08-22 22:03:19,511] {processor.py:651} INFO - DAG(s) dict_keys(['example_complex']) retrieved from /home/airflow/.local/lib/python3.7/site-packages/airflow/example_dags/example_complex.py
[2022-08-22 22:03:19,539] {logging_mixin.py:115} INFO - [2022-08-22 22:03:19,539] {dag.py:2420} INFO - Sync 1 DAGs
[2022-08-22 22:03:19,560] {logging_mixin.py:115} INFO - [2022-08-22 22:03:19,560] {dag.py:2972} INFO - Setting next_dagrun for example_complex to None, run_after=None
[2022-08-22 22:03:19,570] {processor.py:161} INFO - Processing /home/airflow/.local/lib/python3.7/site-packages/airflow/example_dags/example_complex.py took 0.073 seconds
[2022-08-22 22:03:50,437] {processor.py:153} INFO - Started process (PID=1238) to work on /home/airflow/.local/lib/python3.7/site-packages/airflow/example_dags/example_complex.py
[2022-08-22 22:03:50,438] {processor.py:641} INFO - Processing file /home/airflow/.local/lib/python3.7/site-packages/airflow/example_dags/example_complex.py for tasks to queue
[2022-08-22 22:03:50,438] {logging_mixin.py:115} INFO - [2022-08-22 22:03:50,438] {dagbag.py:508} INFO - Filling up the DagBag from /home/airflow/.local/lib/python3.7/site-packages/airflow/example_dags/example_complex.py
[2022-08-22 22:03:50,448] {processor.py:651} INFO - DAG(s) dict_keys(['example_complex']) retrieved from /home/airflow/.local/lib/python3.7/site-packages/airflow/example_dags/example_complex.py
[2022-08-22 22:03:50,470] {logging_mixin.py:115} INFO - [2022-08-22 22:03:50,470] {dag.py:2420} INFO - Sync 1 DAGs
[2022-08-22 22:03:50,487] {logging_mixin.py:115} INFO - [2022-08-22 22:03:50,487] {dag.py:2972} INFO - Setting next_dagrun for example_complex to None, run_after=None
[2022-08-22 22:03:50,496] {processor.py:161} INFO - Processing /home/airflow/.local/lib/python3.7/site-packages/airflow/example_dags/example_complex.py took 0.061 seconds
[2022-08-22 22:04:21,172] {processor.py:153} INFO - Started process (PID=1299) to work on /home/airflow/.local/lib/python3.7/site-packages/airflow/example_dags/example_complex.py
[2022-08-22 22:04:21,172] {processor.py:641} INFO - Processing file /home/airflow/.local/lib/python3.7/site-packages/airflow/example_dags/example_complex.py for tasks to queue
[2022-08-22 22:04:21,173] {logging_mixin.py:115} INFO - [2022-08-22 22:04:21,173] {dagbag.py:508} INFO - Filling up the DagBag from /home/airflow/.local/lib/python3.7/site-packages/airflow/example_dags/example_complex.py
[2022-08-22 22:04:21,183] {processor.py:651} INFO - DAG(s) dict_keys(['example_complex']) retrieved from /home/airflow/.local/lib/python3.7/site-packages/airflow/example_dags/example_complex.py
[2022-08-22 22:04:21,207] {logging_mixin.py:115} INFO - [2022-08-22 22:04:21,207] {dag.py:2420} INFO - Sync 1 DAGs
[2022-08-22 22:04:21,224] {logging_mixin.py:115} INFO - [2022-08-22 22:04:21,224] {dag.py:2972} INFO - Setting next_dagrun for example_complex to None, run_after=None
[2022-08-22 22:04:21,234] {processor.py:161} INFO - Processing /home/airflow/.local/lib/python3.7/site-packages/airflow/example_dags/example_complex.py took 0.064 seconds
[2022-08-22 22:04:51,673] {processor.py:153} INFO - Started process (PID=1351) to work on /home/airflow/.local/lib/python3.7/site-packages/airflow/example_dags/example_complex.py
[2022-08-22 22:04:51,674] {processor.py:641} INFO - Processing file /home/airflow/.local/lib/python3.7/site-packages/airflow/example_dags/example_complex.py for tasks to queue
[2022-08-22 22:04:51,674] {logging_mixin.py:115} INFO - [2022-08-22 22:04:51,674] {dagbag.py:508} INFO - Filling up the DagBag from /home/airflow/.local/lib/python3.7/site-packages/airflow/example_dags/example_complex.py
[2022-08-22 22:04:51,685] {processor.py:651} INFO - DAG(s) dict_keys(['example_complex']) retrieved from /home/airflow/.local/lib/python3.7/site-packages/airflow/example_dags/example_complex.py
[2022-08-22 22:04:51,709] {logging_mixin.py:115} INFO - [2022-08-22 22:04:51,709] {dag.py:2420} INFO - Sync 1 DAGs
[2022-08-22 22:04:51,727] {logging_mixin.py:115} INFO - [2022-08-22 22:04:51,727] {dag.py:2972} INFO - Setting next_dagrun for example_complex to None, run_after=None
[2022-08-22 22:04:51,736] {processor.py:161} INFO - Processing /home/airflow/.local/lib/python3.7/site-packages/airflow/example_dags/example_complex.py took 0.065 seconds
[2022-08-22 22:05:22,215] {processor.py:153} INFO - Started process (PID=1412) to work on /home/airflow/.local/lib/python3.7/site-packages/airflow/example_dags/example_complex.py
[2022-08-22 22:05:22,216] {processor.py:641} INFO - Processing file /home/airflow/.local/lib/python3.7/site-packages/airflow/example_dags/example_complex.py for tasks to queue
[2022-08-22 22:05:22,217] {logging_mixin.py:115} INFO - [2022-08-22 22:05:22,217] {dagbag.py:508} INFO - Filling up the DagBag from /home/airflow/.local/lib/python3.7/site-packages/airflow/example_dags/example_complex.py
[2022-08-22 22:05:22,239] {processor.py:651} INFO - DAG(s) dict_keys(['example_complex']) retrieved from /home/airflow/.local/lib/python3.7/site-packages/airflow/example_dags/example_complex.py
[2022-08-22 22:05:22,270] {logging_mixin.py:115} INFO - [2022-08-22 22:05:22,270] {dag.py:2420} INFO - Sync 1 DAGs
[2022-08-22 22:05:22,291] {logging_mixin.py:115} INFO - [2022-08-22 22:05:22,291] {dag.py:2972} INFO - Setting next_dagrun for example_complex to None, run_after=None
[2022-08-22 22:05:22,304] {processor.py:161} INFO - Processing /home/airflow/.local/lib/python3.7/site-packages/airflow/example_dags/example_complex.py took 0.093 seconds
[2022-08-22 22:05:53,013] {processor.py:153} INFO - Started process (PID=1473) to work on /home/airflow/.local/lib/python3.7/site-packages/airflow/example_dags/example_complex.py
[2022-08-22 22:05:53,013] {processor.py:641} INFO - Processing file /home/airflow/.local/lib/python3.7/site-packages/airflow/example_dags/example_complex.py for tasks to queue
[2022-08-22 22:05:53,014] {logging_mixin.py:115} INFO - [2022-08-22 22:05:53,014] {dagbag.py:508} INFO - Filling up the DagBag from /home/airflow/.local/lib/python3.7/site-packages/airflow/example_dags/example_complex.py
[2022-08-22 22:05:53,024] {processor.py:651} INFO - DAG(s) dict_keys(['example_complex']) retrieved from /home/airflow/.local/lib/python3.7/site-packages/airflow/example_dags/example_complex.py
[2022-08-22 22:05:53,050] {logging_mixin.py:115} INFO - [2022-08-22 22:05:53,050] {dag.py:2420} INFO - Sync 1 DAGs
[2022-08-22 22:05:53,070] {logging_mixin.py:115} INFO - [2022-08-22 22:05:53,070] {dag.py:2972} INFO - Setting next_dagrun for example_complex to None, run_after=None
[2022-08-22 22:05:53,081] {processor.py:161} INFO - Processing /home/airflow/.local/lib/python3.7/site-packages/airflow/example_dags/example_complex.py took 0.070 seconds
[2022-08-22 22:06:23,633] {processor.py:153} INFO - Started process (PID=1534) to work on /home/airflow/.local/lib/python3.7/site-packages/airflow/example_dags/example_complex.py
[2022-08-22 22:06:23,633] {processor.py:641} INFO - Processing file /home/airflow/.local/lib/python3.7/site-packages/airflow/example_dags/example_complex.py for tasks to queue
[2022-08-22 22:06:23,634] {logging_mixin.py:115} INFO - [2022-08-22 22:06:23,634] {dagbag.py:508} INFO - Filling up the DagBag from /home/airflow/.local/lib/python3.7/site-packages/airflow/example_dags/example_complex.py
[2022-08-22 22:06:23,644] {processor.py:651} INFO - DAG(s) dict_keys(['example_complex']) retrieved from /home/airflow/.local/lib/python3.7/site-packages/airflow/example_dags/example_complex.py
[2022-08-22 22:06:23,667] {logging_mixin.py:115} INFO - [2022-08-22 22:06:23,667] {dag.py:2420} INFO - Sync 1 DAGs
[2022-08-22 22:06:23,687] {logging_mixin.py:115} INFO - [2022-08-22 22:06:23,687] {dag.py:2972} INFO - Setting next_dagrun for example_complex to None, run_after=None
[2022-08-22 22:06:23,698] {processor.py:161} INFO - Processing /home/airflow/.local/lib/python3.7/site-packages/airflow/example_dags/example_complex.py took 0.067 seconds
[2022-08-22 22:06:54,309] {processor.py:153} INFO - Started process (PID=1586) to work on /home/airflow/.local/lib/python3.7/site-packages/airflow/example_dags/example_complex.py
[2022-08-22 22:06:54,310] {processor.py:641} INFO - Processing file /home/airflow/.local/lib/python3.7/site-packages/airflow/example_dags/example_complex.py for tasks to queue
[2022-08-22 22:06:54,311] {logging_mixin.py:115} INFO - [2022-08-22 22:06:54,311] {dagbag.py:508} INFO - Filling up the DagBag from /home/airflow/.local/lib/python3.7/site-packages/airflow/example_dags/example_complex.py
[2022-08-22 22:06:54,331] {processor.py:651} INFO - DAG(s) dict_keys(['example_complex']) retrieved from /home/airflow/.local/lib/python3.7/site-packages/airflow/example_dags/example_complex.py
[2022-08-22 22:06:54,357] {logging_mixin.py:115} INFO - [2022-08-22 22:06:54,357] {dag.py:2420} INFO - Sync 1 DAGs
[2022-08-22 22:06:54,375] {logging_mixin.py:115} INFO - [2022-08-22 22:06:54,375] {dag.py:2972} INFO - Setting next_dagrun for example_complex to None, run_after=None
[2022-08-22 22:06:54,386] {processor.py:161} INFO - Processing /home/airflow/.local/lib/python3.7/site-packages/airflow/example_dags/example_complex.py took 0.080 seconds
[2022-08-22 22:07:24,896] {processor.py:153} INFO - Started process (PID=1647) to work on /home/airflow/.local/lib/python3.7/site-packages/airflow/example_dags/example_complex.py
[2022-08-22 22:07:24,897] {processor.py:641} INFO - Processing file /home/airflow/.local/lib/python3.7/site-packages/airflow/example_dags/example_complex.py for tasks to queue
[2022-08-22 22:07:24,898] {logging_mixin.py:115} INFO - [2022-08-22 22:07:24,897] {dagbag.py:508} INFO - Filling up the DagBag from /home/airflow/.local/lib/python3.7/site-packages/airflow/example_dags/example_complex.py
[2022-08-22 22:07:24,918] {processor.py:651} INFO - DAG(s) dict_keys(['example_complex']) retrieved from /home/airflow/.local/lib/python3.7/site-packages/airflow/example_dags/example_complex.py
[2022-08-22 22:07:24,945] {logging_mixin.py:115} INFO - [2022-08-22 22:07:24,944] {dag.py:2420} INFO - Sync 1 DAGs
[2022-08-22 22:07:24,961] {logging_mixin.py:115} INFO - [2022-08-22 22:07:24,961] {dag.py:2972} INFO - Setting next_dagrun for example_complex to None, run_after=None
[2022-08-22 22:07:24,970] {processor.py:161} INFO - Processing /home/airflow/.local/lib/python3.7/site-packages/airflow/example_dags/example_complex.py took 0.078 seconds
[2022-08-22 22:07:55,680] {processor.py:153} INFO - Started process (PID=1708) to work on /home/airflow/.local/lib/python3.7/site-packages/airflow/example_dags/example_complex.py
[2022-08-22 22:07:55,680] {processor.py:641} INFO - Processing file /home/airflow/.local/lib/python3.7/site-packages/airflow/example_dags/example_complex.py for tasks to queue
[2022-08-22 22:07:55,680] {logging_mixin.py:115} INFO - [2022-08-22 22:07:55,680] {dagbag.py:508} INFO - Filling up the DagBag from /home/airflow/.local/lib/python3.7/site-packages/airflow/example_dags/example_complex.py
[2022-08-22 22:07:55,691] {processor.py:651} INFO - DAG(s) dict_keys(['example_complex']) retrieved from /home/airflow/.local/lib/python3.7/site-packages/airflow/example_dags/example_complex.py
[2022-08-22 22:07:55,718] {logging_mixin.py:115} INFO - [2022-08-22 22:07:55,718] {dag.py:2420} INFO - Sync 1 DAGs
[2022-08-22 22:07:55,735] {logging_mixin.py:115} INFO - [2022-08-22 22:07:55,735] {dag.py:2972} INFO - Setting next_dagrun for example_complex to None, run_after=None
[2022-08-22 22:07:55,745] {processor.py:161} INFO - Processing /home/airflow/.local/lib/python3.7/site-packages/airflow/example_dags/example_complex.py took 0.067 seconds
[2022-08-22 22:08:26,210] {processor.py:153} INFO - Started process (PID=1760) to work on /home/airflow/.local/lib/python3.7/site-packages/airflow/example_dags/example_complex.py
[2022-08-22 22:08:26,210] {processor.py:641} INFO - Processing file /home/airflow/.local/lib/python3.7/site-packages/airflow/example_dags/example_complex.py for tasks to queue
[2022-08-22 22:08:26,210] {logging_mixin.py:115} INFO - [2022-08-22 22:08:26,210] {dagbag.py:508} INFO - Filling up the DagBag from /home/airflow/.local/lib/python3.7/site-packages/airflow/example_dags/example_complex.py
[2022-08-22 22:08:26,220] {processor.py:651} INFO - DAG(s) dict_keys(['example_complex']) retrieved from /home/airflow/.local/lib/python3.7/site-packages/airflow/example_dags/example_complex.py
[2022-08-22 22:08:26,248] {logging_mixin.py:115} INFO - [2022-08-22 22:08:26,248] {dag.py:2420} INFO - Sync 1 DAGs
[2022-08-22 22:08:26,267] {logging_mixin.py:115} INFO - [2022-08-22 22:08:26,267] {dag.py:2972} INFO - Setting next_dagrun for example_complex to None, run_after=None
[2022-08-22 22:08:26,278] {processor.py:161} INFO - Processing /home/airflow/.local/lib/python3.7/site-packages/airflow/example_dags/example_complex.py took 0.071 seconds
[2022-08-22 22:08:57,094] {processor.py:153} INFO - Started process (PID=1821) to work on /home/airflow/.local/lib/python3.7/site-packages/airflow/example_dags/example_complex.py
[2022-08-22 22:08:57,095] {processor.py:641} INFO - Processing file /home/airflow/.local/lib/python3.7/site-packages/airflow/example_dags/example_complex.py for tasks to queue
[2022-08-22 22:08:57,095] {logging_mixin.py:115} INFO - [2022-08-22 22:08:57,095] {dagbag.py:508} INFO - Filling up the DagBag from /home/airflow/.local/lib/python3.7/site-packages/airflow/example_dags/example_complex.py
[2022-08-22 22:08:57,105] {processor.py:651} INFO - DAG(s) dict_keys(['example_complex']) retrieved from /home/airflow/.local/lib/python3.7/site-packages/airflow/example_dags/example_complex.py
[2022-08-22 22:08:57,130] {logging_mixin.py:115} INFO - [2022-08-22 22:08:57,130] {dag.py:2420} INFO - Sync 1 DAGs
[2022-08-22 22:08:57,148] {logging_mixin.py:115} INFO - [2022-08-22 22:08:57,148] {dag.py:2972} INFO - Setting next_dagrun for example_complex to None, run_after=None
[2022-08-22 22:08:57,158] {processor.py:161} INFO - Processing /home/airflow/.local/lib/python3.7/site-packages/airflow/example_dags/example_complex.py took 0.066 seconds
[2022-08-22 22:09:27,633] {processor.py:153} INFO - Started process (PID=1882) to work on /home/airflow/.local/lib/python3.7/site-packages/airflow/example_dags/example_complex.py
[2022-08-22 22:09:27,633] {processor.py:641} INFO - Processing file /home/airflow/.local/lib/python3.7/site-packages/airflow/example_dags/example_complex.py for tasks to queue
[2022-08-22 22:09:27,633] {logging_mixin.py:115} INFO - [2022-08-22 22:09:27,633] {dagbag.py:508} INFO - Filling up the DagBag from /home/airflow/.local/lib/python3.7/site-packages/airflow/example_dags/example_complex.py
[2022-08-22 22:09:27,643] {processor.py:651} INFO - DAG(s) dict_keys(['example_complex']) retrieved from /home/airflow/.local/lib/python3.7/site-packages/airflow/example_dags/example_complex.py
[2022-08-22 22:09:27,682] {logging_mixin.py:115} INFO - [2022-08-22 22:09:27,682] {dag.py:2420} INFO - Sync 1 DAGs
[2022-08-22 22:09:27,700] {logging_mixin.py:115} INFO - [2022-08-22 22:09:27,700] {dag.py:2972} INFO - Setting next_dagrun for example_complex to None, run_after=None
[2022-08-22 22:09:27,710] {processor.py:161} INFO - Processing /home/airflow/.local/lib/python3.7/site-packages/airflow/example_dags/example_complex.py took 0.079 seconds
[2022-08-22 22:09:58,312] {processor.py:153} INFO - Started process (PID=1943) to work on /home/airflow/.local/lib/python3.7/site-packages/airflow/example_dags/example_complex.py
[2022-08-22 22:09:58,313] {processor.py:641} INFO - Processing file /home/airflow/.local/lib/python3.7/site-packages/airflow/example_dags/example_complex.py for tasks to queue
[2022-08-22 22:09:58,313] {logging_mixin.py:115} INFO - [2022-08-22 22:09:58,313] {dagbag.py:508} INFO - Filling up the DagBag from /home/airflow/.local/lib/python3.7/site-packages/airflow/example_dags/example_complex.py
[2022-08-22 22:09:58,333] {processor.py:651} INFO - DAG(s) dict_keys(['example_complex']) retrieved from /home/airflow/.local/lib/python3.7/site-packages/airflow/example_dags/example_complex.py
[2022-08-22 22:09:58,371] {logging_mixin.py:115} INFO - [2022-08-22 22:09:58,371] {dag.py:2420} INFO - Sync 1 DAGs
[2022-08-22 22:09:58,391] {logging_mixin.py:115} INFO - [2022-08-22 22:09:58,391] {dag.py:2972} INFO - Setting next_dagrun for example_complex to None, run_after=None
[2022-08-22 22:09:58,402] {processor.py:161} INFO - Processing /home/airflow/.local/lib/python3.7/site-packages/airflow/example_dags/example_complex.py took 0.094 seconds
[2022-08-22 22:10:29,058] {processor.py:153} INFO - Started process (PID=1995) to work on /home/airflow/.local/lib/python3.7/site-packages/airflow/example_dags/example_complex.py
[2022-08-22 22:10:29,059] {processor.py:641} INFO - Processing file /home/airflow/.local/lib/python3.7/site-packages/airflow/example_dags/example_complex.py for tasks to queue
[2022-08-22 22:10:29,059] {logging_mixin.py:115} INFO - [2022-08-22 22:10:29,059] {dagbag.py:508} INFO - Filling up the DagBag from /home/airflow/.local/lib/python3.7/site-packages/airflow/example_dags/example_complex.py
[2022-08-22 22:10:29,069] {processor.py:651} INFO - DAG(s) dict_keys(['example_complex']) retrieved from /home/airflow/.local/lib/python3.7/site-packages/airflow/example_dags/example_complex.py
[2022-08-22 22:10:29,091] {logging_mixin.py:115} INFO - [2022-08-22 22:10:29,091] {dag.py:2420} INFO - Sync 1 DAGs
[2022-08-22 22:10:29,107] {logging_mixin.py:115} INFO - [2022-08-22 22:10:29,107] {dag.py:2972} INFO - Setting next_dagrun for example_complex to None, run_after=None
[2022-08-22 22:10:29,116] {processor.py:161} INFO - Processing /home/airflow/.local/lib/python3.7/site-packages/airflow/example_dags/example_complex.py took 0.060 seconds
[2022-08-22 22:10:59,744] {processor.py:153} INFO - Started process (PID=2056) to work on /home/airflow/.local/lib/python3.7/site-packages/airflow/example_dags/example_complex.py
[2022-08-22 22:10:59,745] {processor.py:641} INFO - Processing file /home/airflow/.local/lib/python3.7/site-packages/airflow/example_dags/example_complex.py for tasks to queue
[2022-08-22 22:10:59,745] {logging_mixin.py:115} INFO - [2022-08-22 22:10:59,745] {dagbag.py:508} INFO - Filling up the DagBag from /home/airflow/.local/lib/python3.7/site-packages/airflow/example_dags/example_complex.py
[2022-08-22 22:10:59,755] {processor.py:651} INFO - DAG(s) dict_keys(['example_complex']) retrieved from /home/airflow/.local/lib/python3.7/site-packages/airflow/example_dags/example_complex.py
[2022-08-22 22:10:59,779] {logging_mixin.py:115} INFO - [2022-08-22 22:10:59,779] {dag.py:2420} INFO - Sync 1 DAGs
[2022-08-22 22:10:59,796] {logging_mixin.py:115} INFO - [2022-08-22 22:10:59,796] {dag.py:2972} INFO - Setting next_dagrun for example_complex to None, run_after=None
[2022-08-22 22:10:59,806] {processor.py:161} INFO - Processing /home/airflow/.local/lib/python3.7/site-packages/airflow/example_dags/example_complex.py took 0.064 seconds
[2022-08-22 22:11:30,320] {processor.py:153} INFO - Started process (PID=2116) to work on /home/airflow/.local/lib/python3.7/site-packages/airflow/example_dags/example_complex.py
[2022-08-22 22:11:30,320] {processor.py:641} INFO - Processing file /home/airflow/.local/lib/python3.7/site-packages/airflow/example_dags/example_complex.py for tasks to queue
[2022-08-22 22:11:30,321] {logging_mixin.py:115} INFO - [2022-08-22 22:11:30,321] {dagbag.py:508} INFO - Filling up the DagBag from /home/airflow/.local/lib/python3.7/site-packages/airflow/example_dags/example_complex.py
[2022-08-22 22:11:30,331] {processor.py:651} INFO - DAG(s) dict_keys(['example_complex']) retrieved from /home/airflow/.local/lib/python3.7/site-packages/airflow/example_dags/example_complex.py
[2022-08-22 22:11:30,355] {logging_mixin.py:115} INFO - [2022-08-22 22:11:30,355] {dag.py:2420} INFO - Sync 1 DAGs
[2022-08-22 22:11:30,371] {logging_mixin.py:115} INFO - [2022-08-22 22:11:30,371] {dag.py:2972} INFO - Setting next_dagrun for example_complex to None, run_after=None
[2022-08-22 22:11:30,380] {processor.py:161} INFO - Processing /home/airflow/.local/lib/python3.7/site-packages/airflow/example_dags/example_complex.py took 0.062 seconds
[2022-08-22 22:12:00,844] {processor.py:153} INFO - Started process (PID=2177) to work on /home/airflow/.local/lib/python3.7/site-packages/airflow/example_dags/example_complex.py
[2022-08-22 22:12:00,844] {processor.py:641} INFO - Processing file /home/airflow/.local/lib/python3.7/site-packages/airflow/example_dags/example_complex.py for tasks to queue
[2022-08-22 22:12:00,845] {logging_mixin.py:115} INFO - [2022-08-22 22:12:00,844] {dagbag.py:508} INFO - Filling up the DagBag from /home/airflow/.local/lib/python3.7/site-packages/airflow/example_dags/example_complex.py
[2022-08-22 22:12:00,856] {processor.py:651} INFO - DAG(s) dict_keys(['example_complex']) retrieved from /home/airflow/.local/lib/python3.7/site-packages/airflow/example_dags/example_complex.py
[2022-08-22 22:12:00,885] {logging_mixin.py:115} INFO - [2022-08-22 22:12:00,885] {dag.py:2420} INFO - Sync 1 DAGs
[2022-08-22 22:12:00,905] {logging_mixin.py:115} INFO - [2022-08-22 22:12:00,905] {dag.py:2972} INFO - Setting next_dagrun for example_complex to None, run_after=None
[2022-08-22 22:12:00,919] {processor.py:161} INFO - Processing /home/airflow/.local/lib/python3.7/site-packages/airflow/example_dags/example_complex.py took 0.078 seconds
[2022-08-22 22:12:31,413] {processor.py:153} INFO - Started process (PID=2229) to work on /home/airflow/.local/lib/python3.7/site-packages/airflow/example_dags/example_complex.py
[2022-08-22 22:12:31,414] {processor.py:641} INFO - Processing file /home/airflow/.local/lib/python3.7/site-packages/airflow/example_dags/example_complex.py for tasks to queue
[2022-08-22 22:12:31,414] {logging_mixin.py:115} INFO - [2022-08-22 22:12:31,414] {dagbag.py:508} INFO - Filling up the DagBag from /home/airflow/.local/lib/python3.7/site-packages/airflow/example_dags/example_complex.py
[2022-08-22 22:12:31,424] {processor.py:651} INFO - DAG(s) dict_keys(['example_complex']) retrieved from /home/airflow/.local/lib/python3.7/site-packages/airflow/example_dags/example_complex.py
[2022-08-22 22:12:31,450] {logging_mixin.py:115} INFO - [2022-08-22 22:12:31,450] {dag.py:2420} INFO - Sync 1 DAGs
[2022-08-22 22:12:31,468] {logging_mixin.py:115} INFO - [2022-08-22 22:12:31,468] {dag.py:2972} INFO - Setting next_dagrun for example_complex to None, run_after=None
[2022-08-22 22:12:31,478] {processor.py:161} INFO - Processing /home/airflow/.local/lib/python3.7/site-packages/airflow/example_dags/example_complex.py took 0.067 seconds
[2022-08-22 22:13:02,005] {processor.py:153} INFO - Started process (PID=2290) to work on /home/airflow/.local/lib/python3.7/site-packages/airflow/example_dags/example_complex.py
[2022-08-22 22:13:02,005] {processor.py:641} INFO - Processing file /home/airflow/.local/lib/python3.7/site-packages/airflow/example_dags/example_complex.py for tasks to queue
[2022-08-22 22:13:02,006] {logging_mixin.py:115} INFO - [2022-08-22 22:13:02,006] {dagbag.py:508} INFO - Filling up the DagBag from /home/airflow/.local/lib/python3.7/site-packages/airflow/example_dags/example_complex.py
[2022-08-22 22:13:02,032] {processor.py:651} INFO - DAG(s) dict_keys(['example_complex']) retrieved from /home/airflow/.local/lib/python3.7/site-packages/airflow/example_dags/example_complex.py
[2022-08-22 22:13:02,060] {logging_mixin.py:115} INFO - [2022-08-22 22:13:02,060] {dag.py:2420} INFO - Sync 1 DAGs
[2022-08-22 22:13:02,078] {logging_mixin.py:115} INFO - [2022-08-22 22:13:02,078] {dag.py:2972} INFO - Setting next_dagrun for example_complex to None, run_after=None
[2022-08-22 22:13:02,088] {processor.py:161} INFO - Processing /home/airflow/.local/lib/python3.7/site-packages/airflow/example_dags/example_complex.py took 0.088 seconds
[2022-08-22 22:13:32,654] {processor.py:153} INFO - Started process (PID=2351) to work on /home/airflow/.local/lib/python3.7/site-packages/airflow/example_dags/example_complex.py
[2022-08-22 22:13:32,655] {processor.py:641} INFO - Processing file /home/airflow/.local/lib/python3.7/site-packages/airflow/example_dags/example_complex.py for tasks to queue
[2022-08-22 22:13:32,655] {logging_mixin.py:115} INFO - [2022-08-22 22:13:32,655] {dagbag.py:508} INFO - Filling up the DagBag from /home/airflow/.local/lib/python3.7/site-packages/airflow/example_dags/example_complex.py
[2022-08-22 22:13:32,665] {processor.py:651} INFO - DAG(s) dict_keys(['example_complex']) retrieved from /home/airflow/.local/lib/python3.7/site-packages/airflow/example_dags/example_complex.py
[2022-08-22 22:13:32,692] {logging_mixin.py:115} INFO - [2022-08-22 22:13:32,692] {dag.py:2420} INFO - Sync 1 DAGs
[2022-08-22 22:13:32,710] {logging_mixin.py:115} INFO - [2022-08-22 22:13:32,710] {dag.py:2972} INFO - Setting next_dagrun for example_complex to None, run_after=None
[2022-08-22 22:13:32,719] {processor.py:161} INFO - Processing /home/airflow/.local/lib/python3.7/site-packages/airflow/example_dags/example_complex.py took 0.067 seconds
[2022-08-22 22:14:03,329] {processor.py:153} INFO - Started process (PID=2410) to work on /home/airflow/.local/lib/python3.7/site-packages/airflow/example_dags/example_complex.py
[2022-08-22 22:14:03,329] {processor.py:641} INFO - Processing file /home/airflow/.local/lib/python3.7/site-packages/airflow/example_dags/example_complex.py for tasks to queue
[2022-08-22 22:14:03,329] {logging_mixin.py:115} INFO - [2022-08-22 22:14:03,329] {dagbag.py:508} INFO - Filling up the DagBag from /home/airflow/.local/lib/python3.7/site-packages/airflow/example_dags/example_complex.py
[2022-08-22 22:14:03,340] {processor.py:651} INFO - DAG(s) dict_keys(['example_complex']) retrieved from /home/airflow/.local/lib/python3.7/site-packages/airflow/example_dags/example_complex.py
[2022-08-22 22:14:03,368] {logging_mixin.py:115} INFO - [2022-08-22 22:14:03,368] {dag.py:2420} INFO - Sync 1 DAGs
[2022-08-22 22:14:03,388] {logging_mixin.py:115} INFO - [2022-08-22 22:14:03,388] {dag.py:2972} INFO - Setting next_dagrun for example_complex to None, run_after=None
[2022-08-22 22:14:03,401] {processor.py:161} INFO - Processing /home/airflow/.local/lib/python3.7/site-packages/airflow/example_dags/example_complex.py took 0.074 seconds
[2022-08-22 22:14:33,922] {processor.py:153} INFO - Started process (PID=2464) to work on /home/airflow/.local/lib/python3.7/site-packages/airflow/example_dags/example_complex.py
[2022-08-22 22:14:33,923] {processor.py:641} INFO - Processing file /home/airflow/.local/lib/python3.7/site-packages/airflow/example_dags/example_complex.py for tasks to queue
[2022-08-22 22:14:33,924] {logging_mixin.py:115} INFO - [2022-08-22 22:14:33,923] {dagbag.py:508} INFO - Filling up the DagBag from /home/airflow/.local/lib/python3.7/site-packages/airflow/example_dags/example_complex.py
[2022-08-22 22:14:33,951] {processor.py:651} INFO - DAG(s) dict_keys(['example_complex']) retrieved from /home/airflow/.local/lib/python3.7/site-packages/airflow/example_dags/example_complex.py
[2022-08-22 22:14:33,974] {logging_mixin.py:115} INFO - [2022-08-22 22:14:33,974] {dag.py:2420} INFO - Sync 1 DAGs
[2022-08-22 22:14:33,992] {logging_mixin.py:115} INFO - [2022-08-22 22:14:33,992] {dag.py:2972} INFO - Setting next_dagrun for example_complex to None, run_after=None
[2022-08-22 22:14:34,002] {processor.py:161} INFO - Processing /home/airflow/.local/lib/python3.7/site-packages/airflow/example_dags/example_complex.py took 0.085 seconds
[2022-08-22 22:15:04,499] {processor.py:153} INFO - Started process (PID=2525) to work on /home/airflow/.local/lib/python3.7/site-packages/airflow/example_dags/example_complex.py
[2022-08-22 22:15:04,500] {processor.py:641} INFO - Processing file /home/airflow/.local/lib/python3.7/site-packages/airflow/example_dags/example_complex.py for tasks to queue
[2022-08-22 22:15:04,500] {logging_mixin.py:115} INFO - [2022-08-22 22:15:04,500] {dagbag.py:508} INFO - Filling up the DagBag from /home/airflow/.local/lib/python3.7/site-packages/airflow/example_dags/example_complex.py
[2022-08-22 22:15:04,511] {processor.py:651} INFO - DAG(s) dict_keys(['example_complex']) retrieved from /home/airflow/.local/lib/python3.7/site-packages/airflow/example_dags/example_complex.py
[2022-08-22 22:15:04,538] {logging_mixin.py:115} INFO - [2022-08-22 22:15:04,538] {dag.py:2420} INFO - Sync 1 DAGs
[2022-08-22 22:15:04,558] {logging_mixin.py:115} INFO - [2022-08-22 22:15:04,557] {dag.py:2972} INFO - Setting next_dagrun for example_complex to None, run_after=None
[2022-08-22 22:15:04,567] {processor.py:161} INFO - Processing /home/airflow/.local/lib/python3.7/site-packages/airflow/example_dags/example_complex.py took 0.070 seconds
[2022-08-22 22:15:35,212] {processor.py:153} INFO - Started process (PID=2586) to work on /home/airflow/.local/lib/python3.7/site-packages/airflow/example_dags/example_complex.py
[2022-08-22 22:15:35,212] {processor.py:641} INFO - Processing file /home/airflow/.local/lib/python3.7/site-packages/airflow/example_dags/example_complex.py for tasks to queue
[2022-08-22 22:15:35,213] {logging_mixin.py:115} INFO - [2022-08-22 22:15:35,213] {dagbag.py:508} INFO - Filling up the DagBag from /home/airflow/.local/lib/python3.7/site-packages/airflow/example_dags/example_complex.py
[2022-08-22 22:15:35,236] {processor.py:651} INFO - DAG(s) dict_keys(['example_complex']) retrieved from /home/airflow/.local/lib/python3.7/site-packages/airflow/example_dags/example_complex.py
[2022-08-22 22:15:35,263] {logging_mixin.py:115} INFO - [2022-08-22 22:15:35,262] {dag.py:2420} INFO - Sync 1 DAGs
[2022-08-22 22:15:35,280] {logging_mixin.py:115} INFO - [2022-08-22 22:15:35,280] {dag.py:2972} INFO - Setting next_dagrun for example_complex to None, run_after=None
[2022-08-22 22:15:35,290] {processor.py:161} INFO - Processing /home/airflow/.local/lib/python3.7/site-packages/airflow/example_dags/example_complex.py took 0.083 seconds
[2022-08-22 22:16:05,791] {processor.py:153} INFO - Started process (PID=2638) to work on /home/airflow/.local/lib/python3.7/site-packages/airflow/example_dags/example_complex.py
[2022-08-22 22:16:05,792] {processor.py:641} INFO - Processing file /home/airflow/.local/lib/python3.7/site-packages/airflow/example_dags/example_complex.py for tasks to queue
[2022-08-22 22:16:05,793] {logging_mixin.py:115} INFO - [2022-08-22 22:16:05,792] {dagbag.py:508} INFO - Filling up the DagBag from /home/airflow/.local/lib/python3.7/site-packages/airflow/example_dags/example_complex.py
[2022-08-22 22:16:05,813] {processor.py:651} INFO - DAG(s) dict_keys(['example_complex']) retrieved from /home/airflow/.local/lib/python3.7/site-packages/airflow/example_dags/example_complex.py
[2022-08-22 22:16:05,838] {logging_mixin.py:115} INFO - [2022-08-22 22:16:05,838] {dag.py:2420} INFO - Sync 1 DAGs
[2022-08-22 22:16:05,856] {logging_mixin.py:115} INFO - [2022-08-22 22:16:05,856] {dag.py:2972} INFO - Setting next_dagrun for example_complex to None, run_after=None
[2022-08-22 22:16:05,866] {processor.py:161} INFO - Processing /home/airflow/.local/lib/python3.7/site-packages/airflow/example_dags/example_complex.py took 0.078 seconds
[2022-08-22 22:16:36,459] {processor.py:153} INFO - Started process (PID=2699) to work on /home/airflow/.local/lib/python3.7/site-packages/airflow/example_dags/example_complex.py
[2022-08-22 22:16:36,460] {processor.py:641} INFO - Processing file /home/airflow/.local/lib/python3.7/site-packages/airflow/example_dags/example_complex.py for tasks to queue
[2022-08-22 22:16:36,460] {logging_mixin.py:115} INFO - [2022-08-22 22:16:36,460] {dagbag.py:508} INFO - Filling up the DagBag from /home/airflow/.local/lib/python3.7/site-packages/airflow/example_dags/example_complex.py
[2022-08-22 22:16:36,471] {processor.py:651} INFO - DAG(s) dict_keys(['example_complex']) retrieved from /home/airflow/.local/lib/python3.7/site-packages/airflow/example_dags/example_complex.py
[2022-08-22 22:16:36,512] {logging_mixin.py:115} INFO - [2022-08-22 22:16:36,512] {dag.py:2420} INFO - Sync 1 DAGs
[2022-08-22 22:16:36,545] {logging_mixin.py:115} INFO - [2022-08-22 22:16:36,544] {dag.py:2972} INFO - Setting next_dagrun for example_complex to None, run_after=None
[2022-08-22 22:16:36,558] {processor.py:161} INFO - Processing /home/airflow/.local/lib/python3.7/site-packages/airflow/example_dags/example_complex.py took 0.101 seconds
[2022-08-22 22:17:07,160] {processor.py:153} INFO - Started process (PID=2760) to work on /home/airflow/.local/lib/python3.7/site-packages/airflow/example_dags/example_complex.py
[2022-08-22 22:17:07,161] {processor.py:641} INFO - Processing file /home/airflow/.local/lib/python3.7/site-packages/airflow/example_dags/example_complex.py for tasks to queue
[2022-08-22 22:17:07,161] {logging_mixin.py:115} INFO - [2022-08-22 22:17:07,161] {dagbag.py:508} INFO - Filling up the DagBag from /home/airflow/.local/lib/python3.7/site-packages/airflow/example_dags/example_complex.py
[2022-08-22 22:17:07,183] {processor.py:651} INFO - DAG(s) dict_keys(['example_complex']) retrieved from /home/airflow/.local/lib/python3.7/site-packages/airflow/example_dags/example_complex.py
[2022-08-22 22:17:07,210] {logging_mixin.py:115} INFO - [2022-08-22 22:17:07,210] {dag.py:2420} INFO - Sync 1 DAGs
[2022-08-22 22:17:07,229] {logging_mixin.py:115} INFO - [2022-08-22 22:17:07,229] {dag.py:2972} INFO - Setting next_dagrun for example_complex to None, run_after=None
[2022-08-22 22:17:07,238] {processor.py:161} INFO - Processing /home/airflow/.local/lib/python3.7/site-packages/airflow/example_dags/example_complex.py took 0.082 seconds
[2022-08-22 22:17:37,674] {processor.py:153} INFO - Started process (PID=2821) to work on /home/airflow/.local/lib/python3.7/site-packages/airflow/example_dags/example_complex.py
[2022-08-22 22:17:37,674] {processor.py:641} INFO - Processing file /home/airflow/.local/lib/python3.7/site-packages/airflow/example_dags/example_complex.py for tasks to queue
[2022-08-22 22:17:37,674] {logging_mixin.py:115} INFO - [2022-08-22 22:17:37,674] {dagbag.py:508} INFO - Filling up the DagBag from /home/airflow/.local/lib/python3.7/site-packages/airflow/example_dags/example_complex.py
[2022-08-22 22:17:37,684] {processor.py:651} INFO - DAG(s) dict_keys(['example_complex']) retrieved from /home/airflow/.local/lib/python3.7/site-packages/airflow/example_dags/example_complex.py
[2022-08-22 22:17:37,707] {logging_mixin.py:115} INFO - [2022-08-22 22:17:37,707] {dag.py:2420} INFO - Sync 1 DAGs
[2022-08-22 22:17:37,725] {logging_mixin.py:115} INFO - [2022-08-22 22:17:37,725] {dag.py:2972} INFO - Setting next_dagrun for example_complex to None, run_after=None
[2022-08-22 22:17:37,735] {processor.py:161} INFO - Processing /home/airflow/.local/lib/python3.7/site-packages/airflow/example_dags/example_complex.py took 0.063 seconds
[2022-08-22 22:18:08,256] {processor.py:153} INFO - Started process (PID=2873) to work on /home/airflow/.local/lib/python3.7/site-packages/airflow/example_dags/example_complex.py
[2022-08-22 22:18:08,257] {processor.py:641} INFO - Processing file /home/airflow/.local/lib/python3.7/site-packages/airflow/example_dags/example_complex.py for tasks to queue
[2022-08-22 22:18:08,257] {logging_mixin.py:115} INFO - [2022-08-22 22:18:08,257] {dagbag.py:508} INFO - Filling up the DagBag from /home/airflow/.local/lib/python3.7/site-packages/airflow/example_dags/example_complex.py
[2022-08-22 22:18:08,268] {processor.py:651} INFO - DAG(s) dict_keys(['example_complex']) retrieved from /home/airflow/.local/lib/python3.7/site-packages/airflow/example_dags/example_complex.py
[2022-08-22 22:18:08,298] {logging_mixin.py:115} INFO - [2022-08-22 22:18:08,298] {dag.py:2420} INFO - Sync 1 DAGs
[2022-08-22 22:18:08,314] {logging_mixin.py:115} INFO - [2022-08-22 22:18:08,314] {dag.py:2972} INFO - Setting next_dagrun for example_complex to None, run_after=None
[2022-08-22 22:18:08,323] {processor.py:161} INFO - Processing /home/airflow/.local/lib/python3.7/site-packages/airflow/example_dags/example_complex.py took 0.069 seconds
[2022-08-22 22:18:38,935] {processor.py:153} INFO - Started process (PID=2934) to work on /home/airflow/.local/lib/python3.7/site-packages/airflow/example_dags/example_complex.py
[2022-08-22 22:18:38,936] {processor.py:641} INFO - Processing file /home/airflow/.local/lib/python3.7/site-packages/airflow/example_dags/example_complex.py for tasks to queue
[2022-08-22 22:18:38,936] {logging_mixin.py:115} INFO - [2022-08-22 22:18:38,936] {dagbag.py:508} INFO - Filling up the DagBag from /home/airflow/.local/lib/python3.7/site-packages/airflow/example_dags/example_complex.py
[2022-08-22 22:18:38,946] {processor.py:651} INFO - DAG(s) dict_keys(['example_complex']) retrieved from /home/airflow/.local/lib/python3.7/site-packages/airflow/example_dags/example_complex.py
[2022-08-22 22:18:38,971] {logging_mixin.py:115} INFO - [2022-08-22 22:18:38,971] {dag.py:2420} INFO - Sync 1 DAGs
[2022-08-22 22:18:38,990] {logging_mixin.py:115} INFO - [2022-08-22 22:18:38,990] {dag.py:2972} INFO - Setting next_dagrun for example_complex to None, run_after=None
[2022-08-22 22:18:39,000] {processor.py:161} INFO - Processing /home/airflow/.local/lib/python3.7/site-packages/airflow/example_dags/example_complex.py took 0.068 seconds
[2022-08-22 22:19:09,617] {processor.py:153} INFO - Started process (PID=2996) to work on /home/airflow/.local/lib/python3.7/site-packages/airflow/example_dags/example_complex.py
[2022-08-22 22:19:09,618] {processor.py:641} INFO - Processing file /home/airflow/.local/lib/python3.7/site-packages/airflow/example_dags/example_complex.py for tasks to queue
[2022-08-22 22:19:09,618] {logging_mixin.py:115} INFO - [2022-08-22 22:19:09,618] {dagbag.py:508} INFO - Filling up the DagBag from /home/airflow/.local/lib/python3.7/site-packages/airflow/example_dags/example_complex.py
[2022-08-22 22:19:09,628] {processor.py:651} INFO - DAG(s) dict_keys(['example_complex']) retrieved from /home/airflow/.local/lib/python3.7/site-packages/airflow/example_dags/example_complex.py
[2022-08-22 22:19:09,655] {logging_mixin.py:115} INFO - [2022-08-22 22:19:09,655] {dag.py:2420} INFO - Sync 1 DAGs
[2022-08-22 22:19:09,674] {logging_mixin.py:115} INFO - [2022-08-22 22:19:09,674] {dag.py:2972} INFO - Setting next_dagrun for example_complex to None, run_after=None
[2022-08-22 22:19:09,684] {processor.py:161} INFO - Processing /home/airflow/.local/lib/python3.7/site-packages/airflow/example_dags/example_complex.py took 0.069 seconds
[2022-08-22 22:19:40,342] {processor.py:153} INFO - Started process (PID=3057) to work on /home/airflow/.local/lib/python3.7/site-packages/airflow/example_dags/example_complex.py
[2022-08-22 22:19:40,342] {processor.py:641} INFO - Processing file /home/airflow/.local/lib/python3.7/site-packages/airflow/example_dags/example_complex.py for tasks to queue
[2022-08-22 22:19:40,343] {logging_mixin.py:115} INFO - [2022-08-22 22:19:40,343] {dagbag.py:508} INFO - Filling up the DagBag from /home/airflow/.local/lib/python3.7/site-packages/airflow/example_dags/example_complex.py
[2022-08-22 22:19:40,353] {processor.py:651} INFO - DAG(s) dict_keys(['example_complex']) retrieved from /home/airflow/.local/lib/python3.7/site-packages/airflow/example_dags/example_complex.py
[2022-08-22 22:19:40,378] {logging_mixin.py:115} INFO - [2022-08-22 22:19:40,377] {dag.py:2420} INFO - Sync 1 DAGs
[2022-08-22 22:19:40,395] {logging_mixin.py:115} INFO - [2022-08-22 22:19:40,395] {dag.py:2972} INFO - Setting next_dagrun for example_complex to None, run_after=None
[2022-08-22 22:19:40,405] {processor.py:161} INFO - Processing /home/airflow/.local/lib/python3.7/site-packages/airflow/example_dags/example_complex.py took 0.065 seconds
[2022-08-22 22:20:11,010] {processor.py:153} INFO - Started process (PID=3109) to work on /home/airflow/.local/lib/python3.7/site-packages/airflow/example_dags/example_complex.py
[2022-08-22 22:20:11,011] {processor.py:641} INFO - Processing file /home/airflow/.local/lib/python3.7/site-packages/airflow/example_dags/example_complex.py for tasks to queue
[2022-08-22 22:20:11,011] {logging_mixin.py:115} INFO - [2022-08-22 22:20:11,011] {dagbag.py:508} INFO - Filling up the DagBag from /home/airflow/.local/lib/python3.7/site-packages/airflow/example_dags/example_complex.py
[2022-08-22 22:20:11,021] {processor.py:651} INFO - DAG(s) dict_keys(['example_complex']) retrieved from /home/airflow/.local/lib/python3.7/site-packages/airflow/example_dags/example_complex.py
[2022-08-22 22:20:11,043] {logging_mixin.py:115} INFO - [2022-08-22 22:20:11,043] {dag.py:2420} INFO - Sync 1 DAGs
[2022-08-22 22:20:11,061] {logging_mixin.py:115} INFO - [2022-08-22 22:20:11,061] {dag.py:2972} INFO - Setting next_dagrun for example_complex to None, run_after=None
[2022-08-22 22:20:11,069] {processor.py:161} INFO - Processing /home/airflow/.local/lib/python3.7/site-packages/airflow/example_dags/example_complex.py took 0.061 seconds
[2022-08-22 22:20:41,724] {processor.py:153} INFO - Started process (PID=3170) to work on /home/airflow/.local/lib/python3.7/site-packages/airflow/example_dags/example_complex.py
[2022-08-22 22:20:41,725] {processor.py:641} INFO - Processing file /home/airflow/.local/lib/python3.7/site-packages/airflow/example_dags/example_complex.py for tasks to queue
[2022-08-22 22:20:41,725] {logging_mixin.py:115} INFO - [2022-08-22 22:20:41,725] {dagbag.py:508} INFO - Filling up the DagBag from /home/airflow/.local/lib/python3.7/site-packages/airflow/example_dags/example_complex.py
[2022-08-22 22:20:41,736] {processor.py:651} INFO - DAG(s) dict_keys(['example_complex']) retrieved from /home/airflow/.local/lib/python3.7/site-packages/airflow/example_dags/example_complex.py
[2022-08-22 22:20:41,759] {logging_mixin.py:115} INFO - [2022-08-22 22:20:41,759] {dag.py:2420} INFO - Sync 1 DAGs
[2022-08-22 22:20:41,777] {logging_mixin.py:115} INFO - [2022-08-22 22:20:41,777] {dag.py:2972} INFO - Setting next_dagrun for example_complex to None, run_after=None
[2022-08-22 22:20:41,787] {processor.py:161} INFO - Processing /home/airflow/.local/lib/python3.7/site-packages/airflow/example_dags/example_complex.py took 0.065 seconds
[2022-08-22 22:21:12,244] {processor.py:153} INFO - Started process (PID=3231) to work on /home/airflow/.local/lib/python3.7/site-packages/airflow/example_dags/example_complex.py
[2022-08-22 22:21:12,245] {processor.py:641} INFO - Processing file /home/airflow/.local/lib/python3.7/site-packages/airflow/example_dags/example_complex.py for tasks to queue
[2022-08-22 22:21:12,245] {logging_mixin.py:115} INFO - [2022-08-22 22:21:12,245] {dagbag.py:508} INFO - Filling up the DagBag from /home/airflow/.local/lib/python3.7/site-packages/airflow/example_dags/example_complex.py
[2022-08-22 22:21:12,256] {processor.py:651} INFO - DAG(s) dict_keys(['example_complex']) retrieved from /home/airflow/.local/lib/python3.7/site-packages/airflow/example_dags/example_complex.py
[2022-08-22 22:21:12,280] {logging_mixin.py:115} INFO - [2022-08-22 22:21:12,280] {dag.py:2420} INFO - Sync 1 DAGs
[2022-08-22 22:21:12,297] {logging_mixin.py:115} INFO - [2022-08-22 22:21:12,297] {dag.py:2972} INFO - Setting next_dagrun for example_complex to None, run_after=None
[2022-08-22 22:21:12,306] {processor.py:161} INFO - Processing /home/airflow/.local/lib/python3.7/site-packages/airflow/example_dags/example_complex.py took 0.064 seconds
[2022-08-22 22:21:42,845] {processor.py:153} INFO - Started process (PID=3292) to work on /home/airflow/.local/lib/python3.7/site-packages/airflow/example_dags/example_complex.py
[2022-08-22 22:21:42,846] {processor.py:641} INFO - Processing file /home/airflow/.local/lib/python3.7/site-packages/airflow/example_dags/example_complex.py for tasks to queue
[2022-08-22 22:21:42,846] {logging_mixin.py:115} INFO - [2022-08-22 22:21:42,846] {dagbag.py:508} INFO - Filling up the DagBag from /home/airflow/.local/lib/python3.7/site-packages/airflow/example_dags/example_complex.py
[2022-08-22 22:21:42,859] {processor.py:651} INFO - DAG(s) dict_keys(['example_complex']) retrieved from /home/airflow/.local/lib/python3.7/site-packages/airflow/example_dags/example_complex.py
[2022-08-22 22:21:42,911] {logging_mixin.py:115} INFO - [2022-08-22 22:21:42,911] {dag.py:2420} INFO - Sync 1 DAGs
[2022-08-22 22:21:42,932] {logging_mixin.py:115} INFO - [2022-08-22 22:21:42,932] {dag.py:2972} INFO - Setting next_dagrun for example_complex to None, run_after=None
[2022-08-22 22:21:42,943] {processor.py:161} INFO - Processing /home/airflow/.local/lib/python3.7/site-packages/airflow/example_dags/example_complex.py took 0.102 seconds
[2022-08-22 22:22:13,525] {processor.py:153} INFO - Started process (PID=3344) to work on /home/airflow/.local/lib/python3.7/site-packages/airflow/example_dags/example_complex.py
[2022-08-22 22:22:13,525] {processor.py:641} INFO - Processing file /home/airflow/.local/lib/python3.7/site-packages/airflow/example_dags/example_complex.py for tasks to queue
[2022-08-22 22:22:13,525] {logging_mixin.py:115} INFO - [2022-08-22 22:22:13,525] {dagbag.py:508} INFO - Filling up the DagBag from /home/airflow/.local/lib/python3.7/site-packages/airflow/example_dags/example_complex.py
[2022-08-22 22:22:13,535] {processor.py:651} INFO - DAG(s) dict_keys(['example_complex']) retrieved from /home/airflow/.local/lib/python3.7/site-packages/airflow/example_dags/example_complex.py
[2022-08-22 22:22:13,558] {logging_mixin.py:115} INFO - [2022-08-22 22:22:13,558] {dag.py:2420} INFO - Sync 1 DAGs
[2022-08-22 22:22:13,574] {logging_mixin.py:115} INFO - [2022-08-22 22:22:13,574] {dag.py:2972} INFO - Setting next_dagrun for example_complex to None, run_after=None
[2022-08-22 22:22:13,583] {processor.py:161} INFO - Processing /home/airflow/.local/lib/python3.7/site-packages/airflow/example_dags/example_complex.py took 0.061 seconds
[2022-08-22 22:22:44,193] {processor.py:153} INFO - Started process (PID=3405) to work on /home/airflow/.local/lib/python3.7/site-packages/airflow/example_dags/example_complex.py
[2022-08-22 22:22:44,193] {processor.py:641} INFO - Processing file /home/airflow/.local/lib/python3.7/site-packages/airflow/example_dags/example_complex.py for tasks to queue
[2022-08-22 22:22:44,194] {logging_mixin.py:115} INFO - [2022-08-22 22:22:44,194] {dagbag.py:508} INFO - Filling up the DagBag from /home/airflow/.local/lib/python3.7/site-packages/airflow/example_dags/example_complex.py
[2022-08-22 22:22:44,218] {processor.py:651} INFO - DAG(s) dict_keys(['example_complex']) retrieved from /home/airflow/.local/lib/python3.7/site-packages/airflow/example_dags/example_complex.py
[2022-08-22 22:22:44,247] {logging_mixin.py:115} INFO - [2022-08-22 22:22:44,246] {dag.py:2420} INFO - Sync 1 DAGs
[2022-08-22 22:22:44,264] {logging_mixin.py:115} INFO - [2022-08-22 22:22:44,264] {dag.py:2972} INFO - Setting next_dagrun for example_complex to None, run_after=None
[2022-08-22 22:22:44,274] {processor.py:161} INFO - Processing /home/airflow/.local/lib/python3.7/site-packages/airflow/example_dags/example_complex.py took 0.086 seconds
[2022-08-22 22:23:14,819] {processor.py:153} INFO - Started process (PID=3466) to work on /home/airflow/.local/lib/python3.7/site-packages/airflow/example_dags/example_complex.py
[2022-08-22 22:23:14,820] {processor.py:641} INFO - Processing file /home/airflow/.local/lib/python3.7/site-packages/airflow/example_dags/example_complex.py for tasks to queue
[2022-08-22 22:23:14,821] {logging_mixin.py:115} INFO - [2022-08-22 22:23:14,821] {dagbag.py:508} INFO - Filling up the DagBag from /home/airflow/.local/lib/python3.7/site-packages/airflow/example_dags/example_complex.py
[2022-08-22 22:23:14,832] {processor.py:651} INFO - DAG(s) dict_keys(['example_complex']) retrieved from /home/airflow/.local/lib/python3.7/site-packages/airflow/example_dags/example_complex.py
[2022-08-22 22:23:14,869] {logging_mixin.py:115} INFO - [2022-08-22 22:23:14,869] {dag.py:2420} INFO - Sync 1 DAGs
[2022-08-22 22:23:14,891] {logging_mixin.py:115} INFO - [2022-08-22 22:23:14,891] {dag.py:2972} INFO - Setting next_dagrun for example_complex to None, run_after=None
[2022-08-22 22:23:14,902] {processor.py:161} INFO - Processing /home/airflow/.local/lib/python3.7/site-packages/airflow/example_dags/example_complex.py took 0.087 seconds
[2022-08-22 22:23:45,541] {processor.py:153} INFO - Started process (PID=3518) to work on /home/airflow/.local/lib/python3.7/site-packages/airflow/example_dags/example_complex.py
[2022-08-22 22:23:45,542] {processor.py:641} INFO - Processing file /home/airflow/.local/lib/python3.7/site-packages/airflow/example_dags/example_complex.py for tasks to queue
[2022-08-22 22:23:45,543] {logging_mixin.py:115} INFO - [2022-08-22 22:23:45,543] {dagbag.py:508} INFO - Filling up the DagBag from /home/airflow/.local/lib/python3.7/site-packages/airflow/example_dags/example_complex.py
[2022-08-22 22:23:45,564] {processor.py:651} INFO - DAG(s) dict_keys(['example_complex']) retrieved from /home/airflow/.local/lib/python3.7/site-packages/airflow/example_dags/example_complex.py
[2022-08-22 22:23:45,589] {logging_mixin.py:115} INFO - [2022-08-22 22:23:45,589] {dag.py:2420} INFO - Sync 1 DAGs
[2022-08-22 22:23:45,607] {logging_mixin.py:115} INFO - [2022-08-22 22:23:45,607] {dag.py:2972} INFO - Setting next_dagrun for example_complex to None, run_after=None
[2022-08-22 22:23:45,617] {processor.py:161} INFO - Processing /home/airflow/.local/lib/python3.7/site-packages/airflow/example_dags/example_complex.py took 0.080 seconds
[2022-08-22 22:24:16,314] {processor.py:153} INFO - Started process (PID=3579) to work on /home/airflow/.local/lib/python3.7/site-packages/airflow/example_dags/example_complex.py
[2022-08-22 22:24:16,315] {processor.py:641} INFO - Processing file /home/airflow/.local/lib/python3.7/site-packages/airflow/example_dags/example_complex.py for tasks to queue
[2022-08-22 22:24:16,316] {logging_mixin.py:115} INFO - [2022-08-22 22:24:16,316] {dagbag.py:508} INFO - Filling up the DagBag from /home/airflow/.local/lib/python3.7/site-packages/airflow/example_dags/example_complex.py
[2022-08-22 22:24:16,337] {processor.py:651} INFO - DAG(s) dict_keys(['example_complex']) retrieved from /home/airflow/.local/lib/python3.7/site-packages/airflow/example_dags/example_complex.py
[2022-08-22 22:24:16,368] {logging_mixin.py:115} INFO - [2022-08-22 22:24:16,368] {dag.py:2420} INFO - Sync 1 DAGs
[2022-08-22 22:24:16,386] {logging_mixin.py:115} INFO - [2022-08-22 22:24:16,386] {dag.py:2972} INFO - Setting next_dagrun for example_complex to None, run_after=None
[2022-08-22 22:24:16,397] {processor.py:161} INFO - Processing /home/airflow/.local/lib/python3.7/site-packages/airflow/example_dags/example_complex.py took 0.086 seconds
[2022-08-22 22:24:47,016] {processor.py:153} INFO - Started process (PID=3640) to work on /home/airflow/.local/lib/python3.7/site-packages/airflow/example_dags/example_complex.py
[2022-08-22 22:24:47,016] {processor.py:641} INFO - Processing file /home/airflow/.local/lib/python3.7/site-packages/airflow/example_dags/example_complex.py for tasks to queue
[2022-08-22 22:24:47,016] {logging_mixin.py:115} INFO - [2022-08-22 22:24:47,016] {dagbag.py:508} INFO - Filling up the DagBag from /home/airflow/.local/lib/python3.7/site-packages/airflow/example_dags/example_complex.py
[2022-08-22 22:24:47,026] {processor.py:651} INFO - DAG(s) dict_keys(['example_complex']) retrieved from /home/airflow/.local/lib/python3.7/site-packages/airflow/example_dags/example_complex.py
[2022-08-22 22:24:47,048] {logging_mixin.py:115} INFO - [2022-08-22 22:24:47,048] {dag.py:2420} INFO - Sync 1 DAGs
[2022-08-22 22:24:47,064] {logging_mixin.py:115} INFO - [2022-08-22 22:24:47,064] {dag.py:2972} INFO - Setting next_dagrun for example_complex to None, run_after=None
[2022-08-22 22:24:47,074] {processor.py:161} INFO - Processing /home/airflow/.local/lib/python3.7/site-packages/airflow/example_dags/example_complex.py took 0.060 seconds
[2022-08-22 22:25:17,670] {processor.py:153} INFO - Started process (PID=3701) to work on /home/airflow/.local/lib/python3.7/site-packages/airflow/example_dags/example_complex.py
[2022-08-22 22:25:17,671] {processor.py:641} INFO - Processing file /home/airflow/.local/lib/python3.7/site-packages/airflow/example_dags/example_complex.py for tasks to queue
[2022-08-22 22:25:17,671] {logging_mixin.py:115} INFO - [2022-08-22 22:25:17,671] {dagbag.py:508} INFO - Filling up the DagBag from /home/airflow/.local/lib/python3.7/site-packages/airflow/example_dags/example_complex.py
[2022-08-22 22:25:17,692] {processor.py:651} INFO - DAG(s) dict_keys(['example_complex']) retrieved from /home/airflow/.local/lib/python3.7/site-packages/airflow/example_dags/example_complex.py
[2022-08-22 22:25:17,725] {logging_mixin.py:115} INFO - [2022-08-22 22:25:17,725] {dag.py:2420} INFO - Sync 1 DAGs
[2022-08-22 22:25:17,743] {logging_mixin.py:115} INFO - [2022-08-22 22:25:17,742] {dag.py:2972} INFO - Setting next_dagrun for example_complex to None, run_after=None
[2022-08-22 22:25:17,752] {processor.py:161} INFO - Processing /home/airflow/.local/lib/python3.7/site-packages/airflow/example_dags/example_complex.py took 0.086 seconds
[2022-08-22 22:25:48,352] {processor.py:153} INFO - Started process (PID=3753) to work on /home/airflow/.local/lib/python3.7/site-packages/airflow/example_dags/example_complex.py
[2022-08-22 22:25:48,353] {processor.py:641} INFO - Processing file /home/airflow/.local/lib/python3.7/site-packages/airflow/example_dags/example_complex.py for tasks to queue
[2022-08-22 22:25:48,353] {logging_mixin.py:115} INFO - [2022-08-22 22:25:48,353] {dagbag.py:508} INFO - Filling up the DagBag from /home/airflow/.local/lib/python3.7/site-packages/airflow/example_dags/example_complex.py
[2022-08-22 22:25:48,363] {processor.py:651} INFO - DAG(s) dict_keys(['example_complex']) retrieved from /home/airflow/.local/lib/python3.7/site-packages/airflow/example_dags/example_complex.py
[2022-08-22 22:25:48,387] {logging_mixin.py:115} INFO - [2022-08-22 22:25:48,387] {dag.py:2420} INFO - Sync 1 DAGs
[2022-08-22 22:25:48,406] {logging_mixin.py:115} INFO - [2022-08-22 22:25:48,406] {dag.py:2972} INFO - Setting next_dagrun for example_complex to None, run_after=None
[2022-08-22 22:25:48,416] {processor.py:161} INFO - Processing /home/airflow/.local/lib/python3.7/site-packages/airflow/example_dags/example_complex.py took 0.066 seconds
[2022-08-22 22:26:19,017] {processor.py:153} INFO - Started process (PID=3814) to work on /home/airflow/.local/lib/python3.7/site-packages/airflow/example_dags/example_complex.py
[2022-08-22 22:26:19,018] {processor.py:641} INFO - Processing file /home/airflow/.local/lib/python3.7/site-packages/airflow/example_dags/example_complex.py for tasks to queue
[2022-08-22 22:26:19,019] {logging_mixin.py:115} INFO - [2022-08-22 22:26:19,019] {dagbag.py:508} INFO - Filling up the DagBag from /home/airflow/.local/lib/python3.7/site-packages/airflow/example_dags/example_complex.py
[2022-08-22 22:26:19,040] {processor.py:651} INFO - DAG(s) dict_keys(['example_complex']) retrieved from /home/airflow/.local/lib/python3.7/site-packages/airflow/example_dags/example_complex.py
[2022-08-22 22:26:19,066] {logging_mixin.py:115} INFO - [2022-08-22 22:26:19,066] {dag.py:2420} INFO - Sync 1 DAGs
[2022-08-22 22:26:19,084] {logging_mixin.py:115} INFO - [2022-08-22 22:26:19,084] {dag.py:2972} INFO - Setting next_dagrun for example_complex to None, run_after=None
[2022-08-22 22:26:19,095] {processor.py:161} INFO - Processing /home/airflow/.local/lib/python3.7/site-packages/airflow/example_dags/example_complex.py took 0.082 seconds
[2022-08-22 22:26:49,685] {processor.py:153} INFO - Started process (PID=3875) to work on /home/airflow/.local/lib/python3.7/site-packages/airflow/example_dags/example_complex.py
[2022-08-22 22:26:49,686] {processor.py:641} INFO - Processing file /home/airflow/.local/lib/python3.7/site-packages/airflow/example_dags/example_complex.py for tasks to queue
[2022-08-22 22:26:49,686] {logging_mixin.py:115} INFO - [2022-08-22 22:26:49,686] {dagbag.py:508} INFO - Filling up the DagBag from /home/airflow/.local/lib/python3.7/site-packages/airflow/example_dags/example_complex.py
[2022-08-22 22:26:49,707] {processor.py:651} INFO - DAG(s) dict_keys(['example_complex']) retrieved from /home/airflow/.local/lib/python3.7/site-packages/airflow/example_dags/example_complex.py
[2022-08-22 22:26:49,737] {logging_mixin.py:115} INFO - [2022-08-22 22:26:49,737] {dag.py:2420} INFO - Sync 1 DAGs
[2022-08-22 22:26:49,756] {logging_mixin.py:115} INFO - [2022-08-22 22:26:49,756] {dag.py:2972} INFO - Setting next_dagrun for example_complex to None, run_after=None
[2022-08-22 22:26:49,768] {processor.py:161} INFO - Processing /home/airflow/.local/lib/python3.7/site-packages/airflow/example_dags/example_complex.py took 0.088 seconds
[2022-08-22 22:27:20,451] {processor.py:153} INFO - Started process (PID=3936) to work on /home/airflow/.local/lib/python3.7/site-packages/airflow/example_dags/example_complex.py
[2022-08-22 22:27:20,452] {processor.py:641} INFO - Processing file /home/airflow/.local/lib/python3.7/site-packages/airflow/example_dags/example_complex.py for tasks to queue
[2022-08-22 22:27:20,452] {logging_mixin.py:115} INFO - [2022-08-22 22:27:20,452] {dagbag.py:508} INFO - Filling up the DagBag from /home/airflow/.local/lib/python3.7/site-packages/airflow/example_dags/example_complex.py
[2022-08-22 22:27:20,473] {processor.py:651} INFO - DAG(s) dict_keys(['example_complex']) retrieved from /home/airflow/.local/lib/python3.7/site-packages/airflow/example_dags/example_complex.py
[2022-08-22 22:27:20,499] {logging_mixin.py:115} INFO - [2022-08-22 22:27:20,499] {dag.py:2420} INFO - Sync 1 DAGs
[2022-08-22 22:27:20,518] {logging_mixin.py:115} INFO - [2022-08-22 22:27:20,518] {dag.py:2972} INFO - Setting next_dagrun for example_complex to None, run_after=None
[2022-08-22 22:27:20,529] {processor.py:161} INFO - Processing /home/airflow/.local/lib/python3.7/site-packages/airflow/example_dags/example_complex.py took 0.082 seconds
[2022-08-22 22:27:51,292] {processor.py:153} INFO - Started process (PID=3988) to work on /home/airflow/.local/lib/python3.7/site-packages/airflow/example_dags/example_complex.py
[2022-08-22 22:27:51,292] {processor.py:641} INFO - Processing file /home/airflow/.local/lib/python3.7/site-packages/airflow/example_dags/example_complex.py for tasks to queue
[2022-08-22 22:27:51,293] {logging_mixin.py:115} INFO - [2022-08-22 22:27:51,293] {dagbag.py:508} INFO - Filling up the DagBag from /home/airflow/.local/lib/python3.7/site-packages/airflow/example_dags/example_complex.py
[2022-08-22 22:27:51,315] {processor.py:651} INFO - DAG(s) dict_keys(['example_complex']) retrieved from /home/airflow/.local/lib/python3.7/site-packages/airflow/example_dags/example_complex.py
[2022-08-22 22:27:51,342] {logging_mixin.py:115} INFO - [2022-08-22 22:27:51,342] {dag.py:2420} INFO - Sync 1 DAGs
[2022-08-22 22:27:51,360] {logging_mixin.py:115} INFO - [2022-08-22 22:27:51,360] {dag.py:2972} INFO - Setting next_dagrun for example_complex to None, run_after=None
[2022-08-22 22:27:51,370] {processor.py:161} INFO - Processing /home/airflow/.local/lib/python3.7/site-packages/airflow/example_dags/example_complex.py took 0.083 seconds
[2022-08-22 22:28:21,830] {processor.py:153} INFO - Started process (PID=4049) to work on /home/airflow/.local/lib/python3.7/site-packages/airflow/example_dags/example_complex.py
[2022-08-22 22:28:21,831] {processor.py:641} INFO - Processing file /home/airflow/.local/lib/python3.7/site-packages/airflow/example_dags/example_complex.py for tasks to queue
[2022-08-22 22:28:21,832] {logging_mixin.py:115} INFO - [2022-08-22 22:28:21,831] {dagbag.py:508} INFO - Filling up the DagBag from /home/airflow/.local/lib/python3.7/site-packages/airflow/example_dags/example_complex.py
[2022-08-22 22:28:21,852] {processor.py:651} INFO - DAG(s) dict_keys(['example_complex']) retrieved from /home/airflow/.local/lib/python3.7/site-packages/airflow/example_dags/example_complex.py
[2022-08-22 22:28:21,879] {logging_mixin.py:115} INFO - [2022-08-22 22:28:21,879] {dag.py:2420} INFO - Sync 1 DAGs
[2022-08-22 22:28:21,898] {logging_mixin.py:115} INFO - [2022-08-22 22:28:21,898] {dag.py:2972} INFO - Setting next_dagrun for example_complex to None, run_after=None
[2022-08-22 22:28:21,911] {processor.py:161} INFO - Processing /home/airflow/.local/lib/python3.7/site-packages/airflow/example_dags/example_complex.py took 0.084 seconds
