[2022-08-22 21:53:33,537] {processor.py:153} INFO - Started process (PID=72) to work on /home/airflow/.local/lib/python3.7/site-packages/airflow/example_dags/example_branch_labels.py
[2022-08-22 21:53:33,538] {processor.py:641} INFO - Processing file /home/airflow/.local/lib/python3.7/site-packages/airflow/example_dags/example_branch_labels.py for tasks to queue
[2022-08-22 21:53:33,539] {logging_mixin.py:115} INFO - [2022-08-22 21:53:33,539] {dagbag.py:508} INFO - Filling up the DagBag from /home/airflow/.local/lib/python3.7/site-packages/airflow/example_dags/example_branch_labels.py
[2022-08-22 21:53:33,554] {processor.py:651} INFO - DAG(s) dict_keys(['example_branch_labels']) retrieved from /home/airflow/.local/lib/python3.7/site-packages/airflow/example_dags/example_branch_labels.py
[2022-08-22 21:53:33,658] {logging_mixin.py:115} INFO - [2022-08-22 21:53:33,657] {manager.py:508} INFO - Created Permission View: can edit on DAG:example_branch_labels
[2022-08-22 21:53:33,671] {logging_mixin.py:115} INFO - [2022-08-22 21:53:33,671] {manager.py:508} INFO - Created Permission View: can read on DAG:example_branch_labels
[2022-08-22 21:53:33,683] {logging_mixin.py:115} INFO - [2022-08-22 21:53:33,683] {manager.py:508} INFO - Created Permission View: can delete on DAG:example_branch_labels
[2022-08-22 21:53:33,683] {logging_mixin.py:115} INFO - [2022-08-22 21:53:33,683] {dag.py:2420} INFO - Sync 1 DAGs
[2022-08-22 21:53:33,694] {logging_mixin.py:115} INFO - [2022-08-22 21:53:33,694] {dag.py:2439} INFO - Creating ORM DAG for example_branch_labels
[2022-08-22 21:53:33,707] {logging_mixin.py:115} INFO - [2022-08-22 21:53:33,706] {dag.py:2972} INFO - Setting next_dagrun for example_branch_labels to 2022-08-21T00:00:00+00:00, run_after=2022-08-22T00:00:00+00:00
[2022-08-22 21:53:33,718] {processor.py:161} INFO - Processing /home/airflow/.local/lib/python3.7/site-packages/airflow/example_dags/example_branch_labels.py took 0.185 seconds
[2022-08-22 21:54:04,582] {processor.py:153} INFO - Started process (PID=124) to work on /home/airflow/.local/lib/python3.7/site-packages/airflow/example_dags/example_branch_labels.py
[2022-08-22 21:54:04,583] {processor.py:641} INFO - Processing file /home/airflow/.local/lib/python3.7/site-packages/airflow/example_dags/example_branch_labels.py for tasks to queue
[2022-08-22 21:54:04,583] {logging_mixin.py:115} INFO - [2022-08-22 21:54:04,583] {dagbag.py:508} INFO - Filling up the DagBag from /home/airflow/.local/lib/python3.7/site-packages/airflow/example_dags/example_branch_labels.py
[2022-08-22 21:54:04,590] {processor.py:651} INFO - DAG(s) dict_keys(['example_branch_labels']) retrieved from /home/airflow/.local/lib/python3.7/site-packages/airflow/example_dags/example_branch_labels.py
[2022-08-22 21:54:04,615] {logging_mixin.py:115} INFO - [2022-08-22 21:54:04,615] {dag.py:2420} INFO - Sync 1 DAGs
[2022-08-22 21:54:04,636] {logging_mixin.py:115} INFO - [2022-08-22 21:54:04,636] {dag.py:2972} INFO - Setting next_dagrun for example_branch_labels to 2022-08-21T00:00:00+00:00, run_after=2022-08-22T00:00:00+00:00
[2022-08-22 21:54:04,648] {processor.py:161} INFO - Processing /home/airflow/.local/lib/python3.7/site-packages/airflow/example_dags/example_branch_labels.py took 0.068 seconds
[2022-08-22 21:54:35,419] {processor.py:153} INFO - Started process (PID=185) to work on /home/airflow/.local/lib/python3.7/site-packages/airflow/example_dags/example_branch_labels.py
[2022-08-22 21:54:35,419] {processor.py:641} INFO - Processing file /home/airflow/.local/lib/python3.7/site-packages/airflow/example_dags/example_branch_labels.py for tasks to queue
[2022-08-22 21:54:35,420] {logging_mixin.py:115} INFO - [2022-08-22 21:54:35,420] {dagbag.py:508} INFO - Filling up the DagBag from /home/airflow/.local/lib/python3.7/site-packages/airflow/example_dags/example_branch_labels.py
[2022-08-22 21:54:35,426] {processor.py:651} INFO - DAG(s) dict_keys(['example_branch_labels']) retrieved from /home/airflow/.local/lib/python3.7/site-packages/airflow/example_dags/example_branch_labels.py
[2022-08-22 21:54:35,448] {logging_mixin.py:115} INFO - [2022-08-22 21:54:35,448] {dag.py:2420} INFO - Sync 1 DAGs
[2022-08-22 21:54:35,469] {logging_mixin.py:115} INFO - [2022-08-22 21:54:35,469] {dag.py:2972} INFO - Setting next_dagrun for example_branch_labels to 2022-08-21T00:00:00+00:00, run_after=2022-08-22T00:00:00+00:00
[2022-08-22 21:54:35,479] {processor.py:161} INFO - Processing /home/airflow/.local/lib/python3.7/site-packages/airflow/example_dags/example_branch_labels.py took 0.063 seconds
[2022-08-22 21:55:06,332] {processor.py:153} INFO - Started process (PID=246) to work on /home/airflow/.local/lib/python3.7/site-packages/airflow/example_dags/example_branch_labels.py
[2022-08-22 21:55:06,332] {processor.py:641} INFO - Processing file /home/airflow/.local/lib/python3.7/site-packages/airflow/example_dags/example_branch_labels.py for tasks to queue
[2022-08-22 21:55:06,333] {logging_mixin.py:115} INFO - [2022-08-22 21:55:06,333] {dagbag.py:508} INFO - Filling up the DagBag from /home/airflow/.local/lib/python3.7/site-packages/airflow/example_dags/example_branch_labels.py
[2022-08-22 21:55:06,339] {processor.py:651} INFO - DAG(s) dict_keys(['example_branch_labels']) retrieved from /home/airflow/.local/lib/python3.7/site-packages/airflow/example_dags/example_branch_labels.py
[2022-08-22 21:55:06,362] {logging_mixin.py:115} INFO - [2022-08-22 21:55:06,362] {dag.py:2420} INFO - Sync 1 DAGs
[2022-08-22 21:55:06,383] {logging_mixin.py:115} INFO - [2022-08-22 21:55:06,382] {dag.py:2972} INFO - Setting next_dagrun for example_branch_labels to 2022-08-21T00:00:00+00:00, run_after=2022-08-22T00:00:00+00:00
[2022-08-22 21:55:06,394] {processor.py:161} INFO - Processing /home/airflow/.local/lib/python3.7/site-packages/airflow/example_dags/example_branch_labels.py took 0.065 seconds
[2022-08-22 21:55:37,168] {processor.py:153} INFO - Started process (PID=308) to work on /home/airflow/.local/lib/python3.7/site-packages/airflow/example_dags/example_branch_labels.py
[2022-08-22 21:55:37,169] {processor.py:641} INFO - Processing file /home/airflow/.local/lib/python3.7/site-packages/airflow/example_dags/example_branch_labels.py for tasks to queue
[2022-08-22 21:55:37,169] {logging_mixin.py:115} INFO - [2022-08-22 21:55:37,169] {dagbag.py:508} INFO - Filling up the DagBag from /home/airflow/.local/lib/python3.7/site-packages/airflow/example_dags/example_branch_labels.py
[2022-08-22 21:55:37,177] {processor.py:651} INFO - DAG(s) dict_keys(['example_branch_labels']) retrieved from /home/airflow/.local/lib/python3.7/site-packages/airflow/example_dags/example_branch_labels.py
[2022-08-22 21:55:37,206] {logging_mixin.py:115} INFO - [2022-08-22 21:55:37,206] {dag.py:2420} INFO - Sync 1 DAGs
[2022-08-22 21:55:37,235] {logging_mixin.py:115} INFO - [2022-08-22 21:55:37,235] {dag.py:2972} INFO - Setting next_dagrun for example_branch_labels to 2022-08-21T00:00:00+00:00, run_after=2022-08-22T00:00:00+00:00
[2022-08-22 21:55:37,250] {processor.py:161} INFO - Processing /home/airflow/.local/lib/python3.7/site-packages/airflow/example_dags/example_branch_labels.py took 0.084 seconds
[2022-08-22 21:56:07,932] {processor.py:153} INFO - Started process (PID=360) to work on /home/airflow/.local/lib/python3.7/site-packages/airflow/example_dags/example_branch_labels.py
[2022-08-22 21:56:07,933] {processor.py:641} INFO - Processing file /home/airflow/.local/lib/python3.7/site-packages/airflow/example_dags/example_branch_labels.py for tasks to queue
[2022-08-22 21:56:07,933] {logging_mixin.py:115} INFO - [2022-08-22 21:56:07,933] {dagbag.py:508} INFO - Filling up the DagBag from /home/airflow/.local/lib/python3.7/site-packages/airflow/example_dags/example_branch_labels.py
[2022-08-22 21:56:07,940] {processor.py:651} INFO - DAG(s) dict_keys(['example_branch_labels']) retrieved from /home/airflow/.local/lib/python3.7/site-packages/airflow/example_dags/example_branch_labels.py
[2022-08-22 21:56:07,962] {logging_mixin.py:115} INFO - [2022-08-22 21:56:07,962] {dag.py:2420} INFO - Sync 1 DAGs
[2022-08-22 21:56:07,983] {logging_mixin.py:115} INFO - [2022-08-22 21:56:07,983] {dag.py:2972} INFO - Setting next_dagrun for example_branch_labels to 2022-08-21T00:00:00+00:00, run_after=2022-08-22T00:00:00+00:00
[2022-08-22 21:56:07,995] {processor.py:161} INFO - Processing /home/airflow/.local/lib/python3.7/site-packages/airflow/example_dags/example_branch_labels.py took 0.065 seconds
[2022-08-22 21:56:38,672] {processor.py:153} INFO - Started process (PID=421) to work on /home/airflow/.local/lib/python3.7/site-packages/airflow/example_dags/example_branch_labels.py
[2022-08-22 21:56:38,673] {processor.py:641} INFO - Processing file /home/airflow/.local/lib/python3.7/site-packages/airflow/example_dags/example_branch_labels.py for tasks to queue
[2022-08-22 21:56:38,673] {logging_mixin.py:115} INFO - [2022-08-22 21:56:38,673] {dagbag.py:508} INFO - Filling up the DagBag from /home/airflow/.local/lib/python3.7/site-packages/airflow/example_dags/example_branch_labels.py
[2022-08-22 21:56:38,680] {processor.py:651} INFO - DAG(s) dict_keys(['example_branch_labels']) retrieved from /home/airflow/.local/lib/python3.7/site-packages/airflow/example_dags/example_branch_labels.py
[2022-08-22 21:56:38,703] {logging_mixin.py:115} INFO - [2022-08-22 21:56:38,703] {dag.py:2420} INFO - Sync 1 DAGs
[2022-08-22 21:56:38,724] {logging_mixin.py:115} INFO - [2022-08-22 21:56:38,724] {dag.py:2972} INFO - Setting next_dagrun for example_branch_labels to 2022-08-21T00:00:00+00:00, run_after=2022-08-22T00:00:00+00:00
[2022-08-22 21:56:38,735] {processor.py:161} INFO - Processing /home/airflow/.local/lib/python3.7/site-packages/airflow/example_dags/example_branch_labels.py took 0.065 seconds
[2022-08-22 21:57:09,604] {processor.py:153} INFO - Started process (PID=482) to work on /home/airflow/.local/lib/python3.7/site-packages/airflow/example_dags/example_branch_labels.py
[2022-08-22 21:57:09,605] {processor.py:641} INFO - Processing file /home/airflow/.local/lib/python3.7/site-packages/airflow/example_dags/example_branch_labels.py for tasks to queue
[2022-08-22 21:57:09,605] {logging_mixin.py:115} INFO - [2022-08-22 21:57:09,605] {dagbag.py:508} INFO - Filling up the DagBag from /home/airflow/.local/lib/python3.7/site-packages/airflow/example_dags/example_branch_labels.py
[2022-08-22 21:57:09,613] {processor.py:651} INFO - DAG(s) dict_keys(['example_branch_labels']) retrieved from /home/airflow/.local/lib/python3.7/site-packages/airflow/example_dags/example_branch_labels.py
[2022-08-22 21:57:09,638] {logging_mixin.py:115} INFO - [2022-08-22 21:57:09,638] {dag.py:2420} INFO - Sync 1 DAGs
[2022-08-22 21:57:09,660] {logging_mixin.py:115} INFO - [2022-08-22 21:57:09,660] {dag.py:2972} INFO - Setting next_dagrun for example_branch_labels to 2022-08-21T00:00:00+00:00, run_after=2022-08-22T00:00:00+00:00
[2022-08-22 21:57:09,670] {processor.py:161} INFO - Processing /home/airflow/.local/lib/python3.7/site-packages/airflow/example_dags/example_branch_labels.py took 0.069 seconds
[2022-08-22 21:57:40,447] {processor.py:153} INFO - Started process (PID=534) to work on /home/airflow/.local/lib/python3.7/site-packages/airflow/example_dags/example_branch_labels.py
[2022-08-22 21:57:40,448] {processor.py:641} INFO - Processing file /home/airflow/.local/lib/python3.7/site-packages/airflow/example_dags/example_branch_labels.py for tasks to queue
[2022-08-22 21:57:40,449] {logging_mixin.py:115} INFO - [2022-08-22 21:57:40,448] {dagbag.py:508} INFO - Filling up the DagBag from /home/airflow/.local/lib/python3.7/site-packages/airflow/example_dags/example_branch_labels.py
[2022-08-22 21:57:40,460] {processor.py:651} INFO - DAG(s) dict_keys(['example_branch_labels']) retrieved from /home/airflow/.local/lib/python3.7/site-packages/airflow/example_dags/example_branch_labels.py
[2022-08-22 21:57:40,493] {logging_mixin.py:115} INFO - [2022-08-22 21:57:40,493] {dag.py:2420} INFO - Sync 1 DAGs
[2022-08-22 21:57:40,514] {logging_mixin.py:115} INFO - [2022-08-22 21:57:40,514] {dag.py:2972} INFO - Setting next_dagrun for example_branch_labels to 2022-08-21T00:00:00+00:00, run_after=2022-08-22T00:00:00+00:00
[2022-08-22 21:57:40,526] {processor.py:161} INFO - Processing /home/airflow/.local/lib/python3.7/site-packages/airflow/example_dags/example_branch_labels.py took 0.083 seconds
[2022-08-22 21:58:11,246] {processor.py:153} INFO - Started process (PID=595) to work on /home/airflow/.local/lib/python3.7/site-packages/airflow/example_dags/example_branch_labels.py
[2022-08-22 21:58:11,247] {processor.py:641} INFO - Processing file /home/airflow/.local/lib/python3.7/site-packages/airflow/example_dags/example_branch_labels.py for tasks to queue
[2022-08-22 21:58:11,247] {logging_mixin.py:115} INFO - [2022-08-22 21:58:11,247] {dagbag.py:508} INFO - Filling up the DagBag from /home/airflow/.local/lib/python3.7/site-packages/airflow/example_dags/example_branch_labels.py
[2022-08-22 21:58:11,253] {processor.py:651} INFO - DAG(s) dict_keys(['example_branch_labels']) retrieved from /home/airflow/.local/lib/python3.7/site-packages/airflow/example_dags/example_branch_labels.py
[2022-08-22 21:58:11,276] {logging_mixin.py:115} INFO - [2022-08-22 21:58:11,276] {dag.py:2420} INFO - Sync 1 DAGs
[2022-08-22 21:58:11,296] {logging_mixin.py:115} INFO - [2022-08-22 21:58:11,296] {dag.py:2972} INFO - Setting next_dagrun for example_branch_labels to 2022-08-21T00:00:00+00:00, run_after=2022-08-22T00:00:00+00:00
[2022-08-22 21:58:11,306] {processor.py:161} INFO - Processing /home/airflow/.local/lib/python3.7/site-packages/airflow/example_dags/example_branch_labels.py took 0.062 seconds
[2022-08-22 21:58:42,099] {processor.py:153} INFO - Started process (PID=656) to work on /home/airflow/.local/lib/python3.7/site-packages/airflow/example_dags/example_branch_labels.py
[2022-08-22 21:58:42,099] {processor.py:641} INFO - Processing file /home/airflow/.local/lib/python3.7/site-packages/airflow/example_dags/example_branch_labels.py for tasks to queue
[2022-08-22 21:58:42,100] {logging_mixin.py:115} INFO - [2022-08-22 21:58:42,100] {dagbag.py:508} INFO - Filling up the DagBag from /home/airflow/.local/lib/python3.7/site-packages/airflow/example_dags/example_branch_labels.py
[2022-08-22 21:58:42,107] {processor.py:651} INFO - DAG(s) dict_keys(['example_branch_labels']) retrieved from /home/airflow/.local/lib/python3.7/site-packages/airflow/example_dags/example_branch_labels.py
[2022-08-22 21:58:42,130] {logging_mixin.py:115} INFO - [2022-08-22 21:58:42,130] {dag.py:2420} INFO - Sync 1 DAGs
[2022-08-22 21:58:42,153] {logging_mixin.py:115} INFO - [2022-08-22 21:58:42,152] {dag.py:2972} INFO - Setting next_dagrun for example_branch_labels to 2022-08-21T00:00:00+00:00, run_after=2022-08-22T00:00:00+00:00
[2022-08-22 21:58:42,163] {processor.py:161} INFO - Processing /home/airflow/.local/lib/python3.7/site-packages/airflow/example_dags/example_branch_labels.py took 0.067 seconds
[2022-08-22 21:59:12,916] {processor.py:153} INFO - Started process (PID=715) to work on /home/airflow/.local/lib/python3.7/site-packages/airflow/example_dags/example_branch_labels.py
[2022-08-22 21:59:12,916] {processor.py:641} INFO - Processing file /home/airflow/.local/lib/python3.7/site-packages/airflow/example_dags/example_branch_labels.py for tasks to queue
[2022-08-22 21:59:12,917] {logging_mixin.py:115} INFO - [2022-08-22 21:59:12,917] {dagbag.py:508} INFO - Filling up the DagBag from /home/airflow/.local/lib/python3.7/site-packages/airflow/example_dags/example_branch_labels.py
[2022-08-22 21:59:12,924] {processor.py:651} INFO - DAG(s) dict_keys(['example_branch_labels']) retrieved from /home/airflow/.local/lib/python3.7/site-packages/airflow/example_dags/example_branch_labels.py
[2022-08-22 21:59:12,954] {logging_mixin.py:115} INFO - [2022-08-22 21:59:12,954] {dag.py:2420} INFO - Sync 1 DAGs
[2022-08-22 21:59:12,977] {logging_mixin.py:115} INFO - [2022-08-22 21:59:12,977] {dag.py:2972} INFO - Setting next_dagrun for example_branch_labels to 2022-08-21T00:00:00+00:00, run_after=2022-08-22T00:00:00+00:00
[2022-08-22 21:59:12,989] {processor.py:161} INFO - Processing /home/airflow/.local/lib/python3.7/site-packages/airflow/example_dags/example_branch_labels.py took 0.077 seconds
[2022-08-22 21:59:43,724] {processor.py:153} INFO - Started process (PID=769) to work on /home/airflow/.local/lib/python3.7/site-packages/airflow/example_dags/example_branch_labels.py
[2022-08-22 21:59:43,725] {processor.py:641} INFO - Processing file /home/airflow/.local/lib/python3.7/site-packages/airflow/example_dags/example_branch_labels.py for tasks to queue
[2022-08-22 21:59:43,725] {logging_mixin.py:115} INFO - [2022-08-22 21:59:43,725] {dagbag.py:508} INFO - Filling up the DagBag from /home/airflow/.local/lib/python3.7/site-packages/airflow/example_dags/example_branch_labels.py
[2022-08-22 21:59:43,731] {processor.py:651} INFO - DAG(s) dict_keys(['example_branch_labels']) retrieved from /home/airflow/.local/lib/python3.7/site-packages/airflow/example_dags/example_branch_labels.py
[2022-08-22 21:59:43,756] {logging_mixin.py:115} INFO - [2022-08-22 21:59:43,756] {dag.py:2420} INFO - Sync 1 DAGs
[2022-08-22 21:59:43,777] {logging_mixin.py:115} INFO - [2022-08-22 21:59:43,777] {dag.py:2972} INFO - Setting next_dagrun for example_branch_labels to 2022-08-21T00:00:00+00:00, run_after=2022-08-22T00:00:00+00:00
[2022-08-22 21:59:43,788] {processor.py:161} INFO - Processing /home/airflow/.local/lib/python3.7/site-packages/airflow/example_dags/example_branch_labels.py took 0.068 seconds
[2022-08-22 22:00:14,459] {processor.py:153} INFO - Started process (PID=830) to work on /home/airflow/.local/lib/python3.7/site-packages/airflow/example_dags/example_branch_labels.py
[2022-08-22 22:00:14,460] {processor.py:641} INFO - Processing file /home/airflow/.local/lib/python3.7/site-packages/airflow/example_dags/example_branch_labels.py for tasks to queue
[2022-08-22 22:00:14,460] {logging_mixin.py:115} INFO - [2022-08-22 22:00:14,460] {dagbag.py:508} INFO - Filling up the DagBag from /home/airflow/.local/lib/python3.7/site-packages/airflow/example_dags/example_branch_labels.py
[2022-08-22 22:00:14,468] {processor.py:651} INFO - DAG(s) dict_keys(['example_branch_labels']) retrieved from /home/airflow/.local/lib/python3.7/site-packages/airflow/example_dags/example_branch_labels.py
[2022-08-22 22:00:14,493] {logging_mixin.py:115} INFO - [2022-08-22 22:00:14,493] {dag.py:2420} INFO - Sync 1 DAGs
[2022-08-22 22:00:14,515] {logging_mixin.py:115} INFO - [2022-08-22 22:00:14,515] {dag.py:2972} INFO - Setting next_dagrun for example_branch_labels to 2022-08-21T00:00:00+00:00, run_after=2022-08-22T00:00:00+00:00
[2022-08-22 22:00:14,527] {processor.py:161} INFO - Processing /home/airflow/.local/lib/python3.7/site-packages/airflow/example_dags/example_branch_labels.py took 0.070 seconds
[2022-08-22 22:00:45,278] {processor.py:153} INFO - Started process (PID=891) to work on /home/airflow/.local/lib/python3.7/site-packages/airflow/example_dags/example_branch_labels.py
[2022-08-22 22:00:45,279] {processor.py:641} INFO - Processing file /home/airflow/.local/lib/python3.7/site-packages/airflow/example_dags/example_branch_labels.py for tasks to queue
[2022-08-22 22:00:45,279] {logging_mixin.py:115} INFO - [2022-08-22 22:00:45,279] {dagbag.py:508} INFO - Filling up the DagBag from /home/airflow/.local/lib/python3.7/site-packages/airflow/example_dags/example_branch_labels.py
[2022-08-22 22:00:45,287] {processor.py:651} INFO - DAG(s) dict_keys(['example_branch_labels']) retrieved from /home/airflow/.local/lib/python3.7/site-packages/airflow/example_dags/example_branch_labels.py
[2022-08-22 22:00:45,311] {logging_mixin.py:115} INFO - [2022-08-22 22:00:45,310] {dag.py:2420} INFO - Sync 1 DAGs
[2022-08-22 22:00:45,334] {logging_mixin.py:115} INFO - [2022-08-22 22:00:45,333] {dag.py:2972} INFO - Setting next_dagrun for example_branch_labels to 2022-08-21T00:00:00+00:00, run_after=2022-08-22T00:00:00+00:00
[2022-08-22 22:00:45,344] {processor.py:161} INFO - Processing /home/airflow/.local/lib/python3.7/site-packages/airflow/example_dags/example_branch_labels.py took 0.068 seconds
[2022-08-22 22:01:16,010] {processor.py:153} INFO - Started process (PID=943) to work on /home/airflow/.local/lib/python3.7/site-packages/airflow/example_dags/example_branch_labels.py
[2022-08-22 22:01:16,011] {processor.py:641} INFO - Processing file /home/airflow/.local/lib/python3.7/site-packages/airflow/example_dags/example_branch_labels.py for tasks to queue
[2022-08-22 22:01:16,011] {logging_mixin.py:115} INFO - [2022-08-22 22:01:16,011] {dagbag.py:508} INFO - Filling up the DagBag from /home/airflow/.local/lib/python3.7/site-packages/airflow/example_dags/example_branch_labels.py
[2022-08-22 22:01:16,018] {processor.py:651} INFO - DAG(s) dict_keys(['example_branch_labels']) retrieved from /home/airflow/.local/lib/python3.7/site-packages/airflow/example_dags/example_branch_labels.py
[2022-08-22 22:01:16,042] {logging_mixin.py:115} INFO - [2022-08-22 22:01:16,042] {dag.py:2420} INFO - Sync 1 DAGs
[2022-08-22 22:01:16,062] {logging_mixin.py:115} INFO - [2022-08-22 22:01:16,062] {dag.py:2972} INFO - Setting next_dagrun for example_branch_labels to 2022-08-21T00:00:00+00:00, run_after=2022-08-22T00:00:00+00:00
[2022-08-22 22:01:16,074] {processor.py:161} INFO - Processing /home/airflow/.local/lib/python3.7/site-packages/airflow/example_dags/example_branch_labels.py took 0.067 seconds
[2022-08-22 22:01:46,895] {processor.py:153} INFO - Started process (PID=1004) to work on /home/airflow/.local/lib/python3.7/site-packages/airflow/example_dags/example_branch_labels.py
[2022-08-22 22:01:46,896] {processor.py:641} INFO - Processing file /home/airflow/.local/lib/python3.7/site-packages/airflow/example_dags/example_branch_labels.py for tasks to queue
[2022-08-22 22:01:46,896] {logging_mixin.py:115} INFO - [2022-08-22 22:01:46,896] {dagbag.py:508} INFO - Filling up the DagBag from /home/airflow/.local/lib/python3.7/site-packages/airflow/example_dags/example_branch_labels.py
[2022-08-22 22:01:46,902] {processor.py:651} INFO - DAG(s) dict_keys(['example_branch_labels']) retrieved from /home/airflow/.local/lib/python3.7/site-packages/airflow/example_dags/example_branch_labels.py
[2022-08-22 22:01:46,927] {logging_mixin.py:115} INFO - [2022-08-22 22:01:46,927] {dag.py:2420} INFO - Sync 1 DAGs
[2022-08-22 22:01:46,950] {logging_mixin.py:115} INFO - [2022-08-22 22:01:46,950] {dag.py:2972} INFO - Setting next_dagrun for example_branch_labels to 2022-08-21T00:00:00+00:00, run_after=2022-08-22T00:00:00+00:00
[2022-08-22 22:01:46,961] {processor.py:161} INFO - Processing /home/airflow/.local/lib/python3.7/site-packages/airflow/example_dags/example_branch_labels.py took 0.068 seconds
[2022-08-22 22:02:17,834] {processor.py:153} INFO - Started process (PID=1065) to work on /home/airflow/.local/lib/python3.7/site-packages/airflow/example_dags/example_branch_labels.py
[2022-08-22 22:02:17,835] {processor.py:641} INFO - Processing file /home/airflow/.local/lib/python3.7/site-packages/airflow/example_dags/example_branch_labels.py for tasks to queue
[2022-08-22 22:02:17,835] {logging_mixin.py:115} INFO - [2022-08-22 22:02:17,835] {dagbag.py:508} INFO - Filling up the DagBag from /home/airflow/.local/lib/python3.7/site-packages/airflow/example_dags/example_branch_labels.py
[2022-08-22 22:02:17,841] {processor.py:651} INFO - DAG(s) dict_keys(['example_branch_labels']) retrieved from /home/airflow/.local/lib/python3.7/site-packages/airflow/example_dags/example_branch_labels.py
[2022-08-22 22:02:17,866] {logging_mixin.py:115} INFO - [2022-08-22 22:02:17,865] {dag.py:2420} INFO - Sync 1 DAGs
[2022-08-22 22:02:17,886] {logging_mixin.py:115} INFO - [2022-08-22 22:02:17,886] {dag.py:2972} INFO - Setting next_dagrun for example_branch_labels to 2022-08-21T00:00:00+00:00, run_after=2022-08-22T00:00:00+00:00
[2022-08-22 22:02:17,897] {processor.py:161} INFO - Processing /home/airflow/.local/lib/python3.7/site-packages/airflow/example_dags/example_branch_labels.py took 0.065 seconds
[2022-08-22 22:02:48,651] {processor.py:153} INFO - Started process (PID=1117) to work on /home/airflow/.local/lib/python3.7/site-packages/airflow/example_dags/example_branch_labels.py
[2022-08-22 22:02:48,652] {processor.py:641} INFO - Processing file /home/airflow/.local/lib/python3.7/site-packages/airflow/example_dags/example_branch_labels.py for tasks to queue
[2022-08-22 22:02:48,653] {logging_mixin.py:115} INFO - [2022-08-22 22:02:48,652] {dagbag.py:508} INFO - Filling up the DagBag from /home/airflow/.local/lib/python3.7/site-packages/airflow/example_dags/example_branch_labels.py
[2022-08-22 22:02:48,664] {processor.py:651} INFO - DAG(s) dict_keys(['example_branch_labels']) retrieved from /home/airflow/.local/lib/python3.7/site-packages/airflow/example_dags/example_branch_labels.py
[2022-08-22 22:02:48,688] {logging_mixin.py:115} INFO - [2022-08-22 22:02:48,688] {dag.py:2420} INFO - Sync 1 DAGs
[2022-08-22 22:02:48,713] {logging_mixin.py:115} INFO - [2022-08-22 22:02:48,713] {dag.py:2972} INFO - Setting next_dagrun for example_branch_labels to 2022-08-21T00:00:00+00:00, run_after=2022-08-22T00:00:00+00:00
[2022-08-22 22:02:48,730] {processor.py:161} INFO - Processing /home/airflow/.local/lib/python3.7/site-packages/airflow/example_dags/example_branch_labels.py took 0.083 seconds
[2022-08-22 22:03:19,590] {processor.py:153} INFO - Started process (PID=1178) to work on /home/airflow/.local/lib/python3.7/site-packages/airflow/example_dags/example_branch_labels.py
[2022-08-22 22:03:19,591] {processor.py:641} INFO - Processing file /home/airflow/.local/lib/python3.7/site-packages/airflow/example_dags/example_branch_labels.py for tasks to queue
[2022-08-22 22:03:19,592] {logging_mixin.py:115} INFO - [2022-08-22 22:03:19,592] {dagbag.py:508} INFO - Filling up the DagBag from /home/airflow/.local/lib/python3.7/site-packages/airflow/example_dags/example_branch_labels.py
[2022-08-22 22:03:19,599] {processor.py:651} INFO - DAG(s) dict_keys(['example_branch_labels']) retrieved from /home/airflow/.local/lib/python3.7/site-packages/airflow/example_dags/example_branch_labels.py
[2022-08-22 22:03:19,633] {logging_mixin.py:115} INFO - [2022-08-22 22:03:19,633] {dag.py:2420} INFO - Sync 1 DAGs
[2022-08-22 22:03:19,661] {logging_mixin.py:115} INFO - [2022-08-22 22:03:19,661] {dag.py:2972} INFO - Setting next_dagrun for example_branch_labels to 2022-08-21T00:00:00+00:00, run_after=2022-08-22T00:00:00+00:00
[2022-08-22 22:03:19,674] {processor.py:161} INFO - Processing /home/airflow/.local/lib/python3.7/site-packages/airflow/example_dags/example_branch_labels.py took 0.087 seconds
[2022-08-22 22:03:50,512] {processor.py:153} INFO - Started process (PID=1239) to work on /home/airflow/.local/lib/python3.7/site-packages/airflow/example_dags/example_branch_labels.py
[2022-08-22 22:03:50,512] {processor.py:641} INFO - Processing file /home/airflow/.local/lib/python3.7/site-packages/airflow/example_dags/example_branch_labels.py for tasks to queue
[2022-08-22 22:03:50,512] {logging_mixin.py:115} INFO - [2022-08-22 22:03:50,512] {dagbag.py:508} INFO - Filling up the DagBag from /home/airflow/.local/lib/python3.7/site-packages/airflow/example_dags/example_branch_labels.py
[2022-08-22 22:03:50,518] {processor.py:651} INFO - DAG(s) dict_keys(['example_branch_labels']) retrieved from /home/airflow/.local/lib/python3.7/site-packages/airflow/example_dags/example_branch_labels.py
[2022-08-22 22:03:50,539] {logging_mixin.py:115} INFO - [2022-08-22 22:03:50,539] {dag.py:2420} INFO - Sync 1 DAGs
[2022-08-22 22:03:50,559] {logging_mixin.py:115} INFO - [2022-08-22 22:03:50,559] {dag.py:2972} INFO - Setting next_dagrun for example_branch_labels to 2022-08-21T00:00:00+00:00, run_after=2022-08-22T00:00:00+00:00
[2022-08-22 22:03:50,570] {processor.py:161} INFO - Processing /home/airflow/.local/lib/python3.7/site-packages/airflow/example_dags/example_branch_labels.py took 0.060 seconds
[2022-08-22 22:04:21,178] {processor.py:153} INFO - Started process (PID=1300) to work on /home/airflow/.local/lib/python3.7/site-packages/airflow/example_dags/example_branch_labels.py
[2022-08-22 22:04:21,179] {processor.py:641} INFO - Processing file /home/airflow/.local/lib/python3.7/site-packages/airflow/example_dags/example_branch_labels.py for tasks to queue
[2022-08-22 22:04:21,179] {logging_mixin.py:115} INFO - [2022-08-22 22:04:21,179] {dagbag.py:508} INFO - Filling up the DagBag from /home/airflow/.local/lib/python3.7/site-packages/airflow/example_dags/example_branch_labels.py
[2022-08-22 22:04:21,184] {processor.py:651} INFO - DAG(s) dict_keys(['example_branch_labels']) retrieved from /home/airflow/.local/lib/python3.7/site-packages/airflow/example_dags/example_branch_labels.py
[2022-08-22 22:04:21,203] {logging_mixin.py:115} INFO - [2022-08-22 22:04:21,203] {dag.py:2420} INFO - Sync 1 DAGs
[2022-08-22 22:04:21,221] {logging_mixin.py:115} INFO - [2022-08-22 22:04:21,221] {dag.py:2972} INFO - Setting next_dagrun for example_branch_labels to 2022-08-21T00:00:00+00:00, run_after=2022-08-22T00:00:00+00:00
[2022-08-22 22:04:21,230] {processor.py:161} INFO - Processing /home/airflow/.local/lib/python3.7/site-packages/airflow/example_dags/example_branch_labels.py took 0.054 seconds
[2022-08-22 22:04:51,753] {processor.py:153} INFO - Started process (PID=1352) to work on /home/airflow/.local/lib/python3.7/site-packages/airflow/example_dags/example_branch_labels.py
[2022-08-22 22:04:51,754] {processor.py:641} INFO - Processing file /home/airflow/.local/lib/python3.7/site-packages/airflow/example_dags/example_branch_labels.py for tasks to queue
[2022-08-22 22:04:51,754] {logging_mixin.py:115} INFO - [2022-08-22 22:04:51,754] {dagbag.py:508} INFO - Filling up the DagBag from /home/airflow/.local/lib/python3.7/site-packages/airflow/example_dags/example_branch_labels.py
[2022-08-22 22:04:51,760] {processor.py:651} INFO - DAG(s) dict_keys(['example_branch_labels']) retrieved from /home/airflow/.local/lib/python3.7/site-packages/airflow/example_dags/example_branch_labels.py
[2022-08-22 22:04:51,782] {logging_mixin.py:115} INFO - [2022-08-22 22:04:51,782] {dag.py:2420} INFO - Sync 1 DAGs
[2022-08-22 22:04:51,803] {logging_mixin.py:115} INFO - [2022-08-22 22:04:51,803] {dag.py:2972} INFO - Setting next_dagrun for example_branch_labels to 2022-08-21T00:00:00+00:00, run_after=2022-08-22T00:00:00+00:00
[2022-08-22 22:04:51,812] {processor.py:161} INFO - Processing /home/airflow/.local/lib/python3.7/site-packages/airflow/example_dags/example_branch_labels.py took 0.061 seconds
[2022-08-22 22:05:22,218] {processor.py:153} INFO - Started process (PID=1413) to work on /home/airflow/.local/lib/python3.7/site-packages/airflow/example_dags/example_branch_labels.py
[2022-08-22 22:05:22,219] {processor.py:641} INFO - Processing file /home/airflow/.local/lib/python3.7/site-packages/airflow/example_dags/example_branch_labels.py for tasks to queue
[2022-08-22 22:05:22,219] {logging_mixin.py:115} INFO - [2022-08-22 22:05:22,219] {dagbag.py:508} INFO - Filling up the DagBag from /home/airflow/.local/lib/python3.7/site-packages/airflow/example_dags/example_branch_labels.py
[2022-08-22 22:05:22,225] {processor.py:651} INFO - DAG(s) dict_keys(['example_branch_labels']) retrieved from /home/airflow/.local/lib/python3.7/site-packages/airflow/example_dags/example_branch_labels.py
[2022-08-22 22:05:22,258] {logging_mixin.py:115} INFO - [2022-08-22 22:05:22,258] {dag.py:2420} INFO - Sync 1 DAGs
[2022-08-22 22:05:22,281] {logging_mixin.py:115} INFO - [2022-08-22 22:05:22,281] {dag.py:2972} INFO - Setting next_dagrun for example_branch_labels to 2022-08-21T00:00:00+00:00, run_after=2022-08-22T00:00:00+00:00
[2022-08-22 22:05:22,294] {processor.py:161} INFO - Processing /home/airflow/.local/lib/python3.7/site-packages/airflow/example_dags/example_branch_labels.py took 0.079 seconds
[2022-08-22 22:05:53,051] {processor.py:153} INFO - Started process (PID=1474) to work on /home/airflow/.local/lib/python3.7/site-packages/airflow/example_dags/example_branch_labels.py
[2022-08-22 22:05:53,052] {processor.py:641} INFO - Processing file /home/airflow/.local/lib/python3.7/site-packages/airflow/example_dags/example_branch_labels.py for tasks to queue
[2022-08-22 22:05:53,053] {logging_mixin.py:115} INFO - [2022-08-22 22:05:53,052] {dagbag.py:508} INFO - Filling up the DagBag from /home/airflow/.local/lib/python3.7/site-packages/airflow/example_dags/example_branch_labels.py
[2022-08-22 22:05:53,058] {processor.py:651} INFO - DAG(s) dict_keys(['example_branch_labels']) retrieved from /home/airflow/.local/lib/python3.7/site-packages/airflow/example_dags/example_branch_labels.py
[2022-08-22 22:05:53,081] {logging_mixin.py:115} INFO - [2022-08-22 22:05:53,081] {dag.py:2420} INFO - Sync 1 DAGs
[2022-08-22 22:05:53,103] {logging_mixin.py:115} INFO - [2022-08-22 22:05:53,103] {dag.py:2972} INFO - Setting next_dagrun for example_branch_labels to 2022-08-21T00:00:00+00:00, run_after=2022-08-22T00:00:00+00:00
[2022-08-22 22:05:53,113] {processor.py:161} INFO - Processing /home/airflow/.local/lib/python3.7/site-packages/airflow/example_dags/example_branch_labels.py took 0.067 seconds
[2022-08-22 22:06:23,714] {processor.py:153} INFO - Started process (PID=1535) to work on /home/airflow/.local/lib/python3.7/site-packages/airflow/example_dags/example_branch_labels.py
[2022-08-22 22:06:23,714] {processor.py:641} INFO - Processing file /home/airflow/.local/lib/python3.7/site-packages/airflow/example_dags/example_branch_labels.py for tasks to queue
[2022-08-22 22:06:23,715] {logging_mixin.py:115} INFO - [2022-08-22 22:06:23,715] {dagbag.py:508} INFO - Filling up the DagBag from /home/airflow/.local/lib/python3.7/site-packages/airflow/example_dags/example_branch_labels.py
[2022-08-22 22:06:23,722] {processor.py:651} INFO - DAG(s) dict_keys(['example_branch_labels']) retrieved from /home/airflow/.local/lib/python3.7/site-packages/airflow/example_dags/example_branch_labels.py
[2022-08-22 22:06:23,747] {logging_mixin.py:115} INFO - [2022-08-22 22:06:23,747] {dag.py:2420} INFO - Sync 1 DAGs
[2022-08-22 22:06:23,769] {logging_mixin.py:115} INFO - [2022-08-22 22:06:23,769] {dag.py:2972} INFO - Setting next_dagrun for example_branch_labels to 2022-08-21T00:00:00+00:00, run_after=2022-08-22T00:00:00+00:00
[2022-08-22 22:06:23,779] {processor.py:161} INFO - Processing /home/airflow/.local/lib/python3.7/site-packages/airflow/example_dags/example_branch_labels.py took 0.068 seconds
[2022-08-22 22:06:54,318] {processor.py:153} INFO - Started process (PID=1587) to work on /home/airflow/.local/lib/python3.7/site-packages/airflow/example_dags/example_branch_labels.py
[2022-08-22 22:06:54,318] {processor.py:641} INFO - Processing file /home/airflow/.local/lib/python3.7/site-packages/airflow/example_dags/example_branch_labels.py for tasks to queue
[2022-08-22 22:06:54,318] {logging_mixin.py:115} INFO - [2022-08-22 22:06:54,318] {dagbag.py:508} INFO - Filling up the DagBag from /home/airflow/.local/lib/python3.7/site-packages/airflow/example_dags/example_branch_labels.py
[2022-08-22 22:06:54,323] {processor.py:651} INFO - DAG(s) dict_keys(['example_branch_labels']) retrieved from /home/airflow/.local/lib/python3.7/site-packages/airflow/example_dags/example_branch_labels.py
[2022-08-22 22:06:54,345] {logging_mixin.py:115} INFO - [2022-08-22 22:06:54,345] {dag.py:2420} INFO - Sync 1 DAGs
[2022-08-22 22:06:54,364] {logging_mixin.py:115} INFO - [2022-08-22 22:06:54,364] {dag.py:2972} INFO - Setting next_dagrun for example_branch_labels to 2022-08-21T00:00:00+00:00, run_after=2022-08-22T00:00:00+00:00
[2022-08-22 22:06:54,373] {processor.py:161} INFO - Processing /home/airflow/.local/lib/python3.7/site-packages/airflow/example_dags/example_branch_labels.py took 0.058 seconds
[2022-08-22 22:07:24,920] {processor.py:153} INFO - Started process (PID=1648) to work on /home/airflow/.local/lib/python3.7/site-packages/airflow/example_dags/example_branch_labels.py
[2022-08-22 22:07:24,920] {processor.py:641} INFO - Processing file /home/airflow/.local/lib/python3.7/site-packages/airflow/example_dags/example_branch_labels.py for tasks to queue
[2022-08-22 22:07:24,921] {logging_mixin.py:115} INFO - [2022-08-22 22:07:24,921] {dagbag.py:508} INFO - Filling up the DagBag from /home/airflow/.local/lib/python3.7/site-packages/airflow/example_dags/example_branch_labels.py
[2022-08-22 22:07:24,929] {processor.py:651} INFO - DAG(s) dict_keys(['example_branch_labels']) retrieved from /home/airflow/.local/lib/python3.7/site-packages/airflow/example_dags/example_branch_labels.py
[2022-08-22 22:07:24,949] {logging_mixin.py:115} INFO - [2022-08-22 22:07:24,949] {dag.py:2420} INFO - Sync 1 DAGs
[2022-08-22 22:07:24,968] {logging_mixin.py:115} INFO - [2022-08-22 22:07:24,968] {dag.py:2972} INFO - Setting next_dagrun for example_branch_labels to 2022-08-21T00:00:00+00:00, run_after=2022-08-22T00:00:00+00:00
[2022-08-22 22:07:24,977] {processor.py:161} INFO - Processing /home/airflow/.local/lib/python3.7/site-packages/airflow/example_dags/example_branch_labels.py took 0.060 seconds
[2022-08-22 22:07:55,690] {processor.py:153} INFO - Started process (PID=1709) to work on /home/airflow/.local/lib/python3.7/site-packages/airflow/example_dags/example_branch_labels.py
[2022-08-22 22:07:55,691] {processor.py:641} INFO - Processing file /home/airflow/.local/lib/python3.7/site-packages/airflow/example_dags/example_branch_labels.py for tasks to queue
[2022-08-22 22:07:55,691] {logging_mixin.py:115} INFO - [2022-08-22 22:07:55,691] {dagbag.py:508} INFO - Filling up the DagBag from /home/airflow/.local/lib/python3.7/site-packages/airflow/example_dags/example_branch_labels.py
[2022-08-22 22:07:55,701] {processor.py:651} INFO - DAG(s) dict_keys(['example_branch_labels']) retrieved from /home/airflow/.local/lib/python3.7/site-packages/airflow/example_dags/example_branch_labels.py
[2022-08-22 22:07:55,722] {logging_mixin.py:115} INFO - [2022-08-22 22:07:55,722] {dag.py:2420} INFO - Sync 1 DAGs
[2022-08-22 22:07:55,741] {logging_mixin.py:115} INFO - [2022-08-22 22:07:55,741] {dag.py:2972} INFO - Setting next_dagrun for example_branch_labels to 2022-08-21T00:00:00+00:00, run_after=2022-08-22T00:00:00+00:00
[2022-08-22 22:07:55,750] {processor.py:161} INFO - Processing /home/airflow/.local/lib/python3.7/site-packages/airflow/example_dags/example_branch_labels.py took 0.064 seconds
[2022-08-22 22:08:26,223] {processor.py:153} INFO - Started process (PID=1761) to work on /home/airflow/.local/lib/python3.7/site-packages/airflow/example_dags/example_branch_labels.py
[2022-08-22 22:08:26,224] {processor.py:641} INFO - Processing file /home/airflow/.local/lib/python3.7/site-packages/airflow/example_dags/example_branch_labels.py for tasks to queue
[2022-08-22 22:08:26,225] {logging_mixin.py:115} INFO - [2022-08-22 22:08:26,225] {dagbag.py:508} INFO - Filling up the DagBag from /home/airflow/.local/lib/python3.7/site-packages/airflow/example_dags/example_branch_labels.py
[2022-08-22 22:08:26,234] {processor.py:651} INFO - DAG(s) dict_keys(['example_branch_labels']) retrieved from /home/airflow/.local/lib/python3.7/site-packages/airflow/example_dags/example_branch_labels.py
[2022-08-22 22:08:26,257] {logging_mixin.py:115} INFO - [2022-08-22 22:08:26,257] {dag.py:2420} INFO - Sync 1 DAGs
[2022-08-22 22:08:26,276] {logging_mixin.py:115} INFO - [2022-08-22 22:08:26,276] {dag.py:2972} INFO - Setting next_dagrun for example_branch_labels to 2022-08-21T00:00:00+00:00, run_after=2022-08-22T00:00:00+00:00
[2022-08-22 22:08:26,285] {processor.py:161} INFO - Processing /home/airflow/.local/lib/python3.7/site-packages/airflow/example_dags/example_branch_labels.py took 0.065 seconds
[2022-08-22 22:08:57,117] {processor.py:153} INFO - Started process (PID=1822) to work on /home/airflow/.local/lib/python3.7/site-packages/airflow/example_dags/example_branch_labels.py
[2022-08-22 22:08:57,118] {processor.py:641} INFO - Processing file /home/airflow/.local/lib/python3.7/site-packages/airflow/example_dags/example_branch_labels.py for tasks to queue
[2022-08-22 22:08:57,119] {logging_mixin.py:115} INFO - [2022-08-22 22:08:57,119] {dagbag.py:508} INFO - Filling up the DagBag from /home/airflow/.local/lib/python3.7/site-packages/airflow/example_dags/example_branch_labels.py
[2022-08-22 22:08:57,128] {processor.py:651} INFO - DAG(s) dict_keys(['example_branch_labels']) retrieved from /home/airflow/.local/lib/python3.7/site-packages/airflow/example_dags/example_branch_labels.py
[2022-08-22 22:08:57,152] {logging_mixin.py:115} INFO - [2022-08-22 22:08:57,152] {dag.py:2420} INFO - Sync 1 DAGs
[2022-08-22 22:08:57,171] {logging_mixin.py:115} INFO - [2022-08-22 22:08:57,171] {dag.py:2972} INFO - Setting next_dagrun for example_branch_labels to 2022-08-21T00:00:00+00:00, run_after=2022-08-22T00:00:00+00:00
[2022-08-22 22:08:57,183] {processor.py:161} INFO - Processing /home/airflow/.local/lib/python3.7/site-packages/airflow/example_dags/example_branch_labels.py took 0.069 seconds
[2022-08-22 22:09:27,726] {processor.py:153} INFO - Started process (PID=1883) to work on /home/airflow/.local/lib/python3.7/site-packages/airflow/example_dags/example_branch_labels.py
[2022-08-22 22:09:27,726] {processor.py:641} INFO - Processing file /home/airflow/.local/lib/python3.7/site-packages/airflow/example_dags/example_branch_labels.py for tasks to queue
[2022-08-22 22:09:27,727] {logging_mixin.py:115} INFO - [2022-08-22 22:09:27,727] {dagbag.py:508} INFO - Filling up the DagBag from /home/airflow/.local/lib/python3.7/site-packages/airflow/example_dags/example_branch_labels.py
[2022-08-22 22:09:27,737] {processor.py:651} INFO - DAG(s) dict_keys(['example_branch_labels']) retrieved from /home/airflow/.local/lib/python3.7/site-packages/airflow/example_dags/example_branch_labels.py
[2022-08-22 22:09:27,772] {logging_mixin.py:115} INFO - [2022-08-22 22:09:27,772] {dag.py:2420} INFO - Sync 1 DAGs
[2022-08-22 22:09:27,796] {logging_mixin.py:115} INFO - [2022-08-22 22:09:27,796] {dag.py:2972} INFO - Setting next_dagrun for example_branch_labels to 2022-08-21T00:00:00+00:00, run_after=2022-08-22T00:00:00+00:00
[2022-08-22 22:09:27,808] {processor.py:161} INFO - Processing /home/airflow/.local/lib/python3.7/site-packages/airflow/example_dags/example_branch_labels.py took 0.086 seconds
[2022-08-22 22:09:58,420] {processor.py:153} INFO - Started process (PID=1944) to work on /home/airflow/.local/lib/python3.7/site-packages/airflow/example_dags/example_branch_labels.py
[2022-08-22 22:09:58,421] {processor.py:641} INFO - Processing file /home/airflow/.local/lib/python3.7/site-packages/airflow/example_dags/example_branch_labels.py for tasks to queue
[2022-08-22 22:09:58,422] {logging_mixin.py:115} INFO - [2022-08-22 22:09:58,422] {dagbag.py:508} INFO - Filling up the DagBag from /home/airflow/.local/lib/python3.7/site-packages/airflow/example_dags/example_branch_labels.py
[2022-08-22 22:09:58,432] {processor.py:651} INFO - DAG(s) dict_keys(['example_branch_labels']) retrieved from /home/airflow/.local/lib/python3.7/site-packages/airflow/example_dags/example_branch_labels.py
[2022-08-22 22:09:58,456] {logging_mixin.py:115} INFO - [2022-08-22 22:09:58,456] {dag.py:2420} INFO - Sync 1 DAGs
[2022-08-22 22:09:58,476] {logging_mixin.py:115} INFO - [2022-08-22 22:09:58,475] {dag.py:2972} INFO - Setting next_dagrun for example_branch_labels to 2022-08-21T00:00:00+00:00, run_after=2022-08-22T00:00:00+00:00
[2022-08-22 22:09:58,485] {processor.py:161} INFO - Processing /home/airflow/.local/lib/python3.7/site-packages/airflow/example_dags/example_branch_labels.py took 0.068 seconds
[2022-08-22 22:10:29,129] {processor.py:153} INFO - Started process (PID=1996) to work on /home/airflow/.local/lib/python3.7/site-packages/airflow/example_dags/example_branch_labels.py
[2022-08-22 22:10:29,130] {processor.py:641} INFO - Processing file /home/airflow/.local/lib/python3.7/site-packages/airflow/example_dags/example_branch_labels.py for tasks to queue
[2022-08-22 22:10:29,130] {logging_mixin.py:115} INFO - [2022-08-22 22:10:29,130] {dagbag.py:508} INFO - Filling up the DagBag from /home/airflow/.local/lib/python3.7/site-packages/airflow/example_dags/example_branch_labels.py
[2022-08-22 22:10:29,140] {processor.py:651} INFO - DAG(s) dict_keys(['example_branch_labels']) retrieved from /home/airflow/.local/lib/python3.7/site-packages/airflow/example_dags/example_branch_labels.py
[2022-08-22 22:10:29,164] {logging_mixin.py:115} INFO - [2022-08-22 22:10:29,164] {dag.py:2420} INFO - Sync 1 DAGs
[2022-08-22 22:10:29,184] {logging_mixin.py:115} INFO - [2022-08-22 22:10:29,184] {dag.py:2972} INFO - Setting next_dagrun for example_branch_labels to 2022-08-21T00:00:00+00:00, run_after=2022-08-22T00:00:00+00:00
[2022-08-22 22:10:29,193] {processor.py:161} INFO - Processing /home/airflow/.local/lib/python3.7/site-packages/airflow/example_dags/example_branch_labels.py took 0.066 seconds
[2022-08-22 22:10:59,754] {processor.py:153} INFO - Started process (PID=2057) to work on /home/airflow/.local/lib/python3.7/site-packages/airflow/example_dags/example_branch_labels.py
[2022-08-22 22:10:59,754] {processor.py:641} INFO - Processing file /home/airflow/.local/lib/python3.7/site-packages/airflow/example_dags/example_branch_labels.py for tasks to queue
[2022-08-22 22:10:59,754] {logging_mixin.py:115} INFO - [2022-08-22 22:10:59,754] {dagbag.py:508} INFO - Filling up the DagBag from /home/airflow/.local/lib/python3.7/site-packages/airflow/example_dags/example_branch_labels.py
[2022-08-22 22:10:59,760] {processor.py:651} INFO - DAG(s) dict_keys(['example_branch_labels']) retrieved from /home/airflow/.local/lib/python3.7/site-packages/airflow/example_dags/example_branch_labels.py
[2022-08-22 22:10:59,781] {logging_mixin.py:115} INFO - [2022-08-22 22:10:59,780] {dag.py:2420} INFO - Sync 1 DAGs
[2022-08-22 22:10:59,800] {logging_mixin.py:115} INFO - [2022-08-22 22:10:59,800] {dag.py:2972} INFO - Setting next_dagrun for example_branch_labels to 2022-08-21T00:00:00+00:00, run_after=2022-08-22T00:00:00+00:00
[2022-08-22 22:10:59,809] {processor.py:161} INFO - Processing /home/airflow/.local/lib/python3.7/site-packages/airflow/example_dags/example_branch_labels.py took 0.057 seconds
[2022-08-22 22:11:30,332] {processor.py:153} INFO - Started process (PID=2117) to work on /home/airflow/.local/lib/python3.7/site-packages/airflow/example_dags/example_branch_labels.py
[2022-08-22 22:11:30,333] {processor.py:641} INFO - Processing file /home/airflow/.local/lib/python3.7/site-packages/airflow/example_dags/example_branch_labels.py for tasks to queue
[2022-08-22 22:11:30,333] {logging_mixin.py:115} INFO - [2022-08-22 22:11:30,333] {dagbag.py:508} INFO - Filling up the DagBag from /home/airflow/.local/lib/python3.7/site-packages/airflow/example_dags/example_branch_labels.py
[2022-08-22 22:11:30,338] {processor.py:651} INFO - DAG(s) dict_keys(['example_branch_labels']) retrieved from /home/airflow/.local/lib/python3.7/site-packages/airflow/example_dags/example_branch_labels.py
[2022-08-22 22:11:30,361] {logging_mixin.py:115} INFO - [2022-08-22 22:11:30,361] {dag.py:2420} INFO - Sync 1 DAGs
[2022-08-22 22:11:30,382] {logging_mixin.py:115} INFO - [2022-08-22 22:11:30,382] {dag.py:2972} INFO - Setting next_dagrun for example_branch_labels to 2022-08-21T00:00:00+00:00, run_after=2022-08-22T00:00:00+00:00
[2022-08-22 22:11:30,392] {processor.py:161} INFO - Processing /home/airflow/.local/lib/python3.7/site-packages/airflow/example_dags/example_branch_labels.py took 0.062 seconds
[2022-08-22 22:12:00,864] {processor.py:153} INFO - Started process (PID=2178) to work on /home/airflow/.local/lib/python3.7/site-packages/airflow/example_dags/example_branch_labels.py
[2022-08-22 22:12:00,865] {processor.py:641} INFO - Processing file /home/airflow/.local/lib/python3.7/site-packages/airflow/example_dags/example_branch_labels.py for tasks to queue
[2022-08-22 22:12:00,866] {logging_mixin.py:115} INFO - [2022-08-22 22:12:00,865] {dagbag.py:508} INFO - Filling up the DagBag from /home/airflow/.local/lib/python3.7/site-packages/airflow/example_dags/example_branch_labels.py
[2022-08-22 22:12:00,876] {processor.py:651} INFO - DAG(s) dict_keys(['example_branch_labels']) retrieved from /home/airflow/.local/lib/python3.7/site-packages/airflow/example_dags/example_branch_labels.py
[2022-08-22 22:12:00,911] {logging_mixin.py:115} INFO - [2022-08-22 22:12:00,911] {dag.py:2420} INFO - Sync 1 DAGs
[2022-08-22 22:12:00,936] {logging_mixin.py:115} INFO - [2022-08-22 22:12:00,936] {dag.py:2972} INFO - Setting next_dagrun for example_branch_labels to 2022-08-21T00:00:00+00:00, run_after=2022-08-22T00:00:00+00:00
[2022-08-22 22:12:00,949] {processor.py:161} INFO - Processing /home/airflow/.local/lib/python3.7/site-packages/airflow/example_dags/example_branch_labels.py took 0.089 seconds
[2022-08-22 22:12:31,422] {processor.py:153} INFO - Started process (PID=2230) to work on /home/airflow/.local/lib/python3.7/site-packages/airflow/example_dags/example_branch_labels.py
[2022-08-22 22:12:31,423] {processor.py:641} INFO - Processing file /home/airflow/.local/lib/python3.7/site-packages/airflow/example_dags/example_branch_labels.py for tasks to queue
[2022-08-22 22:12:31,424] {logging_mixin.py:115} INFO - [2022-08-22 22:12:31,423] {dagbag.py:508} INFO - Filling up the DagBag from /home/airflow/.local/lib/python3.7/site-packages/airflow/example_dags/example_branch_labels.py
[2022-08-22 22:12:31,433] {processor.py:651} INFO - DAG(s) dict_keys(['example_branch_labels']) retrieved from /home/airflow/.local/lib/python3.7/site-packages/airflow/example_dags/example_branch_labels.py
[2022-08-22 22:12:31,456] {logging_mixin.py:115} INFO - [2022-08-22 22:12:31,456] {dag.py:2420} INFO - Sync 1 DAGs
[2022-08-22 22:12:31,475] {logging_mixin.py:115} INFO - [2022-08-22 22:12:31,475] {dag.py:2972} INFO - Setting next_dagrun for example_branch_labels to 2022-08-21T00:00:00+00:00, run_after=2022-08-22T00:00:00+00:00
[2022-08-22 22:12:31,485] {processor.py:161} INFO - Processing /home/airflow/.local/lib/python3.7/site-packages/airflow/example_dags/example_branch_labels.py took 0.066 seconds
[2022-08-22 22:13:02,103] {processor.py:153} INFO - Started process (PID=2291) to work on /home/airflow/.local/lib/python3.7/site-packages/airflow/example_dags/example_branch_labels.py
[2022-08-22 22:13:02,104] {processor.py:641} INFO - Processing file /home/airflow/.local/lib/python3.7/site-packages/airflow/example_dags/example_branch_labels.py for tasks to queue
[2022-08-22 22:13:02,104] {logging_mixin.py:115} INFO - [2022-08-22 22:13:02,104] {dagbag.py:508} INFO - Filling up the DagBag from /home/airflow/.local/lib/python3.7/site-packages/airflow/example_dags/example_branch_labels.py
[2022-08-22 22:13:02,109] {processor.py:651} INFO - DAG(s) dict_keys(['example_branch_labels']) retrieved from /home/airflow/.local/lib/python3.7/site-packages/airflow/example_dags/example_branch_labels.py
[2022-08-22 22:13:02,129] {logging_mixin.py:115} INFO - [2022-08-22 22:13:02,129] {dag.py:2420} INFO - Sync 1 DAGs
[2022-08-22 22:13:02,148] {logging_mixin.py:115} INFO - [2022-08-22 22:13:02,147] {dag.py:2972} INFO - Setting next_dagrun for example_branch_labels to 2022-08-21T00:00:00+00:00, run_after=2022-08-22T00:00:00+00:00
[2022-08-22 22:13:02,156] {processor.py:161} INFO - Processing /home/airflow/.local/lib/python3.7/site-packages/airflow/example_dags/example_branch_labels.py took 0.055 seconds
[2022-08-22 22:13:32,663] {processor.py:153} INFO - Started process (PID=2352) to work on /home/airflow/.local/lib/python3.7/site-packages/airflow/example_dags/example_branch_labels.py
[2022-08-22 22:13:32,663] {processor.py:641} INFO - Processing file /home/airflow/.local/lib/python3.7/site-packages/airflow/example_dags/example_branch_labels.py for tasks to queue
[2022-08-22 22:13:32,663] {logging_mixin.py:115} INFO - [2022-08-22 22:13:32,663] {dagbag.py:508} INFO - Filling up the DagBag from /home/airflow/.local/lib/python3.7/site-packages/airflow/example_dags/example_branch_labels.py
[2022-08-22 22:13:32,669] {processor.py:651} INFO - DAG(s) dict_keys(['example_branch_labels']) retrieved from /home/airflow/.local/lib/python3.7/site-packages/airflow/example_dags/example_branch_labels.py
[2022-08-22 22:13:32,690] {logging_mixin.py:115} INFO - [2022-08-22 22:13:32,690] {dag.py:2420} INFO - Sync 1 DAGs
[2022-08-22 22:13:32,710] {logging_mixin.py:115} INFO - [2022-08-22 22:13:32,710] {dag.py:2972} INFO - Setting next_dagrun for example_branch_labels to 2022-08-21T00:00:00+00:00, run_after=2022-08-22T00:00:00+00:00
[2022-08-22 22:13:32,719] {processor.py:161} INFO - Processing /home/airflow/.local/lib/python3.7/site-packages/airflow/example_dags/example_branch_labels.py took 0.058 seconds
[2022-08-22 22:14:03,352] {processor.py:153} INFO - Started process (PID=2411) to work on /home/airflow/.local/lib/python3.7/site-packages/airflow/example_dags/example_branch_labels.py
[2022-08-22 22:14:03,352] {processor.py:641} INFO - Processing file /home/airflow/.local/lib/python3.7/site-packages/airflow/example_dags/example_branch_labels.py for tasks to queue
[2022-08-22 22:14:03,353] {logging_mixin.py:115} INFO - [2022-08-22 22:14:03,353] {dagbag.py:508} INFO - Filling up the DagBag from /home/airflow/.local/lib/python3.7/site-packages/airflow/example_dags/example_branch_labels.py
[2022-08-22 22:14:03,359] {processor.py:651} INFO - DAG(s) dict_keys(['example_branch_labels']) retrieved from /home/airflow/.local/lib/python3.7/site-packages/airflow/example_dags/example_branch_labels.py
[2022-08-22 22:14:03,381] {logging_mixin.py:115} INFO - [2022-08-22 22:14:03,381] {dag.py:2420} INFO - Sync 1 DAGs
[2022-08-22 22:14:03,405] {logging_mixin.py:115} INFO - [2022-08-22 22:14:03,405] {dag.py:2972} INFO - Setting next_dagrun for example_branch_labels to 2022-08-21T00:00:00+00:00, run_after=2022-08-22T00:00:00+00:00
[2022-08-22 22:14:03,416] {processor.py:161} INFO - Processing /home/airflow/.local/lib/python3.7/site-packages/airflow/example_dags/example_branch_labels.py took 0.067 seconds
[2022-08-22 22:14:33,945] {processor.py:153} INFO - Started process (PID=2465) to work on /home/airflow/.local/lib/python3.7/site-packages/airflow/example_dags/example_branch_labels.py
[2022-08-22 22:14:33,945] {processor.py:641} INFO - Processing file /home/airflow/.local/lib/python3.7/site-packages/airflow/example_dags/example_branch_labels.py for tasks to queue
[2022-08-22 22:14:33,946] {logging_mixin.py:115} INFO - [2022-08-22 22:14:33,946] {dagbag.py:508} INFO - Filling up the DagBag from /home/airflow/.local/lib/python3.7/site-packages/airflow/example_dags/example_branch_labels.py
[2022-08-22 22:14:33,956] {processor.py:651} INFO - DAG(s) dict_keys(['example_branch_labels']) retrieved from /home/airflow/.local/lib/python3.7/site-packages/airflow/example_dags/example_branch_labels.py
[2022-08-22 22:14:33,978] {logging_mixin.py:115} INFO - [2022-08-22 22:14:33,978] {dag.py:2420} INFO - Sync 1 DAGs
[2022-08-22 22:14:33,997] {logging_mixin.py:115} INFO - [2022-08-22 22:14:33,997] {dag.py:2972} INFO - Setting next_dagrun for example_branch_labels to 2022-08-21T00:00:00+00:00, run_after=2022-08-22T00:00:00+00:00
[2022-08-22 22:14:34,008] {processor.py:161} INFO - Processing /home/airflow/.local/lib/python3.7/site-packages/airflow/example_dags/example_branch_labels.py took 0.066 seconds
[2022-08-22 22:15:04,525] {processor.py:153} INFO - Started process (PID=2526) to work on /home/airflow/.local/lib/python3.7/site-packages/airflow/example_dags/example_branch_labels.py
[2022-08-22 22:15:04,526] {processor.py:641} INFO - Processing file /home/airflow/.local/lib/python3.7/site-packages/airflow/example_dags/example_branch_labels.py for tasks to queue
[2022-08-22 22:15:04,526] {logging_mixin.py:115} INFO - [2022-08-22 22:15:04,526] {dagbag.py:508} INFO - Filling up the DagBag from /home/airflow/.local/lib/python3.7/site-packages/airflow/example_dags/example_branch_labels.py
[2022-08-22 22:15:04,532] {processor.py:651} INFO - DAG(s) dict_keys(['example_branch_labels']) retrieved from /home/airflow/.local/lib/python3.7/site-packages/airflow/example_dags/example_branch_labels.py
[2022-08-22 22:15:04,554] {logging_mixin.py:115} INFO - [2022-08-22 22:15:04,554] {dag.py:2420} INFO - Sync 1 DAGs
[2022-08-22 22:15:04,574] {logging_mixin.py:115} INFO - [2022-08-22 22:15:04,574] {dag.py:2972} INFO - Setting next_dagrun for example_branch_labels to 2022-08-21T00:00:00+00:00, run_after=2022-08-22T00:00:00+00:00
[2022-08-22 22:15:04,585] {processor.py:161} INFO - Processing /home/airflow/.local/lib/python3.7/site-packages/airflow/example_dags/example_branch_labels.py took 0.062 seconds
[2022-08-22 22:15:35,228] {processor.py:153} INFO - Started process (PID=2587) to work on /home/airflow/.local/lib/python3.7/site-packages/airflow/example_dags/example_branch_labels.py
[2022-08-22 22:15:35,229] {processor.py:641} INFO - Processing file /home/airflow/.local/lib/python3.7/site-packages/airflow/example_dags/example_branch_labels.py for tasks to queue
[2022-08-22 22:15:35,229] {logging_mixin.py:115} INFO - [2022-08-22 22:15:35,229] {dagbag.py:508} INFO - Filling up the DagBag from /home/airflow/.local/lib/python3.7/site-packages/airflow/example_dags/example_branch_labels.py
[2022-08-22 22:15:35,239] {processor.py:651} INFO - DAG(s) dict_keys(['example_branch_labels']) retrieved from /home/airflow/.local/lib/python3.7/site-packages/airflow/example_dags/example_branch_labels.py
[2022-08-22 22:15:35,263] {logging_mixin.py:115} INFO - [2022-08-22 22:15:35,262] {dag.py:2420} INFO - Sync 1 DAGs
[2022-08-22 22:15:35,281] {logging_mixin.py:115} INFO - [2022-08-22 22:15:35,281] {dag.py:2972} INFO - Setting next_dagrun for example_branch_labels to 2022-08-21T00:00:00+00:00, run_after=2022-08-22T00:00:00+00:00
[2022-08-22 22:15:35,289] {processor.py:161} INFO - Processing /home/airflow/.local/lib/python3.7/site-packages/airflow/example_dags/example_branch_labels.py took 0.066 seconds
[2022-08-22 22:16:05,799] {processor.py:153} INFO - Started process (PID=2639) to work on /home/airflow/.local/lib/python3.7/site-packages/airflow/example_dags/example_branch_labels.py
[2022-08-22 22:16:05,800] {processor.py:641} INFO - Processing file /home/airflow/.local/lib/python3.7/site-packages/airflow/example_dags/example_branch_labels.py for tasks to queue
[2022-08-22 22:16:05,800] {logging_mixin.py:115} INFO - [2022-08-22 22:16:05,800] {dagbag.py:508} INFO - Filling up the DagBag from /home/airflow/.local/lib/python3.7/site-packages/airflow/example_dags/example_branch_labels.py
[2022-08-22 22:16:05,805] {processor.py:651} INFO - DAG(s) dict_keys(['example_branch_labels']) retrieved from /home/airflow/.local/lib/python3.7/site-packages/airflow/example_dags/example_branch_labels.py
[2022-08-22 22:16:05,833] {logging_mixin.py:115} INFO - [2022-08-22 22:16:05,833] {dag.py:2420} INFO - Sync 1 DAGs
[2022-08-22 22:16:05,857] {logging_mixin.py:115} INFO - [2022-08-22 22:16:05,856] {dag.py:2972} INFO - Setting next_dagrun for example_branch_labels to 2022-08-21T00:00:00+00:00, run_after=2022-08-22T00:00:00+00:00
[2022-08-22 22:16:05,866] {processor.py:161} INFO - Processing /home/airflow/.local/lib/python3.7/site-packages/airflow/example_dags/example_branch_labels.py took 0.068 seconds
[2022-08-22 22:16:36,482] {processor.py:153} INFO - Started process (PID=2700) to work on /home/airflow/.local/lib/python3.7/site-packages/airflow/example_dags/example_branch_labels.py
[2022-08-22 22:16:36,484] {processor.py:641} INFO - Processing file /home/airflow/.local/lib/python3.7/site-packages/airflow/example_dags/example_branch_labels.py for tasks to queue
[2022-08-22 22:16:36,485] {logging_mixin.py:115} INFO - [2022-08-22 22:16:36,484] {dagbag.py:508} INFO - Filling up the DagBag from /home/airflow/.local/lib/python3.7/site-packages/airflow/example_dags/example_branch_labels.py
[2022-08-22 22:16:36,494] {processor.py:651} INFO - DAG(s) dict_keys(['example_branch_labels']) retrieved from /home/airflow/.local/lib/python3.7/site-packages/airflow/example_dags/example_branch_labels.py
[2022-08-22 22:16:36,531] {logging_mixin.py:115} INFO - [2022-08-22 22:16:36,531] {dag.py:2420} INFO - Sync 1 DAGs
[2022-08-22 22:16:36,556] {logging_mixin.py:115} INFO - [2022-08-22 22:16:36,555] {dag.py:2972} INFO - Setting next_dagrun for example_branch_labels to 2022-08-21T00:00:00+00:00, run_after=2022-08-22T00:00:00+00:00
[2022-08-22 22:16:36,570] {processor.py:161} INFO - Processing /home/airflow/.local/lib/python3.7/site-packages/airflow/example_dags/example_branch_labels.py took 0.092 seconds
[2022-08-22 22:17:07,169] {processor.py:153} INFO - Started process (PID=2761) to work on /home/airflow/.local/lib/python3.7/site-packages/airflow/example_dags/example_branch_labels.py
[2022-08-22 22:17:07,170] {processor.py:641} INFO - Processing file /home/airflow/.local/lib/python3.7/site-packages/airflow/example_dags/example_branch_labels.py for tasks to queue
[2022-08-22 22:17:07,170] {logging_mixin.py:115} INFO - [2022-08-22 22:17:07,170] {dagbag.py:508} INFO - Filling up the DagBag from /home/airflow/.local/lib/python3.7/site-packages/airflow/example_dags/example_branch_labels.py
[2022-08-22 22:17:07,175] {processor.py:651} INFO - DAG(s) dict_keys(['example_branch_labels']) retrieved from /home/airflow/.local/lib/python3.7/site-packages/airflow/example_dags/example_branch_labels.py
[2022-08-22 22:17:07,195] {logging_mixin.py:115} INFO - [2022-08-22 22:17:07,195] {dag.py:2420} INFO - Sync 1 DAGs
[2022-08-22 22:17:07,214] {logging_mixin.py:115} INFO - [2022-08-22 22:17:07,214] {dag.py:2972} INFO - Setting next_dagrun for example_branch_labels to 2022-08-21T00:00:00+00:00, run_after=2022-08-22T00:00:00+00:00
[2022-08-22 22:17:07,224] {processor.py:161} INFO - Processing /home/airflow/.local/lib/python3.7/site-packages/airflow/example_dags/example_branch_labels.py took 0.057 seconds
[2022-08-22 22:17:37,748] {processor.py:153} INFO - Started process (PID=2822) to work on /home/airflow/.local/lib/python3.7/site-packages/airflow/example_dags/example_branch_labels.py
[2022-08-22 22:17:37,749] {processor.py:641} INFO - Processing file /home/airflow/.local/lib/python3.7/site-packages/airflow/example_dags/example_branch_labels.py for tasks to queue
[2022-08-22 22:17:37,749] {logging_mixin.py:115} INFO - [2022-08-22 22:17:37,749] {dagbag.py:508} INFO - Filling up the DagBag from /home/airflow/.local/lib/python3.7/site-packages/airflow/example_dags/example_branch_labels.py
[2022-08-22 22:17:37,755] {processor.py:651} INFO - DAG(s) dict_keys(['example_branch_labels']) retrieved from /home/airflow/.local/lib/python3.7/site-packages/airflow/example_dags/example_branch_labels.py
[2022-08-22 22:17:37,777] {logging_mixin.py:115} INFO - [2022-08-22 22:17:37,777] {dag.py:2420} INFO - Sync 1 DAGs
[2022-08-22 22:17:37,798] {logging_mixin.py:115} INFO - [2022-08-22 22:17:37,798] {dag.py:2972} INFO - Setting next_dagrun for example_branch_labels to 2022-08-21T00:00:00+00:00, run_after=2022-08-22T00:00:00+00:00
[2022-08-22 22:17:37,807] {processor.py:161} INFO - Processing /home/airflow/.local/lib/python3.7/site-packages/airflow/example_dags/example_branch_labels.py took 0.061 seconds
[2022-08-22 22:18:08,269] {processor.py:153} INFO - Started process (PID=2874) to work on /home/airflow/.local/lib/python3.7/site-packages/airflow/example_dags/example_branch_labels.py
[2022-08-22 22:18:08,270] {processor.py:641} INFO - Processing file /home/airflow/.local/lib/python3.7/site-packages/airflow/example_dags/example_branch_labels.py for tasks to queue
[2022-08-22 22:18:08,270] {logging_mixin.py:115} INFO - [2022-08-22 22:18:08,270] {dagbag.py:508} INFO - Filling up the DagBag from /home/airflow/.local/lib/python3.7/site-packages/airflow/example_dags/example_branch_labels.py
[2022-08-22 22:18:08,275] {processor.py:651} INFO - DAG(s) dict_keys(['example_branch_labels']) retrieved from /home/airflow/.local/lib/python3.7/site-packages/airflow/example_dags/example_branch_labels.py
[2022-08-22 22:18:08,298] {logging_mixin.py:115} INFO - [2022-08-22 22:18:08,298] {dag.py:2420} INFO - Sync 1 DAGs
[2022-08-22 22:18:08,318] {logging_mixin.py:115} INFO - [2022-08-22 22:18:08,318] {dag.py:2972} INFO - Setting next_dagrun for example_branch_labels to 2022-08-21T00:00:00+00:00, run_after=2022-08-22T00:00:00+00:00
[2022-08-22 22:18:08,338] {processor.py:161} INFO - Processing /home/airflow/.local/lib/python3.7/site-packages/airflow/example_dags/example_branch_labels.py took 0.071 seconds
[2022-08-22 22:18:38,953] {processor.py:153} INFO - Started process (PID=2935) to work on /home/airflow/.local/lib/python3.7/site-packages/airflow/example_dags/example_branch_labels.py
[2022-08-22 22:18:38,954] {processor.py:641} INFO - Processing file /home/airflow/.local/lib/python3.7/site-packages/airflow/example_dags/example_branch_labels.py for tasks to queue
[2022-08-22 22:18:38,954] {logging_mixin.py:115} INFO - [2022-08-22 22:18:38,954] {dagbag.py:508} INFO - Filling up the DagBag from /home/airflow/.local/lib/python3.7/site-packages/airflow/example_dags/example_branch_labels.py
[2022-08-22 22:18:38,964] {processor.py:651} INFO - DAG(s) dict_keys(['example_branch_labels']) retrieved from /home/airflow/.local/lib/python3.7/site-packages/airflow/example_dags/example_branch_labels.py
[2022-08-22 22:18:38,988] {logging_mixin.py:115} INFO - [2022-08-22 22:18:38,987] {dag.py:2420} INFO - Sync 1 DAGs
[2022-08-22 22:18:39,007] {logging_mixin.py:115} INFO - [2022-08-22 22:18:39,007] {dag.py:2972} INFO - Setting next_dagrun for example_branch_labels to 2022-08-21T00:00:00+00:00, run_after=2022-08-22T00:00:00+00:00
[2022-08-22 22:18:39,017] {processor.py:161} INFO - Processing /home/airflow/.local/lib/python3.7/site-packages/airflow/example_dags/example_branch_labels.py took 0.068 seconds
[2022-08-22 22:19:09,641] {processor.py:153} INFO - Started process (PID=2997) to work on /home/airflow/.local/lib/python3.7/site-packages/airflow/example_dags/example_branch_labels.py
[2022-08-22 22:19:09,642] {processor.py:641} INFO - Processing file /home/airflow/.local/lib/python3.7/site-packages/airflow/example_dags/example_branch_labels.py for tasks to queue
[2022-08-22 22:19:09,643] {logging_mixin.py:115} INFO - [2022-08-22 22:19:09,642] {dagbag.py:508} INFO - Filling up the DagBag from /home/airflow/.local/lib/python3.7/site-packages/airflow/example_dags/example_branch_labels.py
[2022-08-22 22:19:09,652] {processor.py:651} INFO - DAG(s) dict_keys(['example_branch_labels']) retrieved from /home/airflow/.local/lib/python3.7/site-packages/airflow/example_dags/example_branch_labels.py
[2022-08-22 22:19:09,675] {logging_mixin.py:115} INFO - [2022-08-22 22:19:09,675] {dag.py:2420} INFO - Sync 1 DAGs
[2022-08-22 22:19:09,696] {logging_mixin.py:115} INFO - [2022-08-22 22:19:09,696] {dag.py:2972} INFO - Setting next_dagrun for example_branch_labels to 2022-08-21T00:00:00+00:00, run_after=2022-08-22T00:00:00+00:00
[2022-08-22 22:19:09,710] {processor.py:161} INFO - Processing /home/airflow/.local/lib/python3.7/site-packages/airflow/example_dags/example_branch_labels.py took 0.073 seconds
[2022-08-22 22:19:40,365] {processor.py:153} INFO - Started process (PID=3058) to work on /home/airflow/.local/lib/python3.7/site-packages/airflow/example_dags/example_branch_labels.py
[2022-08-22 22:19:40,365] {processor.py:641} INFO - Processing file /home/airflow/.local/lib/python3.7/site-packages/airflow/example_dags/example_branch_labels.py for tasks to queue
[2022-08-22 22:19:40,366] {logging_mixin.py:115} INFO - [2022-08-22 22:19:40,366] {dagbag.py:508} INFO - Filling up the DagBag from /home/airflow/.local/lib/python3.7/site-packages/airflow/example_dags/example_branch_labels.py
[2022-08-22 22:19:40,375] {processor.py:651} INFO - DAG(s) dict_keys(['example_branch_labels']) retrieved from /home/airflow/.local/lib/python3.7/site-packages/airflow/example_dags/example_branch_labels.py
[2022-08-22 22:19:40,398] {logging_mixin.py:115} INFO - [2022-08-22 22:19:40,398] {dag.py:2420} INFO - Sync 1 DAGs
[2022-08-22 22:19:40,418] {logging_mixin.py:115} INFO - [2022-08-22 22:19:40,418] {dag.py:2972} INFO - Setting next_dagrun for example_branch_labels to 2022-08-21T00:00:00+00:00, run_after=2022-08-22T00:00:00+00:00
[2022-08-22 22:19:40,428] {processor.py:161} INFO - Processing /home/airflow/.local/lib/python3.7/site-packages/airflow/example_dags/example_branch_labels.py took 0.066 seconds
[2022-08-22 22:20:11,085] {processor.py:153} INFO - Started process (PID=3110) to work on /home/airflow/.local/lib/python3.7/site-packages/airflow/example_dags/example_branch_labels.py
[2022-08-22 22:20:11,085] {processor.py:641} INFO - Processing file /home/airflow/.local/lib/python3.7/site-packages/airflow/example_dags/example_branch_labels.py for tasks to queue
[2022-08-22 22:20:11,086] {logging_mixin.py:115} INFO - [2022-08-22 22:20:11,086] {dagbag.py:508} INFO - Filling up the DagBag from /home/airflow/.local/lib/python3.7/site-packages/airflow/example_dags/example_branch_labels.py
[2022-08-22 22:20:11,092] {processor.py:651} INFO - DAG(s) dict_keys(['example_branch_labels']) retrieved from /home/airflow/.local/lib/python3.7/site-packages/airflow/example_dags/example_branch_labels.py
[2022-08-22 22:20:11,113] {logging_mixin.py:115} INFO - [2022-08-22 22:20:11,113] {dag.py:2420} INFO - Sync 1 DAGs
[2022-08-22 22:20:11,131] {logging_mixin.py:115} INFO - [2022-08-22 22:20:11,131] {dag.py:2972} INFO - Setting next_dagrun for example_branch_labels to 2022-08-21T00:00:00+00:00, run_after=2022-08-22T00:00:00+00:00
[2022-08-22 22:20:11,140] {processor.py:161} INFO - Processing /home/airflow/.local/lib/python3.7/site-packages/airflow/example_dags/example_branch_labels.py took 0.057 seconds
[2022-08-22 22:20:41,738] {processor.py:153} INFO - Started process (PID=3171) to work on /home/airflow/.local/lib/python3.7/site-packages/airflow/example_dags/example_branch_labels.py
[2022-08-22 22:20:41,739] {processor.py:641} INFO - Processing file /home/airflow/.local/lib/python3.7/site-packages/airflow/example_dags/example_branch_labels.py for tasks to queue
[2022-08-22 22:20:41,740] {logging_mixin.py:115} INFO - [2022-08-22 22:20:41,740] {dagbag.py:508} INFO - Filling up the DagBag from /home/airflow/.local/lib/python3.7/site-packages/airflow/example_dags/example_branch_labels.py
[2022-08-22 22:20:41,750] {processor.py:651} INFO - DAG(s) dict_keys(['example_branch_labels']) retrieved from /home/airflow/.local/lib/python3.7/site-packages/airflow/example_dags/example_branch_labels.py
[2022-08-22 22:20:41,783] {logging_mixin.py:115} INFO - [2022-08-22 22:20:41,783] {dag.py:2420} INFO - Sync 1 DAGs
[2022-08-22 22:20:41,804] {logging_mixin.py:115} INFO - [2022-08-22 22:20:41,804] {dag.py:2972} INFO - Setting next_dagrun for example_branch_labels to 2022-08-21T00:00:00+00:00, run_after=2022-08-22T00:00:00+00:00
[2022-08-22 22:20:41,815] {processor.py:161} INFO - Processing /home/airflow/.local/lib/python3.7/site-packages/airflow/example_dags/example_branch_labels.py took 0.080 seconds
[2022-08-22 22:21:12,254] {processor.py:153} INFO - Started process (PID=3232) to work on /home/airflow/.local/lib/python3.7/site-packages/airflow/example_dags/example_branch_labels.py
[2022-08-22 22:21:12,255] {processor.py:641} INFO - Processing file /home/airflow/.local/lib/python3.7/site-packages/airflow/example_dags/example_branch_labels.py for tasks to queue
[2022-08-22 22:21:12,255] {logging_mixin.py:115} INFO - [2022-08-22 22:21:12,255] {dagbag.py:508} INFO - Filling up the DagBag from /home/airflow/.local/lib/python3.7/site-packages/airflow/example_dags/example_branch_labels.py
[2022-08-22 22:21:12,265] {processor.py:651} INFO - DAG(s) dict_keys(['example_branch_labels']) retrieved from /home/airflow/.local/lib/python3.7/site-packages/airflow/example_dags/example_branch_labels.py
[2022-08-22 22:21:12,299] {logging_mixin.py:115} INFO - [2022-08-22 22:21:12,299] {dag.py:2420} INFO - Sync 1 DAGs
[2022-08-22 22:21:12,320] {logging_mixin.py:115} INFO - [2022-08-22 22:21:12,320] {dag.py:2972} INFO - Setting next_dagrun for example_branch_labels to 2022-08-21T00:00:00+00:00, run_after=2022-08-22T00:00:00+00:00
[2022-08-22 22:21:12,329] {processor.py:161} INFO - Processing /home/airflow/.local/lib/python3.7/site-packages/airflow/example_dags/example_branch_labels.py took 0.079 seconds
[2022-08-22 22:21:42,893] {processor.py:153} INFO - Started process (PID=3293) to work on /home/airflow/.local/lib/python3.7/site-packages/airflow/example_dags/example_branch_labels.py
[2022-08-22 22:21:42,894] {processor.py:641} INFO - Processing file /home/airflow/.local/lib/python3.7/site-packages/airflow/example_dags/example_branch_labels.py for tasks to queue
[2022-08-22 22:21:42,894] {logging_mixin.py:115} INFO - [2022-08-22 22:21:42,894] {dagbag.py:508} INFO - Filling up the DagBag from /home/airflow/.local/lib/python3.7/site-packages/airflow/example_dags/example_branch_labels.py
[2022-08-22 22:21:42,901] {processor.py:651} INFO - DAG(s) dict_keys(['example_branch_labels']) retrieved from /home/airflow/.local/lib/python3.7/site-packages/airflow/example_dags/example_branch_labels.py
[2022-08-22 22:21:42,925] {logging_mixin.py:115} INFO - [2022-08-22 22:21:42,925] {dag.py:2420} INFO - Sync 1 DAGs
[2022-08-22 22:21:42,947] {logging_mixin.py:115} INFO - [2022-08-22 22:21:42,947] {dag.py:2972} INFO - Setting next_dagrun for example_branch_labels to 2022-08-21T00:00:00+00:00, run_after=2022-08-22T00:00:00+00:00
[2022-08-22 22:21:42,960] {processor.py:161} INFO - Processing /home/airflow/.local/lib/python3.7/site-packages/airflow/example_dags/example_branch_labels.py took 0.069 seconds
[2022-08-22 22:22:13,603] {processor.py:153} INFO - Started process (PID=3345) to work on /home/airflow/.local/lib/python3.7/site-packages/airflow/example_dags/example_branch_labels.py
[2022-08-22 22:22:13,604] {processor.py:641} INFO - Processing file /home/airflow/.local/lib/python3.7/site-packages/airflow/example_dags/example_branch_labels.py for tasks to queue
[2022-08-22 22:22:13,604] {logging_mixin.py:115} INFO - [2022-08-22 22:22:13,604] {dagbag.py:508} INFO - Filling up the DagBag from /home/airflow/.local/lib/python3.7/site-packages/airflow/example_dags/example_branch_labels.py
[2022-08-22 22:22:13,618] {processor.py:651} INFO - DAG(s) dict_keys(['example_branch_labels']) retrieved from /home/airflow/.local/lib/python3.7/site-packages/airflow/example_dags/example_branch_labels.py
[2022-08-22 22:22:13,643] {logging_mixin.py:115} INFO - [2022-08-22 22:22:13,643] {dag.py:2420} INFO - Sync 1 DAGs
[2022-08-22 22:22:13,663] {logging_mixin.py:115} INFO - [2022-08-22 22:22:13,663] {dag.py:2972} INFO - Setting next_dagrun for example_branch_labels to 2022-08-21T00:00:00+00:00, run_after=2022-08-22T00:00:00+00:00
[2022-08-22 22:22:13,673] {processor.py:161} INFO - Processing /home/airflow/.local/lib/python3.7/site-packages/airflow/example_dags/example_branch_labels.py took 0.075 seconds
[2022-08-22 22:22:44,225] {processor.py:153} INFO - Started process (PID=3406) to work on /home/airflow/.local/lib/python3.7/site-packages/airflow/example_dags/example_branch_labels.py
[2022-08-22 22:22:44,226] {processor.py:641} INFO - Processing file /home/airflow/.local/lib/python3.7/site-packages/airflow/example_dags/example_branch_labels.py for tasks to queue
[2022-08-22 22:22:44,226] {logging_mixin.py:115} INFO - [2022-08-22 22:22:44,226] {dagbag.py:508} INFO - Filling up the DagBag from /home/airflow/.local/lib/python3.7/site-packages/airflow/example_dags/example_branch_labels.py
[2022-08-22 22:22:44,232] {processor.py:651} INFO - DAG(s) dict_keys(['example_branch_labels']) retrieved from /home/airflow/.local/lib/python3.7/site-packages/airflow/example_dags/example_branch_labels.py
[2022-08-22 22:22:44,253] {logging_mixin.py:115} INFO - [2022-08-22 22:22:44,252] {dag.py:2420} INFO - Sync 1 DAGs
[2022-08-22 22:22:44,271] {logging_mixin.py:115} INFO - [2022-08-22 22:22:44,271] {dag.py:2972} INFO - Setting next_dagrun for example_branch_labels to 2022-08-21T00:00:00+00:00, run_after=2022-08-22T00:00:00+00:00
[2022-08-22 22:22:44,283] {processor.py:161} INFO - Processing /home/airflow/.local/lib/python3.7/site-packages/airflow/example_dags/example_branch_labels.py took 0.060 seconds
[2022-08-22 22:23:14,845] {processor.py:153} INFO - Started process (PID=3467) to work on /home/airflow/.local/lib/python3.7/site-packages/airflow/example_dags/example_branch_labels.py
[2022-08-22 22:23:14,846] {processor.py:641} INFO - Processing file /home/airflow/.local/lib/python3.7/site-packages/airflow/example_dags/example_branch_labels.py for tasks to queue
[2022-08-22 22:23:14,846] {logging_mixin.py:115} INFO - [2022-08-22 22:23:14,846] {dagbag.py:508} INFO - Filling up the DagBag from /home/airflow/.local/lib/python3.7/site-packages/airflow/example_dags/example_branch_labels.py
[2022-08-22 22:23:14,852] {processor.py:651} INFO - DAG(s) dict_keys(['example_branch_labels']) retrieved from /home/airflow/.local/lib/python3.7/site-packages/airflow/example_dags/example_branch_labels.py
[2022-08-22 22:23:14,872] {logging_mixin.py:115} INFO - [2022-08-22 22:23:14,872] {dag.py:2420} INFO - Sync 1 DAGs
[2022-08-22 22:23:14,892] {logging_mixin.py:115} INFO - [2022-08-22 22:23:14,892] {dag.py:2972} INFO - Setting next_dagrun for example_branch_labels to 2022-08-21T00:00:00+00:00, run_after=2022-08-22T00:00:00+00:00
[2022-08-22 22:23:14,901] {processor.py:161} INFO - Processing /home/airflow/.local/lib/python3.7/site-packages/airflow/example_dags/example_branch_labels.py took 0.058 seconds
[2022-08-22 22:23:45,566] {processor.py:153} INFO - Started process (PID=3519) to work on /home/airflow/.local/lib/python3.7/site-packages/airflow/example_dags/example_branch_labels.py
[2022-08-22 22:23:45,566] {processor.py:641} INFO - Processing file /home/airflow/.local/lib/python3.7/site-packages/airflow/example_dags/example_branch_labels.py for tasks to queue
[2022-08-22 22:23:45,566] {logging_mixin.py:115} INFO - [2022-08-22 22:23:45,566] {dagbag.py:508} INFO - Filling up the DagBag from /home/airflow/.local/lib/python3.7/site-packages/airflow/example_dags/example_branch_labels.py
[2022-08-22 22:23:45,572] {processor.py:651} INFO - DAG(s) dict_keys(['example_branch_labels']) retrieved from /home/airflow/.local/lib/python3.7/site-packages/airflow/example_dags/example_branch_labels.py
[2022-08-22 22:23:45,591] {logging_mixin.py:115} INFO - [2022-08-22 22:23:45,591] {dag.py:2420} INFO - Sync 1 DAGs
[2022-08-22 22:23:45,610] {logging_mixin.py:115} INFO - [2022-08-22 22:23:45,610] {dag.py:2972} INFO - Setting next_dagrun for example_branch_labels to 2022-08-21T00:00:00+00:00, run_after=2022-08-22T00:00:00+00:00
[2022-08-22 22:23:45,619] {processor.py:161} INFO - Processing /home/airflow/.local/lib/python3.7/site-packages/airflow/example_dags/example_branch_labels.py took 0.056 seconds
[2022-08-22 22:24:16,326] {processor.py:153} INFO - Started process (PID=3580) to work on /home/airflow/.local/lib/python3.7/site-packages/airflow/example_dags/example_branch_labels.py
[2022-08-22 22:24:16,327] {processor.py:641} INFO - Processing file /home/airflow/.local/lib/python3.7/site-packages/airflow/example_dags/example_branch_labels.py for tasks to queue
[2022-08-22 22:24:16,327] {logging_mixin.py:115} INFO - [2022-08-22 22:24:16,327] {dagbag.py:508} INFO - Filling up the DagBag from /home/airflow/.local/lib/python3.7/site-packages/airflow/example_dags/example_branch_labels.py
[2022-08-22 22:24:16,332] {processor.py:651} INFO - DAG(s) dict_keys(['example_branch_labels']) retrieved from /home/airflow/.local/lib/python3.7/site-packages/airflow/example_dags/example_branch_labels.py
[2022-08-22 22:24:16,352] {logging_mixin.py:115} INFO - [2022-08-22 22:24:16,352] {dag.py:2420} INFO - Sync 1 DAGs
[2022-08-22 22:24:16,371] {logging_mixin.py:115} INFO - [2022-08-22 22:24:16,371] {dag.py:2972} INFO - Setting next_dagrun for example_branch_labels to 2022-08-21T00:00:00+00:00, run_after=2022-08-22T00:00:00+00:00
[2022-08-22 22:24:16,380] {processor.py:161} INFO - Processing /home/airflow/.local/lib/python3.7/site-packages/airflow/example_dags/example_branch_labels.py took 0.056 seconds
[2022-08-22 22:24:47,093] {processor.py:153} INFO - Started process (PID=3641) to work on /home/airflow/.local/lib/python3.7/site-packages/airflow/example_dags/example_branch_labels.py
[2022-08-22 22:24:47,094] {processor.py:641} INFO - Processing file /home/airflow/.local/lib/python3.7/site-packages/airflow/example_dags/example_branch_labels.py for tasks to queue
[2022-08-22 22:24:47,095] {logging_mixin.py:115} INFO - [2022-08-22 22:24:47,095] {dagbag.py:508} INFO - Filling up the DagBag from /home/airflow/.local/lib/python3.7/site-packages/airflow/example_dags/example_branch_labels.py
[2022-08-22 22:24:47,105] {processor.py:651} INFO - DAG(s) dict_keys(['example_branch_labels']) retrieved from /home/airflow/.local/lib/python3.7/site-packages/airflow/example_dags/example_branch_labels.py
[2022-08-22 22:24:47,128] {logging_mixin.py:115} INFO - [2022-08-22 22:24:47,128] {dag.py:2420} INFO - Sync 1 DAGs
[2022-08-22 22:24:47,147] {logging_mixin.py:115} INFO - [2022-08-22 22:24:47,147] {dag.py:2972} INFO - Setting next_dagrun for example_branch_labels to 2022-08-21T00:00:00+00:00, run_after=2022-08-22T00:00:00+00:00
[2022-08-22 22:24:47,156] {processor.py:161} INFO - Processing /home/airflow/.local/lib/python3.7/site-packages/airflow/example_dags/example_branch_labels.py took 0.068 seconds
[2022-08-22 22:25:17,769] {processor.py:153} INFO - Started process (PID=3702) to work on /home/airflow/.local/lib/python3.7/site-packages/airflow/example_dags/example_branch_labels.py
[2022-08-22 22:25:17,770] {processor.py:641} INFO - Processing file /home/airflow/.local/lib/python3.7/site-packages/airflow/example_dags/example_branch_labels.py for tasks to queue
[2022-08-22 22:25:17,771] {logging_mixin.py:115} INFO - [2022-08-22 22:25:17,771] {dagbag.py:508} INFO - Filling up the DagBag from /home/airflow/.local/lib/python3.7/site-packages/airflow/example_dags/example_branch_labels.py
[2022-08-22 22:25:17,781] {processor.py:651} INFO - DAG(s) dict_keys(['example_branch_labels']) retrieved from /home/airflow/.local/lib/python3.7/site-packages/airflow/example_dags/example_branch_labels.py
[2022-08-22 22:25:17,813] {logging_mixin.py:115} INFO - [2022-08-22 22:25:17,813] {dag.py:2420} INFO - Sync 1 DAGs
[2022-08-22 22:25:17,838] {logging_mixin.py:115} INFO - [2022-08-22 22:25:17,838] {dag.py:2972} INFO - Setting next_dagrun for example_branch_labels to 2022-08-21T00:00:00+00:00, run_after=2022-08-22T00:00:00+00:00
[2022-08-22 22:25:17,847] {processor.py:161} INFO - Processing /home/airflow/.local/lib/python3.7/site-packages/airflow/example_dags/example_branch_labels.py took 0.081 seconds
[2022-08-22 22:25:48,432] {processor.py:153} INFO - Started process (PID=3754) to work on /home/airflow/.local/lib/python3.7/site-packages/airflow/example_dags/example_branch_labels.py
[2022-08-22 22:25:48,433] {processor.py:641} INFO - Processing file /home/airflow/.local/lib/python3.7/site-packages/airflow/example_dags/example_branch_labels.py for tasks to queue
[2022-08-22 22:25:48,433] {logging_mixin.py:115} INFO - [2022-08-22 22:25:48,433] {dagbag.py:508} INFO - Filling up the DagBag from /home/airflow/.local/lib/python3.7/site-packages/airflow/example_dags/example_branch_labels.py
[2022-08-22 22:25:48,443] {processor.py:651} INFO - DAG(s) dict_keys(['example_branch_labels']) retrieved from /home/airflow/.local/lib/python3.7/site-packages/airflow/example_dags/example_branch_labels.py
[2022-08-22 22:25:48,468] {logging_mixin.py:115} INFO - [2022-08-22 22:25:48,468] {dag.py:2420} INFO - Sync 1 DAGs
[2022-08-22 22:25:48,488] {logging_mixin.py:115} INFO - [2022-08-22 22:25:48,488] {dag.py:2972} INFO - Setting next_dagrun for example_branch_labels to 2022-08-21T00:00:00+00:00, run_after=2022-08-22T00:00:00+00:00
[2022-08-22 22:25:48,498] {processor.py:161} INFO - Processing /home/airflow/.local/lib/python3.7/site-packages/airflow/example_dags/example_branch_labels.py took 0.069 seconds
[2022-08-22 22:26:19,033] {processor.py:153} INFO - Started process (PID=3815) to work on /home/airflow/.local/lib/python3.7/site-packages/airflow/example_dags/example_branch_labels.py
[2022-08-22 22:26:19,033] {processor.py:641} INFO - Processing file /home/airflow/.local/lib/python3.7/site-packages/airflow/example_dags/example_branch_labels.py for tasks to queue
[2022-08-22 22:26:19,034] {logging_mixin.py:115} INFO - [2022-08-22 22:26:19,034] {dagbag.py:508} INFO - Filling up the DagBag from /home/airflow/.local/lib/python3.7/site-packages/airflow/example_dags/example_branch_labels.py
[2022-08-22 22:26:19,043] {processor.py:651} INFO - DAG(s) dict_keys(['example_branch_labels']) retrieved from /home/airflow/.local/lib/python3.7/site-packages/airflow/example_dags/example_branch_labels.py
[2022-08-22 22:26:19,068] {logging_mixin.py:115} INFO - [2022-08-22 22:26:19,068] {dag.py:2420} INFO - Sync 1 DAGs
[2022-08-22 22:26:19,086] {logging_mixin.py:115} INFO - [2022-08-22 22:26:19,086] {dag.py:2972} INFO - Setting next_dagrun for example_branch_labels to 2022-08-21T00:00:00+00:00, run_after=2022-08-22T00:00:00+00:00
[2022-08-22 22:26:19,095] {processor.py:161} INFO - Processing /home/airflow/.local/lib/python3.7/site-packages/airflow/example_dags/example_branch_labels.py took 0.064 seconds
[2022-08-22 22:26:49,713] {processor.py:153} INFO - Started process (PID=3876) to work on /home/airflow/.local/lib/python3.7/site-packages/airflow/example_dags/example_branch_labels.py
[2022-08-22 22:26:49,713] {processor.py:641} INFO - Processing file /home/airflow/.local/lib/python3.7/site-packages/airflow/example_dags/example_branch_labels.py for tasks to queue
[2022-08-22 22:26:49,714] {logging_mixin.py:115} INFO - [2022-08-22 22:26:49,714] {dagbag.py:508} INFO - Filling up the DagBag from /home/airflow/.local/lib/python3.7/site-packages/airflow/example_dags/example_branch_labels.py
[2022-08-22 22:26:49,720] {processor.py:651} INFO - DAG(s) dict_keys(['example_branch_labels']) retrieved from /home/airflow/.local/lib/python3.7/site-packages/airflow/example_dags/example_branch_labels.py
[2022-08-22 22:26:49,741] {logging_mixin.py:115} INFO - [2022-08-22 22:26:49,741] {dag.py:2420} INFO - Sync 1 DAGs
[2022-08-22 22:26:49,760] {logging_mixin.py:115} INFO - [2022-08-22 22:26:49,760] {dag.py:2972} INFO - Setting next_dagrun for example_branch_labels to 2022-08-21T00:00:00+00:00, run_after=2022-08-22T00:00:00+00:00
[2022-08-22 22:26:49,770] {processor.py:161} INFO - Processing /home/airflow/.local/lib/python3.7/site-packages/airflow/example_dags/example_branch_labels.py took 0.060 seconds
[2022-08-22 22:27:20,483] {processor.py:153} INFO - Started process (PID=3937) to work on /home/airflow/.local/lib/python3.7/site-packages/airflow/example_dags/example_branch_labels.py
[2022-08-22 22:27:20,484] {processor.py:641} INFO - Processing file /home/airflow/.local/lib/python3.7/site-packages/airflow/example_dags/example_branch_labels.py for tasks to queue
[2022-08-22 22:27:20,485] {logging_mixin.py:115} INFO - [2022-08-22 22:27:20,484] {dagbag.py:508} INFO - Filling up the DagBag from /home/airflow/.local/lib/python3.7/site-packages/airflow/example_dags/example_branch_labels.py
[2022-08-22 22:27:20,494] {processor.py:651} INFO - DAG(s) dict_keys(['example_branch_labels']) retrieved from /home/airflow/.local/lib/python3.7/site-packages/airflow/example_dags/example_branch_labels.py
[2022-08-22 22:27:20,523] {logging_mixin.py:115} INFO - [2022-08-22 22:27:20,523] {dag.py:2420} INFO - Sync 1 DAGs
[2022-08-22 22:27:20,543] {logging_mixin.py:115} INFO - [2022-08-22 22:27:20,543] {dag.py:2972} INFO - Setting next_dagrun for example_branch_labels to 2022-08-21T00:00:00+00:00, run_after=2022-08-22T00:00:00+00:00
[2022-08-22 22:27:20,552] {processor.py:161} INFO - Processing /home/airflow/.local/lib/python3.7/site-packages/airflow/example_dags/example_branch_labels.py took 0.073 seconds
[2022-08-22 22:27:51,318] {processor.py:153} INFO - Started process (PID=3989) to work on /home/airflow/.local/lib/python3.7/site-packages/airflow/example_dags/example_branch_labels.py
[2022-08-22 22:27:51,319] {processor.py:641} INFO - Processing file /home/airflow/.local/lib/python3.7/site-packages/airflow/example_dags/example_branch_labels.py for tasks to queue
[2022-08-22 22:27:51,320] {logging_mixin.py:115} INFO - [2022-08-22 22:27:51,320] {dagbag.py:508} INFO - Filling up the DagBag from /home/airflow/.local/lib/python3.7/site-packages/airflow/example_dags/example_branch_labels.py
[2022-08-22 22:27:51,329] {processor.py:651} INFO - DAG(s) dict_keys(['example_branch_labels']) retrieved from /home/airflow/.local/lib/python3.7/site-packages/airflow/example_dags/example_branch_labels.py
[2022-08-22 22:27:51,353] {logging_mixin.py:115} INFO - [2022-08-22 22:27:51,353] {dag.py:2420} INFO - Sync 1 DAGs
[2022-08-22 22:27:51,372] {logging_mixin.py:115} INFO - [2022-08-22 22:27:51,372] {dag.py:2972} INFO - Setting next_dagrun for example_branch_labels to 2022-08-21T00:00:00+00:00, run_after=2022-08-22T00:00:00+00:00
[2022-08-22 22:27:51,381] {processor.py:161} INFO - Processing /home/airflow/.local/lib/python3.7/site-packages/airflow/example_dags/example_branch_labels.py took 0.067 seconds
[2022-08-22 22:28:21,851] {processor.py:153} INFO - Started process (PID=4050) to work on /home/airflow/.local/lib/python3.7/site-packages/airflow/example_dags/example_branch_labels.py
[2022-08-22 22:28:21,851] {processor.py:641} INFO - Processing file /home/airflow/.local/lib/python3.7/site-packages/airflow/example_dags/example_branch_labels.py for tasks to queue
[2022-08-22 22:28:21,851] {logging_mixin.py:115} INFO - [2022-08-22 22:28:21,851] {dagbag.py:508} INFO - Filling up the DagBag from /home/airflow/.local/lib/python3.7/site-packages/airflow/example_dags/example_branch_labels.py
[2022-08-22 22:28:21,857] {processor.py:651} INFO - DAG(s) dict_keys(['example_branch_labels']) retrieved from /home/airflow/.local/lib/python3.7/site-packages/airflow/example_dags/example_branch_labels.py
[2022-08-22 22:28:21,878] {logging_mixin.py:115} INFO - [2022-08-22 22:28:21,878] {dag.py:2420} INFO - Sync 1 DAGs
[2022-08-22 22:28:21,902] {logging_mixin.py:115} INFO - [2022-08-22 22:28:21,902] {dag.py:2972} INFO - Setting next_dagrun for example_branch_labels to 2022-08-21T00:00:00+00:00, run_after=2022-08-22T00:00:00+00:00
[2022-08-22 22:28:21,917] {processor.py:161} INFO - Processing /home/airflow/.local/lib/python3.7/site-packages/airflow/example_dags/example_branch_labels.py took 0.069 seconds
