[2022-08-22 21:53:32,188] {processor.py:153} INFO - Started process (PID=60) to work on /home/airflow/.local/lib/python3.7/site-packages/airflow/example_dags/example_python_operator.py
[2022-08-22 21:53:32,188] {processor.py:641} INFO - Processing file /home/airflow/.local/lib/python3.7/site-packages/airflow/example_dags/example_python_operator.py for tasks to queue
[2022-08-22 21:53:32,189] {logging_mixin.py:115} INFO - [2022-08-22 21:53:32,189] {dagbag.py:508} INFO - Filling up the DagBag from /home/airflow/.local/lib/python3.7/site-packages/airflow/example_dags/example_python_operator.py
[2022-08-22 21:53:32,213] {processor.py:651} INFO - DAG(s) dict_keys(['example_python_operator']) retrieved from /home/airflow/.local/lib/python3.7/site-packages/airflow/example_dags/example_python_operator.py
[2022-08-22 21:53:32,333] {logging_mixin.py:115} INFO - [2022-08-22 21:53:32,333] {manager.py:508} INFO - Created Permission View: can edit on DAG:example_python_operator
[2022-08-22 21:53:32,344] {logging_mixin.py:115} INFO - [2022-08-22 21:53:32,344] {manager.py:508} INFO - Created Permission View: can read on DAG:example_python_operator
[2022-08-22 21:53:32,353] {logging_mixin.py:115} INFO - [2022-08-22 21:53:32,353] {manager.py:508} INFO - Created Permission View: can delete on DAG:example_python_operator
[2022-08-22 21:53:32,353] {logging_mixin.py:115} INFO - [2022-08-22 21:53:32,353] {dag.py:2420} INFO - Sync 1 DAGs
[2022-08-22 21:53:32,366] {logging_mixin.py:115} INFO - [2022-08-22 21:53:32,366] {dag.py:2439} INFO - Creating ORM DAG for example_python_operator
[2022-08-22 21:53:32,383] {logging_mixin.py:115} INFO - [2022-08-22 21:53:32,383] {dag.py:2972} INFO - Setting next_dagrun for example_python_operator to None, run_after=None
[2022-08-22 21:53:32,406] {processor.py:161} INFO - Processing /home/airflow/.local/lib/python3.7/site-packages/airflow/example_dags/example_python_operator.py took 0.223 seconds
[2022-08-22 21:54:02,760] {processor.py:153} INFO - Started process (PID=112) to work on /home/airflow/.local/lib/python3.7/site-packages/airflow/example_dags/example_python_operator.py
[2022-08-22 21:54:02,760] {processor.py:641} INFO - Processing file /home/airflow/.local/lib/python3.7/site-packages/airflow/example_dags/example_python_operator.py for tasks to queue
[2022-08-22 21:54:02,761] {logging_mixin.py:115} INFO - [2022-08-22 21:54:02,761] {dagbag.py:508} INFO - Filling up the DagBag from /home/airflow/.local/lib/python3.7/site-packages/airflow/example_dags/example_python_operator.py
[2022-08-22 21:54:02,774] {processor.py:651} INFO - DAG(s) dict_keys(['example_python_operator']) retrieved from /home/airflow/.local/lib/python3.7/site-packages/airflow/example_dags/example_python_operator.py
[2022-08-22 21:54:02,795] {logging_mixin.py:115} INFO - [2022-08-22 21:54:02,794] {dag.py:2420} INFO - Sync 1 DAGs
[2022-08-22 21:54:02,817] {logging_mixin.py:115} INFO - [2022-08-22 21:54:02,817] {dag.py:2972} INFO - Setting next_dagrun for example_python_operator to None, run_after=None
[2022-08-22 21:54:02,828] {processor.py:161} INFO - Processing /home/airflow/.local/lib/python3.7/site-packages/airflow/example_dags/example_python_operator.py took 0.070 seconds
[2022-08-22 21:54:32,853] {processor.py:153} INFO - Started process (PID=173) to work on /home/airflow/.local/lib/python3.7/site-packages/airflow/example_dags/example_python_operator.py
[2022-08-22 21:54:32,853] {processor.py:641} INFO - Processing file /home/airflow/.local/lib/python3.7/site-packages/airflow/example_dags/example_python_operator.py for tasks to queue
[2022-08-22 21:54:32,854] {logging_mixin.py:115} INFO - [2022-08-22 21:54:32,853] {dagbag.py:508} INFO - Filling up the DagBag from /home/airflow/.local/lib/python3.7/site-packages/airflow/example_dags/example_python_operator.py
[2022-08-22 21:54:32,869] {processor.py:651} INFO - DAG(s) dict_keys(['example_python_operator']) retrieved from /home/airflow/.local/lib/python3.7/site-packages/airflow/example_dags/example_python_operator.py
[2022-08-22 21:54:32,890] {logging_mixin.py:115} INFO - [2022-08-22 21:54:32,890] {dag.py:2420} INFO - Sync 1 DAGs
[2022-08-22 21:54:32,910] {logging_mixin.py:115} INFO - [2022-08-22 21:54:32,910] {dag.py:2972} INFO - Setting next_dagrun for example_python_operator to None, run_after=None
[2022-08-22 21:54:32,920] {processor.py:161} INFO - Processing /home/airflow/.local/lib/python3.7/site-packages/airflow/example_dags/example_python_operator.py took 0.070 seconds
[2022-08-22 21:55:03,636] {processor.py:153} INFO - Started process (PID=234) to work on /home/airflow/.local/lib/python3.7/site-packages/airflow/example_dags/example_python_operator.py
[2022-08-22 21:55:03,636] {processor.py:641} INFO - Processing file /home/airflow/.local/lib/python3.7/site-packages/airflow/example_dags/example_python_operator.py for tasks to queue
[2022-08-22 21:55:03,637] {logging_mixin.py:115} INFO - [2022-08-22 21:55:03,637] {dagbag.py:508} INFO - Filling up the DagBag from /home/airflow/.local/lib/python3.7/site-packages/airflow/example_dags/example_python_operator.py
[2022-08-22 21:55:03,652] {processor.py:651} INFO - DAG(s) dict_keys(['example_python_operator']) retrieved from /home/airflow/.local/lib/python3.7/site-packages/airflow/example_dags/example_python_operator.py
[2022-08-22 21:55:03,675] {logging_mixin.py:115} INFO - [2022-08-22 21:55:03,675] {dag.py:2420} INFO - Sync 1 DAGs
[2022-08-22 21:55:03,693] {logging_mixin.py:115} INFO - [2022-08-22 21:55:03,693] {dag.py:2972} INFO - Setting next_dagrun for example_python_operator to None, run_after=None
[2022-08-22 21:55:03,704] {processor.py:161} INFO - Processing /home/airflow/.local/lib/python3.7/site-packages/airflow/example_dags/example_python_operator.py took 0.071 seconds
[2022-08-22 21:55:34,416] {processor.py:153} INFO - Started process (PID=287) to work on /home/airflow/.local/lib/python3.7/site-packages/airflow/example_dags/example_python_operator.py
[2022-08-22 21:55:34,416] {processor.py:641} INFO - Processing file /home/airflow/.local/lib/python3.7/site-packages/airflow/example_dags/example_python_operator.py for tasks to queue
[2022-08-22 21:55:34,417] {logging_mixin.py:115} INFO - [2022-08-22 21:55:34,417] {dagbag.py:508} INFO - Filling up the DagBag from /home/airflow/.local/lib/python3.7/site-packages/airflow/example_dags/example_python_operator.py
[2022-08-22 21:55:34,431] {processor.py:651} INFO - DAG(s) dict_keys(['example_python_operator']) retrieved from /home/airflow/.local/lib/python3.7/site-packages/airflow/example_dags/example_python_operator.py
[2022-08-22 21:55:34,452] {logging_mixin.py:115} INFO - [2022-08-22 21:55:34,452] {dag.py:2420} INFO - Sync 1 DAGs
[2022-08-22 21:55:34,473] {logging_mixin.py:115} INFO - [2022-08-22 21:55:34,472] {dag.py:2972} INFO - Setting next_dagrun for example_python_operator to None, run_after=None
[2022-08-22 21:55:34,484] {processor.py:161} INFO - Processing /home/airflow/.local/lib/python3.7/site-packages/airflow/example_dags/example_python_operator.py took 0.071 seconds
[2022-08-22 21:56:05,283] {processor.py:153} INFO - Started process (PID=348) to work on /home/airflow/.local/lib/python3.7/site-packages/airflow/example_dags/example_python_operator.py
[2022-08-22 21:56:05,284] {processor.py:641} INFO - Processing file /home/airflow/.local/lib/python3.7/site-packages/airflow/example_dags/example_python_operator.py for tasks to queue
[2022-08-22 21:56:05,284] {logging_mixin.py:115} INFO - [2022-08-22 21:56:05,284] {dagbag.py:508} INFO - Filling up the DagBag from /home/airflow/.local/lib/python3.7/site-packages/airflow/example_dags/example_python_operator.py
[2022-08-22 21:56:05,298] {processor.py:651} INFO - DAG(s) dict_keys(['example_python_operator']) retrieved from /home/airflow/.local/lib/python3.7/site-packages/airflow/example_dags/example_python_operator.py
[2022-08-22 21:56:05,320] {logging_mixin.py:115} INFO - [2022-08-22 21:56:05,320] {dag.py:2420} INFO - Sync 1 DAGs
[2022-08-22 21:56:05,340] {logging_mixin.py:115} INFO - [2022-08-22 21:56:05,340] {dag.py:2972} INFO - Setting next_dagrun for example_python_operator to None, run_after=None
[2022-08-22 21:56:05,351] {processor.py:161} INFO - Processing /home/airflow/.local/lib/python3.7/site-packages/airflow/example_dags/example_python_operator.py took 0.071 seconds
[2022-08-22 21:56:36,093] {processor.py:153} INFO - Started process (PID=409) to work on /home/airflow/.local/lib/python3.7/site-packages/airflow/example_dags/example_python_operator.py
[2022-08-22 21:56:36,093] {processor.py:641} INFO - Processing file /home/airflow/.local/lib/python3.7/site-packages/airflow/example_dags/example_python_operator.py for tasks to queue
[2022-08-22 21:56:36,094] {logging_mixin.py:115} INFO - [2022-08-22 21:56:36,094] {dagbag.py:508} INFO - Filling up the DagBag from /home/airflow/.local/lib/python3.7/site-packages/airflow/example_dags/example_python_operator.py
[2022-08-22 21:56:36,108] {processor.py:651} INFO - DAG(s) dict_keys(['example_python_operator']) retrieved from /home/airflow/.local/lib/python3.7/site-packages/airflow/example_dags/example_python_operator.py
[2022-08-22 21:56:36,129] {logging_mixin.py:115} INFO - [2022-08-22 21:56:36,129] {dag.py:2420} INFO - Sync 1 DAGs
[2022-08-22 21:56:36,149] {logging_mixin.py:115} INFO - [2022-08-22 21:56:36,148] {dag.py:2972} INFO - Setting next_dagrun for example_python_operator to None, run_after=None
[2022-08-22 21:56:36,160] {processor.py:161} INFO - Processing /home/airflow/.local/lib/python3.7/site-packages/airflow/example_dags/example_python_operator.py took 0.071 seconds
[2022-08-22 21:57:06,764] {processor.py:153} INFO - Started process (PID=461) to work on /home/airflow/.local/lib/python3.7/site-packages/airflow/example_dags/example_python_operator.py
[2022-08-22 21:57:06,765] {processor.py:641} INFO - Processing file /home/airflow/.local/lib/python3.7/site-packages/airflow/example_dags/example_python_operator.py for tasks to queue
[2022-08-22 21:57:06,765] {logging_mixin.py:115} INFO - [2022-08-22 21:57:06,765] {dagbag.py:508} INFO - Filling up the DagBag from /home/airflow/.local/lib/python3.7/site-packages/airflow/example_dags/example_python_operator.py
[2022-08-22 21:57:06,779] {processor.py:651} INFO - DAG(s) dict_keys(['example_python_operator']) retrieved from /home/airflow/.local/lib/python3.7/site-packages/airflow/example_dags/example_python_operator.py
[2022-08-22 21:57:06,801] {logging_mixin.py:115} INFO - [2022-08-22 21:57:06,801] {dag.py:2420} INFO - Sync 1 DAGs
[2022-08-22 21:57:06,821] {logging_mixin.py:115} INFO - [2022-08-22 21:57:06,821] {dag.py:2972} INFO - Setting next_dagrun for example_python_operator to None, run_after=None
[2022-08-22 21:57:06,834] {processor.py:161} INFO - Processing /home/airflow/.local/lib/python3.7/site-packages/airflow/example_dags/example_python_operator.py took 0.072 seconds
[2022-08-22 21:57:37,831] {processor.py:153} INFO - Started process (PID=522) to work on /home/airflow/.local/lib/python3.7/site-packages/airflow/example_dags/example_python_operator.py
[2022-08-22 21:57:37,832] {processor.py:641} INFO - Processing file /home/airflow/.local/lib/python3.7/site-packages/airflow/example_dags/example_python_operator.py for tasks to queue
[2022-08-22 21:57:37,832] {logging_mixin.py:115} INFO - [2022-08-22 21:57:37,832] {dagbag.py:508} INFO - Filling up the DagBag from /home/airflow/.local/lib/python3.7/site-packages/airflow/example_dags/example_python_operator.py
[2022-08-22 21:57:37,847] {processor.py:651} INFO - DAG(s) dict_keys(['example_python_operator']) retrieved from /home/airflow/.local/lib/python3.7/site-packages/airflow/example_dags/example_python_operator.py
[2022-08-22 21:57:37,869] {logging_mixin.py:115} INFO - [2022-08-22 21:57:37,869] {dag.py:2420} INFO - Sync 1 DAGs
[2022-08-22 21:57:37,890] {logging_mixin.py:115} INFO - [2022-08-22 21:57:37,890] {dag.py:2972} INFO - Setting next_dagrun for example_python_operator to None, run_after=None
[2022-08-22 21:57:37,900] {processor.py:161} INFO - Processing /home/airflow/.local/lib/python3.7/site-packages/airflow/example_dags/example_python_operator.py took 0.071 seconds
[2022-08-22 21:58:08,636] {processor.py:153} INFO - Started process (PID=583) to work on /home/airflow/.local/lib/python3.7/site-packages/airflow/example_dags/example_python_operator.py
[2022-08-22 21:58:08,636] {processor.py:641} INFO - Processing file /home/airflow/.local/lib/python3.7/site-packages/airflow/example_dags/example_python_operator.py for tasks to queue
[2022-08-22 21:58:08,637] {logging_mixin.py:115} INFO - [2022-08-22 21:58:08,637] {dagbag.py:508} INFO - Filling up the DagBag from /home/airflow/.local/lib/python3.7/site-packages/airflow/example_dags/example_python_operator.py
[2022-08-22 21:58:08,650] {processor.py:651} INFO - DAG(s) dict_keys(['example_python_operator']) retrieved from /home/airflow/.local/lib/python3.7/site-packages/airflow/example_dags/example_python_operator.py
[2022-08-22 21:58:08,672] {logging_mixin.py:115} INFO - [2022-08-22 21:58:08,672] {dag.py:2420} INFO - Sync 1 DAGs
[2022-08-22 21:58:08,691] {logging_mixin.py:115} INFO - [2022-08-22 21:58:08,691] {dag.py:2972} INFO - Setting next_dagrun for example_python_operator to None, run_after=None
[2022-08-22 21:58:08,703] {processor.py:161} INFO - Processing /home/airflow/.local/lib/python3.7/site-packages/airflow/example_dags/example_python_operator.py took 0.071 seconds
[2022-08-22 21:58:39,561] {processor.py:153} INFO - Started process (PID=644) to work on /home/airflow/.local/lib/python3.7/site-packages/airflow/example_dags/example_python_operator.py
[2022-08-22 21:58:39,561] {processor.py:641} INFO - Processing file /home/airflow/.local/lib/python3.7/site-packages/airflow/example_dags/example_python_operator.py for tasks to queue
[2022-08-22 21:58:39,562] {logging_mixin.py:115} INFO - [2022-08-22 21:58:39,562] {dagbag.py:508} INFO - Filling up the DagBag from /home/airflow/.local/lib/python3.7/site-packages/airflow/example_dags/example_python_operator.py
[2022-08-22 21:58:39,579] {processor.py:651} INFO - DAG(s) dict_keys(['example_python_operator']) retrieved from /home/airflow/.local/lib/python3.7/site-packages/airflow/example_dags/example_python_operator.py
[2022-08-22 21:58:39,605] {logging_mixin.py:115} INFO - [2022-08-22 21:58:39,605] {dag.py:2420} INFO - Sync 1 DAGs
[2022-08-22 21:58:39,629] {logging_mixin.py:115} INFO - [2022-08-22 21:58:39,629] {dag.py:2972} INFO - Setting next_dagrun for example_python_operator to None, run_after=None
[2022-08-22 21:58:39,642] {processor.py:161} INFO - Processing /home/airflow/.local/lib/python3.7/site-packages/airflow/example_dags/example_python_operator.py took 0.083 seconds
[2022-08-22 21:59:10,210] {processor.py:153} INFO - Started process (PID=696) to work on /home/airflow/.local/lib/python3.7/site-packages/airflow/example_dags/example_python_operator.py
[2022-08-22 21:59:10,211] {processor.py:641} INFO - Processing file /home/airflow/.local/lib/python3.7/site-packages/airflow/example_dags/example_python_operator.py for tasks to queue
[2022-08-22 21:59:10,211] {logging_mixin.py:115} INFO - [2022-08-22 21:59:10,211] {dagbag.py:508} INFO - Filling up the DagBag from /home/airflow/.local/lib/python3.7/site-packages/airflow/example_dags/example_python_operator.py
[2022-08-22 21:59:10,226] {processor.py:651} INFO - DAG(s) dict_keys(['example_python_operator']) retrieved from /home/airflow/.local/lib/python3.7/site-packages/airflow/example_dags/example_python_operator.py
[2022-08-22 21:59:10,247] {logging_mixin.py:115} INFO - [2022-08-22 21:59:10,247] {dag.py:2420} INFO - Sync 1 DAGs
[2022-08-22 21:59:10,265] {logging_mixin.py:115} INFO - [2022-08-22 21:59:10,265] {dag.py:2972} INFO - Setting next_dagrun for example_python_operator to None, run_after=None
[2022-08-22 21:59:10,276] {processor.py:161} INFO - Processing /home/airflow/.local/lib/python3.7/site-packages/airflow/example_dags/example_python_operator.py took 0.068 seconds
[2022-08-22 21:59:41,184] {processor.py:153} INFO - Started process (PID=757) to work on /home/airflow/.local/lib/python3.7/site-packages/airflow/example_dags/example_python_operator.py
[2022-08-22 21:59:41,185] {processor.py:641} INFO - Processing file /home/airflow/.local/lib/python3.7/site-packages/airflow/example_dags/example_python_operator.py for tasks to queue
[2022-08-22 21:59:41,185] {logging_mixin.py:115} INFO - [2022-08-22 21:59:41,185] {dagbag.py:508} INFO - Filling up the DagBag from /home/airflow/.local/lib/python3.7/site-packages/airflow/example_dags/example_python_operator.py
[2022-08-22 21:59:41,198] {processor.py:651} INFO - DAG(s) dict_keys(['example_python_operator']) retrieved from /home/airflow/.local/lib/python3.7/site-packages/airflow/example_dags/example_python_operator.py
[2022-08-22 21:59:41,221] {logging_mixin.py:115} INFO - [2022-08-22 21:59:41,221] {dag.py:2420} INFO - Sync 1 DAGs
[2022-08-22 21:59:41,240] {logging_mixin.py:115} INFO - [2022-08-22 21:59:41,240] {dag.py:2972} INFO - Setting next_dagrun for example_python_operator to None, run_after=None
[2022-08-22 21:59:41,250] {processor.py:161} INFO - Processing /home/airflow/.local/lib/python3.7/site-packages/airflow/example_dags/example_python_operator.py took 0.069 seconds
[2022-08-22 22:00:11,792] {processor.py:153} INFO - Started process (PID=818) to work on /home/airflow/.local/lib/python3.7/site-packages/airflow/example_dags/example_python_operator.py
[2022-08-22 22:00:11,792] {processor.py:641} INFO - Processing file /home/airflow/.local/lib/python3.7/site-packages/airflow/example_dags/example_python_operator.py for tasks to queue
[2022-08-22 22:00:11,793] {logging_mixin.py:115} INFO - [2022-08-22 22:00:11,792] {dagbag.py:508} INFO - Filling up the DagBag from /home/airflow/.local/lib/python3.7/site-packages/airflow/example_dags/example_python_operator.py
[2022-08-22 22:00:11,809] {processor.py:651} INFO - DAG(s) dict_keys(['example_python_operator']) retrieved from /home/airflow/.local/lib/python3.7/site-packages/airflow/example_dags/example_python_operator.py
[2022-08-22 22:00:11,831] {logging_mixin.py:115} INFO - [2022-08-22 22:00:11,830] {dag.py:2420} INFO - Sync 1 DAGs
[2022-08-22 22:00:11,850] {logging_mixin.py:115} INFO - [2022-08-22 22:00:11,850] {dag.py:2972} INFO - Setting next_dagrun for example_python_operator to None, run_after=None
[2022-08-22 22:00:11,860] {processor.py:161} INFO - Processing /home/airflow/.local/lib/python3.7/site-packages/airflow/example_dags/example_python_operator.py took 0.071 seconds
[2022-08-22 22:00:42,645] {processor.py:153} INFO - Started process (PID=870) to work on /home/airflow/.local/lib/python3.7/site-packages/airflow/example_dags/example_python_operator.py
[2022-08-22 22:00:42,645] {processor.py:641} INFO - Processing file /home/airflow/.local/lib/python3.7/site-packages/airflow/example_dags/example_python_operator.py for tasks to queue
[2022-08-22 22:00:42,645] {logging_mixin.py:115} INFO - [2022-08-22 22:00:42,645] {dagbag.py:508} INFO - Filling up the DagBag from /home/airflow/.local/lib/python3.7/site-packages/airflow/example_dags/example_python_operator.py
[2022-08-22 22:00:42,661] {processor.py:651} INFO - DAG(s) dict_keys(['example_python_operator']) retrieved from /home/airflow/.local/lib/python3.7/site-packages/airflow/example_dags/example_python_operator.py
[2022-08-22 22:00:42,681] {logging_mixin.py:115} INFO - [2022-08-22 22:00:42,681] {dag.py:2420} INFO - Sync 1 DAGs
[2022-08-22 22:00:42,701] {logging_mixin.py:115} INFO - [2022-08-22 22:00:42,701] {dag.py:2972} INFO - Setting next_dagrun for example_python_operator to None, run_after=None
[2022-08-22 22:00:42,710] {processor.py:161} INFO - Processing /home/airflow/.local/lib/python3.7/site-packages/airflow/example_dags/example_python_operator.py took 0.068 seconds
[2022-08-22 22:01:13,439] {processor.py:153} INFO - Started process (PID=931) to work on /home/airflow/.local/lib/python3.7/site-packages/airflow/example_dags/example_python_operator.py
[2022-08-22 22:01:13,440] {processor.py:641} INFO - Processing file /home/airflow/.local/lib/python3.7/site-packages/airflow/example_dags/example_python_operator.py for tasks to queue
[2022-08-22 22:01:13,440] {logging_mixin.py:115} INFO - [2022-08-22 22:01:13,440] {dagbag.py:508} INFO - Filling up the DagBag from /home/airflow/.local/lib/python3.7/site-packages/airflow/example_dags/example_python_operator.py
[2022-08-22 22:01:13,455] {processor.py:651} INFO - DAG(s) dict_keys(['example_python_operator']) retrieved from /home/airflow/.local/lib/python3.7/site-packages/airflow/example_dags/example_python_operator.py
[2022-08-22 22:01:13,486] {logging_mixin.py:115} INFO - [2022-08-22 22:01:13,485] {dag.py:2420} INFO - Sync 1 DAGs
[2022-08-22 22:01:13,504] {logging_mixin.py:115} INFO - [2022-08-22 22:01:13,504] {dag.py:2972} INFO - Setting next_dagrun for example_python_operator to None, run_after=None
[2022-08-22 22:01:13,514] {processor.py:161} INFO - Processing /home/airflow/.local/lib/python3.7/site-packages/airflow/example_dags/example_python_operator.py took 0.077 seconds
[2022-08-22 22:01:44,317] {processor.py:153} INFO - Started process (PID=992) to work on /home/airflow/.local/lib/python3.7/site-packages/airflow/example_dags/example_python_operator.py
[2022-08-22 22:01:44,318] {processor.py:641} INFO - Processing file /home/airflow/.local/lib/python3.7/site-packages/airflow/example_dags/example_python_operator.py for tasks to queue
[2022-08-22 22:01:44,318] {logging_mixin.py:115} INFO - [2022-08-22 22:01:44,318] {dagbag.py:508} INFO - Filling up the DagBag from /home/airflow/.local/lib/python3.7/site-packages/airflow/example_dags/example_python_operator.py
[2022-08-22 22:01:44,335] {processor.py:651} INFO - DAG(s) dict_keys(['example_python_operator']) retrieved from /home/airflow/.local/lib/python3.7/site-packages/airflow/example_dags/example_python_operator.py
[2022-08-22 22:01:44,358] {logging_mixin.py:115} INFO - [2022-08-22 22:01:44,357] {dag.py:2420} INFO - Sync 1 DAGs
[2022-08-22 22:01:44,375] {logging_mixin.py:115} INFO - [2022-08-22 22:01:44,375] {dag.py:2972} INFO - Setting next_dagrun for example_python_operator to None, run_after=None
[2022-08-22 22:01:44,385] {processor.py:161} INFO - Processing /home/airflow/.local/lib/python3.7/site-packages/airflow/example_dags/example_python_operator.py took 0.071 seconds
[2022-08-22 22:02:15,266] {processor.py:153} INFO - Started process (PID=1053) to work on /home/airflow/.local/lib/python3.7/site-packages/airflow/example_dags/example_python_operator.py
[2022-08-22 22:02:15,267] {processor.py:641} INFO - Processing file /home/airflow/.local/lib/python3.7/site-packages/airflow/example_dags/example_python_operator.py for tasks to queue
[2022-08-22 22:02:15,267] {logging_mixin.py:115} INFO - [2022-08-22 22:02:15,267] {dagbag.py:508} INFO - Filling up the DagBag from /home/airflow/.local/lib/python3.7/site-packages/airflow/example_dags/example_python_operator.py
[2022-08-22 22:02:15,283] {processor.py:651} INFO - DAG(s) dict_keys(['example_python_operator']) retrieved from /home/airflow/.local/lib/python3.7/site-packages/airflow/example_dags/example_python_operator.py
[2022-08-22 22:02:15,308] {logging_mixin.py:115} INFO - [2022-08-22 22:02:15,308] {dag.py:2420} INFO - Sync 1 DAGs
[2022-08-22 22:02:15,342] {logging_mixin.py:115} INFO - [2022-08-22 22:02:15,342] {dag.py:2972} INFO - Setting next_dagrun for example_python_operator to None, run_after=None
[2022-08-22 22:02:15,356] {processor.py:161} INFO - Processing /home/airflow/.local/lib/python3.7/site-packages/airflow/example_dags/example_python_operator.py took 0.093 seconds
[2022-08-22 22:02:45,999] {processor.py:153} INFO - Started process (PID=1105) to work on /home/airflow/.local/lib/python3.7/site-packages/airflow/example_dags/example_python_operator.py
[2022-08-22 22:02:46,000] {processor.py:641} INFO - Processing file /home/airflow/.local/lib/python3.7/site-packages/airflow/example_dags/example_python_operator.py for tasks to queue
[2022-08-22 22:02:46,000] {logging_mixin.py:115} INFO - [2022-08-22 22:02:46,000] {dagbag.py:508} INFO - Filling up the DagBag from /home/airflow/.local/lib/python3.7/site-packages/airflow/example_dags/example_python_operator.py
[2022-08-22 22:02:46,016] {processor.py:651} INFO - DAG(s) dict_keys(['example_python_operator']) retrieved from /home/airflow/.local/lib/python3.7/site-packages/airflow/example_dags/example_python_operator.py
[2022-08-22 22:02:46,040] {logging_mixin.py:115} INFO - [2022-08-22 22:02:46,040] {dag.py:2420} INFO - Sync 1 DAGs
[2022-08-22 22:02:46,063] {logging_mixin.py:115} INFO - [2022-08-22 22:02:46,063] {dag.py:2972} INFO - Setting next_dagrun for example_python_operator to None, run_after=None
[2022-08-22 22:02:46,074] {processor.py:161} INFO - Processing /home/airflow/.local/lib/python3.7/site-packages/airflow/example_dags/example_python_operator.py took 0.078 seconds
[2022-08-22 22:03:16,883] {processor.py:153} INFO - Started process (PID=1166) to work on /home/airflow/.local/lib/python3.7/site-packages/airflow/example_dags/example_python_operator.py
[2022-08-22 22:03:16,884] {processor.py:641} INFO - Processing file /home/airflow/.local/lib/python3.7/site-packages/airflow/example_dags/example_python_operator.py for tasks to queue
[2022-08-22 22:03:16,884] {logging_mixin.py:115} INFO - [2022-08-22 22:03:16,884] {dagbag.py:508} INFO - Filling up the DagBag from /home/airflow/.local/lib/python3.7/site-packages/airflow/example_dags/example_python_operator.py
[2022-08-22 22:03:16,899] {processor.py:651} INFO - DAG(s) dict_keys(['example_python_operator']) retrieved from /home/airflow/.local/lib/python3.7/site-packages/airflow/example_dags/example_python_operator.py
[2022-08-22 22:03:16,921] {logging_mixin.py:115} INFO - [2022-08-22 22:03:16,921] {dag.py:2420} INFO - Sync 1 DAGs
[2022-08-22 22:03:16,941] {logging_mixin.py:115} INFO - [2022-08-22 22:03:16,941] {dag.py:2972} INFO - Setting next_dagrun for example_python_operator to None, run_after=None
[2022-08-22 22:03:16,954] {processor.py:161} INFO - Processing /home/airflow/.local/lib/python3.7/site-packages/airflow/example_dags/example_python_operator.py took 0.073 seconds
[2022-08-22 22:03:47,815] {processor.py:153} INFO - Started process (PID=1227) to work on /home/airflow/.local/lib/python3.7/site-packages/airflow/example_dags/example_python_operator.py
[2022-08-22 22:03:47,815] {processor.py:641} INFO - Processing file /home/airflow/.local/lib/python3.7/site-packages/airflow/example_dags/example_python_operator.py for tasks to queue
[2022-08-22 22:03:47,816] {logging_mixin.py:115} INFO - [2022-08-22 22:03:47,816] {dagbag.py:508} INFO - Filling up the DagBag from /home/airflow/.local/lib/python3.7/site-packages/airflow/example_dags/example_python_operator.py
[2022-08-22 22:03:47,828] {processor.py:651} INFO - DAG(s) dict_keys(['example_python_operator']) retrieved from /home/airflow/.local/lib/python3.7/site-packages/airflow/example_dags/example_python_operator.py
[2022-08-22 22:03:47,847] {logging_mixin.py:115} INFO - [2022-08-22 22:03:47,847] {dag.py:2420} INFO - Sync 1 DAGs
[2022-08-22 22:03:47,865] {logging_mixin.py:115} INFO - [2022-08-22 22:03:47,864] {dag.py:2972} INFO - Setting next_dagrun for example_python_operator to None, run_after=None
[2022-08-22 22:03:47,874] {processor.py:161} INFO - Processing /home/airflow/.local/lib/python3.7/site-packages/airflow/example_dags/example_python_operator.py took 0.061 seconds
[2022-08-22 22:04:18,650] {processor.py:153} INFO - Started process (PID=1279) to work on /home/airflow/.local/lib/python3.7/site-packages/airflow/example_dags/example_python_operator.py
[2022-08-22 22:04:18,650] {processor.py:641} INFO - Processing file /home/airflow/.local/lib/python3.7/site-packages/airflow/example_dags/example_python_operator.py for tasks to queue
[2022-08-22 22:04:18,650] {logging_mixin.py:115} INFO - [2022-08-22 22:04:18,650] {dagbag.py:508} INFO - Filling up the DagBag from /home/airflow/.local/lib/python3.7/site-packages/airflow/example_dags/example_python_operator.py
[2022-08-22 22:04:18,663] {processor.py:651} INFO - DAG(s) dict_keys(['example_python_operator']) retrieved from /home/airflow/.local/lib/python3.7/site-packages/airflow/example_dags/example_python_operator.py
[2022-08-22 22:04:18,682] {logging_mixin.py:115} INFO - [2022-08-22 22:04:18,682] {dag.py:2420} INFO - Sync 1 DAGs
[2022-08-22 22:04:18,700] {logging_mixin.py:115} INFO - [2022-08-22 22:04:18,700] {dag.py:2972} INFO - Setting next_dagrun for example_python_operator to None, run_after=None
[2022-08-22 22:04:18,709] {processor.py:161} INFO - Processing /home/airflow/.local/lib/python3.7/site-packages/airflow/example_dags/example_python_operator.py took 0.062 seconds
[2022-08-22 22:04:49,133] {processor.py:153} INFO - Started process (PID=1340) to work on /home/airflow/.local/lib/python3.7/site-packages/airflow/example_dags/example_python_operator.py
[2022-08-22 22:04:49,133] {processor.py:641} INFO - Processing file /home/airflow/.local/lib/python3.7/site-packages/airflow/example_dags/example_python_operator.py for tasks to queue
[2022-08-22 22:04:49,134] {logging_mixin.py:115} INFO - [2022-08-22 22:04:49,134] {dagbag.py:508} INFO - Filling up the DagBag from /home/airflow/.local/lib/python3.7/site-packages/airflow/example_dags/example_python_operator.py
[2022-08-22 22:04:49,146] {processor.py:651} INFO - DAG(s) dict_keys(['example_python_operator']) retrieved from /home/airflow/.local/lib/python3.7/site-packages/airflow/example_dags/example_python_operator.py
[2022-08-22 22:04:49,168] {logging_mixin.py:115} INFO - [2022-08-22 22:04:49,168] {dag.py:2420} INFO - Sync 1 DAGs
[2022-08-22 22:04:49,186] {logging_mixin.py:115} INFO - [2022-08-22 22:04:49,186] {dag.py:2972} INFO - Setting next_dagrun for example_python_operator to None, run_after=None
[2022-08-22 22:04:49,197] {processor.py:161} INFO - Processing /home/airflow/.local/lib/python3.7/site-packages/airflow/example_dags/example_python_operator.py took 0.066 seconds
[2022-08-22 22:05:19,707] {processor.py:153} INFO - Started process (PID=1401) to work on /home/airflow/.local/lib/python3.7/site-packages/airflow/example_dags/example_python_operator.py
[2022-08-22 22:05:19,707] {processor.py:641} INFO - Processing file /home/airflow/.local/lib/python3.7/site-packages/airflow/example_dags/example_python_operator.py for tasks to queue
[2022-08-22 22:05:19,707] {logging_mixin.py:115} INFO - [2022-08-22 22:05:19,707] {dagbag.py:508} INFO - Filling up the DagBag from /home/airflow/.local/lib/python3.7/site-packages/airflow/example_dags/example_python_operator.py
[2022-08-22 22:05:19,720] {processor.py:651} INFO - DAG(s) dict_keys(['example_python_operator']) retrieved from /home/airflow/.local/lib/python3.7/site-packages/airflow/example_dags/example_python_operator.py
[2022-08-22 22:05:19,738] {logging_mixin.py:115} INFO - [2022-08-22 22:05:19,738] {dag.py:2420} INFO - Sync 1 DAGs
[2022-08-22 22:05:19,755] {logging_mixin.py:115} INFO - [2022-08-22 22:05:19,755] {dag.py:2972} INFO - Setting next_dagrun for example_python_operator to None, run_after=None
[2022-08-22 22:05:19,765] {processor.py:161} INFO - Processing /home/airflow/.local/lib/python3.7/site-packages/airflow/example_dags/example_python_operator.py took 0.060 seconds
[2022-08-22 22:05:50,395] {processor.py:153} INFO - Started process (PID=1462) to work on /home/airflow/.local/lib/python3.7/site-packages/airflow/example_dags/example_python_operator.py
[2022-08-22 22:05:50,396] {processor.py:641} INFO - Processing file /home/airflow/.local/lib/python3.7/site-packages/airflow/example_dags/example_python_operator.py for tasks to queue
[2022-08-22 22:05:50,397] {logging_mixin.py:115} INFO - [2022-08-22 22:05:50,397] {dagbag.py:508} INFO - Filling up the DagBag from /home/airflow/.local/lib/python3.7/site-packages/airflow/example_dags/example_python_operator.py
[2022-08-22 22:05:50,422] {processor.py:651} INFO - DAG(s) dict_keys(['example_python_operator']) retrieved from /home/airflow/.local/lib/python3.7/site-packages/airflow/example_dags/example_python_operator.py
[2022-08-22 22:05:50,445] {logging_mixin.py:115} INFO - [2022-08-22 22:05:50,445] {dag.py:2420} INFO - Sync 1 DAGs
[2022-08-22 22:05:50,465] {logging_mixin.py:115} INFO - [2022-08-22 22:05:50,465] {dag.py:2972} INFO - Setting next_dagrun for example_python_operator to None, run_after=None
[2022-08-22 22:05:50,476] {processor.py:161} INFO - Processing /home/airflow/.local/lib/python3.7/site-packages/airflow/example_dags/example_python_operator.py took 0.084 seconds
[2022-08-22 22:06:21,130] {processor.py:153} INFO - Started process (PID=1514) to work on /home/airflow/.local/lib/python3.7/site-packages/airflow/example_dags/example_python_operator.py
[2022-08-22 22:06:21,131] {processor.py:641} INFO - Processing file /home/airflow/.local/lib/python3.7/site-packages/airflow/example_dags/example_python_operator.py for tasks to queue
[2022-08-22 22:06:21,131] {logging_mixin.py:115} INFO - [2022-08-22 22:06:21,131] {dagbag.py:508} INFO - Filling up the DagBag from /home/airflow/.local/lib/python3.7/site-packages/airflow/example_dags/example_python_operator.py
[2022-08-22 22:06:21,143] {processor.py:651} INFO - DAG(s) dict_keys(['example_python_operator']) retrieved from /home/airflow/.local/lib/python3.7/site-packages/airflow/example_dags/example_python_operator.py
[2022-08-22 22:06:21,162] {logging_mixin.py:115} INFO - [2022-08-22 22:06:21,162] {dag.py:2420} INFO - Sync 1 DAGs
[2022-08-22 22:06:21,181] {logging_mixin.py:115} INFO - [2022-08-22 22:06:21,181] {dag.py:2972} INFO - Setting next_dagrun for example_python_operator to None, run_after=None
[2022-08-22 22:06:21,190] {processor.py:161} INFO - Processing /home/airflow/.local/lib/python3.7/site-packages/airflow/example_dags/example_python_operator.py took 0.062 seconds
[2022-08-22 22:06:51,843] {processor.py:153} INFO - Started process (PID=1575) to work on /home/airflow/.local/lib/python3.7/site-packages/airflow/example_dags/example_python_operator.py
[2022-08-22 22:06:51,844] {processor.py:641} INFO - Processing file /home/airflow/.local/lib/python3.7/site-packages/airflow/example_dags/example_python_operator.py for tasks to queue
[2022-08-22 22:06:51,844] {logging_mixin.py:115} INFO - [2022-08-22 22:06:51,844] {dagbag.py:508} INFO - Filling up the DagBag from /home/airflow/.local/lib/python3.7/site-packages/airflow/example_dags/example_python_operator.py
[2022-08-22 22:06:51,856] {processor.py:651} INFO - DAG(s) dict_keys(['example_python_operator']) retrieved from /home/airflow/.local/lib/python3.7/site-packages/airflow/example_dags/example_python_operator.py
[2022-08-22 22:06:51,874] {logging_mixin.py:115} INFO - [2022-08-22 22:06:51,874] {dag.py:2420} INFO - Sync 1 DAGs
[2022-08-22 22:06:51,891] {logging_mixin.py:115} INFO - [2022-08-22 22:06:51,891] {dag.py:2972} INFO - Setting next_dagrun for example_python_operator to None, run_after=None
[2022-08-22 22:06:51,900] {processor.py:161} INFO - Processing /home/airflow/.local/lib/python3.7/site-packages/airflow/example_dags/example_python_operator.py took 0.059 seconds
[2022-08-22 22:07:22,390] {processor.py:153} INFO - Started process (PID=1636) to work on /home/airflow/.local/lib/python3.7/site-packages/airflow/example_dags/example_python_operator.py
[2022-08-22 22:07:22,390] {processor.py:641} INFO - Processing file /home/airflow/.local/lib/python3.7/site-packages/airflow/example_dags/example_python_operator.py for tasks to queue
[2022-08-22 22:07:22,391] {logging_mixin.py:115} INFO - [2022-08-22 22:07:22,391] {dagbag.py:508} INFO - Filling up the DagBag from /home/airflow/.local/lib/python3.7/site-packages/airflow/example_dags/example_python_operator.py
[2022-08-22 22:07:22,402] {processor.py:651} INFO - DAG(s) dict_keys(['example_python_operator']) retrieved from /home/airflow/.local/lib/python3.7/site-packages/airflow/example_dags/example_python_operator.py
[2022-08-22 22:07:22,421] {logging_mixin.py:115} INFO - [2022-08-22 22:07:22,421] {dag.py:2420} INFO - Sync 1 DAGs
[2022-08-22 22:07:22,437] {logging_mixin.py:115} INFO - [2022-08-22 22:07:22,437] {dag.py:2972} INFO - Setting next_dagrun for example_python_operator to None, run_after=None
[2022-08-22 22:07:22,445] {processor.py:161} INFO - Processing /home/airflow/.local/lib/python3.7/site-packages/airflow/example_dags/example_python_operator.py took 0.058 seconds
[2022-08-22 22:07:53,125] {processor.py:153} INFO - Started process (PID=1695) to work on /home/airflow/.local/lib/python3.7/site-packages/airflow/example_dags/example_python_operator.py
[2022-08-22 22:07:53,125] {processor.py:641} INFO - Processing file /home/airflow/.local/lib/python3.7/site-packages/airflow/example_dags/example_python_operator.py for tasks to queue
[2022-08-22 22:07:53,126] {logging_mixin.py:115} INFO - [2022-08-22 22:07:53,126] {dagbag.py:508} INFO - Filling up the DagBag from /home/airflow/.local/lib/python3.7/site-packages/airflow/example_dags/example_python_operator.py
[2022-08-22 22:07:53,140] {processor.py:651} INFO - DAG(s) dict_keys(['example_python_operator']) retrieved from /home/airflow/.local/lib/python3.7/site-packages/airflow/example_dags/example_python_operator.py
[2022-08-22 22:07:53,162] {logging_mixin.py:115} INFO - [2022-08-22 22:07:53,162] {dag.py:2420} INFO - Sync 1 DAGs
[2022-08-22 22:07:53,181] {logging_mixin.py:115} INFO - [2022-08-22 22:07:53,181] {dag.py:2972} INFO - Setting next_dagrun for example_python_operator to None, run_after=None
[2022-08-22 22:07:53,192] {processor.py:161} INFO - Processing /home/airflow/.local/lib/python3.7/site-packages/airflow/example_dags/example_python_operator.py took 0.070 seconds
[2022-08-22 22:08:23,660] {processor.py:153} INFO - Started process (PID=1749) to work on /home/airflow/.local/lib/python3.7/site-packages/airflow/example_dags/example_python_operator.py
[2022-08-22 22:08:23,660] {processor.py:641} INFO - Processing file /home/airflow/.local/lib/python3.7/site-packages/airflow/example_dags/example_python_operator.py for tasks to queue
[2022-08-22 22:08:23,660] {logging_mixin.py:115} INFO - [2022-08-22 22:08:23,660] {dagbag.py:508} INFO - Filling up the DagBag from /home/airflow/.local/lib/python3.7/site-packages/airflow/example_dags/example_python_operator.py
[2022-08-22 22:08:23,673] {processor.py:651} INFO - DAG(s) dict_keys(['example_python_operator']) retrieved from /home/airflow/.local/lib/python3.7/site-packages/airflow/example_dags/example_python_operator.py
[2022-08-22 22:08:23,694] {logging_mixin.py:115} INFO - [2022-08-22 22:08:23,694] {dag.py:2420} INFO - Sync 1 DAGs
[2022-08-22 22:08:23,713] {logging_mixin.py:115} INFO - [2022-08-22 22:08:23,713] {dag.py:2972} INFO - Setting next_dagrun for example_python_operator to None, run_after=None
[2022-08-22 22:08:23,722] {processor.py:161} INFO - Processing /home/airflow/.local/lib/python3.7/site-packages/airflow/example_dags/example_python_operator.py took 0.065 seconds
[2022-08-22 22:08:54,500] {processor.py:153} INFO - Started process (PID=1810) to work on /home/airflow/.local/lib/python3.7/site-packages/airflow/example_dags/example_python_operator.py
[2022-08-22 22:08:54,500] {processor.py:641} INFO - Processing file /home/airflow/.local/lib/python3.7/site-packages/airflow/example_dags/example_python_operator.py for tasks to queue
[2022-08-22 22:08:54,501] {logging_mixin.py:115} INFO - [2022-08-22 22:08:54,501] {dagbag.py:508} INFO - Filling up the DagBag from /home/airflow/.local/lib/python3.7/site-packages/airflow/example_dags/example_python_operator.py
[2022-08-22 22:08:54,513] {processor.py:651} INFO - DAG(s) dict_keys(['example_python_operator']) retrieved from /home/airflow/.local/lib/python3.7/site-packages/airflow/example_dags/example_python_operator.py
[2022-08-22 22:08:54,535] {logging_mixin.py:115} INFO - [2022-08-22 22:08:54,535] {dag.py:2420} INFO - Sync 1 DAGs
[2022-08-22 22:08:54,554] {logging_mixin.py:115} INFO - [2022-08-22 22:08:54,554] {dag.py:2972} INFO - Setting next_dagrun for example_python_operator to None, run_after=None
[2022-08-22 22:08:54,564] {processor.py:161} INFO - Processing /home/airflow/.local/lib/python3.7/site-packages/airflow/example_dags/example_python_operator.py took 0.067 seconds
[2022-08-22 22:09:25,179] {processor.py:153} INFO - Started process (PID=1871) to work on /home/airflow/.local/lib/python3.7/site-packages/airflow/example_dags/example_python_operator.py
[2022-08-22 22:09:25,180] {processor.py:641} INFO - Processing file /home/airflow/.local/lib/python3.7/site-packages/airflow/example_dags/example_python_operator.py for tasks to queue
[2022-08-22 22:09:25,180] {logging_mixin.py:115} INFO - [2022-08-22 22:09:25,180] {dagbag.py:508} INFO - Filling up the DagBag from /home/airflow/.local/lib/python3.7/site-packages/airflow/example_dags/example_python_operator.py
[2022-08-22 22:09:25,193] {processor.py:651} INFO - DAG(s) dict_keys(['example_python_operator']) retrieved from /home/airflow/.local/lib/python3.7/site-packages/airflow/example_dags/example_python_operator.py
[2022-08-22 22:09:25,212] {logging_mixin.py:115} INFO - [2022-08-22 22:09:25,212] {dag.py:2420} INFO - Sync 1 DAGs
[2022-08-22 22:09:25,228] {logging_mixin.py:115} INFO - [2022-08-22 22:09:25,228] {dag.py:2972} INFO - Setting next_dagrun for example_python_operator to None, run_after=None
[2022-08-22 22:09:25,237] {processor.py:161} INFO - Processing /home/airflow/.local/lib/python3.7/site-packages/airflow/example_dags/example_python_operator.py took 0.062 seconds
[2022-08-22 22:09:55,695] {processor.py:153} INFO - Started process (PID=1923) to work on /home/airflow/.local/lib/python3.7/site-packages/airflow/example_dags/example_python_operator.py
[2022-08-22 22:09:55,695] {processor.py:641} INFO - Processing file /home/airflow/.local/lib/python3.7/site-packages/airflow/example_dags/example_python_operator.py for tasks to queue
[2022-08-22 22:09:55,695] {logging_mixin.py:115} INFO - [2022-08-22 22:09:55,695] {dagbag.py:508} INFO - Filling up the DagBag from /home/airflow/.local/lib/python3.7/site-packages/airflow/example_dags/example_python_operator.py
[2022-08-22 22:09:55,708] {processor.py:651} INFO - DAG(s) dict_keys(['example_python_operator']) retrieved from /home/airflow/.local/lib/python3.7/site-packages/airflow/example_dags/example_python_operator.py
[2022-08-22 22:09:55,726] {logging_mixin.py:115} INFO - [2022-08-22 22:09:55,726] {dag.py:2420} INFO - Sync 1 DAGs
[2022-08-22 22:09:55,744] {logging_mixin.py:115} INFO - [2022-08-22 22:09:55,744] {dag.py:2972} INFO - Setting next_dagrun for example_python_operator to None, run_after=None
[2022-08-22 22:09:55,756] {processor.py:161} INFO - Processing /home/airflow/.local/lib/python3.7/site-packages/airflow/example_dags/example_python_operator.py took 0.064 seconds
[2022-08-22 22:10:26,498] {processor.py:153} INFO - Started process (PID=1984) to work on /home/airflow/.local/lib/python3.7/site-packages/airflow/example_dags/example_python_operator.py
[2022-08-22 22:10:26,499] {processor.py:641} INFO - Processing file /home/airflow/.local/lib/python3.7/site-packages/airflow/example_dags/example_python_operator.py for tasks to queue
[2022-08-22 22:10:26,499] {logging_mixin.py:115} INFO - [2022-08-22 22:10:26,499] {dagbag.py:508} INFO - Filling up the DagBag from /home/airflow/.local/lib/python3.7/site-packages/airflow/example_dags/example_python_operator.py
[2022-08-22 22:10:26,512] {processor.py:651} INFO - DAG(s) dict_keys(['example_python_operator']) retrieved from /home/airflow/.local/lib/python3.7/site-packages/airflow/example_dags/example_python_operator.py
[2022-08-22 22:10:26,533] {logging_mixin.py:115} INFO - [2022-08-22 22:10:26,533] {dag.py:2420} INFO - Sync 1 DAGs
[2022-08-22 22:10:26,551] {logging_mixin.py:115} INFO - [2022-08-22 22:10:26,551] {dag.py:2972} INFO - Setting next_dagrun for example_python_operator to None, run_after=None
[2022-08-22 22:10:26,560] {processor.py:161} INFO - Processing /home/airflow/.local/lib/python3.7/site-packages/airflow/example_dags/example_python_operator.py took 0.065 seconds
[2022-08-22 22:10:57,221] {processor.py:153} INFO - Started process (PID=2045) to work on /home/airflow/.local/lib/python3.7/site-packages/airflow/example_dags/example_python_operator.py
[2022-08-22 22:10:57,222] {processor.py:641} INFO - Processing file /home/airflow/.local/lib/python3.7/site-packages/airflow/example_dags/example_python_operator.py for tasks to queue
[2022-08-22 22:10:57,222] {logging_mixin.py:115} INFO - [2022-08-22 22:10:57,222] {dagbag.py:508} INFO - Filling up the DagBag from /home/airflow/.local/lib/python3.7/site-packages/airflow/example_dags/example_python_operator.py
[2022-08-22 22:10:57,235] {processor.py:651} INFO - DAG(s) dict_keys(['example_python_operator']) retrieved from /home/airflow/.local/lib/python3.7/site-packages/airflow/example_dags/example_python_operator.py
[2022-08-22 22:10:57,255] {logging_mixin.py:115} INFO - [2022-08-22 22:10:57,255] {dag.py:2420} INFO - Sync 1 DAGs
[2022-08-22 22:10:57,273] {logging_mixin.py:115} INFO - [2022-08-22 22:10:57,273] {dag.py:2972} INFO - Setting next_dagrun for example_python_operator to None, run_after=None
[2022-08-22 22:10:57,282] {processor.py:161} INFO - Processing /home/airflow/.local/lib/python3.7/site-packages/airflow/example_dags/example_python_operator.py took 0.063 seconds
[2022-08-22 22:11:27,778] {processor.py:153} INFO - Started process (PID=2105) to work on /home/airflow/.local/lib/python3.7/site-packages/airflow/example_dags/example_python_operator.py
[2022-08-22 22:11:27,779] {processor.py:641} INFO - Processing file /home/airflow/.local/lib/python3.7/site-packages/airflow/example_dags/example_python_operator.py for tasks to queue
[2022-08-22 22:11:27,779] {logging_mixin.py:115} INFO - [2022-08-22 22:11:27,779] {dagbag.py:508} INFO - Filling up the DagBag from /home/airflow/.local/lib/python3.7/site-packages/airflow/example_dags/example_python_operator.py
[2022-08-22 22:11:27,792] {processor.py:651} INFO - DAG(s) dict_keys(['example_python_operator']) retrieved from /home/airflow/.local/lib/python3.7/site-packages/airflow/example_dags/example_python_operator.py
[2022-08-22 22:11:27,812] {logging_mixin.py:115} INFO - [2022-08-22 22:11:27,812] {dag.py:2420} INFO - Sync 1 DAGs
[2022-08-22 22:11:27,831] {logging_mixin.py:115} INFO - [2022-08-22 22:11:27,831] {dag.py:2972} INFO - Setting next_dagrun for example_python_operator to None, run_after=None
[2022-08-22 22:11:27,840] {processor.py:161} INFO - Processing /home/airflow/.local/lib/python3.7/site-packages/airflow/example_dags/example_python_operator.py took 0.064 seconds
[2022-08-22 22:11:58,364] {processor.py:153} INFO - Started process (PID=2157) to work on /home/airflow/.local/lib/python3.7/site-packages/airflow/example_dags/example_python_operator.py
[2022-08-22 22:11:58,365] {processor.py:641} INFO - Processing file /home/airflow/.local/lib/python3.7/site-packages/airflow/example_dags/example_python_operator.py for tasks to queue
[2022-08-22 22:11:58,366] {logging_mixin.py:115} INFO - [2022-08-22 22:11:58,366] {dagbag.py:508} INFO - Filling up the DagBag from /home/airflow/.local/lib/python3.7/site-packages/airflow/example_dags/example_python_operator.py
[2022-08-22 22:11:58,383] {processor.py:651} INFO - DAG(s) dict_keys(['example_python_operator']) retrieved from /home/airflow/.local/lib/python3.7/site-packages/airflow/example_dags/example_python_operator.py
[2022-08-22 22:11:58,402] {logging_mixin.py:115} INFO - [2022-08-22 22:11:58,402] {dag.py:2420} INFO - Sync 1 DAGs
[2022-08-22 22:11:58,418] {logging_mixin.py:115} INFO - [2022-08-22 22:11:58,418] {dag.py:2972} INFO - Setting next_dagrun for example_python_operator to None, run_after=None
[2022-08-22 22:11:58,428] {processor.py:161} INFO - Processing /home/airflow/.local/lib/python3.7/site-packages/airflow/example_dags/example_python_operator.py took 0.068 seconds
[2022-08-22 22:12:28,923] {processor.py:153} INFO - Started process (PID=2218) to work on /home/airflow/.local/lib/python3.7/site-packages/airflow/example_dags/example_python_operator.py
[2022-08-22 22:12:28,924] {processor.py:641} INFO - Processing file /home/airflow/.local/lib/python3.7/site-packages/airflow/example_dags/example_python_operator.py for tasks to queue
[2022-08-22 22:12:28,924] {logging_mixin.py:115} INFO - [2022-08-22 22:12:28,924] {dagbag.py:508} INFO - Filling up the DagBag from /home/airflow/.local/lib/python3.7/site-packages/airflow/example_dags/example_python_operator.py
[2022-08-22 22:12:28,936] {processor.py:651} INFO - DAG(s) dict_keys(['example_python_operator']) retrieved from /home/airflow/.local/lib/python3.7/site-packages/airflow/example_dags/example_python_operator.py
[2022-08-22 22:12:28,955] {logging_mixin.py:115} INFO - [2022-08-22 22:12:28,955] {dag.py:2420} INFO - Sync 1 DAGs
[2022-08-22 22:12:28,972] {logging_mixin.py:115} INFO - [2022-08-22 22:12:28,972] {dag.py:2972} INFO - Setting next_dagrun for example_python_operator to None, run_after=None
[2022-08-22 22:12:28,982] {processor.py:161} INFO - Processing /home/airflow/.local/lib/python3.7/site-packages/airflow/example_dags/example_python_operator.py took 0.061 seconds
[2022-08-22 22:12:59,497] {processor.py:153} INFO - Started process (PID=2279) to work on /home/airflow/.local/lib/python3.7/site-packages/airflow/example_dags/example_python_operator.py
[2022-08-22 22:12:59,497] {processor.py:641} INFO - Processing file /home/airflow/.local/lib/python3.7/site-packages/airflow/example_dags/example_python_operator.py for tasks to queue
[2022-08-22 22:12:59,498] {logging_mixin.py:115} INFO - [2022-08-22 22:12:59,498] {dagbag.py:508} INFO - Filling up the DagBag from /home/airflow/.local/lib/python3.7/site-packages/airflow/example_dags/example_python_operator.py
[2022-08-22 22:12:59,525] {processor.py:651} INFO - DAG(s) dict_keys(['example_python_operator']) retrieved from /home/airflow/.local/lib/python3.7/site-packages/airflow/example_dags/example_python_operator.py
[2022-08-22 22:12:59,550] {logging_mixin.py:115} INFO - [2022-08-22 22:12:59,550] {dag.py:2420} INFO - Sync 1 DAGs
[2022-08-22 22:12:59,572] {logging_mixin.py:115} INFO - [2022-08-22 22:12:59,572] {dag.py:2972} INFO - Setting next_dagrun for example_python_operator to None, run_after=None
[2022-08-22 22:12:59,582] {processor.py:161} INFO - Processing /home/airflow/.local/lib/python3.7/site-packages/airflow/example_dags/example_python_operator.py took 0.090 seconds
[2022-08-22 22:13:30,092] {processor.py:153} INFO - Started process (PID=2340) to work on /home/airflow/.local/lib/python3.7/site-packages/airflow/example_dags/example_python_operator.py
[2022-08-22 22:13:30,092] {processor.py:641} INFO - Processing file /home/airflow/.local/lib/python3.7/site-packages/airflow/example_dags/example_python_operator.py for tasks to queue
[2022-08-22 22:13:30,093] {logging_mixin.py:115} INFO - [2022-08-22 22:13:30,093] {dagbag.py:508} INFO - Filling up the DagBag from /home/airflow/.local/lib/python3.7/site-packages/airflow/example_dags/example_python_operator.py
[2022-08-22 22:13:30,107] {processor.py:651} INFO - DAG(s) dict_keys(['example_python_operator']) retrieved from /home/airflow/.local/lib/python3.7/site-packages/airflow/example_dags/example_python_operator.py
[2022-08-22 22:13:30,129] {logging_mixin.py:115} INFO - [2022-08-22 22:13:30,128] {dag.py:2420} INFO - Sync 1 DAGs
[2022-08-22 22:13:30,148] {logging_mixin.py:115} INFO - [2022-08-22 22:13:30,148] {dag.py:2972} INFO - Setting next_dagrun for example_python_operator to None, run_after=None
[2022-08-22 22:13:30,159] {processor.py:161} INFO - Processing /home/airflow/.local/lib/python3.7/site-packages/airflow/example_dags/example_python_operator.py took 0.070 seconds
[2022-08-22 22:14:00,798] {processor.py:153} INFO - Started process (PID=2392) to work on /home/airflow/.local/lib/python3.7/site-packages/airflow/example_dags/example_python_operator.py
[2022-08-22 22:14:00,798] {processor.py:641} INFO - Processing file /home/airflow/.local/lib/python3.7/site-packages/airflow/example_dags/example_python_operator.py for tasks to queue
[2022-08-22 22:14:00,798] {logging_mixin.py:115} INFO - [2022-08-22 22:14:00,798] {dagbag.py:508} INFO - Filling up the DagBag from /home/airflow/.local/lib/python3.7/site-packages/airflow/example_dags/example_python_operator.py
[2022-08-22 22:14:00,811] {processor.py:651} INFO - DAG(s) dict_keys(['example_python_operator']) retrieved from /home/airflow/.local/lib/python3.7/site-packages/airflow/example_dags/example_python_operator.py
[2022-08-22 22:14:00,829] {logging_mixin.py:115} INFO - [2022-08-22 22:14:00,829] {dag.py:2420} INFO - Sync 1 DAGs
[2022-08-22 22:14:00,846] {logging_mixin.py:115} INFO - [2022-08-22 22:14:00,846] {dag.py:2972} INFO - Setting next_dagrun for example_python_operator to None, run_after=None
[2022-08-22 22:14:00,855] {processor.py:161} INFO - Processing /home/airflow/.local/lib/python3.7/site-packages/airflow/example_dags/example_python_operator.py took 0.060 seconds
[2022-08-22 22:14:31,393] {processor.py:153} INFO - Started process (PID=2453) to work on /home/airflow/.local/lib/python3.7/site-packages/airflow/example_dags/example_python_operator.py
[2022-08-22 22:14:31,393] {processor.py:641} INFO - Processing file /home/airflow/.local/lib/python3.7/site-packages/airflow/example_dags/example_python_operator.py for tasks to queue
[2022-08-22 22:14:31,394] {logging_mixin.py:115} INFO - [2022-08-22 22:14:31,394] {dagbag.py:508} INFO - Filling up the DagBag from /home/airflow/.local/lib/python3.7/site-packages/airflow/example_dags/example_python_operator.py
[2022-08-22 22:14:31,419] {processor.py:651} INFO - DAG(s) dict_keys(['example_python_operator']) retrieved from /home/airflow/.local/lib/python3.7/site-packages/airflow/example_dags/example_python_operator.py
[2022-08-22 22:14:31,443] {logging_mixin.py:115} INFO - [2022-08-22 22:14:31,443] {dag.py:2420} INFO - Sync 1 DAGs
[2022-08-22 22:14:31,463] {logging_mixin.py:115} INFO - [2022-08-22 22:14:31,463] {dag.py:2972} INFO - Setting next_dagrun for example_python_operator to None, run_after=None
[2022-08-22 22:14:31,473] {processor.py:161} INFO - Processing /home/airflow/.local/lib/python3.7/site-packages/airflow/example_dags/example_python_operator.py took 0.085 seconds
[2022-08-22 22:15:01,967] {processor.py:153} INFO - Started process (PID=2514) to work on /home/airflow/.local/lib/python3.7/site-packages/airflow/example_dags/example_python_operator.py
[2022-08-22 22:15:01,967] {processor.py:641} INFO - Processing file /home/airflow/.local/lib/python3.7/site-packages/airflow/example_dags/example_python_operator.py for tasks to queue
[2022-08-22 22:15:01,968] {logging_mixin.py:115} INFO - [2022-08-22 22:15:01,968] {dagbag.py:508} INFO - Filling up the DagBag from /home/airflow/.local/lib/python3.7/site-packages/airflow/example_dags/example_python_operator.py
[2022-08-22 22:15:01,981] {processor.py:651} INFO - DAG(s) dict_keys(['example_python_operator']) retrieved from /home/airflow/.local/lib/python3.7/site-packages/airflow/example_dags/example_python_operator.py
[2022-08-22 22:15:02,004] {logging_mixin.py:115} INFO - [2022-08-22 22:15:02,004] {dag.py:2420} INFO - Sync 1 DAGs
[2022-08-22 22:15:02,022] {logging_mixin.py:115} INFO - [2022-08-22 22:15:02,022] {dag.py:2972} INFO - Setting next_dagrun for example_python_operator to None, run_after=None
[2022-08-22 22:15:02,032] {processor.py:161} INFO - Processing /home/airflow/.local/lib/python3.7/site-packages/airflow/example_dags/example_python_operator.py took 0.068 seconds
[2022-08-22 22:15:32,691] {processor.py:153} INFO - Started process (PID=2566) to work on /home/airflow/.local/lib/python3.7/site-packages/airflow/example_dags/example_python_operator.py
[2022-08-22 22:15:32,691] {processor.py:641} INFO - Processing file /home/airflow/.local/lib/python3.7/site-packages/airflow/example_dags/example_python_operator.py for tasks to queue
[2022-08-22 22:15:32,692] {logging_mixin.py:115} INFO - [2022-08-22 22:15:32,692] {dagbag.py:508} INFO - Filling up the DagBag from /home/airflow/.local/lib/python3.7/site-packages/airflow/example_dags/example_python_operator.py
[2022-08-22 22:15:32,704] {processor.py:651} INFO - DAG(s) dict_keys(['example_python_operator']) retrieved from /home/airflow/.local/lib/python3.7/site-packages/airflow/example_dags/example_python_operator.py
[2022-08-22 22:15:32,722] {logging_mixin.py:115} INFO - [2022-08-22 22:15:32,722] {dag.py:2420} INFO - Sync 1 DAGs
[2022-08-22 22:15:32,740] {logging_mixin.py:115} INFO - [2022-08-22 22:15:32,740] {dag.py:2972} INFO - Setting next_dagrun for example_python_operator to None, run_after=None
[2022-08-22 22:15:32,749] {processor.py:161} INFO - Processing /home/airflow/.local/lib/python3.7/site-packages/airflow/example_dags/example_python_operator.py took 0.061 seconds
[2022-08-22 22:16:03,258] {processor.py:153} INFO - Started process (PID=2627) to work on /home/airflow/.local/lib/python3.7/site-packages/airflow/example_dags/example_python_operator.py
[2022-08-22 22:16:03,258] {processor.py:641} INFO - Processing file /home/airflow/.local/lib/python3.7/site-packages/airflow/example_dags/example_python_operator.py for tasks to queue
[2022-08-22 22:16:03,259] {logging_mixin.py:115} INFO - [2022-08-22 22:16:03,259] {dagbag.py:508} INFO - Filling up the DagBag from /home/airflow/.local/lib/python3.7/site-packages/airflow/example_dags/example_python_operator.py
[2022-08-22 22:16:03,287] {processor.py:651} INFO - DAG(s) dict_keys(['example_python_operator']) retrieved from /home/airflow/.local/lib/python3.7/site-packages/airflow/example_dags/example_python_operator.py
[2022-08-22 22:16:03,308] {logging_mixin.py:115} INFO - [2022-08-22 22:16:03,307] {dag.py:2420} INFO - Sync 1 DAGs
[2022-08-22 22:16:03,325] {logging_mixin.py:115} INFO - [2022-08-22 22:16:03,324] {dag.py:2972} INFO - Setting next_dagrun for example_python_operator to None, run_after=None
[2022-08-22 22:16:03,334] {processor.py:161} INFO - Processing /home/airflow/.local/lib/python3.7/site-packages/airflow/example_dags/example_python_operator.py took 0.081 seconds
[2022-08-22 22:16:33,893] {processor.py:153} INFO - Started process (PID=2688) to work on /home/airflow/.local/lib/python3.7/site-packages/airflow/example_dags/example_python_operator.py
[2022-08-22 22:16:33,893] {processor.py:641} INFO - Processing file /home/airflow/.local/lib/python3.7/site-packages/airflow/example_dags/example_python_operator.py for tasks to queue
[2022-08-22 22:16:33,894] {logging_mixin.py:115} INFO - [2022-08-22 22:16:33,894] {dagbag.py:508} INFO - Filling up the DagBag from /home/airflow/.local/lib/python3.7/site-packages/airflow/example_dags/example_python_operator.py
[2022-08-22 22:16:33,908] {processor.py:651} INFO - DAG(s) dict_keys(['example_python_operator']) retrieved from /home/airflow/.local/lib/python3.7/site-packages/airflow/example_dags/example_python_operator.py
[2022-08-22 22:16:33,925] {logging_mixin.py:115} INFO - [2022-08-22 22:16:33,925] {dag.py:2420} INFO - Sync 1 DAGs
[2022-08-22 22:16:33,942] {logging_mixin.py:115} INFO - [2022-08-22 22:16:33,942] {dag.py:2972} INFO - Setting next_dagrun for example_python_operator to None, run_after=None
[2022-08-22 22:16:33,952] {processor.py:161} INFO - Processing /home/airflow/.local/lib/python3.7/site-packages/airflow/example_dags/example_python_operator.py took 0.062 seconds
[2022-08-22 22:17:04,587] {processor.py:153} INFO - Started process (PID=2749) to work on /home/airflow/.local/lib/python3.7/site-packages/airflow/example_dags/example_python_operator.py
[2022-08-22 22:17:04,588] {processor.py:641} INFO - Processing file /home/airflow/.local/lib/python3.7/site-packages/airflow/example_dags/example_python_operator.py for tasks to queue
[2022-08-22 22:17:04,588] {logging_mixin.py:115} INFO - [2022-08-22 22:17:04,588] {dagbag.py:508} INFO - Filling up the DagBag from /home/airflow/.local/lib/python3.7/site-packages/airflow/example_dags/example_python_operator.py
[2022-08-22 22:17:04,601] {processor.py:651} INFO - DAG(s) dict_keys(['example_python_operator']) retrieved from /home/airflow/.local/lib/python3.7/site-packages/airflow/example_dags/example_python_operator.py
[2022-08-22 22:17:04,621] {logging_mixin.py:115} INFO - [2022-08-22 22:17:04,621] {dag.py:2420} INFO - Sync 1 DAGs
[2022-08-22 22:17:04,639] {logging_mixin.py:115} INFO - [2022-08-22 22:17:04,639] {dag.py:2972} INFO - Setting next_dagrun for example_python_operator to None, run_after=None
[2022-08-22 22:17:04,650] {processor.py:161} INFO - Processing /home/airflow/.local/lib/python3.7/site-packages/airflow/example_dags/example_python_operator.py took 0.066 seconds
[2022-08-22 22:17:35,132] {processor.py:153} INFO - Started process (PID=2801) to work on /home/airflow/.local/lib/python3.7/site-packages/airflow/example_dags/example_python_operator.py
[2022-08-22 22:17:35,132] {processor.py:641} INFO - Processing file /home/airflow/.local/lib/python3.7/site-packages/airflow/example_dags/example_python_operator.py for tasks to queue
[2022-08-22 22:17:35,133] {logging_mixin.py:115} INFO - [2022-08-22 22:17:35,133] {dagbag.py:508} INFO - Filling up the DagBag from /home/airflow/.local/lib/python3.7/site-packages/airflow/example_dags/example_python_operator.py
[2022-08-22 22:17:35,146] {processor.py:651} INFO - DAG(s) dict_keys(['example_python_operator']) retrieved from /home/airflow/.local/lib/python3.7/site-packages/airflow/example_dags/example_python_operator.py
[2022-08-22 22:17:35,165] {logging_mixin.py:115} INFO - [2022-08-22 22:17:35,164] {dag.py:2420} INFO - Sync 1 DAGs
[2022-08-22 22:17:35,182] {logging_mixin.py:115} INFO - [2022-08-22 22:17:35,182] {dag.py:2972} INFO - Setting next_dagrun for example_python_operator to None, run_after=None
[2022-08-22 22:17:35,191] {processor.py:161} INFO - Processing /home/airflow/.local/lib/python3.7/site-packages/airflow/example_dags/example_python_operator.py took 0.061 seconds
[2022-08-22 22:18:05,759] {processor.py:153} INFO - Started process (PID=2862) to work on /home/airflow/.local/lib/python3.7/site-packages/airflow/example_dags/example_python_operator.py
[2022-08-22 22:18:05,759] {processor.py:641} INFO - Processing file /home/airflow/.local/lib/python3.7/site-packages/airflow/example_dags/example_python_operator.py for tasks to queue
[2022-08-22 22:18:05,760] {logging_mixin.py:115} INFO - [2022-08-22 22:18:05,760] {dagbag.py:508} INFO - Filling up the DagBag from /home/airflow/.local/lib/python3.7/site-packages/airflow/example_dags/example_python_operator.py
[2022-08-22 22:18:05,772] {processor.py:651} INFO - DAG(s) dict_keys(['example_python_operator']) retrieved from /home/airflow/.local/lib/python3.7/site-packages/airflow/example_dags/example_python_operator.py
[2022-08-22 22:18:05,790] {logging_mixin.py:115} INFO - [2022-08-22 22:18:05,790] {dag.py:2420} INFO - Sync 1 DAGs
[2022-08-22 22:18:05,807] {logging_mixin.py:115} INFO - [2022-08-22 22:18:05,807] {dag.py:2972} INFO - Setting next_dagrun for example_python_operator to None, run_after=None
[2022-08-22 22:18:05,817] {processor.py:161} INFO - Processing /home/airflow/.local/lib/python3.7/site-packages/airflow/example_dags/example_python_operator.py took 0.060 seconds
[2022-08-22 22:18:36,385] {processor.py:153} INFO - Started process (PID=2923) to work on /home/airflow/.local/lib/python3.7/site-packages/airflow/example_dags/example_python_operator.py
[2022-08-22 22:18:36,386] {processor.py:641} INFO - Processing file /home/airflow/.local/lib/python3.7/site-packages/airflow/example_dags/example_python_operator.py for tasks to queue
[2022-08-22 22:18:36,387] {logging_mixin.py:115} INFO - [2022-08-22 22:18:36,387] {dagbag.py:508} INFO - Filling up the DagBag from /home/airflow/.local/lib/python3.7/site-packages/airflow/example_dags/example_python_operator.py
[2022-08-22 22:18:36,412] {processor.py:651} INFO - DAG(s) dict_keys(['example_python_operator']) retrieved from /home/airflow/.local/lib/python3.7/site-packages/airflow/example_dags/example_python_operator.py
[2022-08-22 22:18:36,432] {logging_mixin.py:115} INFO - [2022-08-22 22:18:36,432] {dag.py:2420} INFO - Sync 1 DAGs
[2022-08-22 22:18:36,449] {logging_mixin.py:115} INFO - [2022-08-22 22:18:36,449] {dag.py:2972} INFO - Setting next_dagrun for example_python_operator to None, run_after=None
[2022-08-22 22:18:36,459] {processor.py:161} INFO - Processing /home/airflow/.local/lib/python3.7/site-packages/airflow/example_dags/example_python_operator.py took 0.077 seconds
[2022-08-22 22:19:06,947] {processor.py:153} INFO - Started process (PID=2985) to work on /home/airflow/.local/lib/python3.7/site-packages/airflow/example_dags/example_python_operator.py
[2022-08-22 22:19:06,947] {processor.py:641} INFO - Processing file /home/airflow/.local/lib/python3.7/site-packages/airflow/example_dags/example_python_operator.py for tasks to queue
[2022-08-22 22:19:06,948] {logging_mixin.py:115} INFO - [2022-08-22 22:19:06,948] {dagbag.py:508} INFO - Filling up the DagBag from /home/airflow/.local/lib/python3.7/site-packages/airflow/example_dags/example_python_operator.py
[2022-08-22 22:19:06,960] {processor.py:651} INFO - DAG(s) dict_keys(['example_python_operator']) retrieved from /home/airflow/.local/lib/python3.7/site-packages/airflow/example_dags/example_python_operator.py
[2022-08-22 22:19:06,979] {logging_mixin.py:115} INFO - [2022-08-22 22:19:06,978] {dag.py:2420} INFO - Sync 1 DAGs
[2022-08-22 22:19:06,998] {logging_mixin.py:115} INFO - [2022-08-22 22:19:06,998] {dag.py:2972} INFO - Setting next_dagrun for example_python_operator to None, run_after=None
[2022-08-22 22:19:07,010] {processor.py:161} INFO - Processing /home/airflow/.local/lib/python3.7/site-packages/airflow/example_dags/example_python_operator.py took 0.065 seconds
[2022-08-22 22:19:37,707] {processor.py:153} INFO - Started process (PID=3037) to work on /home/airflow/.local/lib/python3.7/site-packages/airflow/example_dags/example_python_operator.py
[2022-08-22 22:19:37,708] {processor.py:641} INFO - Processing file /home/airflow/.local/lib/python3.7/site-packages/airflow/example_dags/example_python_operator.py for tasks to queue
[2022-08-22 22:19:37,709] {logging_mixin.py:115} INFO - [2022-08-22 22:19:37,709] {dagbag.py:508} INFO - Filling up the DagBag from /home/airflow/.local/lib/python3.7/site-packages/airflow/example_dags/example_python_operator.py
[2022-08-22 22:19:37,735] {processor.py:651} INFO - DAG(s) dict_keys(['example_python_operator']) retrieved from /home/airflow/.local/lib/python3.7/site-packages/airflow/example_dags/example_python_operator.py
[2022-08-22 22:19:37,756] {logging_mixin.py:115} INFO - [2022-08-22 22:19:37,755] {dag.py:2420} INFO - Sync 1 DAGs
[2022-08-22 22:19:37,774] {logging_mixin.py:115} INFO - [2022-08-22 22:19:37,774] {dag.py:2972} INFO - Setting next_dagrun for example_python_operator to None, run_after=None
[2022-08-22 22:19:37,784] {processor.py:161} INFO - Processing /home/airflow/.local/lib/python3.7/site-packages/airflow/example_dags/example_python_operator.py took 0.081 seconds
[2022-08-22 22:20:08,429] {processor.py:153} INFO - Started process (PID=3098) to work on /home/airflow/.local/lib/python3.7/site-packages/airflow/example_dags/example_python_operator.py
[2022-08-22 22:20:08,430] {processor.py:641} INFO - Processing file /home/airflow/.local/lib/python3.7/site-packages/airflow/example_dags/example_python_operator.py for tasks to queue
[2022-08-22 22:20:08,430] {logging_mixin.py:115} INFO - [2022-08-22 22:20:08,430] {dagbag.py:508} INFO - Filling up the DagBag from /home/airflow/.local/lib/python3.7/site-packages/airflow/example_dags/example_python_operator.py
[2022-08-22 22:20:08,442] {processor.py:651} INFO - DAG(s) dict_keys(['example_python_operator']) retrieved from /home/airflow/.local/lib/python3.7/site-packages/airflow/example_dags/example_python_operator.py
[2022-08-22 22:20:08,462] {logging_mixin.py:115} INFO - [2022-08-22 22:20:08,462] {dag.py:2420} INFO - Sync 1 DAGs
[2022-08-22 22:20:08,479] {logging_mixin.py:115} INFO - [2022-08-22 22:20:08,479] {dag.py:2972} INFO - Setting next_dagrun for example_python_operator to None, run_after=None
[2022-08-22 22:20:08,489] {processor.py:161} INFO - Processing /home/airflow/.local/lib/python3.7/site-packages/airflow/example_dags/example_python_operator.py took 0.061 seconds
[2022-08-22 22:20:39,196] {processor.py:153} INFO - Started process (PID=3159) to work on /home/airflow/.local/lib/python3.7/site-packages/airflow/example_dags/example_python_operator.py
[2022-08-22 22:20:39,197] {processor.py:641} INFO - Processing file /home/airflow/.local/lib/python3.7/site-packages/airflow/example_dags/example_python_operator.py for tasks to queue
[2022-08-22 22:20:39,197] {logging_mixin.py:115} INFO - [2022-08-22 22:20:39,197] {dagbag.py:508} INFO - Filling up the DagBag from /home/airflow/.local/lib/python3.7/site-packages/airflow/example_dags/example_python_operator.py
[2022-08-22 22:20:39,210] {processor.py:651} INFO - DAG(s) dict_keys(['example_python_operator']) retrieved from /home/airflow/.local/lib/python3.7/site-packages/airflow/example_dags/example_python_operator.py
[2022-08-22 22:20:39,229] {logging_mixin.py:115} INFO - [2022-08-22 22:20:39,229] {dag.py:2420} INFO - Sync 1 DAGs
[2022-08-22 22:20:39,247] {logging_mixin.py:115} INFO - [2022-08-22 22:20:39,247] {dag.py:2972} INFO - Setting next_dagrun for example_python_operator to None, run_after=None
[2022-08-22 22:20:39,257] {processor.py:161} INFO - Processing /home/airflow/.local/lib/python3.7/site-packages/airflow/example_dags/example_python_operator.py took 0.063 seconds
[2022-08-22 22:21:09,783] {processor.py:153} INFO - Started process (PID=3220) to work on /home/airflow/.local/lib/python3.7/site-packages/airflow/example_dags/example_python_operator.py
[2022-08-22 22:21:09,783] {processor.py:641} INFO - Processing file /home/airflow/.local/lib/python3.7/site-packages/airflow/example_dags/example_python_operator.py for tasks to queue
[2022-08-22 22:21:09,784] {logging_mixin.py:115} INFO - [2022-08-22 22:21:09,784] {dagbag.py:508} INFO - Filling up the DagBag from /home/airflow/.local/lib/python3.7/site-packages/airflow/example_dags/example_python_operator.py
[2022-08-22 22:21:09,799] {processor.py:651} INFO - DAG(s) dict_keys(['example_python_operator']) retrieved from /home/airflow/.local/lib/python3.7/site-packages/airflow/example_dags/example_python_operator.py
[2022-08-22 22:21:09,827] {logging_mixin.py:115} INFO - [2022-08-22 22:21:09,827] {dag.py:2420} INFO - Sync 1 DAGs
[2022-08-22 22:21:09,848] {logging_mixin.py:115} INFO - [2022-08-22 22:21:09,848] {dag.py:2972} INFO - Setting next_dagrun for example_python_operator to None, run_after=None
[2022-08-22 22:21:09,860] {processor.py:161} INFO - Processing /home/airflow/.local/lib/python3.7/site-packages/airflow/example_dags/example_python_operator.py took 0.080 seconds
[2022-08-22 22:21:40,246] {processor.py:153} INFO - Started process (PID=3272) to work on /home/airflow/.local/lib/python3.7/site-packages/airflow/example_dags/example_python_operator.py
[2022-08-22 22:21:40,246] {processor.py:641} INFO - Processing file /home/airflow/.local/lib/python3.7/site-packages/airflow/example_dags/example_python_operator.py for tasks to queue
[2022-08-22 22:21:40,246] {logging_mixin.py:115} INFO - [2022-08-22 22:21:40,246] {dagbag.py:508} INFO - Filling up the DagBag from /home/airflow/.local/lib/python3.7/site-packages/airflow/example_dags/example_python_operator.py
[2022-08-22 22:21:40,261] {processor.py:651} INFO - DAG(s) dict_keys(['example_python_operator']) retrieved from /home/airflow/.local/lib/python3.7/site-packages/airflow/example_dags/example_python_operator.py
[2022-08-22 22:21:40,332] {logging_mixin.py:115} INFO - [2022-08-22 22:21:40,332] {dag.py:2420} INFO - Sync 1 DAGs
[2022-08-22 22:21:40,349] {logging_mixin.py:115} INFO - [2022-08-22 22:21:40,349] {dag.py:2972} INFO - Setting next_dagrun for example_python_operator to None, run_after=None
[2022-08-22 22:21:40,359] {processor.py:161} INFO - Processing /home/airflow/.local/lib/python3.7/site-packages/airflow/example_dags/example_python_operator.py took 0.115 seconds
[2022-08-22 22:22:11,034] {processor.py:153} INFO - Started process (PID=3333) to work on /home/airflow/.local/lib/python3.7/site-packages/airflow/example_dags/example_python_operator.py
[2022-08-22 22:22:11,034] {processor.py:641} INFO - Processing file /home/airflow/.local/lib/python3.7/site-packages/airflow/example_dags/example_python_operator.py for tasks to queue
[2022-08-22 22:22:11,035] {logging_mixin.py:115} INFO - [2022-08-22 22:22:11,035] {dagbag.py:508} INFO - Filling up the DagBag from /home/airflow/.local/lib/python3.7/site-packages/airflow/example_dags/example_python_operator.py
[2022-08-22 22:22:11,060] {processor.py:651} INFO - DAG(s) dict_keys(['example_python_operator']) retrieved from /home/airflow/.local/lib/python3.7/site-packages/airflow/example_dags/example_python_operator.py
[2022-08-22 22:22:11,083] {logging_mixin.py:115} INFO - [2022-08-22 22:22:11,083] {dag.py:2420} INFO - Sync 1 DAGs
[2022-08-22 22:22:11,101] {logging_mixin.py:115} INFO - [2022-08-22 22:22:11,101] {dag.py:2972} INFO - Setting next_dagrun for example_python_operator to None, run_after=None
[2022-08-22 22:22:11,111] {processor.py:161} INFO - Processing /home/airflow/.local/lib/python3.7/site-packages/airflow/example_dags/example_python_operator.py took 0.082 seconds
[2022-08-22 22:22:41,690] {processor.py:153} INFO - Started process (PID=3394) to work on /home/airflow/.local/lib/python3.7/site-packages/airflow/example_dags/example_python_operator.py
[2022-08-22 22:22:41,690] {processor.py:641} INFO - Processing file /home/airflow/.local/lib/python3.7/site-packages/airflow/example_dags/example_python_operator.py for tasks to queue
[2022-08-22 22:22:41,691] {logging_mixin.py:115} INFO - [2022-08-22 22:22:41,691] {dagbag.py:508} INFO - Filling up the DagBag from /home/airflow/.local/lib/python3.7/site-packages/airflow/example_dags/example_python_operator.py
[2022-08-22 22:22:41,719] {processor.py:651} INFO - DAG(s) dict_keys(['example_python_operator']) retrieved from /home/airflow/.local/lib/python3.7/site-packages/airflow/example_dags/example_python_operator.py
[2022-08-22 22:22:41,737] {logging_mixin.py:115} INFO - [2022-08-22 22:22:41,737] {dag.py:2420} INFO - Sync 1 DAGs
[2022-08-22 22:22:41,754] {logging_mixin.py:115} INFO - [2022-08-22 22:22:41,754] {dag.py:2972} INFO - Setting next_dagrun for example_python_operator to None, run_after=None
[2022-08-22 22:22:41,764] {processor.py:161} INFO - Processing /home/airflow/.local/lib/python3.7/site-packages/airflow/example_dags/example_python_operator.py took 0.079 seconds
[2022-08-22 22:23:12,268] {processor.py:153} INFO - Started process (PID=3446) to work on /home/airflow/.local/lib/python3.7/site-packages/airflow/example_dags/example_python_operator.py
[2022-08-22 22:23:12,268] {processor.py:641} INFO - Processing file /home/airflow/.local/lib/python3.7/site-packages/airflow/example_dags/example_python_operator.py for tasks to queue
[2022-08-22 22:23:12,269] {logging_mixin.py:115} INFO - [2022-08-22 22:23:12,269] {dagbag.py:508} INFO - Filling up the DagBag from /home/airflow/.local/lib/python3.7/site-packages/airflow/example_dags/example_python_operator.py
[2022-08-22 22:23:12,282] {processor.py:651} INFO - DAG(s) dict_keys(['example_python_operator']) retrieved from /home/airflow/.local/lib/python3.7/site-packages/airflow/example_dags/example_python_operator.py
[2022-08-22 22:23:12,301] {logging_mixin.py:115} INFO - [2022-08-22 22:23:12,301] {dag.py:2420} INFO - Sync 1 DAGs
[2022-08-22 22:23:12,319] {logging_mixin.py:115} INFO - [2022-08-22 22:23:12,319] {dag.py:2972} INFO - Setting next_dagrun for example_python_operator to None, run_after=None
[2022-08-22 22:23:12,329] {processor.py:161} INFO - Processing /home/airflow/.local/lib/python3.7/site-packages/airflow/example_dags/example_python_operator.py took 0.063 seconds
[2022-08-22 22:23:42,955] {processor.py:153} INFO - Started process (PID=3507) to work on /home/airflow/.local/lib/python3.7/site-packages/airflow/example_dags/example_python_operator.py
[2022-08-22 22:23:42,956] {processor.py:641} INFO - Processing file /home/airflow/.local/lib/python3.7/site-packages/airflow/example_dags/example_python_operator.py for tasks to queue
[2022-08-22 22:23:42,956] {logging_mixin.py:115} INFO - [2022-08-22 22:23:42,956] {dagbag.py:508} INFO - Filling up the DagBag from /home/airflow/.local/lib/python3.7/site-packages/airflow/example_dags/example_python_operator.py
[2022-08-22 22:23:42,969] {processor.py:651} INFO - DAG(s) dict_keys(['example_python_operator']) retrieved from /home/airflow/.local/lib/python3.7/site-packages/airflow/example_dags/example_python_operator.py
[2022-08-22 22:23:42,989] {logging_mixin.py:115} INFO - [2022-08-22 22:23:42,988] {dag.py:2420} INFO - Sync 1 DAGs
[2022-08-22 22:23:43,007] {logging_mixin.py:115} INFO - [2022-08-22 22:23:43,007] {dag.py:2972} INFO - Setting next_dagrun for example_python_operator to None, run_after=None
[2022-08-22 22:23:43,017] {processor.py:161} INFO - Processing /home/airflow/.local/lib/python3.7/site-packages/airflow/example_dags/example_python_operator.py took 0.064 seconds
[2022-08-22 22:24:13,727] {processor.py:153} INFO - Started process (PID=3568) to work on /home/airflow/.local/lib/python3.7/site-packages/airflow/example_dags/example_python_operator.py
[2022-08-22 22:24:13,728] {processor.py:641} INFO - Processing file /home/airflow/.local/lib/python3.7/site-packages/airflow/example_dags/example_python_operator.py for tasks to queue
[2022-08-22 22:24:13,729] {logging_mixin.py:115} INFO - [2022-08-22 22:24:13,729] {dagbag.py:508} INFO - Filling up the DagBag from /home/airflow/.local/lib/python3.7/site-packages/airflow/example_dags/example_python_operator.py
[2022-08-22 22:24:13,760] {processor.py:651} INFO - DAG(s) dict_keys(['example_python_operator']) retrieved from /home/airflow/.local/lib/python3.7/site-packages/airflow/example_dags/example_python_operator.py
[2022-08-22 22:24:13,780] {logging_mixin.py:115} INFO - [2022-08-22 22:24:13,780] {dag.py:2420} INFO - Sync 1 DAGs
[2022-08-22 22:24:13,798] {logging_mixin.py:115} INFO - [2022-08-22 22:24:13,798] {dag.py:2972} INFO - Setting next_dagrun for example_python_operator to None, run_after=None
[2022-08-22 22:24:13,807] {processor.py:161} INFO - Processing /home/airflow/.local/lib/python3.7/site-packages/airflow/example_dags/example_python_operator.py took 0.085 seconds
[2022-08-22 22:24:44,482] {processor.py:153} INFO - Started process (PID=3629) to work on /home/airflow/.local/lib/python3.7/site-packages/airflow/example_dags/example_python_operator.py
[2022-08-22 22:24:44,482] {processor.py:641} INFO - Processing file /home/airflow/.local/lib/python3.7/site-packages/airflow/example_dags/example_python_operator.py for tasks to queue
[2022-08-22 22:24:44,482] {logging_mixin.py:115} INFO - [2022-08-22 22:24:44,482] {dagbag.py:508} INFO - Filling up the DagBag from /home/airflow/.local/lib/python3.7/site-packages/airflow/example_dags/example_python_operator.py
[2022-08-22 22:24:44,495] {processor.py:651} INFO - DAG(s) dict_keys(['example_python_operator']) retrieved from /home/airflow/.local/lib/python3.7/site-packages/airflow/example_dags/example_python_operator.py
[2022-08-22 22:24:44,516] {logging_mixin.py:115} INFO - [2022-08-22 22:24:44,516] {dag.py:2420} INFO - Sync 1 DAGs
[2022-08-22 22:24:44,534] {logging_mixin.py:115} INFO - [2022-08-22 22:24:44,534] {dag.py:2972} INFO - Setting next_dagrun for example_python_operator to None, run_after=None
[2022-08-22 22:24:44,542] {processor.py:161} INFO - Processing /home/airflow/.local/lib/python3.7/site-packages/airflow/example_dags/example_python_operator.py took 0.063 seconds
[2022-08-22 22:25:15,051] {processor.py:153} INFO - Started process (PID=3681) to work on /home/airflow/.local/lib/python3.7/site-packages/airflow/example_dags/example_python_operator.py
[2022-08-22 22:25:15,051] {processor.py:641} INFO - Processing file /home/airflow/.local/lib/python3.7/site-packages/airflow/example_dags/example_python_operator.py for tasks to queue
[2022-08-22 22:25:15,052] {logging_mixin.py:115} INFO - [2022-08-22 22:25:15,052] {dagbag.py:508} INFO - Filling up the DagBag from /home/airflow/.local/lib/python3.7/site-packages/airflow/example_dags/example_python_operator.py
[2022-08-22 22:25:15,065] {processor.py:651} INFO - DAG(s) dict_keys(['example_python_operator']) retrieved from /home/airflow/.local/lib/python3.7/site-packages/airflow/example_dags/example_python_operator.py
[2022-08-22 22:25:15,087] {logging_mixin.py:115} INFO - [2022-08-22 22:25:15,087] {dag.py:2420} INFO - Sync 1 DAGs
[2022-08-22 22:25:15,106] {logging_mixin.py:115} INFO - [2022-08-22 22:25:15,106] {dag.py:2972} INFO - Setting next_dagrun for example_python_operator to None, run_after=None
[2022-08-22 22:25:15,117] {processor.py:161} INFO - Processing /home/airflow/.local/lib/python3.7/site-packages/airflow/example_dags/example_python_operator.py took 0.068 seconds
[2022-08-22 22:25:45,838] {processor.py:153} INFO - Started process (PID=3742) to work on /home/airflow/.local/lib/python3.7/site-packages/airflow/example_dags/example_python_operator.py
[2022-08-22 22:25:45,838] {processor.py:641} INFO - Processing file /home/airflow/.local/lib/python3.7/site-packages/airflow/example_dags/example_python_operator.py for tasks to queue
[2022-08-22 22:25:45,839] {logging_mixin.py:115} INFO - [2022-08-22 22:25:45,839] {dagbag.py:508} INFO - Filling up the DagBag from /home/airflow/.local/lib/python3.7/site-packages/airflow/example_dags/example_python_operator.py
[2022-08-22 22:25:45,854] {processor.py:651} INFO - DAG(s) dict_keys(['example_python_operator']) retrieved from /home/airflow/.local/lib/python3.7/site-packages/airflow/example_dags/example_python_operator.py
[2022-08-22 22:25:45,880] {logging_mixin.py:115} INFO - [2022-08-22 22:25:45,880] {dag.py:2420} INFO - Sync 1 DAGs
[2022-08-22 22:25:45,902] {logging_mixin.py:115} INFO - [2022-08-22 22:25:45,902] {dag.py:2972} INFO - Setting next_dagrun for example_python_operator to None, run_after=None
[2022-08-22 22:25:45,912] {processor.py:161} INFO - Processing /home/airflow/.local/lib/python3.7/site-packages/airflow/example_dags/example_python_operator.py took 0.077 seconds
[2022-08-22 22:26:16,434] {processor.py:153} INFO - Started process (PID=3803) to work on /home/airflow/.local/lib/python3.7/site-packages/airflow/example_dags/example_python_operator.py
[2022-08-22 22:26:16,435] {processor.py:641} INFO - Processing file /home/airflow/.local/lib/python3.7/site-packages/airflow/example_dags/example_python_operator.py for tasks to queue
[2022-08-22 22:26:16,435] {logging_mixin.py:115} INFO - [2022-08-22 22:26:16,435] {dagbag.py:508} INFO - Filling up the DagBag from /home/airflow/.local/lib/python3.7/site-packages/airflow/example_dags/example_python_operator.py
[2022-08-22 22:26:16,448] {processor.py:651} INFO - DAG(s) dict_keys(['example_python_operator']) retrieved from /home/airflow/.local/lib/python3.7/site-packages/airflow/example_dags/example_python_operator.py
[2022-08-22 22:26:16,467] {logging_mixin.py:115} INFO - [2022-08-22 22:26:16,466] {dag.py:2420} INFO - Sync 1 DAGs
[2022-08-22 22:26:16,485] {logging_mixin.py:115} INFO - [2022-08-22 22:26:16,485] {dag.py:2972} INFO - Setting next_dagrun for example_python_operator to None, run_after=None
[2022-08-22 22:26:16,494] {processor.py:161} INFO - Processing /home/airflow/.local/lib/python3.7/site-packages/airflow/example_dags/example_python_operator.py took 0.062 seconds
[2022-08-22 22:26:47,186] {processor.py:153} INFO - Started process (PID=3864) to work on /home/airflow/.local/lib/python3.7/site-packages/airflow/example_dags/example_python_operator.py
[2022-08-22 22:26:47,186] {processor.py:641} INFO - Processing file /home/airflow/.local/lib/python3.7/site-packages/airflow/example_dags/example_python_operator.py for tasks to queue
[2022-08-22 22:26:47,186] {logging_mixin.py:115} INFO - [2022-08-22 22:26:47,186] {dagbag.py:508} INFO - Filling up the DagBag from /home/airflow/.local/lib/python3.7/site-packages/airflow/example_dags/example_python_operator.py
[2022-08-22 22:26:47,200] {processor.py:651} INFO - DAG(s) dict_keys(['example_python_operator']) retrieved from /home/airflow/.local/lib/python3.7/site-packages/airflow/example_dags/example_python_operator.py
[2022-08-22 22:26:47,221] {logging_mixin.py:115} INFO - [2022-08-22 22:26:47,220] {dag.py:2420} INFO - Sync 1 DAGs
[2022-08-22 22:26:47,240] {logging_mixin.py:115} INFO - [2022-08-22 22:26:47,239] {dag.py:2972} INFO - Setting next_dagrun for example_python_operator to None, run_after=None
[2022-08-22 22:26:47,250] {processor.py:161} INFO - Processing /home/airflow/.local/lib/python3.7/site-packages/airflow/example_dags/example_python_operator.py took 0.066 seconds
[2022-08-22 22:27:17,887] {processor.py:153} INFO - Started process (PID=3916) to work on /home/airflow/.local/lib/python3.7/site-packages/airflow/example_dags/example_python_operator.py
[2022-08-22 22:27:17,888] {processor.py:641} INFO - Processing file /home/airflow/.local/lib/python3.7/site-packages/airflow/example_dags/example_python_operator.py for tasks to queue
[2022-08-22 22:27:17,888] {logging_mixin.py:115} INFO - [2022-08-22 22:27:17,888] {dagbag.py:508} INFO - Filling up the DagBag from /home/airflow/.local/lib/python3.7/site-packages/airflow/example_dags/example_python_operator.py
[2022-08-22 22:27:17,915] {processor.py:651} INFO - DAG(s) dict_keys(['example_python_operator']) retrieved from /home/airflow/.local/lib/python3.7/site-packages/airflow/example_dags/example_python_operator.py
[2022-08-22 22:27:17,938] {logging_mixin.py:115} INFO - [2022-08-22 22:27:17,938] {dag.py:2420} INFO - Sync 1 DAGs
[2022-08-22 22:27:17,956] {logging_mixin.py:115} INFO - [2022-08-22 22:27:17,956] {dag.py:2972} INFO - Setting next_dagrun for example_python_operator to None, run_after=None
[2022-08-22 22:27:17,965] {processor.py:161} INFO - Processing /home/airflow/.local/lib/python3.7/site-packages/airflow/example_dags/example_python_operator.py took 0.082 seconds
[2022-08-22 22:27:48,777] {processor.py:153} INFO - Started process (PID=3977) to work on /home/airflow/.local/lib/python3.7/site-packages/airflow/example_dags/example_python_operator.py
[2022-08-22 22:27:48,778] {processor.py:641} INFO - Processing file /home/airflow/.local/lib/python3.7/site-packages/airflow/example_dags/example_python_operator.py for tasks to queue
[2022-08-22 22:27:48,779] {logging_mixin.py:115} INFO - [2022-08-22 22:27:48,778] {dagbag.py:508} INFO - Filling up the DagBag from /home/airflow/.local/lib/python3.7/site-packages/airflow/example_dags/example_python_operator.py
[2022-08-22 22:27:48,803] {processor.py:651} INFO - DAG(s) dict_keys(['example_python_operator']) retrieved from /home/airflow/.local/lib/python3.7/site-packages/airflow/example_dags/example_python_operator.py
[2022-08-22 22:27:48,828] {logging_mixin.py:115} INFO - [2022-08-22 22:27:48,828] {dag.py:2420} INFO - Sync 1 DAGs
[2022-08-22 22:27:48,847] {logging_mixin.py:115} INFO - [2022-08-22 22:27:48,847] {dag.py:2972} INFO - Setting next_dagrun for example_python_operator to None, run_after=None
[2022-08-22 22:27:48,856] {processor.py:161} INFO - Processing /home/airflow/.local/lib/python3.7/site-packages/airflow/example_dags/example_python_operator.py took 0.083 seconds
[2022-08-22 22:28:19,266] {processor.py:153} INFO - Started process (PID=4038) to work on /home/airflow/.local/lib/python3.7/site-packages/airflow/example_dags/example_python_operator.py
[2022-08-22 22:28:19,266] {processor.py:641} INFO - Processing file /home/airflow/.local/lib/python3.7/site-packages/airflow/example_dags/example_python_operator.py for tasks to queue
[2022-08-22 22:28:19,267] {logging_mixin.py:115} INFO - [2022-08-22 22:28:19,266] {dagbag.py:508} INFO - Filling up the DagBag from /home/airflow/.local/lib/python3.7/site-packages/airflow/example_dags/example_python_operator.py
[2022-08-22 22:28:19,279] {processor.py:651} INFO - DAG(s) dict_keys(['example_python_operator']) retrieved from /home/airflow/.local/lib/python3.7/site-packages/airflow/example_dags/example_python_operator.py
[2022-08-22 22:28:19,300] {logging_mixin.py:115} INFO - [2022-08-22 22:28:19,299] {dag.py:2420} INFO - Sync 1 DAGs
[2022-08-22 22:28:19,320] {logging_mixin.py:115} INFO - [2022-08-22 22:28:19,320] {dag.py:2972} INFO - Setting next_dagrun for example_python_operator to None, run_after=None
[2022-08-22 22:28:19,330] {processor.py:161} INFO - Processing /home/airflow/.local/lib/python3.7/site-packages/airflow/example_dags/example_python_operator.py took 0.067 seconds
