[2022-08-22 21:53:34,197] {processor.py:153} INFO - Started process (PID=78) to work on /home/airflow/.local/lib/python3.7/site-packages/airflow/example_dags/example_time_delta_sensor_async.py
[2022-08-22 21:53:34,198] {processor.py:641} INFO - Processing file /home/airflow/.local/lib/python3.7/site-packages/airflow/example_dags/example_time_delta_sensor_async.py for tasks to queue
[2022-08-22 21:53:34,199] {logging_mixin.py:115} INFO - [2022-08-22 21:53:34,199] {dagbag.py:508} INFO - Filling up the DagBag from /home/airflow/.local/lib/python3.7/site-packages/airflow/example_dags/example_time_delta_sensor_async.py
[2022-08-22 21:53:34,208] {processor.py:651} INFO - DAG(s) dict_keys(['example_time_delta_sensor_async']) retrieved from /home/airflow/.local/lib/python3.7/site-packages/airflow/example_dags/example_time_delta_sensor_async.py
[2022-08-22 21:53:34,336] {logging_mixin.py:115} INFO - [2022-08-22 21:53:34,336] {manager.py:508} INFO - Created Permission View: can edit on DAG:example_time_delta_sensor_async
[2022-08-22 21:53:34,351] {logging_mixin.py:115} INFO - [2022-08-22 21:53:34,351] {manager.py:508} INFO - Created Permission View: can read on DAG:example_time_delta_sensor_async
[2022-08-22 21:53:34,362] {logging_mixin.py:115} INFO - [2022-08-22 21:53:34,362] {manager.py:508} INFO - Created Permission View: can delete on DAG:example_time_delta_sensor_async
[2022-08-22 21:53:34,362] {logging_mixin.py:115} INFO - [2022-08-22 21:53:34,362] {dag.py:2420} INFO - Sync 1 DAGs
[2022-08-22 21:53:34,371] {logging_mixin.py:115} INFO - [2022-08-22 21:53:34,371] {dag.py:2439} INFO - Creating ORM DAG for example_time_delta_sensor_async
[2022-08-22 21:53:34,385] {logging_mixin.py:115} INFO - [2022-08-22 21:53:34,384] {dag.py:2972} INFO - Setting next_dagrun for example_time_delta_sensor_async to None, run_after=None
[2022-08-22 21:53:34,405] {processor.py:161} INFO - Processing /home/airflow/.local/lib/python3.7/site-packages/airflow/example_dags/example_time_delta_sensor_async.py took 0.214 seconds
[2022-08-22 21:54:04,864] {processor.py:153} INFO - Started process (PID=130) to work on /home/airflow/.local/lib/python3.7/site-packages/airflow/example_dags/example_time_delta_sensor_async.py
[2022-08-22 21:54:04,865] {processor.py:641} INFO - Processing file /home/airflow/.local/lib/python3.7/site-packages/airflow/example_dags/example_time_delta_sensor_async.py for tasks to queue
[2022-08-22 21:54:04,865] {logging_mixin.py:115} INFO - [2022-08-22 21:54:04,865] {dagbag.py:508} INFO - Filling up the DagBag from /home/airflow/.local/lib/python3.7/site-packages/airflow/example_dags/example_time_delta_sensor_async.py
[2022-08-22 21:54:04,871] {processor.py:651} INFO - DAG(s) dict_keys(['example_time_delta_sensor_async']) retrieved from /home/airflow/.local/lib/python3.7/site-packages/airflow/example_dags/example_time_delta_sensor_async.py
[2022-08-22 21:54:04,904] {logging_mixin.py:115} INFO - [2022-08-22 21:54:04,904] {dag.py:2420} INFO - Sync 1 DAGs
[2022-08-22 21:54:04,923] {logging_mixin.py:115} INFO - [2022-08-22 21:54:04,923] {dag.py:2972} INFO - Setting next_dagrun for example_time_delta_sensor_async to None, run_after=None
[2022-08-22 21:54:04,934] {processor.py:161} INFO - Processing /home/airflow/.local/lib/python3.7/site-packages/airflow/example_dags/example_time_delta_sensor_async.py took 0.074 seconds
[2022-08-22 21:54:35,741] {processor.py:153} INFO - Started process (PID=191) to work on /home/airflow/.local/lib/python3.7/site-packages/airflow/example_dags/example_time_delta_sensor_async.py
[2022-08-22 21:54:35,742] {processor.py:641} INFO - Processing file /home/airflow/.local/lib/python3.7/site-packages/airflow/example_dags/example_time_delta_sensor_async.py for tasks to queue
[2022-08-22 21:54:35,742] {logging_mixin.py:115} INFO - [2022-08-22 21:54:35,742] {dagbag.py:508} INFO - Filling up the DagBag from /home/airflow/.local/lib/python3.7/site-packages/airflow/example_dags/example_time_delta_sensor_async.py
[2022-08-22 21:54:35,747] {processor.py:651} INFO - DAG(s) dict_keys(['example_time_delta_sensor_async']) retrieved from /home/airflow/.local/lib/python3.7/site-packages/airflow/example_dags/example_time_delta_sensor_async.py
[2022-08-22 21:54:35,776] {logging_mixin.py:115} INFO - [2022-08-22 21:54:35,776] {dag.py:2420} INFO - Sync 1 DAGs
[2022-08-22 21:54:35,795] {logging_mixin.py:115} INFO - [2022-08-22 21:54:35,795] {dag.py:2972} INFO - Setting next_dagrun for example_time_delta_sensor_async to None, run_after=None
[2022-08-22 21:54:35,805] {processor.py:161} INFO - Processing /home/airflow/.local/lib/python3.7/site-packages/airflow/example_dags/example_time_delta_sensor_async.py took 0.066 seconds
[2022-08-22 21:55:06,626] {processor.py:153} INFO - Started process (PID=252) to work on /home/airflow/.local/lib/python3.7/site-packages/airflow/example_dags/example_time_delta_sensor_async.py
[2022-08-22 21:55:06,626] {processor.py:641} INFO - Processing file /home/airflow/.local/lib/python3.7/site-packages/airflow/example_dags/example_time_delta_sensor_async.py for tasks to queue
[2022-08-22 21:55:06,627] {logging_mixin.py:115} INFO - [2022-08-22 21:55:06,627] {dagbag.py:508} INFO - Filling up the DagBag from /home/airflow/.local/lib/python3.7/site-packages/airflow/example_dags/example_time_delta_sensor_async.py
[2022-08-22 21:55:06,632] {processor.py:651} INFO - DAG(s) dict_keys(['example_time_delta_sensor_async']) retrieved from /home/airflow/.local/lib/python3.7/site-packages/airflow/example_dags/example_time_delta_sensor_async.py
[2022-08-22 21:55:06,664] {logging_mixin.py:115} INFO - [2022-08-22 21:55:06,664] {dag.py:2420} INFO - Sync 1 DAGs
[2022-08-22 21:55:06,685] {logging_mixin.py:115} INFO - [2022-08-22 21:55:06,685] {dag.py:2972} INFO - Setting next_dagrun for example_time_delta_sensor_async to None, run_after=None
[2022-08-22 21:55:06,698] {processor.py:161} INFO - Processing /home/airflow/.local/lib/python3.7/site-packages/airflow/example_dags/example_time_delta_sensor_async.py took 0.075 seconds
[2022-08-22 21:55:37,498] {processor.py:153} INFO - Started process (PID=314) to work on /home/airflow/.local/lib/python3.7/site-packages/airflow/example_dags/example_time_delta_sensor_async.py
[2022-08-22 21:55:37,499] {processor.py:641} INFO - Processing file /home/airflow/.local/lib/python3.7/site-packages/airflow/example_dags/example_time_delta_sensor_async.py for tasks to queue
[2022-08-22 21:55:37,499] {logging_mixin.py:115} INFO - [2022-08-22 21:55:37,499] {dagbag.py:508} INFO - Filling up the DagBag from /home/airflow/.local/lib/python3.7/site-packages/airflow/example_dags/example_time_delta_sensor_async.py
[2022-08-22 21:55:37,504] {processor.py:651} INFO - DAG(s) dict_keys(['example_time_delta_sensor_async']) retrieved from /home/airflow/.local/lib/python3.7/site-packages/airflow/example_dags/example_time_delta_sensor_async.py
[2022-08-22 21:55:37,541] {logging_mixin.py:115} INFO - [2022-08-22 21:55:37,541] {dag.py:2420} INFO - Sync 1 DAGs
[2022-08-22 21:55:37,565] {logging_mixin.py:115} INFO - [2022-08-22 21:55:37,565] {dag.py:2972} INFO - Setting next_dagrun for example_time_delta_sensor_async to None, run_after=None
[2022-08-22 21:55:37,579] {processor.py:161} INFO - Processing /home/airflow/.local/lib/python3.7/site-packages/airflow/example_dags/example_time_delta_sensor_async.py took 0.086 seconds
[2022-08-22 21:56:08,229] {processor.py:153} INFO - Started process (PID=366) to work on /home/airflow/.local/lib/python3.7/site-packages/airflow/example_dags/example_time_delta_sensor_async.py
[2022-08-22 21:56:08,229] {processor.py:641} INFO - Processing file /home/airflow/.local/lib/python3.7/site-packages/airflow/example_dags/example_time_delta_sensor_async.py for tasks to queue
[2022-08-22 21:56:08,230] {logging_mixin.py:115} INFO - [2022-08-22 21:56:08,230] {dagbag.py:508} INFO - Filling up the DagBag from /home/airflow/.local/lib/python3.7/site-packages/airflow/example_dags/example_time_delta_sensor_async.py
[2022-08-22 21:56:08,235] {processor.py:651} INFO - DAG(s) dict_keys(['example_time_delta_sensor_async']) retrieved from /home/airflow/.local/lib/python3.7/site-packages/airflow/example_dags/example_time_delta_sensor_async.py
[2022-08-22 21:56:08,266] {logging_mixin.py:115} INFO - [2022-08-22 21:56:08,266] {dag.py:2420} INFO - Sync 1 DAGs
[2022-08-22 21:56:08,286] {logging_mixin.py:115} INFO - [2022-08-22 21:56:08,286] {dag.py:2972} INFO - Setting next_dagrun for example_time_delta_sensor_async to None, run_after=None
[2022-08-22 21:56:08,299] {processor.py:161} INFO - Processing /home/airflow/.local/lib/python3.7/site-packages/airflow/example_dags/example_time_delta_sensor_async.py took 0.073 seconds
[2022-08-22 21:56:39,003] {processor.py:153} INFO - Started process (PID=427) to work on /home/airflow/.local/lib/python3.7/site-packages/airflow/example_dags/example_time_delta_sensor_async.py
[2022-08-22 21:56:39,004] {processor.py:641} INFO - Processing file /home/airflow/.local/lib/python3.7/site-packages/airflow/example_dags/example_time_delta_sensor_async.py for tasks to queue
[2022-08-22 21:56:39,005] {logging_mixin.py:115} INFO - [2022-08-22 21:56:39,005] {dagbag.py:508} INFO - Filling up the DagBag from /home/airflow/.local/lib/python3.7/site-packages/airflow/example_dags/example_time_delta_sensor_async.py
[2022-08-22 21:56:39,009] {processor.py:651} INFO - DAG(s) dict_keys(['example_time_delta_sensor_async']) retrieved from /home/airflow/.local/lib/python3.7/site-packages/airflow/example_dags/example_time_delta_sensor_async.py
[2022-08-22 21:56:39,040] {logging_mixin.py:115} INFO - [2022-08-22 21:56:39,040] {dag.py:2420} INFO - Sync 1 DAGs
[2022-08-22 21:56:39,073] {logging_mixin.py:115} INFO - [2022-08-22 21:56:39,072] {dag.py:2972} INFO - Setting next_dagrun for example_time_delta_sensor_async to None, run_after=None
[2022-08-22 21:56:39,091] {processor.py:161} INFO - Processing /home/airflow/.local/lib/python3.7/site-packages/airflow/example_dags/example_time_delta_sensor_async.py took 0.090 seconds
[2022-08-22 21:57:09,949] {processor.py:153} INFO - Started process (PID=488) to work on /home/airflow/.local/lib/python3.7/site-packages/airflow/example_dags/example_time_delta_sensor_async.py
[2022-08-22 21:57:09,949] {processor.py:641} INFO - Processing file /home/airflow/.local/lib/python3.7/site-packages/airflow/example_dags/example_time_delta_sensor_async.py for tasks to queue
[2022-08-22 21:57:09,950] {logging_mixin.py:115} INFO - [2022-08-22 21:57:09,949] {dagbag.py:508} INFO - Filling up the DagBag from /home/airflow/.local/lib/python3.7/site-packages/airflow/example_dags/example_time_delta_sensor_async.py
[2022-08-22 21:57:09,954] {processor.py:651} INFO - DAG(s) dict_keys(['example_time_delta_sensor_async']) retrieved from /home/airflow/.local/lib/python3.7/site-packages/airflow/example_dags/example_time_delta_sensor_async.py
[2022-08-22 21:57:09,987] {logging_mixin.py:115} INFO - [2022-08-22 21:57:09,987] {dag.py:2420} INFO - Sync 1 DAGs
[2022-08-22 21:57:10,006] {logging_mixin.py:115} INFO - [2022-08-22 21:57:10,006] {dag.py:2972} INFO - Setting next_dagrun for example_time_delta_sensor_async to None, run_after=None
[2022-08-22 21:57:10,017] {processor.py:161} INFO - Processing /home/airflow/.local/lib/python3.7/site-packages/airflow/example_dags/example_time_delta_sensor_async.py took 0.071 seconds
[2022-08-22 21:57:40,762] {processor.py:153} INFO - Started process (PID=540) to work on /home/airflow/.local/lib/python3.7/site-packages/airflow/example_dags/example_time_delta_sensor_async.py
[2022-08-22 21:57:40,762] {processor.py:641} INFO - Processing file /home/airflow/.local/lib/python3.7/site-packages/airflow/example_dags/example_time_delta_sensor_async.py for tasks to queue
[2022-08-22 21:57:40,763] {logging_mixin.py:115} INFO - [2022-08-22 21:57:40,763] {dagbag.py:508} INFO - Filling up the DagBag from /home/airflow/.local/lib/python3.7/site-packages/airflow/example_dags/example_time_delta_sensor_async.py
[2022-08-22 21:57:40,767] {processor.py:651} INFO - DAG(s) dict_keys(['example_time_delta_sensor_async']) retrieved from /home/airflow/.local/lib/python3.7/site-packages/airflow/example_dags/example_time_delta_sensor_async.py
[2022-08-22 21:57:40,797] {logging_mixin.py:115} INFO - [2022-08-22 21:57:40,797] {dag.py:2420} INFO - Sync 1 DAGs
[2022-08-22 21:57:40,816] {logging_mixin.py:115} INFO - [2022-08-22 21:57:40,816] {dag.py:2972} INFO - Setting next_dagrun for example_time_delta_sensor_async to None, run_after=None
[2022-08-22 21:57:40,827] {processor.py:161} INFO - Processing /home/airflow/.local/lib/python3.7/site-packages/airflow/example_dags/example_time_delta_sensor_async.py took 0.068 seconds
[2022-08-22 21:58:11,583] {processor.py:153} INFO - Started process (PID=601) to work on /home/airflow/.local/lib/python3.7/site-packages/airflow/example_dags/example_time_delta_sensor_async.py
[2022-08-22 21:58:11,583] {processor.py:641} INFO - Processing file /home/airflow/.local/lib/python3.7/site-packages/airflow/example_dags/example_time_delta_sensor_async.py for tasks to queue
[2022-08-22 21:58:11,584] {logging_mixin.py:115} INFO - [2022-08-22 21:58:11,584] {dagbag.py:508} INFO - Filling up the DagBag from /home/airflow/.local/lib/python3.7/site-packages/airflow/example_dags/example_time_delta_sensor_async.py
[2022-08-22 21:58:11,590] {processor.py:651} INFO - DAG(s) dict_keys(['example_time_delta_sensor_async']) retrieved from /home/airflow/.local/lib/python3.7/site-packages/airflow/example_dags/example_time_delta_sensor_async.py
[2022-08-22 21:58:11,623] {logging_mixin.py:115} INFO - [2022-08-22 21:58:11,623] {dag.py:2420} INFO - Sync 1 DAGs
[2022-08-22 21:58:11,645] {logging_mixin.py:115} INFO - [2022-08-22 21:58:11,645] {dag.py:2972} INFO - Setting next_dagrun for example_time_delta_sensor_async to None, run_after=None
[2022-08-22 21:58:11,657] {processor.py:161} INFO - Processing /home/airflow/.local/lib/python3.7/site-packages/airflow/example_dags/example_time_delta_sensor_async.py took 0.077 seconds
[2022-08-22 21:58:42,387] {processor.py:153} INFO - Started process (PID=662) to work on /home/airflow/.local/lib/python3.7/site-packages/airflow/example_dags/example_time_delta_sensor_async.py
[2022-08-22 21:58:42,387] {processor.py:641} INFO - Processing file /home/airflow/.local/lib/python3.7/site-packages/airflow/example_dags/example_time_delta_sensor_async.py for tasks to queue
[2022-08-22 21:58:42,387] {logging_mixin.py:115} INFO - [2022-08-22 21:58:42,387] {dagbag.py:508} INFO - Filling up the DagBag from /home/airflow/.local/lib/python3.7/site-packages/airflow/example_dags/example_time_delta_sensor_async.py
[2022-08-22 21:58:42,392] {processor.py:651} INFO - DAG(s) dict_keys(['example_time_delta_sensor_async']) retrieved from /home/airflow/.local/lib/python3.7/site-packages/airflow/example_dags/example_time_delta_sensor_async.py
[2022-08-22 21:58:42,422] {logging_mixin.py:115} INFO - [2022-08-22 21:58:42,422] {dag.py:2420} INFO - Sync 1 DAGs
[2022-08-22 21:58:42,442] {logging_mixin.py:115} INFO - [2022-08-22 21:58:42,442] {dag.py:2972} INFO - Setting next_dagrun for example_time_delta_sensor_async to None, run_after=None
[2022-08-22 21:58:42,453] {processor.py:161} INFO - Processing /home/airflow/.local/lib/python3.7/site-packages/airflow/example_dags/example_time_delta_sensor_async.py took 0.069 seconds
[2022-08-22 21:59:13,229] {processor.py:153} INFO - Started process (PID=723) to work on /home/airflow/.local/lib/python3.7/site-packages/airflow/example_dags/example_time_delta_sensor_async.py
[2022-08-22 21:59:13,230] {processor.py:641} INFO - Processing file /home/airflow/.local/lib/python3.7/site-packages/airflow/example_dags/example_time_delta_sensor_async.py for tasks to queue
[2022-08-22 21:59:13,231] {logging_mixin.py:115} INFO - [2022-08-22 21:59:13,231] {dagbag.py:508} INFO - Filling up the DagBag from /home/airflow/.local/lib/python3.7/site-packages/airflow/example_dags/example_time_delta_sensor_async.py
[2022-08-22 21:59:13,237] {processor.py:651} INFO - DAG(s) dict_keys(['example_time_delta_sensor_async']) retrieved from /home/airflow/.local/lib/python3.7/site-packages/airflow/example_dags/example_time_delta_sensor_async.py
[2022-08-22 21:59:13,270] {logging_mixin.py:115} INFO - [2022-08-22 21:59:13,270] {dag.py:2420} INFO - Sync 1 DAGs
[2022-08-22 21:59:13,293] {logging_mixin.py:115} INFO - [2022-08-22 21:59:13,293] {dag.py:2972} INFO - Setting next_dagrun for example_time_delta_sensor_async to None, run_after=None
[2022-08-22 21:59:13,308] {processor.py:161} INFO - Processing /home/airflow/.local/lib/python3.7/site-packages/airflow/example_dags/example_time_delta_sensor_async.py took 0.081 seconds
[2022-08-22 21:59:43,981] {processor.py:153} INFO - Started process (PID=775) to work on /home/airflow/.local/lib/python3.7/site-packages/airflow/example_dags/example_time_delta_sensor_async.py
[2022-08-22 21:59:43,981] {processor.py:641} INFO - Processing file /home/airflow/.local/lib/python3.7/site-packages/airflow/example_dags/example_time_delta_sensor_async.py for tasks to queue
[2022-08-22 21:59:43,982] {logging_mixin.py:115} INFO - [2022-08-22 21:59:43,982] {dagbag.py:508} INFO - Filling up the DagBag from /home/airflow/.local/lib/python3.7/site-packages/airflow/example_dags/example_time_delta_sensor_async.py
[2022-08-22 21:59:43,986] {processor.py:651} INFO - DAG(s) dict_keys(['example_time_delta_sensor_async']) retrieved from /home/airflow/.local/lib/python3.7/site-packages/airflow/example_dags/example_time_delta_sensor_async.py
[2022-08-22 21:59:44,019] {logging_mixin.py:115} INFO - [2022-08-22 21:59:44,019] {dag.py:2420} INFO - Sync 1 DAGs
[2022-08-22 21:59:44,038] {logging_mixin.py:115} INFO - [2022-08-22 21:59:44,038] {dag.py:2972} INFO - Setting next_dagrun for example_time_delta_sensor_async to None, run_after=None
[2022-08-22 21:59:44,048] {processor.py:161} INFO - Processing /home/airflow/.local/lib/python3.7/site-packages/airflow/example_dags/example_time_delta_sensor_async.py took 0.070 seconds
[2022-08-22 22:00:14,771] {processor.py:153} INFO - Started process (PID=836) to work on /home/airflow/.local/lib/python3.7/site-packages/airflow/example_dags/example_time_delta_sensor_async.py
[2022-08-22 22:00:14,771] {processor.py:641} INFO - Processing file /home/airflow/.local/lib/python3.7/site-packages/airflow/example_dags/example_time_delta_sensor_async.py for tasks to queue
[2022-08-22 22:00:14,772] {logging_mixin.py:115} INFO - [2022-08-22 22:00:14,772] {dagbag.py:508} INFO - Filling up the DagBag from /home/airflow/.local/lib/python3.7/site-packages/airflow/example_dags/example_time_delta_sensor_async.py
[2022-08-22 22:00:14,775] {processor.py:651} INFO - DAG(s) dict_keys(['example_time_delta_sensor_async']) retrieved from /home/airflow/.local/lib/python3.7/site-packages/airflow/example_dags/example_time_delta_sensor_async.py
[2022-08-22 22:00:14,808] {logging_mixin.py:115} INFO - [2022-08-22 22:00:14,808] {dag.py:2420} INFO - Sync 1 DAGs
[2022-08-22 22:00:14,827] {logging_mixin.py:115} INFO - [2022-08-22 22:00:14,827] {dag.py:2972} INFO - Setting next_dagrun for example_time_delta_sensor_async to None, run_after=None
[2022-08-22 22:00:14,838] {processor.py:161} INFO - Processing /home/airflow/.local/lib/python3.7/site-packages/airflow/example_dags/example_time_delta_sensor_async.py took 0.070 seconds
[2022-08-22 22:00:45,583] {processor.py:153} INFO - Started process (PID=897) to work on /home/airflow/.local/lib/python3.7/site-packages/airflow/example_dags/example_time_delta_sensor_async.py
[2022-08-22 22:00:45,583] {processor.py:641} INFO - Processing file /home/airflow/.local/lib/python3.7/site-packages/airflow/example_dags/example_time_delta_sensor_async.py for tasks to queue
[2022-08-22 22:00:45,584] {logging_mixin.py:115} INFO - [2022-08-22 22:00:45,584] {dagbag.py:508} INFO - Filling up the DagBag from /home/airflow/.local/lib/python3.7/site-packages/airflow/example_dags/example_time_delta_sensor_async.py
[2022-08-22 22:00:45,589] {processor.py:651} INFO - DAG(s) dict_keys(['example_time_delta_sensor_async']) retrieved from /home/airflow/.local/lib/python3.7/site-packages/airflow/example_dags/example_time_delta_sensor_async.py
[2022-08-22 22:00:45,623] {logging_mixin.py:115} INFO - [2022-08-22 22:00:45,623] {dag.py:2420} INFO - Sync 1 DAGs
[2022-08-22 22:00:45,643] {logging_mixin.py:115} INFO - [2022-08-22 22:00:45,643] {dag.py:2972} INFO - Setting next_dagrun for example_time_delta_sensor_async to None, run_after=None
[2022-08-22 22:00:45,655] {processor.py:161} INFO - Processing /home/airflow/.local/lib/python3.7/site-packages/airflow/example_dags/example_time_delta_sensor_async.py took 0.076 seconds
[2022-08-22 22:01:16,361] {processor.py:153} INFO - Started process (PID=949) to work on /home/airflow/.local/lib/python3.7/site-packages/airflow/example_dags/example_time_delta_sensor_async.py
[2022-08-22 22:01:16,362] {processor.py:641} INFO - Processing file /home/airflow/.local/lib/python3.7/site-packages/airflow/example_dags/example_time_delta_sensor_async.py for tasks to queue
[2022-08-22 22:01:16,362] {logging_mixin.py:115} INFO - [2022-08-22 22:01:16,362] {dagbag.py:508} INFO - Filling up the DagBag from /home/airflow/.local/lib/python3.7/site-packages/airflow/example_dags/example_time_delta_sensor_async.py
[2022-08-22 22:01:16,366] {processor.py:651} INFO - DAG(s) dict_keys(['example_time_delta_sensor_async']) retrieved from /home/airflow/.local/lib/python3.7/site-packages/airflow/example_dags/example_time_delta_sensor_async.py
[2022-08-22 22:01:16,400] {logging_mixin.py:115} INFO - [2022-08-22 22:01:16,400] {dag.py:2420} INFO - Sync 1 DAGs
[2022-08-22 22:01:16,421] {logging_mixin.py:115} INFO - [2022-08-22 22:01:16,421] {dag.py:2972} INFO - Setting next_dagrun for example_time_delta_sensor_async to None, run_after=None
[2022-08-22 22:01:16,434] {processor.py:161} INFO - Processing /home/airflow/.local/lib/python3.7/site-packages/airflow/example_dags/example_time_delta_sensor_async.py took 0.076 seconds
[2022-08-22 22:01:47,367] {processor.py:153} INFO - Started process (PID=1010) to work on /home/airflow/.local/lib/python3.7/site-packages/airflow/example_dags/example_time_delta_sensor_async.py
[2022-08-22 22:01:47,368] {processor.py:641} INFO - Processing file /home/airflow/.local/lib/python3.7/site-packages/airflow/example_dags/example_time_delta_sensor_async.py for tasks to queue
[2022-08-22 22:01:47,368] {logging_mixin.py:115} INFO - [2022-08-22 22:01:47,368] {dagbag.py:508} INFO - Filling up the DagBag from /home/airflow/.local/lib/python3.7/site-packages/airflow/example_dags/example_time_delta_sensor_async.py
[2022-08-22 22:01:47,373] {processor.py:651} INFO - DAG(s) dict_keys(['example_time_delta_sensor_async']) retrieved from /home/airflow/.local/lib/python3.7/site-packages/airflow/example_dags/example_time_delta_sensor_async.py
[2022-08-22 22:01:47,408] {logging_mixin.py:115} INFO - [2022-08-22 22:01:47,408] {dag.py:2420} INFO - Sync 1 DAGs
[2022-08-22 22:01:47,430] {logging_mixin.py:115} INFO - [2022-08-22 22:01:47,430] {dag.py:2972} INFO - Setting next_dagrun for example_time_delta_sensor_async to None, run_after=None
[2022-08-22 22:01:47,441] {processor.py:161} INFO - Processing /home/airflow/.local/lib/python3.7/site-packages/airflow/example_dags/example_time_delta_sensor_async.py took 0.077 seconds
[2022-08-22 22:02:18,087] {processor.py:153} INFO - Started process (PID=1071) to work on /home/airflow/.local/lib/python3.7/site-packages/airflow/example_dags/example_time_delta_sensor_async.py
[2022-08-22 22:02:18,087] {processor.py:641} INFO - Processing file /home/airflow/.local/lib/python3.7/site-packages/airflow/example_dags/example_time_delta_sensor_async.py for tasks to queue
[2022-08-22 22:02:18,088] {logging_mixin.py:115} INFO - [2022-08-22 22:02:18,088] {dagbag.py:508} INFO - Filling up the DagBag from /home/airflow/.local/lib/python3.7/site-packages/airflow/example_dags/example_time_delta_sensor_async.py
[2022-08-22 22:02:18,093] {processor.py:651} INFO - DAG(s) dict_keys(['example_time_delta_sensor_async']) retrieved from /home/airflow/.local/lib/python3.7/site-packages/airflow/example_dags/example_time_delta_sensor_async.py
[2022-08-22 22:02:18,126] {logging_mixin.py:115} INFO - [2022-08-22 22:02:18,126] {dag.py:2420} INFO - Sync 1 DAGs
[2022-08-22 22:02:18,146] {logging_mixin.py:115} INFO - [2022-08-22 22:02:18,146] {dag.py:2972} INFO - Setting next_dagrun for example_time_delta_sensor_async to None, run_after=None
[2022-08-22 22:02:18,158] {processor.py:161} INFO - Processing /home/airflow/.local/lib/python3.7/site-packages/airflow/example_dags/example_time_delta_sensor_async.py took 0.073 seconds
[2022-08-22 22:02:49,002] {processor.py:153} INFO - Started process (PID=1130) to work on /home/airflow/.local/lib/python3.7/site-packages/airflow/example_dags/example_time_delta_sensor_async.py
[2022-08-22 22:02:49,002] {processor.py:641} INFO - Processing file /home/airflow/.local/lib/python3.7/site-packages/airflow/example_dags/example_time_delta_sensor_async.py for tasks to queue
[2022-08-22 22:02:49,003] {logging_mixin.py:115} INFO - [2022-08-22 22:02:49,003] {dagbag.py:508} INFO - Filling up the DagBag from /home/airflow/.local/lib/python3.7/site-packages/airflow/example_dags/example_time_delta_sensor_async.py
[2022-08-22 22:02:49,009] {processor.py:651} INFO - DAG(s) dict_keys(['example_time_delta_sensor_async']) retrieved from /home/airflow/.local/lib/python3.7/site-packages/airflow/example_dags/example_time_delta_sensor_async.py
[2022-08-22 22:02:49,042] {logging_mixin.py:115} INFO - [2022-08-22 22:02:49,042] {dag.py:2420} INFO - Sync 1 DAGs
[2022-08-22 22:02:49,064] {logging_mixin.py:115} INFO - [2022-08-22 22:02:49,064] {dag.py:2972} INFO - Setting next_dagrun for example_time_delta_sensor_async to None, run_after=None
[2022-08-22 22:02:49,077] {processor.py:161} INFO - Processing /home/airflow/.local/lib/python3.7/site-packages/airflow/example_dags/example_time_delta_sensor_async.py took 0.079 seconds
[2022-08-22 22:03:19,923] {processor.py:153} INFO - Started process (PID=1184) to work on /home/airflow/.local/lib/python3.7/site-packages/airflow/example_dags/example_time_delta_sensor_async.py
[2022-08-22 22:03:19,923] {processor.py:641} INFO - Processing file /home/airflow/.local/lib/python3.7/site-packages/airflow/example_dags/example_time_delta_sensor_async.py for tasks to queue
[2022-08-22 22:03:19,924] {logging_mixin.py:115} INFO - [2022-08-22 22:03:19,924] {dagbag.py:508} INFO - Filling up the DagBag from /home/airflow/.local/lib/python3.7/site-packages/airflow/example_dags/example_time_delta_sensor_async.py
[2022-08-22 22:03:19,929] {processor.py:651} INFO - DAG(s) dict_keys(['example_time_delta_sensor_async']) retrieved from /home/airflow/.local/lib/python3.7/site-packages/airflow/example_dags/example_time_delta_sensor_async.py
[2022-08-22 22:03:19,961] {logging_mixin.py:115} INFO - [2022-08-22 22:03:19,961] {dag.py:2420} INFO - Sync 1 DAGs
[2022-08-22 22:03:19,980] {logging_mixin.py:115} INFO - [2022-08-22 22:03:19,980] {dag.py:2972} INFO - Setting next_dagrun for example_time_delta_sensor_async to None, run_after=None
[2022-08-22 22:03:19,991] {processor.py:161} INFO - Processing /home/airflow/.local/lib/python3.7/site-packages/airflow/example_dags/example_time_delta_sensor_async.py took 0.071 seconds
[2022-08-22 22:03:50,868] {processor.py:153} INFO - Started process (PID=1245) to work on /home/airflow/.local/lib/python3.7/site-packages/airflow/example_dags/example_time_delta_sensor_async.py
[2022-08-22 22:03:50,868] {processor.py:641} INFO - Processing file /home/airflow/.local/lib/python3.7/site-packages/airflow/example_dags/example_time_delta_sensor_async.py for tasks to queue
[2022-08-22 22:03:50,869] {logging_mixin.py:115} INFO - [2022-08-22 22:03:50,869] {dagbag.py:508} INFO - Filling up the DagBag from /home/airflow/.local/lib/python3.7/site-packages/airflow/example_dags/example_time_delta_sensor_async.py
[2022-08-22 22:03:50,872] {processor.py:651} INFO - DAG(s) dict_keys(['example_time_delta_sensor_async']) retrieved from /home/airflow/.local/lib/python3.7/site-packages/airflow/example_dags/example_time_delta_sensor_async.py
[2022-08-22 22:03:50,901] {logging_mixin.py:115} INFO - [2022-08-22 22:03:50,901] {dag.py:2420} INFO - Sync 1 DAGs
[2022-08-22 22:03:50,919] {logging_mixin.py:115} INFO - [2022-08-22 22:03:50,919] {dag.py:2972} INFO - Setting next_dagrun for example_time_delta_sensor_async to None, run_after=None
[2022-08-22 22:03:50,928] {processor.py:161} INFO - Processing /home/airflow/.local/lib/python3.7/site-packages/airflow/example_dags/example_time_delta_sensor_async.py took 0.062 seconds
[2022-08-22 22:04:21,443] {processor.py:153} INFO - Started process (PID=1306) to work on /home/airflow/.local/lib/python3.7/site-packages/airflow/example_dags/example_time_delta_sensor_async.py
[2022-08-22 22:04:21,444] {processor.py:641} INFO - Processing file /home/airflow/.local/lib/python3.7/site-packages/airflow/example_dags/example_time_delta_sensor_async.py for tasks to queue
[2022-08-22 22:04:21,444] {logging_mixin.py:115} INFO - [2022-08-22 22:04:21,444] {dagbag.py:508} INFO - Filling up the DagBag from /home/airflow/.local/lib/python3.7/site-packages/airflow/example_dags/example_time_delta_sensor_async.py
[2022-08-22 22:04:21,448] {processor.py:651} INFO - DAG(s) dict_keys(['example_time_delta_sensor_async']) retrieved from /home/airflow/.local/lib/python3.7/site-packages/airflow/example_dags/example_time_delta_sensor_async.py
[2022-08-22 22:04:21,477] {logging_mixin.py:115} INFO - [2022-08-22 22:04:21,477] {dag.py:2420} INFO - Sync 1 DAGs
[2022-08-22 22:04:21,496] {logging_mixin.py:115} INFO - [2022-08-22 22:04:21,495] {dag.py:2972} INFO - Setting next_dagrun for example_time_delta_sensor_async to None, run_after=None
[2022-08-22 22:04:21,505] {processor.py:161} INFO - Processing /home/airflow/.local/lib/python3.7/site-packages/airflow/example_dags/example_time_delta_sensor_async.py took 0.065 seconds
[2022-08-22 22:04:52,020] {processor.py:153} INFO - Started process (PID=1358) to work on /home/airflow/.local/lib/python3.7/site-packages/airflow/example_dags/example_time_delta_sensor_async.py
[2022-08-22 22:04:52,020] {processor.py:641} INFO - Processing file /home/airflow/.local/lib/python3.7/site-packages/airflow/example_dags/example_time_delta_sensor_async.py for tasks to queue
[2022-08-22 22:04:52,021] {logging_mixin.py:115} INFO - [2022-08-22 22:04:52,021] {dagbag.py:508} INFO - Filling up the DagBag from /home/airflow/.local/lib/python3.7/site-packages/airflow/example_dags/example_time_delta_sensor_async.py
[2022-08-22 22:04:52,024] {processor.py:651} INFO - DAG(s) dict_keys(['example_time_delta_sensor_async']) retrieved from /home/airflow/.local/lib/python3.7/site-packages/airflow/example_dags/example_time_delta_sensor_async.py
[2022-08-22 22:04:52,054] {logging_mixin.py:115} INFO - [2022-08-22 22:04:52,054] {dag.py:2420} INFO - Sync 1 DAGs
[2022-08-22 22:04:52,071] {logging_mixin.py:115} INFO - [2022-08-22 22:04:52,071] {dag.py:2972} INFO - Setting next_dagrun for example_time_delta_sensor_async to None, run_after=None
[2022-08-22 22:04:52,080] {processor.py:161} INFO - Processing /home/airflow/.local/lib/python3.7/site-packages/airflow/example_dags/example_time_delta_sensor_async.py took 0.063 seconds
[2022-08-22 22:05:22,535] {processor.py:153} INFO - Started process (PID=1419) to work on /home/airflow/.local/lib/python3.7/site-packages/airflow/example_dags/example_time_delta_sensor_async.py
[2022-08-22 22:05:22,536] {processor.py:641} INFO - Processing file /home/airflow/.local/lib/python3.7/site-packages/airflow/example_dags/example_time_delta_sensor_async.py for tasks to queue
[2022-08-22 22:05:22,536] {logging_mixin.py:115} INFO - [2022-08-22 22:05:22,536] {dagbag.py:508} INFO - Filling up the DagBag from /home/airflow/.local/lib/python3.7/site-packages/airflow/example_dags/example_time_delta_sensor_async.py
[2022-08-22 22:05:22,541] {processor.py:651} INFO - DAG(s) dict_keys(['example_time_delta_sensor_async']) retrieved from /home/airflow/.local/lib/python3.7/site-packages/airflow/example_dags/example_time_delta_sensor_async.py
[2022-08-22 22:05:22,574] {logging_mixin.py:115} INFO - [2022-08-22 22:05:22,574] {dag.py:2420} INFO - Sync 1 DAGs
[2022-08-22 22:05:22,596] {logging_mixin.py:115} INFO - [2022-08-22 22:05:22,596] {dag.py:2972} INFO - Setting next_dagrun for example_time_delta_sensor_async to None, run_after=None
[2022-08-22 22:05:22,607] {processor.py:161} INFO - Processing /home/airflow/.local/lib/python3.7/site-packages/airflow/example_dags/example_time_delta_sensor_async.py took 0.075 seconds
[2022-08-22 22:05:53,332] {processor.py:153} INFO - Started process (PID=1480) to work on /home/airflow/.local/lib/python3.7/site-packages/airflow/example_dags/example_time_delta_sensor_async.py
[2022-08-22 22:05:53,332] {processor.py:641} INFO - Processing file /home/airflow/.local/lib/python3.7/site-packages/airflow/example_dags/example_time_delta_sensor_async.py for tasks to queue
[2022-08-22 22:05:53,332] {logging_mixin.py:115} INFO - [2022-08-22 22:05:53,332] {dagbag.py:508} INFO - Filling up the DagBag from /home/airflow/.local/lib/python3.7/site-packages/airflow/example_dags/example_time_delta_sensor_async.py
[2022-08-22 22:05:53,336] {processor.py:651} INFO - DAG(s) dict_keys(['example_time_delta_sensor_async']) retrieved from /home/airflow/.local/lib/python3.7/site-packages/airflow/example_dags/example_time_delta_sensor_async.py
[2022-08-22 22:05:53,363] {logging_mixin.py:115} INFO - [2022-08-22 22:05:53,363] {dag.py:2420} INFO - Sync 1 DAGs
[2022-08-22 22:05:53,380] {logging_mixin.py:115} INFO - [2022-08-22 22:05:53,380] {dag.py:2972} INFO - Setting next_dagrun for example_time_delta_sensor_async to None, run_after=None
[2022-08-22 22:05:53,389] {processor.py:161} INFO - Processing /home/airflow/.local/lib/python3.7/site-packages/airflow/example_dags/example_time_delta_sensor_async.py took 0.059 seconds
[2022-08-22 22:06:23,982] {processor.py:153} INFO - Started process (PID=1541) to work on /home/airflow/.local/lib/python3.7/site-packages/airflow/example_dags/example_time_delta_sensor_async.py
[2022-08-22 22:06:23,982] {processor.py:641} INFO - Processing file /home/airflow/.local/lib/python3.7/site-packages/airflow/example_dags/example_time_delta_sensor_async.py for tasks to queue
[2022-08-22 22:06:23,983] {logging_mixin.py:115} INFO - [2022-08-22 22:06:23,983] {dagbag.py:508} INFO - Filling up the DagBag from /home/airflow/.local/lib/python3.7/site-packages/airflow/example_dags/example_time_delta_sensor_async.py
[2022-08-22 22:06:23,987] {processor.py:651} INFO - DAG(s) dict_keys(['example_time_delta_sensor_async']) retrieved from /home/airflow/.local/lib/python3.7/site-packages/airflow/example_dags/example_time_delta_sensor_async.py
[2022-08-22 22:06:24,019] {logging_mixin.py:115} INFO - [2022-08-22 22:06:24,019] {dag.py:2420} INFO - Sync 1 DAGs
[2022-08-22 22:06:24,039] {logging_mixin.py:115} INFO - [2022-08-22 22:06:24,039] {dag.py:2972} INFO - Setting next_dagrun for example_time_delta_sensor_async to None, run_after=None
[2022-08-22 22:06:24,051] {processor.py:161} INFO - Processing /home/airflow/.local/lib/python3.7/site-packages/airflow/example_dags/example_time_delta_sensor_async.py took 0.072 seconds
[2022-08-22 22:06:54,583] {processor.py:153} INFO - Started process (PID=1593) to work on /home/airflow/.local/lib/python3.7/site-packages/airflow/example_dags/example_time_delta_sensor_async.py
[2022-08-22 22:06:54,584] {processor.py:641} INFO - Processing file /home/airflow/.local/lib/python3.7/site-packages/airflow/example_dags/example_time_delta_sensor_async.py for tasks to queue
[2022-08-22 22:06:54,584] {logging_mixin.py:115} INFO - [2022-08-22 22:06:54,584] {dagbag.py:508} INFO - Filling up the DagBag from /home/airflow/.local/lib/python3.7/site-packages/airflow/example_dags/example_time_delta_sensor_async.py
[2022-08-22 22:06:54,588] {processor.py:651} INFO - DAG(s) dict_keys(['example_time_delta_sensor_async']) retrieved from /home/airflow/.local/lib/python3.7/site-packages/airflow/example_dags/example_time_delta_sensor_async.py
[2022-08-22 22:06:54,615] {logging_mixin.py:115} INFO - [2022-08-22 22:06:54,615] {dag.py:2420} INFO - Sync 1 DAGs
[2022-08-22 22:06:54,634] {logging_mixin.py:115} INFO - [2022-08-22 22:06:54,633] {dag.py:2972} INFO - Setting next_dagrun for example_time_delta_sensor_async to None, run_after=None
[2022-08-22 22:06:54,643] {processor.py:161} INFO - Processing /home/airflow/.local/lib/python3.7/site-packages/airflow/example_dags/example_time_delta_sensor_async.py took 0.062 seconds
[2022-08-22 22:07:25,204] {processor.py:153} INFO - Started process (PID=1654) to work on /home/airflow/.local/lib/python3.7/site-packages/airflow/example_dags/example_time_delta_sensor_async.py
[2022-08-22 22:07:25,205] {processor.py:641} INFO - Processing file /home/airflow/.local/lib/python3.7/site-packages/airflow/example_dags/example_time_delta_sensor_async.py for tasks to queue
[2022-08-22 22:07:25,205] {logging_mixin.py:115} INFO - [2022-08-22 22:07:25,205] {dagbag.py:508} INFO - Filling up the DagBag from /home/airflow/.local/lib/python3.7/site-packages/airflow/example_dags/example_time_delta_sensor_async.py
[2022-08-22 22:07:25,211] {processor.py:651} INFO - DAG(s) dict_keys(['example_time_delta_sensor_async']) retrieved from /home/airflow/.local/lib/python3.7/site-packages/airflow/example_dags/example_time_delta_sensor_async.py
[2022-08-22 22:07:25,242] {logging_mixin.py:115} INFO - [2022-08-22 22:07:25,242] {dag.py:2420} INFO - Sync 1 DAGs
[2022-08-22 22:07:25,260] {logging_mixin.py:115} INFO - [2022-08-22 22:07:25,260] {dag.py:2972} INFO - Setting next_dagrun for example_time_delta_sensor_async to None, run_after=None
[2022-08-22 22:07:25,270] {processor.py:161} INFO - Processing /home/airflow/.local/lib/python3.7/site-packages/airflow/example_dags/example_time_delta_sensor_async.py took 0.071 seconds
[2022-08-22 22:07:55,929] {processor.py:153} INFO - Started process (PID=1715) to work on /home/airflow/.local/lib/python3.7/site-packages/airflow/example_dags/example_time_delta_sensor_async.py
[2022-08-22 22:07:55,929] {processor.py:641} INFO - Processing file /home/airflow/.local/lib/python3.7/site-packages/airflow/example_dags/example_time_delta_sensor_async.py for tasks to queue
[2022-08-22 22:07:55,930] {logging_mixin.py:115} INFO - [2022-08-22 22:07:55,930] {dagbag.py:508} INFO - Filling up the DagBag from /home/airflow/.local/lib/python3.7/site-packages/airflow/example_dags/example_time_delta_sensor_async.py
[2022-08-22 22:07:55,933] {processor.py:651} INFO - DAG(s) dict_keys(['example_time_delta_sensor_async']) retrieved from /home/airflow/.local/lib/python3.7/site-packages/airflow/example_dags/example_time_delta_sensor_async.py
[2022-08-22 22:07:55,961] {logging_mixin.py:115} INFO - [2022-08-22 22:07:55,961] {dag.py:2420} INFO - Sync 1 DAGs
[2022-08-22 22:07:55,979] {logging_mixin.py:115} INFO - [2022-08-22 22:07:55,979] {dag.py:2972} INFO - Setting next_dagrun for example_time_delta_sensor_async to None, run_after=None
[2022-08-22 22:07:55,988] {processor.py:161} INFO - Processing /home/airflow/.local/lib/python3.7/site-packages/airflow/example_dags/example_time_delta_sensor_async.py took 0.061 seconds
[2022-08-22 22:08:26,477] {processor.py:153} INFO - Started process (PID=1767) to work on /home/airflow/.local/lib/python3.7/site-packages/airflow/example_dags/example_time_delta_sensor_async.py
[2022-08-22 22:08:26,477] {processor.py:641} INFO - Processing file /home/airflow/.local/lib/python3.7/site-packages/airflow/example_dags/example_time_delta_sensor_async.py for tasks to queue
[2022-08-22 22:08:26,478] {logging_mixin.py:115} INFO - [2022-08-22 22:08:26,478] {dagbag.py:508} INFO - Filling up the DagBag from /home/airflow/.local/lib/python3.7/site-packages/airflow/example_dags/example_time_delta_sensor_async.py
[2022-08-22 22:08:26,482] {processor.py:651} INFO - DAG(s) dict_keys(['example_time_delta_sensor_async']) retrieved from /home/airflow/.local/lib/python3.7/site-packages/airflow/example_dags/example_time_delta_sensor_async.py
[2022-08-22 22:08:26,510] {logging_mixin.py:115} INFO - [2022-08-22 22:08:26,510] {dag.py:2420} INFO - Sync 1 DAGs
[2022-08-22 22:08:26,528] {logging_mixin.py:115} INFO - [2022-08-22 22:08:26,527] {dag.py:2972} INFO - Setting next_dagrun for example_time_delta_sensor_async to None, run_after=None
[2022-08-22 22:08:26,538] {processor.py:161} INFO - Processing /home/airflow/.local/lib/python3.7/site-packages/airflow/example_dags/example_time_delta_sensor_async.py took 0.063 seconds
[2022-08-22 22:08:57,377] {processor.py:153} INFO - Started process (PID=1828) to work on /home/airflow/.local/lib/python3.7/site-packages/airflow/example_dags/example_time_delta_sensor_async.py
[2022-08-22 22:08:57,377] {processor.py:641} INFO - Processing file /home/airflow/.local/lib/python3.7/site-packages/airflow/example_dags/example_time_delta_sensor_async.py for tasks to queue
[2022-08-22 22:08:57,377] {logging_mixin.py:115} INFO - [2022-08-22 22:08:57,377] {dagbag.py:508} INFO - Filling up the DagBag from /home/airflow/.local/lib/python3.7/site-packages/airflow/example_dags/example_time_delta_sensor_async.py
[2022-08-22 22:08:57,382] {processor.py:651} INFO - DAG(s) dict_keys(['example_time_delta_sensor_async']) retrieved from /home/airflow/.local/lib/python3.7/site-packages/airflow/example_dags/example_time_delta_sensor_async.py
[2022-08-22 22:08:57,423] {logging_mixin.py:115} INFO - [2022-08-22 22:08:57,423] {dag.py:2420} INFO - Sync 1 DAGs
[2022-08-22 22:08:57,441] {logging_mixin.py:115} INFO - [2022-08-22 22:08:57,441] {dag.py:2972} INFO - Setting next_dagrun for example_time_delta_sensor_async to None, run_after=None
[2022-08-22 22:08:57,450] {processor.py:161} INFO - Processing /home/airflow/.local/lib/python3.7/site-packages/airflow/example_dags/example_time_delta_sensor_async.py took 0.076 seconds
[2022-08-22 22:09:28,001] {processor.py:153} INFO - Started process (PID=1889) to work on /home/airflow/.local/lib/python3.7/site-packages/airflow/example_dags/example_time_delta_sensor_async.py
[2022-08-22 22:09:28,002] {processor.py:641} INFO - Processing file /home/airflow/.local/lib/python3.7/site-packages/airflow/example_dags/example_time_delta_sensor_async.py for tasks to queue
[2022-08-22 22:09:28,002] {logging_mixin.py:115} INFO - [2022-08-22 22:09:28,002] {dagbag.py:508} INFO - Filling up the DagBag from /home/airflow/.local/lib/python3.7/site-packages/airflow/example_dags/example_time_delta_sensor_async.py
[2022-08-22 22:09:28,006] {processor.py:651} INFO - DAG(s) dict_keys(['example_time_delta_sensor_async']) retrieved from /home/airflow/.local/lib/python3.7/site-packages/airflow/example_dags/example_time_delta_sensor_async.py
[2022-08-22 22:09:28,035] {logging_mixin.py:115} INFO - [2022-08-22 22:09:28,035] {dag.py:2420} INFO - Sync 1 DAGs
[2022-08-22 22:09:28,053] {logging_mixin.py:115} INFO - [2022-08-22 22:09:28,053] {dag.py:2972} INFO - Setting next_dagrun for example_time_delta_sensor_async to None, run_after=None
[2022-08-22 22:09:28,064] {processor.py:161} INFO - Processing /home/airflow/.local/lib/python3.7/site-packages/airflow/example_dags/example_time_delta_sensor_async.py took 0.065 seconds
[2022-08-22 22:09:58,695] {processor.py:153} INFO - Started process (PID=1950) to work on /home/airflow/.local/lib/python3.7/site-packages/airflow/example_dags/example_time_delta_sensor_async.py
[2022-08-22 22:09:58,696] {processor.py:641} INFO - Processing file /home/airflow/.local/lib/python3.7/site-packages/airflow/example_dags/example_time_delta_sensor_async.py for tasks to queue
[2022-08-22 22:09:58,696] {logging_mixin.py:115} INFO - [2022-08-22 22:09:58,696] {dagbag.py:508} INFO - Filling up the DagBag from /home/airflow/.local/lib/python3.7/site-packages/airflow/example_dags/example_time_delta_sensor_async.py
[2022-08-22 22:09:58,700] {processor.py:651} INFO - DAG(s) dict_keys(['example_time_delta_sensor_async']) retrieved from /home/airflow/.local/lib/python3.7/site-packages/airflow/example_dags/example_time_delta_sensor_async.py
[2022-08-22 22:09:58,737] {logging_mixin.py:115} INFO - [2022-08-22 22:09:58,737] {dag.py:2420} INFO - Sync 1 DAGs
[2022-08-22 22:09:58,757] {logging_mixin.py:115} INFO - [2022-08-22 22:09:58,757] {dag.py:2972} INFO - Setting next_dagrun for example_time_delta_sensor_async to None, run_after=None
[2022-08-22 22:09:58,767] {processor.py:161} INFO - Processing /home/airflow/.local/lib/python3.7/site-packages/airflow/example_dags/example_time_delta_sensor_async.py took 0.075 seconds
[2022-08-22 22:10:29,402] {processor.py:153} INFO - Started process (PID=2002) to work on /home/airflow/.local/lib/python3.7/site-packages/airflow/example_dags/example_time_delta_sensor_async.py
[2022-08-22 22:10:29,403] {processor.py:641} INFO - Processing file /home/airflow/.local/lib/python3.7/site-packages/airflow/example_dags/example_time_delta_sensor_async.py for tasks to queue
[2022-08-22 22:10:29,404] {logging_mixin.py:115} INFO - [2022-08-22 22:10:29,404] {dagbag.py:508} INFO - Filling up the DagBag from /home/airflow/.local/lib/python3.7/site-packages/airflow/example_dags/example_time_delta_sensor_async.py
[2022-08-22 22:10:29,411] {processor.py:651} INFO - DAG(s) dict_keys(['example_time_delta_sensor_async']) retrieved from /home/airflow/.local/lib/python3.7/site-packages/airflow/example_dags/example_time_delta_sensor_async.py
[2022-08-22 22:10:29,444] {logging_mixin.py:115} INFO - [2022-08-22 22:10:29,444] {dag.py:2420} INFO - Sync 1 DAGs
[2022-08-22 22:10:29,461] {logging_mixin.py:115} INFO - [2022-08-22 22:10:29,461] {dag.py:2972} INFO - Setting next_dagrun for example_time_delta_sensor_async to None, run_after=None
[2022-08-22 22:10:29,471] {processor.py:161} INFO - Processing /home/airflow/.local/lib/python3.7/site-packages/airflow/example_dags/example_time_delta_sensor_async.py took 0.073 seconds
[2022-08-22 22:11:00,074] {processor.py:153} INFO - Started process (PID=2063) to work on /home/airflow/.local/lib/python3.7/site-packages/airflow/example_dags/example_time_delta_sensor_async.py
[2022-08-22 22:11:00,074] {processor.py:641} INFO - Processing file /home/airflow/.local/lib/python3.7/site-packages/airflow/example_dags/example_time_delta_sensor_async.py for tasks to queue
[2022-08-22 22:11:00,075] {logging_mixin.py:115} INFO - [2022-08-22 22:11:00,075] {dagbag.py:508} INFO - Filling up the DagBag from /home/airflow/.local/lib/python3.7/site-packages/airflow/example_dags/example_time_delta_sensor_async.py
[2022-08-22 22:11:00,079] {processor.py:651} INFO - DAG(s) dict_keys(['example_time_delta_sensor_async']) retrieved from /home/airflow/.local/lib/python3.7/site-packages/airflow/example_dags/example_time_delta_sensor_async.py
[2022-08-22 22:11:00,109] {logging_mixin.py:115} INFO - [2022-08-22 22:11:00,109] {dag.py:2420} INFO - Sync 1 DAGs
[2022-08-22 22:11:00,126] {logging_mixin.py:115} INFO - [2022-08-22 22:11:00,126] {dag.py:2972} INFO - Setting next_dagrun for example_time_delta_sensor_async to None, run_after=None
[2022-08-22 22:11:00,135] {processor.py:161} INFO - Processing /home/airflow/.local/lib/python3.7/site-packages/airflow/example_dags/example_time_delta_sensor_async.py took 0.063 seconds
[2022-08-22 22:11:30,599] {processor.py:153} INFO - Started process (PID=2123) to work on /home/airflow/.local/lib/python3.7/site-packages/airflow/example_dags/example_time_delta_sensor_async.py
[2022-08-22 22:11:30,599] {processor.py:641} INFO - Processing file /home/airflow/.local/lib/python3.7/site-packages/airflow/example_dags/example_time_delta_sensor_async.py for tasks to queue
[2022-08-22 22:11:30,600] {logging_mixin.py:115} INFO - [2022-08-22 22:11:30,600] {dagbag.py:508} INFO - Filling up the DagBag from /home/airflow/.local/lib/python3.7/site-packages/airflow/example_dags/example_time_delta_sensor_async.py
[2022-08-22 22:11:30,605] {processor.py:651} INFO - DAG(s) dict_keys(['example_time_delta_sensor_async']) retrieved from /home/airflow/.local/lib/python3.7/site-packages/airflow/example_dags/example_time_delta_sensor_async.py
[2022-08-22 22:11:30,633] {logging_mixin.py:115} INFO - [2022-08-22 22:11:30,633] {dag.py:2420} INFO - Sync 1 DAGs
[2022-08-22 22:11:30,652] {logging_mixin.py:115} INFO - [2022-08-22 22:11:30,652] {dag.py:2972} INFO - Setting next_dagrun for example_time_delta_sensor_async to None, run_after=None
[2022-08-22 22:11:30,663] {processor.py:161} INFO - Processing /home/airflow/.local/lib/python3.7/site-packages/airflow/example_dags/example_time_delta_sensor_async.py took 0.068 seconds
[2022-08-22 22:12:01,142] {processor.py:153} INFO - Started process (PID=2184) to work on /home/airflow/.local/lib/python3.7/site-packages/airflow/example_dags/example_time_delta_sensor_async.py
[2022-08-22 22:12:01,143] {processor.py:641} INFO - Processing file /home/airflow/.local/lib/python3.7/site-packages/airflow/example_dags/example_time_delta_sensor_async.py for tasks to queue
[2022-08-22 22:12:01,143] {logging_mixin.py:115} INFO - [2022-08-22 22:12:01,143] {dagbag.py:508} INFO - Filling up the DagBag from /home/airflow/.local/lib/python3.7/site-packages/airflow/example_dags/example_time_delta_sensor_async.py
[2022-08-22 22:12:01,147] {processor.py:651} INFO - DAG(s) dict_keys(['example_time_delta_sensor_async']) retrieved from /home/airflow/.local/lib/python3.7/site-packages/airflow/example_dags/example_time_delta_sensor_async.py
[2022-08-22 22:12:01,178] {logging_mixin.py:115} INFO - [2022-08-22 22:12:01,178] {dag.py:2420} INFO - Sync 1 DAGs
[2022-08-22 22:12:01,196] {logging_mixin.py:115} INFO - [2022-08-22 22:12:01,196] {dag.py:2972} INFO - Setting next_dagrun for example_time_delta_sensor_async to None, run_after=None
[2022-08-22 22:12:01,206] {processor.py:161} INFO - Processing /home/airflow/.local/lib/python3.7/site-packages/airflow/example_dags/example_time_delta_sensor_async.py took 0.065 seconds
[2022-08-22 22:12:31,682] {processor.py:153} INFO - Started process (PID=2236) to work on /home/airflow/.local/lib/python3.7/site-packages/airflow/example_dags/example_time_delta_sensor_async.py
[2022-08-22 22:12:31,683] {processor.py:641} INFO - Processing file /home/airflow/.local/lib/python3.7/site-packages/airflow/example_dags/example_time_delta_sensor_async.py for tasks to queue
[2022-08-22 22:12:31,684] {logging_mixin.py:115} INFO - [2022-08-22 22:12:31,684] {dagbag.py:508} INFO - Filling up the DagBag from /home/airflow/.local/lib/python3.7/site-packages/airflow/example_dags/example_time_delta_sensor_async.py
[2022-08-22 22:12:31,691] {processor.py:651} INFO - DAG(s) dict_keys(['example_time_delta_sensor_async']) retrieved from /home/airflow/.local/lib/python3.7/site-packages/airflow/example_dags/example_time_delta_sensor_async.py
[2022-08-22 22:12:31,720] {logging_mixin.py:115} INFO - [2022-08-22 22:12:31,719] {dag.py:2420} INFO - Sync 1 DAGs
[2022-08-22 22:12:31,737] {logging_mixin.py:115} INFO - [2022-08-22 22:12:31,736] {dag.py:2972} INFO - Setting next_dagrun for example_time_delta_sensor_async to None, run_after=None
[2022-08-22 22:12:31,745] {processor.py:161} INFO - Processing /home/airflow/.local/lib/python3.7/site-packages/airflow/example_dags/example_time_delta_sensor_async.py took 0.067 seconds
[2022-08-22 22:13:02,322] {processor.py:153} INFO - Started process (PID=2297) to work on /home/airflow/.local/lib/python3.7/site-packages/airflow/example_dags/example_time_delta_sensor_async.py
[2022-08-22 22:13:02,323] {processor.py:641} INFO - Processing file /home/airflow/.local/lib/python3.7/site-packages/airflow/example_dags/example_time_delta_sensor_async.py for tasks to queue
[2022-08-22 22:13:02,323] {logging_mixin.py:115} INFO - [2022-08-22 22:13:02,323] {dagbag.py:508} INFO - Filling up the DagBag from /home/airflow/.local/lib/python3.7/site-packages/airflow/example_dags/example_time_delta_sensor_async.py
[2022-08-22 22:13:02,327] {processor.py:651} INFO - DAG(s) dict_keys(['example_time_delta_sensor_async']) retrieved from /home/airflow/.local/lib/python3.7/site-packages/airflow/example_dags/example_time_delta_sensor_async.py
[2022-08-22 22:13:02,354] {logging_mixin.py:115} INFO - [2022-08-22 22:13:02,354] {dag.py:2420} INFO - Sync 1 DAGs
[2022-08-22 22:13:02,371] {logging_mixin.py:115} INFO - [2022-08-22 22:13:02,371] {dag.py:2972} INFO - Setting next_dagrun for example_time_delta_sensor_async to None, run_after=None
[2022-08-22 22:13:02,381] {processor.py:161} INFO - Processing /home/airflow/.local/lib/python3.7/site-packages/airflow/example_dags/example_time_delta_sensor_async.py took 0.060 seconds
[2022-08-22 22:13:32,961] {processor.py:153} INFO - Started process (PID=2358) to work on /home/airflow/.local/lib/python3.7/site-packages/airflow/example_dags/example_time_delta_sensor_async.py
[2022-08-22 22:13:32,962] {processor.py:641} INFO - Processing file /home/airflow/.local/lib/python3.7/site-packages/airflow/example_dags/example_time_delta_sensor_async.py for tasks to queue
[2022-08-22 22:13:32,963] {logging_mixin.py:115} INFO - [2022-08-22 22:13:32,963] {dagbag.py:508} INFO - Filling up the DagBag from /home/airflow/.local/lib/python3.7/site-packages/airflow/example_dags/example_time_delta_sensor_async.py
[2022-08-22 22:13:32,969] {processor.py:651} INFO - DAG(s) dict_keys(['example_time_delta_sensor_async']) retrieved from /home/airflow/.local/lib/python3.7/site-packages/airflow/example_dags/example_time_delta_sensor_async.py
[2022-08-22 22:13:32,999] {logging_mixin.py:115} INFO - [2022-08-22 22:13:32,999] {dag.py:2420} INFO - Sync 1 DAGs
[2022-08-22 22:13:33,017] {logging_mixin.py:115} INFO - [2022-08-22 22:13:33,017] {dag.py:2972} INFO - Setting next_dagrun for example_time_delta_sensor_async to None, run_after=None
[2022-08-22 22:13:33,027] {processor.py:161} INFO - Processing /home/airflow/.local/lib/python3.7/site-packages/airflow/example_dags/example_time_delta_sensor_async.py took 0.069 seconds
[2022-08-22 22:14:03,631] {processor.py:153} INFO - Started process (PID=2419) to work on /home/airflow/.local/lib/python3.7/site-packages/airflow/example_dags/example_time_delta_sensor_async.py
[2022-08-22 22:14:03,631] {processor.py:641} INFO - Processing file /home/airflow/.local/lib/python3.7/site-packages/airflow/example_dags/example_time_delta_sensor_async.py for tasks to queue
[2022-08-22 22:14:03,632] {logging_mixin.py:115} INFO - [2022-08-22 22:14:03,632] {dagbag.py:508} INFO - Filling up the DagBag from /home/airflow/.local/lib/python3.7/site-packages/airflow/example_dags/example_time_delta_sensor_async.py
[2022-08-22 22:14:03,635] {processor.py:651} INFO - DAG(s) dict_keys(['example_time_delta_sensor_async']) retrieved from /home/airflow/.local/lib/python3.7/site-packages/airflow/example_dags/example_time_delta_sensor_async.py
[2022-08-22 22:14:03,667] {logging_mixin.py:115} INFO - [2022-08-22 22:14:03,666] {dag.py:2420} INFO - Sync 1 DAGs
[2022-08-22 22:14:03,685] {logging_mixin.py:115} INFO - [2022-08-22 22:14:03,685] {dag.py:2972} INFO - Setting next_dagrun for example_time_delta_sensor_async to None, run_after=None
[2022-08-22 22:14:03,695] {processor.py:161} INFO - Processing /home/airflow/.local/lib/python3.7/site-packages/airflow/example_dags/example_time_delta_sensor_async.py took 0.066 seconds
[2022-08-22 22:14:34,249] {processor.py:153} INFO - Started process (PID=2471) to work on /home/airflow/.local/lib/python3.7/site-packages/airflow/example_dags/example_time_delta_sensor_async.py
[2022-08-22 22:14:34,249] {processor.py:641} INFO - Processing file /home/airflow/.local/lib/python3.7/site-packages/airflow/example_dags/example_time_delta_sensor_async.py for tasks to queue
[2022-08-22 22:14:34,249] {logging_mixin.py:115} INFO - [2022-08-22 22:14:34,249] {dagbag.py:508} INFO - Filling up the DagBag from /home/airflow/.local/lib/python3.7/site-packages/airflow/example_dags/example_time_delta_sensor_async.py
[2022-08-22 22:14:34,253] {processor.py:651} INFO - DAG(s) dict_keys(['example_time_delta_sensor_async']) retrieved from /home/airflow/.local/lib/python3.7/site-packages/airflow/example_dags/example_time_delta_sensor_async.py
[2022-08-22 22:14:34,281] {logging_mixin.py:115} INFO - [2022-08-22 22:14:34,281] {dag.py:2420} INFO - Sync 1 DAGs
[2022-08-22 22:14:34,298] {logging_mixin.py:115} INFO - [2022-08-22 22:14:34,298] {dag.py:2972} INFO - Setting next_dagrun for example_time_delta_sensor_async to None, run_after=None
[2022-08-22 22:14:34,308] {processor.py:161} INFO - Processing /home/airflow/.local/lib/python3.7/site-packages/airflow/example_dags/example_time_delta_sensor_async.py took 0.061 seconds
[2022-08-22 22:15:04,866] {processor.py:153} INFO - Started process (PID=2532) to work on /home/airflow/.local/lib/python3.7/site-packages/airflow/example_dags/example_time_delta_sensor_async.py
[2022-08-22 22:15:04,867] {processor.py:641} INFO - Processing file /home/airflow/.local/lib/python3.7/site-packages/airflow/example_dags/example_time_delta_sensor_async.py for tasks to queue
[2022-08-22 22:15:04,867] {logging_mixin.py:115} INFO - [2022-08-22 22:15:04,867] {dagbag.py:508} INFO - Filling up the DagBag from /home/airflow/.local/lib/python3.7/site-packages/airflow/example_dags/example_time_delta_sensor_async.py
[2022-08-22 22:15:04,871] {processor.py:651} INFO - DAG(s) dict_keys(['example_time_delta_sensor_async']) retrieved from /home/airflow/.local/lib/python3.7/site-packages/airflow/example_dags/example_time_delta_sensor_async.py
[2022-08-22 22:15:04,917] {logging_mixin.py:115} INFO - [2022-08-22 22:15:04,917] {dag.py:2420} INFO - Sync 1 DAGs
[2022-08-22 22:15:04,934] {logging_mixin.py:115} INFO - [2022-08-22 22:15:04,934] {dag.py:2972} INFO - Setting next_dagrun for example_time_delta_sensor_async to None, run_after=None
[2022-08-22 22:15:04,947] {processor.py:161} INFO - Processing /home/airflow/.local/lib/python3.7/site-packages/airflow/example_dags/example_time_delta_sensor_async.py took 0.083 seconds
[2022-08-22 22:15:35,532] {processor.py:153} INFO - Started process (PID=2593) to work on /home/airflow/.local/lib/python3.7/site-packages/airflow/example_dags/example_time_delta_sensor_async.py
[2022-08-22 22:15:35,533] {processor.py:641} INFO - Processing file /home/airflow/.local/lib/python3.7/site-packages/airflow/example_dags/example_time_delta_sensor_async.py for tasks to queue
[2022-08-22 22:15:35,533] {logging_mixin.py:115} INFO - [2022-08-22 22:15:35,533] {dagbag.py:508} INFO - Filling up the DagBag from /home/airflow/.local/lib/python3.7/site-packages/airflow/example_dags/example_time_delta_sensor_async.py
[2022-08-22 22:15:35,538] {processor.py:651} INFO - DAG(s) dict_keys(['example_time_delta_sensor_async']) retrieved from /home/airflow/.local/lib/python3.7/site-packages/airflow/example_dags/example_time_delta_sensor_async.py
[2022-08-22 22:15:35,566] {logging_mixin.py:115} INFO - [2022-08-22 22:15:35,566] {dag.py:2420} INFO - Sync 1 DAGs
[2022-08-22 22:15:35,584] {logging_mixin.py:115} INFO - [2022-08-22 22:15:35,584] {dag.py:2972} INFO - Setting next_dagrun for example_time_delta_sensor_async to None, run_after=None
[2022-08-22 22:15:35,594] {processor.py:161} INFO - Processing /home/airflow/.local/lib/python3.7/site-packages/airflow/example_dags/example_time_delta_sensor_async.py took 0.064 seconds
[2022-08-22 22:16:06,119] {processor.py:153} INFO - Started process (PID=2645) to work on /home/airflow/.local/lib/python3.7/site-packages/airflow/example_dags/example_time_delta_sensor_async.py
[2022-08-22 22:16:06,119] {processor.py:641} INFO - Processing file /home/airflow/.local/lib/python3.7/site-packages/airflow/example_dags/example_time_delta_sensor_async.py for tasks to queue
[2022-08-22 22:16:06,119] {logging_mixin.py:115} INFO - [2022-08-22 22:16:06,119] {dagbag.py:508} INFO - Filling up the DagBag from /home/airflow/.local/lib/python3.7/site-packages/airflow/example_dags/example_time_delta_sensor_async.py
[2022-08-22 22:16:06,123] {processor.py:651} INFO - DAG(s) dict_keys(['example_time_delta_sensor_async']) retrieved from /home/airflow/.local/lib/python3.7/site-packages/airflow/example_dags/example_time_delta_sensor_async.py
[2022-08-22 22:16:06,151] {logging_mixin.py:115} INFO - [2022-08-22 22:16:06,151] {dag.py:2420} INFO - Sync 1 DAGs
[2022-08-22 22:16:06,170] {logging_mixin.py:115} INFO - [2022-08-22 22:16:06,170] {dag.py:2972} INFO - Setting next_dagrun for example_time_delta_sensor_async to None, run_after=None
[2022-08-22 22:16:06,181] {processor.py:161} INFO - Processing /home/airflow/.local/lib/python3.7/site-packages/airflow/example_dags/example_time_delta_sensor_async.py took 0.065 seconds
[2022-08-22 22:16:36,843] {processor.py:153} INFO - Started process (PID=2706) to work on /home/airflow/.local/lib/python3.7/site-packages/airflow/example_dags/example_time_delta_sensor_async.py
[2022-08-22 22:16:36,843] {processor.py:641} INFO - Processing file /home/airflow/.local/lib/python3.7/site-packages/airflow/example_dags/example_time_delta_sensor_async.py for tasks to queue
[2022-08-22 22:16:36,844] {logging_mixin.py:115} INFO - [2022-08-22 22:16:36,844] {dagbag.py:508} INFO - Filling up the DagBag from /home/airflow/.local/lib/python3.7/site-packages/airflow/example_dags/example_time_delta_sensor_async.py
[2022-08-22 22:16:36,849] {processor.py:651} INFO - DAG(s) dict_keys(['example_time_delta_sensor_async']) retrieved from /home/airflow/.local/lib/python3.7/site-packages/airflow/example_dags/example_time_delta_sensor_async.py
[2022-08-22 22:16:36,881] {logging_mixin.py:115} INFO - [2022-08-22 22:16:36,881] {dag.py:2420} INFO - Sync 1 DAGs
[2022-08-22 22:16:36,901] {logging_mixin.py:115} INFO - [2022-08-22 22:16:36,901] {dag.py:2972} INFO - Setting next_dagrun for example_time_delta_sensor_async to None, run_after=None
[2022-08-22 22:16:36,914] {processor.py:161} INFO - Processing /home/airflow/.local/lib/python3.7/site-packages/airflow/example_dags/example_time_delta_sensor_async.py took 0.074 seconds
[2022-08-22 22:17:07,407] {processor.py:153} INFO - Started process (PID=2767) to work on /home/airflow/.local/lib/python3.7/site-packages/airflow/example_dags/example_time_delta_sensor_async.py
[2022-08-22 22:17:07,408] {processor.py:641} INFO - Processing file /home/airflow/.local/lib/python3.7/site-packages/airflow/example_dags/example_time_delta_sensor_async.py for tasks to queue
[2022-08-22 22:17:07,409] {logging_mixin.py:115} INFO - [2022-08-22 22:17:07,409] {dagbag.py:508} INFO - Filling up the DagBag from /home/airflow/.local/lib/python3.7/site-packages/airflow/example_dags/example_time_delta_sensor_async.py
[2022-08-22 22:17:07,415] {processor.py:651} INFO - DAG(s) dict_keys(['example_time_delta_sensor_async']) retrieved from /home/airflow/.local/lib/python3.7/site-packages/airflow/example_dags/example_time_delta_sensor_async.py
[2022-08-22 22:17:07,454] {logging_mixin.py:115} INFO - [2022-08-22 22:17:07,454] {dag.py:2420} INFO - Sync 1 DAGs
[2022-08-22 22:17:07,473] {logging_mixin.py:115} INFO - [2022-08-22 22:17:07,473] {dag.py:2972} INFO - Setting next_dagrun for example_time_delta_sensor_async to None, run_after=None
[2022-08-22 22:17:07,482] {processor.py:161} INFO - Processing /home/airflow/.local/lib/python3.7/site-packages/airflow/example_dags/example_time_delta_sensor_async.py took 0.079 seconds
[2022-08-22 22:17:38,003] {processor.py:153} INFO - Started process (PID=2828) to work on /home/airflow/.local/lib/python3.7/site-packages/airflow/example_dags/example_time_delta_sensor_async.py
[2022-08-22 22:17:38,004] {processor.py:641} INFO - Processing file /home/airflow/.local/lib/python3.7/site-packages/airflow/example_dags/example_time_delta_sensor_async.py for tasks to queue
[2022-08-22 22:17:38,004] {logging_mixin.py:115} INFO - [2022-08-22 22:17:38,004] {dagbag.py:508} INFO - Filling up the DagBag from /home/airflow/.local/lib/python3.7/site-packages/airflow/example_dags/example_time_delta_sensor_async.py
[2022-08-22 22:17:38,008] {processor.py:651} INFO - DAG(s) dict_keys(['example_time_delta_sensor_async']) retrieved from /home/airflow/.local/lib/python3.7/site-packages/airflow/example_dags/example_time_delta_sensor_async.py
[2022-08-22 22:17:38,038] {logging_mixin.py:115} INFO - [2022-08-22 22:17:38,038] {dag.py:2420} INFO - Sync 1 DAGs
[2022-08-22 22:17:38,055] {logging_mixin.py:115} INFO - [2022-08-22 22:17:38,055] {dag.py:2972} INFO - Setting next_dagrun for example_time_delta_sensor_async to None, run_after=None
[2022-08-22 22:17:38,064] {processor.py:161} INFO - Processing /home/airflow/.local/lib/python3.7/site-packages/airflow/example_dags/example_time_delta_sensor_async.py took 0.064 seconds
[2022-08-22 22:18:08,580] {processor.py:153} INFO - Started process (PID=2880) to work on /home/airflow/.local/lib/python3.7/site-packages/airflow/example_dags/example_time_delta_sensor_async.py
[2022-08-22 22:18:08,581] {processor.py:641} INFO - Processing file /home/airflow/.local/lib/python3.7/site-packages/airflow/example_dags/example_time_delta_sensor_async.py for tasks to queue
[2022-08-22 22:18:08,581] {logging_mixin.py:115} INFO - [2022-08-22 22:18:08,581] {dagbag.py:508} INFO - Filling up the DagBag from /home/airflow/.local/lib/python3.7/site-packages/airflow/example_dags/example_time_delta_sensor_async.py
[2022-08-22 22:18:08,585] {processor.py:651} INFO - DAG(s) dict_keys(['example_time_delta_sensor_async']) retrieved from /home/airflow/.local/lib/python3.7/site-packages/airflow/example_dags/example_time_delta_sensor_async.py
[2022-08-22 22:18:08,615] {logging_mixin.py:115} INFO - [2022-08-22 22:18:08,615] {dag.py:2420} INFO - Sync 1 DAGs
[2022-08-22 22:18:08,635] {logging_mixin.py:115} INFO - [2022-08-22 22:18:08,634] {dag.py:2972} INFO - Setting next_dagrun for example_time_delta_sensor_async to None, run_after=None
[2022-08-22 22:18:08,648] {processor.py:161} INFO - Processing /home/airflow/.local/lib/python3.7/site-packages/airflow/example_dags/example_time_delta_sensor_async.py took 0.070 seconds
[2022-08-22 22:18:39,242] {processor.py:153} INFO - Started process (PID=2941) to work on /home/airflow/.local/lib/python3.7/site-packages/airflow/example_dags/example_time_delta_sensor_async.py
[2022-08-22 22:18:39,242] {processor.py:641} INFO - Processing file /home/airflow/.local/lib/python3.7/site-packages/airflow/example_dags/example_time_delta_sensor_async.py for tasks to queue
[2022-08-22 22:18:39,242] {logging_mixin.py:115} INFO - [2022-08-22 22:18:39,242] {dagbag.py:508} INFO - Filling up the DagBag from /home/airflow/.local/lib/python3.7/site-packages/airflow/example_dags/example_time_delta_sensor_async.py
[2022-08-22 22:18:39,246] {processor.py:651} INFO - DAG(s) dict_keys(['example_time_delta_sensor_async']) retrieved from /home/airflow/.local/lib/python3.7/site-packages/airflow/example_dags/example_time_delta_sensor_async.py
[2022-08-22 22:18:39,275] {logging_mixin.py:115} INFO - [2022-08-22 22:18:39,275] {dag.py:2420} INFO - Sync 1 DAGs
[2022-08-22 22:18:39,294] {logging_mixin.py:115} INFO - [2022-08-22 22:18:39,294] {dag.py:2972} INFO - Setting next_dagrun for example_time_delta_sensor_async to None, run_after=None
[2022-08-22 22:18:39,305] {processor.py:161} INFO - Processing /home/airflow/.local/lib/python3.7/site-packages/airflow/example_dags/example_time_delta_sensor_async.py took 0.066 seconds
[2022-08-22 22:19:09,949] {processor.py:153} INFO - Started process (PID=3003) to work on /home/airflow/.local/lib/python3.7/site-packages/airflow/example_dags/example_time_delta_sensor_async.py
[2022-08-22 22:19:09,950] {processor.py:641} INFO - Processing file /home/airflow/.local/lib/python3.7/site-packages/airflow/example_dags/example_time_delta_sensor_async.py for tasks to queue
[2022-08-22 22:19:09,950] {logging_mixin.py:115} INFO - [2022-08-22 22:19:09,950] {dagbag.py:508} INFO - Filling up the DagBag from /home/airflow/.local/lib/python3.7/site-packages/airflow/example_dags/example_time_delta_sensor_async.py
[2022-08-22 22:19:09,956] {processor.py:651} INFO - DAG(s) dict_keys(['example_time_delta_sensor_async']) retrieved from /home/airflow/.local/lib/python3.7/site-packages/airflow/example_dags/example_time_delta_sensor_async.py
[2022-08-22 22:19:09,986] {logging_mixin.py:115} INFO - [2022-08-22 22:19:09,986] {dag.py:2420} INFO - Sync 1 DAGs
[2022-08-22 22:19:10,004] {logging_mixin.py:115} INFO - [2022-08-22 22:19:10,004] {dag.py:2972} INFO - Setting next_dagrun for example_time_delta_sensor_async to None, run_after=None
[2022-08-22 22:19:10,014] {processor.py:161} INFO - Processing /home/airflow/.local/lib/python3.7/site-packages/airflow/example_dags/example_time_delta_sensor_async.py took 0.068 seconds
[2022-08-22 22:19:40,637] {processor.py:153} INFO - Started process (PID=3064) to work on /home/airflow/.local/lib/python3.7/site-packages/airflow/example_dags/example_time_delta_sensor_async.py
[2022-08-22 22:19:40,638] {processor.py:641} INFO - Processing file /home/airflow/.local/lib/python3.7/site-packages/airflow/example_dags/example_time_delta_sensor_async.py for tasks to queue
[2022-08-22 22:19:40,638] {logging_mixin.py:115} INFO - [2022-08-22 22:19:40,638] {dagbag.py:508} INFO - Filling up the DagBag from /home/airflow/.local/lib/python3.7/site-packages/airflow/example_dags/example_time_delta_sensor_async.py
[2022-08-22 22:19:40,642] {processor.py:651} INFO - DAG(s) dict_keys(['example_time_delta_sensor_async']) retrieved from /home/airflow/.local/lib/python3.7/site-packages/airflow/example_dags/example_time_delta_sensor_async.py
[2022-08-22 22:19:40,678] {logging_mixin.py:115} INFO - [2022-08-22 22:19:40,678] {dag.py:2420} INFO - Sync 1 DAGs
[2022-08-22 22:19:40,701] {logging_mixin.py:115} INFO - [2022-08-22 22:19:40,701] {dag.py:2972} INFO - Setting next_dagrun for example_time_delta_sensor_async to None, run_after=None
[2022-08-22 22:19:40,712] {processor.py:161} INFO - Processing /home/airflow/.local/lib/python3.7/site-packages/airflow/example_dags/example_time_delta_sensor_async.py took 0.076 seconds
[2022-08-22 22:20:11,378] {processor.py:153} INFO - Started process (PID=3116) to work on /home/airflow/.local/lib/python3.7/site-packages/airflow/example_dags/example_time_delta_sensor_async.py
[2022-08-22 22:20:11,379] {processor.py:641} INFO - Processing file /home/airflow/.local/lib/python3.7/site-packages/airflow/example_dags/example_time_delta_sensor_async.py for tasks to queue
[2022-08-22 22:20:11,379] {logging_mixin.py:115} INFO - [2022-08-22 22:20:11,379] {dagbag.py:508} INFO - Filling up the DagBag from /home/airflow/.local/lib/python3.7/site-packages/airflow/example_dags/example_time_delta_sensor_async.py
[2022-08-22 22:20:11,383] {processor.py:651} INFO - DAG(s) dict_keys(['example_time_delta_sensor_async']) retrieved from /home/airflow/.local/lib/python3.7/site-packages/airflow/example_dags/example_time_delta_sensor_async.py
[2022-08-22 22:20:11,415] {logging_mixin.py:115} INFO - [2022-08-22 22:20:11,415] {dag.py:2420} INFO - Sync 1 DAGs
[2022-08-22 22:20:11,439] {logging_mixin.py:115} INFO - [2022-08-22 22:20:11,439] {dag.py:2972} INFO - Setting next_dagrun for example_time_delta_sensor_async to None, run_after=None
[2022-08-22 22:20:11,454] {processor.py:161} INFO - Processing /home/airflow/.local/lib/python3.7/site-packages/airflow/example_dags/example_time_delta_sensor_async.py took 0.078 seconds
[2022-08-22 22:20:41,992] {processor.py:153} INFO - Started process (PID=3177) to work on /home/airflow/.local/lib/python3.7/site-packages/airflow/example_dags/example_time_delta_sensor_async.py
[2022-08-22 22:20:41,993] {processor.py:641} INFO - Processing file /home/airflow/.local/lib/python3.7/site-packages/airflow/example_dags/example_time_delta_sensor_async.py for tasks to queue
[2022-08-22 22:20:41,993] {logging_mixin.py:115} INFO - [2022-08-22 22:20:41,993] {dagbag.py:508} INFO - Filling up the DagBag from /home/airflow/.local/lib/python3.7/site-packages/airflow/example_dags/example_time_delta_sensor_async.py
[2022-08-22 22:20:41,997] {processor.py:651} INFO - DAG(s) dict_keys(['example_time_delta_sensor_async']) retrieved from /home/airflow/.local/lib/python3.7/site-packages/airflow/example_dags/example_time_delta_sensor_async.py
[2022-08-22 22:20:42,028] {logging_mixin.py:115} INFO - [2022-08-22 22:20:42,028] {dag.py:2420} INFO - Sync 1 DAGs
[2022-08-22 22:20:42,047] {logging_mixin.py:115} INFO - [2022-08-22 22:20:42,047] {dag.py:2972} INFO - Setting next_dagrun for example_time_delta_sensor_async to None, run_after=None
[2022-08-22 22:20:42,057] {processor.py:161} INFO - Processing /home/airflow/.local/lib/python3.7/site-packages/airflow/example_dags/example_time_delta_sensor_async.py took 0.067 seconds
[2022-08-22 22:21:12,542] {processor.py:153} INFO - Started process (PID=3238) to work on /home/airflow/.local/lib/python3.7/site-packages/airflow/example_dags/example_time_delta_sensor_async.py
[2022-08-22 22:21:12,543] {processor.py:641} INFO - Processing file /home/airflow/.local/lib/python3.7/site-packages/airflow/example_dags/example_time_delta_sensor_async.py for tasks to queue
[2022-08-22 22:21:12,544] {logging_mixin.py:115} INFO - [2022-08-22 22:21:12,543] {dagbag.py:508} INFO - Filling up the DagBag from /home/airflow/.local/lib/python3.7/site-packages/airflow/example_dags/example_time_delta_sensor_async.py
[2022-08-22 22:21:12,550] {processor.py:651} INFO - DAG(s) dict_keys(['example_time_delta_sensor_async']) retrieved from /home/airflow/.local/lib/python3.7/site-packages/airflow/example_dags/example_time_delta_sensor_async.py
[2022-08-22 22:21:12,594] {logging_mixin.py:115} INFO - [2022-08-22 22:21:12,594] {dag.py:2420} INFO - Sync 1 DAGs
[2022-08-22 22:21:12,612] {logging_mixin.py:115} INFO - [2022-08-22 22:21:12,612] {dag.py:2972} INFO - Setting next_dagrun for example_time_delta_sensor_async to None, run_after=None
[2022-08-22 22:21:12,623] {processor.py:161} INFO - Processing /home/airflow/.local/lib/python3.7/site-packages/airflow/example_dags/example_time_delta_sensor_async.py took 0.085 seconds
[2022-08-22 22:21:43,204] {processor.py:153} INFO - Started process (PID=3299) to work on /home/airflow/.local/lib/python3.7/site-packages/airflow/example_dags/example_time_delta_sensor_async.py
[2022-08-22 22:21:43,204] {processor.py:641} INFO - Processing file /home/airflow/.local/lib/python3.7/site-packages/airflow/example_dags/example_time_delta_sensor_async.py for tasks to queue
[2022-08-22 22:21:43,205] {logging_mixin.py:115} INFO - [2022-08-22 22:21:43,205] {dagbag.py:508} INFO - Filling up the DagBag from /home/airflow/.local/lib/python3.7/site-packages/airflow/example_dags/example_time_delta_sensor_async.py
[2022-08-22 22:21:43,210] {processor.py:651} INFO - DAG(s) dict_keys(['example_time_delta_sensor_async']) retrieved from /home/airflow/.local/lib/python3.7/site-packages/airflow/example_dags/example_time_delta_sensor_async.py
[2022-08-22 22:21:43,242] {logging_mixin.py:115} INFO - [2022-08-22 22:21:43,242] {dag.py:2420} INFO - Sync 1 DAGs
[2022-08-22 22:21:43,264] {logging_mixin.py:115} INFO - [2022-08-22 22:21:43,263] {dag.py:2972} INFO - Setting next_dagrun for example_time_delta_sensor_async to None, run_after=None
[2022-08-22 22:21:43,275] {processor.py:161} INFO - Processing /home/airflow/.local/lib/python3.7/site-packages/airflow/example_dags/example_time_delta_sensor_async.py took 0.074 seconds
[2022-08-22 22:22:13,867] {processor.py:153} INFO - Started process (PID=3351) to work on /home/airflow/.local/lib/python3.7/site-packages/airflow/example_dags/example_time_delta_sensor_async.py
[2022-08-22 22:22:13,868] {processor.py:641} INFO - Processing file /home/airflow/.local/lib/python3.7/site-packages/airflow/example_dags/example_time_delta_sensor_async.py for tasks to queue
[2022-08-22 22:22:13,868] {logging_mixin.py:115} INFO - [2022-08-22 22:22:13,868] {dagbag.py:508} INFO - Filling up the DagBag from /home/airflow/.local/lib/python3.7/site-packages/airflow/example_dags/example_time_delta_sensor_async.py
[2022-08-22 22:22:13,872] {processor.py:651} INFO - DAG(s) dict_keys(['example_time_delta_sensor_async']) retrieved from /home/airflow/.local/lib/python3.7/site-packages/airflow/example_dags/example_time_delta_sensor_async.py
[2022-08-22 22:22:13,900] {logging_mixin.py:115} INFO - [2022-08-22 22:22:13,900] {dag.py:2420} INFO - Sync 1 DAGs
[2022-08-22 22:22:13,917] {logging_mixin.py:115} INFO - [2022-08-22 22:22:13,917] {dag.py:2972} INFO - Setting next_dagrun for example_time_delta_sensor_async to None, run_after=None
[2022-08-22 22:22:13,925] {processor.py:161} INFO - Processing /home/airflow/.local/lib/python3.7/site-packages/airflow/example_dags/example_time_delta_sensor_async.py took 0.060 seconds
[2022-08-22 22:22:44,525] {processor.py:153} INFO - Started process (PID=3412) to work on /home/airflow/.local/lib/python3.7/site-packages/airflow/example_dags/example_time_delta_sensor_async.py
[2022-08-22 22:22:44,525] {processor.py:641} INFO - Processing file /home/airflow/.local/lib/python3.7/site-packages/airflow/example_dags/example_time_delta_sensor_async.py for tasks to queue
[2022-08-22 22:22:44,526] {logging_mixin.py:115} INFO - [2022-08-22 22:22:44,526] {dagbag.py:508} INFO - Filling up the DagBag from /home/airflow/.local/lib/python3.7/site-packages/airflow/example_dags/example_time_delta_sensor_async.py
[2022-08-22 22:22:44,530] {processor.py:651} INFO - DAG(s) dict_keys(['example_time_delta_sensor_async']) retrieved from /home/airflow/.local/lib/python3.7/site-packages/airflow/example_dags/example_time_delta_sensor_async.py
[2022-08-22 22:22:44,558] {logging_mixin.py:115} INFO - [2022-08-22 22:22:44,558] {dag.py:2420} INFO - Sync 1 DAGs
[2022-08-22 22:22:44,577] {logging_mixin.py:115} INFO - [2022-08-22 22:22:44,577] {dag.py:2972} INFO - Setting next_dagrun for example_time_delta_sensor_async to None, run_after=None
[2022-08-22 22:22:44,588] {processor.py:161} INFO - Processing /home/airflow/.local/lib/python3.7/site-packages/airflow/example_dags/example_time_delta_sensor_async.py took 0.065 seconds
[2022-08-22 22:23:15,192] {processor.py:153} INFO - Started process (PID=3473) to work on /home/airflow/.local/lib/python3.7/site-packages/airflow/example_dags/example_time_delta_sensor_async.py
[2022-08-22 22:23:15,192] {processor.py:641} INFO - Processing file /home/airflow/.local/lib/python3.7/site-packages/airflow/example_dags/example_time_delta_sensor_async.py for tasks to queue
[2022-08-22 22:23:15,193] {logging_mixin.py:115} INFO - [2022-08-22 22:23:15,192] {dagbag.py:508} INFO - Filling up the DagBag from /home/airflow/.local/lib/python3.7/site-packages/airflow/example_dags/example_time_delta_sensor_async.py
[2022-08-22 22:23:15,197] {processor.py:651} INFO - DAG(s) dict_keys(['example_time_delta_sensor_async']) retrieved from /home/airflow/.local/lib/python3.7/site-packages/airflow/example_dags/example_time_delta_sensor_async.py
[2022-08-22 22:23:15,226] {logging_mixin.py:115} INFO - [2022-08-22 22:23:15,226] {dag.py:2420} INFO - Sync 1 DAGs
[2022-08-22 22:23:15,247] {logging_mixin.py:115} INFO - [2022-08-22 22:23:15,247] {dag.py:2972} INFO - Setting next_dagrun for example_time_delta_sensor_async to None, run_after=None
[2022-08-22 22:23:15,256] {processor.py:161} INFO - Processing /home/airflow/.local/lib/python3.7/site-packages/airflow/example_dags/example_time_delta_sensor_async.py took 0.067 seconds
[2022-08-22 22:23:45,866] {processor.py:153} INFO - Started process (PID=3525) to work on /home/airflow/.local/lib/python3.7/site-packages/airflow/example_dags/example_time_delta_sensor_async.py
[2022-08-22 22:23:45,866] {processor.py:641} INFO - Processing file /home/airflow/.local/lib/python3.7/site-packages/airflow/example_dags/example_time_delta_sensor_async.py for tasks to queue
[2022-08-22 22:23:45,867] {logging_mixin.py:115} INFO - [2022-08-22 22:23:45,867] {dagbag.py:508} INFO - Filling up the DagBag from /home/airflow/.local/lib/python3.7/site-packages/airflow/example_dags/example_time_delta_sensor_async.py
[2022-08-22 22:23:45,873] {processor.py:651} INFO - DAG(s) dict_keys(['example_time_delta_sensor_async']) retrieved from /home/airflow/.local/lib/python3.7/site-packages/airflow/example_dags/example_time_delta_sensor_async.py
[2022-08-22 22:23:45,902] {logging_mixin.py:115} INFO - [2022-08-22 22:23:45,902] {dag.py:2420} INFO - Sync 1 DAGs
[2022-08-22 22:23:45,919] {logging_mixin.py:115} INFO - [2022-08-22 22:23:45,919] {dag.py:2972} INFO - Setting next_dagrun for example_time_delta_sensor_async to None, run_after=None
[2022-08-22 22:23:45,928] {processor.py:161} INFO - Processing /home/airflow/.local/lib/python3.7/site-packages/airflow/example_dags/example_time_delta_sensor_async.py took 0.067 seconds
[2022-08-22 22:24:16,593] {processor.py:153} INFO - Started process (PID=3586) to work on /home/airflow/.local/lib/python3.7/site-packages/airflow/example_dags/example_time_delta_sensor_async.py
[2022-08-22 22:24:16,594] {processor.py:641} INFO - Processing file /home/airflow/.local/lib/python3.7/site-packages/airflow/example_dags/example_time_delta_sensor_async.py for tasks to queue
[2022-08-22 22:24:16,595] {logging_mixin.py:115} INFO - [2022-08-22 22:24:16,594] {dagbag.py:508} INFO - Filling up the DagBag from /home/airflow/.local/lib/python3.7/site-packages/airflow/example_dags/example_time_delta_sensor_async.py
[2022-08-22 22:24:16,602] {processor.py:651} INFO - DAG(s) dict_keys(['example_time_delta_sensor_async']) retrieved from /home/airflow/.local/lib/python3.7/site-packages/airflow/example_dags/example_time_delta_sensor_async.py
[2022-08-22 22:24:16,649] {logging_mixin.py:115} INFO - [2022-08-22 22:24:16,649] {dag.py:2420} INFO - Sync 1 DAGs
[2022-08-22 22:24:16,667] {logging_mixin.py:115} INFO - [2022-08-22 22:24:16,667] {dag.py:2972} INFO - Setting next_dagrun for example_time_delta_sensor_async to None, run_after=None
[2022-08-22 22:24:16,678] {processor.py:161} INFO - Processing /home/airflow/.local/lib/python3.7/site-packages/airflow/example_dags/example_time_delta_sensor_async.py took 0.088 seconds
[2022-08-22 22:24:47,351] {processor.py:153} INFO - Started process (PID=3647) to work on /home/airflow/.local/lib/python3.7/site-packages/airflow/example_dags/example_time_delta_sensor_async.py
[2022-08-22 22:24:47,351] {processor.py:641} INFO - Processing file /home/airflow/.local/lib/python3.7/site-packages/airflow/example_dags/example_time_delta_sensor_async.py for tasks to queue
[2022-08-22 22:24:47,351] {logging_mixin.py:115} INFO - [2022-08-22 22:24:47,351] {dagbag.py:508} INFO - Filling up the DagBag from /home/airflow/.local/lib/python3.7/site-packages/airflow/example_dags/example_time_delta_sensor_async.py
[2022-08-22 22:24:47,355] {processor.py:651} INFO - DAG(s) dict_keys(['example_time_delta_sensor_async']) retrieved from /home/airflow/.local/lib/python3.7/site-packages/airflow/example_dags/example_time_delta_sensor_async.py
[2022-08-22 22:24:47,386] {logging_mixin.py:115} INFO - [2022-08-22 22:24:47,386] {dag.py:2420} INFO - Sync 1 DAGs
[2022-08-22 22:24:47,405] {logging_mixin.py:115} INFO - [2022-08-22 22:24:47,404] {dag.py:2972} INFO - Setting next_dagrun for example_time_delta_sensor_async to None, run_after=None
[2022-08-22 22:24:47,416] {processor.py:161} INFO - Processing /home/airflow/.local/lib/python3.7/site-packages/airflow/example_dags/example_time_delta_sensor_async.py took 0.067 seconds
[2022-08-22 22:25:18,031] {processor.py:153} INFO - Started process (PID=3708) to work on /home/airflow/.local/lib/python3.7/site-packages/airflow/example_dags/example_time_delta_sensor_async.py
[2022-08-22 22:25:18,032] {processor.py:641} INFO - Processing file /home/airflow/.local/lib/python3.7/site-packages/airflow/example_dags/example_time_delta_sensor_async.py for tasks to queue
[2022-08-22 22:25:18,032] {logging_mixin.py:115} INFO - [2022-08-22 22:25:18,032] {dagbag.py:508} INFO - Filling up the DagBag from /home/airflow/.local/lib/python3.7/site-packages/airflow/example_dags/example_time_delta_sensor_async.py
[2022-08-22 22:25:18,036] {processor.py:651} INFO - DAG(s) dict_keys(['example_time_delta_sensor_async']) retrieved from /home/airflow/.local/lib/python3.7/site-packages/airflow/example_dags/example_time_delta_sensor_async.py
[2022-08-22 22:25:18,063] {logging_mixin.py:115} INFO - [2022-08-22 22:25:18,063] {dag.py:2420} INFO - Sync 1 DAGs
[2022-08-22 22:25:18,081] {logging_mixin.py:115} INFO - [2022-08-22 22:25:18,081] {dag.py:2972} INFO - Setting next_dagrun for example_time_delta_sensor_async to None, run_after=None
[2022-08-22 22:25:18,090] {processor.py:161} INFO - Processing /home/airflow/.local/lib/python3.7/site-packages/airflow/example_dags/example_time_delta_sensor_async.py took 0.061 seconds
[2022-08-22 22:25:48,729] {processor.py:153} INFO - Started process (PID=3760) to work on /home/airflow/.local/lib/python3.7/site-packages/airflow/example_dags/example_time_delta_sensor_async.py
[2022-08-22 22:25:48,729] {processor.py:641} INFO - Processing file /home/airflow/.local/lib/python3.7/site-packages/airflow/example_dags/example_time_delta_sensor_async.py for tasks to queue
[2022-08-22 22:25:48,730] {logging_mixin.py:115} INFO - [2022-08-22 22:25:48,730] {dagbag.py:508} INFO - Filling up the DagBag from /home/airflow/.local/lib/python3.7/site-packages/airflow/example_dags/example_time_delta_sensor_async.py
[2022-08-22 22:25:48,733] {processor.py:651} INFO - DAG(s) dict_keys(['example_time_delta_sensor_async']) retrieved from /home/airflow/.local/lib/python3.7/site-packages/airflow/example_dags/example_time_delta_sensor_async.py
[2022-08-22 22:25:48,782] {logging_mixin.py:115} INFO - [2022-08-22 22:25:48,782] {dag.py:2420} INFO - Sync 1 DAGs
[2022-08-22 22:25:48,799] {logging_mixin.py:115} INFO - [2022-08-22 22:25:48,799] {dag.py:2972} INFO - Setting next_dagrun for example_time_delta_sensor_async to None, run_after=None
[2022-08-22 22:25:48,808] {processor.py:161} INFO - Processing /home/airflow/.local/lib/python3.7/site-packages/airflow/example_dags/example_time_delta_sensor_async.py took 0.082 seconds
[2022-08-22 22:26:19,359] {processor.py:153} INFO - Started process (PID=3821) to work on /home/airflow/.local/lib/python3.7/site-packages/airflow/example_dags/example_time_delta_sensor_async.py
[2022-08-22 22:26:19,359] {processor.py:641} INFO - Processing file /home/airflow/.local/lib/python3.7/site-packages/airflow/example_dags/example_time_delta_sensor_async.py for tasks to queue
[2022-08-22 22:26:19,360] {logging_mixin.py:115} INFO - [2022-08-22 22:26:19,360] {dagbag.py:508} INFO - Filling up the DagBag from /home/airflow/.local/lib/python3.7/site-packages/airflow/example_dags/example_time_delta_sensor_async.py
[2022-08-22 22:26:19,364] {processor.py:651} INFO - DAG(s) dict_keys(['example_time_delta_sensor_async']) retrieved from /home/airflow/.local/lib/python3.7/site-packages/airflow/example_dags/example_time_delta_sensor_async.py
[2022-08-22 22:26:19,393] {logging_mixin.py:115} INFO - [2022-08-22 22:26:19,393] {dag.py:2420} INFO - Sync 1 DAGs
[2022-08-22 22:26:19,417] {logging_mixin.py:115} INFO - [2022-08-22 22:26:19,417] {dag.py:2972} INFO - Setting next_dagrun for example_time_delta_sensor_async to None, run_after=None
[2022-08-22 22:26:19,429] {processor.py:161} INFO - Processing /home/airflow/.local/lib/python3.7/site-packages/airflow/example_dags/example_time_delta_sensor_async.py took 0.072 seconds
[2022-08-22 22:26:50,073] {processor.py:153} INFO - Started process (PID=3882) to work on /home/airflow/.local/lib/python3.7/site-packages/airflow/example_dags/example_time_delta_sensor_async.py
[2022-08-22 22:26:50,074] {processor.py:641} INFO - Processing file /home/airflow/.local/lib/python3.7/site-packages/airflow/example_dags/example_time_delta_sensor_async.py for tasks to queue
[2022-08-22 22:26:50,074] {logging_mixin.py:115} INFO - [2022-08-22 22:26:50,074] {dagbag.py:508} INFO - Filling up the DagBag from /home/airflow/.local/lib/python3.7/site-packages/airflow/example_dags/example_time_delta_sensor_async.py
[2022-08-22 22:26:50,079] {processor.py:651} INFO - DAG(s) dict_keys(['example_time_delta_sensor_async']) retrieved from /home/airflow/.local/lib/python3.7/site-packages/airflow/example_dags/example_time_delta_sensor_async.py
[2022-08-22 22:26:50,108] {logging_mixin.py:115} INFO - [2022-08-22 22:26:50,108] {dag.py:2420} INFO - Sync 1 DAGs
[2022-08-22 22:26:50,126] {logging_mixin.py:115} INFO - [2022-08-22 22:26:50,126] {dag.py:2972} INFO - Setting next_dagrun for example_time_delta_sensor_async to None, run_after=None
[2022-08-22 22:26:50,136] {processor.py:161} INFO - Processing /home/airflow/.local/lib/python3.7/site-packages/airflow/example_dags/example_time_delta_sensor_async.py took 0.065 seconds
[2022-08-22 22:27:20,898] {processor.py:153} INFO - Started process (PID=3943) to work on /home/airflow/.local/lib/python3.7/site-packages/airflow/example_dags/example_time_delta_sensor_async.py
[2022-08-22 22:27:20,899] {processor.py:641} INFO - Processing file /home/airflow/.local/lib/python3.7/site-packages/airflow/example_dags/example_time_delta_sensor_async.py for tasks to queue
[2022-08-22 22:27:20,900] {logging_mixin.py:115} INFO - [2022-08-22 22:27:20,900] {dagbag.py:508} INFO - Filling up the DagBag from /home/airflow/.local/lib/python3.7/site-packages/airflow/example_dags/example_time_delta_sensor_async.py
[2022-08-22 22:27:20,908] {processor.py:651} INFO - DAG(s) dict_keys(['example_time_delta_sensor_async']) retrieved from /home/airflow/.local/lib/python3.7/site-packages/airflow/example_dags/example_time_delta_sensor_async.py
[2022-08-22 22:27:20,941] {logging_mixin.py:115} INFO - [2022-08-22 22:27:20,941] {dag.py:2420} INFO - Sync 1 DAGs
[2022-08-22 22:27:20,960] {logging_mixin.py:115} INFO - [2022-08-22 22:27:20,960] {dag.py:2972} INFO - Setting next_dagrun for example_time_delta_sensor_async to None, run_after=None
[2022-08-22 22:27:20,971] {processor.py:161} INFO - Processing /home/airflow/.local/lib/python3.7/site-packages/airflow/example_dags/example_time_delta_sensor_async.py took 0.077 seconds
[2022-08-22 22:27:51,545] {processor.py:153} INFO - Started process (PID=3995) to work on /home/airflow/.local/lib/python3.7/site-packages/airflow/example_dags/example_time_delta_sensor_async.py
[2022-08-22 22:27:51,545] {processor.py:641} INFO - Processing file /home/airflow/.local/lib/python3.7/site-packages/airflow/example_dags/example_time_delta_sensor_async.py for tasks to queue
[2022-08-22 22:27:51,546] {logging_mixin.py:115} INFO - [2022-08-22 22:27:51,546] {dagbag.py:508} INFO - Filling up the DagBag from /home/airflow/.local/lib/python3.7/site-packages/airflow/example_dags/example_time_delta_sensor_async.py
[2022-08-22 22:27:51,549] {processor.py:651} INFO - DAG(s) dict_keys(['example_time_delta_sensor_async']) retrieved from /home/airflow/.local/lib/python3.7/site-packages/airflow/example_dags/example_time_delta_sensor_async.py
[2022-08-22 22:27:51,577] {logging_mixin.py:115} INFO - [2022-08-22 22:27:51,577] {dag.py:2420} INFO - Sync 1 DAGs
[2022-08-22 22:27:51,595] {logging_mixin.py:115} INFO - [2022-08-22 22:27:51,595] {dag.py:2972} INFO - Setting next_dagrun for example_time_delta_sensor_async to None, run_after=None
[2022-08-22 22:27:51,605] {processor.py:161} INFO - Processing /home/airflow/.local/lib/python3.7/site-packages/airflow/example_dags/example_time_delta_sensor_async.py took 0.062 seconds
[2022-08-22 22:28:22,109] {processor.py:153} INFO - Started process (PID=4056) to work on /home/airflow/.local/lib/python3.7/site-packages/airflow/example_dags/example_time_delta_sensor_async.py
[2022-08-22 22:28:22,110] {processor.py:641} INFO - Processing file /home/airflow/.local/lib/python3.7/site-packages/airflow/example_dags/example_time_delta_sensor_async.py for tasks to queue
[2022-08-22 22:28:22,110] {logging_mixin.py:115} INFO - [2022-08-22 22:28:22,110] {dagbag.py:508} INFO - Filling up the DagBag from /home/airflow/.local/lib/python3.7/site-packages/airflow/example_dags/example_time_delta_sensor_async.py
[2022-08-22 22:28:22,114] {processor.py:651} INFO - DAG(s) dict_keys(['example_time_delta_sensor_async']) retrieved from /home/airflow/.local/lib/python3.7/site-packages/airflow/example_dags/example_time_delta_sensor_async.py
[2022-08-22 22:28:22,142] {logging_mixin.py:115} INFO - [2022-08-22 22:28:22,142] {dag.py:2420} INFO - Sync 1 DAGs
[2022-08-22 22:28:22,161] {logging_mixin.py:115} INFO - [2022-08-22 22:28:22,161] {dag.py:2972} INFO - Setting next_dagrun for example_time_delta_sensor_async to None, run_after=None
[2022-08-22 22:28:22,172] {processor.py:161} INFO - Processing /home/airflow/.local/lib/python3.7/site-packages/airflow/example_dags/example_time_delta_sensor_async.py took 0.065 seconds
