[2022-08-22 21:53:31,481] {processor.py:153} INFO - Started process (PID=55) to work on /home/airflow/.local/lib/python3.7/site-packages/airflow/example_dags/example_short_circuit_operator.py
[2022-08-22 21:53:31,482] {processor.py:641} INFO - Processing file /home/airflow/.local/lib/python3.7/site-packages/airflow/example_dags/example_short_circuit_operator.py for tasks to queue
[2022-08-22 21:53:31,483] {logging_mixin.py:115} INFO - [2022-08-22 21:53:31,483] {dagbag.py:508} INFO - Filling up the DagBag from /home/airflow/.local/lib/python3.7/site-packages/airflow/example_dags/example_short_circuit_operator.py
[2022-08-22 21:53:31,507] {processor.py:651} INFO - DAG(s) dict_keys(['example_short_circuit_operator']) retrieved from /home/airflow/.local/lib/python3.7/site-packages/airflow/example_dags/example_short_circuit_operator.py
[2022-08-22 21:53:31,658] {logging_mixin.py:115} INFO - [2022-08-22 21:53:31,658] {manager.py:508} INFO - Created Permission View: can edit on DAG:example_short_circuit_operator
[2022-08-22 21:53:31,674] {logging_mixin.py:115} INFO - [2022-08-22 21:53:31,674] {manager.py:508} INFO - Created Permission View: can read on DAG:example_short_circuit_operator
[2022-08-22 21:53:31,686] {logging_mixin.py:115} INFO - [2022-08-22 21:53:31,686] {manager.py:508} INFO - Created Permission View: can delete on DAG:example_short_circuit_operator
[2022-08-22 21:53:31,687] {logging_mixin.py:115} INFO - [2022-08-22 21:53:31,687] {dag.py:2420} INFO - Sync 1 DAGs
[2022-08-22 21:53:31,700] {logging_mixin.py:115} INFO - [2022-08-22 21:53:31,700] {dag.py:2439} INFO - Creating ORM DAG for example_short_circuit_operator
[2022-08-22 21:53:31,717] {logging_mixin.py:115} INFO - [2022-08-22 21:53:31,716] {dag.py:2972} INFO - Setting next_dagrun for example_short_circuit_operator to 2022-08-21T21:53:31.716528+00:00, run_after=2022-08-22T21:53:31.716528+00:00
[2022-08-22 21:53:31,736] {processor.py:161} INFO - Processing /home/airflow/.local/lib/python3.7/site-packages/airflow/example_dags/example_short_circuit_operator.py took 0.259 seconds
[2022-08-22 21:54:02,479] {processor.py:153} INFO - Started process (PID=107) to work on /home/airflow/.local/lib/python3.7/site-packages/airflow/example_dags/example_short_circuit_operator.py
[2022-08-22 21:54:02,480] {processor.py:641} INFO - Processing file /home/airflow/.local/lib/python3.7/site-packages/airflow/example_dags/example_short_circuit_operator.py for tasks to queue
[2022-08-22 21:54:02,481] {logging_mixin.py:115} INFO - [2022-08-22 21:54:02,480] {dagbag.py:508} INFO - Filling up the DagBag from /home/airflow/.local/lib/python3.7/site-packages/airflow/example_dags/example_short_circuit_operator.py
[2022-08-22 21:54:02,495] {processor.py:651} INFO - DAG(s) dict_keys(['example_short_circuit_operator']) retrieved from /home/airflow/.local/lib/python3.7/site-packages/airflow/example_dags/example_short_circuit_operator.py
[2022-08-22 21:54:02,533] {logging_mixin.py:115} INFO - [2022-08-22 21:54:02,533] {dag.py:2420} INFO - Sync 1 DAGs
[2022-08-22 21:54:02,558] {logging_mixin.py:115} INFO - [2022-08-22 21:54:02,557] {dag.py:2972} INFO - Setting next_dagrun for example_short_circuit_operator to 2022-08-21T21:54:02.557787+00:00, run_after=2022-08-22T21:54:02.557787+00:00
[2022-08-22 21:54:02,570] {processor.py:161} INFO - Processing /home/airflow/.local/lib/python3.7/site-packages/airflow/example_dags/example_short_circuit_operator.py took 0.095 seconds
[2022-08-22 21:54:32,609] {processor.py:153} INFO - Started process (PID=168) to work on /home/airflow/.local/lib/python3.7/site-packages/airflow/example_dags/example_short_circuit_operator.py
[2022-08-22 21:54:32,610] {processor.py:641} INFO - Processing file /home/airflow/.local/lib/python3.7/site-packages/airflow/example_dags/example_short_circuit_operator.py for tasks to queue
[2022-08-22 21:54:32,611] {logging_mixin.py:115} INFO - [2022-08-22 21:54:32,611] {dagbag.py:508} INFO - Filling up the DagBag from /home/airflow/.local/lib/python3.7/site-packages/airflow/example_dags/example_short_circuit_operator.py
[2022-08-22 21:54:32,618] {processor.py:651} INFO - DAG(s) dict_keys(['example_short_circuit_operator']) retrieved from /home/airflow/.local/lib/python3.7/site-packages/airflow/example_dags/example_short_circuit_operator.py
[2022-08-22 21:54:32,645] {logging_mixin.py:115} INFO - [2022-08-22 21:54:32,645] {dag.py:2420} INFO - Sync 1 DAGs
[2022-08-22 21:54:32,665] {logging_mixin.py:115} INFO - [2022-08-22 21:54:32,665] {dag.py:2972} INFO - Setting next_dagrun for example_short_circuit_operator to 2022-08-21T21:54:32.665526+00:00, run_after=2022-08-22T21:54:32.665526+00:00
[2022-08-22 21:54:32,677] {processor.py:161} INFO - Processing /home/airflow/.local/lib/python3.7/site-packages/airflow/example_dags/example_short_circuit_operator.py took 0.072 seconds
[2022-08-22 21:55:03,373] {processor.py:153} INFO - Started process (PID=229) to work on /home/airflow/.local/lib/python3.7/site-packages/airflow/example_dags/example_short_circuit_operator.py
[2022-08-22 21:55:03,374] {processor.py:641} INFO - Processing file /home/airflow/.local/lib/python3.7/site-packages/airflow/example_dags/example_short_circuit_operator.py for tasks to queue
[2022-08-22 21:55:03,374] {logging_mixin.py:115} INFO - [2022-08-22 21:55:03,374] {dagbag.py:508} INFO - Filling up the DagBag from /home/airflow/.local/lib/python3.7/site-packages/airflow/example_dags/example_short_circuit_operator.py
[2022-08-22 21:55:03,383] {processor.py:651} INFO - DAG(s) dict_keys(['example_short_circuit_operator']) retrieved from /home/airflow/.local/lib/python3.7/site-packages/airflow/example_dags/example_short_circuit_operator.py
[2022-08-22 21:55:03,409] {logging_mixin.py:115} INFO - [2022-08-22 21:55:03,409] {dag.py:2420} INFO - Sync 1 DAGs
[2022-08-22 21:55:03,434] {logging_mixin.py:115} INFO - [2022-08-22 21:55:03,434] {dag.py:2972} INFO - Setting next_dagrun for example_short_circuit_operator to 2022-08-21T21:55:03.434566+00:00, run_after=2022-08-22T21:55:03.434566+00:00
[2022-08-22 21:55:03,449] {processor.py:161} INFO - Processing /home/airflow/.local/lib/python3.7/site-packages/airflow/example_dags/example_short_circuit_operator.py took 0.079 seconds
[2022-08-22 21:55:34,211] {processor.py:153} INFO - Started process (PID=282) to work on /home/airflow/.local/lib/python3.7/site-packages/airflow/example_dags/example_short_circuit_operator.py
[2022-08-22 21:55:34,222] {processor.py:641} INFO - Processing file /home/airflow/.local/lib/python3.7/site-packages/airflow/example_dags/example_short_circuit_operator.py for tasks to queue
[2022-08-22 21:55:34,223] {logging_mixin.py:115} INFO - [2022-08-22 21:55:34,223] {dagbag.py:508} INFO - Filling up the DagBag from /home/airflow/.local/lib/python3.7/site-packages/airflow/example_dags/example_short_circuit_operator.py
[2022-08-22 21:55:34,236] {processor.py:651} INFO - DAG(s) dict_keys(['example_short_circuit_operator']) retrieved from /home/airflow/.local/lib/python3.7/site-packages/airflow/example_dags/example_short_circuit_operator.py
[2022-08-22 21:55:34,273] {logging_mixin.py:115} INFO - [2022-08-22 21:55:34,272] {dag.py:2420} INFO - Sync 1 DAGs
[2022-08-22 21:55:34,300] {logging_mixin.py:115} INFO - [2022-08-22 21:55:34,300] {dag.py:2972} INFO - Setting next_dagrun for example_short_circuit_operator to 2022-08-21T21:55:34.300096+00:00, run_after=2022-08-22T21:55:34.300096+00:00
[2022-08-22 21:55:34,312] {processor.py:161} INFO - Processing /home/airflow/.local/lib/python3.7/site-packages/airflow/example_dags/example_short_circuit_operator.py took 0.105 seconds
[2022-08-22 21:56:05,068] {processor.py:153} INFO - Started process (PID=343) to work on /home/airflow/.local/lib/python3.7/site-packages/airflow/example_dags/example_short_circuit_operator.py
[2022-08-22 21:56:05,068] {processor.py:641} INFO - Processing file /home/airflow/.local/lib/python3.7/site-packages/airflow/example_dags/example_short_circuit_operator.py for tasks to queue
[2022-08-22 21:56:05,079] {logging_mixin.py:115} INFO - [2022-08-22 21:56:05,079] {dagbag.py:508} INFO - Filling up the DagBag from /home/airflow/.local/lib/python3.7/site-packages/airflow/example_dags/example_short_circuit_operator.py
[2022-08-22 21:56:05,089] {processor.py:651} INFO - DAG(s) dict_keys(['example_short_circuit_operator']) retrieved from /home/airflow/.local/lib/python3.7/site-packages/airflow/example_dags/example_short_circuit_operator.py
[2022-08-22 21:56:05,122] {logging_mixin.py:115} INFO - [2022-08-22 21:56:05,122] {dag.py:2420} INFO - Sync 1 DAGs
[2022-08-22 21:56:05,148] {logging_mixin.py:115} INFO - [2022-08-22 21:56:05,148] {dag.py:2972} INFO - Setting next_dagrun for example_short_circuit_operator to 2022-08-21T21:56:05.148141+00:00, run_after=2022-08-22T21:56:05.148141+00:00
[2022-08-22 21:56:05,160] {processor.py:161} INFO - Processing /home/airflow/.local/lib/python3.7/site-packages/airflow/example_dags/example_short_circuit_operator.py took 0.106 seconds
[2022-08-22 21:56:35,813] {processor.py:153} INFO - Started process (PID=404) to work on /home/airflow/.local/lib/python3.7/site-packages/airflow/example_dags/example_short_circuit_operator.py
[2022-08-22 21:56:35,814] {processor.py:641} INFO - Processing file /home/airflow/.local/lib/python3.7/site-packages/airflow/example_dags/example_short_circuit_operator.py for tasks to queue
[2022-08-22 21:56:35,814] {logging_mixin.py:115} INFO - [2022-08-22 21:56:35,814] {dagbag.py:508} INFO - Filling up the DagBag from /home/airflow/.local/lib/python3.7/site-packages/airflow/example_dags/example_short_circuit_operator.py
[2022-08-22 21:56:35,824] {processor.py:651} INFO - DAG(s) dict_keys(['example_short_circuit_operator']) retrieved from /home/airflow/.local/lib/python3.7/site-packages/airflow/example_dags/example_short_circuit_operator.py
[2022-08-22 21:56:35,853] {logging_mixin.py:115} INFO - [2022-08-22 21:56:35,853] {dag.py:2420} INFO - Sync 1 DAGs
[2022-08-22 21:56:35,872] {logging_mixin.py:115} INFO - [2022-08-22 21:56:35,872] {dag.py:2972} INFO - Setting next_dagrun for example_short_circuit_operator to 2022-08-21T21:56:35.872387+00:00, run_after=2022-08-22T21:56:35.872387+00:00
[2022-08-22 21:56:35,883] {processor.py:161} INFO - Processing /home/airflow/.local/lib/python3.7/site-packages/airflow/example_dags/example_short_circuit_operator.py took 0.083 seconds
[2022-08-22 21:57:06,565] {processor.py:153} INFO - Started process (PID=456) to work on /home/airflow/.local/lib/python3.7/site-packages/airflow/example_dags/example_short_circuit_operator.py
[2022-08-22 21:57:06,566] {processor.py:641} INFO - Processing file /home/airflow/.local/lib/python3.7/site-packages/airflow/example_dags/example_short_circuit_operator.py for tasks to queue
[2022-08-22 21:57:06,567] {logging_mixin.py:115} INFO - [2022-08-22 21:57:06,567] {dagbag.py:508} INFO - Filling up the DagBag from /home/airflow/.local/lib/python3.7/site-packages/airflow/example_dags/example_short_circuit_operator.py
[2022-08-22 21:57:06,582] {processor.py:651} INFO - DAG(s) dict_keys(['example_short_circuit_operator']) retrieved from /home/airflow/.local/lib/python3.7/site-packages/airflow/example_dags/example_short_circuit_operator.py
[2022-08-22 21:57:06,611] {logging_mixin.py:115} INFO - [2022-08-22 21:57:06,611] {dag.py:2420} INFO - Sync 1 DAGs
[2022-08-22 21:57:06,631] {logging_mixin.py:115} INFO - [2022-08-22 21:57:06,631] {dag.py:2972} INFO - Setting next_dagrun for example_short_circuit_operator to 2022-08-21T21:57:06.630894+00:00, run_after=2022-08-22T21:57:06.630894+00:00
[2022-08-22 21:57:06,650] {processor.py:161} INFO - Processing /home/airflow/.local/lib/python3.7/site-packages/airflow/example_dags/example_short_circuit_operator.py took 0.089 seconds
[2022-08-22 21:57:37,623] {processor.py:153} INFO - Started process (PID=517) to work on /home/airflow/.local/lib/python3.7/site-packages/airflow/example_dags/example_short_circuit_operator.py
[2022-08-22 21:57:37,633] {processor.py:641} INFO - Processing file /home/airflow/.local/lib/python3.7/site-packages/airflow/example_dags/example_short_circuit_operator.py for tasks to queue
[2022-08-22 21:57:37,634] {logging_mixin.py:115} INFO - [2022-08-22 21:57:37,634] {dagbag.py:508} INFO - Filling up the DagBag from /home/airflow/.local/lib/python3.7/site-packages/airflow/example_dags/example_short_circuit_operator.py
[2022-08-22 21:57:37,645] {processor.py:651} INFO - DAG(s) dict_keys(['example_short_circuit_operator']) retrieved from /home/airflow/.local/lib/python3.7/site-packages/airflow/example_dags/example_short_circuit_operator.py
[2022-08-22 21:57:37,669] {logging_mixin.py:115} INFO - [2022-08-22 21:57:37,669] {dag.py:2420} INFO - Sync 1 DAGs
[2022-08-22 21:57:37,689] {logging_mixin.py:115} INFO - [2022-08-22 21:57:37,688] {dag.py:2972} INFO - Setting next_dagrun for example_short_circuit_operator to 2022-08-21T21:57:37.688731+00:00, run_after=2022-08-22T21:57:37.688731+00:00
[2022-08-22 21:57:37,699] {processor.py:161} INFO - Processing /home/airflow/.local/lib/python3.7/site-packages/airflow/example_dags/example_short_circuit_operator.py took 0.079 seconds
[2022-08-22 21:58:08,349] {processor.py:153} INFO - Started process (PID=578) to work on /home/airflow/.local/lib/python3.7/site-packages/airflow/example_dags/example_short_circuit_operator.py
[2022-08-22 21:58:08,350] {processor.py:641} INFO - Processing file /home/airflow/.local/lib/python3.7/site-packages/airflow/example_dags/example_short_circuit_operator.py for tasks to queue
[2022-08-22 21:58:08,351] {logging_mixin.py:115} INFO - [2022-08-22 21:58:08,351] {dagbag.py:508} INFO - Filling up the DagBag from /home/airflow/.local/lib/python3.7/site-packages/airflow/example_dags/example_short_circuit_operator.py
[2022-08-22 21:58:08,365] {processor.py:651} INFO - DAG(s) dict_keys(['example_short_circuit_operator']) retrieved from /home/airflow/.local/lib/python3.7/site-packages/airflow/example_dags/example_short_circuit_operator.py
[2022-08-22 21:58:08,404] {logging_mixin.py:115} INFO - [2022-08-22 21:58:08,404] {dag.py:2420} INFO - Sync 1 DAGs
[2022-08-22 21:58:08,425] {logging_mixin.py:115} INFO - [2022-08-22 21:58:08,425] {dag.py:2972} INFO - Setting next_dagrun for example_short_circuit_operator to 2022-08-21T21:58:08.425282+00:00, run_after=2022-08-22T21:58:08.425282+00:00
[2022-08-22 21:58:08,437] {processor.py:161} INFO - Processing /home/airflow/.local/lib/python3.7/site-packages/airflow/example_dags/example_short_circuit_operator.py took 0.091 seconds
[2022-08-22 21:58:39,262] {processor.py:153} INFO - Started process (PID=639) to work on /home/airflow/.local/lib/python3.7/site-packages/airflow/example_dags/example_short_circuit_operator.py
[2022-08-22 21:58:39,264] {processor.py:641} INFO - Processing file /home/airflow/.local/lib/python3.7/site-packages/airflow/example_dags/example_short_circuit_operator.py for tasks to queue
[2022-08-22 21:58:39,264] {logging_mixin.py:115} INFO - [2022-08-22 21:58:39,264] {dagbag.py:508} INFO - Filling up the DagBag from /home/airflow/.local/lib/python3.7/site-packages/airflow/example_dags/example_short_circuit_operator.py
[2022-08-22 21:58:39,278] {processor.py:651} INFO - DAG(s) dict_keys(['example_short_circuit_operator']) retrieved from /home/airflow/.local/lib/python3.7/site-packages/airflow/example_dags/example_short_circuit_operator.py
[2022-08-22 21:58:39,308] {logging_mixin.py:115} INFO - [2022-08-22 21:58:39,307] {dag.py:2420} INFO - Sync 1 DAGs
[2022-08-22 21:58:39,334] {logging_mixin.py:115} INFO - [2022-08-22 21:58:39,334] {dag.py:2972} INFO - Setting next_dagrun for example_short_circuit_operator to 2022-08-21T21:58:39.334457+00:00, run_after=2022-08-22T21:58:39.334457+00:00
[2022-08-22 21:58:39,347] {processor.py:161} INFO - Processing /home/airflow/.local/lib/python3.7/site-packages/airflow/example_dags/example_short_circuit_operator.py took 0.087 seconds
[2022-08-22 21:59:09,955] {processor.py:153} INFO - Started process (PID=691) to work on /home/airflow/.local/lib/python3.7/site-packages/airflow/example_dags/example_short_circuit_operator.py
[2022-08-22 21:59:09,956] {processor.py:641} INFO - Processing file /home/airflow/.local/lib/python3.7/site-packages/airflow/example_dags/example_short_circuit_operator.py for tasks to queue
[2022-08-22 21:59:09,956] {logging_mixin.py:115} INFO - [2022-08-22 21:59:09,956] {dagbag.py:508} INFO - Filling up the DagBag from /home/airflow/.local/lib/python3.7/site-packages/airflow/example_dags/example_short_circuit_operator.py
[2022-08-22 21:59:09,972] {processor.py:651} INFO - DAG(s) dict_keys(['example_short_circuit_operator']) retrieved from /home/airflow/.local/lib/python3.7/site-packages/airflow/example_dags/example_short_circuit_operator.py
[2022-08-22 21:59:09,999] {logging_mixin.py:115} INFO - [2022-08-22 21:59:09,999] {dag.py:2420} INFO - Sync 1 DAGs
[2022-08-22 21:59:10,020] {logging_mixin.py:115} INFO - [2022-08-22 21:59:10,020] {dag.py:2972} INFO - Setting next_dagrun for example_short_circuit_operator to 2022-08-21T21:59:10.020590+00:00, run_after=2022-08-22T21:59:10.020590+00:00
[2022-08-22 21:59:10,033] {processor.py:161} INFO - Processing /home/airflow/.local/lib/python3.7/site-packages/airflow/example_dags/example_short_circuit_operator.py took 0.082 seconds
[2022-08-22 21:59:40,905] {processor.py:153} INFO - Started process (PID=752) to work on /home/airflow/.local/lib/python3.7/site-packages/airflow/example_dags/example_short_circuit_operator.py
[2022-08-22 21:59:40,905] {processor.py:641} INFO - Processing file /home/airflow/.local/lib/python3.7/site-packages/airflow/example_dags/example_short_circuit_operator.py for tasks to queue
[2022-08-22 21:59:40,906] {logging_mixin.py:115} INFO - [2022-08-22 21:59:40,906] {dagbag.py:508} INFO - Filling up the DagBag from /home/airflow/.local/lib/python3.7/site-packages/airflow/example_dags/example_short_circuit_operator.py
[2022-08-22 21:59:40,915] {processor.py:651} INFO - DAG(s) dict_keys(['example_short_circuit_operator']) retrieved from /home/airflow/.local/lib/python3.7/site-packages/airflow/example_dags/example_short_circuit_operator.py
[2022-08-22 21:59:40,940] {logging_mixin.py:115} INFO - [2022-08-22 21:59:40,940] {dag.py:2420} INFO - Sync 1 DAGs
[2022-08-22 21:59:40,960] {logging_mixin.py:115} INFO - [2022-08-22 21:59:40,960] {dag.py:2972} INFO - Setting next_dagrun for example_short_circuit_operator to 2022-08-21T21:59:40.960336+00:00, run_after=2022-08-22T21:59:40.960336+00:00
[2022-08-22 21:59:40,973] {processor.py:161} INFO - Processing /home/airflow/.local/lib/python3.7/site-packages/airflow/example_dags/example_short_circuit_operator.py took 0.070 seconds
[2022-08-22 22:00:11,588] {processor.py:153} INFO - Started process (PID=813) to work on /home/airflow/.local/lib/python3.7/site-packages/airflow/example_dags/example_short_circuit_operator.py
[2022-08-22 22:00:11,599] {processor.py:641} INFO - Processing file /home/airflow/.local/lib/python3.7/site-packages/airflow/example_dags/example_short_circuit_operator.py for tasks to queue
[2022-08-22 22:00:11,600] {logging_mixin.py:115} INFO - [2022-08-22 22:00:11,599] {dagbag.py:508} INFO - Filling up the DagBag from /home/airflow/.local/lib/python3.7/site-packages/airflow/example_dags/example_short_circuit_operator.py
[2022-08-22 22:00:11,609] {processor.py:651} INFO - DAG(s) dict_keys(['example_short_circuit_operator']) retrieved from /home/airflow/.local/lib/python3.7/site-packages/airflow/example_dags/example_short_circuit_operator.py
[2022-08-22 22:00:11,648] {logging_mixin.py:115} INFO - [2022-08-22 22:00:11,648] {dag.py:2420} INFO - Sync 1 DAGs
[2022-08-22 22:00:11,669] {logging_mixin.py:115} INFO - [2022-08-22 22:00:11,669] {dag.py:2972} INFO - Setting next_dagrun for example_short_circuit_operator to 2022-08-21T22:00:11.669556+00:00, run_after=2022-08-22T22:00:11.669556+00:00
[2022-08-22 22:00:11,682] {processor.py:161} INFO - Processing /home/airflow/.local/lib/python3.7/site-packages/airflow/example_dags/example_short_circuit_operator.py took 0.095 seconds
[2022-08-22 22:00:42,378] {processor.py:153} INFO - Started process (PID=865) to work on /home/airflow/.local/lib/python3.7/site-packages/airflow/example_dags/example_short_circuit_operator.py
[2022-08-22 22:00:42,379] {processor.py:641} INFO - Processing file /home/airflow/.local/lib/python3.7/site-packages/airflow/example_dags/example_short_circuit_operator.py for tasks to queue
[2022-08-22 22:00:42,379] {logging_mixin.py:115} INFO - [2022-08-22 22:00:42,379] {dagbag.py:508} INFO - Filling up the DagBag from /home/airflow/.local/lib/python3.7/site-packages/airflow/example_dags/example_short_circuit_operator.py
[2022-08-22 22:00:42,389] {processor.py:651} INFO - DAG(s) dict_keys(['example_short_circuit_operator']) retrieved from /home/airflow/.local/lib/python3.7/site-packages/airflow/example_dags/example_short_circuit_operator.py
[2022-08-22 22:00:42,417] {logging_mixin.py:115} INFO - [2022-08-22 22:00:42,417] {dag.py:2420} INFO - Sync 1 DAGs
[2022-08-22 22:00:42,436] {logging_mixin.py:115} INFO - [2022-08-22 22:00:42,436] {dag.py:2972} INFO - Setting next_dagrun for example_short_circuit_operator to 2022-08-21T22:00:42.436358+00:00, run_after=2022-08-22T22:00:42.436358+00:00
[2022-08-22 22:00:42,447] {processor.py:161} INFO - Processing /home/airflow/.local/lib/python3.7/site-packages/airflow/example_dags/example_short_circuit_operator.py took 0.072 seconds
[2022-08-22 22:01:13,159] {processor.py:153} INFO - Started process (PID=926) to work on /home/airflow/.local/lib/python3.7/site-packages/airflow/example_dags/example_short_circuit_operator.py
[2022-08-22 22:01:13,161] {processor.py:641} INFO - Processing file /home/airflow/.local/lib/python3.7/site-packages/airflow/example_dags/example_short_circuit_operator.py for tasks to queue
[2022-08-22 22:01:13,162] {logging_mixin.py:115} INFO - [2022-08-22 22:01:13,162] {dagbag.py:508} INFO - Filling up the DagBag from /home/airflow/.local/lib/python3.7/site-packages/airflow/example_dags/example_short_circuit_operator.py
[2022-08-22 22:01:13,169] {processor.py:651} INFO - DAG(s) dict_keys(['example_short_circuit_operator']) retrieved from /home/airflow/.local/lib/python3.7/site-packages/airflow/example_dags/example_short_circuit_operator.py
[2022-08-22 22:01:13,201] {logging_mixin.py:115} INFO - [2022-08-22 22:01:13,201] {dag.py:2420} INFO - Sync 1 DAGs
[2022-08-22 22:01:13,227] {logging_mixin.py:115} INFO - [2022-08-22 22:01:13,227] {dag.py:2972} INFO - Setting next_dagrun for example_short_circuit_operator to 2022-08-21T22:01:13.227561+00:00, run_after=2022-08-22T22:01:13.227561+00:00
[2022-08-22 22:01:13,240] {processor.py:161} INFO - Processing /home/airflow/.local/lib/python3.7/site-packages/airflow/example_dags/example_short_circuit_operator.py took 0.084 seconds
[2022-08-22 22:01:44,072] {processor.py:153} INFO - Started process (PID=987) to work on /home/airflow/.local/lib/python3.7/site-packages/airflow/example_dags/example_short_circuit_operator.py
[2022-08-22 22:01:44,083] {processor.py:641} INFO - Processing file /home/airflow/.local/lib/python3.7/site-packages/airflow/example_dags/example_short_circuit_operator.py for tasks to queue
[2022-08-22 22:01:44,084] {logging_mixin.py:115} INFO - [2022-08-22 22:01:44,084] {dagbag.py:508} INFO - Filling up the DagBag from /home/airflow/.local/lib/python3.7/site-packages/airflow/example_dags/example_short_circuit_operator.py
[2022-08-22 22:01:44,098] {processor.py:651} INFO - DAG(s) dict_keys(['example_short_circuit_operator']) retrieved from /home/airflow/.local/lib/python3.7/site-packages/airflow/example_dags/example_short_circuit_operator.py
[2022-08-22 22:01:44,129] {logging_mixin.py:115} INFO - [2022-08-22 22:01:44,128] {dag.py:2420} INFO - Sync 1 DAGs
[2022-08-22 22:01:44,149] {logging_mixin.py:115} INFO - [2022-08-22 22:01:44,149] {dag.py:2972} INFO - Setting next_dagrun for example_short_circuit_operator to 2022-08-21T22:01:44.149393+00:00, run_after=2022-08-22T22:01:44.149393+00:00
[2022-08-22 22:01:44,163] {processor.py:161} INFO - Processing /home/airflow/.local/lib/python3.7/site-packages/airflow/example_dags/example_short_circuit_operator.py took 0.095 seconds
[2022-08-22 22:02:14,988] {processor.py:153} INFO - Started process (PID=1048) to work on /home/airflow/.local/lib/python3.7/site-packages/airflow/example_dags/example_short_circuit_operator.py
[2022-08-22 22:02:14,989] {processor.py:641} INFO - Processing file /home/airflow/.local/lib/python3.7/site-packages/airflow/example_dags/example_short_circuit_operator.py for tasks to queue
[2022-08-22 22:02:14,989] {logging_mixin.py:115} INFO - [2022-08-22 22:02:14,989] {dagbag.py:508} INFO - Filling up the DagBag from /home/airflow/.local/lib/python3.7/site-packages/airflow/example_dags/example_short_circuit_operator.py
[2022-08-22 22:02:15,002] {processor.py:651} INFO - DAG(s) dict_keys(['example_short_circuit_operator']) retrieved from /home/airflow/.local/lib/python3.7/site-packages/airflow/example_dags/example_short_circuit_operator.py
[2022-08-22 22:02:15,031] {logging_mixin.py:115} INFO - [2022-08-22 22:02:15,030] {dag.py:2420} INFO - Sync 1 DAGs
[2022-08-22 22:02:15,053] {logging_mixin.py:115} INFO - [2022-08-22 22:02:15,053] {dag.py:2972} INFO - Setting next_dagrun for example_short_circuit_operator to 2022-08-21T22:02:15.053495+00:00, run_after=2022-08-22T22:02:15.053495+00:00
[2022-08-22 22:02:15,066] {processor.py:161} INFO - Processing /home/airflow/.local/lib/python3.7/site-packages/airflow/example_dags/example_short_circuit_operator.py took 0.081 seconds
[2022-08-22 22:02:45,797] {processor.py:153} INFO - Started process (PID=1100) to work on /home/airflow/.local/lib/python3.7/site-packages/airflow/example_dags/example_short_circuit_operator.py
[2022-08-22 22:02:45,807] {processor.py:641} INFO - Processing file /home/airflow/.local/lib/python3.7/site-packages/airflow/example_dags/example_short_circuit_operator.py for tasks to queue
[2022-08-22 22:02:45,808] {logging_mixin.py:115} INFO - [2022-08-22 22:02:45,808] {dagbag.py:508} INFO - Filling up the DagBag from /home/airflow/.local/lib/python3.7/site-packages/airflow/example_dags/example_short_circuit_operator.py
[2022-08-22 22:02:45,819] {processor.py:651} INFO - DAG(s) dict_keys(['example_short_circuit_operator']) retrieved from /home/airflow/.local/lib/python3.7/site-packages/airflow/example_dags/example_short_circuit_operator.py
[2022-08-22 22:02:45,843] {logging_mixin.py:115} INFO - [2022-08-22 22:02:45,843] {dag.py:2420} INFO - Sync 1 DAGs
[2022-08-22 22:02:45,867] {logging_mixin.py:115} INFO - [2022-08-22 22:02:45,867] {dag.py:2972} INFO - Setting next_dagrun for example_short_circuit_operator to 2022-08-21T22:02:45.867027+00:00, run_after=2022-08-22T22:02:45.867027+00:00
[2022-08-22 22:02:45,881] {processor.py:161} INFO - Processing /home/airflow/.local/lib/python3.7/site-packages/airflow/example_dags/example_short_circuit_operator.py took 0.089 seconds
[2022-08-22 22:03:16,697] {processor.py:153} INFO - Started process (PID=1161) to work on /home/airflow/.local/lib/python3.7/site-packages/airflow/example_dags/example_short_circuit_operator.py
[2022-08-22 22:03:16,698] {processor.py:641} INFO - Processing file /home/airflow/.local/lib/python3.7/site-packages/airflow/example_dags/example_short_circuit_operator.py for tasks to queue
[2022-08-22 22:03:16,698] {logging_mixin.py:115} INFO - [2022-08-22 22:03:16,698] {dagbag.py:508} INFO - Filling up the DagBag from /home/airflow/.local/lib/python3.7/site-packages/airflow/example_dags/example_short_circuit_operator.py
[2022-08-22 22:03:16,706] {processor.py:651} INFO - DAG(s) dict_keys(['example_short_circuit_operator']) retrieved from /home/airflow/.local/lib/python3.7/site-packages/airflow/example_dags/example_short_circuit_operator.py
[2022-08-22 22:03:16,730] {logging_mixin.py:115} INFO - [2022-08-22 22:03:16,730] {dag.py:2420} INFO - Sync 1 DAGs
[2022-08-22 22:03:16,750] {logging_mixin.py:115} INFO - [2022-08-22 22:03:16,750] {dag.py:2972} INFO - Setting next_dagrun for example_short_circuit_operator to 2022-08-21T22:03:16.750373+00:00, run_after=2022-08-22T22:03:16.750373+00:00
[2022-08-22 22:03:16,761] {processor.py:161} INFO - Processing /home/airflow/.local/lib/python3.7/site-packages/airflow/example_dags/example_short_circuit_operator.py took 0.066 seconds
[2022-08-22 22:03:47,628] {processor.py:153} INFO - Started process (PID=1222) to work on /home/airflow/.local/lib/python3.7/site-packages/airflow/example_dags/example_short_circuit_operator.py
[2022-08-22 22:03:47,628] {processor.py:641} INFO - Processing file /home/airflow/.local/lib/python3.7/site-packages/airflow/example_dags/example_short_circuit_operator.py for tasks to queue
[2022-08-22 22:03:47,629] {logging_mixin.py:115} INFO - [2022-08-22 22:03:47,629] {dagbag.py:508} INFO - Filling up the DagBag from /home/airflow/.local/lib/python3.7/site-packages/airflow/example_dags/example_short_circuit_operator.py
[2022-08-22 22:03:47,638] {processor.py:651} INFO - DAG(s) dict_keys(['example_short_circuit_operator']) retrieved from /home/airflow/.local/lib/python3.7/site-packages/airflow/example_dags/example_short_circuit_operator.py
[2022-08-22 22:03:47,671] {logging_mixin.py:115} INFO - [2022-08-22 22:03:47,670] {dag.py:2420} INFO - Sync 1 DAGs
[2022-08-22 22:03:47,690] {logging_mixin.py:115} INFO - [2022-08-22 22:03:47,690] {dag.py:2972} INFO - Setting next_dagrun for example_short_circuit_operator to 2022-08-21T22:03:47.690032+00:00, run_after=2022-08-22T22:03:47.690032+00:00
[2022-08-22 22:03:47,700] {processor.py:161} INFO - Processing /home/airflow/.local/lib/python3.7/site-packages/airflow/example_dags/example_short_circuit_operator.py took 0.076 seconds
[2022-08-22 22:04:18,385] {processor.py:153} INFO - Started process (PID=1274) to work on /home/airflow/.local/lib/python3.7/site-packages/airflow/example_dags/example_short_circuit_operator.py
[2022-08-22 22:04:18,395] {processor.py:641} INFO - Processing file /home/airflow/.local/lib/python3.7/site-packages/airflow/example_dags/example_short_circuit_operator.py for tasks to queue
[2022-08-22 22:04:18,396] {logging_mixin.py:115} INFO - [2022-08-22 22:04:18,396] {dagbag.py:508} INFO - Filling up the DagBag from /home/airflow/.local/lib/python3.7/site-packages/airflow/example_dags/example_short_circuit_operator.py
[2022-08-22 22:04:18,414] {processor.py:651} INFO - DAG(s) dict_keys(['example_short_circuit_operator']) retrieved from /home/airflow/.local/lib/python3.7/site-packages/airflow/example_dags/example_short_circuit_operator.py
[2022-08-22 22:04:18,438] {logging_mixin.py:115} INFO - [2022-08-22 22:04:18,437] {dag.py:2420} INFO - Sync 1 DAGs
[2022-08-22 22:04:18,455] {logging_mixin.py:115} INFO - [2022-08-22 22:04:18,455] {dag.py:2972} INFO - Setting next_dagrun for example_short_circuit_operator to 2022-08-21T22:04:18.455135+00:00, run_after=2022-08-22T22:04:18.455135+00:00
[2022-08-22 22:04:18,465] {processor.py:161} INFO - Processing /home/airflow/.local/lib/python3.7/site-packages/airflow/example_dags/example_short_circuit_operator.py took 0.084 seconds
[2022-08-22 22:04:48,972] {processor.py:153} INFO - Started process (PID=1335) to work on /home/airflow/.local/lib/python3.7/site-packages/airflow/example_dags/example_short_circuit_operator.py
[2022-08-22 22:04:48,973] {processor.py:641} INFO - Processing file /home/airflow/.local/lib/python3.7/site-packages/airflow/example_dags/example_short_circuit_operator.py for tasks to queue
[2022-08-22 22:04:48,973] {logging_mixin.py:115} INFO - [2022-08-22 22:04:48,973] {dagbag.py:508} INFO - Filling up the DagBag from /home/airflow/.local/lib/python3.7/site-packages/airflow/example_dags/example_short_circuit_operator.py
[2022-08-22 22:04:48,987] {processor.py:651} INFO - DAG(s) dict_keys(['example_short_circuit_operator']) retrieved from /home/airflow/.local/lib/python3.7/site-packages/airflow/example_dags/example_short_circuit_operator.py
[2022-08-22 22:04:49,011] {logging_mixin.py:115} INFO - [2022-08-22 22:04:49,011] {dag.py:2420} INFO - Sync 1 DAGs
[2022-08-22 22:04:49,032] {logging_mixin.py:115} INFO - [2022-08-22 22:04:49,032] {dag.py:2972} INFO - Setting next_dagrun for example_short_circuit_operator to 2022-08-21T22:04:49.032565+00:00, run_after=2022-08-22T22:04:49.032565+00:00
[2022-08-22 22:04:49,043] {processor.py:161} INFO - Processing /home/airflow/.local/lib/python3.7/site-packages/airflow/example_dags/example_short_circuit_operator.py took 0.075 seconds
[2022-08-22 22:05:19,499] {processor.py:153} INFO - Started process (PID=1396) to work on /home/airflow/.local/lib/python3.7/site-packages/airflow/example_dags/example_short_circuit_operator.py
[2022-08-22 22:05:19,509] {processor.py:641} INFO - Processing file /home/airflow/.local/lib/python3.7/site-packages/airflow/example_dags/example_short_circuit_operator.py for tasks to queue
[2022-08-22 22:05:19,510] {logging_mixin.py:115} INFO - [2022-08-22 22:05:19,510] {dagbag.py:508} INFO - Filling up the DagBag from /home/airflow/.local/lib/python3.7/site-packages/airflow/example_dags/example_short_circuit_operator.py
[2022-08-22 22:05:19,523] {processor.py:651} INFO - DAG(s) dict_keys(['example_short_circuit_operator']) retrieved from /home/airflow/.local/lib/python3.7/site-packages/airflow/example_dags/example_short_circuit_operator.py
[2022-08-22 22:05:19,561] {logging_mixin.py:115} INFO - [2022-08-22 22:05:19,561] {dag.py:2420} INFO - Sync 1 DAGs
[2022-08-22 22:05:19,587] {logging_mixin.py:115} INFO - [2022-08-22 22:05:19,587] {dag.py:2972} INFO - Setting next_dagrun for example_short_circuit_operator to 2022-08-21T22:05:19.586993+00:00, run_after=2022-08-22T22:05:19.586993+00:00
[2022-08-22 22:05:19,597] {processor.py:161} INFO - Processing /home/airflow/.local/lib/python3.7/site-packages/airflow/example_dags/example_short_circuit_operator.py took 0.103 seconds
[2022-08-22 22:05:50,186] {processor.py:153} INFO - Started process (PID=1457) to work on /home/airflow/.local/lib/python3.7/site-packages/airflow/example_dags/example_short_circuit_operator.py
[2022-08-22 22:05:50,197] {processor.py:641} INFO - Processing file /home/airflow/.local/lib/python3.7/site-packages/airflow/example_dags/example_short_circuit_operator.py for tasks to queue
[2022-08-22 22:05:50,197] {logging_mixin.py:115} INFO - [2022-08-22 22:05:50,197] {dagbag.py:508} INFO - Filling up the DagBag from /home/airflow/.local/lib/python3.7/site-packages/airflow/example_dags/example_short_circuit_operator.py
[2022-08-22 22:05:50,211] {processor.py:651} INFO - DAG(s) dict_keys(['example_short_circuit_operator']) retrieved from /home/airflow/.local/lib/python3.7/site-packages/airflow/example_dags/example_short_circuit_operator.py
[2022-08-22 22:05:50,249] {logging_mixin.py:115} INFO - [2022-08-22 22:05:50,249] {dag.py:2420} INFO - Sync 1 DAGs
[2022-08-22 22:05:50,271] {logging_mixin.py:115} INFO - [2022-08-22 22:05:50,271] {dag.py:2972} INFO - Setting next_dagrun for example_short_circuit_operator to 2022-08-21T22:05:50.270938+00:00, run_after=2022-08-22T22:05:50.270938+00:00
[2022-08-22 22:05:50,282] {processor.py:161} INFO - Processing /home/airflow/.local/lib/python3.7/site-packages/airflow/example_dags/example_short_circuit_operator.py took 0.099 seconds
[2022-08-22 22:06:20,872] {processor.py:153} INFO - Started process (PID=1509) to work on /home/airflow/.local/lib/python3.7/site-packages/airflow/example_dags/example_short_circuit_operator.py
[2022-08-22 22:06:20,877] {processor.py:641} INFO - Processing file /home/airflow/.local/lib/python3.7/site-packages/airflow/example_dags/example_short_circuit_operator.py for tasks to queue
[2022-08-22 22:06:20,878] {logging_mixin.py:115} INFO - [2022-08-22 22:06:20,878] {dagbag.py:508} INFO - Filling up the DagBag from /home/airflow/.local/lib/python3.7/site-packages/airflow/example_dags/example_short_circuit_operator.py
[2022-08-22 22:06:20,895] {processor.py:651} INFO - DAG(s) dict_keys(['example_short_circuit_operator']) retrieved from /home/airflow/.local/lib/python3.7/site-packages/airflow/example_dags/example_short_circuit_operator.py
[2022-08-22 22:06:20,933] {logging_mixin.py:115} INFO - [2022-08-22 22:06:20,932] {dag.py:2420} INFO - Sync 1 DAGs
[2022-08-22 22:06:20,953] {logging_mixin.py:115} INFO - [2022-08-22 22:06:20,953] {dag.py:2972} INFO - Setting next_dagrun for example_short_circuit_operator to 2022-08-21T22:06:20.952923+00:00, run_after=2022-08-22T22:06:20.952923+00:00
[2022-08-22 22:06:20,963] {processor.py:161} INFO - Processing /home/airflow/.local/lib/python3.7/site-packages/airflow/example_dags/example_short_circuit_operator.py took 0.096 seconds
[2022-08-22 22:06:51,584] {processor.py:153} INFO - Started process (PID=1570) to work on /home/airflow/.local/lib/python3.7/site-packages/airflow/example_dags/example_short_circuit_operator.py
[2022-08-22 22:06:51,594] {processor.py:641} INFO - Processing file /home/airflow/.local/lib/python3.7/site-packages/airflow/example_dags/example_short_circuit_operator.py for tasks to queue
[2022-08-22 22:06:51,595] {logging_mixin.py:115} INFO - [2022-08-22 22:06:51,595] {dagbag.py:508} INFO - Filling up the DagBag from /home/airflow/.local/lib/python3.7/site-packages/airflow/example_dags/example_short_circuit_operator.py
[2022-08-22 22:06:51,612] {processor.py:651} INFO - DAG(s) dict_keys(['example_short_circuit_operator']) retrieved from /home/airflow/.local/lib/python3.7/site-packages/airflow/example_dags/example_short_circuit_operator.py
[2022-08-22 22:06:51,656] {logging_mixin.py:115} INFO - [2022-08-22 22:06:51,656] {dag.py:2420} INFO - Sync 1 DAGs
[2022-08-22 22:06:51,674] {logging_mixin.py:115} INFO - [2022-08-22 22:06:51,674] {dag.py:2972} INFO - Setting next_dagrun for example_short_circuit_operator to 2022-08-21T22:06:51.674267+00:00, run_after=2022-08-22T22:06:51.674267+00:00
[2022-08-22 22:06:51,688] {processor.py:161} INFO - Processing /home/airflow/.local/lib/python3.7/site-packages/airflow/example_dags/example_short_circuit_operator.py took 0.109 seconds
[2022-08-22 22:07:22,146] {processor.py:153} INFO - Started process (PID=1631) to work on /home/airflow/.local/lib/python3.7/site-packages/airflow/example_dags/example_short_circuit_operator.py
[2022-08-22 22:07:22,146] {processor.py:641} INFO - Processing file /home/airflow/.local/lib/python3.7/site-packages/airflow/example_dags/example_short_circuit_operator.py for tasks to queue
[2022-08-22 22:07:22,147] {logging_mixin.py:115} INFO - [2022-08-22 22:07:22,146] {dagbag.py:508} INFO - Filling up the DagBag from /home/airflow/.local/lib/python3.7/site-packages/airflow/example_dags/example_short_circuit_operator.py
[2022-08-22 22:07:22,154] {processor.py:651} INFO - DAG(s) dict_keys(['example_short_circuit_operator']) retrieved from /home/airflow/.local/lib/python3.7/site-packages/airflow/example_dags/example_short_circuit_operator.py
[2022-08-22 22:07:22,180] {logging_mixin.py:115} INFO - [2022-08-22 22:07:22,180] {dag.py:2420} INFO - Sync 1 DAGs
[2022-08-22 22:07:22,202] {logging_mixin.py:115} INFO - [2022-08-22 22:07:22,202] {dag.py:2972} INFO - Setting next_dagrun for example_short_circuit_operator to 2022-08-21T22:07:22.202231+00:00, run_after=2022-08-22T22:07:22.202231+00:00
[2022-08-22 22:07:22,213] {processor.py:161} INFO - Processing /home/airflow/.local/lib/python3.7/site-packages/airflow/example_dags/example_short_circuit_operator.py took 0.069 seconds
[2022-08-22 22:07:52,826] {processor.py:153} INFO - Started process (PID=1683) to work on /home/airflow/.local/lib/python3.7/site-packages/airflow/example_dags/example_short_circuit_operator.py
[2022-08-22 22:07:52,826] {processor.py:641} INFO - Processing file /home/airflow/.local/lib/python3.7/site-packages/airflow/example_dags/example_short_circuit_operator.py for tasks to queue
[2022-08-22 22:07:52,827] {logging_mixin.py:115} INFO - [2022-08-22 22:07:52,827] {dagbag.py:508} INFO - Filling up the DagBag from /home/airflow/.local/lib/python3.7/site-packages/airflow/example_dags/example_short_circuit_operator.py
[2022-08-22 22:07:52,834] {processor.py:651} INFO - DAG(s) dict_keys(['example_short_circuit_operator']) retrieved from /home/airflow/.local/lib/python3.7/site-packages/airflow/example_dags/example_short_circuit_operator.py
[2022-08-22 22:07:52,857] {logging_mixin.py:115} INFO - [2022-08-22 22:07:52,857] {dag.py:2420} INFO - Sync 1 DAGs
[2022-08-22 22:07:52,877] {logging_mixin.py:115} INFO - [2022-08-22 22:07:52,877] {dag.py:2972} INFO - Setting next_dagrun for example_short_circuit_operator to 2022-08-21T22:07:52.876973+00:00, run_after=2022-08-22T22:07:52.876973+00:00
[2022-08-22 22:07:52,888] {processor.py:161} INFO - Processing /home/airflow/.local/lib/python3.7/site-packages/airflow/example_dags/example_short_circuit_operator.py took 0.064 seconds
[2022-08-22 22:08:23,454] {processor.py:153} INFO - Started process (PID=1744) to work on /home/airflow/.local/lib/python3.7/site-packages/airflow/example_dags/example_short_circuit_operator.py
[2022-08-22 22:08:23,464] {processor.py:641} INFO - Processing file /home/airflow/.local/lib/python3.7/site-packages/airflow/example_dags/example_short_circuit_operator.py for tasks to queue
[2022-08-22 22:08:23,465] {logging_mixin.py:115} INFO - [2022-08-22 22:08:23,465] {dagbag.py:508} INFO - Filling up the DagBag from /home/airflow/.local/lib/python3.7/site-packages/airflow/example_dags/example_short_circuit_operator.py
[2022-08-22 22:08:23,482] {processor.py:651} INFO - DAG(s) dict_keys(['example_short_circuit_operator']) retrieved from /home/airflow/.local/lib/python3.7/site-packages/airflow/example_dags/example_short_circuit_operator.py
[2022-08-22 22:08:23,524] {logging_mixin.py:115} INFO - [2022-08-22 22:08:23,524] {dag.py:2420} INFO - Sync 1 DAGs
[2022-08-22 22:08:23,543] {logging_mixin.py:115} INFO - [2022-08-22 22:08:23,543] {dag.py:2972} INFO - Setting next_dagrun for example_short_circuit_operator to 2022-08-21T22:08:23.543670+00:00, run_after=2022-08-22T22:08:23.543670+00:00
[2022-08-22 22:08:23,554] {processor.py:161} INFO - Processing /home/airflow/.local/lib/python3.7/site-packages/airflow/example_dags/example_short_circuit_operator.py took 0.104 seconds
[2022-08-22 22:08:54,306] {processor.py:153} INFO - Started process (PID=1805) to work on /home/airflow/.local/lib/python3.7/site-packages/airflow/example_dags/example_short_circuit_operator.py
[2022-08-22 22:08:54,317] {processor.py:641} INFO - Processing file /home/airflow/.local/lib/python3.7/site-packages/airflow/example_dags/example_short_circuit_operator.py for tasks to queue
[2022-08-22 22:08:54,318] {logging_mixin.py:115} INFO - [2022-08-22 22:08:54,317] {dagbag.py:508} INFO - Filling up the DagBag from /home/airflow/.local/lib/python3.7/site-packages/airflow/example_dags/example_short_circuit_operator.py
[2022-08-22 22:08:54,333] {processor.py:651} INFO - DAG(s) dict_keys(['example_short_circuit_operator']) retrieved from /home/airflow/.local/lib/python3.7/site-packages/airflow/example_dags/example_short_circuit_operator.py
[2022-08-22 22:08:54,357] {logging_mixin.py:115} INFO - [2022-08-22 22:08:54,357] {dag.py:2420} INFO - Sync 1 DAGs
[2022-08-22 22:08:54,376] {logging_mixin.py:115} INFO - [2022-08-22 22:08:54,375] {dag.py:2972} INFO - Setting next_dagrun for example_short_circuit_operator to 2022-08-21T22:08:54.375750+00:00, run_after=2022-08-22T22:08:54.375750+00:00
[2022-08-22 22:08:54,386] {processor.py:161} INFO - Processing /home/airflow/.local/lib/python3.7/site-packages/airflow/example_dags/example_short_circuit_operator.py took 0.082 seconds
[2022-08-22 22:09:24,909] {processor.py:153} INFO - Started process (PID=1866) to work on /home/airflow/.local/lib/python3.7/site-packages/airflow/example_dags/example_short_circuit_operator.py
[2022-08-22 22:09:24,910] {processor.py:641} INFO - Processing file /home/airflow/.local/lib/python3.7/site-packages/airflow/example_dags/example_short_circuit_operator.py for tasks to queue
[2022-08-22 22:09:24,911] {logging_mixin.py:115} INFO - [2022-08-22 22:09:24,911] {dagbag.py:508} INFO - Filling up the DagBag from /home/airflow/.local/lib/python3.7/site-packages/airflow/example_dags/example_short_circuit_operator.py
[2022-08-22 22:09:24,929] {processor.py:651} INFO - DAG(s) dict_keys(['example_short_circuit_operator']) retrieved from /home/airflow/.local/lib/python3.7/site-packages/airflow/example_dags/example_short_circuit_operator.py
[2022-08-22 22:09:24,968] {logging_mixin.py:115} INFO - [2022-08-22 22:09:24,968] {dag.py:2420} INFO - Sync 1 DAGs
[2022-08-22 22:09:24,987] {logging_mixin.py:115} INFO - [2022-08-22 22:09:24,987] {dag.py:2972} INFO - Setting next_dagrun for example_short_circuit_operator to 2022-08-21T22:09:24.987276+00:00, run_after=2022-08-22T22:09:24.987276+00:00
[2022-08-22 22:09:24,999] {processor.py:161} INFO - Processing /home/airflow/.local/lib/python3.7/site-packages/airflow/example_dags/example_short_circuit_operator.py took 0.094 seconds
[2022-08-22 22:09:55,495] {processor.py:153} INFO - Started process (PID=1918) to work on /home/airflow/.local/lib/python3.7/site-packages/airflow/example_dags/example_short_circuit_operator.py
[2022-08-22 22:09:55,505] {processor.py:641} INFO - Processing file /home/airflow/.local/lib/python3.7/site-packages/airflow/example_dags/example_short_circuit_operator.py for tasks to queue
[2022-08-22 22:09:55,506] {logging_mixin.py:115} INFO - [2022-08-22 22:09:55,506] {dagbag.py:508} INFO - Filling up the DagBag from /home/airflow/.local/lib/python3.7/site-packages/airflow/example_dags/example_short_circuit_operator.py
[2022-08-22 22:09:55,519] {processor.py:651} INFO - DAG(s) dict_keys(['example_short_circuit_operator']) retrieved from /home/airflow/.local/lib/python3.7/site-packages/airflow/example_dags/example_short_circuit_operator.py
[2022-08-22 22:09:55,546] {logging_mixin.py:115} INFO - [2022-08-22 22:09:55,546] {dag.py:2420} INFO - Sync 1 DAGs
[2022-08-22 22:09:55,567] {logging_mixin.py:115} INFO - [2022-08-22 22:09:55,566] {dag.py:2972} INFO - Setting next_dagrun for example_short_circuit_operator to 2022-08-21T22:09:55.566650+00:00, run_after=2022-08-22T22:09:55.566650+00:00
[2022-08-22 22:09:55,585] {processor.py:161} INFO - Processing /home/airflow/.local/lib/python3.7/site-packages/airflow/example_dags/example_short_circuit_operator.py took 0.094 seconds
[2022-08-22 22:10:26,243] {processor.py:153} INFO - Started process (PID=1979) to work on /home/airflow/.local/lib/python3.7/site-packages/airflow/example_dags/example_short_circuit_operator.py
[2022-08-22 22:10:26,253] {processor.py:641} INFO - Processing file /home/airflow/.local/lib/python3.7/site-packages/airflow/example_dags/example_short_circuit_operator.py for tasks to queue
[2022-08-22 22:10:26,254] {logging_mixin.py:115} INFO - [2022-08-22 22:10:26,254] {dagbag.py:508} INFO - Filling up the DagBag from /home/airflow/.local/lib/python3.7/site-packages/airflow/example_dags/example_short_circuit_operator.py
[2022-08-22 22:10:26,270] {processor.py:651} INFO - DAG(s) dict_keys(['example_short_circuit_operator']) retrieved from /home/airflow/.local/lib/python3.7/site-packages/airflow/example_dags/example_short_circuit_operator.py
[2022-08-22 22:10:26,295] {logging_mixin.py:115} INFO - [2022-08-22 22:10:26,295] {dag.py:2420} INFO - Sync 1 DAGs
[2022-08-22 22:10:26,313] {logging_mixin.py:115} INFO - [2022-08-22 22:10:26,313] {dag.py:2972} INFO - Setting next_dagrun for example_short_circuit_operator to 2022-08-21T22:10:26.313267+00:00, run_after=2022-08-22T22:10:26.313267+00:00
[2022-08-22 22:10:26,326] {processor.py:161} INFO - Processing /home/airflow/.local/lib/python3.7/site-packages/airflow/example_dags/example_short_circuit_operator.py took 0.087 seconds
[2022-08-22 22:10:56,950] {processor.py:153} INFO - Started process (PID=2040) to work on /home/airflow/.local/lib/python3.7/site-packages/airflow/example_dags/example_short_circuit_operator.py
[2022-08-22 22:10:56,950] {processor.py:641} INFO - Processing file /home/airflow/.local/lib/python3.7/site-packages/airflow/example_dags/example_short_circuit_operator.py for tasks to queue
[2022-08-22 22:10:56,951] {logging_mixin.py:115} INFO - [2022-08-22 22:10:56,951] {dagbag.py:508} INFO - Filling up the DagBag from /home/airflow/.local/lib/python3.7/site-packages/airflow/example_dags/example_short_circuit_operator.py
[2022-08-22 22:10:56,965] {processor.py:651} INFO - DAG(s) dict_keys(['example_short_circuit_operator']) retrieved from /home/airflow/.local/lib/python3.7/site-packages/airflow/example_dags/example_short_circuit_operator.py
[2022-08-22 22:10:57,001] {logging_mixin.py:115} INFO - [2022-08-22 22:10:57,001] {dag.py:2420} INFO - Sync 1 DAGs
[2022-08-22 22:10:57,019] {logging_mixin.py:115} INFO - [2022-08-22 22:10:57,019] {dag.py:2972} INFO - Setting next_dagrun for example_short_circuit_operator to 2022-08-21T22:10:57.019436+00:00, run_after=2022-08-22T22:10:57.019436+00:00
[2022-08-22 22:10:57,030] {processor.py:161} INFO - Processing /home/airflow/.local/lib/python3.7/site-packages/airflow/example_dags/example_short_circuit_operator.py took 0.085 seconds
[2022-08-22 22:11:27,600] {processor.py:153} INFO - Started process (PID=2100) to work on /home/airflow/.local/lib/python3.7/site-packages/airflow/example_dags/example_short_circuit_operator.py
[2022-08-22 22:11:27,610] {processor.py:641} INFO - Processing file /home/airflow/.local/lib/python3.7/site-packages/airflow/example_dags/example_short_circuit_operator.py for tasks to queue
[2022-08-22 22:11:27,611] {logging_mixin.py:115} INFO - [2022-08-22 22:11:27,611] {dagbag.py:508} INFO - Filling up the DagBag from /home/airflow/.local/lib/python3.7/site-packages/airflow/example_dags/example_short_circuit_operator.py
[2022-08-22 22:11:27,625] {processor.py:651} INFO - DAG(s) dict_keys(['example_short_circuit_operator']) retrieved from /home/airflow/.local/lib/python3.7/site-packages/airflow/example_dags/example_short_circuit_operator.py
[2022-08-22 22:11:27,649] {logging_mixin.py:115} INFO - [2022-08-22 22:11:27,649] {dag.py:2420} INFO - Sync 1 DAGs
[2022-08-22 22:11:27,668] {logging_mixin.py:115} INFO - [2022-08-22 22:11:27,668] {dag.py:2972} INFO - Setting next_dagrun for example_short_circuit_operator to 2022-08-21T22:11:27.668091+00:00, run_after=2022-08-22T22:11:27.668091+00:00
[2022-08-22 22:11:27,679] {processor.py:161} INFO - Processing /home/airflow/.local/lib/python3.7/site-packages/airflow/example_dags/example_short_circuit_operator.py took 0.083 seconds
[2022-08-22 22:11:58,162] {processor.py:153} INFO - Started process (PID=2152) to work on /home/airflow/.local/lib/python3.7/site-packages/airflow/example_dags/example_short_circuit_operator.py
[2022-08-22 22:11:58,172] {processor.py:641} INFO - Processing file /home/airflow/.local/lib/python3.7/site-packages/airflow/example_dags/example_short_circuit_operator.py for tasks to queue
[2022-08-22 22:11:58,173] {logging_mixin.py:115} INFO - [2022-08-22 22:11:58,173] {dagbag.py:508} INFO - Filling up the DagBag from /home/airflow/.local/lib/python3.7/site-packages/airflow/example_dags/example_short_circuit_operator.py
[2022-08-22 22:11:58,187] {processor.py:651} INFO - DAG(s) dict_keys(['example_short_circuit_operator']) retrieved from /home/airflow/.local/lib/python3.7/site-packages/airflow/example_dags/example_short_circuit_operator.py
[2022-08-22 22:11:58,224] {logging_mixin.py:115} INFO - [2022-08-22 22:11:58,224] {dag.py:2420} INFO - Sync 1 DAGs
[2022-08-22 22:11:58,242] {logging_mixin.py:115} INFO - [2022-08-22 22:11:58,242] {dag.py:2972} INFO - Setting next_dagrun for example_short_circuit_operator to 2022-08-21T22:11:58.242031+00:00, run_after=2022-08-22T22:11:58.242031+00:00
[2022-08-22 22:11:58,252] {processor.py:161} INFO - Processing /home/airflow/.local/lib/python3.7/site-packages/airflow/example_dags/example_short_circuit_operator.py took 0.094 seconds
[2022-08-22 22:12:28,675] {processor.py:153} INFO - Started process (PID=2213) to work on /home/airflow/.local/lib/python3.7/site-packages/airflow/example_dags/example_short_circuit_operator.py
[2022-08-22 22:12:28,675] {processor.py:641} INFO - Processing file /home/airflow/.local/lib/python3.7/site-packages/airflow/example_dags/example_short_circuit_operator.py for tasks to queue
[2022-08-22 22:12:28,676] {logging_mixin.py:115} INFO - [2022-08-22 22:12:28,676] {dagbag.py:508} INFO - Filling up the DagBag from /home/airflow/.local/lib/python3.7/site-packages/airflow/example_dags/example_short_circuit_operator.py
[2022-08-22 22:12:28,693] {processor.py:651} INFO - DAG(s) dict_keys(['example_short_circuit_operator']) retrieved from /home/airflow/.local/lib/python3.7/site-packages/airflow/example_dags/example_short_circuit_operator.py
[2022-08-22 22:12:28,717] {logging_mixin.py:115} INFO - [2022-08-22 22:12:28,717] {dag.py:2420} INFO - Sync 1 DAGs
[2022-08-22 22:12:28,737] {logging_mixin.py:115} INFO - [2022-08-22 22:12:28,737] {dag.py:2972} INFO - Setting next_dagrun for example_short_circuit_operator to 2022-08-21T22:12:28.737402+00:00, run_after=2022-08-22T22:12:28.737402+00:00
[2022-08-22 22:12:28,748] {processor.py:161} INFO - Processing /home/airflow/.local/lib/python3.7/site-packages/airflow/example_dags/example_short_circuit_operator.py took 0.078 seconds
[2022-08-22 22:12:59,222] {processor.py:153} INFO - Started process (PID=2274) to work on /home/airflow/.local/lib/python3.7/site-packages/airflow/example_dags/example_short_circuit_operator.py
[2022-08-22 22:12:59,233] {processor.py:641} INFO - Processing file /home/airflow/.local/lib/python3.7/site-packages/airflow/example_dags/example_short_circuit_operator.py for tasks to queue
[2022-08-22 22:12:59,234] {logging_mixin.py:115} INFO - [2022-08-22 22:12:59,234] {dagbag.py:508} INFO - Filling up the DagBag from /home/airflow/.local/lib/python3.7/site-packages/airflow/example_dags/example_short_circuit_operator.py
[2022-08-22 22:12:59,251] {processor.py:651} INFO - DAG(s) dict_keys(['example_short_circuit_operator']) retrieved from /home/airflow/.local/lib/python3.7/site-packages/airflow/example_dags/example_short_circuit_operator.py
[2022-08-22 22:12:59,275] {logging_mixin.py:115} INFO - [2022-08-22 22:12:59,275] {dag.py:2420} INFO - Sync 1 DAGs
[2022-08-22 22:12:59,293] {logging_mixin.py:115} INFO - [2022-08-22 22:12:59,293] {dag.py:2972} INFO - Setting next_dagrun for example_short_circuit_operator to 2022-08-21T22:12:59.293393+00:00, run_after=2022-08-22T22:12:59.293393+00:00
[2022-08-22 22:12:59,304] {processor.py:161} INFO - Processing /home/airflow/.local/lib/python3.7/site-packages/airflow/example_dags/example_short_circuit_operator.py took 0.086 seconds
[2022-08-22 22:13:29,889] {processor.py:153} INFO - Started process (PID=2335) to work on /home/airflow/.local/lib/python3.7/site-packages/airflow/example_dags/example_short_circuit_operator.py
[2022-08-22 22:13:29,899] {processor.py:641} INFO - Processing file /home/airflow/.local/lib/python3.7/site-packages/airflow/example_dags/example_short_circuit_operator.py for tasks to queue
[2022-08-22 22:13:29,900] {logging_mixin.py:115} INFO - [2022-08-22 22:13:29,900] {dagbag.py:508} INFO - Filling up the DagBag from /home/airflow/.local/lib/python3.7/site-packages/airflow/example_dags/example_short_circuit_operator.py
[2022-08-22 22:13:29,913] {processor.py:651} INFO - DAG(s) dict_keys(['example_short_circuit_operator']) retrieved from /home/airflow/.local/lib/python3.7/site-packages/airflow/example_dags/example_short_circuit_operator.py
[2022-08-22 22:13:29,948] {logging_mixin.py:115} INFO - [2022-08-22 22:13:29,948] {dag.py:2420} INFO - Sync 1 DAGs
[2022-08-22 22:13:29,977] {logging_mixin.py:115} INFO - [2022-08-22 22:13:29,977] {dag.py:2972} INFO - Setting next_dagrun for example_short_circuit_operator to 2022-08-21T22:13:29.977254+00:00, run_after=2022-08-22T22:13:29.977254+00:00
[2022-08-22 22:13:29,991] {processor.py:161} INFO - Processing /home/airflow/.local/lib/python3.7/site-packages/airflow/example_dags/example_short_circuit_operator.py took 0.106 seconds
[2022-08-22 22:14:00,511] {processor.py:153} INFO - Started process (PID=2387) to work on /home/airflow/.local/lib/python3.7/site-packages/airflow/example_dags/example_short_circuit_operator.py
[2022-08-22 22:14:00,521] {processor.py:641} INFO - Processing file /home/airflow/.local/lib/python3.7/site-packages/airflow/example_dags/example_short_circuit_operator.py for tasks to queue
[2022-08-22 22:14:00,522] {logging_mixin.py:115} INFO - [2022-08-22 22:14:00,522] {dagbag.py:508} INFO - Filling up the DagBag from /home/airflow/.local/lib/python3.7/site-packages/airflow/example_dags/example_short_circuit_operator.py
[2022-08-22 22:14:00,539] {processor.py:651} INFO - DAG(s) dict_keys(['example_short_circuit_operator']) retrieved from /home/airflow/.local/lib/python3.7/site-packages/airflow/example_dags/example_short_circuit_operator.py
[2022-08-22 22:14:00,573] {logging_mixin.py:115} INFO - [2022-08-22 22:14:00,573] {dag.py:2420} INFO - Sync 1 DAGs
[2022-08-22 22:14:00,593] {logging_mixin.py:115} INFO - [2022-08-22 22:14:00,593] {dag.py:2972} INFO - Setting next_dagrun for example_short_circuit_operator to 2022-08-21T22:14:00.592993+00:00, run_after=2022-08-22T22:14:00.592993+00:00
[2022-08-22 22:14:00,604] {processor.py:161} INFO - Processing /home/airflow/.local/lib/python3.7/site-packages/airflow/example_dags/example_short_circuit_operator.py took 0.097 seconds
[2022-08-22 22:14:31,197] {processor.py:153} INFO - Started process (PID=2448) to work on /home/airflow/.local/lib/python3.7/site-packages/airflow/example_dags/example_short_circuit_operator.py
[2022-08-22 22:14:31,198] {processor.py:641} INFO - Processing file /home/airflow/.local/lib/python3.7/site-packages/airflow/example_dags/example_short_circuit_operator.py for tasks to queue
[2022-08-22 22:14:31,199] {logging_mixin.py:115} INFO - [2022-08-22 22:14:31,199] {dagbag.py:508} INFO - Filling up the DagBag from /home/airflow/.local/lib/python3.7/site-packages/airflow/example_dags/example_short_circuit_operator.py
[2022-08-22 22:14:31,212] {processor.py:651} INFO - DAG(s) dict_keys(['example_short_circuit_operator']) retrieved from /home/airflow/.local/lib/python3.7/site-packages/airflow/example_dags/example_short_circuit_operator.py
[2022-08-22 22:14:31,252] {logging_mixin.py:115} INFO - [2022-08-22 22:14:31,252] {dag.py:2420} INFO - Sync 1 DAGs
[2022-08-22 22:14:31,278] {logging_mixin.py:115} INFO - [2022-08-22 22:14:31,278] {dag.py:2972} INFO - Setting next_dagrun for example_short_circuit_operator to 2022-08-21T22:14:31.278084+00:00, run_after=2022-08-22T22:14:31.278084+00:00
[2022-08-22 22:14:31,289] {processor.py:161} INFO - Processing /home/airflow/.local/lib/python3.7/site-packages/airflow/example_dags/example_short_circuit_operator.py took 0.106 seconds
[2022-08-22 22:15:01,792] {processor.py:153} INFO - Started process (PID=2509) to work on /home/airflow/.local/lib/python3.7/site-packages/airflow/example_dags/example_short_circuit_operator.py
[2022-08-22 22:15:01,798] {processor.py:641} INFO - Processing file /home/airflow/.local/lib/python3.7/site-packages/airflow/example_dags/example_short_circuit_operator.py for tasks to queue
[2022-08-22 22:15:01,799] {logging_mixin.py:115} INFO - [2022-08-22 22:15:01,799] {dagbag.py:508} INFO - Filling up the DagBag from /home/airflow/.local/lib/python3.7/site-packages/airflow/example_dags/example_short_circuit_operator.py
[2022-08-22 22:15:01,812] {processor.py:651} INFO - DAG(s) dict_keys(['example_short_circuit_operator']) retrieved from /home/airflow/.local/lib/python3.7/site-packages/airflow/example_dags/example_short_circuit_operator.py
[2022-08-22 22:15:01,835] {logging_mixin.py:115} INFO - [2022-08-22 22:15:01,835] {dag.py:2420} INFO - Sync 1 DAGs
[2022-08-22 22:15:01,853] {logging_mixin.py:115} INFO - [2022-08-22 22:15:01,853] {dag.py:2972} INFO - Setting next_dagrun for example_short_circuit_operator to 2022-08-21T22:15:01.853471+00:00, run_after=2022-08-22T22:15:01.853471+00:00
[2022-08-22 22:15:01,864] {processor.py:161} INFO - Processing /home/airflow/.local/lib/python3.7/site-packages/airflow/example_dags/example_short_circuit_operator.py took 0.076 seconds
[2022-08-22 22:15:32,406] {processor.py:153} INFO - Started process (PID=2561) to work on /home/airflow/.local/lib/python3.7/site-packages/airflow/example_dags/example_short_circuit_operator.py
[2022-08-22 22:15:32,417] {processor.py:641} INFO - Processing file /home/airflow/.local/lib/python3.7/site-packages/airflow/example_dags/example_short_circuit_operator.py for tasks to queue
[2022-08-22 22:15:32,418] {logging_mixin.py:115} INFO - [2022-08-22 22:15:32,417] {dagbag.py:508} INFO - Filling up the DagBag from /home/airflow/.local/lib/python3.7/site-packages/airflow/example_dags/example_short_circuit_operator.py
[2022-08-22 22:15:32,434] {processor.py:651} INFO - DAG(s) dict_keys(['example_short_circuit_operator']) retrieved from /home/airflow/.local/lib/python3.7/site-packages/airflow/example_dags/example_short_circuit_operator.py
[2022-08-22 22:15:32,470] {logging_mixin.py:115} INFO - [2022-08-22 22:15:32,470] {dag.py:2420} INFO - Sync 1 DAGs
[2022-08-22 22:15:32,489] {logging_mixin.py:115} INFO - [2022-08-22 22:15:32,489] {dag.py:2972} INFO - Setting next_dagrun for example_short_circuit_operator to 2022-08-21T22:15:32.489079+00:00, run_after=2022-08-22T22:15:32.489079+00:00
[2022-08-22 22:15:32,501] {processor.py:161} INFO - Processing /home/airflow/.local/lib/python3.7/site-packages/airflow/example_dags/example_short_circuit_operator.py took 0.099 seconds
[2022-08-22 22:16:03,051] {processor.py:153} INFO - Started process (PID=2622) to work on /home/airflow/.local/lib/python3.7/site-packages/airflow/example_dags/example_short_circuit_operator.py
[2022-08-22 22:16:03,061] {processor.py:641} INFO - Processing file /home/airflow/.local/lib/python3.7/site-packages/airflow/example_dags/example_short_circuit_operator.py for tasks to queue
[2022-08-22 22:16:03,062] {logging_mixin.py:115} INFO - [2022-08-22 22:16:03,062] {dagbag.py:508} INFO - Filling up the DagBag from /home/airflow/.local/lib/python3.7/site-packages/airflow/example_dags/example_short_circuit_operator.py
[2022-08-22 22:16:03,079] {processor.py:651} INFO - DAG(s) dict_keys(['example_short_circuit_operator']) retrieved from /home/airflow/.local/lib/python3.7/site-packages/airflow/example_dags/example_short_circuit_operator.py
[2022-08-22 22:16:03,124] {logging_mixin.py:115} INFO - [2022-08-22 22:16:03,124] {dag.py:2420} INFO - Sync 1 DAGs
[2022-08-22 22:16:03,144] {logging_mixin.py:115} INFO - [2022-08-22 22:16:03,144] {dag.py:2972} INFO - Setting next_dagrun for example_short_circuit_operator to 2022-08-21T22:16:03.144629+00:00, run_after=2022-08-22T22:16:03.144629+00:00
[2022-08-22 22:16:03,156] {processor.py:161} INFO - Processing /home/airflow/.local/lib/python3.7/site-packages/airflow/example_dags/example_short_circuit_operator.py took 0.109 seconds
[2022-08-22 22:16:33,655] {processor.py:153} INFO - Started process (PID=2683) to work on /home/airflow/.local/lib/python3.7/site-packages/airflow/example_dags/example_short_circuit_operator.py
[2022-08-22 22:16:33,657] {processor.py:641} INFO - Processing file /home/airflow/.local/lib/python3.7/site-packages/airflow/example_dags/example_short_circuit_operator.py for tasks to queue
[2022-08-22 22:16:33,657] {logging_mixin.py:115} INFO - [2022-08-22 22:16:33,657] {dagbag.py:508} INFO - Filling up the DagBag from /home/airflow/.local/lib/python3.7/site-packages/airflow/example_dags/example_short_circuit_operator.py
[2022-08-22 22:16:33,677] {processor.py:651} INFO - DAG(s) dict_keys(['example_short_circuit_operator']) retrieved from /home/airflow/.local/lib/python3.7/site-packages/airflow/example_dags/example_short_circuit_operator.py
[2022-08-22 22:16:33,707] {logging_mixin.py:115} INFO - [2022-08-22 22:16:33,707] {dag.py:2420} INFO - Sync 1 DAGs
[2022-08-22 22:16:33,730] {logging_mixin.py:115} INFO - [2022-08-22 22:16:33,730] {dag.py:2972} INFO - Setting next_dagrun for example_short_circuit_operator to 2022-08-21T22:16:33.730205+00:00, run_after=2022-08-22T22:16:33.730205+00:00
[2022-08-22 22:16:33,742] {processor.py:161} INFO - Processing /home/airflow/.local/lib/python3.7/site-packages/airflow/example_dags/example_short_circuit_operator.py took 0.092 seconds
[2022-08-22 22:17:04,412] {processor.py:153} INFO - Started process (PID=2744) to work on /home/airflow/.local/lib/python3.7/site-packages/airflow/example_dags/example_short_circuit_operator.py
[2022-08-22 22:17:04,413] {processor.py:641} INFO - Processing file /home/airflow/.local/lib/python3.7/site-packages/airflow/example_dags/example_short_circuit_operator.py for tasks to queue
[2022-08-22 22:17:04,414] {logging_mixin.py:115} INFO - [2022-08-22 22:17:04,414] {dagbag.py:508} INFO - Filling up the DagBag from /home/airflow/.local/lib/python3.7/site-packages/airflow/example_dags/example_short_circuit_operator.py
[2022-08-22 22:17:04,432] {processor.py:651} INFO - DAG(s) dict_keys(['example_short_circuit_operator']) retrieved from /home/airflow/.local/lib/python3.7/site-packages/airflow/example_dags/example_short_circuit_operator.py
[2022-08-22 22:17:04,466] {logging_mixin.py:115} INFO - [2022-08-22 22:17:04,465] {dag.py:2420} INFO - Sync 1 DAGs
[2022-08-22 22:17:04,488] {logging_mixin.py:115} INFO - [2022-08-22 22:17:04,487] {dag.py:2972} INFO - Setting next_dagrun for example_short_circuit_operator to 2022-08-21T22:17:04.487650+00:00, run_after=2022-08-22T22:17:04.487650+00:00
[2022-08-22 22:17:04,499] {processor.py:161} INFO - Processing /home/airflow/.local/lib/python3.7/site-packages/airflow/example_dags/example_short_circuit_operator.py took 0.092 seconds
[2022-08-22 22:17:34,956] {processor.py:153} INFO - Started process (PID=2796) to work on /home/airflow/.local/lib/python3.7/site-packages/airflow/example_dags/example_short_circuit_operator.py
[2022-08-22 22:17:34,958] {processor.py:641} INFO - Processing file /home/airflow/.local/lib/python3.7/site-packages/airflow/example_dags/example_short_circuit_operator.py for tasks to queue
[2022-08-22 22:17:34,958] {logging_mixin.py:115} INFO - [2022-08-22 22:17:34,958] {dagbag.py:508} INFO - Filling up the DagBag from /home/airflow/.local/lib/python3.7/site-packages/airflow/example_dags/example_short_circuit_operator.py
[2022-08-22 22:17:34,977] {processor.py:651} INFO - DAG(s) dict_keys(['example_short_circuit_operator']) retrieved from /home/airflow/.local/lib/python3.7/site-packages/airflow/example_dags/example_short_circuit_operator.py
[2022-08-22 22:17:35,013] {logging_mixin.py:115} INFO - [2022-08-22 22:17:35,013] {dag.py:2420} INFO - Sync 1 DAGs
[2022-08-22 22:17:35,031] {logging_mixin.py:115} INFO - [2022-08-22 22:17:35,031] {dag.py:2972} INFO - Setting next_dagrun for example_short_circuit_operator to 2022-08-21T22:17:35.031518+00:00, run_after=2022-08-22T22:17:35.031518+00:00
[2022-08-22 22:17:35,043] {processor.py:161} INFO - Processing /home/airflow/.local/lib/python3.7/site-packages/airflow/example_dags/example_short_circuit_operator.py took 0.091 seconds
[2022-08-22 22:18:05,497] {processor.py:153} INFO - Started process (PID=2857) to work on /home/airflow/.local/lib/python3.7/site-packages/airflow/example_dags/example_short_circuit_operator.py
[2022-08-22 22:18:05,507] {processor.py:641} INFO - Processing file /home/airflow/.local/lib/python3.7/site-packages/airflow/example_dags/example_short_circuit_operator.py for tasks to queue
[2022-08-22 22:18:05,508] {logging_mixin.py:115} INFO - [2022-08-22 22:18:05,508] {dagbag.py:508} INFO - Filling up the DagBag from /home/airflow/.local/lib/python3.7/site-packages/airflow/example_dags/example_short_circuit_operator.py
[2022-08-22 22:18:05,521] {processor.py:651} INFO - DAG(s) dict_keys(['example_short_circuit_operator']) retrieved from /home/airflow/.local/lib/python3.7/site-packages/airflow/example_dags/example_short_circuit_operator.py
[2022-08-22 22:18:05,557] {logging_mixin.py:115} INFO - [2022-08-22 22:18:05,557] {dag.py:2420} INFO - Sync 1 DAGs
[2022-08-22 22:18:05,576] {logging_mixin.py:115} INFO - [2022-08-22 22:18:05,576] {dag.py:2972} INFO - Setting next_dagrun for example_short_circuit_operator to 2022-08-21T22:18:05.576152+00:00, run_after=2022-08-22T22:18:05.576152+00:00
[2022-08-22 22:18:05,587] {processor.py:161} INFO - Processing /home/airflow/.local/lib/python3.7/site-packages/airflow/example_dags/example_short_circuit_operator.py took 0.093 seconds
[2022-08-22 22:18:36,146] {processor.py:153} INFO - Started process (PID=2918) to work on /home/airflow/.local/lib/python3.7/site-packages/airflow/example_dags/example_short_circuit_operator.py
[2022-08-22 22:18:36,156] {processor.py:641} INFO - Processing file /home/airflow/.local/lib/python3.7/site-packages/airflow/example_dags/example_short_circuit_operator.py for tasks to queue
[2022-08-22 22:18:36,156] {logging_mixin.py:115} INFO - [2022-08-22 22:18:36,156] {dagbag.py:508} INFO - Filling up the DagBag from /home/airflow/.local/lib/python3.7/site-packages/airflow/example_dags/example_short_circuit_operator.py
[2022-08-22 22:18:36,168] {processor.py:651} INFO - DAG(s) dict_keys(['example_short_circuit_operator']) retrieved from /home/airflow/.local/lib/python3.7/site-packages/airflow/example_dags/example_short_circuit_operator.py
[2022-08-22 22:18:36,194] {logging_mixin.py:115} INFO - [2022-08-22 22:18:36,194] {dag.py:2420} INFO - Sync 1 DAGs
[2022-08-22 22:18:36,213] {logging_mixin.py:115} INFO - [2022-08-22 22:18:36,213] {dag.py:2972} INFO - Setting next_dagrun for example_short_circuit_operator to 2022-08-21T22:18:36.213412+00:00, run_after=2022-08-22T22:18:36.213412+00:00
[2022-08-22 22:18:36,224] {processor.py:161} INFO - Processing /home/airflow/.local/lib/python3.7/site-packages/airflow/example_dags/example_short_circuit_operator.py took 0.080 seconds
[2022-08-22 22:19:06,771] {processor.py:153} INFO - Started process (PID=2980) to work on /home/airflow/.local/lib/python3.7/site-packages/airflow/example_dags/example_short_circuit_operator.py
[2022-08-22 22:19:06,772] {processor.py:641} INFO - Processing file /home/airflow/.local/lib/python3.7/site-packages/airflow/example_dags/example_short_circuit_operator.py for tasks to queue
[2022-08-22 22:19:06,772] {logging_mixin.py:115} INFO - [2022-08-22 22:19:06,772] {dagbag.py:508} INFO - Filling up the DagBag from /home/airflow/.local/lib/python3.7/site-packages/airflow/example_dags/example_short_circuit_operator.py
[2022-08-22 22:19:06,779] {processor.py:651} INFO - DAG(s) dict_keys(['example_short_circuit_operator']) retrieved from /home/airflow/.local/lib/python3.7/site-packages/airflow/example_dags/example_short_circuit_operator.py
[2022-08-22 22:19:06,812] {logging_mixin.py:115} INFO - [2022-08-22 22:19:06,812] {dag.py:2420} INFO - Sync 1 DAGs
[2022-08-22 22:19:06,830] {logging_mixin.py:115} INFO - [2022-08-22 22:19:06,830] {dag.py:2972} INFO - Setting next_dagrun for example_short_circuit_operator to 2022-08-21T22:19:06.830391+00:00, run_after=2022-08-22T22:19:06.830391+00:00
[2022-08-22 22:19:06,840] {processor.py:161} INFO - Processing /home/airflow/.local/lib/python3.7/site-packages/airflow/example_dags/example_short_circuit_operator.py took 0.071 seconds
[2022-08-22 22:19:37,504] {processor.py:153} INFO - Started process (PID=3032) to work on /home/airflow/.local/lib/python3.7/site-packages/airflow/example_dags/example_short_circuit_operator.py
[2022-08-22 22:19:37,515] {processor.py:641} INFO - Processing file /home/airflow/.local/lib/python3.7/site-packages/airflow/example_dags/example_short_circuit_operator.py for tasks to queue
[2022-08-22 22:19:37,515] {logging_mixin.py:115} INFO - [2022-08-22 22:19:37,515] {dagbag.py:508} INFO - Filling up the DagBag from /home/airflow/.local/lib/python3.7/site-packages/airflow/example_dags/example_short_circuit_operator.py
[2022-08-22 22:19:37,529] {processor.py:651} INFO - DAG(s) dict_keys(['example_short_circuit_operator']) retrieved from /home/airflow/.local/lib/python3.7/site-packages/airflow/example_dags/example_short_circuit_operator.py
[2022-08-22 22:19:37,572] {logging_mixin.py:115} INFO - [2022-08-22 22:19:37,572] {dag.py:2420} INFO - Sync 1 DAGs
[2022-08-22 22:19:37,591] {logging_mixin.py:115} INFO - [2022-08-22 22:19:37,591] {dag.py:2972} INFO - Setting next_dagrun for example_short_circuit_operator to 2022-08-21T22:19:37.591178+00:00, run_after=2022-08-22T22:19:37.591178+00:00
[2022-08-22 22:19:37,602] {processor.py:161} INFO - Processing /home/airflow/.local/lib/python3.7/site-packages/airflow/example_dags/example_short_circuit_operator.py took 0.101 seconds
[2022-08-22 22:20:08,191] {processor.py:153} INFO - Started process (PID=3093) to work on /home/airflow/.local/lib/python3.7/site-packages/airflow/example_dags/example_short_circuit_operator.py
[2022-08-22 22:20:08,202] {processor.py:641} INFO - Processing file /home/airflow/.local/lib/python3.7/site-packages/airflow/example_dags/example_short_circuit_operator.py for tasks to queue
[2022-08-22 22:20:08,202] {logging_mixin.py:115} INFO - [2022-08-22 22:20:08,202] {dagbag.py:508} INFO - Filling up the DagBag from /home/airflow/.local/lib/python3.7/site-packages/airflow/example_dags/example_short_circuit_operator.py
[2022-08-22 22:20:08,210] {processor.py:651} INFO - DAG(s) dict_keys(['example_short_circuit_operator']) retrieved from /home/airflow/.local/lib/python3.7/site-packages/airflow/example_dags/example_short_circuit_operator.py
[2022-08-22 22:20:08,232] {logging_mixin.py:115} INFO - [2022-08-22 22:20:08,232] {dag.py:2420} INFO - Sync 1 DAGs
[2022-08-22 22:20:08,249] {logging_mixin.py:115} INFO - [2022-08-22 22:20:08,249] {dag.py:2972} INFO - Setting next_dagrun for example_short_circuit_operator to 2022-08-21T22:20:08.249155+00:00, run_after=2022-08-22T22:20:08.249155+00:00
[2022-08-22 22:20:08,258] {processor.py:161} INFO - Processing /home/airflow/.local/lib/python3.7/site-packages/airflow/example_dags/example_short_circuit_operator.py took 0.070 seconds
[2022-08-22 22:20:39,030] {processor.py:153} INFO - Started process (PID=3154) to work on /home/airflow/.local/lib/python3.7/site-packages/airflow/example_dags/example_short_circuit_operator.py
[2022-08-22 22:20:39,030] {processor.py:641} INFO - Processing file /home/airflow/.local/lib/python3.7/site-packages/airflow/example_dags/example_short_circuit_operator.py for tasks to queue
[2022-08-22 22:20:39,031] {logging_mixin.py:115} INFO - [2022-08-22 22:20:39,031] {dagbag.py:508} INFO - Filling up the DagBag from /home/airflow/.local/lib/python3.7/site-packages/airflow/example_dags/example_short_circuit_operator.py
[2022-08-22 22:20:39,045] {processor.py:651} INFO - DAG(s) dict_keys(['example_short_circuit_operator']) retrieved from /home/airflow/.local/lib/python3.7/site-packages/airflow/example_dags/example_short_circuit_operator.py
[2022-08-22 22:20:39,078] {logging_mixin.py:115} INFO - [2022-08-22 22:20:39,078] {dag.py:2420} INFO - Sync 1 DAGs
[2022-08-22 22:20:39,100] {logging_mixin.py:115} INFO - [2022-08-22 22:20:39,100] {dag.py:2972} INFO - Setting next_dagrun for example_short_circuit_operator to 2022-08-21T22:20:39.100145+00:00, run_after=2022-08-22T22:20:39.100145+00:00
[2022-08-22 22:20:39,109] {processor.py:161} INFO - Processing /home/airflow/.local/lib/python3.7/site-packages/airflow/example_dags/example_short_circuit_operator.py took 0.084 seconds
[2022-08-22 22:21:09,505] {processor.py:153} INFO - Started process (PID=3215) to work on /home/airflow/.local/lib/python3.7/site-packages/airflow/example_dags/example_short_circuit_operator.py
[2022-08-22 22:21:09,506] {processor.py:641} INFO - Processing file /home/airflow/.local/lib/python3.7/site-packages/airflow/example_dags/example_short_circuit_operator.py for tasks to queue
[2022-08-22 22:21:09,506] {logging_mixin.py:115} INFO - [2022-08-22 22:21:09,506] {dagbag.py:508} INFO - Filling up the DagBag from /home/airflow/.local/lib/python3.7/site-packages/airflow/example_dags/example_short_circuit_operator.py
[2022-08-22 22:21:09,516] {processor.py:651} INFO - DAG(s) dict_keys(['example_short_circuit_operator']) retrieved from /home/airflow/.local/lib/python3.7/site-packages/airflow/example_dags/example_short_circuit_operator.py
[2022-08-22 22:21:09,547] {logging_mixin.py:115} INFO - [2022-08-22 22:21:09,547] {dag.py:2420} INFO - Sync 1 DAGs
[2022-08-22 22:21:09,576] {logging_mixin.py:115} INFO - [2022-08-22 22:21:09,576] {dag.py:2972} INFO - Setting next_dagrun for example_short_circuit_operator to 2022-08-21T22:21:09.575867+00:00, run_after=2022-08-22T22:21:09.575867+00:00
[2022-08-22 22:21:09,589] {processor.py:161} INFO - Processing /home/airflow/.local/lib/python3.7/site-packages/airflow/example_dags/example_short_circuit_operator.py took 0.087 seconds
[2022-08-22 22:21:40,083] {processor.py:153} INFO - Started process (PID=3267) to work on /home/airflow/.local/lib/python3.7/site-packages/airflow/example_dags/example_short_circuit_operator.py
[2022-08-22 22:21:40,083] {processor.py:641} INFO - Processing file /home/airflow/.local/lib/python3.7/site-packages/airflow/example_dags/example_short_circuit_operator.py for tasks to queue
[2022-08-22 22:21:40,084] {logging_mixin.py:115} INFO - [2022-08-22 22:21:40,083] {dagbag.py:508} INFO - Filling up the DagBag from /home/airflow/.local/lib/python3.7/site-packages/airflow/example_dags/example_short_circuit_operator.py
[2022-08-22 22:21:40,091] {processor.py:651} INFO - DAG(s) dict_keys(['example_short_circuit_operator']) retrieved from /home/airflow/.local/lib/python3.7/site-packages/airflow/example_dags/example_short_circuit_operator.py
[2022-08-22 22:21:40,115] {logging_mixin.py:115} INFO - [2022-08-22 22:21:40,115] {dag.py:2420} INFO - Sync 1 DAGs
[2022-08-22 22:21:40,133] {logging_mixin.py:115} INFO - [2022-08-22 22:21:40,133] {dag.py:2972} INFO - Setting next_dagrun for example_short_circuit_operator to 2022-08-21T22:21:40.133245+00:00, run_after=2022-08-22T22:21:40.133245+00:00
[2022-08-22 22:21:40,143] {processor.py:161} INFO - Processing /home/airflow/.local/lib/python3.7/site-packages/airflow/example_dags/example_short_circuit_operator.py took 0.063 seconds
[2022-08-22 22:22:10,788] {processor.py:153} INFO - Started process (PID=3328) to work on /home/airflow/.local/lib/python3.7/site-packages/airflow/example_dags/example_short_circuit_operator.py
[2022-08-22 22:22:10,788] {processor.py:641} INFO - Processing file /home/airflow/.local/lib/python3.7/site-packages/airflow/example_dags/example_short_circuit_operator.py for tasks to queue
[2022-08-22 22:22:10,789] {logging_mixin.py:115} INFO - [2022-08-22 22:22:10,789] {dagbag.py:508} INFO - Filling up the DagBag from /home/airflow/.local/lib/python3.7/site-packages/airflow/example_dags/example_short_circuit_operator.py
[2022-08-22 22:22:10,796] {processor.py:651} INFO - DAG(s) dict_keys(['example_short_circuit_operator']) retrieved from /home/airflow/.local/lib/python3.7/site-packages/airflow/example_dags/example_short_circuit_operator.py
[2022-08-22 22:22:10,820] {logging_mixin.py:115} INFO - [2022-08-22 22:22:10,820] {dag.py:2420} INFO - Sync 1 DAGs
[2022-08-22 22:22:10,840] {logging_mixin.py:115} INFO - [2022-08-22 22:22:10,840] {dag.py:2972} INFO - Setting next_dagrun for example_short_circuit_operator to 2022-08-21T22:22:10.840088+00:00, run_after=2022-08-22T22:22:10.840088+00:00
[2022-08-22 22:22:10,850] {processor.py:161} INFO - Processing /home/airflow/.local/lib/python3.7/site-packages/airflow/example_dags/example_short_circuit_operator.py took 0.065 seconds
[2022-08-22 22:22:41,392] {processor.py:153} INFO - Started process (PID=3389) to work on /home/airflow/.local/lib/python3.7/site-packages/airflow/example_dags/example_short_circuit_operator.py
[2022-08-22 22:22:41,403] {processor.py:641} INFO - Processing file /home/airflow/.local/lib/python3.7/site-packages/airflow/example_dags/example_short_circuit_operator.py for tasks to queue
[2022-08-22 22:22:41,403] {logging_mixin.py:115} INFO - [2022-08-22 22:22:41,403] {dagbag.py:508} INFO - Filling up the DagBag from /home/airflow/.local/lib/python3.7/site-packages/airflow/example_dags/example_short_circuit_operator.py
[2022-08-22 22:22:41,413] {processor.py:651} INFO - DAG(s) dict_keys(['example_short_circuit_operator']) retrieved from /home/airflow/.local/lib/python3.7/site-packages/airflow/example_dags/example_short_circuit_operator.py
[2022-08-22 22:22:41,462] {logging_mixin.py:115} INFO - [2022-08-22 22:22:41,462] {dag.py:2420} INFO - Sync 1 DAGs
[2022-08-22 22:22:41,484] {logging_mixin.py:115} INFO - [2022-08-22 22:22:41,483] {dag.py:2972} INFO - Setting next_dagrun for example_short_circuit_operator to 2022-08-21T22:22:41.483713+00:00, run_after=2022-08-22T22:22:41.483713+00:00
[2022-08-22 22:22:41,497] {processor.py:161} INFO - Processing /home/airflow/.local/lib/python3.7/site-packages/airflow/example_dags/example_short_circuit_operator.py took 0.109 seconds
[2022-08-22 22:23:12,049] {processor.py:153} INFO - Started process (PID=3441) to work on /home/airflow/.local/lib/python3.7/site-packages/airflow/example_dags/example_short_circuit_operator.py
[2022-08-22 22:23:12,050] {processor.py:641} INFO - Processing file /home/airflow/.local/lib/python3.7/site-packages/airflow/example_dags/example_short_circuit_operator.py for tasks to queue
[2022-08-22 22:23:12,050] {logging_mixin.py:115} INFO - [2022-08-22 22:23:12,050] {dagbag.py:508} INFO - Filling up the DagBag from /home/airflow/.local/lib/python3.7/site-packages/airflow/example_dags/example_short_circuit_operator.py
[2022-08-22 22:23:12,058] {processor.py:651} INFO - DAG(s) dict_keys(['example_short_circuit_operator']) retrieved from /home/airflow/.local/lib/python3.7/site-packages/airflow/example_dags/example_short_circuit_operator.py
[2022-08-22 22:23:12,082] {logging_mixin.py:115} INFO - [2022-08-22 22:23:12,081] {dag.py:2420} INFO - Sync 1 DAGs
[2022-08-22 22:23:12,098] {logging_mixin.py:115} INFO - [2022-08-22 22:23:12,098] {dag.py:2972} INFO - Setting next_dagrun for example_short_circuit_operator to 2022-08-21T22:23:12.098627+00:00, run_after=2022-08-22T22:23:12.098627+00:00
[2022-08-22 22:23:12,108] {processor.py:161} INFO - Processing /home/airflow/.local/lib/python3.7/site-packages/airflow/example_dags/example_short_circuit_operator.py took 0.064 seconds
[2022-08-22 22:23:42,743] {processor.py:153} INFO - Started process (PID=3502) to work on /home/airflow/.local/lib/python3.7/site-packages/airflow/example_dags/example_short_circuit_operator.py
[2022-08-22 22:23:42,753] {processor.py:641} INFO - Processing file /home/airflow/.local/lib/python3.7/site-packages/airflow/example_dags/example_short_circuit_operator.py for tasks to queue
[2022-08-22 22:23:42,754] {logging_mixin.py:115} INFO - [2022-08-22 22:23:42,754] {dagbag.py:508} INFO - Filling up the DagBag from /home/airflow/.local/lib/python3.7/site-packages/airflow/example_dags/example_short_circuit_operator.py
[2022-08-22 22:23:42,762] {processor.py:651} INFO - DAG(s) dict_keys(['example_short_circuit_operator']) retrieved from /home/airflow/.local/lib/python3.7/site-packages/airflow/example_dags/example_short_circuit_operator.py
[2022-08-22 22:23:42,817] {logging_mixin.py:115} INFO - [2022-08-22 22:23:42,816] {dag.py:2420} INFO - Sync 1 DAGs
[2022-08-22 22:23:42,838] {logging_mixin.py:115} INFO - [2022-08-22 22:23:42,837] {dag.py:2972} INFO - Setting next_dagrun for example_short_circuit_operator to 2022-08-21T22:23:42.837727+00:00, run_after=2022-08-22T22:23:42.837727+00:00
[2022-08-22 22:23:42,851] {processor.py:161} INFO - Processing /home/airflow/.local/lib/python3.7/site-packages/airflow/example_dags/example_short_circuit_operator.py took 0.111 seconds
[2022-08-22 22:24:13,470] {processor.py:153} INFO - Started process (PID=3563) to work on /home/airflow/.local/lib/python3.7/site-packages/airflow/example_dags/example_short_circuit_operator.py
[2022-08-22 22:24:13,481] {processor.py:641} INFO - Processing file /home/airflow/.local/lib/python3.7/site-packages/airflow/example_dags/example_short_circuit_operator.py for tasks to queue
[2022-08-22 22:24:13,481] {logging_mixin.py:115} INFO - [2022-08-22 22:24:13,481] {dagbag.py:508} INFO - Filling up the DagBag from /home/airflow/.local/lib/python3.7/site-packages/airflow/example_dags/example_short_circuit_operator.py
[2022-08-22 22:24:13,490] {processor.py:651} INFO - DAG(s) dict_keys(['example_short_circuit_operator']) retrieved from /home/airflow/.local/lib/python3.7/site-packages/airflow/example_dags/example_short_circuit_operator.py
[2022-08-22 22:24:13,511] {logging_mixin.py:115} INFO - [2022-08-22 22:24:13,511] {dag.py:2420} INFO - Sync 1 DAGs
[2022-08-22 22:24:13,529] {logging_mixin.py:115} INFO - [2022-08-22 22:24:13,529] {dag.py:2972} INFO - Setting next_dagrun for example_short_circuit_operator to 2022-08-21T22:24:13.528999+00:00, run_after=2022-08-22T22:24:13.528999+00:00
[2022-08-22 22:24:13,539] {processor.py:161} INFO - Processing /home/airflow/.local/lib/python3.7/site-packages/airflow/example_dags/example_short_circuit_operator.py took 0.072 seconds
[2022-08-22 22:24:44,243] {processor.py:153} INFO - Started process (PID=3624) to work on /home/airflow/.local/lib/python3.7/site-packages/airflow/example_dags/example_short_circuit_operator.py
[2022-08-22 22:24:44,244] {processor.py:641} INFO - Processing file /home/airflow/.local/lib/python3.7/site-packages/airflow/example_dags/example_short_circuit_operator.py for tasks to queue
[2022-08-22 22:24:44,244] {logging_mixin.py:115} INFO - [2022-08-22 22:24:44,244] {dagbag.py:508} INFO - Filling up the DagBag from /home/airflow/.local/lib/python3.7/site-packages/airflow/example_dags/example_short_circuit_operator.py
[2022-08-22 22:24:44,259] {processor.py:651} INFO - DAG(s) dict_keys(['example_short_circuit_operator']) retrieved from /home/airflow/.local/lib/python3.7/site-packages/airflow/example_dags/example_short_circuit_operator.py
[2022-08-22 22:24:44,282] {logging_mixin.py:115} INFO - [2022-08-22 22:24:44,282] {dag.py:2420} INFO - Sync 1 DAGs
[2022-08-22 22:24:44,299] {logging_mixin.py:115} INFO - [2022-08-22 22:24:44,299] {dag.py:2972} INFO - Setting next_dagrun for example_short_circuit_operator to 2022-08-21T22:24:44.299578+00:00, run_after=2022-08-22T22:24:44.299578+00:00
[2022-08-22 22:24:44,310] {processor.py:161} INFO - Processing /home/airflow/.local/lib/python3.7/site-packages/airflow/example_dags/example_short_circuit_operator.py took 0.071 seconds
[2022-08-22 22:25:14,876] {processor.py:153} INFO - Started process (PID=3676) to work on /home/airflow/.local/lib/python3.7/site-packages/airflow/example_dags/example_short_circuit_operator.py
[2022-08-22 22:25:14,877] {processor.py:641} INFO - Processing file /home/airflow/.local/lib/python3.7/site-packages/airflow/example_dags/example_short_circuit_operator.py for tasks to queue
[2022-08-22 22:25:14,878] {logging_mixin.py:115} INFO - [2022-08-22 22:25:14,878] {dagbag.py:508} INFO - Filling up the DagBag from /home/airflow/.local/lib/python3.7/site-packages/airflow/example_dags/example_short_circuit_operator.py
[2022-08-22 22:25:14,890] {processor.py:651} INFO - DAG(s) dict_keys(['example_short_circuit_operator']) retrieved from /home/airflow/.local/lib/python3.7/site-packages/airflow/example_dags/example_short_circuit_operator.py
[2022-08-22 22:25:14,925] {logging_mixin.py:115} INFO - [2022-08-22 22:25:14,925] {dag.py:2420} INFO - Sync 1 DAGs
[2022-08-22 22:25:14,943] {logging_mixin.py:115} INFO - [2022-08-22 22:25:14,943] {dag.py:2972} INFO - Setting next_dagrun for example_short_circuit_operator to 2022-08-21T22:25:14.942985+00:00, run_after=2022-08-22T22:25:14.942985+00:00
[2022-08-22 22:25:14,954] {processor.py:161} INFO - Processing /home/airflow/.local/lib/python3.7/site-packages/airflow/example_dags/example_short_circuit_operator.py took 0.082 seconds
[2022-08-22 22:25:45,561] {processor.py:153} INFO - Started process (PID=3737) to work on /home/airflow/.local/lib/python3.7/site-packages/airflow/example_dags/example_short_circuit_operator.py
[2022-08-22 22:25:45,562] {processor.py:641} INFO - Processing file /home/airflow/.local/lib/python3.7/site-packages/airflow/example_dags/example_short_circuit_operator.py for tasks to queue
[2022-08-22 22:25:45,562] {logging_mixin.py:115} INFO - [2022-08-22 22:25:45,562] {dagbag.py:508} INFO - Filling up the DagBag from /home/airflow/.local/lib/python3.7/site-packages/airflow/example_dags/example_short_circuit_operator.py
[2022-08-22 22:25:45,572] {processor.py:651} INFO - DAG(s) dict_keys(['example_short_circuit_operator']) retrieved from /home/airflow/.local/lib/python3.7/site-packages/airflow/example_dags/example_short_circuit_operator.py
[2022-08-22 22:25:45,602] {logging_mixin.py:115} INFO - [2022-08-22 22:25:45,602] {dag.py:2420} INFO - Sync 1 DAGs
[2022-08-22 22:25:45,624] {logging_mixin.py:115} INFO - [2022-08-22 22:25:45,623] {dag.py:2972} INFO - Setting next_dagrun for example_short_circuit_operator to 2022-08-21T22:25:45.623727+00:00, run_after=2022-08-22T22:25:45.623727+00:00
[2022-08-22 22:25:45,640] {processor.py:161} INFO - Processing /home/airflow/.local/lib/python3.7/site-packages/airflow/example_dags/example_short_circuit_operator.py took 0.082 seconds
[2022-08-22 22:26:16,250] {processor.py:153} INFO - Started process (PID=3798) to work on /home/airflow/.local/lib/python3.7/site-packages/airflow/example_dags/example_short_circuit_operator.py
[2022-08-22 22:26:16,250] {processor.py:641} INFO - Processing file /home/airflow/.local/lib/python3.7/site-packages/airflow/example_dags/example_short_circuit_operator.py for tasks to queue
[2022-08-22 22:26:16,251] {logging_mixin.py:115} INFO - [2022-08-22 22:26:16,251] {dagbag.py:508} INFO - Filling up the DagBag from /home/airflow/.local/lib/python3.7/site-packages/airflow/example_dags/example_short_circuit_operator.py
[2022-08-22 22:26:16,264] {processor.py:651} INFO - DAG(s) dict_keys(['example_short_circuit_operator']) retrieved from /home/airflow/.local/lib/python3.7/site-packages/airflow/example_dags/example_short_circuit_operator.py
[2022-08-22 22:26:16,287] {logging_mixin.py:115} INFO - [2022-08-22 22:26:16,287] {dag.py:2420} INFO - Sync 1 DAGs
[2022-08-22 22:26:16,305] {logging_mixin.py:115} INFO - [2022-08-22 22:26:16,305] {dag.py:2972} INFO - Setting next_dagrun for example_short_circuit_operator to 2022-08-21T22:26:16.305348+00:00, run_after=2022-08-22T22:26:16.305348+00:00
[2022-08-22 22:26:16,317] {processor.py:161} INFO - Processing /home/airflow/.local/lib/python3.7/site-packages/airflow/example_dags/example_short_circuit_operator.py took 0.071 seconds
[2022-08-22 22:26:46,899] {processor.py:153} INFO - Started process (PID=3859) to work on /home/airflow/.local/lib/python3.7/site-packages/airflow/example_dags/example_short_circuit_operator.py
[2022-08-22 22:26:46,899] {processor.py:641} INFO - Processing file /home/airflow/.local/lib/python3.7/site-packages/airflow/example_dags/example_short_circuit_operator.py for tasks to queue
[2022-08-22 22:26:46,900] {logging_mixin.py:115} INFO - [2022-08-22 22:26:46,900] {dagbag.py:508} INFO - Filling up the DagBag from /home/airflow/.local/lib/python3.7/site-packages/airflow/example_dags/example_short_circuit_operator.py
[2022-08-22 22:26:46,911] {processor.py:651} INFO - DAG(s) dict_keys(['example_short_circuit_operator']) retrieved from /home/airflow/.local/lib/python3.7/site-packages/airflow/example_dags/example_short_circuit_operator.py
[2022-08-22 22:26:46,939] {logging_mixin.py:115} INFO - [2022-08-22 22:26:46,938] {dag.py:2420} INFO - Sync 1 DAGs
[2022-08-22 22:26:46,960] {logging_mixin.py:115} INFO - [2022-08-22 22:26:46,960] {dag.py:2972} INFO - Setting next_dagrun for example_short_circuit_operator to 2022-08-21T22:26:46.960326+00:00, run_after=2022-08-22T22:26:46.960326+00:00
[2022-08-22 22:26:46,973] {processor.py:161} INFO - Processing /home/airflow/.local/lib/python3.7/site-packages/airflow/example_dags/example_short_circuit_operator.py took 0.078 seconds
[2022-08-22 22:27:17,638] {processor.py:153} INFO - Started process (PID=3911) to work on /home/airflow/.local/lib/python3.7/site-packages/airflow/example_dags/example_short_circuit_operator.py
[2022-08-22 22:27:17,638] {processor.py:641} INFO - Processing file /home/airflow/.local/lib/python3.7/site-packages/airflow/example_dags/example_short_circuit_operator.py for tasks to queue
[2022-08-22 22:27:17,639] {logging_mixin.py:115} INFO - [2022-08-22 22:27:17,639] {dagbag.py:508} INFO - Filling up the DagBag from /home/airflow/.local/lib/python3.7/site-packages/airflow/example_dags/example_short_circuit_operator.py
[2022-08-22 22:27:17,654] {processor.py:651} INFO - DAG(s) dict_keys(['example_short_circuit_operator']) retrieved from /home/airflow/.local/lib/python3.7/site-packages/airflow/example_dags/example_short_circuit_operator.py
[2022-08-22 22:27:17,680] {logging_mixin.py:115} INFO - [2022-08-22 22:27:17,680] {dag.py:2420} INFO - Sync 1 DAGs
[2022-08-22 22:27:17,697] {logging_mixin.py:115} INFO - [2022-08-22 22:27:17,697] {dag.py:2972} INFO - Setting next_dagrun for example_short_circuit_operator to 2022-08-21T22:27:17.697697+00:00, run_after=2022-08-22T22:27:17.697697+00:00
[2022-08-22 22:27:17,709] {processor.py:161} INFO - Processing /home/airflow/.local/lib/python3.7/site-packages/airflow/example_dags/example_short_circuit_operator.py took 0.075 seconds
[2022-08-22 22:27:48,520] {processor.py:153} INFO - Started process (PID=3972) to work on /home/airflow/.local/lib/python3.7/site-packages/airflow/example_dags/example_short_circuit_operator.py
[2022-08-22 22:27:48,530] {processor.py:641} INFO - Processing file /home/airflow/.local/lib/python3.7/site-packages/airflow/example_dags/example_short_circuit_operator.py for tasks to queue
[2022-08-22 22:27:48,531] {logging_mixin.py:115} INFO - [2022-08-22 22:27:48,531] {dagbag.py:508} INFO - Filling up the DagBag from /home/airflow/.local/lib/python3.7/site-packages/airflow/example_dags/example_short_circuit_operator.py
[2022-08-22 22:27:48,538] {processor.py:651} INFO - DAG(s) dict_keys(['example_short_circuit_operator']) retrieved from /home/airflow/.local/lib/python3.7/site-packages/airflow/example_dags/example_short_circuit_operator.py
[2022-08-22 22:27:48,559] {logging_mixin.py:115} INFO - [2022-08-22 22:27:48,559] {dag.py:2420} INFO - Sync 1 DAGs
[2022-08-22 22:27:48,576] {logging_mixin.py:115} INFO - [2022-08-22 22:27:48,576] {dag.py:2972} INFO - Setting next_dagrun for example_short_circuit_operator to 2022-08-21T22:27:48.576163+00:00, run_after=2022-08-22T22:27:48.576163+00:00
[2022-08-22 22:27:48,587] {processor.py:161} INFO - Processing /home/airflow/.local/lib/python3.7/site-packages/airflow/example_dags/example_short_circuit_operator.py took 0.070 seconds
[2022-08-22 22:28:19,080] {processor.py:153} INFO - Started process (PID=4033) to work on /home/airflow/.local/lib/python3.7/site-packages/airflow/example_dags/example_short_circuit_operator.py
[2022-08-22 22:28:19,081] {processor.py:641} INFO - Processing file /home/airflow/.local/lib/python3.7/site-packages/airflow/example_dags/example_short_circuit_operator.py for tasks to queue
[2022-08-22 22:28:19,082] {logging_mixin.py:115} INFO - [2022-08-22 22:28:19,081] {dagbag.py:508} INFO - Filling up the DagBag from /home/airflow/.local/lib/python3.7/site-packages/airflow/example_dags/example_short_circuit_operator.py
[2022-08-22 22:28:19,097] {processor.py:651} INFO - DAG(s) dict_keys(['example_short_circuit_operator']) retrieved from /home/airflow/.local/lib/python3.7/site-packages/airflow/example_dags/example_short_circuit_operator.py
[2022-08-22 22:28:19,122] {logging_mixin.py:115} INFO - [2022-08-22 22:28:19,121] {dag.py:2420} INFO - Sync 1 DAGs
[2022-08-22 22:28:19,141] {logging_mixin.py:115} INFO - [2022-08-22 22:28:19,141] {dag.py:2972} INFO - Setting next_dagrun for example_short_circuit_operator to 2022-08-21T22:28:19.140833+00:00, run_after=2022-08-22T22:28:19.140833+00:00
[2022-08-22 22:28:19,152] {processor.py:161} INFO - Processing /home/airflow/.local/lib/python3.7/site-packages/airflow/example_dags/example_short_circuit_operator.py took 0.076 seconds
