[2022-08-22 21:53:34,342] {processor.py:153} INFO - Started process (PID=79) to work on /home/airflow/.local/lib/python3.7/site-packages/airflow/example_dags/example_task_group.py
[2022-08-22 21:53:34,342] {processor.py:641} INFO - Processing file /home/airflow/.local/lib/python3.7/site-packages/airflow/example_dags/example_task_group.py for tasks to queue
[2022-08-22 21:53:34,343] {logging_mixin.py:115} INFO - [2022-08-22 21:53:34,343] {dagbag.py:508} INFO - Filling up the DagBag from /home/airflow/.local/lib/python3.7/site-packages/airflow/example_dags/example_task_group.py
[2022-08-22 21:53:34,351] {processor.py:651} INFO - DAG(s) dict_keys(['example_task_group']) retrieved from /home/airflow/.local/lib/python3.7/site-packages/airflow/example_dags/example_task_group.py
[2022-08-22 21:53:34,460] {logging_mixin.py:115} INFO - [2022-08-22 21:53:34,460] {manager.py:508} INFO - Created Permission View: can edit on DAG:example_task_group
[2022-08-22 21:53:34,479] {logging_mixin.py:115} INFO - [2022-08-22 21:53:34,479] {manager.py:508} INFO - Created Permission View: can read on DAG:example_task_group
[2022-08-22 21:53:34,493] {logging_mixin.py:115} INFO - [2022-08-22 21:53:34,493] {manager.py:508} INFO - Created Permission View: can delete on DAG:example_task_group
[2022-08-22 21:53:34,493] {logging_mixin.py:115} INFO - [2022-08-22 21:53:34,493] {dag.py:2420} INFO - Sync 1 DAGs
[2022-08-22 21:53:34,506] {logging_mixin.py:115} INFO - [2022-08-22 21:53:34,505] {dag.py:2439} INFO - Creating ORM DAG for example_task_group
[2022-08-22 21:53:34,520] {logging_mixin.py:115} INFO - [2022-08-22 21:53:34,520] {dag.py:2972} INFO - Setting next_dagrun for example_task_group to 2022-08-21T21:53:34.520051+00:00, run_after=2022-08-22T21:53:34.520051+00:00
[2022-08-22 21:53:34,537] {processor.py:161} INFO - Processing /home/airflow/.local/lib/python3.7/site-packages/airflow/example_dags/example_task_group.py took 0.199 seconds
[2022-08-22 21:54:04,957] {processor.py:153} INFO - Started process (PID=131) to work on /home/airflow/.local/lib/python3.7/site-packages/airflow/example_dags/example_task_group.py
[2022-08-22 21:54:04,957] {processor.py:641} INFO - Processing file /home/airflow/.local/lib/python3.7/site-packages/airflow/example_dags/example_task_group.py for tasks to queue
[2022-08-22 21:54:04,958] {logging_mixin.py:115} INFO - [2022-08-22 21:54:04,957] {dagbag.py:508} INFO - Filling up the DagBag from /home/airflow/.local/lib/python3.7/site-packages/airflow/example_dags/example_task_group.py
[2022-08-22 21:54:04,965] {processor.py:651} INFO - DAG(s) dict_keys(['example_task_group']) retrieved from /home/airflow/.local/lib/python3.7/site-packages/airflow/example_dags/example_task_group.py
[2022-08-22 21:54:04,988] {logging_mixin.py:115} INFO - [2022-08-22 21:54:04,988] {dag.py:2420} INFO - Sync 1 DAGs
[2022-08-22 21:54:05,007] {logging_mixin.py:115} INFO - [2022-08-22 21:54:05,007] {dag.py:2972} INFO - Setting next_dagrun for example_task_group to 2022-08-21T21:54:05.006880+00:00, run_after=2022-08-22T21:54:05.006880+00:00
[2022-08-22 21:54:05,022] {processor.py:161} INFO - Processing /home/airflow/.local/lib/python3.7/site-packages/airflow/example_dags/example_task_group.py took 0.068 seconds
[2022-08-22 21:54:35,823] {processor.py:153} INFO - Started process (PID=192) to work on /home/airflow/.local/lib/python3.7/site-packages/airflow/example_dags/example_task_group.py
[2022-08-22 21:54:35,823] {processor.py:641} INFO - Processing file /home/airflow/.local/lib/python3.7/site-packages/airflow/example_dags/example_task_group.py for tasks to queue
[2022-08-22 21:54:35,824] {logging_mixin.py:115} INFO - [2022-08-22 21:54:35,824] {dagbag.py:508} INFO - Filling up the DagBag from /home/airflow/.local/lib/python3.7/site-packages/airflow/example_dags/example_task_group.py
[2022-08-22 21:54:35,830] {processor.py:651} INFO - DAG(s) dict_keys(['example_task_group']) retrieved from /home/airflow/.local/lib/python3.7/site-packages/airflow/example_dags/example_task_group.py
[2022-08-22 21:54:35,850] {logging_mixin.py:115} INFO - [2022-08-22 21:54:35,850] {dag.py:2420} INFO - Sync 1 DAGs
[2022-08-22 21:54:35,870] {logging_mixin.py:115} INFO - [2022-08-22 21:54:35,870] {dag.py:2972} INFO - Setting next_dagrun for example_task_group to 2022-08-21T21:54:35.869904+00:00, run_after=2022-08-22T21:54:35.869904+00:00
[2022-08-22 21:54:35,879] {processor.py:161} INFO - Processing /home/airflow/.local/lib/python3.7/site-packages/airflow/example_dags/example_task_group.py took 0.058 seconds
[2022-08-22 21:55:06,716] {processor.py:153} INFO - Started process (PID=253) to work on /home/airflow/.local/lib/python3.7/site-packages/airflow/example_dags/example_task_group.py
[2022-08-22 21:55:06,717] {processor.py:641} INFO - Processing file /home/airflow/.local/lib/python3.7/site-packages/airflow/example_dags/example_task_group.py for tasks to queue
[2022-08-22 21:55:06,717] {logging_mixin.py:115} INFO - [2022-08-22 21:55:06,717] {dagbag.py:508} INFO - Filling up the DagBag from /home/airflow/.local/lib/python3.7/site-packages/airflow/example_dags/example_task_group.py
[2022-08-22 21:55:06,722] {processor.py:651} INFO - DAG(s) dict_keys(['example_task_group']) retrieved from /home/airflow/.local/lib/python3.7/site-packages/airflow/example_dags/example_task_group.py
[2022-08-22 21:55:06,746] {logging_mixin.py:115} INFO - [2022-08-22 21:55:06,746] {dag.py:2420} INFO - Sync 1 DAGs
[2022-08-22 21:55:06,768] {logging_mixin.py:115} INFO - [2022-08-22 21:55:06,768] {dag.py:2972} INFO - Setting next_dagrun for example_task_group to 2022-08-21T21:55:06.768488+00:00, run_after=2022-08-22T21:55:06.768488+00:00
[2022-08-22 21:55:06,781] {processor.py:161} INFO - Processing /home/airflow/.local/lib/python3.7/site-packages/airflow/example_dags/example_task_group.py took 0.067 seconds
[2022-08-22 21:55:37,604] {processor.py:153} INFO - Started process (PID=315) to work on /home/airflow/.local/lib/python3.7/site-packages/airflow/example_dags/example_task_group.py
[2022-08-22 21:55:37,605] {processor.py:641} INFO - Processing file /home/airflow/.local/lib/python3.7/site-packages/airflow/example_dags/example_task_group.py for tasks to queue
[2022-08-22 21:55:37,607] {logging_mixin.py:115} INFO - [2022-08-22 21:55:37,606] {dagbag.py:508} INFO - Filling up the DagBag from /home/airflow/.local/lib/python3.7/site-packages/airflow/example_dags/example_task_group.py
[2022-08-22 21:55:37,614] {processor.py:651} INFO - DAG(s) dict_keys(['example_task_group']) retrieved from /home/airflow/.local/lib/python3.7/site-packages/airflow/example_dags/example_task_group.py
[2022-08-22 21:55:37,638] {logging_mixin.py:115} INFO - [2022-08-22 21:55:37,638] {dag.py:2420} INFO - Sync 1 DAGs
[2022-08-22 21:55:37,659] {logging_mixin.py:115} INFO - [2022-08-22 21:55:37,659] {dag.py:2972} INFO - Setting next_dagrun for example_task_group to 2022-08-21T21:55:37.658948+00:00, run_after=2022-08-22T21:55:37.658948+00:00
[2022-08-22 21:55:37,670] {processor.py:161} INFO - Processing /home/airflow/.local/lib/python3.7/site-packages/airflow/example_dags/example_task_group.py took 0.069 seconds
[2022-08-22 21:56:08,316] {processor.py:153} INFO - Started process (PID=367) to work on /home/airflow/.local/lib/python3.7/site-packages/airflow/example_dags/example_task_group.py
[2022-08-22 21:56:08,316] {processor.py:641} INFO - Processing file /home/airflow/.local/lib/python3.7/site-packages/airflow/example_dags/example_task_group.py for tasks to queue
[2022-08-22 21:56:08,317] {logging_mixin.py:115} INFO - [2022-08-22 21:56:08,316] {dagbag.py:508} INFO - Filling up the DagBag from /home/airflow/.local/lib/python3.7/site-packages/airflow/example_dags/example_task_group.py
[2022-08-22 21:56:08,323] {processor.py:651} INFO - DAG(s) dict_keys(['example_task_group']) retrieved from /home/airflow/.local/lib/python3.7/site-packages/airflow/example_dags/example_task_group.py
[2022-08-22 21:56:08,347] {logging_mixin.py:115} INFO - [2022-08-22 21:56:08,347] {dag.py:2420} INFO - Sync 1 DAGs
[2022-08-22 21:56:08,368] {logging_mixin.py:115} INFO - [2022-08-22 21:56:08,368] {dag.py:2972} INFO - Setting next_dagrun for example_task_group to 2022-08-21T21:56:08.368355+00:00, run_after=2022-08-22T21:56:08.368355+00:00
[2022-08-22 21:56:08,381] {processor.py:161} INFO - Processing /home/airflow/.local/lib/python3.7/site-packages/airflow/example_dags/example_task_group.py took 0.067 seconds
[2022-08-22 21:56:39,091] {processor.py:153} INFO - Started process (PID=428) to work on /home/airflow/.local/lib/python3.7/site-packages/airflow/example_dags/example_task_group.py
[2022-08-22 21:56:39,092] {processor.py:641} INFO - Processing file /home/airflow/.local/lib/python3.7/site-packages/airflow/example_dags/example_task_group.py for tasks to queue
[2022-08-22 21:56:39,092] {logging_mixin.py:115} INFO - [2022-08-22 21:56:39,092] {dagbag.py:508} INFO - Filling up the DagBag from /home/airflow/.local/lib/python3.7/site-packages/airflow/example_dags/example_task_group.py
[2022-08-22 21:56:39,098] {processor.py:651} INFO - DAG(s) dict_keys(['example_task_group']) retrieved from /home/airflow/.local/lib/python3.7/site-packages/airflow/example_dags/example_task_group.py
[2022-08-22 21:56:39,124] {logging_mixin.py:115} INFO - [2022-08-22 21:56:39,124] {dag.py:2420} INFO - Sync 1 DAGs
[2022-08-22 21:56:39,149] {logging_mixin.py:115} INFO - [2022-08-22 21:56:39,149] {dag.py:2972} INFO - Setting next_dagrun for example_task_group to 2022-08-21T21:56:39.149600+00:00, run_after=2022-08-22T21:56:39.149600+00:00
[2022-08-22 21:56:39,162] {processor.py:161} INFO - Processing /home/airflow/.local/lib/python3.7/site-packages/airflow/example_dags/example_task_group.py took 0.074 seconds
[2022-08-22 21:57:10,034] {processor.py:153} INFO - Started process (PID=489) to work on /home/airflow/.local/lib/python3.7/site-packages/airflow/example_dags/example_task_group.py
[2022-08-22 21:57:10,035] {processor.py:641} INFO - Processing file /home/airflow/.local/lib/python3.7/site-packages/airflow/example_dags/example_task_group.py for tasks to queue
[2022-08-22 21:57:10,035] {logging_mixin.py:115} INFO - [2022-08-22 21:57:10,035] {dagbag.py:508} INFO - Filling up the DagBag from /home/airflow/.local/lib/python3.7/site-packages/airflow/example_dags/example_task_group.py
[2022-08-22 21:57:10,041] {processor.py:651} INFO - DAG(s) dict_keys(['example_task_group']) retrieved from /home/airflow/.local/lib/python3.7/site-packages/airflow/example_dags/example_task_group.py
[2022-08-22 21:57:10,064] {logging_mixin.py:115} INFO - [2022-08-22 21:57:10,064] {dag.py:2420} INFO - Sync 1 DAGs
[2022-08-22 21:57:10,084] {logging_mixin.py:115} INFO - [2022-08-22 21:57:10,084] {dag.py:2972} INFO - Setting next_dagrun for example_task_group to 2022-08-21T21:57:10.084000+00:00, run_after=2022-08-22T21:57:10.084000+00:00
[2022-08-22 21:57:10,095] {processor.py:161} INFO - Processing /home/airflow/.local/lib/python3.7/site-packages/airflow/example_dags/example_task_group.py took 0.063 seconds
[2022-08-22 21:57:40,846] {processor.py:153} INFO - Started process (PID=541) to work on /home/airflow/.local/lib/python3.7/site-packages/airflow/example_dags/example_task_group.py
[2022-08-22 21:57:40,846] {processor.py:641} INFO - Processing file /home/airflow/.local/lib/python3.7/site-packages/airflow/example_dags/example_task_group.py for tasks to queue
[2022-08-22 21:57:40,847] {logging_mixin.py:115} INFO - [2022-08-22 21:57:40,847] {dagbag.py:508} INFO - Filling up the DagBag from /home/airflow/.local/lib/python3.7/site-packages/airflow/example_dags/example_task_group.py
[2022-08-22 21:57:40,853] {processor.py:651} INFO - DAG(s) dict_keys(['example_task_group']) retrieved from /home/airflow/.local/lib/python3.7/site-packages/airflow/example_dags/example_task_group.py
[2022-08-22 21:57:40,877] {logging_mixin.py:115} INFO - [2022-08-22 21:57:40,877] {dag.py:2420} INFO - Sync 1 DAGs
[2022-08-22 21:57:40,896] {logging_mixin.py:115} INFO - [2022-08-22 21:57:40,896] {dag.py:2972} INFO - Setting next_dagrun for example_task_group to 2022-08-21T21:57:40.896172+00:00, run_after=2022-08-22T21:57:40.896172+00:00
[2022-08-22 21:57:40,906] {processor.py:161} INFO - Processing /home/airflow/.local/lib/python3.7/site-packages/airflow/example_dags/example_task_group.py took 0.063 seconds
[2022-08-22 21:58:11,675] {processor.py:153} INFO - Started process (PID=602) to work on /home/airflow/.local/lib/python3.7/site-packages/airflow/example_dags/example_task_group.py
[2022-08-22 21:58:11,676] {processor.py:641} INFO - Processing file /home/airflow/.local/lib/python3.7/site-packages/airflow/example_dags/example_task_group.py for tasks to queue
[2022-08-22 21:58:11,676] {logging_mixin.py:115} INFO - [2022-08-22 21:58:11,676] {dagbag.py:508} INFO - Filling up the DagBag from /home/airflow/.local/lib/python3.7/site-packages/airflow/example_dags/example_task_group.py
[2022-08-22 21:58:11,682] {processor.py:651} INFO - DAG(s) dict_keys(['example_task_group']) retrieved from /home/airflow/.local/lib/python3.7/site-packages/airflow/example_dags/example_task_group.py
[2022-08-22 21:58:11,702] {logging_mixin.py:115} INFO - [2022-08-22 21:58:11,702] {dag.py:2420} INFO - Sync 1 DAGs
[2022-08-22 21:58:11,722] {logging_mixin.py:115} INFO - [2022-08-22 21:58:11,722] {dag.py:2972} INFO - Setting next_dagrun for example_task_group to 2022-08-21T21:58:11.721937+00:00, run_after=2022-08-22T21:58:11.721937+00:00
[2022-08-22 21:58:11,732] {processor.py:161} INFO - Processing /home/airflow/.local/lib/python3.7/site-packages/airflow/example_dags/example_task_group.py took 0.059 seconds
[2022-08-22 21:58:42,471] {processor.py:153} INFO - Started process (PID=663) to work on /home/airflow/.local/lib/python3.7/site-packages/airflow/example_dags/example_task_group.py
[2022-08-22 21:58:42,471] {processor.py:641} INFO - Processing file /home/airflow/.local/lib/python3.7/site-packages/airflow/example_dags/example_task_group.py for tasks to queue
[2022-08-22 21:58:42,472] {logging_mixin.py:115} INFO - [2022-08-22 21:58:42,472] {dagbag.py:508} INFO - Filling up the DagBag from /home/airflow/.local/lib/python3.7/site-packages/airflow/example_dags/example_task_group.py
[2022-08-22 21:58:42,478] {processor.py:651} INFO - DAG(s) dict_keys(['example_task_group']) retrieved from /home/airflow/.local/lib/python3.7/site-packages/airflow/example_dags/example_task_group.py
[2022-08-22 21:58:42,499] {logging_mixin.py:115} INFO - [2022-08-22 21:58:42,499] {dag.py:2420} INFO - Sync 1 DAGs
[2022-08-22 21:58:42,522] {logging_mixin.py:115} INFO - [2022-08-22 21:58:42,522] {dag.py:2972} INFO - Setting next_dagrun for example_task_group to 2022-08-21T21:58:42.522191+00:00, run_after=2022-08-22T21:58:42.522191+00:00
[2022-08-22 21:58:42,532] {processor.py:161} INFO - Processing /home/airflow/.local/lib/python3.7/site-packages/airflow/example_dags/example_task_group.py took 0.064 seconds
[2022-08-22 21:59:13,310] {processor.py:153} INFO - Started process (PID=724) to work on /home/airflow/.local/lib/python3.7/site-packages/airflow/example_dags/example_task_group.py
[2022-08-22 21:59:13,310] {processor.py:641} INFO - Processing file /home/airflow/.local/lib/python3.7/site-packages/airflow/example_dags/example_task_group.py for tasks to queue
[2022-08-22 21:59:13,311] {logging_mixin.py:115} INFO - [2022-08-22 21:59:13,311] {dagbag.py:508} INFO - Filling up the DagBag from /home/airflow/.local/lib/python3.7/site-packages/airflow/example_dags/example_task_group.py
[2022-08-22 21:59:13,317] {processor.py:651} INFO - DAG(s) dict_keys(['example_task_group']) retrieved from /home/airflow/.local/lib/python3.7/site-packages/airflow/example_dags/example_task_group.py
[2022-08-22 21:59:13,347] {logging_mixin.py:115} INFO - [2022-08-22 21:59:13,347] {dag.py:2420} INFO - Sync 1 DAGs
[2022-08-22 21:59:13,370] {logging_mixin.py:115} INFO - [2022-08-22 21:59:13,370] {dag.py:2972} INFO - Setting next_dagrun for example_task_group to 2022-08-21T21:59:13.369933+00:00, run_after=2022-08-22T21:59:13.369933+00:00
[2022-08-22 21:59:13,383] {processor.py:161} INFO - Processing /home/airflow/.local/lib/python3.7/site-packages/airflow/example_dags/example_task_group.py took 0.076 seconds
[2022-08-22 21:59:44,066] {processor.py:153} INFO - Started process (PID=776) to work on /home/airflow/.local/lib/python3.7/site-packages/airflow/example_dags/example_task_group.py
[2022-08-22 21:59:44,067] {processor.py:641} INFO - Processing file /home/airflow/.local/lib/python3.7/site-packages/airflow/example_dags/example_task_group.py for tasks to queue
[2022-08-22 21:59:44,067] {logging_mixin.py:115} INFO - [2022-08-22 21:59:44,067] {dagbag.py:508} INFO - Filling up the DagBag from /home/airflow/.local/lib/python3.7/site-packages/airflow/example_dags/example_task_group.py
[2022-08-22 21:59:44,075] {processor.py:651} INFO - DAG(s) dict_keys(['example_task_group']) retrieved from /home/airflow/.local/lib/python3.7/site-packages/airflow/example_dags/example_task_group.py
[2022-08-22 21:59:44,101] {logging_mixin.py:115} INFO - [2022-08-22 21:59:44,101] {dag.py:2420} INFO - Sync 1 DAGs
[2022-08-22 21:59:44,124] {logging_mixin.py:115} INFO - [2022-08-22 21:59:44,124] {dag.py:2972} INFO - Setting next_dagrun for example_task_group to 2022-08-21T21:59:44.124430+00:00, run_after=2022-08-22T21:59:44.124430+00:00
[2022-08-22 21:59:44,137] {processor.py:161} INFO - Processing /home/airflow/.local/lib/python3.7/site-packages/airflow/example_dags/example_task_group.py took 0.073 seconds
[2022-08-22 22:00:14,856] {processor.py:153} INFO - Started process (PID=837) to work on /home/airflow/.local/lib/python3.7/site-packages/airflow/example_dags/example_task_group.py
[2022-08-22 22:00:14,857] {processor.py:641} INFO - Processing file /home/airflow/.local/lib/python3.7/site-packages/airflow/example_dags/example_task_group.py for tasks to queue
[2022-08-22 22:00:14,857] {logging_mixin.py:115} INFO - [2022-08-22 22:00:14,857] {dagbag.py:508} INFO - Filling up the DagBag from /home/airflow/.local/lib/python3.7/site-packages/airflow/example_dags/example_task_group.py
[2022-08-22 22:00:14,863] {processor.py:651} INFO - DAG(s) dict_keys(['example_task_group']) retrieved from /home/airflow/.local/lib/python3.7/site-packages/airflow/example_dags/example_task_group.py
[2022-08-22 22:00:14,888] {logging_mixin.py:115} INFO - [2022-08-22 22:00:14,888] {dag.py:2420} INFO - Sync 1 DAGs
[2022-08-22 22:00:14,909] {logging_mixin.py:115} INFO - [2022-08-22 22:00:14,909] {dag.py:2972} INFO - Setting next_dagrun for example_task_group to 2022-08-21T22:00:14.909087+00:00, run_after=2022-08-22T22:00:14.909087+00:00
[2022-08-22 22:00:14,920] {processor.py:161} INFO - Processing /home/airflow/.local/lib/python3.7/site-packages/airflow/example_dags/example_task_group.py took 0.066 seconds
[2022-08-22 22:00:45,653] {processor.py:153} INFO - Started process (PID=898) to work on /home/airflow/.local/lib/python3.7/site-packages/airflow/example_dags/example_task_group.py
[2022-08-22 22:00:45,654] {processor.py:641} INFO - Processing file /home/airflow/.local/lib/python3.7/site-packages/airflow/example_dags/example_task_group.py for tasks to queue
[2022-08-22 22:00:45,654] {logging_mixin.py:115} INFO - [2022-08-22 22:00:45,654] {dagbag.py:508} INFO - Filling up the DagBag from /home/airflow/.local/lib/python3.7/site-packages/airflow/example_dags/example_task_group.py
[2022-08-22 22:00:45,665] {processor.py:651} INFO - DAG(s) dict_keys(['example_task_group']) retrieved from /home/airflow/.local/lib/python3.7/site-packages/airflow/example_dags/example_task_group.py
[2022-08-22 22:00:45,695] {logging_mixin.py:115} INFO - [2022-08-22 22:00:45,695] {dag.py:2420} INFO - Sync 1 DAGs
[2022-08-22 22:00:45,715] {logging_mixin.py:115} INFO - [2022-08-22 22:00:45,715] {dag.py:2972} INFO - Setting next_dagrun for example_task_group to 2022-08-21T22:00:45.715590+00:00, run_after=2022-08-22T22:00:45.715590+00:00
[2022-08-22 22:00:45,726] {processor.py:161} INFO - Processing /home/airflow/.local/lib/python3.7/site-packages/airflow/example_dags/example_task_group.py took 0.078 seconds
[2022-08-22 22:01:16,442] {processor.py:153} INFO - Started process (PID=950) to work on /home/airflow/.local/lib/python3.7/site-packages/airflow/example_dags/example_task_group.py
[2022-08-22 22:01:16,442] {processor.py:641} INFO - Processing file /home/airflow/.local/lib/python3.7/site-packages/airflow/example_dags/example_task_group.py for tasks to queue
[2022-08-22 22:01:16,443] {logging_mixin.py:115} INFO - [2022-08-22 22:01:16,442] {dagbag.py:508} INFO - Filling up the DagBag from /home/airflow/.local/lib/python3.7/site-packages/airflow/example_dags/example_task_group.py
[2022-08-22 22:01:16,449] {processor.py:651} INFO - DAG(s) dict_keys(['example_task_group']) retrieved from /home/airflow/.local/lib/python3.7/site-packages/airflow/example_dags/example_task_group.py
[2022-08-22 22:01:16,474] {logging_mixin.py:115} INFO - [2022-08-22 22:01:16,474] {dag.py:2420} INFO - Sync 1 DAGs
[2022-08-22 22:01:16,495] {logging_mixin.py:115} INFO - [2022-08-22 22:01:16,495] {dag.py:2972} INFO - Setting next_dagrun for example_task_group to 2022-08-21T22:01:16.495327+00:00, run_after=2022-08-22T22:01:16.495327+00:00
[2022-08-22 22:01:16,507] {processor.py:161} INFO - Processing /home/airflow/.local/lib/python3.7/site-packages/airflow/example_dags/example_task_group.py took 0.067 seconds
[2022-08-22 22:01:47,373] {processor.py:153} INFO - Started process (PID=1011) to work on /home/airflow/.local/lib/python3.7/site-packages/airflow/example_dags/example_task_group.py
[2022-08-22 22:01:47,374] {processor.py:641} INFO - Processing file /home/airflow/.local/lib/python3.7/site-packages/airflow/example_dags/example_task_group.py for tasks to queue
[2022-08-22 22:01:47,374] {logging_mixin.py:115} INFO - [2022-08-22 22:01:47,374] {dagbag.py:508} INFO - Filling up the DagBag from /home/airflow/.local/lib/python3.7/site-packages/airflow/example_dags/example_task_group.py
[2022-08-22 22:01:47,382] {processor.py:651} INFO - DAG(s) dict_keys(['example_task_group']) retrieved from /home/airflow/.local/lib/python3.7/site-packages/airflow/example_dags/example_task_group.py
[2022-08-22 22:01:47,405] {logging_mixin.py:115} INFO - [2022-08-22 22:01:47,405] {dag.py:2420} INFO - Sync 1 DAGs
[2022-08-22 22:01:47,428] {logging_mixin.py:115} INFO - [2022-08-22 22:01:47,428] {dag.py:2972} INFO - Setting next_dagrun for example_task_group to 2022-08-21T22:01:47.428070+00:00, run_after=2022-08-22T22:01:47.428070+00:00
[2022-08-22 22:01:47,439] {processor.py:161} INFO - Processing /home/airflow/.local/lib/python3.7/site-packages/airflow/example_dags/example_task_group.py took 0.069 seconds
[2022-08-22 22:02:18,177] {processor.py:153} INFO - Started process (PID=1072) to work on /home/airflow/.local/lib/python3.7/site-packages/airflow/example_dags/example_task_group.py
[2022-08-22 22:02:18,177] {processor.py:641} INFO - Processing file /home/airflow/.local/lib/python3.7/site-packages/airflow/example_dags/example_task_group.py for tasks to queue
[2022-08-22 22:02:18,178] {logging_mixin.py:115} INFO - [2022-08-22 22:02:18,178] {dagbag.py:508} INFO - Filling up the DagBag from /home/airflow/.local/lib/python3.7/site-packages/airflow/example_dags/example_task_group.py
[2022-08-22 22:02:18,183] {processor.py:651} INFO - DAG(s) dict_keys(['example_task_group']) retrieved from /home/airflow/.local/lib/python3.7/site-packages/airflow/example_dags/example_task_group.py
[2022-08-22 22:02:18,203] {logging_mixin.py:115} INFO - [2022-08-22 22:02:18,203] {dag.py:2420} INFO - Sync 1 DAGs
[2022-08-22 22:02:18,222] {logging_mixin.py:115} INFO - [2022-08-22 22:02:18,222] {dag.py:2972} INFO - Setting next_dagrun for example_task_group to 2022-08-21T22:02:18.222124+00:00, run_after=2022-08-22T22:02:18.222124+00:00
[2022-08-22 22:02:18,232] {processor.py:161} INFO - Processing /home/airflow/.local/lib/python3.7/site-packages/airflow/example_dags/example_task_group.py took 0.058 seconds
[2022-08-22 22:02:49,102] {processor.py:153} INFO - Started process (PID=1131) to work on /home/airflow/.local/lib/python3.7/site-packages/airflow/example_dags/example_task_group.py
[2022-08-22 22:02:49,103] {processor.py:641} INFO - Processing file /home/airflow/.local/lib/python3.7/site-packages/airflow/example_dags/example_task_group.py for tasks to queue
[2022-08-22 22:02:49,103] {logging_mixin.py:115} INFO - [2022-08-22 22:02:49,103] {dagbag.py:508} INFO - Filling up the DagBag from /home/airflow/.local/lib/python3.7/site-packages/airflow/example_dags/example_task_group.py
[2022-08-22 22:02:49,111] {processor.py:651} INFO - DAG(s) dict_keys(['example_task_group']) retrieved from /home/airflow/.local/lib/python3.7/site-packages/airflow/example_dags/example_task_group.py
[2022-08-22 22:02:49,140] {logging_mixin.py:115} INFO - [2022-08-22 22:02:49,140] {dag.py:2420} INFO - Sync 1 DAGs
[2022-08-22 22:02:49,165] {logging_mixin.py:115} INFO - [2022-08-22 22:02:49,165] {dag.py:2972} INFO - Setting next_dagrun for example_task_group to 2022-08-21T22:02:49.164871+00:00, run_after=2022-08-22T22:02:49.164871+00:00
[2022-08-22 22:02:49,177] {processor.py:161} INFO - Processing /home/airflow/.local/lib/python3.7/site-packages/airflow/example_dags/example_task_group.py took 0.079 seconds
[2022-08-22 22:03:20,010] {processor.py:153} INFO - Started process (PID=1185) to work on /home/airflow/.local/lib/python3.7/site-packages/airflow/example_dags/example_task_group.py
[2022-08-22 22:03:20,011] {processor.py:641} INFO - Processing file /home/airflow/.local/lib/python3.7/site-packages/airflow/example_dags/example_task_group.py for tasks to queue
[2022-08-22 22:03:20,012] {logging_mixin.py:115} INFO - [2022-08-22 22:03:20,012] {dagbag.py:508} INFO - Filling up the DagBag from /home/airflow/.local/lib/python3.7/site-packages/airflow/example_dags/example_task_group.py
[2022-08-22 22:03:20,017] {processor.py:651} INFO - DAG(s) dict_keys(['example_task_group']) retrieved from /home/airflow/.local/lib/python3.7/site-packages/airflow/example_dags/example_task_group.py
[2022-08-22 22:03:20,042] {logging_mixin.py:115} INFO - [2022-08-22 22:03:20,042] {dag.py:2420} INFO - Sync 1 DAGs
[2022-08-22 22:03:20,066] {logging_mixin.py:115} INFO - [2022-08-22 22:03:20,066] {dag.py:2972} INFO - Setting next_dagrun for example_task_group to 2022-08-21T22:03:20.066211+00:00, run_after=2022-08-22T22:03:20.066211+00:00
[2022-08-22 22:03:20,082] {processor.py:161} INFO - Processing /home/airflow/.local/lib/python3.7/site-packages/airflow/example_dags/example_task_group.py took 0.075 seconds
[2022-08-22 22:03:50,894] {processor.py:153} INFO - Started process (PID=1246) to work on /home/airflow/.local/lib/python3.7/site-packages/airflow/example_dags/example_task_group.py
[2022-08-22 22:03:50,895] {processor.py:641} INFO - Processing file /home/airflow/.local/lib/python3.7/site-packages/airflow/example_dags/example_task_group.py for tasks to queue
[2022-08-22 22:03:50,895] {logging_mixin.py:115} INFO - [2022-08-22 22:03:50,895] {dagbag.py:508} INFO - Filling up the DagBag from /home/airflow/.local/lib/python3.7/site-packages/airflow/example_dags/example_task_group.py
[2022-08-22 22:03:50,900] {processor.py:651} INFO - DAG(s) dict_keys(['example_task_group']) retrieved from /home/airflow/.local/lib/python3.7/site-packages/airflow/example_dags/example_task_group.py
[2022-08-22 22:03:50,919] {logging_mixin.py:115} INFO - [2022-08-22 22:03:50,919] {dag.py:2420} INFO - Sync 1 DAGs
[2022-08-22 22:03:50,937] {logging_mixin.py:115} INFO - [2022-08-22 22:03:50,937] {dag.py:2972} INFO - Setting next_dagrun for example_task_group to 2022-08-21T22:03:50.937167+00:00, run_after=2022-08-22T22:03:50.937167+00:00
[2022-08-22 22:03:50,948] {processor.py:161} INFO - Processing /home/airflow/.local/lib/python3.7/site-packages/airflow/example_dags/example_task_group.py took 0.056 seconds
[2022-08-22 22:04:21,520] {processor.py:153} INFO - Started process (PID=1307) to work on /home/airflow/.local/lib/python3.7/site-packages/airflow/example_dags/example_task_group.py
[2022-08-22 22:04:21,521] {processor.py:641} INFO - Processing file /home/airflow/.local/lib/python3.7/site-packages/airflow/example_dags/example_task_group.py for tasks to queue
[2022-08-22 22:04:21,521] {logging_mixin.py:115} INFO - [2022-08-22 22:04:21,521] {dagbag.py:508} INFO - Filling up the DagBag from /home/airflow/.local/lib/python3.7/site-packages/airflow/example_dags/example_task_group.py
[2022-08-22 22:04:21,527] {processor.py:651} INFO - DAG(s) dict_keys(['example_task_group']) retrieved from /home/airflow/.local/lib/python3.7/site-packages/airflow/example_dags/example_task_group.py
[2022-08-22 22:04:21,550] {logging_mixin.py:115} INFO - [2022-08-22 22:04:21,550] {dag.py:2420} INFO - Sync 1 DAGs
[2022-08-22 22:04:21,569] {logging_mixin.py:115} INFO - [2022-08-22 22:04:21,569] {dag.py:2972} INFO - Setting next_dagrun for example_task_group to 2022-08-21T22:04:21.569177+00:00, run_after=2022-08-22T22:04:21.569177+00:00
[2022-08-22 22:04:21,578] {processor.py:161} INFO - Processing /home/airflow/.local/lib/python3.7/site-packages/airflow/example_dags/example_task_group.py took 0.060 seconds
[2022-08-22 22:04:52,045] {processor.py:153} INFO - Started process (PID=1359) to work on /home/airflow/.local/lib/python3.7/site-packages/airflow/example_dags/example_task_group.py
[2022-08-22 22:04:52,045] {processor.py:641} INFO - Processing file /home/airflow/.local/lib/python3.7/site-packages/airflow/example_dags/example_task_group.py for tasks to queue
[2022-08-22 22:04:52,046] {logging_mixin.py:115} INFO - [2022-08-22 22:04:52,045] {dagbag.py:508} INFO - Filling up the DagBag from /home/airflow/.local/lib/python3.7/site-packages/airflow/example_dags/example_task_group.py
[2022-08-22 22:04:52,050] {processor.py:651} INFO - DAG(s) dict_keys(['example_task_group']) retrieved from /home/airflow/.local/lib/python3.7/site-packages/airflow/example_dags/example_task_group.py
[2022-08-22 22:04:52,070] {logging_mixin.py:115} INFO - [2022-08-22 22:04:52,070] {dag.py:2420} INFO - Sync 1 DAGs
[2022-08-22 22:04:52,088] {logging_mixin.py:115} INFO - [2022-08-22 22:04:52,088] {dag.py:2972} INFO - Setting next_dagrun for example_task_group to 2022-08-21T22:04:52.088142+00:00, run_after=2022-08-22T22:04:52.088142+00:00
[2022-08-22 22:04:52,098] {processor.py:161} INFO - Processing /home/airflow/.local/lib/python3.7/site-packages/airflow/example_dags/example_task_group.py took 0.056 seconds
[2022-08-22 22:05:22,626] {processor.py:153} INFO - Started process (PID=1420) to work on /home/airflow/.local/lib/python3.7/site-packages/airflow/example_dags/example_task_group.py
[2022-08-22 22:05:22,627] {processor.py:641} INFO - Processing file /home/airflow/.local/lib/python3.7/site-packages/airflow/example_dags/example_task_group.py for tasks to queue
[2022-08-22 22:05:22,627] {logging_mixin.py:115} INFO - [2022-08-22 22:05:22,627] {dagbag.py:508} INFO - Filling up the DagBag from /home/airflow/.local/lib/python3.7/site-packages/airflow/example_dags/example_task_group.py
[2022-08-22 22:05:22,633] {processor.py:651} INFO - DAG(s) dict_keys(['example_task_group']) retrieved from /home/airflow/.local/lib/python3.7/site-packages/airflow/example_dags/example_task_group.py
[2022-08-22 22:05:22,655] {logging_mixin.py:115} INFO - [2022-08-22 22:05:22,655] {dag.py:2420} INFO - Sync 1 DAGs
[2022-08-22 22:05:22,677] {logging_mixin.py:115} INFO - [2022-08-22 22:05:22,677] {dag.py:2972} INFO - Setting next_dagrun for example_task_group to 2022-08-21T22:05:22.677436+00:00, run_after=2022-08-22T22:05:22.677436+00:00
[2022-08-22 22:05:22,691] {processor.py:161} INFO - Processing /home/airflow/.local/lib/python3.7/site-packages/airflow/example_dags/example_task_group.py took 0.069 seconds
[2022-08-22 22:05:53,405] {processor.py:153} INFO - Started process (PID=1481) to work on /home/airflow/.local/lib/python3.7/site-packages/airflow/example_dags/example_task_group.py
[2022-08-22 22:05:53,406] {processor.py:641} INFO - Processing file /home/airflow/.local/lib/python3.7/site-packages/airflow/example_dags/example_task_group.py for tasks to queue
[2022-08-22 22:05:53,406] {logging_mixin.py:115} INFO - [2022-08-22 22:05:53,406] {dagbag.py:508} INFO - Filling up the DagBag from /home/airflow/.local/lib/python3.7/site-packages/airflow/example_dags/example_task_group.py
[2022-08-22 22:05:53,411] {processor.py:651} INFO - DAG(s) dict_keys(['example_task_group']) retrieved from /home/airflow/.local/lib/python3.7/site-packages/airflow/example_dags/example_task_group.py
[2022-08-22 22:05:53,431] {logging_mixin.py:115} INFO - [2022-08-22 22:05:53,431] {dag.py:2420} INFO - Sync 1 DAGs
[2022-08-22 22:05:53,448] {logging_mixin.py:115} INFO - [2022-08-22 22:05:53,448] {dag.py:2972} INFO - Setting next_dagrun for example_task_group to 2022-08-21T22:05:53.447921+00:00, run_after=2022-08-22T22:05:53.447921+00:00
[2022-08-22 22:05:53,456] {processor.py:161} INFO - Processing /home/airflow/.local/lib/python3.7/site-packages/airflow/example_dags/example_task_group.py took 0.053 seconds
[2022-08-22 22:06:24,068] {processor.py:153} INFO - Started process (PID=1542) to work on /home/airflow/.local/lib/python3.7/site-packages/airflow/example_dags/example_task_group.py
[2022-08-22 22:06:24,069] {processor.py:641} INFO - Processing file /home/airflow/.local/lib/python3.7/site-packages/airflow/example_dags/example_task_group.py for tasks to queue
[2022-08-22 22:06:24,069] {logging_mixin.py:115} INFO - [2022-08-22 22:06:24,069] {dagbag.py:508} INFO - Filling up the DagBag from /home/airflow/.local/lib/python3.7/site-packages/airflow/example_dags/example_task_group.py
[2022-08-22 22:06:24,074] {processor.py:651} INFO - DAG(s) dict_keys(['example_task_group']) retrieved from /home/airflow/.local/lib/python3.7/site-packages/airflow/example_dags/example_task_group.py
[2022-08-22 22:06:24,102] {logging_mixin.py:115} INFO - [2022-08-22 22:06:24,102] {dag.py:2420} INFO - Sync 1 DAGs
[2022-08-22 22:06:24,126] {logging_mixin.py:115} INFO - [2022-08-22 22:06:24,126] {dag.py:2972} INFO - Setting next_dagrun for example_task_group to 2022-08-21T22:06:24.126188+00:00, run_after=2022-08-22T22:06:24.126188+00:00
[2022-08-22 22:06:24,140] {processor.py:161} INFO - Processing /home/airflow/.local/lib/python3.7/site-packages/airflow/example_dags/example_task_group.py took 0.075 seconds
[2022-08-22 22:06:54,659] {processor.py:153} INFO - Started process (PID=1594) to work on /home/airflow/.local/lib/python3.7/site-packages/airflow/example_dags/example_task_group.py
[2022-08-22 22:06:54,660] {processor.py:641} INFO - Processing file /home/airflow/.local/lib/python3.7/site-packages/airflow/example_dags/example_task_group.py for tasks to queue
[2022-08-22 22:06:54,660] {logging_mixin.py:115} INFO - [2022-08-22 22:06:54,660] {dagbag.py:508} INFO - Filling up the DagBag from /home/airflow/.local/lib/python3.7/site-packages/airflow/example_dags/example_task_group.py
[2022-08-22 22:06:54,666] {processor.py:651} INFO - DAG(s) dict_keys(['example_task_group']) retrieved from /home/airflow/.local/lib/python3.7/site-packages/airflow/example_dags/example_task_group.py
[2022-08-22 22:06:54,688] {logging_mixin.py:115} INFO - [2022-08-22 22:06:54,688] {dag.py:2420} INFO - Sync 1 DAGs
[2022-08-22 22:06:54,707] {logging_mixin.py:115} INFO - [2022-08-22 22:06:54,707] {dag.py:2972} INFO - Setting next_dagrun for example_task_group to 2022-08-21T22:06:54.707593+00:00, run_after=2022-08-22T22:06:54.707593+00:00
[2022-08-22 22:06:54,717] {processor.py:161} INFO - Processing /home/airflow/.local/lib/python3.7/site-packages/airflow/example_dags/example_task_group.py took 0.061 seconds
[2022-08-22 22:07:25,282] {processor.py:153} INFO - Started process (PID=1655) to work on /home/airflow/.local/lib/python3.7/site-packages/airflow/example_dags/example_task_group.py
[2022-08-22 22:07:25,282] {processor.py:641} INFO - Processing file /home/airflow/.local/lib/python3.7/site-packages/airflow/example_dags/example_task_group.py for tasks to queue
[2022-08-22 22:07:25,282] {logging_mixin.py:115} INFO - [2022-08-22 22:07:25,282] {dagbag.py:508} INFO - Filling up the DagBag from /home/airflow/.local/lib/python3.7/site-packages/airflow/example_dags/example_task_group.py
[2022-08-22 22:07:25,287] {processor.py:651} INFO - DAG(s) dict_keys(['example_task_group']) retrieved from /home/airflow/.local/lib/python3.7/site-packages/airflow/example_dags/example_task_group.py
[2022-08-22 22:07:25,320] {logging_mixin.py:115} INFO - [2022-08-22 22:07:25,320] {dag.py:2420} INFO - Sync 1 DAGs
[2022-08-22 22:07:25,339] {logging_mixin.py:115} INFO - [2022-08-22 22:07:25,339] {dag.py:2972} INFO - Setting next_dagrun for example_task_group to 2022-08-21T22:07:25.338985+00:00, run_after=2022-08-22T22:07:25.338985+00:00
[2022-08-22 22:07:25,348] {processor.py:161} INFO - Processing /home/airflow/.local/lib/python3.7/site-packages/airflow/example_dags/example_task_group.py took 0.069 seconds
[2022-08-22 22:07:56,003] {processor.py:153} INFO - Started process (PID=1716) to work on /home/airflow/.local/lib/python3.7/site-packages/airflow/example_dags/example_task_group.py
[2022-08-22 22:07:56,004] {processor.py:641} INFO - Processing file /home/airflow/.local/lib/python3.7/site-packages/airflow/example_dags/example_task_group.py for tasks to queue
[2022-08-22 22:07:56,004] {logging_mixin.py:115} INFO - [2022-08-22 22:07:56,004] {dagbag.py:508} INFO - Filling up the DagBag from /home/airflow/.local/lib/python3.7/site-packages/airflow/example_dags/example_task_group.py
[2022-08-22 22:07:56,009] {processor.py:651} INFO - DAG(s) dict_keys(['example_task_group']) retrieved from /home/airflow/.local/lib/python3.7/site-packages/airflow/example_dags/example_task_group.py
[2022-08-22 22:07:56,030] {logging_mixin.py:115} INFO - [2022-08-22 22:07:56,030] {dag.py:2420} INFO - Sync 1 DAGs
[2022-08-22 22:07:56,048] {logging_mixin.py:115} INFO - [2022-08-22 22:07:56,048] {dag.py:2972} INFO - Setting next_dagrun for example_task_group to 2022-08-21T22:07:56.048582+00:00, run_after=2022-08-22T22:07:56.048582+00:00
[2022-08-22 22:07:56,058] {processor.py:161} INFO - Processing /home/airflow/.local/lib/python3.7/site-packages/airflow/example_dags/example_task_group.py took 0.057 seconds
[2022-08-22 22:08:26,546] {processor.py:153} INFO - Started process (PID=1768) to work on /home/airflow/.local/lib/python3.7/site-packages/airflow/example_dags/example_task_group.py
[2022-08-22 22:08:26,547] {processor.py:641} INFO - Processing file /home/airflow/.local/lib/python3.7/site-packages/airflow/example_dags/example_task_group.py for tasks to queue
[2022-08-22 22:08:26,548] {logging_mixin.py:115} INFO - [2022-08-22 22:08:26,547] {dagbag.py:508} INFO - Filling up the DagBag from /home/airflow/.local/lib/python3.7/site-packages/airflow/example_dags/example_task_group.py
[2022-08-22 22:08:26,554] {processor.py:651} INFO - DAG(s) dict_keys(['example_task_group']) retrieved from /home/airflow/.local/lib/python3.7/site-packages/airflow/example_dags/example_task_group.py
[2022-08-22 22:08:26,584] {logging_mixin.py:115} INFO - [2022-08-22 22:08:26,584] {dag.py:2420} INFO - Sync 1 DAGs
[2022-08-22 22:08:26,610] {logging_mixin.py:115} INFO - [2022-08-22 22:08:26,610] {dag.py:2972} INFO - Setting next_dagrun for example_task_group to 2022-08-21T22:08:26.610088+00:00, run_after=2022-08-22T22:08:26.610088+00:00
[2022-08-22 22:08:26,622] {processor.py:161} INFO - Processing /home/airflow/.local/lib/python3.7/site-packages/airflow/example_dags/example_task_group.py took 0.080 seconds
[2022-08-22 22:08:57,453] {processor.py:153} INFO - Started process (PID=1829) to work on /home/airflow/.local/lib/python3.7/site-packages/airflow/example_dags/example_task_group.py
[2022-08-22 22:08:57,453] {processor.py:641} INFO - Processing file /home/airflow/.local/lib/python3.7/site-packages/airflow/example_dags/example_task_group.py for tasks to queue
[2022-08-22 22:08:57,453] {logging_mixin.py:115} INFO - [2022-08-22 22:08:57,453] {dagbag.py:508} INFO - Filling up the DagBag from /home/airflow/.local/lib/python3.7/site-packages/airflow/example_dags/example_task_group.py
[2022-08-22 22:08:57,460] {processor.py:651} INFO - DAG(s) dict_keys(['example_task_group']) retrieved from /home/airflow/.local/lib/python3.7/site-packages/airflow/example_dags/example_task_group.py
[2022-08-22 22:08:57,485] {logging_mixin.py:115} INFO - [2022-08-22 22:08:57,485] {dag.py:2420} INFO - Sync 1 DAGs
[2022-08-22 22:08:57,505] {logging_mixin.py:115} INFO - [2022-08-22 22:08:57,505] {dag.py:2972} INFO - Setting next_dagrun for example_task_group to 2022-08-21T22:08:57.505605+00:00, run_after=2022-08-22T22:08:57.505605+00:00
[2022-08-22 22:08:57,515] {processor.py:161} INFO - Processing /home/airflow/.local/lib/python3.7/site-packages/airflow/example_dags/example_task_group.py took 0.065 seconds
[2022-08-22 22:09:28,040] {processor.py:153} INFO - Started process (PID=1890) to work on /home/airflow/.local/lib/python3.7/site-packages/airflow/example_dags/example_task_group.py
[2022-08-22 22:09:28,041] {processor.py:641} INFO - Processing file /home/airflow/.local/lib/python3.7/site-packages/airflow/example_dags/example_task_group.py for tasks to queue
[2022-08-22 22:09:28,041] {logging_mixin.py:115} INFO - [2022-08-22 22:09:28,041] {dagbag.py:508} INFO - Filling up the DagBag from /home/airflow/.local/lib/python3.7/site-packages/airflow/example_dags/example_task_group.py
[2022-08-22 22:09:28,046] {processor.py:651} INFO - DAG(s) dict_keys(['example_task_group']) retrieved from /home/airflow/.local/lib/python3.7/site-packages/airflow/example_dags/example_task_group.py
[2022-08-22 22:09:28,066] {logging_mixin.py:115} INFO - [2022-08-22 22:09:28,066] {dag.py:2420} INFO - Sync 1 DAGs
[2022-08-22 22:09:28,085] {logging_mixin.py:115} INFO - [2022-08-22 22:09:28,085] {dag.py:2972} INFO - Setting next_dagrun for example_task_group to 2022-08-21T22:09:28.085596+00:00, run_after=2022-08-22T22:09:28.085596+00:00
[2022-08-22 22:09:28,095] {processor.py:161} INFO - Processing /home/airflow/.local/lib/python3.7/site-packages/airflow/example_dags/example_task_group.py took 0.057 seconds
[2022-08-22 22:09:58,742] {processor.py:153} INFO - Started process (PID=1951) to work on /home/airflow/.local/lib/python3.7/site-packages/airflow/example_dags/example_task_group.py
[2022-08-22 22:09:58,743] {processor.py:641} INFO - Processing file /home/airflow/.local/lib/python3.7/site-packages/airflow/example_dags/example_task_group.py for tasks to queue
[2022-08-22 22:09:58,743] {logging_mixin.py:115} INFO - [2022-08-22 22:09:58,743] {dagbag.py:508} INFO - Filling up the DagBag from /home/airflow/.local/lib/python3.7/site-packages/airflow/example_dags/example_task_group.py
[2022-08-22 22:09:58,749] {processor.py:651} INFO - DAG(s) dict_keys(['example_task_group']) retrieved from /home/airflow/.local/lib/python3.7/site-packages/airflow/example_dags/example_task_group.py
[2022-08-22 22:09:58,770] {logging_mixin.py:115} INFO - [2022-08-22 22:09:58,770] {dag.py:2420} INFO - Sync 1 DAGs
[2022-08-22 22:09:58,790] {logging_mixin.py:115} INFO - [2022-08-22 22:09:58,790] {dag.py:2972} INFO - Setting next_dagrun for example_task_group to 2022-08-21T22:09:58.790018+00:00, run_after=2022-08-22T22:09:58.790018+00:00
[2022-08-22 22:09:58,802] {processor.py:161} INFO - Processing /home/airflow/.local/lib/python3.7/site-packages/airflow/example_dags/example_task_group.py took 0.062 seconds
[2022-08-22 22:10:29,489] {processor.py:153} INFO - Started process (PID=2003) to work on /home/airflow/.local/lib/python3.7/site-packages/airflow/example_dags/example_task_group.py
[2022-08-22 22:10:29,490] {processor.py:641} INFO - Processing file /home/airflow/.local/lib/python3.7/site-packages/airflow/example_dags/example_task_group.py for tasks to queue
[2022-08-22 22:10:29,491] {logging_mixin.py:115} INFO - [2022-08-22 22:10:29,491] {dagbag.py:508} INFO - Filling up the DagBag from /home/airflow/.local/lib/python3.7/site-packages/airflow/example_dags/example_task_group.py
[2022-08-22 22:10:29,501] {processor.py:651} INFO - DAG(s) dict_keys(['example_task_group']) retrieved from /home/airflow/.local/lib/python3.7/site-packages/airflow/example_dags/example_task_group.py
[2022-08-22 22:10:29,524] {logging_mixin.py:115} INFO - [2022-08-22 22:10:29,524] {dag.py:2420} INFO - Sync 1 DAGs
[2022-08-22 22:10:29,541] {logging_mixin.py:115} INFO - [2022-08-22 22:10:29,541] {dag.py:2972} INFO - Setting next_dagrun for example_task_group to 2022-08-21T22:10:29.540861+00:00, run_after=2022-08-22T22:10:29.540861+00:00
[2022-08-22 22:10:29,550] {processor.py:161} INFO - Processing /home/airflow/.local/lib/python3.7/site-packages/airflow/example_dags/example_task_group.py took 0.065 seconds
[2022-08-22 22:11:00,098] {processor.py:153} INFO - Started process (PID=2064) to work on /home/airflow/.local/lib/python3.7/site-packages/airflow/example_dags/example_task_group.py
[2022-08-22 22:11:00,098] {processor.py:641} INFO - Processing file /home/airflow/.local/lib/python3.7/site-packages/airflow/example_dags/example_task_group.py for tasks to queue
[2022-08-22 22:11:00,099] {logging_mixin.py:115} INFO - [2022-08-22 22:11:00,098] {dagbag.py:508} INFO - Filling up the DagBag from /home/airflow/.local/lib/python3.7/site-packages/airflow/example_dags/example_task_group.py
[2022-08-22 22:11:00,104] {processor.py:651} INFO - DAG(s) dict_keys(['example_task_group']) retrieved from /home/airflow/.local/lib/python3.7/site-packages/airflow/example_dags/example_task_group.py
[2022-08-22 22:11:00,124] {logging_mixin.py:115} INFO - [2022-08-22 22:11:00,124] {dag.py:2420} INFO - Sync 1 DAGs
[2022-08-22 22:11:00,142] {logging_mixin.py:115} INFO - [2022-08-22 22:11:00,141] {dag.py:2972} INFO - Setting next_dagrun for example_task_group to 2022-08-21T22:11:00.141785+00:00, run_after=2022-08-22T22:11:00.141785+00:00
[2022-08-22 22:11:00,152] {processor.py:161} INFO - Processing /home/airflow/.local/lib/python3.7/site-packages/airflow/example_dags/example_task_group.py took 0.056 seconds
[2022-08-22 22:11:30,682] {processor.py:153} INFO - Started process (PID=2124) to work on /home/airflow/.local/lib/python3.7/site-packages/airflow/example_dags/example_task_group.py
[2022-08-22 22:11:30,683] {processor.py:641} INFO - Processing file /home/airflow/.local/lib/python3.7/site-packages/airflow/example_dags/example_task_group.py for tasks to queue
[2022-08-22 22:11:30,683] {logging_mixin.py:115} INFO - [2022-08-22 22:11:30,683] {dagbag.py:508} INFO - Filling up the DagBag from /home/airflow/.local/lib/python3.7/site-packages/airflow/example_dags/example_task_group.py
[2022-08-22 22:11:30,694] {processor.py:651} INFO - DAG(s) dict_keys(['example_task_group']) retrieved from /home/airflow/.local/lib/python3.7/site-packages/airflow/example_dags/example_task_group.py
[2022-08-22 22:11:30,716] {logging_mixin.py:115} INFO - [2022-08-22 22:11:30,716] {dag.py:2420} INFO - Sync 1 DAGs
[2022-08-22 22:11:30,733] {logging_mixin.py:115} INFO - [2022-08-22 22:11:30,733] {dag.py:2972} INFO - Setting next_dagrun for example_task_group to 2022-08-21T22:11:30.733338+00:00, run_after=2022-08-22T22:11:30.733338+00:00
[2022-08-22 22:11:30,746] {processor.py:161} INFO - Processing /home/airflow/.local/lib/python3.7/site-packages/airflow/example_dags/example_task_group.py took 0.068 seconds
[2022-08-22 22:12:01,221] {processor.py:153} INFO - Started process (PID=2185) to work on /home/airflow/.local/lib/python3.7/site-packages/airflow/example_dags/example_task_group.py
[2022-08-22 22:12:01,222] {processor.py:641} INFO - Processing file /home/airflow/.local/lib/python3.7/site-packages/airflow/example_dags/example_task_group.py for tasks to queue
[2022-08-22 22:12:01,222] {logging_mixin.py:115} INFO - [2022-08-22 22:12:01,222] {dagbag.py:508} INFO - Filling up the DagBag from /home/airflow/.local/lib/python3.7/site-packages/airflow/example_dags/example_task_group.py
[2022-08-22 22:12:01,227] {processor.py:651} INFO - DAG(s) dict_keys(['example_task_group']) retrieved from /home/airflow/.local/lib/python3.7/site-packages/airflow/example_dags/example_task_group.py
[2022-08-22 22:12:01,247] {logging_mixin.py:115} INFO - [2022-08-22 22:12:01,247] {dag.py:2420} INFO - Sync 1 DAGs
[2022-08-22 22:12:01,266] {logging_mixin.py:115} INFO - [2022-08-22 22:12:01,266] {dag.py:2972} INFO - Setting next_dagrun for example_task_group to 2022-08-21T22:12:01.266383+00:00, run_after=2022-08-22T22:12:01.266383+00:00
[2022-08-22 22:12:01,277] {processor.py:161} INFO - Processing /home/airflow/.local/lib/python3.7/site-packages/airflow/example_dags/example_task_group.py took 0.058 seconds
[2022-08-22 22:12:31,760] {processor.py:153} INFO - Started process (PID=2237) to work on /home/airflow/.local/lib/python3.7/site-packages/airflow/example_dags/example_task_group.py
[2022-08-22 22:12:31,760] {processor.py:641} INFO - Processing file /home/airflow/.local/lib/python3.7/site-packages/airflow/example_dags/example_task_group.py for tasks to queue
[2022-08-22 22:12:31,760] {logging_mixin.py:115} INFO - [2022-08-22 22:12:31,760] {dagbag.py:508} INFO - Filling up the DagBag from /home/airflow/.local/lib/python3.7/site-packages/airflow/example_dags/example_task_group.py
[2022-08-22 22:12:31,766] {processor.py:651} INFO - DAG(s) dict_keys(['example_task_group']) retrieved from /home/airflow/.local/lib/python3.7/site-packages/airflow/example_dags/example_task_group.py
[2022-08-22 22:12:31,788] {logging_mixin.py:115} INFO - [2022-08-22 22:12:31,788] {dag.py:2420} INFO - Sync 1 DAGs
[2022-08-22 22:12:31,808] {logging_mixin.py:115} INFO - [2022-08-22 22:12:31,808] {dag.py:2972} INFO - Setting next_dagrun for example_task_group to 2022-08-21T22:12:31.807825+00:00, run_after=2022-08-22T22:12:31.807825+00:00
[2022-08-22 22:12:31,818] {processor.py:161} INFO - Processing /home/airflow/.local/lib/python3.7/site-packages/airflow/example_dags/example_task_group.py took 0.061 seconds
[2022-08-22 22:13:02,395] {processor.py:153} INFO - Started process (PID=2298) to work on /home/airflow/.local/lib/python3.7/site-packages/airflow/example_dags/example_task_group.py
[2022-08-22 22:13:02,396] {processor.py:641} INFO - Processing file /home/airflow/.local/lib/python3.7/site-packages/airflow/example_dags/example_task_group.py for tasks to queue
[2022-08-22 22:13:02,396] {logging_mixin.py:115} INFO - [2022-08-22 22:13:02,396] {dagbag.py:508} INFO - Filling up the DagBag from /home/airflow/.local/lib/python3.7/site-packages/airflow/example_dags/example_task_group.py
[2022-08-22 22:13:02,401] {processor.py:651} INFO - DAG(s) dict_keys(['example_task_group']) retrieved from /home/airflow/.local/lib/python3.7/site-packages/airflow/example_dags/example_task_group.py
[2022-08-22 22:13:02,420] {logging_mixin.py:115} INFO - [2022-08-22 22:13:02,420] {dag.py:2420} INFO - Sync 1 DAGs
[2022-08-22 22:13:02,439] {logging_mixin.py:115} INFO - [2022-08-22 22:13:02,439] {dag.py:2972} INFO - Setting next_dagrun for example_task_group to 2022-08-21T22:13:02.438815+00:00, run_after=2022-08-22T22:13:02.438815+00:00
[2022-08-22 22:13:02,449] {processor.py:161} INFO - Processing /home/airflow/.local/lib/python3.7/site-packages/airflow/example_dags/example_task_group.py took 0.056 seconds
[2022-08-22 22:13:33,044] {processor.py:153} INFO - Started process (PID=2359) to work on /home/airflow/.local/lib/python3.7/site-packages/airflow/example_dags/example_task_group.py
[2022-08-22 22:13:33,045] {processor.py:641} INFO - Processing file /home/airflow/.local/lib/python3.7/site-packages/airflow/example_dags/example_task_group.py for tasks to queue
[2022-08-22 22:13:33,046] {logging_mixin.py:115} INFO - [2022-08-22 22:13:33,045] {dagbag.py:508} INFO - Filling up the DagBag from /home/airflow/.local/lib/python3.7/site-packages/airflow/example_dags/example_task_group.py
[2022-08-22 22:13:33,055] {processor.py:651} INFO - DAG(s) dict_keys(['example_task_group']) retrieved from /home/airflow/.local/lib/python3.7/site-packages/airflow/example_dags/example_task_group.py
[2022-08-22 22:13:33,079] {logging_mixin.py:115} INFO - [2022-08-22 22:13:33,079] {dag.py:2420} INFO - Sync 1 DAGs
[2022-08-22 22:13:33,099] {logging_mixin.py:115} INFO - [2022-08-22 22:13:33,099] {dag.py:2972} INFO - Setting next_dagrun for example_task_group to 2022-08-21T22:13:33.099533+00:00, run_after=2022-08-22T22:13:33.099533+00:00
[2022-08-22 22:13:33,109] {processor.py:161} INFO - Processing /home/airflow/.local/lib/python3.7/site-packages/airflow/example_dags/example_task_group.py took 0.069 seconds
[2022-08-22 22:14:03,712] {processor.py:153} INFO - Started process (PID=2420) to work on /home/airflow/.local/lib/python3.7/site-packages/airflow/example_dags/example_task_group.py
[2022-08-22 22:14:03,712] {processor.py:641} INFO - Processing file /home/airflow/.local/lib/python3.7/site-packages/airflow/example_dags/example_task_group.py for tasks to queue
[2022-08-22 22:14:03,712] {logging_mixin.py:115} INFO - [2022-08-22 22:14:03,712] {dagbag.py:508} INFO - Filling up the DagBag from /home/airflow/.local/lib/python3.7/site-packages/airflow/example_dags/example_task_group.py
[2022-08-22 22:14:03,718] {processor.py:651} INFO - DAG(s) dict_keys(['example_task_group']) retrieved from /home/airflow/.local/lib/python3.7/site-packages/airflow/example_dags/example_task_group.py
[2022-08-22 22:14:03,742] {logging_mixin.py:115} INFO - [2022-08-22 22:14:03,742] {dag.py:2420} INFO - Sync 1 DAGs
[2022-08-22 22:14:03,765] {logging_mixin.py:115} INFO - [2022-08-22 22:14:03,765] {dag.py:2972} INFO - Setting next_dagrun for example_task_group to 2022-08-21T22:14:03.764986+00:00, run_after=2022-08-22T22:14:03.764986+00:00
[2022-08-22 22:14:03,777] {processor.py:161} INFO - Processing /home/airflow/.local/lib/python3.7/site-packages/airflow/example_dags/example_task_group.py took 0.068 seconds
[2022-08-22 22:14:34,323] {processor.py:153} INFO - Started process (PID=2472) to work on /home/airflow/.local/lib/python3.7/site-packages/airflow/example_dags/example_task_group.py
[2022-08-22 22:14:34,323] {processor.py:641} INFO - Processing file /home/airflow/.local/lib/python3.7/site-packages/airflow/example_dags/example_task_group.py for tasks to queue
[2022-08-22 22:14:34,324] {logging_mixin.py:115} INFO - [2022-08-22 22:14:34,324] {dagbag.py:508} INFO - Filling up the DagBag from /home/airflow/.local/lib/python3.7/site-packages/airflow/example_dags/example_task_group.py
[2022-08-22 22:14:34,328] {processor.py:651} INFO - DAG(s) dict_keys(['example_task_group']) retrieved from /home/airflow/.local/lib/python3.7/site-packages/airflow/example_dags/example_task_group.py
[2022-08-22 22:14:34,360] {logging_mixin.py:115} INFO - [2022-08-22 22:14:34,360] {dag.py:2420} INFO - Sync 1 DAGs
[2022-08-22 22:14:34,381] {logging_mixin.py:115} INFO - [2022-08-22 22:14:34,381] {dag.py:2972} INFO - Setting next_dagrun for example_task_group to 2022-08-21T22:14:34.380926+00:00, run_after=2022-08-22T22:14:34.380926+00:00
[2022-08-22 22:14:34,391] {processor.py:161} INFO - Processing /home/airflow/.local/lib/python3.7/site-packages/airflow/example_dags/example_task_group.py took 0.071 seconds
[2022-08-22 22:15:04,873] {processor.py:153} INFO - Started process (PID=2533) to work on /home/airflow/.local/lib/python3.7/site-packages/airflow/example_dags/example_task_group.py
[2022-08-22 22:15:04,874] {processor.py:641} INFO - Processing file /home/airflow/.local/lib/python3.7/site-packages/airflow/example_dags/example_task_group.py for tasks to queue
[2022-08-22 22:15:04,874] {logging_mixin.py:115} INFO - [2022-08-22 22:15:04,874] {dagbag.py:508} INFO - Filling up the DagBag from /home/airflow/.local/lib/python3.7/site-packages/airflow/example_dags/example_task_group.py
[2022-08-22 22:15:04,880] {processor.py:651} INFO - DAG(s) dict_keys(['example_task_group']) retrieved from /home/airflow/.local/lib/python3.7/site-packages/airflow/example_dags/example_task_group.py
[2022-08-22 22:15:04,902] {logging_mixin.py:115} INFO - [2022-08-22 22:15:04,902] {dag.py:2420} INFO - Sync 1 DAGs
[2022-08-22 22:15:04,920] {logging_mixin.py:115} INFO - [2022-08-22 22:15:04,920] {dag.py:2972} INFO - Setting next_dagrun for example_task_group to 2022-08-21T22:15:04.920298+00:00, run_after=2022-08-22T22:15:04.920298+00:00
[2022-08-22 22:15:04,929] {processor.py:161} INFO - Processing /home/airflow/.local/lib/python3.7/site-packages/airflow/example_dags/example_task_group.py took 0.058 seconds
[2022-08-22 22:15:35,598] {processor.py:153} INFO - Started process (PID=2594) to work on /home/airflow/.local/lib/python3.7/site-packages/airflow/example_dags/example_task_group.py
[2022-08-22 22:15:35,598] {processor.py:641} INFO - Processing file /home/airflow/.local/lib/python3.7/site-packages/airflow/example_dags/example_task_group.py for tasks to queue
[2022-08-22 22:15:35,598] {logging_mixin.py:115} INFO - [2022-08-22 22:15:35,598] {dagbag.py:508} INFO - Filling up the DagBag from /home/airflow/.local/lib/python3.7/site-packages/airflow/example_dags/example_task_group.py
[2022-08-22 22:15:35,604] {processor.py:651} INFO - DAG(s) dict_keys(['example_task_group']) retrieved from /home/airflow/.local/lib/python3.7/site-packages/airflow/example_dags/example_task_group.py
[2022-08-22 22:15:35,625] {logging_mixin.py:115} INFO - [2022-08-22 22:15:35,625] {dag.py:2420} INFO - Sync 1 DAGs
[2022-08-22 22:15:35,643] {logging_mixin.py:115} INFO - [2022-08-22 22:15:35,643] {dag.py:2972} INFO - Setting next_dagrun for example_task_group to 2022-08-21T22:15:35.643489+00:00, run_after=2022-08-22T22:15:35.643489+00:00
[2022-08-22 22:15:35,653] {processor.py:161} INFO - Processing /home/airflow/.local/lib/python3.7/site-packages/airflow/example_dags/example_task_group.py took 0.058 seconds
[2022-08-22 22:16:06,152] {processor.py:153} INFO - Started process (PID=2646) to work on /home/airflow/.local/lib/python3.7/site-packages/airflow/example_dags/example_task_group.py
[2022-08-22 22:16:06,152] {processor.py:641} INFO - Processing file /home/airflow/.local/lib/python3.7/site-packages/airflow/example_dags/example_task_group.py for tasks to queue
[2022-08-22 22:16:06,152] {logging_mixin.py:115} INFO - [2022-08-22 22:16:06,152] {dagbag.py:508} INFO - Filling up the DagBag from /home/airflow/.local/lib/python3.7/site-packages/airflow/example_dags/example_task_group.py
[2022-08-22 22:16:06,158] {processor.py:651} INFO - DAG(s) dict_keys(['example_task_group']) retrieved from /home/airflow/.local/lib/python3.7/site-packages/airflow/example_dags/example_task_group.py
[2022-08-22 22:16:06,178] {logging_mixin.py:115} INFO - [2022-08-22 22:16:06,178] {dag.py:2420} INFO - Sync 1 DAGs
[2022-08-22 22:16:06,198] {logging_mixin.py:115} INFO - [2022-08-22 22:16:06,197] {dag.py:2972} INFO - Setting next_dagrun for example_task_group to 2022-08-21T22:16:06.197678+00:00, run_after=2022-08-22T22:16:06.197678+00:00
[2022-08-22 22:16:06,207] {processor.py:161} INFO - Processing /home/airflow/.local/lib/python3.7/site-packages/airflow/example_dags/example_task_group.py took 0.058 seconds
[2022-08-22 22:16:36,935] {processor.py:153} INFO - Started process (PID=2707) to work on /home/airflow/.local/lib/python3.7/site-packages/airflow/example_dags/example_task_group.py
[2022-08-22 22:16:36,936] {processor.py:641} INFO - Processing file /home/airflow/.local/lib/python3.7/site-packages/airflow/example_dags/example_task_group.py for tasks to queue
[2022-08-22 22:16:36,936] {logging_mixin.py:115} INFO - [2022-08-22 22:16:36,936] {dagbag.py:508} INFO - Filling up the DagBag from /home/airflow/.local/lib/python3.7/site-packages/airflow/example_dags/example_task_group.py
[2022-08-22 22:16:36,942] {processor.py:651} INFO - DAG(s) dict_keys(['example_task_group']) retrieved from /home/airflow/.local/lib/python3.7/site-packages/airflow/example_dags/example_task_group.py
[2022-08-22 22:16:36,972] {logging_mixin.py:115} INFO - [2022-08-22 22:16:36,971] {dag.py:2420} INFO - Sync 1 DAGs
[2022-08-22 22:16:36,999] {logging_mixin.py:115} INFO - [2022-08-22 22:16:36,999] {dag.py:2972} INFO - Setting next_dagrun for example_task_group to 2022-08-21T22:16:36.999193+00:00, run_after=2022-08-22T22:16:36.999193+00:00
[2022-08-22 22:16:37,013] {processor.py:161} INFO - Processing /home/airflow/.local/lib/python3.7/site-packages/airflow/example_dags/example_task_group.py took 0.081 seconds
[2022-08-22 22:17:07,497] {processor.py:153} INFO - Started process (PID=2768) to work on /home/airflow/.local/lib/python3.7/site-packages/airflow/example_dags/example_task_group.py
[2022-08-22 22:17:07,497] {processor.py:641} INFO - Processing file /home/airflow/.local/lib/python3.7/site-packages/airflow/example_dags/example_task_group.py for tasks to queue
[2022-08-22 22:17:07,498] {logging_mixin.py:115} INFO - [2022-08-22 22:17:07,498] {dagbag.py:508} INFO - Filling up the DagBag from /home/airflow/.local/lib/python3.7/site-packages/airflow/example_dags/example_task_group.py
[2022-08-22 22:17:07,503] {processor.py:651} INFO - DAG(s) dict_keys(['example_task_group']) retrieved from /home/airflow/.local/lib/python3.7/site-packages/airflow/example_dags/example_task_group.py
[2022-08-22 22:17:07,526] {logging_mixin.py:115} INFO - [2022-08-22 22:17:07,526] {dag.py:2420} INFO - Sync 1 DAGs
[2022-08-22 22:17:07,545] {logging_mixin.py:115} INFO - [2022-08-22 22:17:07,545] {dag.py:2972} INFO - Setting next_dagrun for example_task_group to 2022-08-21T22:17:07.544999+00:00, run_after=2022-08-22T22:17:07.544999+00:00
[2022-08-22 22:17:07,555] {processor.py:161} INFO - Processing /home/airflow/.local/lib/python3.7/site-packages/airflow/example_dags/example_task_group.py took 0.060 seconds
[2022-08-22 22:17:38,025] {processor.py:153} INFO - Started process (PID=2829) to work on /home/airflow/.local/lib/python3.7/site-packages/airflow/example_dags/example_task_group.py
[2022-08-22 22:17:38,025] {processor.py:641} INFO - Processing file /home/airflow/.local/lib/python3.7/site-packages/airflow/example_dags/example_task_group.py for tasks to queue
[2022-08-22 22:17:38,025] {logging_mixin.py:115} INFO - [2022-08-22 22:17:38,025] {dagbag.py:508} INFO - Filling up the DagBag from /home/airflow/.local/lib/python3.7/site-packages/airflow/example_dags/example_task_group.py
[2022-08-22 22:17:38,030] {processor.py:651} INFO - DAG(s) dict_keys(['example_task_group']) retrieved from /home/airflow/.local/lib/python3.7/site-packages/airflow/example_dags/example_task_group.py
[2022-08-22 22:17:38,052] {logging_mixin.py:115} INFO - [2022-08-22 22:17:38,051] {dag.py:2420} INFO - Sync 1 DAGs
[2022-08-22 22:17:38,071] {logging_mixin.py:115} INFO - [2022-08-22 22:17:38,070] {dag.py:2972} INFO - Setting next_dagrun for example_task_group to 2022-08-21T22:17:38.070692+00:00, run_after=2022-08-22T22:17:38.070692+00:00
[2022-08-22 22:17:38,081] {processor.py:161} INFO - Processing /home/airflow/.local/lib/python3.7/site-packages/airflow/example_dags/example_task_group.py took 0.059 seconds
[2022-08-22 22:18:08,585] {processor.py:153} INFO - Started process (PID=2881) to work on /home/airflow/.local/lib/python3.7/site-packages/airflow/example_dags/example_task_group.py
[2022-08-22 22:18:08,586] {processor.py:641} INFO - Processing file /home/airflow/.local/lib/python3.7/site-packages/airflow/example_dags/example_task_group.py for tasks to queue
[2022-08-22 22:18:08,586] {logging_mixin.py:115} INFO - [2022-08-22 22:18:08,586] {dagbag.py:508} INFO - Filling up the DagBag from /home/airflow/.local/lib/python3.7/site-packages/airflow/example_dags/example_task_group.py
[2022-08-22 22:18:08,592] {processor.py:651} INFO - DAG(s) dict_keys(['example_task_group']) retrieved from /home/airflow/.local/lib/python3.7/site-packages/airflow/example_dags/example_task_group.py
[2022-08-22 22:18:08,613] {logging_mixin.py:115} INFO - [2022-08-22 22:18:08,613] {dag.py:2420} INFO - Sync 1 DAGs
[2022-08-22 22:18:08,632] {logging_mixin.py:115} INFO - [2022-08-22 22:18:08,632] {dag.py:2972} INFO - Setting next_dagrun for example_task_group to 2022-08-21T22:18:08.632084+00:00, run_after=2022-08-22T22:18:08.632084+00:00
[2022-08-22 22:18:08,642] {processor.py:161} INFO - Processing /home/airflow/.local/lib/python3.7/site-packages/airflow/example_dags/example_task_group.py took 0.060 seconds
[2022-08-22 22:18:39,299] {processor.py:153} INFO - Started process (PID=2942) to work on /home/airflow/.local/lib/python3.7/site-packages/airflow/example_dags/example_task_group.py
[2022-08-22 22:18:39,299] {processor.py:641} INFO - Processing file /home/airflow/.local/lib/python3.7/site-packages/airflow/example_dags/example_task_group.py for tasks to queue
[2022-08-22 22:18:39,299] {logging_mixin.py:115} INFO - [2022-08-22 22:18:39,299] {dagbag.py:508} INFO - Filling up the DagBag from /home/airflow/.local/lib/python3.7/site-packages/airflow/example_dags/example_task_group.py
[2022-08-22 22:18:39,305] {processor.py:651} INFO - DAG(s) dict_keys(['example_task_group']) retrieved from /home/airflow/.local/lib/python3.7/site-packages/airflow/example_dags/example_task_group.py
[2022-08-22 22:18:39,327] {logging_mixin.py:115} INFO - [2022-08-22 22:18:39,327] {dag.py:2420} INFO - Sync 1 DAGs
[2022-08-22 22:18:39,347] {logging_mixin.py:115} INFO - [2022-08-22 22:18:39,347] {dag.py:2972} INFO - Setting next_dagrun for example_task_group to 2022-08-21T22:18:39.347292+00:00, run_after=2022-08-22T22:18:39.347292+00:00
[2022-08-22 22:18:39,357] {processor.py:161} INFO - Processing /home/airflow/.local/lib/python3.7/site-packages/airflow/example_dags/example_task_group.py took 0.061 seconds
[2022-08-22 22:19:10,024] {processor.py:153} INFO - Started process (PID=3004) to work on /home/airflow/.local/lib/python3.7/site-packages/airflow/example_dags/example_task_group.py
[2022-08-22 22:19:10,024] {processor.py:641} INFO - Processing file /home/airflow/.local/lib/python3.7/site-packages/airflow/example_dags/example_task_group.py for tasks to queue
[2022-08-22 22:19:10,024] {logging_mixin.py:115} INFO - [2022-08-22 22:19:10,024] {dagbag.py:508} INFO - Filling up the DagBag from /home/airflow/.local/lib/python3.7/site-packages/airflow/example_dags/example_task_group.py
[2022-08-22 22:19:10,029] {processor.py:651} INFO - DAG(s) dict_keys(['example_task_group']) retrieved from /home/airflow/.local/lib/python3.7/site-packages/airflow/example_dags/example_task_group.py
[2022-08-22 22:19:10,048] {logging_mixin.py:115} INFO - [2022-08-22 22:19:10,048] {dag.py:2420} INFO - Sync 1 DAGs
[2022-08-22 22:19:10,066] {logging_mixin.py:115} INFO - [2022-08-22 22:19:10,066] {dag.py:2972} INFO - Setting next_dagrun for example_task_group to 2022-08-21T22:19:10.066611+00:00, run_after=2022-08-22T22:19:10.066611+00:00
[2022-08-22 22:19:10,075] {processor.py:161} INFO - Processing /home/airflow/.local/lib/python3.7/site-packages/airflow/example_dags/example_task_group.py took 0.054 seconds
[2022-08-22 22:19:40,713] {processor.py:153} INFO - Started process (PID=3065) to work on /home/airflow/.local/lib/python3.7/site-packages/airflow/example_dags/example_task_group.py
[2022-08-22 22:19:40,714] {processor.py:641} INFO - Processing file /home/airflow/.local/lib/python3.7/site-packages/airflow/example_dags/example_task_group.py for tasks to queue
[2022-08-22 22:19:40,714] {logging_mixin.py:115} INFO - [2022-08-22 22:19:40,714] {dagbag.py:508} INFO - Filling up the DagBag from /home/airflow/.local/lib/python3.7/site-packages/airflow/example_dags/example_task_group.py
[2022-08-22 22:19:40,720] {processor.py:651} INFO - DAG(s) dict_keys(['example_task_group']) retrieved from /home/airflow/.local/lib/python3.7/site-packages/airflow/example_dags/example_task_group.py
[2022-08-22 22:19:40,753] {logging_mixin.py:115} INFO - [2022-08-22 22:19:40,753] {dag.py:2420} INFO - Sync 1 DAGs
[2022-08-22 22:19:40,772] {logging_mixin.py:115} INFO - [2022-08-22 22:19:40,772] {dag.py:2972} INFO - Setting next_dagrun for example_task_group to 2022-08-21T22:19:40.771808+00:00, run_after=2022-08-22T22:19:40.771808+00:00
[2022-08-22 22:19:40,781] {processor.py:161} INFO - Processing /home/airflow/.local/lib/python3.7/site-packages/airflow/example_dags/example_task_group.py took 0.070 seconds
[2022-08-22 22:20:11,450] {processor.py:153} INFO - Started process (PID=3117) to work on /home/airflow/.local/lib/python3.7/site-packages/airflow/example_dags/example_task_group.py
[2022-08-22 22:20:11,450] {processor.py:641} INFO - Processing file /home/airflow/.local/lib/python3.7/site-packages/airflow/example_dags/example_task_group.py for tasks to queue
[2022-08-22 22:20:11,451] {logging_mixin.py:115} INFO - [2022-08-22 22:20:11,451] {dagbag.py:508} INFO - Filling up the DagBag from /home/airflow/.local/lib/python3.7/site-packages/airflow/example_dags/example_task_group.py
[2022-08-22 22:20:11,458] {processor.py:651} INFO - DAG(s) dict_keys(['example_task_group']) retrieved from /home/airflow/.local/lib/python3.7/site-packages/airflow/example_dags/example_task_group.py
[2022-08-22 22:20:11,485] {logging_mixin.py:115} INFO - [2022-08-22 22:20:11,485] {dag.py:2420} INFO - Sync 1 DAGs
[2022-08-22 22:20:11,508] {logging_mixin.py:115} INFO - [2022-08-22 22:20:11,508] {dag.py:2972} INFO - Setting next_dagrun for example_task_group to 2022-08-21T22:20:11.507988+00:00, run_after=2022-08-22T22:20:11.507988+00:00
[2022-08-22 22:20:11,521] {processor.py:161} INFO - Processing /home/airflow/.local/lib/python3.7/site-packages/airflow/example_dags/example_task_group.py took 0.075 seconds
[2022-08-22 22:20:42,067] {processor.py:153} INFO - Started process (PID=3178) to work on /home/airflow/.local/lib/python3.7/site-packages/airflow/example_dags/example_task_group.py
[2022-08-22 22:20:42,067] {processor.py:641} INFO - Processing file /home/airflow/.local/lib/python3.7/site-packages/airflow/example_dags/example_task_group.py for tasks to queue
[2022-08-22 22:20:42,068] {logging_mixin.py:115} INFO - [2022-08-22 22:20:42,067] {dagbag.py:508} INFO - Filling up the DagBag from /home/airflow/.local/lib/python3.7/site-packages/airflow/example_dags/example_task_group.py
[2022-08-22 22:20:42,073] {processor.py:651} INFO - DAG(s) dict_keys(['example_task_group']) retrieved from /home/airflow/.local/lib/python3.7/site-packages/airflow/example_dags/example_task_group.py
[2022-08-22 22:20:42,095] {logging_mixin.py:115} INFO - [2022-08-22 22:20:42,094] {dag.py:2420} INFO - Sync 1 DAGs
[2022-08-22 22:20:42,114] {logging_mixin.py:115} INFO - [2022-08-22 22:20:42,114] {dag.py:2972} INFO - Setting next_dagrun for example_task_group to 2022-08-21T22:20:42.113989+00:00, run_after=2022-08-22T22:20:42.113989+00:00
[2022-08-22 22:20:42,124] {processor.py:161} INFO - Processing /home/airflow/.local/lib/python3.7/site-packages/airflow/example_dags/example_task_group.py took 0.059 seconds
[2022-08-22 22:21:12,604] {processor.py:153} INFO - Started process (PID=3239) to work on /home/airflow/.local/lib/python3.7/site-packages/airflow/example_dags/example_task_group.py
[2022-08-22 22:21:12,604] {processor.py:641} INFO - Processing file /home/airflow/.local/lib/python3.7/site-packages/airflow/example_dags/example_task_group.py for tasks to queue
[2022-08-22 22:21:12,605] {logging_mixin.py:115} INFO - [2022-08-22 22:21:12,605] {dagbag.py:508} INFO - Filling up the DagBag from /home/airflow/.local/lib/python3.7/site-packages/airflow/example_dags/example_task_group.py
[2022-08-22 22:21:12,610] {processor.py:651} INFO - DAG(s) dict_keys(['example_task_group']) retrieved from /home/airflow/.local/lib/python3.7/site-packages/airflow/example_dags/example_task_group.py
[2022-08-22 22:21:12,633] {logging_mixin.py:115} INFO - [2022-08-22 22:21:12,633] {dag.py:2420} INFO - Sync 1 DAGs
[2022-08-22 22:21:12,651] {logging_mixin.py:115} INFO - [2022-08-22 22:21:12,651] {dag.py:2972} INFO - Setting next_dagrun for example_task_group to 2022-08-21T22:21:12.651390+00:00, run_after=2022-08-22T22:21:12.651390+00:00
[2022-08-22 22:21:12,661] {processor.py:161} INFO - Processing /home/airflow/.local/lib/python3.7/site-packages/airflow/example_dags/example_task_group.py took 0.059 seconds
[2022-08-22 22:21:43,294] {processor.py:153} INFO - Started process (PID=3300) to work on /home/airflow/.local/lib/python3.7/site-packages/airflow/example_dags/example_task_group.py
[2022-08-22 22:21:43,295] {processor.py:641} INFO - Processing file /home/airflow/.local/lib/python3.7/site-packages/airflow/example_dags/example_task_group.py for tasks to queue
[2022-08-22 22:21:43,295] {logging_mixin.py:115} INFO - [2022-08-22 22:21:43,295] {dagbag.py:508} INFO - Filling up the DagBag from /home/airflow/.local/lib/python3.7/site-packages/airflow/example_dags/example_task_group.py
[2022-08-22 22:21:43,302] {processor.py:651} INFO - DAG(s) dict_keys(['example_task_group']) retrieved from /home/airflow/.local/lib/python3.7/site-packages/airflow/example_dags/example_task_group.py
[2022-08-22 22:21:43,328] {logging_mixin.py:115} INFO - [2022-08-22 22:21:43,327] {dag.py:2420} INFO - Sync 1 DAGs
[2022-08-22 22:21:43,348] {logging_mixin.py:115} INFO - [2022-08-22 22:21:43,348] {dag.py:2972} INFO - Setting next_dagrun for example_task_group to 2022-08-21T22:21:43.348319+00:00, run_after=2022-08-22T22:21:43.348319+00:00
[2022-08-22 22:21:43,360] {processor.py:161} INFO - Processing /home/airflow/.local/lib/python3.7/site-packages/airflow/example_dags/example_task_group.py took 0.069 seconds
[2022-08-22 22:22:13,939] {processor.py:153} INFO - Started process (PID=3352) to work on /home/airflow/.local/lib/python3.7/site-packages/airflow/example_dags/example_task_group.py
[2022-08-22 22:22:13,940] {processor.py:641} INFO - Processing file /home/airflow/.local/lib/python3.7/site-packages/airflow/example_dags/example_task_group.py for tasks to queue
[2022-08-22 22:22:13,940] {logging_mixin.py:115} INFO - [2022-08-22 22:22:13,940] {dagbag.py:508} INFO - Filling up the DagBag from /home/airflow/.local/lib/python3.7/site-packages/airflow/example_dags/example_task_group.py
[2022-08-22 22:22:13,945] {processor.py:651} INFO - DAG(s) dict_keys(['example_task_group']) retrieved from /home/airflow/.local/lib/python3.7/site-packages/airflow/example_dags/example_task_group.py
[2022-08-22 22:22:13,965] {logging_mixin.py:115} INFO - [2022-08-22 22:22:13,965] {dag.py:2420} INFO - Sync 1 DAGs
[2022-08-22 22:22:13,984] {logging_mixin.py:115} INFO - [2022-08-22 22:22:13,984] {dag.py:2972} INFO - Setting next_dagrun for example_task_group to 2022-08-21T22:22:13.984487+00:00, run_after=2022-08-22T22:22:13.984487+00:00
[2022-08-22 22:22:13,994] {processor.py:161} INFO - Processing /home/airflow/.local/lib/python3.7/site-packages/airflow/example_dags/example_task_group.py took 0.057 seconds
[2022-08-22 22:22:44,596] {processor.py:153} INFO - Started process (PID=3413) to work on /home/airflow/.local/lib/python3.7/site-packages/airflow/example_dags/example_task_group.py
[2022-08-22 22:22:44,597] {processor.py:641} INFO - Processing file /home/airflow/.local/lib/python3.7/site-packages/airflow/example_dags/example_task_group.py for tasks to queue
[2022-08-22 22:22:44,598] {logging_mixin.py:115} INFO - [2022-08-22 22:22:44,597] {dagbag.py:508} INFO - Filling up the DagBag from /home/airflow/.local/lib/python3.7/site-packages/airflow/example_dags/example_task_group.py
[2022-08-22 22:22:44,608] {processor.py:651} INFO - DAG(s) dict_keys(['example_task_group']) retrieved from /home/airflow/.local/lib/python3.7/site-packages/airflow/example_dags/example_task_group.py
[2022-08-22 22:22:44,631] {logging_mixin.py:115} INFO - [2022-08-22 22:22:44,631] {dag.py:2420} INFO - Sync 1 DAGs
[2022-08-22 22:22:44,649] {logging_mixin.py:115} INFO - [2022-08-22 22:22:44,649] {dag.py:2972} INFO - Setting next_dagrun for example_task_group to 2022-08-21T22:22:44.649377+00:00, run_after=2022-08-22T22:22:44.649377+00:00
[2022-08-22 22:22:44,659] {processor.py:161} INFO - Processing /home/airflow/.local/lib/python3.7/site-packages/airflow/example_dags/example_task_group.py took 0.067 seconds
[2022-08-22 22:23:15,233] {processor.py:153} INFO - Started process (PID=3474) to work on /home/airflow/.local/lib/python3.7/site-packages/airflow/example_dags/example_task_group.py
[2022-08-22 22:23:15,234] {processor.py:641} INFO - Processing file /home/airflow/.local/lib/python3.7/site-packages/airflow/example_dags/example_task_group.py for tasks to queue
[2022-08-22 22:23:15,234] {logging_mixin.py:115} INFO - [2022-08-22 22:23:15,234] {dagbag.py:508} INFO - Filling up the DagBag from /home/airflow/.local/lib/python3.7/site-packages/airflow/example_dags/example_task_group.py
[2022-08-22 22:23:15,240] {processor.py:651} INFO - DAG(s) dict_keys(['example_task_group']) retrieved from /home/airflow/.local/lib/python3.7/site-packages/airflow/example_dags/example_task_group.py
[2022-08-22 22:23:15,263] {logging_mixin.py:115} INFO - [2022-08-22 22:23:15,263] {dag.py:2420} INFO - Sync 1 DAGs
[2022-08-22 22:23:15,284] {logging_mixin.py:115} INFO - [2022-08-22 22:23:15,283] {dag.py:2972} INFO - Setting next_dagrun for example_task_group to 2022-08-21T22:23:15.283710+00:00, run_after=2022-08-22T22:23:15.283710+00:00
[2022-08-22 22:23:15,295] {processor.py:161} INFO - Processing /home/airflow/.local/lib/python3.7/site-packages/airflow/example_dags/example_task_group.py took 0.064 seconds
[2022-08-22 22:23:45,942] {processor.py:153} INFO - Started process (PID=3526) to work on /home/airflow/.local/lib/python3.7/site-packages/airflow/example_dags/example_task_group.py
[2022-08-22 22:23:45,943] {processor.py:641} INFO - Processing file /home/airflow/.local/lib/python3.7/site-packages/airflow/example_dags/example_task_group.py for tasks to queue
[2022-08-22 22:23:45,943] {logging_mixin.py:115} INFO - [2022-08-22 22:23:45,943] {dagbag.py:508} INFO - Filling up the DagBag from /home/airflow/.local/lib/python3.7/site-packages/airflow/example_dags/example_task_group.py
[2022-08-22 22:23:45,948] {processor.py:651} INFO - DAG(s) dict_keys(['example_task_group']) retrieved from /home/airflow/.local/lib/python3.7/site-packages/airflow/example_dags/example_task_group.py
[2022-08-22 22:23:45,971] {logging_mixin.py:115} INFO - [2022-08-22 22:23:45,971] {dag.py:2420} INFO - Sync 1 DAGs
[2022-08-22 22:23:45,990] {logging_mixin.py:115} INFO - [2022-08-22 22:23:45,990] {dag.py:2972} INFO - Setting next_dagrun for example_task_group to 2022-08-21T22:23:45.990111+00:00, run_after=2022-08-22T22:23:45.990111+00:00
[2022-08-22 22:23:46,000] {processor.py:161} INFO - Processing /home/airflow/.local/lib/python3.7/site-packages/airflow/example_dags/example_task_group.py took 0.060 seconds
[2022-08-22 22:24:16,697] {processor.py:153} INFO - Started process (PID=3587) to work on /home/airflow/.local/lib/python3.7/site-packages/airflow/example_dags/example_task_group.py
[2022-08-22 22:24:16,697] {processor.py:641} INFO - Processing file /home/airflow/.local/lib/python3.7/site-packages/airflow/example_dags/example_task_group.py for tasks to queue
[2022-08-22 22:24:16,698] {logging_mixin.py:115} INFO - [2022-08-22 22:24:16,698] {dagbag.py:508} INFO - Filling up the DagBag from /home/airflow/.local/lib/python3.7/site-packages/airflow/example_dags/example_task_group.py
[2022-08-22 22:24:16,708] {processor.py:651} INFO - DAG(s) dict_keys(['example_task_group']) retrieved from /home/airflow/.local/lib/python3.7/site-packages/airflow/example_dags/example_task_group.py
[2022-08-22 22:24:16,733] {logging_mixin.py:115} INFO - [2022-08-22 22:24:16,733] {dag.py:2420} INFO - Sync 1 DAGs
[2022-08-22 22:24:16,750] {logging_mixin.py:115} INFO - [2022-08-22 22:24:16,750] {dag.py:2972} INFO - Setting next_dagrun for example_task_group to 2022-08-21T22:24:16.750510+00:00, run_after=2022-08-22T22:24:16.750510+00:00
[2022-08-22 22:24:16,760] {processor.py:161} INFO - Processing /home/airflow/.local/lib/python3.7/site-packages/airflow/example_dags/example_task_group.py took 0.067 seconds
[2022-08-22 22:24:47,409] {processor.py:153} INFO - Started process (PID=3648) to work on /home/airflow/.local/lib/python3.7/site-packages/airflow/example_dags/example_task_group.py
[2022-08-22 22:24:47,410] {processor.py:641} INFO - Processing file /home/airflow/.local/lib/python3.7/site-packages/airflow/example_dags/example_task_group.py for tasks to queue
[2022-08-22 22:24:47,410] {logging_mixin.py:115} INFO - [2022-08-22 22:24:47,410] {dagbag.py:508} INFO - Filling up the DagBag from /home/airflow/.local/lib/python3.7/site-packages/airflow/example_dags/example_task_group.py
[2022-08-22 22:24:47,416] {processor.py:651} INFO - DAG(s) dict_keys(['example_task_group']) retrieved from /home/airflow/.local/lib/python3.7/site-packages/airflow/example_dags/example_task_group.py
[2022-08-22 22:24:47,448] {logging_mixin.py:115} INFO - [2022-08-22 22:24:47,448] {dag.py:2420} INFO - Sync 1 DAGs
[2022-08-22 22:24:47,467] {logging_mixin.py:115} INFO - [2022-08-22 22:24:47,467] {dag.py:2972} INFO - Setting next_dagrun for example_task_group to 2022-08-21T22:24:47.467541+00:00, run_after=2022-08-22T22:24:47.467541+00:00
[2022-08-22 22:24:47,477] {processor.py:161} INFO - Processing /home/airflow/.local/lib/python3.7/site-packages/airflow/example_dags/example_task_group.py took 0.070 seconds
[2022-08-22 22:25:18,105] {processor.py:153} INFO - Started process (PID=3709) to work on /home/airflow/.local/lib/python3.7/site-packages/airflow/example_dags/example_task_group.py
[2022-08-22 22:25:18,105] {processor.py:641} INFO - Processing file /home/airflow/.local/lib/python3.7/site-packages/airflow/example_dags/example_task_group.py for tasks to queue
[2022-08-22 22:25:18,105] {logging_mixin.py:115} INFO - [2022-08-22 22:25:18,105] {dagbag.py:508} INFO - Filling up the DagBag from /home/airflow/.local/lib/python3.7/site-packages/airflow/example_dags/example_task_group.py
[2022-08-22 22:25:18,110] {processor.py:651} INFO - DAG(s) dict_keys(['example_task_group']) retrieved from /home/airflow/.local/lib/python3.7/site-packages/airflow/example_dags/example_task_group.py
[2022-08-22 22:25:18,134] {logging_mixin.py:115} INFO - [2022-08-22 22:25:18,134] {dag.py:2420} INFO - Sync 1 DAGs
[2022-08-22 22:25:18,153] {logging_mixin.py:115} INFO - [2022-08-22 22:25:18,153] {dag.py:2972} INFO - Setting next_dagrun for example_task_group to 2022-08-21T22:25:18.153164+00:00, run_after=2022-08-22T22:25:18.153164+00:00
[2022-08-22 22:25:18,163] {processor.py:161} INFO - Processing /home/airflow/.local/lib/python3.7/site-packages/airflow/example_dags/example_task_group.py took 0.061 seconds
[2022-08-22 22:25:48,823] {processor.py:153} INFO - Started process (PID=3761) to work on /home/airflow/.local/lib/python3.7/site-packages/airflow/example_dags/example_task_group.py
[2022-08-22 22:25:48,824] {processor.py:641} INFO - Processing file /home/airflow/.local/lib/python3.7/site-packages/airflow/example_dags/example_task_group.py for tasks to queue
[2022-08-22 22:25:48,824] {logging_mixin.py:115} INFO - [2022-08-22 22:25:48,824] {dagbag.py:508} INFO - Filling up the DagBag from /home/airflow/.local/lib/python3.7/site-packages/airflow/example_dags/example_task_group.py
[2022-08-22 22:25:48,829] {processor.py:651} INFO - DAG(s) dict_keys(['example_task_group']) retrieved from /home/airflow/.local/lib/python3.7/site-packages/airflow/example_dags/example_task_group.py
[2022-08-22 22:25:48,856] {logging_mixin.py:115} INFO - [2022-08-22 22:25:48,856] {dag.py:2420} INFO - Sync 1 DAGs
[2022-08-22 22:25:48,874] {logging_mixin.py:115} INFO - [2022-08-22 22:25:48,874] {dag.py:2972} INFO - Setting next_dagrun for example_task_group to 2022-08-21T22:25:48.874255+00:00, run_after=2022-08-22T22:25:48.874255+00:00
[2022-08-22 22:25:48,885] {processor.py:161} INFO - Processing /home/airflow/.local/lib/python3.7/site-packages/airflow/example_dags/example_task_group.py took 0.064 seconds
[2022-08-22 22:26:19,374] {processor.py:153} INFO - Started process (PID=3822) to work on /home/airflow/.local/lib/python3.7/site-packages/airflow/example_dags/example_task_group.py
[2022-08-22 22:26:19,375] {processor.py:641} INFO - Processing file /home/airflow/.local/lib/python3.7/site-packages/airflow/example_dags/example_task_group.py for tasks to queue
[2022-08-22 22:26:19,375] {logging_mixin.py:115} INFO - [2022-08-22 22:26:19,375] {dagbag.py:508} INFO - Filling up the DagBag from /home/airflow/.local/lib/python3.7/site-packages/airflow/example_dags/example_task_group.py
[2022-08-22 22:26:19,381] {processor.py:651} INFO - DAG(s) dict_keys(['example_task_group']) retrieved from /home/airflow/.local/lib/python3.7/site-packages/airflow/example_dags/example_task_group.py
[2022-08-22 22:26:19,402] {logging_mixin.py:115} INFO - [2022-08-22 22:26:19,402] {dag.py:2420} INFO - Sync 1 DAGs
[2022-08-22 22:26:19,420] {logging_mixin.py:115} INFO - [2022-08-22 22:26:19,420] {dag.py:2972} INFO - Setting next_dagrun for example_task_group to 2022-08-21T22:26:19.420504+00:00, run_after=2022-08-22T22:26:19.420504+00:00
[2022-08-22 22:26:19,431] {processor.py:161} INFO - Processing /home/airflow/.local/lib/python3.7/site-packages/airflow/example_dags/example_task_group.py took 0.058 seconds
[2022-08-22 22:26:50,155] {processor.py:153} INFO - Started process (PID=3883) to work on /home/airflow/.local/lib/python3.7/site-packages/airflow/example_dags/example_task_group.py
[2022-08-22 22:26:50,155] {processor.py:641} INFO - Processing file /home/airflow/.local/lib/python3.7/site-packages/airflow/example_dags/example_task_group.py for tasks to queue
[2022-08-22 22:26:50,156] {logging_mixin.py:115} INFO - [2022-08-22 22:26:50,156] {dagbag.py:508} INFO - Filling up the DagBag from /home/airflow/.local/lib/python3.7/site-packages/airflow/example_dags/example_task_group.py
[2022-08-22 22:26:50,166] {processor.py:651} INFO - DAG(s) dict_keys(['example_task_group']) retrieved from /home/airflow/.local/lib/python3.7/site-packages/airflow/example_dags/example_task_group.py
[2022-08-22 22:26:50,190] {logging_mixin.py:115} INFO - [2022-08-22 22:26:50,190] {dag.py:2420} INFO - Sync 1 DAGs
[2022-08-22 22:26:50,209] {logging_mixin.py:115} INFO - [2022-08-22 22:26:50,209] {dag.py:2972} INFO - Setting next_dagrun for example_task_group to 2022-08-21T22:26:50.209393+00:00, run_after=2022-08-22T22:26:50.209393+00:00
[2022-08-22 22:26:50,219] {processor.py:161} INFO - Processing /home/airflow/.local/lib/python3.7/site-packages/airflow/example_dags/example_task_group.py took 0.068 seconds
[2022-08-22 22:27:20,905] {processor.py:153} INFO - Started process (PID=3944) to work on /home/airflow/.local/lib/python3.7/site-packages/airflow/example_dags/example_task_group.py
[2022-08-22 22:27:20,905] {processor.py:641} INFO - Processing file /home/airflow/.local/lib/python3.7/site-packages/airflow/example_dags/example_task_group.py for tasks to queue
[2022-08-22 22:27:20,906] {logging_mixin.py:115} INFO - [2022-08-22 22:27:20,906] {dagbag.py:508} INFO - Filling up the DagBag from /home/airflow/.local/lib/python3.7/site-packages/airflow/example_dags/example_task_group.py
[2022-08-22 22:27:20,915] {processor.py:651} INFO - DAG(s) dict_keys(['example_task_group']) retrieved from /home/airflow/.local/lib/python3.7/site-packages/airflow/example_dags/example_task_group.py
[2022-08-22 22:27:20,940] {logging_mixin.py:115} INFO - [2022-08-22 22:27:20,940] {dag.py:2420} INFO - Sync 1 DAGs
[2022-08-22 22:27:20,958] {logging_mixin.py:115} INFO - [2022-08-22 22:27:20,957] {dag.py:2972} INFO - Setting next_dagrun for example_task_group to 2022-08-21T22:27:20.957762+00:00, run_after=2022-08-22T22:27:20.957762+00:00
[2022-08-22 22:27:20,967] {processor.py:161} INFO - Processing /home/airflow/.local/lib/python3.7/site-packages/airflow/example_dags/example_task_group.py took 0.066 seconds
[2022-08-22 22:27:51,619] {processor.py:153} INFO - Started process (PID=3996) to work on /home/airflow/.local/lib/python3.7/site-packages/airflow/example_dags/example_task_group.py
[2022-08-22 22:27:51,620] {processor.py:641} INFO - Processing file /home/airflow/.local/lib/python3.7/site-packages/airflow/example_dags/example_task_group.py for tasks to queue
[2022-08-22 22:27:51,620] {logging_mixin.py:115} INFO - [2022-08-22 22:27:51,620] {dagbag.py:508} INFO - Filling up the DagBag from /home/airflow/.local/lib/python3.7/site-packages/airflow/example_dags/example_task_group.py
[2022-08-22 22:27:51,625] {processor.py:651} INFO - DAG(s) dict_keys(['example_task_group']) retrieved from /home/airflow/.local/lib/python3.7/site-packages/airflow/example_dags/example_task_group.py
[2022-08-22 22:27:51,647] {logging_mixin.py:115} INFO - [2022-08-22 22:27:51,647] {dag.py:2420} INFO - Sync 1 DAGs
[2022-08-22 22:27:51,665] {logging_mixin.py:115} INFO - [2022-08-22 22:27:51,665] {dag.py:2972} INFO - Setting next_dagrun for example_task_group to 2022-08-21T22:27:51.665118+00:00, run_after=2022-08-22T22:27:51.665118+00:00
[2022-08-22 22:27:51,674] {processor.py:161} INFO - Processing /home/airflow/.local/lib/python3.7/site-packages/airflow/example_dags/example_task_group.py took 0.058 seconds
[2022-08-22 22:28:22,189] {processor.py:153} INFO - Started process (PID=4057) to work on /home/airflow/.local/lib/python3.7/site-packages/airflow/example_dags/example_task_group.py
[2022-08-22 22:28:22,189] {processor.py:641} INFO - Processing file /home/airflow/.local/lib/python3.7/site-packages/airflow/example_dags/example_task_group.py for tasks to queue
[2022-08-22 22:28:22,189] {logging_mixin.py:115} INFO - [2022-08-22 22:28:22,189] {dagbag.py:508} INFO - Filling up the DagBag from /home/airflow/.local/lib/python3.7/site-packages/airflow/example_dags/example_task_group.py
[2022-08-22 22:28:22,194] {processor.py:651} INFO - DAG(s) dict_keys(['example_task_group']) retrieved from /home/airflow/.local/lib/python3.7/site-packages/airflow/example_dags/example_task_group.py
[2022-08-22 22:28:22,214] {logging_mixin.py:115} INFO - [2022-08-22 22:28:22,214] {dag.py:2420} INFO - Sync 1 DAGs
[2022-08-22 22:28:22,230] {logging_mixin.py:115} INFO - [2022-08-22 22:28:22,230] {dag.py:2972} INFO - Setting next_dagrun for example_task_group to 2022-08-21T22:28:22.230499+00:00, run_after=2022-08-22T22:28:22.230499+00:00
[2022-08-22 22:28:22,239] {processor.py:161} INFO - Processing /home/airflow/.local/lib/python3.7/site-packages/airflow/example_dags/example_task_group.py took 0.053 seconds
