[2022-08-22 21:53:33,212] {processor.py:153} INFO - Started process (PID=69) to work on /home/airflow/.local/lib/python3.7/site-packages/airflow/example_dags/example_branch_day_of_week_operator.py
[2022-08-22 21:53:33,213] {processor.py:641} INFO - Processing file /home/airflow/.local/lib/python3.7/site-packages/airflow/example_dags/example_branch_day_of_week_operator.py for tasks to queue
[2022-08-22 21:53:33,213] {logging_mixin.py:115} INFO - [2022-08-22 21:53:33,213] {dagbag.py:508} INFO - Filling up the DagBag from /home/airflow/.local/lib/python3.7/site-packages/airflow/example_dags/example_branch_day_of_week_operator.py
[2022-08-22 21:53:33,225] {processor.py:651} INFO - DAG(s) dict_keys(['example_weekday_branch_operator']) retrieved from /home/airflow/.local/lib/python3.7/site-packages/airflow/example_dags/example_branch_day_of_week_operator.py
[2022-08-22 21:53:33,349] {logging_mixin.py:115} INFO - [2022-08-22 21:53:33,348] {manager.py:508} INFO - Created Permission View: can edit on DAG:example_weekday_branch_operator
[2022-08-22 21:53:33,362] {logging_mixin.py:115} INFO - [2022-08-22 21:53:33,362] {manager.py:508} INFO - Created Permission View: can read on DAG:example_weekday_branch_operator
[2022-08-22 21:53:33,371] {logging_mixin.py:115} INFO - [2022-08-22 21:53:33,370] {manager.py:508} INFO - Created Permission View: can delete on DAG:example_weekday_branch_operator
[2022-08-22 21:53:33,371] {logging_mixin.py:115} INFO - [2022-08-22 21:53:33,371] {dag.py:2420} INFO - Sync 1 DAGs
[2022-08-22 21:53:33,382] {logging_mixin.py:115} INFO - [2022-08-22 21:53:33,382] {dag.py:2439} INFO - Creating ORM DAG for example_weekday_branch_operator
[2022-08-22 21:53:33,396] {logging_mixin.py:115} INFO - [2022-08-22 21:53:33,396] {dag.py:2972} INFO - Setting next_dagrun for example_weekday_branch_operator to 2022-08-21T00:00:00+00:00, run_after=2022-08-22T00:00:00+00:00
[2022-08-22 21:53:33,413] {processor.py:161} INFO - Processing /home/airflow/.local/lib/python3.7/site-packages/airflow/example_dags/example_branch_day_of_week_operator.py took 0.203 seconds
[2022-08-22 21:54:04,402] {processor.py:153} INFO - Started process (PID=121) to work on /home/airflow/.local/lib/python3.7/site-packages/airflow/example_dags/example_branch_day_of_week_operator.py
[2022-08-22 21:54:04,404] {processor.py:641} INFO - Processing file /home/airflow/.local/lib/python3.7/site-packages/airflow/example_dags/example_branch_day_of_week_operator.py for tasks to queue
[2022-08-22 21:54:04,405] {logging_mixin.py:115} INFO - [2022-08-22 21:54:04,405] {dagbag.py:508} INFO - Filling up the DagBag from /home/airflow/.local/lib/python3.7/site-packages/airflow/example_dags/example_branch_day_of_week_operator.py
[2022-08-22 21:54:04,421] {processor.py:651} INFO - DAG(s) dict_keys(['example_weekday_branch_operator']) retrieved from /home/airflow/.local/lib/python3.7/site-packages/airflow/example_dags/example_branch_day_of_week_operator.py
[2022-08-22 21:54:04,445] {logging_mixin.py:115} INFO - [2022-08-22 21:54:04,445] {dag.py:2420} INFO - Sync 1 DAGs
[2022-08-22 21:54:04,466] {logging_mixin.py:115} INFO - [2022-08-22 21:54:04,466] {dag.py:2972} INFO - Setting next_dagrun for example_weekday_branch_operator to 2022-08-21T00:00:00+00:00, run_after=2022-08-22T00:00:00+00:00
[2022-08-22 21:54:04,480] {processor.py:161} INFO - Processing /home/airflow/.local/lib/python3.7/site-packages/airflow/example_dags/example_branch_day_of_week_operator.py took 0.082 seconds
[2022-08-22 21:54:35,326] {processor.py:153} INFO - Started process (PID=182) to work on /home/airflow/.local/lib/python3.7/site-packages/airflow/example_dags/example_branch_day_of_week_operator.py
[2022-08-22 21:54:35,327] {processor.py:641} INFO - Processing file /home/airflow/.local/lib/python3.7/site-packages/airflow/example_dags/example_branch_day_of_week_operator.py for tasks to queue
[2022-08-22 21:54:35,328] {logging_mixin.py:115} INFO - [2022-08-22 21:54:35,328] {dagbag.py:508} INFO - Filling up the DagBag from /home/airflow/.local/lib/python3.7/site-packages/airflow/example_dags/example_branch_day_of_week_operator.py
[2022-08-22 21:54:35,335] {processor.py:651} INFO - DAG(s) dict_keys(['example_weekday_branch_operator']) retrieved from /home/airflow/.local/lib/python3.7/site-packages/airflow/example_dags/example_branch_day_of_week_operator.py
[2022-08-22 21:54:35,358] {logging_mixin.py:115} INFO - [2022-08-22 21:54:35,358] {dag.py:2420} INFO - Sync 1 DAGs
[2022-08-22 21:54:35,382] {logging_mixin.py:115} INFO - [2022-08-22 21:54:35,382] {dag.py:2972} INFO - Setting next_dagrun for example_weekday_branch_operator to 2022-08-21T00:00:00+00:00, run_after=2022-08-22T00:00:00+00:00
[2022-08-22 21:54:35,394] {processor.py:161} INFO - Processing /home/airflow/.local/lib/python3.7/site-packages/airflow/example_dags/example_branch_day_of_week_operator.py took 0.070 seconds
[2022-08-22 21:55:06,135] {processor.py:153} INFO - Started process (PID=243) to work on /home/airflow/.local/lib/python3.7/site-packages/airflow/example_dags/example_branch_day_of_week_operator.py
[2022-08-22 21:55:06,146] {processor.py:641} INFO - Processing file /home/airflow/.local/lib/python3.7/site-packages/airflow/example_dags/example_branch_day_of_week_operator.py for tasks to queue
[2022-08-22 21:55:06,146] {logging_mixin.py:115} INFO - [2022-08-22 21:55:06,146] {dagbag.py:508} INFO - Filling up the DagBag from /home/airflow/.local/lib/python3.7/site-packages/airflow/example_dags/example_branch_day_of_week_operator.py
[2022-08-22 21:55:06,156] {processor.py:651} INFO - DAG(s) dict_keys(['example_weekday_branch_operator']) retrieved from /home/airflow/.local/lib/python3.7/site-packages/airflow/example_dags/example_branch_day_of_week_operator.py
[2022-08-22 21:55:06,201] {logging_mixin.py:115} INFO - [2022-08-22 21:55:06,201] {dag.py:2420} INFO - Sync 1 DAGs
[2022-08-22 21:55:06,222] {logging_mixin.py:115} INFO - [2022-08-22 21:55:06,222] {dag.py:2972} INFO - Setting next_dagrun for example_weekday_branch_operator to 2022-08-21T00:00:00+00:00, run_after=2022-08-22T00:00:00+00:00
[2022-08-22 21:55:06,232] {processor.py:161} INFO - Processing /home/airflow/.local/lib/python3.7/site-packages/airflow/example_dags/example_branch_day_of_week_operator.py took 0.100 seconds
[2022-08-22 21:55:36,947] {processor.py:153} INFO - Started process (PID=305) to work on /home/airflow/.local/lib/python3.7/site-packages/airflow/example_dags/example_branch_day_of_week_operator.py
[2022-08-22 21:55:36,957] {processor.py:641} INFO - Processing file /home/airflow/.local/lib/python3.7/site-packages/airflow/example_dags/example_branch_day_of_week_operator.py for tasks to queue
[2022-08-22 21:55:36,958] {logging_mixin.py:115} INFO - [2022-08-22 21:55:36,958] {dagbag.py:508} INFO - Filling up the DagBag from /home/airflow/.local/lib/python3.7/site-packages/airflow/example_dags/example_branch_day_of_week_operator.py
[2022-08-22 21:55:36,970] {processor.py:651} INFO - DAG(s) dict_keys(['example_weekday_branch_operator']) retrieved from /home/airflow/.local/lib/python3.7/site-packages/airflow/example_dags/example_branch_day_of_week_operator.py
[2022-08-22 21:55:36,999] {logging_mixin.py:115} INFO - [2022-08-22 21:55:36,998] {dag.py:2420} INFO - Sync 1 DAGs
[2022-08-22 21:55:37,027] {logging_mixin.py:115} INFO - [2022-08-22 21:55:37,026] {dag.py:2972} INFO - Setting next_dagrun for example_weekday_branch_operator to 2022-08-21T00:00:00+00:00, run_after=2022-08-22T00:00:00+00:00
[2022-08-22 21:55:37,043] {processor.py:161} INFO - Processing /home/airflow/.local/lib/python3.7/site-packages/airflow/example_dags/example_branch_day_of_week_operator.py took 0.100 seconds
[2022-08-22 21:56:07,815] {processor.py:153} INFO - Started process (PID=357) to work on /home/airflow/.local/lib/python3.7/site-packages/airflow/example_dags/example_branch_day_of_week_operator.py
[2022-08-22 21:56:07,816] {processor.py:641} INFO - Processing file /home/airflow/.local/lib/python3.7/site-packages/airflow/example_dags/example_branch_day_of_week_operator.py for tasks to queue
[2022-08-22 21:56:07,817] {logging_mixin.py:115} INFO - [2022-08-22 21:56:07,817] {dagbag.py:508} INFO - Filling up the DagBag from /home/airflow/.local/lib/python3.7/site-packages/airflow/example_dags/example_branch_day_of_week_operator.py
[2022-08-22 21:56:07,830] {processor.py:651} INFO - DAG(s) dict_keys(['example_weekday_branch_operator']) retrieved from /home/airflow/.local/lib/python3.7/site-packages/airflow/example_dags/example_branch_day_of_week_operator.py
[2022-08-22 21:56:07,856] {logging_mixin.py:115} INFO - [2022-08-22 21:56:07,856] {dag.py:2420} INFO - Sync 1 DAGs
[2022-08-22 21:56:07,879] {logging_mixin.py:115} INFO - [2022-08-22 21:56:07,879] {dag.py:2972} INFO - Setting next_dagrun for example_weekday_branch_operator to 2022-08-21T00:00:00+00:00, run_after=2022-08-22T00:00:00+00:00
[2022-08-22 21:56:07,890] {processor.py:161} INFO - Processing /home/airflow/.local/lib/python3.7/site-packages/airflow/example_dags/example_branch_day_of_week_operator.py took 0.078 seconds
[2022-08-22 21:56:38,568] {processor.py:153} INFO - Started process (PID=418) to work on /home/airflow/.local/lib/python3.7/site-packages/airflow/example_dags/example_branch_day_of_week_operator.py
[2022-08-22 21:56:38,579] {processor.py:641} INFO - Processing file /home/airflow/.local/lib/python3.7/site-packages/airflow/example_dags/example_branch_day_of_week_operator.py for tasks to queue
[2022-08-22 21:56:38,579] {logging_mixin.py:115} INFO - [2022-08-22 21:56:38,579] {dagbag.py:508} INFO - Filling up the DagBag from /home/airflow/.local/lib/python3.7/site-packages/airflow/example_dags/example_branch_day_of_week_operator.py
[2022-08-22 21:56:38,590] {processor.py:651} INFO - DAG(s) dict_keys(['example_weekday_branch_operator']) retrieved from /home/airflow/.local/lib/python3.7/site-packages/airflow/example_dags/example_branch_day_of_week_operator.py
[2022-08-22 21:56:38,614] {logging_mixin.py:115} INFO - [2022-08-22 21:56:38,614] {dag.py:2420} INFO - Sync 1 DAGs
[2022-08-22 21:56:38,640] {logging_mixin.py:115} INFO - [2022-08-22 21:56:38,639] {dag.py:2972} INFO - Setting next_dagrun for example_weekday_branch_operator to 2022-08-21T00:00:00+00:00, run_after=2022-08-22T00:00:00+00:00
[2022-08-22 21:56:38,651] {processor.py:161} INFO - Processing /home/airflow/.local/lib/python3.7/site-packages/airflow/example_dags/example_branch_day_of_week_operator.py took 0.085 seconds
[2022-08-22 21:57:09,486] {processor.py:153} INFO - Started process (PID=479) to work on /home/airflow/.local/lib/python3.7/site-packages/airflow/example_dags/example_branch_day_of_week_operator.py
[2022-08-22 21:57:09,488] {processor.py:641} INFO - Processing file /home/airflow/.local/lib/python3.7/site-packages/airflow/example_dags/example_branch_day_of_week_operator.py for tasks to queue
[2022-08-22 21:57:09,489] {logging_mixin.py:115} INFO - [2022-08-22 21:57:09,488] {dagbag.py:508} INFO - Filling up the DagBag from /home/airflow/.local/lib/python3.7/site-packages/airflow/example_dags/example_branch_day_of_week_operator.py
[2022-08-22 21:57:09,502] {processor.py:651} INFO - DAG(s) dict_keys(['example_weekday_branch_operator']) retrieved from /home/airflow/.local/lib/python3.7/site-packages/airflow/example_dags/example_branch_day_of_week_operator.py
[2022-08-22 21:57:09,537] {logging_mixin.py:115} INFO - [2022-08-22 21:57:09,537] {dag.py:2420} INFO - Sync 1 DAGs
[2022-08-22 21:57:09,571] {logging_mixin.py:115} INFO - [2022-08-22 21:57:09,571] {dag.py:2972} INFO - Setting next_dagrun for example_weekday_branch_operator to 2022-08-21T00:00:00+00:00, run_after=2022-08-22T00:00:00+00:00
[2022-08-22 21:57:09,583] {processor.py:161} INFO - Processing /home/airflow/.local/lib/python3.7/site-packages/airflow/example_dags/example_branch_day_of_week_operator.py took 0.101 seconds
[2022-08-22 21:57:40,342] {processor.py:153} INFO - Started process (PID=531) to work on /home/airflow/.local/lib/python3.7/site-packages/airflow/example_dags/example_branch_day_of_week_operator.py
[2022-08-22 21:57:40,343] {processor.py:641} INFO - Processing file /home/airflow/.local/lib/python3.7/site-packages/airflow/example_dags/example_branch_day_of_week_operator.py for tasks to queue
[2022-08-22 21:57:40,344] {logging_mixin.py:115} INFO - [2022-08-22 21:57:40,343] {dagbag.py:508} INFO - Filling up the DagBag from /home/airflow/.local/lib/python3.7/site-packages/airflow/example_dags/example_branch_day_of_week_operator.py
[2022-08-22 21:57:40,350] {processor.py:651} INFO - DAG(s) dict_keys(['example_weekday_branch_operator']) retrieved from /home/airflow/.local/lib/python3.7/site-packages/airflow/example_dags/example_branch_day_of_week_operator.py
[2022-08-22 21:57:40,374] {logging_mixin.py:115} INFO - [2022-08-22 21:57:40,374] {dag.py:2420} INFO - Sync 1 DAGs
[2022-08-22 21:57:40,401] {logging_mixin.py:115} INFO - [2022-08-22 21:57:40,400] {dag.py:2972} INFO - Setting next_dagrun for example_weekday_branch_operator to 2022-08-21T00:00:00+00:00, run_after=2022-08-22T00:00:00+00:00
[2022-08-22 21:57:40,414] {processor.py:161} INFO - Processing /home/airflow/.local/lib/python3.7/site-packages/airflow/example_dags/example_branch_day_of_week_operator.py took 0.074 seconds
[2022-08-22 21:58:11,156] {processor.py:153} INFO - Started process (PID=592) to work on /home/airflow/.local/lib/python3.7/site-packages/airflow/example_dags/example_branch_day_of_week_operator.py
[2022-08-22 21:58:11,157] {processor.py:641} INFO - Processing file /home/airflow/.local/lib/python3.7/site-packages/airflow/example_dags/example_branch_day_of_week_operator.py for tasks to queue
[2022-08-22 21:58:11,157] {logging_mixin.py:115} INFO - [2022-08-22 21:58:11,157] {dagbag.py:508} INFO - Filling up the DagBag from /home/airflow/.local/lib/python3.7/site-packages/airflow/example_dags/example_branch_day_of_week_operator.py
[2022-08-22 21:58:11,171] {processor.py:651} INFO - DAG(s) dict_keys(['example_weekday_branch_operator']) retrieved from /home/airflow/.local/lib/python3.7/site-packages/airflow/example_dags/example_branch_day_of_week_operator.py
[2022-08-22 21:58:11,195] {logging_mixin.py:115} INFO - [2022-08-22 21:58:11,195] {dag.py:2420} INFO - Sync 1 DAGs
[2022-08-22 21:58:11,216] {logging_mixin.py:115} INFO - [2022-08-22 21:58:11,216] {dag.py:2972} INFO - Setting next_dagrun for example_weekday_branch_operator to 2022-08-21T00:00:00+00:00, run_after=2022-08-22T00:00:00+00:00
[2022-08-22 21:58:11,228] {processor.py:161} INFO - Processing /home/airflow/.local/lib/python3.7/site-packages/airflow/example_dags/example_branch_day_of_week_operator.py took 0.077 seconds
[2022-08-22 21:58:41,996] {processor.py:153} INFO - Started process (PID=653) to work on /home/airflow/.local/lib/python3.7/site-packages/airflow/example_dags/example_branch_day_of_week_operator.py
[2022-08-22 21:58:41,996] {processor.py:641} INFO - Processing file /home/airflow/.local/lib/python3.7/site-packages/airflow/example_dags/example_branch_day_of_week_operator.py for tasks to queue
[2022-08-22 21:58:41,997] {logging_mixin.py:115} INFO - [2022-08-22 21:58:41,997] {dagbag.py:508} INFO - Filling up the DagBag from /home/airflow/.local/lib/python3.7/site-packages/airflow/example_dags/example_branch_day_of_week_operator.py
[2022-08-22 21:58:42,005] {processor.py:651} INFO - DAG(s) dict_keys(['example_weekday_branch_operator']) retrieved from /home/airflow/.local/lib/python3.7/site-packages/airflow/example_dags/example_branch_day_of_week_operator.py
[2022-08-22 21:58:42,030] {logging_mixin.py:115} INFO - [2022-08-22 21:58:42,030] {dag.py:2420} INFO - Sync 1 DAGs
[2022-08-22 21:58:42,052] {logging_mixin.py:115} INFO - [2022-08-22 21:58:42,052] {dag.py:2972} INFO - Setting next_dagrun for example_weekday_branch_operator to 2022-08-21T00:00:00+00:00, run_after=2022-08-22T00:00:00+00:00
[2022-08-22 21:58:42,065] {processor.py:161} INFO - Processing /home/airflow/.local/lib/python3.7/site-packages/airflow/example_dags/example_branch_day_of_week_operator.py took 0.071 seconds
[2022-08-22 21:59:12,720] {processor.py:153} INFO - Started process (PID=712) to work on /home/airflow/.local/lib/python3.7/site-packages/airflow/example_dags/example_branch_day_of_week_operator.py
[2022-08-22 21:59:12,730] {processor.py:641} INFO - Processing file /home/airflow/.local/lib/python3.7/site-packages/airflow/example_dags/example_branch_day_of_week_operator.py for tasks to queue
[2022-08-22 21:59:12,731] {logging_mixin.py:115} INFO - [2022-08-22 21:59:12,731] {dagbag.py:508} INFO - Filling up the DagBag from /home/airflow/.local/lib/python3.7/site-packages/airflow/example_dags/example_branch_day_of_week_operator.py
[2022-08-22 21:59:12,740] {processor.py:651} INFO - DAG(s) dict_keys(['example_weekday_branch_operator']) retrieved from /home/airflow/.local/lib/python3.7/site-packages/airflow/example_dags/example_branch_day_of_week_operator.py
[2022-08-22 21:59:12,765] {logging_mixin.py:115} INFO - [2022-08-22 21:59:12,765] {dag.py:2420} INFO - Sync 1 DAGs
[2022-08-22 21:59:12,790] {logging_mixin.py:115} INFO - [2022-08-22 21:59:12,790] {dag.py:2972} INFO - Setting next_dagrun for example_weekday_branch_operator to 2022-08-21T00:00:00+00:00, run_after=2022-08-22T00:00:00+00:00
[2022-08-22 21:59:12,803] {processor.py:161} INFO - Processing /home/airflow/.local/lib/python3.7/site-packages/airflow/example_dags/example_branch_day_of_week_operator.py took 0.086 seconds
[2022-08-22 21:59:43,617] {processor.py:153} INFO - Started process (PID=766) to work on /home/airflow/.local/lib/python3.7/site-packages/airflow/example_dags/example_branch_day_of_week_operator.py
[2022-08-22 21:59:43,618] {processor.py:641} INFO - Processing file /home/airflow/.local/lib/python3.7/site-packages/airflow/example_dags/example_branch_day_of_week_operator.py for tasks to queue
[2022-08-22 21:59:43,619] {logging_mixin.py:115} INFO - [2022-08-22 21:59:43,619] {dagbag.py:508} INFO - Filling up the DagBag from /home/airflow/.local/lib/python3.7/site-packages/airflow/example_dags/example_branch_day_of_week_operator.py
[2022-08-22 21:59:43,632] {processor.py:651} INFO - DAG(s) dict_keys(['example_weekday_branch_operator']) retrieved from /home/airflow/.local/lib/python3.7/site-packages/airflow/example_dags/example_branch_day_of_week_operator.py
[2022-08-22 21:59:43,670] {logging_mixin.py:115} INFO - [2022-08-22 21:59:43,670] {dag.py:2420} INFO - Sync 1 DAGs
[2022-08-22 21:59:43,693] {logging_mixin.py:115} INFO - [2022-08-22 21:59:43,693] {dag.py:2972} INFO - Setting next_dagrun for example_weekday_branch_operator to 2022-08-21T00:00:00+00:00, run_after=2022-08-22T00:00:00+00:00
[2022-08-22 21:59:43,704] {processor.py:161} INFO - Processing /home/airflow/.local/lib/python3.7/site-packages/airflow/example_dags/example_branch_day_of_week_operator.py took 0.091 seconds
[2022-08-22 22:00:14,288] {processor.py:153} INFO - Started process (PID=827) to work on /home/airflow/.local/lib/python3.7/site-packages/airflow/example_dags/example_branch_day_of_week_operator.py
[2022-08-22 22:00:14,288] {processor.py:641} INFO - Processing file /home/airflow/.local/lib/python3.7/site-packages/airflow/example_dags/example_branch_day_of_week_operator.py for tasks to queue
[2022-08-22 22:00:14,289] {logging_mixin.py:115} INFO - [2022-08-22 22:00:14,289] {dagbag.py:508} INFO - Filling up the DagBag from /home/airflow/.local/lib/python3.7/site-packages/airflow/example_dags/example_branch_day_of_week_operator.py
[2022-08-22 22:00:14,297] {processor.py:651} INFO - DAG(s) dict_keys(['example_weekday_branch_operator']) retrieved from /home/airflow/.local/lib/python3.7/site-packages/airflow/example_dags/example_branch_day_of_week_operator.py
[2022-08-22 22:00:14,323] {logging_mixin.py:115} INFO - [2022-08-22 22:00:14,323] {dag.py:2420} INFO - Sync 1 DAGs
[2022-08-22 22:00:14,346] {logging_mixin.py:115} INFO - [2022-08-22 22:00:14,346] {dag.py:2972} INFO - Setting next_dagrun for example_weekday_branch_operator to 2022-08-21T00:00:00+00:00, run_after=2022-08-22T00:00:00+00:00
[2022-08-22 22:00:14,358] {processor.py:161} INFO - Processing /home/airflow/.local/lib/python3.7/site-packages/airflow/example_dags/example_branch_day_of_week_operator.py took 0.072 seconds
[2022-08-22 22:00:45,165] {processor.py:153} INFO - Started process (PID=888) to work on /home/airflow/.local/lib/python3.7/site-packages/airflow/example_dags/example_branch_day_of_week_operator.py
[2022-08-22 22:00:45,166] {processor.py:641} INFO - Processing file /home/airflow/.local/lib/python3.7/site-packages/airflow/example_dags/example_branch_day_of_week_operator.py for tasks to queue
[2022-08-22 22:00:45,166] {logging_mixin.py:115} INFO - [2022-08-22 22:00:45,166] {dagbag.py:508} INFO - Filling up the DagBag from /home/airflow/.local/lib/python3.7/site-packages/airflow/example_dags/example_branch_day_of_week_operator.py
[2022-08-22 22:00:45,175] {processor.py:651} INFO - DAG(s) dict_keys(['example_weekday_branch_operator']) retrieved from /home/airflow/.local/lib/python3.7/site-packages/airflow/example_dags/example_branch_day_of_week_operator.py
[2022-08-22 22:00:45,209] {logging_mixin.py:115} INFO - [2022-08-22 22:00:45,209] {dag.py:2420} INFO - Sync 1 DAGs
[2022-08-22 22:00:45,237] {logging_mixin.py:115} INFO - [2022-08-22 22:00:45,237] {dag.py:2972} INFO - Setting next_dagrun for example_weekday_branch_operator to 2022-08-21T00:00:00+00:00, run_after=2022-08-22T00:00:00+00:00
[2022-08-22 22:00:45,251] {processor.py:161} INFO - Processing /home/airflow/.local/lib/python3.7/site-packages/airflow/example_dags/example_branch_day_of_week_operator.py took 0.091 seconds
[2022-08-22 22:01:15,905] {processor.py:153} INFO - Started process (PID=940) to work on /home/airflow/.local/lib/python3.7/site-packages/airflow/example_dags/example_branch_day_of_week_operator.py
[2022-08-22 22:01:15,915] {processor.py:641} INFO - Processing file /home/airflow/.local/lib/python3.7/site-packages/airflow/example_dags/example_branch_day_of_week_operator.py for tasks to queue
[2022-08-22 22:01:15,915] {logging_mixin.py:115} INFO - [2022-08-22 22:01:15,915] {dagbag.py:508} INFO - Filling up the DagBag from /home/airflow/.local/lib/python3.7/site-packages/airflow/example_dags/example_branch_day_of_week_operator.py
[2022-08-22 22:01:15,923] {processor.py:651} INFO - DAG(s) dict_keys(['example_weekday_branch_operator']) retrieved from /home/airflow/.local/lib/python3.7/site-packages/airflow/example_dags/example_branch_day_of_week_operator.py
[2022-08-22 22:01:15,948] {logging_mixin.py:115} INFO - [2022-08-22 22:01:15,948] {dag.py:2420} INFO - Sync 1 DAGs
[2022-08-22 22:01:15,970] {logging_mixin.py:115} INFO - [2022-08-22 22:01:15,970] {dag.py:2972} INFO - Setting next_dagrun for example_weekday_branch_operator to 2022-08-21T00:00:00+00:00, run_after=2022-08-22T00:00:00+00:00
[2022-08-22 22:01:15,984] {processor.py:161} INFO - Processing /home/airflow/.local/lib/python3.7/site-packages/airflow/example_dags/example_branch_day_of_week_operator.py took 0.081 seconds
[2022-08-22 22:01:46,789] {processor.py:153} INFO - Started process (PID=1001) to work on /home/airflow/.local/lib/python3.7/site-packages/airflow/example_dags/example_branch_day_of_week_operator.py
[2022-08-22 22:01:46,789] {processor.py:641} INFO - Processing file /home/airflow/.local/lib/python3.7/site-packages/airflow/example_dags/example_branch_day_of_week_operator.py for tasks to queue
[2022-08-22 22:01:46,790] {logging_mixin.py:115} INFO - [2022-08-22 22:01:46,790] {dagbag.py:508} INFO - Filling up the DagBag from /home/airflow/.local/lib/python3.7/site-packages/airflow/example_dags/example_branch_day_of_week_operator.py
[2022-08-22 22:01:46,805] {processor.py:651} INFO - DAG(s) dict_keys(['example_weekday_branch_operator']) retrieved from /home/airflow/.local/lib/python3.7/site-packages/airflow/example_dags/example_branch_day_of_week_operator.py
[2022-08-22 22:01:46,839] {logging_mixin.py:115} INFO - [2022-08-22 22:01:46,839] {dag.py:2420} INFO - Sync 1 DAGs
[2022-08-22 22:01:46,863] {logging_mixin.py:115} INFO - [2022-08-22 22:01:46,863] {dag.py:2972} INFO - Setting next_dagrun for example_weekday_branch_operator to 2022-08-21T00:00:00+00:00, run_after=2022-08-22T00:00:00+00:00
[2022-08-22 22:01:46,874] {processor.py:161} INFO - Processing /home/airflow/.local/lib/python3.7/site-packages/airflow/example_dags/example_branch_day_of_week_operator.py took 0.090 seconds
[2022-08-22 22:02:17,721] {processor.py:153} INFO - Started process (PID=1062) to work on /home/airflow/.local/lib/python3.7/site-packages/airflow/example_dags/example_branch_day_of_week_operator.py
[2022-08-22 22:02:17,732] {processor.py:641} INFO - Processing file /home/airflow/.local/lib/python3.7/site-packages/airflow/example_dags/example_branch_day_of_week_operator.py for tasks to queue
[2022-08-22 22:02:17,732] {logging_mixin.py:115} INFO - [2022-08-22 22:02:17,732] {dagbag.py:508} INFO - Filling up the DagBag from /home/airflow/.local/lib/python3.7/site-packages/airflow/example_dags/example_branch_day_of_week_operator.py
[2022-08-22 22:02:17,739] {processor.py:651} INFO - DAG(s) dict_keys(['example_weekday_branch_operator']) retrieved from /home/airflow/.local/lib/python3.7/site-packages/airflow/example_dags/example_branch_day_of_week_operator.py
[2022-08-22 22:02:17,772] {logging_mixin.py:115} INFO - [2022-08-22 22:02:17,772] {dag.py:2420} INFO - Sync 1 DAGs
[2022-08-22 22:02:17,803] {logging_mixin.py:115} INFO - [2022-08-22 22:02:17,803] {dag.py:2972} INFO - Setting next_dagrun for example_weekday_branch_operator to 2022-08-21T00:00:00+00:00, run_after=2022-08-22T00:00:00+00:00
[2022-08-22 22:02:17,814] {processor.py:161} INFO - Processing /home/airflow/.local/lib/python3.7/site-packages/airflow/example_dags/example_branch_day_of_week_operator.py took 0.095 seconds
[2022-08-22 22:02:48,463] {processor.py:153} INFO - Started process (PID=1114) to work on /home/airflow/.local/lib/python3.7/site-packages/airflow/example_dags/example_branch_day_of_week_operator.py
[2022-08-22 22:02:48,473] {processor.py:641} INFO - Processing file /home/airflow/.local/lib/python3.7/site-packages/airflow/example_dags/example_branch_day_of_week_operator.py for tasks to queue
[2022-08-22 22:02:48,474] {logging_mixin.py:115} INFO - [2022-08-22 22:02:48,474] {dagbag.py:508} INFO - Filling up the DagBag from /home/airflow/.local/lib/python3.7/site-packages/airflow/example_dags/example_branch_day_of_week_operator.py
[2022-08-22 22:02:48,482] {processor.py:651} INFO - DAG(s) dict_keys(['example_weekday_branch_operator']) retrieved from /home/airflow/.local/lib/python3.7/site-packages/airflow/example_dags/example_branch_day_of_week_operator.py
[2022-08-22 22:02:48,506] {logging_mixin.py:115} INFO - [2022-08-22 22:02:48,506] {dag.py:2420} INFO - Sync 1 DAGs
[2022-08-22 22:02:48,534] {logging_mixin.py:115} INFO - [2022-08-22 22:02:48,534] {dag.py:2972} INFO - Setting next_dagrun for example_weekday_branch_operator to 2022-08-21T00:00:00+00:00, run_after=2022-08-22T00:00:00+00:00
[2022-08-22 22:02:48,544] {processor.py:161} INFO - Processing /home/airflow/.local/lib/python3.7/site-packages/airflow/example_dags/example_branch_day_of_week_operator.py took 0.086 seconds
[2022-08-22 22:03:19,400] {processor.py:153} INFO - Started process (PID=1175) to work on /home/airflow/.local/lib/python3.7/site-packages/airflow/example_dags/example_branch_day_of_week_operator.py
[2022-08-22 22:03:19,401] {processor.py:641} INFO - Processing file /home/airflow/.local/lib/python3.7/site-packages/airflow/example_dags/example_branch_day_of_week_operator.py for tasks to queue
[2022-08-22 22:03:19,402] {logging_mixin.py:115} INFO - [2022-08-22 22:03:19,402] {dagbag.py:508} INFO - Filling up the DagBag from /home/airflow/.local/lib/python3.7/site-packages/airflow/example_dags/example_branch_day_of_week_operator.py
[2022-08-22 22:03:19,415] {processor.py:651} INFO - DAG(s) dict_keys(['example_weekday_branch_operator']) retrieved from /home/airflow/.local/lib/python3.7/site-packages/airflow/example_dags/example_branch_day_of_week_operator.py
[2022-08-22 22:03:19,446] {logging_mixin.py:115} INFO - [2022-08-22 22:03:19,446] {dag.py:2420} INFO - Sync 1 DAGs
[2022-08-22 22:03:19,469] {logging_mixin.py:115} INFO - [2022-08-22 22:03:19,469] {dag.py:2972} INFO - Setting next_dagrun for example_weekday_branch_operator to 2022-08-21T00:00:00+00:00, run_after=2022-08-22T00:00:00+00:00
[2022-08-22 22:03:19,481] {processor.py:161} INFO - Processing /home/airflow/.local/lib/python3.7/site-packages/airflow/example_dags/example_branch_day_of_week_operator.py took 0.084 seconds
[2022-08-22 22:03:50,319] {processor.py:153} INFO - Started process (PID=1236) to work on /home/airflow/.local/lib/python3.7/site-packages/airflow/example_dags/example_branch_day_of_week_operator.py
[2022-08-22 22:03:50,329] {processor.py:641} INFO - Processing file /home/airflow/.local/lib/python3.7/site-packages/airflow/example_dags/example_branch_day_of_week_operator.py for tasks to queue
[2022-08-22 22:03:50,330] {logging_mixin.py:115} INFO - [2022-08-22 22:03:50,330] {dagbag.py:508} INFO - Filling up the DagBag from /home/airflow/.local/lib/python3.7/site-packages/airflow/example_dags/example_branch_day_of_week_operator.py
[2022-08-22 22:03:50,346] {processor.py:651} INFO - DAG(s) dict_keys(['example_weekday_branch_operator']) retrieved from /home/airflow/.local/lib/python3.7/site-packages/airflow/example_dags/example_branch_day_of_week_operator.py
[2022-08-22 22:03:50,382] {logging_mixin.py:115} INFO - [2022-08-22 22:03:50,382] {dag.py:2420} INFO - Sync 1 DAGs
[2022-08-22 22:03:50,411] {logging_mixin.py:115} INFO - [2022-08-22 22:03:50,411] {dag.py:2972} INFO - Setting next_dagrun for example_weekday_branch_operator to 2022-08-21T00:00:00+00:00, run_after=2022-08-22T00:00:00+00:00
[2022-08-22 22:03:50,423] {processor.py:161} INFO - Processing /home/airflow/.local/lib/python3.7/site-packages/airflow/example_dags/example_branch_day_of_week_operator.py took 0.109 seconds
[2022-08-22 22:04:21,089] {processor.py:153} INFO - Started process (PID=1297) to work on /home/airflow/.local/lib/python3.7/site-packages/airflow/example_dags/example_branch_day_of_week_operator.py
[2022-08-22 22:04:21,090] {processor.py:641} INFO - Processing file /home/airflow/.local/lib/python3.7/site-packages/airflow/example_dags/example_branch_day_of_week_operator.py for tasks to queue
[2022-08-22 22:04:21,090] {logging_mixin.py:115} INFO - [2022-08-22 22:04:21,090] {dagbag.py:508} INFO - Filling up the DagBag from /home/airflow/.local/lib/python3.7/site-packages/airflow/example_dags/example_branch_day_of_week_operator.py
[2022-08-22 22:04:21,098] {processor.py:651} INFO - DAG(s) dict_keys(['example_weekday_branch_operator']) retrieved from /home/airflow/.local/lib/python3.7/site-packages/airflow/example_dags/example_branch_day_of_week_operator.py
[2022-08-22 22:04:21,121] {logging_mixin.py:115} INFO - [2022-08-22 22:04:21,121] {dag.py:2420} INFO - Sync 1 DAGs
[2022-08-22 22:04:21,153] {logging_mixin.py:115} INFO - [2022-08-22 22:04:21,153] {dag.py:2972} INFO - Setting next_dagrun for example_weekday_branch_operator to 2022-08-21T00:00:00+00:00, run_after=2022-08-22T00:00:00+00:00
[2022-08-22 22:04:21,163] {processor.py:161} INFO - Processing /home/airflow/.local/lib/python3.7/site-packages/airflow/example_dags/example_branch_day_of_week_operator.py took 0.076 seconds
[2022-08-22 22:04:51,594] {processor.py:153} INFO - Started process (PID=1349) to work on /home/airflow/.local/lib/python3.7/site-packages/airflow/example_dags/example_branch_day_of_week_operator.py
[2022-08-22 22:04:51,595] {processor.py:641} INFO - Processing file /home/airflow/.local/lib/python3.7/site-packages/airflow/example_dags/example_branch_day_of_week_operator.py for tasks to queue
[2022-08-22 22:04:51,596] {logging_mixin.py:115} INFO - [2022-08-22 22:04:51,596] {dagbag.py:508} INFO - Filling up the DagBag from /home/airflow/.local/lib/python3.7/site-packages/airflow/example_dags/example_branch_day_of_week_operator.py
[2022-08-22 22:04:51,603] {processor.py:651} INFO - DAG(s) dict_keys(['example_weekday_branch_operator']) retrieved from /home/airflow/.local/lib/python3.7/site-packages/airflow/example_dags/example_branch_day_of_week_operator.py
[2022-08-22 22:04:51,625] {logging_mixin.py:115} INFO - [2022-08-22 22:04:51,625] {dag.py:2420} INFO - Sync 1 DAGs
[2022-08-22 22:04:51,645] {logging_mixin.py:115} INFO - [2022-08-22 22:04:51,645] {dag.py:2972} INFO - Setting next_dagrun for example_weekday_branch_operator to 2022-08-21T00:00:00+00:00, run_after=2022-08-22T00:00:00+00:00
[2022-08-22 22:04:51,656] {processor.py:161} INFO - Processing /home/airflow/.local/lib/python3.7/site-packages/airflow/example_dags/example_branch_day_of_week_operator.py took 0.066 seconds
[2022-08-22 22:05:22,099] {processor.py:153} INFO - Started process (PID=1410) to work on /home/airflow/.local/lib/python3.7/site-packages/airflow/example_dags/example_branch_day_of_week_operator.py
[2022-08-22 22:05:22,110] {processor.py:641} INFO - Processing file /home/airflow/.local/lib/python3.7/site-packages/airflow/example_dags/example_branch_day_of_week_operator.py for tasks to queue
[2022-08-22 22:05:22,110] {logging_mixin.py:115} INFO - [2022-08-22 22:05:22,110] {dagbag.py:508} INFO - Filling up the DagBag from /home/airflow/.local/lib/python3.7/site-packages/airflow/example_dags/example_branch_day_of_week_operator.py
[2022-08-22 22:05:22,126] {processor.py:651} INFO - DAG(s) dict_keys(['example_weekday_branch_operator']) retrieved from /home/airflow/.local/lib/python3.7/site-packages/airflow/example_dags/example_branch_day_of_week_operator.py
[2022-08-22 22:05:22,166] {logging_mixin.py:115} INFO - [2022-08-22 22:05:22,166] {dag.py:2420} INFO - Sync 1 DAGs
[2022-08-22 22:05:22,185] {logging_mixin.py:115} INFO - [2022-08-22 22:05:22,185] {dag.py:2972} INFO - Setting next_dagrun for example_weekday_branch_operator to 2022-08-21T00:00:00+00:00, run_after=2022-08-22T00:00:00+00:00
[2022-08-22 22:05:22,196] {processor.py:161} INFO - Processing /home/airflow/.local/lib/python3.7/site-packages/airflow/example_dags/example_branch_day_of_week_operator.py took 0.101 seconds
[2022-08-22 22:05:52,926] {processor.py:153} INFO - Started process (PID=1471) to work on /home/airflow/.local/lib/python3.7/site-packages/airflow/example_dags/example_branch_day_of_week_operator.py
[2022-08-22 22:05:52,936] {processor.py:641} INFO - Processing file /home/airflow/.local/lib/python3.7/site-packages/airflow/example_dags/example_branch_day_of_week_operator.py for tasks to queue
[2022-08-22 22:05:52,937] {logging_mixin.py:115} INFO - [2022-08-22 22:05:52,937] {dagbag.py:508} INFO - Filling up the DagBag from /home/airflow/.local/lib/python3.7/site-packages/airflow/example_dags/example_branch_day_of_week_operator.py
[2022-08-22 22:05:52,953] {processor.py:651} INFO - DAG(s) dict_keys(['example_weekday_branch_operator']) retrieved from /home/airflow/.local/lib/python3.7/site-packages/airflow/example_dags/example_branch_day_of_week_operator.py
[2022-08-22 22:05:52,997] {logging_mixin.py:115} INFO - [2022-08-22 22:05:52,996] {dag.py:2420} INFO - Sync 1 DAGs
[2022-08-22 22:05:53,019] {logging_mixin.py:115} INFO - [2022-08-22 22:05:53,019] {dag.py:2972} INFO - Setting next_dagrun for example_weekday_branch_operator to 2022-08-21T00:00:00+00:00, run_after=2022-08-22T00:00:00+00:00
[2022-08-22 22:05:53,030] {processor.py:161} INFO - Processing /home/airflow/.local/lib/python3.7/site-packages/airflow/example_dags/example_branch_day_of_week_operator.py took 0.109 seconds
[2022-08-22 22:06:23,544] {processor.py:153} INFO - Started process (PID=1532) to work on /home/airflow/.local/lib/python3.7/site-packages/airflow/example_dags/example_branch_day_of_week_operator.py
[2022-08-22 22:06:23,545] {processor.py:641} INFO - Processing file /home/airflow/.local/lib/python3.7/site-packages/airflow/example_dags/example_branch_day_of_week_operator.py for tasks to queue
[2022-08-22 22:06:23,545] {logging_mixin.py:115} INFO - [2022-08-22 22:06:23,545] {dagbag.py:508} INFO - Filling up the DagBag from /home/airflow/.local/lib/python3.7/site-packages/airflow/example_dags/example_branch_day_of_week_operator.py
[2022-08-22 22:06:23,557] {processor.py:651} INFO - DAG(s) dict_keys(['example_weekday_branch_operator']) retrieved from /home/airflow/.local/lib/python3.7/site-packages/airflow/example_dags/example_branch_day_of_week_operator.py
[2022-08-22 22:06:23,582] {logging_mixin.py:115} INFO - [2022-08-22 22:06:23,582] {dag.py:2420} INFO - Sync 1 DAGs
[2022-08-22 22:06:23,605] {logging_mixin.py:115} INFO - [2022-08-22 22:06:23,605] {dag.py:2972} INFO - Setting next_dagrun for example_weekday_branch_operator to 2022-08-21T00:00:00+00:00, run_after=2022-08-22T00:00:00+00:00
[2022-08-22 22:06:23,615] {processor.py:161} INFO - Processing /home/airflow/.local/lib/python3.7/site-packages/airflow/example_dags/example_branch_day_of_week_operator.py took 0.075 seconds
[2022-08-22 22:06:54,220] {processor.py:153} INFO - Started process (PID=1584) to work on /home/airflow/.local/lib/python3.7/site-packages/airflow/example_dags/example_branch_day_of_week_operator.py
[2022-08-22 22:06:54,230] {processor.py:641} INFO - Processing file /home/airflow/.local/lib/python3.7/site-packages/airflow/example_dags/example_branch_day_of_week_operator.py for tasks to queue
[2022-08-22 22:06:54,231] {logging_mixin.py:115} INFO - [2022-08-22 22:06:54,231] {dagbag.py:508} INFO - Filling up the DagBag from /home/airflow/.local/lib/python3.7/site-packages/airflow/example_dags/example_branch_day_of_week_operator.py
[2022-08-22 22:06:54,248] {processor.py:651} INFO - DAG(s) dict_keys(['example_weekday_branch_operator']) retrieved from /home/airflow/.local/lib/python3.7/site-packages/airflow/example_dags/example_branch_day_of_week_operator.py
[2022-08-22 22:06:54,271] {logging_mixin.py:115} INFO - [2022-08-22 22:06:54,270] {dag.py:2420} INFO - Sync 1 DAGs
[2022-08-22 22:06:54,291] {logging_mixin.py:115} INFO - [2022-08-22 22:06:54,291] {dag.py:2972} INFO - Setting next_dagrun for example_weekday_branch_operator to 2022-08-21T00:00:00+00:00, run_after=2022-08-22T00:00:00+00:00
[2022-08-22 22:06:54,301] {processor.py:161} INFO - Processing /home/airflow/.local/lib/python3.7/site-packages/airflow/example_dags/example_branch_day_of_week_operator.py took 0.086 seconds
[2022-08-22 22:07:24,804] {processor.py:153} INFO - Started process (PID=1645) to work on /home/airflow/.local/lib/python3.7/site-packages/airflow/example_dags/example_branch_day_of_week_operator.py
[2022-08-22 22:07:24,815] {processor.py:641} INFO - Processing file /home/airflow/.local/lib/python3.7/site-packages/airflow/example_dags/example_branch_day_of_week_operator.py for tasks to queue
[2022-08-22 22:07:24,816] {logging_mixin.py:115} INFO - [2022-08-22 22:07:24,816] {dagbag.py:508} INFO - Filling up the DagBag from /home/airflow/.local/lib/python3.7/site-packages/airflow/example_dags/example_branch_day_of_week_operator.py
[2022-08-22 22:07:24,831] {processor.py:651} INFO - DAG(s) dict_keys(['example_weekday_branch_operator']) retrieved from /home/airflow/.local/lib/python3.7/site-packages/airflow/example_dags/example_branch_day_of_week_operator.py
[2022-08-22 22:07:24,873] {logging_mixin.py:115} INFO - [2022-08-22 22:07:24,873] {dag.py:2420} INFO - Sync 1 DAGs
[2022-08-22 22:07:24,893] {logging_mixin.py:115} INFO - [2022-08-22 22:07:24,893] {dag.py:2972} INFO - Setting next_dagrun for example_weekday_branch_operator to 2022-08-21T00:00:00+00:00, run_after=2022-08-22T00:00:00+00:00
[2022-08-22 22:07:24,904] {processor.py:161} INFO - Processing /home/airflow/.local/lib/python3.7/site-packages/airflow/example_dags/example_branch_day_of_week_operator.py took 0.104 seconds
[2022-08-22 22:07:55,591] {processor.py:153} INFO - Started process (PID=1706) to work on /home/airflow/.local/lib/python3.7/site-packages/airflow/example_dags/example_branch_day_of_week_operator.py
[2022-08-22 22:07:55,602] {processor.py:641} INFO - Processing file /home/airflow/.local/lib/python3.7/site-packages/airflow/example_dags/example_branch_day_of_week_operator.py for tasks to queue
[2022-08-22 22:07:55,603] {logging_mixin.py:115} INFO - [2022-08-22 22:07:55,603] {dagbag.py:508} INFO - Filling up the DagBag from /home/airflow/.local/lib/python3.7/site-packages/airflow/example_dags/example_branch_day_of_week_operator.py
[2022-08-22 22:07:55,618] {processor.py:651} INFO - DAG(s) dict_keys(['example_weekday_branch_operator']) retrieved from /home/airflow/.local/lib/python3.7/site-packages/airflow/example_dags/example_branch_day_of_week_operator.py
[2022-08-22 22:07:55,641] {logging_mixin.py:115} INFO - [2022-08-22 22:07:55,641] {dag.py:2420} INFO - Sync 1 DAGs
[2022-08-22 22:07:55,660] {logging_mixin.py:115} INFO - [2022-08-22 22:07:55,660] {dag.py:2972} INFO - Setting next_dagrun for example_weekday_branch_operator to 2022-08-21T00:00:00+00:00, run_after=2022-08-22T00:00:00+00:00
[2022-08-22 22:07:55,670] {processor.py:161} INFO - Processing /home/airflow/.local/lib/python3.7/site-packages/airflow/example_dags/example_branch_day_of_week_operator.py took 0.083 seconds
[2022-08-22 22:08:26,113] {processor.py:153} INFO - Started process (PID=1758) to work on /home/airflow/.local/lib/python3.7/site-packages/airflow/example_dags/example_branch_day_of_week_operator.py
[2022-08-22 22:08:26,124] {processor.py:641} INFO - Processing file /home/airflow/.local/lib/python3.7/site-packages/airflow/example_dags/example_branch_day_of_week_operator.py for tasks to queue
[2022-08-22 22:08:26,124] {logging_mixin.py:115} INFO - [2022-08-22 22:08:26,124] {dagbag.py:508} INFO - Filling up the DagBag from /home/airflow/.local/lib/python3.7/site-packages/airflow/example_dags/example_branch_day_of_week_operator.py
[2022-08-22 22:08:26,139] {processor.py:651} INFO - DAG(s) dict_keys(['example_weekday_branch_operator']) retrieved from /home/airflow/.local/lib/python3.7/site-packages/airflow/example_dags/example_branch_day_of_week_operator.py
[2022-08-22 22:08:26,172] {logging_mixin.py:115} INFO - [2022-08-22 22:08:26,172] {dag.py:2420} INFO - Sync 1 DAGs
[2022-08-22 22:08:26,195] {logging_mixin.py:115} INFO - [2022-08-22 22:08:26,195] {dag.py:2972} INFO - Setting next_dagrun for example_weekday_branch_operator to 2022-08-21T00:00:00+00:00, run_after=2022-08-22T00:00:00+00:00
[2022-08-22 22:08:26,205] {processor.py:161} INFO - Processing /home/airflow/.local/lib/python3.7/site-packages/airflow/example_dags/example_branch_day_of_week_operator.py took 0.097 seconds
[2022-08-22 22:08:57,012] {processor.py:153} INFO - Started process (PID=1819) to work on /home/airflow/.local/lib/python3.7/site-packages/airflow/example_dags/example_branch_day_of_week_operator.py
[2022-08-22 22:08:57,013] {processor.py:641} INFO - Processing file /home/airflow/.local/lib/python3.7/site-packages/airflow/example_dags/example_branch_day_of_week_operator.py for tasks to queue
[2022-08-22 22:08:57,013] {logging_mixin.py:115} INFO - [2022-08-22 22:08:57,013] {dagbag.py:508} INFO - Filling up the DagBag from /home/airflow/.local/lib/python3.7/site-packages/airflow/example_dags/example_branch_day_of_week_operator.py
[2022-08-22 22:08:57,029] {processor.py:651} INFO - DAG(s) dict_keys(['example_weekday_branch_operator']) retrieved from /home/airflow/.local/lib/python3.7/site-packages/airflow/example_dags/example_branch_day_of_week_operator.py
[2022-08-22 22:08:57,064] {logging_mixin.py:115} INFO - [2022-08-22 22:08:57,063] {dag.py:2420} INFO - Sync 1 DAGs
[2022-08-22 22:08:57,088] {logging_mixin.py:115} INFO - [2022-08-22 22:08:57,088] {dag.py:2972} INFO - Setting next_dagrun for example_weekday_branch_operator to 2022-08-21T00:00:00+00:00, run_after=2022-08-22T00:00:00+00:00
[2022-08-22 22:08:57,099] {processor.py:161} INFO - Processing /home/airflow/.local/lib/python3.7/site-packages/airflow/example_dags/example_branch_day_of_week_operator.py took 0.091 seconds
[2022-08-22 22:09:27,529] {processor.py:153} INFO - Started process (PID=1880) to work on /home/airflow/.local/lib/python3.7/site-packages/airflow/example_dags/example_branch_day_of_week_operator.py
[2022-08-22 22:09:27,539] {processor.py:641} INFO - Processing file /home/airflow/.local/lib/python3.7/site-packages/airflow/example_dags/example_branch_day_of_week_operator.py for tasks to queue
[2022-08-22 22:09:27,540] {logging_mixin.py:115} INFO - [2022-08-22 22:09:27,540] {dagbag.py:508} INFO - Filling up the DagBag from /home/airflow/.local/lib/python3.7/site-packages/airflow/example_dags/example_branch_day_of_week_operator.py
[2022-08-22 22:09:27,552] {processor.py:651} INFO - DAG(s) dict_keys(['example_weekday_branch_operator']) retrieved from /home/airflow/.local/lib/python3.7/site-packages/airflow/example_dags/example_branch_day_of_week_operator.py
[2022-08-22 22:09:27,590] {logging_mixin.py:115} INFO - [2022-08-22 22:09:27,589] {dag.py:2420} INFO - Sync 1 DAGs
[2022-08-22 22:09:27,609] {logging_mixin.py:115} INFO - [2022-08-22 22:09:27,608] {dag.py:2972} INFO - Setting next_dagrun for example_weekday_branch_operator to 2022-08-21T00:00:00+00:00, run_after=2022-08-22T00:00:00+00:00
[2022-08-22 22:09:27,618] {processor.py:161} INFO - Processing /home/airflow/.local/lib/python3.7/site-packages/airflow/example_dags/example_branch_day_of_week_operator.py took 0.093 seconds
[2022-08-22 22:09:58,214] {processor.py:153} INFO - Started process (PID=1941) to work on /home/airflow/.local/lib/python3.7/site-packages/airflow/example_dags/example_branch_day_of_week_operator.py
[2022-08-22 22:09:58,215] {processor.py:641} INFO - Processing file /home/airflow/.local/lib/python3.7/site-packages/airflow/example_dags/example_branch_day_of_week_operator.py for tasks to queue
[2022-08-22 22:09:58,216] {logging_mixin.py:115} INFO - [2022-08-22 22:09:58,216] {dagbag.py:508} INFO - Filling up the DagBag from /home/airflow/.local/lib/python3.7/site-packages/airflow/example_dags/example_branch_day_of_week_operator.py
[2022-08-22 22:09:58,231] {processor.py:651} INFO - DAG(s) dict_keys(['example_weekday_branch_operator']) retrieved from /home/airflow/.local/lib/python3.7/site-packages/airflow/example_dags/example_branch_day_of_week_operator.py
[2022-08-22 22:09:58,263] {logging_mixin.py:115} INFO - [2022-08-22 22:09:58,263] {dag.py:2420} INFO - Sync 1 DAGs
[2022-08-22 22:09:58,285] {logging_mixin.py:115} INFO - [2022-08-22 22:09:58,285] {dag.py:2972} INFO - Setting next_dagrun for example_weekday_branch_operator to 2022-08-21T00:00:00+00:00, run_after=2022-08-22T00:00:00+00:00
[2022-08-22 22:09:58,295] {processor.py:161} INFO - Processing /home/airflow/.local/lib/python3.7/site-packages/airflow/example_dags/example_branch_day_of_week_operator.py took 0.085 seconds
[2022-08-22 22:10:28,971] {processor.py:153} INFO - Started process (PID=1993) to work on /home/airflow/.local/lib/python3.7/site-packages/airflow/example_dags/example_branch_day_of_week_operator.py
[2022-08-22 22:10:28,981] {processor.py:641} INFO - Processing file /home/airflow/.local/lib/python3.7/site-packages/airflow/example_dags/example_branch_day_of_week_operator.py for tasks to queue
[2022-08-22 22:10:28,982] {logging_mixin.py:115} INFO - [2022-08-22 22:10:28,982] {dagbag.py:508} INFO - Filling up the DagBag from /home/airflow/.local/lib/python3.7/site-packages/airflow/example_dags/example_branch_day_of_week_operator.py
[2022-08-22 22:10:28,995] {processor.py:651} INFO - DAG(s) dict_keys(['example_weekday_branch_operator']) retrieved from /home/airflow/.local/lib/python3.7/site-packages/airflow/example_dags/example_branch_day_of_week_operator.py
[2022-08-22 22:10:29,017] {logging_mixin.py:115} INFO - [2022-08-22 22:10:29,017] {dag.py:2420} INFO - Sync 1 DAGs
[2022-08-22 22:10:29,036] {logging_mixin.py:115} INFO - [2022-08-22 22:10:29,036] {dag.py:2972} INFO - Setting next_dagrun for example_weekday_branch_operator to 2022-08-21T00:00:00+00:00, run_after=2022-08-22T00:00:00+00:00
[2022-08-22 22:10:29,045] {processor.py:161} INFO - Processing /home/airflow/.local/lib/python3.7/site-packages/airflow/example_dags/example_branch_day_of_week_operator.py took 0.079 seconds
[2022-08-22 22:10:59,657] {processor.py:153} INFO - Started process (PID=2054) to work on /home/airflow/.local/lib/python3.7/site-packages/airflow/example_dags/example_branch_day_of_week_operator.py
[2022-08-22 22:10:59,657] {processor.py:641} INFO - Processing file /home/airflow/.local/lib/python3.7/site-packages/airflow/example_dags/example_branch_day_of_week_operator.py for tasks to queue
[2022-08-22 22:10:59,657] {logging_mixin.py:115} INFO - [2022-08-22 22:10:59,657] {dagbag.py:508} INFO - Filling up the DagBag from /home/airflow/.local/lib/python3.7/site-packages/airflow/example_dags/example_branch_day_of_week_operator.py
[2022-08-22 22:10:59,665] {processor.py:651} INFO - DAG(s) dict_keys(['example_weekday_branch_operator']) retrieved from /home/airflow/.local/lib/python3.7/site-packages/airflow/example_dags/example_branch_day_of_week_operator.py
[2022-08-22 22:10:59,692] {logging_mixin.py:115} INFO - [2022-08-22 22:10:59,691] {dag.py:2420} INFO - Sync 1 DAGs
[2022-08-22 22:10:59,716] {logging_mixin.py:115} INFO - [2022-08-22 22:10:59,716] {dag.py:2972} INFO - Setting next_dagrun for example_weekday_branch_operator to 2022-08-21T00:00:00+00:00, run_after=2022-08-22T00:00:00+00:00
[2022-08-22 22:10:59,729] {processor.py:161} INFO - Processing /home/airflow/.local/lib/python3.7/site-packages/airflow/example_dags/example_branch_day_of_week_operator.py took 0.075 seconds
[2022-08-22 22:11:30,226] {processor.py:153} INFO - Started process (PID=2114) to work on /home/airflow/.local/lib/python3.7/site-packages/airflow/example_dags/example_branch_day_of_week_operator.py
[2022-08-22 22:11:30,236] {processor.py:641} INFO - Processing file /home/airflow/.local/lib/python3.7/site-packages/airflow/example_dags/example_branch_day_of_week_operator.py for tasks to queue
[2022-08-22 22:11:30,237] {logging_mixin.py:115} INFO - [2022-08-22 22:11:30,237] {dagbag.py:508} INFO - Filling up the DagBag from /home/airflow/.local/lib/python3.7/site-packages/airflow/example_dags/example_branch_day_of_week_operator.py
[2022-08-22 22:11:30,249] {processor.py:651} INFO - DAG(s) dict_keys(['example_weekday_branch_operator']) retrieved from /home/airflow/.local/lib/python3.7/site-packages/airflow/example_dags/example_branch_day_of_week_operator.py
[2022-08-22 22:11:30,275] {logging_mixin.py:115} INFO - [2022-08-22 22:11:30,275] {dag.py:2420} INFO - Sync 1 DAGs
[2022-08-22 22:11:30,294] {logging_mixin.py:115} INFO - [2022-08-22 22:11:30,294] {dag.py:2972} INFO - Setting next_dagrun for example_weekday_branch_operator to 2022-08-21T00:00:00+00:00, run_after=2022-08-22T00:00:00+00:00
[2022-08-22 22:11:30,303] {processor.py:161} INFO - Processing /home/airflow/.local/lib/python3.7/site-packages/airflow/example_dags/example_branch_day_of_week_operator.py took 0.081 seconds
[2022-08-22 22:12:00,750] {processor.py:153} INFO - Started process (PID=2175) to work on /home/airflow/.local/lib/python3.7/site-packages/airflow/example_dags/example_branch_day_of_week_operator.py
[2022-08-22 22:12:00,760] {processor.py:641} INFO - Processing file /home/airflow/.local/lib/python3.7/site-packages/airflow/example_dags/example_branch_day_of_week_operator.py for tasks to queue
[2022-08-22 22:12:00,761] {logging_mixin.py:115} INFO - [2022-08-22 22:12:00,761] {dagbag.py:508} INFO - Filling up the DagBag from /home/airflow/.local/lib/python3.7/site-packages/airflow/example_dags/example_branch_day_of_week_operator.py
[2022-08-22 22:12:00,768] {processor.py:651} INFO - DAG(s) dict_keys(['example_weekday_branch_operator']) retrieved from /home/airflow/.local/lib/python3.7/site-packages/airflow/example_dags/example_branch_day_of_week_operator.py
[2022-08-22 22:12:00,794] {logging_mixin.py:115} INFO - [2022-08-22 22:12:00,794] {dag.py:2420} INFO - Sync 1 DAGs
[2022-08-22 22:12:00,815] {logging_mixin.py:115} INFO - [2022-08-22 22:12:00,815] {dag.py:2972} INFO - Setting next_dagrun for example_weekday_branch_operator to 2022-08-21T00:00:00+00:00, run_after=2022-08-22T00:00:00+00:00
[2022-08-22 22:12:00,827] {processor.py:161} INFO - Processing /home/airflow/.local/lib/python3.7/site-packages/airflow/example_dags/example_branch_day_of_week_operator.py took 0.079 seconds
[2022-08-22 22:12:31,328] {processor.py:153} INFO - Started process (PID=2227) to work on /home/airflow/.local/lib/python3.7/site-packages/airflow/example_dags/example_branch_day_of_week_operator.py
[2022-08-22 22:12:31,329] {processor.py:641} INFO - Processing file /home/airflow/.local/lib/python3.7/site-packages/airflow/example_dags/example_branch_day_of_week_operator.py for tasks to queue
[2022-08-22 22:12:31,330] {logging_mixin.py:115} INFO - [2022-08-22 22:12:31,330] {dagbag.py:508} INFO - Filling up the DagBag from /home/airflow/.local/lib/python3.7/site-packages/airflow/example_dags/example_branch_day_of_week_operator.py
[2022-08-22 22:12:31,337] {processor.py:651} INFO - DAG(s) dict_keys(['example_weekday_branch_operator']) retrieved from /home/airflow/.local/lib/python3.7/site-packages/airflow/example_dags/example_branch_day_of_week_operator.py
[2022-08-22 22:12:31,370] {logging_mixin.py:115} INFO - [2022-08-22 22:12:31,370] {dag.py:2420} INFO - Sync 1 DAGs
[2022-08-22 22:12:31,394] {logging_mixin.py:115} INFO - [2022-08-22 22:12:31,393] {dag.py:2972} INFO - Setting next_dagrun for example_weekday_branch_operator to 2022-08-21T00:00:00+00:00, run_after=2022-08-22T00:00:00+00:00
[2022-08-22 22:12:31,403] {processor.py:161} INFO - Processing /home/airflow/.local/lib/python3.7/site-packages/airflow/example_dags/example_branch_day_of_week_operator.py took 0.078 seconds
[2022-08-22 22:13:01,908] {processor.py:153} INFO - Started process (PID=2288) to work on /home/airflow/.local/lib/python3.7/site-packages/airflow/example_dags/example_branch_day_of_week_operator.py
[2022-08-22 22:13:01,919] {processor.py:641} INFO - Processing file /home/airflow/.local/lib/python3.7/site-packages/airflow/example_dags/example_branch_day_of_week_operator.py for tasks to queue
[2022-08-22 22:13:01,920] {logging_mixin.py:115} INFO - [2022-08-22 22:13:01,920] {dagbag.py:508} INFO - Filling up the DagBag from /home/airflow/.local/lib/python3.7/site-packages/airflow/example_dags/example_branch_day_of_week_operator.py
[2022-08-22 22:13:01,936] {processor.py:651} INFO - DAG(s) dict_keys(['example_weekday_branch_operator']) retrieved from /home/airflow/.local/lib/python3.7/site-packages/airflow/example_dags/example_branch_day_of_week_operator.py
[2022-08-22 22:13:01,959] {logging_mixin.py:115} INFO - [2022-08-22 22:13:01,959] {dag.py:2420} INFO - Sync 1 DAGs
[2022-08-22 22:13:01,978] {logging_mixin.py:115} INFO - [2022-08-22 22:13:01,978] {dag.py:2972} INFO - Setting next_dagrun for example_weekday_branch_operator to 2022-08-21T00:00:00+00:00, run_after=2022-08-22T00:00:00+00:00
[2022-08-22 22:13:01,988] {processor.py:161} INFO - Processing /home/airflow/.local/lib/python3.7/site-packages/airflow/example_dags/example_branch_day_of_week_operator.py took 0.084 seconds
[2022-08-22 22:13:32,573] {processor.py:153} INFO - Started process (PID=2349) to work on /home/airflow/.local/lib/python3.7/site-packages/airflow/example_dags/example_branch_day_of_week_operator.py
[2022-08-22 22:13:32,574] {processor.py:641} INFO - Processing file /home/airflow/.local/lib/python3.7/site-packages/airflow/example_dags/example_branch_day_of_week_operator.py for tasks to queue
[2022-08-22 22:13:32,575] {logging_mixin.py:115} INFO - [2022-08-22 22:13:32,575] {dagbag.py:508} INFO - Filling up the DagBag from /home/airflow/.local/lib/python3.7/site-packages/airflow/example_dags/example_branch_day_of_week_operator.py
[2022-08-22 22:13:32,590] {processor.py:651} INFO - DAG(s) dict_keys(['example_weekday_branch_operator']) retrieved from /home/airflow/.local/lib/python3.7/site-packages/airflow/example_dags/example_branch_day_of_week_operator.py
[2022-08-22 22:13:32,618] {logging_mixin.py:115} INFO - [2022-08-22 22:13:32,618] {dag.py:2420} INFO - Sync 1 DAGs
[2022-08-22 22:13:32,637] {logging_mixin.py:115} INFO - [2022-08-22 22:13:32,637] {dag.py:2972} INFO - Setting next_dagrun for example_weekday_branch_operator to 2022-08-21T00:00:00+00:00, run_after=2022-08-22T00:00:00+00:00
[2022-08-22 22:13:32,647] {processor.py:161} INFO - Processing /home/airflow/.local/lib/python3.7/site-packages/airflow/example_dags/example_branch_day_of_week_operator.py took 0.078 seconds
[2022-08-22 22:14:03,243] {processor.py:153} INFO - Started process (PID=2408) to work on /home/airflow/.local/lib/python3.7/site-packages/airflow/example_dags/example_branch_day_of_week_operator.py
[2022-08-22 22:14:03,244] {processor.py:641} INFO - Processing file /home/airflow/.local/lib/python3.7/site-packages/airflow/example_dags/example_branch_day_of_week_operator.py for tasks to queue
[2022-08-22 22:14:03,245] {logging_mixin.py:115} INFO - [2022-08-22 22:14:03,245] {dagbag.py:508} INFO - Filling up the DagBag from /home/airflow/.local/lib/python3.7/site-packages/airflow/example_dags/example_branch_day_of_week_operator.py
[2022-08-22 22:14:03,257] {processor.py:651} INFO - DAG(s) dict_keys(['example_weekday_branch_operator']) retrieved from /home/airflow/.local/lib/python3.7/site-packages/airflow/example_dags/example_branch_day_of_week_operator.py
[2022-08-22 22:14:03,292] {logging_mixin.py:115} INFO - [2022-08-22 22:14:03,292] {dag.py:2420} INFO - Sync 1 DAGs
[2022-08-22 22:14:03,319] {logging_mixin.py:115} INFO - [2022-08-22 22:14:03,319] {dag.py:2972} INFO - Setting next_dagrun for example_weekday_branch_operator to 2022-08-21T00:00:00+00:00, run_after=2022-08-22T00:00:00+00:00
[2022-08-22 22:14:03,334] {processor.py:161} INFO - Processing /home/airflow/.local/lib/python3.7/site-packages/airflow/example_dags/example_branch_day_of_week_operator.py took 0.094 seconds
[2022-08-22 22:14:33,837] {processor.py:153} INFO - Started process (PID=2462) to work on /home/airflow/.local/lib/python3.7/site-packages/airflow/example_dags/example_branch_day_of_week_operator.py
[2022-08-22 22:14:33,847] {processor.py:641} INFO - Processing file /home/airflow/.local/lib/python3.7/site-packages/airflow/example_dags/example_branch_day_of_week_operator.py for tasks to queue
[2022-08-22 22:14:33,848] {logging_mixin.py:115} INFO - [2022-08-22 22:14:33,848] {dagbag.py:508} INFO - Filling up the DagBag from /home/airflow/.local/lib/python3.7/site-packages/airflow/example_dags/example_branch_day_of_week_operator.py
[2022-08-22 22:14:33,864] {processor.py:651} INFO - DAG(s) dict_keys(['example_weekday_branch_operator']) retrieved from /home/airflow/.local/lib/python3.7/site-packages/airflow/example_dags/example_branch_day_of_week_operator.py
[2022-08-22 22:14:33,890] {logging_mixin.py:115} INFO - [2022-08-22 22:14:33,890] {dag.py:2420} INFO - Sync 1 DAGs
[2022-08-22 22:14:33,912] {logging_mixin.py:115} INFO - [2022-08-22 22:14:33,912] {dag.py:2972} INFO - Setting next_dagrun for example_weekday_branch_operator to 2022-08-21T00:00:00+00:00, run_after=2022-08-22T00:00:00+00:00
[2022-08-22 22:14:33,927] {processor.py:161} INFO - Processing /home/airflow/.local/lib/python3.7/site-packages/airflow/example_dags/example_branch_day_of_week_operator.py took 0.095 seconds
[2022-08-22 22:15:04,419] {processor.py:153} INFO - Started process (PID=2523) to work on /home/airflow/.local/lib/python3.7/site-packages/airflow/example_dags/example_branch_day_of_week_operator.py
[2022-08-22 22:15:04,420] {processor.py:641} INFO - Processing file /home/airflow/.local/lib/python3.7/site-packages/airflow/example_dags/example_branch_day_of_week_operator.py for tasks to queue
[2022-08-22 22:15:04,421] {logging_mixin.py:115} INFO - [2022-08-22 22:15:04,421] {dagbag.py:508} INFO - Filling up the DagBag from /home/airflow/.local/lib/python3.7/site-packages/airflow/example_dags/example_branch_day_of_week_operator.py
[2022-08-22 22:15:04,429] {processor.py:651} INFO - DAG(s) dict_keys(['example_weekday_branch_operator']) retrieved from /home/airflow/.local/lib/python3.7/site-packages/airflow/example_dags/example_branch_day_of_week_operator.py
[2022-08-22 22:15:04,452] {logging_mixin.py:115} INFO - [2022-08-22 22:15:04,452] {dag.py:2420} INFO - Sync 1 DAGs
[2022-08-22 22:15:04,473] {logging_mixin.py:115} INFO - [2022-08-22 22:15:04,473] {dag.py:2972} INFO - Setting next_dagrun for example_weekday_branch_operator to 2022-08-21T00:00:00+00:00, run_after=2022-08-22T00:00:00+00:00
[2022-08-22 22:15:04,483] {processor.py:161} INFO - Processing /home/airflow/.local/lib/python3.7/site-packages/airflow/example_dags/example_branch_day_of_week_operator.py took 0.065 seconds
[2022-08-22 22:15:35,117] {processor.py:153} INFO - Started process (PID=2584) to work on /home/airflow/.local/lib/python3.7/site-packages/airflow/example_dags/example_branch_day_of_week_operator.py
[2022-08-22 22:15:35,127] {processor.py:641} INFO - Processing file /home/airflow/.local/lib/python3.7/site-packages/airflow/example_dags/example_branch_day_of_week_operator.py for tasks to queue
[2022-08-22 22:15:35,128] {logging_mixin.py:115} INFO - [2022-08-22 22:15:35,128] {dagbag.py:508} INFO - Filling up the DagBag from /home/airflow/.local/lib/python3.7/site-packages/airflow/example_dags/example_branch_day_of_week_operator.py
[2022-08-22 22:15:35,134] {processor.py:651} INFO - DAG(s) dict_keys(['example_weekday_branch_operator']) retrieved from /home/airflow/.local/lib/python3.7/site-packages/airflow/example_dags/example_branch_day_of_week_operator.py
[2022-08-22 22:15:35,169] {logging_mixin.py:115} INFO - [2022-08-22 22:15:35,169] {dag.py:2420} INFO - Sync 1 DAGs
[2022-08-22 22:15:35,196] {logging_mixin.py:115} INFO - [2022-08-22 22:15:35,196] {dag.py:2972} INFO - Setting next_dagrun for example_weekday_branch_operator to 2022-08-21T00:00:00+00:00, run_after=2022-08-22T00:00:00+00:00
[2022-08-22 22:15:35,206] {processor.py:161} INFO - Processing /home/airflow/.local/lib/python3.7/site-packages/airflow/example_dags/example_branch_day_of_week_operator.py took 0.092 seconds
[2022-08-22 22:16:05,684] {processor.py:153} INFO - Started process (PID=2636) to work on /home/airflow/.local/lib/python3.7/site-packages/airflow/example_dags/example_branch_day_of_week_operator.py
[2022-08-22 22:16:05,695] {processor.py:641} INFO - Processing file /home/airflow/.local/lib/python3.7/site-packages/airflow/example_dags/example_branch_day_of_week_operator.py for tasks to queue
[2022-08-22 22:16:05,696] {logging_mixin.py:115} INFO - [2022-08-22 22:16:05,695] {dagbag.py:508} INFO - Filling up the DagBag from /home/airflow/.local/lib/python3.7/site-packages/airflow/example_dags/example_branch_day_of_week_operator.py
[2022-08-22 22:16:05,712] {processor.py:651} INFO - DAG(s) dict_keys(['example_weekday_branch_operator']) retrieved from /home/airflow/.local/lib/python3.7/site-packages/airflow/example_dags/example_branch_day_of_week_operator.py
[2022-08-22 22:16:05,749] {logging_mixin.py:115} INFO - [2022-08-22 22:16:05,749] {dag.py:2420} INFO - Sync 1 DAGs
[2022-08-22 22:16:05,768] {logging_mixin.py:115} INFO - [2022-08-22 22:16:05,768] {dag.py:2972} INFO - Setting next_dagrun for example_weekday_branch_operator to 2022-08-21T00:00:00+00:00, run_after=2022-08-22T00:00:00+00:00
[2022-08-22 22:16:05,782] {processor.py:161} INFO - Processing /home/airflow/.local/lib/python3.7/site-packages/airflow/example_dags/example_branch_day_of_week_operator.py took 0.102 seconds
[2022-08-22 22:16:36,366] {processor.py:153} INFO - Started process (PID=2697) to work on /home/airflow/.local/lib/python3.7/site-packages/airflow/example_dags/example_branch_day_of_week_operator.py
[2022-08-22 22:16:36,367] {processor.py:641} INFO - Processing file /home/airflow/.local/lib/python3.7/site-packages/airflow/example_dags/example_branch_day_of_week_operator.py for tasks to queue
[2022-08-22 22:16:36,368] {logging_mixin.py:115} INFO - [2022-08-22 22:16:36,368] {dagbag.py:508} INFO - Filling up the DagBag from /home/airflow/.local/lib/python3.7/site-packages/airflow/example_dags/example_branch_day_of_week_operator.py
[2022-08-22 22:16:36,384] {processor.py:651} INFO - DAG(s) dict_keys(['example_weekday_branch_operator']) retrieved from /home/airflow/.local/lib/python3.7/site-packages/airflow/example_dags/example_branch_day_of_week_operator.py
[2022-08-22 22:16:36,414] {logging_mixin.py:115} INFO - [2022-08-22 22:16:36,413] {dag.py:2420} INFO - Sync 1 DAGs
[2022-08-22 22:16:36,445] {logging_mixin.py:115} INFO - [2022-08-22 22:16:36,445] {dag.py:2972} INFO - Setting next_dagrun for example_weekday_branch_operator to 2022-08-21T00:00:00+00:00, run_after=2022-08-22T00:00:00+00:00
[2022-08-22 22:16:36,462] {processor.py:161} INFO - Processing /home/airflow/.local/lib/python3.7/site-packages/airflow/example_dags/example_branch_day_of_week_operator.py took 0.101 seconds
[2022-08-22 22:17:07,069] {processor.py:153} INFO - Started process (PID=2758) to work on /home/airflow/.local/lib/python3.7/site-packages/airflow/example_dags/example_branch_day_of_week_operator.py
[2022-08-22 22:17:07,070] {processor.py:641} INFO - Processing file /home/airflow/.local/lib/python3.7/site-packages/airflow/example_dags/example_branch_day_of_week_operator.py for tasks to queue
[2022-08-22 22:17:07,071] {logging_mixin.py:115} INFO - [2022-08-22 22:17:07,071] {dagbag.py:508} INFO - Filling up the DagBag from /home/airflow/.local/lib/python3.7/site-packages/airflow/example_dags/example_branch_day_of_week_operator.py
[2022-08-22 22:17:07,087] {processor.py:651} INFO - DAG(s) dict_keys(['example_weekday_branch_operator']) retrieved from /home/airflow/.local/lib/python3.7/site-packages/airflow/example_dags/example_branch_day_of_week_operator.py
[2022-08-22 22:17:07,112] {logging_mixin.py:115} INFO - [2022-08-22 22:17:07,112] {dag.py:2420} INFO - Sync 1 DAGs
[2022-08-22 22:17:07,131] {logging_mixin.py:115} INFO - [2022-08-22 22:17:07,131] {dag.py:2972} INFO - Setting next_dagrun for example_weekday_branch_operator to 2022-08-21T00:00:00+00:00, run_after=2022-08-22T00:00:00+00:00
[2022-08-22 22:17:07,142] {processor.py:161} INFO - Processing /home/airflow/.local/lib/python3.7/site-packages/airflow/example_dags/example_branch_day_of_week_operator.py took 0.077 seconds
[2022-08-22 22:17:37,579] {processor.py:153} INFO - Started process (PID=2819) to work on /home/airflow/.local/lib/python3.7/site-packages/airflow/example_dags/example_branch_day_of_week_operator.py
[2022-08-22 22:17:37,580] {processor.py:641} INFO - Processing file /home/airflow/.local/lib/python3.7/site-packages/airflow/example_dags/example_branch_day_of_week_operator.py for tasks to queue
[2022-08-22 22:17:37,581] {logging_mixin.py:115} INFO - [2022-08-22 22:17:37,581] {dagbag.py:508} INFO - Filling up the DagBag from /home/airflow/.local/lib/python3.7/site-packages/airflow/example_dags/example_branch_day_of_week_operator.py
[2022-08-22 22:17:37,594] {processor.py:651} INFO - DAG(s) dict_keys(['example_weekday_branch_operator']) retrieved from /home/airflow/.local/lib/python3.7/site-packages/airflow/example_dags/example_branch_day_of_week_operator.py
[2022-08-22 22:17:37,627] {logging_mixin.py:115} INFO - [2022-08-22 22:17:37,626] {dag.py:2420} INFO - Sync 1 DAGs
[2022-08-22 22:17:37,648] {logging_mixin.py:115} INFO - [2022-08-22 22:17:37,648] {dag.py:2972} INFO - Setting next_dagrun for example_weekday_branch_operator to 2022-08-21T00:00:00+00:00, run_after=2022-08-22T00:00:00+00:00
[2022-08-22 22:17:37,658] {processor.py:161} INFO - Processing /home/airflow/.local/lib/python3.7/site-packages/airflow/example_dags/example_branch_day_of_week_operator.py took 0.083 seconds
[2022-08-22 22:18:08,162] {processor.py:153} INFO - Started process (PID=2871) to work on /home/airflow/.local/lib/python3.7/site-packages/airflow/example_dags/example_branch_day_of_week_operator.py
[2022-08-22 22:18:08,172] {processor.py:641} INFO - Processing file /home/airflow/.local/lib/python3.7/site-packages/airflow/example_dags/example_branch_day_of_week_operator.py for tasks to queue
[2022-08-22 22:18:08,173] {logging_mixin.py:115} INFO - [2022-08-22 22:18:08,172] {dagbag.py:508} INFO - Filling up the DagBag from /home/airflow/.local/lib/python3.7/site-packages/airflow/example_dags/example_branch_day_of_week_operator.py
[2022-08-22 22:18:08,185] {processor.py:651} INFO - DAG(s) dict_keys(['example_weekday_branch_operator']) retrieved from /home/airflow/.local/lib/python3.7/site-packages/airflow/example_dags/example_branch_day_of_week_operator.py
[2022-08-22 22:18:08,217] {logging_mixin.py:115} INFO - [2022-08-22 22:18:08,217] {dag.py:2420} INFO - Sync 1 DAGs
[2022-08-22 22:18:08,242] {logging_mixin.py:115} INFO - [2022-08-22 22:18:08,242] {dag.py:2972} INFO - Setting next_dagrun for example_weekday_branch_operator to 2022-08-21T00:00:00+00:00, run_after=2022-08-22T00:00:00+00:00
[2022-08-22 22:18:08,252] {processor.py:161} INFO - Processing /home/airflow/.local/lib/python3.7/site-packages/airflow/example_dags/example_branch_day_of_week_operator.py took 0.095 seconds
[2022-08-22 22:18:38,834] {processor.py:153} INFO - Started process (PID=2932) to work on /home/airflow/.local/lib/python3.7/site-packages/airflow/example_dags/example_branch_day_of_week_operator.py
[2022-08-22 22:18:38,845] {processor.py:641} INFO - Processing file /home/airflow/.local/lib/python3.7/site-packages/airflow/example_dags/example_branch_day_of_week_operator.py for tasks to queue
[2022-08-22 22:18:38,846] {logging_mixin.py:115} INFO - [2022-08-22 22:18:38,846] {dagbag.py:508} INFO - Filling up the DagBag from /home/airflow/.local/lib/python3.7/site-packages/airflow/example_dags/example_branch_day_of_week_operator.py
[2022-08-22 22:18:38,863] {processor.py:651} INFO - DAG(s) dict_keys(['example_weekday_branch_operator']) retrieved from /home/airflow/.local/lib/python3.7/site-packages/airflow/example_dags/example_branch_day_of_week_operator.py
[2022-08-22 22:18:38,897] {logging_mixin.py:115} INFO - [2022-08-22 22:18:38,896] {dag.py:2420} INFO - Sync 1 DAGs
[2022-08-22 22:18:38,922] {logging_mixin.py:115} INFO - [2022-08-22 22:18:38,922] {dag.py:2972} INFO - Setting next_dagrun for example_weekday_branch_operator to 2022-08-21T00:00:00+00:00, run_after=2022-08-22T00:00:00+00:00
[2022-08-22 22:18:38,932] {processor.py:161} INFO - Processing /home/airflow/.local/lib/python3.7/site-packages/airflow/example_dags/example_branch_day_of_week_operator.py took 0.103 seconds
[2022-08-22 22:19:09,518] {processor.py:153} INFO - Started process (PID=2994) to work on /home/airflow/.local/lib/python3.7/site-packages/airflow/example_dags/example_branch_day_of_week_operator.py
[2022-08-22 22:19:09,528] {processor.py:641} INFO - Processing file /home/airflow/.local/lib/python3.7/site-packages/airflow/example_dags/example_branch_day_of_week_operator.py for tasks to queue
[2022-08-22 22:19:09,529] {logging_mixin.py:115} INFO - [2022-08-22 22:19:09,529] {dagbag.py:508} INFO - Filling up the DagBag from /home/airflow/.local/lib/python3.7/site-packages/airflow/example_dags/example_branch_day_of_week_operator.py
[2022-08-22 22:19:09,547] {processor.py:651} INFO - DAG(s) dict_keys(['example_weekday_branch_operator']) retrieved from /home/airflow/.local/lib/python3.7/site-packages/airflow/example_dags/example_branch_day_of_week_operator.py
[2022-08-22 22:19:09,587] {logging_mixin.py:115} INFO - [2022-08-22 22:19:09,587] {dag.py:2420} INFO - Sync 1 DAGs
[2022-08-22 22:19:09,611] {logging_mixin.py:115} INFO - [2022-08-22 22:19:09,611] {dag.py:2972} INFO - Setting next_dagrun for example_weekday_branch_operator to 2022-08-21T00:00:00+00:00, run_after=2022-08-22T00:00:00+00:00
[2022-08-22 22:19:09,622] {processor.py:161} INFO - Processing /home/airflow/.local/lib/python3.7/site-packages/airflow/example_dags/example_branch_day_of_week_operator.py took 0.109 seconds
[2022-08-22 22:19:40,244] {processor.py:153} INFO - Started process (PID=3055) to work on /home/airflow/.local/lib/python3.7/site-packages/airflow/example_dags/example_branch_day_of_week_operator.py
[2022-08-22 22:19:40,254] {processor.py:641} INFO - Processing file /home/airflow/.local/lib/python3.7/site-packages/airflow/example_dags/example_branch_day_of_week_operator.py for tasks to queue
[2022-08-22 22:19:40,255] {logging_mixin.py:115} INFO - [2022-08-22 22:19:40,255] {dagbag.py:508} INFO - Filling up the DagBag from /home/airflow/.local/lib/python3.7/site-packages/airflow/example_dags/example_branch_day_of_week_operator.py
[2022-08-22 22:19:40,271] {processor.py:651} INFO - DAG(s) dict_keys(['example_weekday_branch_operator']) retrieved from /home/airflow/.local/lib/python3.7/site-packages/airflow/example_dags/example_branch_day_of_week_operator.py
[2022-08-22 22:19:40,307] {logging_mixin.py:115} INFO - [2022-08-22 22:19:40,307] {dag.py:2420} INFO - Sync 1 DAGs
[2022-08-22 22:19:40,336] {logging_mixin.py:115} INFO - [2022-08-22 22:19:40,336] {dag.py:2972} INFO - Setting next_dagrun for example_weekday_branch_operator to 2022-08-21T00:00:00+00:00, run_after=2022-08-22T00:00:00+00:00
[2022-08-22 22:19:40,347] {processor.py:161} INFO - Processing /home/airflow/.local/lib/python3.7/site-packages/airflow/example_dags/example_branch_day_of_week_operator.py took 0.107 seconds
[2022-08-22 22:20:10,925] {processor.py:153} INFO - Started process (PID=3107) to work on /home/airflow/.local/lib/python3.7/site-packages/airflow/example_dags/example_branch_day_of_week_operator.py
[2022-08-22 22:20:10,926] {processor.py:641} INFO - Processing file /home/airflow/.local/lib/python3.7/site-packages/airflow/example_dags/example_branch_day_of_week_operator.py for tasks to queue
[2022-08-22 22:20:10,927] {logging_mixin.py:115} INFO - [2022-08-22 22:20:10,927] {dagbag.py:508} INFO - Filling up the DagBag from /home/airflow/.local/lib/python3.7/site-packages/airflow/example_dags/example_branch_day_of_week_operator.py
[2022-08-22 22:20:10,944] {processor.py:651} INFO - DAG(s) dict_keys(['example_weekday_branch_operator']) retrieved from /home/airflow/.local/lib/python3.7/site-packages/airflow/example_dags/example_branch_day_of_week_operator.py
[2022-08-22 22:20:10,969] {logging_mixin.py:115} INFO - [2022-08-22 22:20:10,969] {dag.py:2420} INFO - Sync 1 DAGs
[2022-08-22 22:20:10,988] {logging_mixin.py:115} INFO - [2022-08-22 22:20:10,988] {dag.py:2972} INFO - Setting next_dagrun for example_weekday_branch_operator to 2022-08-21T00:00:00+00:00, run_after=2022-08-22T00:00:00+00:00
[2022-08-22 22:20:11,000] {processor.py:161} INFO - Processing /home/airflow/.local/lib/python3.7/site-packages/airflow/example_dags/example_branch_day_of_week_operator.py took 0.080 seconds
[2022-08-22 22:20:41,642] {processor.py:153} INFO - Started process (PID=3168) to work on /home/airflow/.local/lib/python3.7/site-packages/airflow/example_dags/example_branch_day_of_week_operator.py
[2022-08-22 22:20:41,652] {processor.py:641} INFO - Processing file /home/airflow/.local/lib/python3.7/site-packages/airflow/example_dags/example_branch_day_of_week_operator.py for tasks to queue
[2022-08-22 22:20:41,653] {logging_mixin.py:115} INFO - [2022-08-22 22:20:41,653] {dagbag.py:508} INFO - Filling up the DagBag from /home/airflow/.local/lib/python3.7/site-packages/airflow/example_dags/example_branch_day_of_week_operator.py
[2022-08-22 22:20:41,660] {processor.py:651} INFO - DAG(s) dict_keys(['example_weekday_branch_operator']) retrieved from /home/airflow/.local/lib/python3.7/site-packages/airflow/example_dags/example_branch_day_of_week_operator.py
[2022-08-22 22:20:41,681] {logging_mixin.py:115} INFO - [2022-08-22 22:20:41,681] {dag.py:2420} INFO - Sync 1 DAGs
[2022-08-22 22:20:41,701] {logging_mixin.py:115} INFO - [2022-08-22 22:20:41,701] {dag.py:2972} INFO - Setting next_dagrun for example_weekday_branch_operator to 2022-08-21T00:00:00+00:00, run_after=2022-08-22T00:00:00+00:00
[2022-08-22 22:20:41,710] {processor.py:161} INFO - Processing /home/airflow/.local/lib/python3.7/site-packages/airflow/example_dags/example_branch_day_of_week_operator.py took 0.070 seconds
[2022-08-22 22:21:12,152] {processor.py:153} INFO - Started process (PID=3229) to work on /home/airflow/.local/lib/python3.7/site-packages/airflow/example_dags/example_branch_day_of_week_operator.py
[2022-08-22 22:21:12,162] {processor.py:641} INFO - Processing file /home/airflow/.local/lib/python3.7/site-packages/airflow/example_dags/example_branch_day_of_week_operator.py for tasks to queue
[2022-08-22 22:21:12,163] {logging_mixin.py:115} INFO - [2022-08-22 22:21:12,163] {dagbag.py:508} INFO - Filling up the DagBag from /home/airflow/.local/lib/python3.7/site-packages/airflow/example_dags/example_branch_day_of_week_operator.py
[2022-08-22 22:21:12,180] {processor.py:651} INFO - DAG(s) dict_keys(['example_weekday_branch_operator']) retrieved from /home/airflow/.local/lib/python3.7/site-packages/airflow/example_dags/example_branch_day_of_week_operator.py
[2022-08-22 22:21:12,203] {logging_mixin.py:115} INFO - [2022-08-22 22:21:12,203] {dag.py:2420} INFO - Sync 1 DAGs
[2022-08-22 22:21:12,225] {logging_mixin.py:115} INFO - [2022-08-22 22:21:12,225] {dag.py:2972} INFO - Setting next_dagrun for example_weekday_branch_operator to 2022-08-21T00:00:00+00:00, run_after=2022-08-22T00:00:00+00:00
[2022-08-22 22:21:12,235] {processor.py:161} INFO - Processing /home/airflow/.local/lib/python3.7/site-packages/airflow/example_dags/example_branch_day_of_week_operator.py took 0.088 seconds
[2022-08-22 22:21:42,740] {processor.py:153} INFO - Started process (PID=3288) to work on /home/airflow/.local/lib/python3.7/site-packages/airflow/example_dags/example_branch_day_of_week_operator.py
[2022-08-22 22:21:42,751] {processor.py:641} INFO - Processing file /home/airflow/.local/lib/python3.7/site-packages/airflow/example_dags/example_branch_day_of_week_operator.py for tasks to queue
[2022-08-22 22:21:42,751] {logging_mixin.py:115} INFO - [2022-08-22 22:21:42,751] {dagbag.py:508} INFO - Filling up the DagBag from /home/airflow/.local/lib/python3.7/site-packages/airflow/example_dags/example_branch_day_of_week_operator.py
[2022-08-22 22:21:42,765] {processor.py:651} INFO - DAG(s) dict_keys(['example_weekday_branch_operator']) retrieved from /home/airflow/.local/lib/python3.7/site-packages/airflow/example_dags/example_branch_day_of_week_operator.py
[2022-08-22 22:21:42,799] {logging_mixin.py:115} INFO - [2022-08-22 22:21:42,799] {dag.py:2420} INFO - Sync 1 DAGs
[2022-08-22 22:21:42,831] {logging_mixin.py:115} INFO - [2022-08-22 22:21:42,831] {dag.py:2972} INFO - Setting next_dagrun for example_weekday_branch_operator to 2022-08-21T00:00:00+00:00, run_after=2022-08-22T00:00:00+00:00
[2022-08-22 22:21:42,844] {processor.py:161} INFO - Processing /home/airflow/.local/lib/python3.7/site-packages/airflow/example_dags/example_branch_day_of_week_operator.py took 0.107 seconds
[2022-08-22 22:22:13,439] {processor.py:153} INFO - Started process (PID=3342) to work on /home/airflow/.local/lib/python3.7/site-packages/airflow/example_dags/example_branch_day_of_week_operator.py
[2022-08-22 22:22:13,440] {processor.py:641} INFO - Processing file /home/airflow/.local/lib/python3.7/site-packages/airflow/example_dags/example_branch_day_of_week_operator.py for tasks to queue
[2022-08-22 22:22:13,441] {logging_mixin.py:115} INFO - [2022-08-22 22:22:13,441] {dagbag.py:508} INFO - Filling up the DagBag from /home/airflow/.local/lib/python3.7/site-packages/airflow/example_dags/example_branch_day_of_week_operator.py
[2022-08-22 22:22:13,458] {processor.py:651} INFO - DAG(s) dict_keys(['example_weekday_branch_operator']) retrieved from /home/airflow/.local/lib/python3.7/site-packages/airflow/example_dags/example_branch_day_of_week_operator.py
[2022-08-22 22:22:13,482] {logging_mixin.py:115} INFO - [2022-08-22 22:22:13,482] {dag.py:2420} INFO - Sync 1 DAGs
[2022-08-22 22:22:13,501] {logging_mixin.py:115} INFO - [2022-08-22 22:22:13,501] {dag.py:2972} INFO - Setting next_dagrun for example_weekday_branch_operator to 2022-08-21T00:00:00+00:00, run_after=2022-08-22T00:00:00+00:00
[2022-08-22 22:22:13,512] {processor.py:161} INFO - Processing /home/airflow/.local/lib/python3.7/site-packages/airflow/example_dags/example_branch_day_of_week_operator.py took 0.078 seconds
[2022-08-22 22:22:44,100] {processor.py:153} INFO - Started process (PID=3403) to work on /home/airflow/.local/lib/python3.7/site-packages/airflow/example_dags/example_branch_day_of_week_operator.py
[2022-08-22 22:22:44,110] {processor.py:641} INFO - Processing file /home/airflow/.local/lib/python3.7/site-packages/airflow/example_dags/example_branch_day_of_week_operator.py for tasks to queue
[2022-08-22 22:22:44,110] {logging_mixin.py:115} INFO - [2022-08-22 22:22:44,110] {dagbag.py:508} INFO - Filling up the DagBag from /home/airflow/.local/lib/python3.7/site-packages/airflow/example_dags/example_branch_day_of_week_operator.py
[2022-08-22 22:22:44,118] {processor.py:651} INFO - DAG(s) dict_keys(['example_weekday_branch_operator']) retrieved from /home/airflow/.local/lib/python3.7/site-packages/airflow/example_dags/example_branch_day_of_week_operator.py
[2022-08-22 22:22:44,141] {logging_mixin.py:115} INFO - [2022-08-22 22:22:44,141] {dag.py:2420} INFO - Sync 1 DAGs
[2022-08-22 22:22:44,161] {logging_mixin.py:115} INFO - [2022-08-22 22:22:44,161] {dag.py:2972} INFO - Setting next_dagrun for example_weekday_branch_operator to 2022-08-21T00:00:00+00:00, run_after=2022-08-22T00:00:00+00:00
[2022-08-22 22:22:44,171] {processor.py:161} INFO - Processing /home/airflow/.local/lib/python3.7/site-packages/airflow/example_dags/example_branch_day_of_week_operator.py took 0.073 seconds
[2022-08-22 22:23:14,728] {processor.py:153} INFO - Started process (PID=3464) to work on /home/airflow/.local/lib/python3.7/site-packages/airflow/example_dags/example_branch_day_of_week_operator.py
[2022-08-22 22:23:14,739] {processor.py:641} INFO - Processing file /home/airflow/.local/lib/python3.7/site-packages/airflow/example_dags/example_branch_day_of_week_operator.py for tasks to queue
[2022-08-22 22:23:14,739] {logging_mixin.py:115} INFO - [2022-08-22 22:23:14,739] {dagbag.py:508} INFO - Filling up the DagBag from /home/airflow/.local/lib/python3.7/site-packages/airflow/example_dags/example_branch_day_of_week_operator.py
[2022-08-22 22:23:14,754] {processor.py:651} INFO - DAG(s) dict_keys(['example_weekday_branch_operator']) retrieved from /home/airflow/.local/lib/python3.7/site-packages/airflow/example_dags/example_branch_day_of_week_operator.py
[2022-08-22 22:23:14,785] {logging_mixin.py:115} INFO - [2022-08-22 22:23:14,785] {dag.py:2420} INFO - Sync 1 DAGs
[2022-08-22 22:23:14,818] {logging_mixin.py:115} INFO - [2022-08-22 22:23:14,818] {dag.py:2972} INFO - Setting next_dagrun for example_weekday_branch_operator to 2022-08-21T00:00:00+00:00, run_after=2022-08-22T00:00:00+00:00
[2022-08-22 22:23:14,828] {processor.py:161} INFO - Processing /home/airflow/.local/lib/python3.7/site-packages/airflow/example_dags/example_branch_day_of_week_operator.py took 0.103 seconds
[2022-08-22 22:23:45,452] {processor.py:153} INFO - Started process (PID=3516) to work on /home/airflow/.local/lib/python3.7/site-packages/airflow/example_dags/example_branch_day_of_week_operator.py
[2022-08-22 22:23:45,463] {processor.py:641} INFO - Processing file /home/airflow/.local/lib/python3.7/site-packages/airflow/example_dags/example_branch_day_of_week_operator.py for tasks to queue
[2022-08-22 22:23:45,463] {logging_mixin.py:115} INFO - [2022-08-22 22:23:45,463] {dagbag.py:508} INFO - Filling up the DagBag from /home/airflow/.local/lib/python3.7/site-packages/airflow/example_dags/example_branch_day_of_week_operator.py
[2022-08-22 22:23:45,470] {processor.py:651} INFO - DAG(s) dict_keys(['example_weekday_branch_operator']) retrieved from /home/airflow/.local/lib/python3.7/site-packages/airflow/example_dags/example_branch_day_of_week_operator.py
[2022-08-22 22:23:45,494] {logging_mixin.py:115} INFO - [2022-08-22 22:23:45,494] {dag.py:2420} INFO - Sync 1 DAGs
[2022-08-22 22:23:45,512] {logging_mixin.py:115} INFO - [2022-08-22 22:23:45,512] {dag.py:2972} INFO - Setting next_dagrun for example_weekday_branch_operator to 2022-08-21T00:00:00+00:00, run_after=2022-08-22T00:00:00+00:00
[2022-08-22 22:23:45,522] {processor.py:161} INFO - Processing /home/airflow/.local/lib/python3.7/site-packages/airflow/example_dags/example_branch_day_of_week_operator.py took 0.072 seconds
[2022-08-22 22:24:16,205] {processor.py:153} INFO - Started process (PID=3577) to work on /home/airflow/.local/lib/python3.7/site-packages/airflow/example_dags/example_branch_day_of_week_operator.py
[2022-08-22 22:24:16,215] {processor.py:641} INFO - Processing file /home/airflow/.local/lib/python3.7/site-packages/airflow/example_dags/example_branch_day_of_week_operator.py for tasks to queue
[2022-08-22 22:24:16,216] {logging_mixin.py:115} INFO - [2022-08-22 22:24:16,216] {dagbag.py:508} INFO - Filling up the DagBag from /home/airflow/.local/lib/python3.7/site-packages/airflow/example_dags/example_branch_day_of_week_operator.py
[2022-08-22 22:24:16,232] {processor.py:651} INFO - DAG(s) dict_keys(['example_weekday_branch_operator']) retrieved from /home/airflow/.local/lib/python3.7/site-packages/airflow/example_dags/example_branch_day_of_week_operator.py
[2022-08-22 22:24:16,273] {logging_mixin.py:115} INFO - [2022-08-22 22:24:16,273] {dag.py:2420} INFO - Sync 1 DAGs
[2022-08-22 22:24:16,301] {logging_mixin.py:115} INFO - [2022-08-22 22:24:16,301] {dag.py:2972} INFO - Setting next_dagrun for example_weekday_branch_operator to 2022-08-21T00:00:00+00:00, run_after=2022-08-22T00:00:00+00:00
[2022-08-22 22:24:16,311] {processor.py:161} INFO - Processing /home/airflow/.local/lib/python3.7/site-packages/airflow/example_dags/example_branch_day_of_week_operator.py took 0.111 seconds
[2022-08-22 22:24:46,931] {processor.py:153} INFO - Started process (PID=3638) to work on /home/airflow/.local/lib/python3.7/site-packages/airflow/example_dags/example_branch_day_of_week_operator.py
[2022-08-22 22:24:46,932] {processor.py:641} INFO - Processing file /home/airflow/.local/lib/python3.7/site-packages/airflow/example_dags/example_branch_day_of_week_operator.py for tasks to queue
[2022-08-22 22:24:46,933] {logging_mixin.py:115} INFO - [2022-08-22 22:24:46,933] {dagbag.py:508} INFO - Filling up the DagBag from /home/airflow/.local/lib/python3.7/site-packages/airflow/example_dags/example_branch_day_of_week_operator.py
[2022-08-22 22:24:46,948] {processor.py:651} INFO - DAG(s) dict_keys(['example_weekday_branch_operator']) retrieved from /home/airflow/.local/lib/python3.7/site-packages/airflow/example_dags/example_branch_day_of_week_operator.py
[2022-08-22 22:24:46,974] {logging_mixin.py:115} INFO - [2022-08-22 22:24:46,974] {dag.py:2420} INFO - Sync 1 DAGs
[2022-08-22 22:24:46,994] {logging_mixin.py:115} INFO - [2022-08-22 22:24:46,993] {dag.py:2972} INFO - Setting next_dagrun for example_weekday_branch_operator to 2022-08-21T00:00:00+00:00, run_after=2022-08-22T00:00:00+00:00
[2022-08-22 22:24:47,003] {processor.py:161} INFO - Processing /home/airflow/.local/lib/python3.7/site-packages/airflow/example_dags/example_branch_day_of_week_operator.py took 0.076 seconds
[2022-08-22 22:25:17,570] {processor.py:153} INFO - Started process (PID=3699) to work on /home/airflow/.local/lib/python3.7/site-packages/airflow/example_dags/example_branch_day_of_week_operator.py
[2022-08-22 22:25:17,580] {processor.py:641} INFO - Processing file /home/airflow/.local/lib/python3.7/site-packages/airflow/example_dags/example_branch_day_of_week_operator.py for tasks to queue
[2022-08-22 22:25:17,581] {logging_mixin.py:115} INFO - [2022-08-22 22:25:17,581] {dagbag.py:508} INFO - Filling up the DagBag from /home/airflow/.local/lib/python3.7/site-packages/airflow/example_dags/example_branch_day_of_week_operator.py
[2022-08-22 22:25:17,596] {processor.py:651} INFO - DAG(s) dict_keys(['example_weekday_branch_operator']) retrieved from /home/airflow/.local/lib/python3.7/site-packages/airflow/example_dags/example_branch_day_of_week_operator.py
[2022-08-22 22:25:17,620] {logging_mixin.py:115} INFO - [2022-08-22 22:25:17,620] {dag.py:2420} INFO - Sync 1 DAGs
[2022-08-22 22:25:17,640] {logging_mixin.py:115} INFO - [2022-08-22 22:25:17,640] {dag.py:2972} INFO - Setting next_dagrun for example_weekday_branch_operator to 2022-08-21T00:00:00+00:00, run_after=2022-08-22T00:00:00+00:00
[2022-08-22 22:25:17,651] {processor.py:161} INFO - Processing /home/airflow/.local/lib/python3.7/site-packages/airflow/example_dags/example_branch_day_of_week_operator.py took 0.086 seconds
[2022-08-22 22:25:48,267] {processor.py:153} INFO - Started process (PID=3751) to work on /home/airflow/.local/lib/python3.7/site-packages/airflow/example_dags/example_branch_day_of_week_operator.py
[2022-08-22 22:25:48,268] {processor.py:641} INFO - Processing file /home/airflow/.local/lib/python3.7/site-packages/airflow/example_dags/example_branch_day_of_week_operator.py for tasks to queue
[2022-08-22 22:25:48,269] {logging_mixin.py:115} INFO - [2022-08-22 22:25:48,269] {dagbag.py:508} INFO - Filling up the DagBag from /home/airflow/.local/lib/python3.7/site-packages/airflow/example_dags/example_branch_day_of_week_operator.py
[2022-08-22 22:25:48,285] {processor.py:651} INFO - DAG(s) dict_keys(['example_weekday_branch_operator']) retrieved from /home/airflow/.local/lib/python3.7/site-packages/airflow/example_dags/example_branch_day_of_week_operator.py
[2022-08-22 22:25:48,310] {logging_mixin.py:115} INFO - [2022-08-22 22:25:48,310] {dag.py:2420} INFO - Sync 1 DAGs
[2022-08-22 22:25:48,330] {logging_mixin.py:115} INFO - [2022-08-22 22:25:48,330] {dag.py:2972} INFO - Setting next_dagrun for example_weekday_branch_operator to 2022-08-21T00:00:00+00:00, run_after=2022-08-22T00:00:00+00:00
[2022-08-22 22:25:48,340] {processor.py:161} INFO - Processing /home/airflow/.local/lib/python3.7/site-packages/airflow/example_dags/example_branch_day_of_week_operator.py took 0.077 seconds
[2022-08-22 22:26:18,922] {processor.py:153} INFO - Started process (PID=3812) to work on /home/airflow/.local/lib/python3.7/site-packages/airflow/example_dags/example_branch_day_of_week_operator.py
[2022-08-22 22:26:18,933] {processor.py:641} INFO - Processing file /home/airflow/.local/lib/python3.7/site-packages/airflow/example_dags/example_branch_day_of_week_operator.py for tasks to queue
[2022-08-22 22:26:18,934] {logging_mixin.py:115} INFO - [2022-08-22 22:26:18,933] {dagbag.py:508} INFO - Filling up the DagBag from /home/airflow/.local/lib/python3.7/site-packages/airflow/example_dags/example_branch_day_of_week_operator.py
[2022-08-22 22:26:18,950] {processor.py:651} INFO - DAG(s) dict_keys(['example_weekday_branch_operator']) retrieved from /home/airflow/.local/lib/python3.7/site-packages/airflow/example_dags/example_branch_day_of_week_operator.py
[2022-08-22 22:26:18,987] {logging_mixin.py:115} INFO - [2022-08-22 22:26:18,987] {dag.py:2420} INFO - Sync 1 DAGs
[2022-08-22 22:26:19,006] {logging_mixin.py:115} INFO - [2022-08-22 22:26:19,006] {dag.py:2972} INFO - Setting next_dagrun for example_weekday_branch_operator to 2022-08-21T00:00:00+00:00, run_after=2022-08-22T00:00:00+00:00
[2022-08-22 22:26:19,016] {processor.py:161} INFO - Processing /home/airflow/.local/lib/python3.7/site-packages/airflow/example_dags/example_branch_day_of_week_operator.py took 0.099 seconds
[2022-08-22 22:26:49,588] {processor.py:153} INFO - Started process (PID=3873) to work on /home/airflow/.local/lib/python3.7/site-packages/airflow/example_dags/example_branch_day_of_week_operator.py
[2022-08-22 22:26:49,599] {processor.py:641} INFO - Processing file /home/airflow/.local/lib/python3.7/site-packages/airflow/example_dags/example_branch_day_of_week_operator.py for tasks to queue
[2022-08-22 22:26:49,600] {logging_mixin.py:115} INFO - [2022-08-22 22:26:49,599] {dagbag.py:508} INFO - Filling up the DagBag from /home/airflow/.local/lib/python3.7/site-packages/airflow/example_dags/example_branch_day_of_week_operator.py
[2022-08-22 22:26:49,616] {processor.py:651} INFO - DAG(s) dict_keys(['example_weekday_branch_operator']) retrieved from /home/airflow/.local/lib/python3.7/site-packages/airflow/example_dags/example_branch_day_of_week_operator.py
[2022-08-22 22:26:49,659] {logging_mixin.py:115} INFO - [2022-08-22 22:26:49,659] {dag.py:2420} INFO - Sync 1 DAGs
[2022-08-22 22:26:49,684] {logging_mixin.py:115} INFO - [2022-08-22 22:26:49,684] {dag.py:2972} INFO - Setting next_dagrun for example_weekday_branch_operator to 2022-08-21T00:00:00+00:00, run_after=2022-08-22T00:00:00+00:00
[2022-08-22 22:26:49,696] {processor.py:161} INFO - Processing /home/airflow/.local/lib/python3.7/site-packages/airflow/example_dags/example_branch_day_of_week_operator.py took 0.112 seconds
[2022-08-22 22:27:20,358] {processor.py:153} INFO - Started process (PID=3934) to work on /home/airflow/.local/lib/python3.7/site-packages/airflow/example_dags/example_branch_day_of_week_operator.py
[2022-08-22 22:27:20,368] {processor.py:641} INFO - Processing file /home/airflow/.local/lib/python3.7/site-packages/airflow/example_dags/example_branch_day_of_week_operator.py for tasks to queue
[2022-08-22 22:27:20,368] {logging_mixin.py:115} INFO - [2022-08-22 22:27:20,368] {dagbag.py:508} INFO - Filling up the DagBag from /home/airflow/.local/lib/python3.7/site-packages/airflow/example_dags/example_branch_day_of_week_operator.py
[2022-08-22 22:27:20,382] {processor.py:651} INFO - DAG(s) dict_keys(['example_weekday_branch_operator']) retrieved from /home/airflow/.local/lib/python3.7/site-packages/airflow/example_dags/example_branch_day_of_week_operator.py
[2022-08-22 22:27:20,423] {logging_mixin.py:115} INFO - [2022-08-22 22:27:20,423] {dag.py:2420} INFO - Sync 1 DAGs
[2022-08-22 22:27:20,452] {logging_mixin.py:115} INFO - [2022-08-22 22:27:20,451] {dag.py:2972} INFO - Setting next_dagrun for example_weekday_branch_operator to 2022-08-21T00:00:00+00:00, run_after=2022-08-22T00:00:00+00:00
[2022-08-22 22:27:20,463] {processor.py:161} INFO - Processing /home/airflow/.local/lib/python3.7/site-packages/airflow/example_dags/example_branch_day_of_week_operator.py took 0.110 seconds
[2022-08-22 22:27:51,200] {processor.py:153} INFO - Started process (PID=3986) to work on /home/airflow/.local/lib/python3.7/site-packages/airflow/example_dags/example_branch_day_of_week_operator.py
[2022-08-22 22:27:51,200] {processor.py:641} INFO - Processing file /home/airflow/.local/lib/python3.7/site-packages/airflow/example_dags/example_branch_day_of_week_operator.py for tasks to queue
[2022-08-22 22:27:51,201] {logging_mixin.py:115} INFO - [2022-08-22 22:27:51,201] {dagbag.py:508} INFO - Filling up the DagBag from /home/airflow/.local/lib/python3.7/site-packages/airflow/example_dags/example_branch_day_of_week_operator.py
[2022-08-22 22:27:51,208] {processor.py:651} INFO - DAG(s) dict_keys(['example_weekday_branch_operator']) retrieved from /home/airflow/.local/lib/python3.7/site-packages/airflow/example_dags/example_branch_day_of_week_operator.py
[2022-08-22 22:27:51,241] {logging_mixin.py:115} INFO - [2022-08-22 22:27:51,241] {dag.py:2420} INFO - Sync 1 DAGs
[2022-08-22 22:27:51,262] {logging_mixin.py:115} INFO - [2022-08-22 22:27:51,262] {dag.py:2972} INFO - Setting next_dagrun for example_weekday_branch_operator to 2022-08-21T00:00:00+00:00, run_after=2022-08-22T00:00:00+00:00
[2022-08-22 22:27:51,272] {processor.py:161} INFO - Processing /home/airflow/.local/lib/python3.7/site-packages/airflow/example_dags/example_branch_day_of_week_operator.py took 0.074 seconds
[2022-08-22 22:28:21,736] {processor.py:153} INFO - Started process (PID=4047) to work on /home/airflow/.local/lib/python3.7/site-packages/airflow/example_dags/example_branch_day_of_week_operator.py
[2022-08-22 22:28:21,746] {processor.py:641} INFO - Processing file /home/airflow/.local/lib/python3.7/site-packages/airflow/example_dags/example_branch_day_of_week_operator.py for tasks to queue
[2022-08-22 22:28:21,747] {logging_mixin.py:115} INFO - [2022-08-22 22:28:21,747] {dagbag.py:508} INFO - Filling up the DagBag from /home/airflow/.local/lib/python3.7/site-packages/airflow/example_dags/example_branch_day_of_week_operator.py
[2022-08-22 22:28:21,759] {processor.py:651} INFO - DAG(s) dict_keys(['example_weekday_branch_operator']) retrieved from /home/airflow/.local/lib/python3.7/site-packages/airflow/example_dags/example_branch_day_of_week_operator.py
[2022-08-22 22:28:21,792] {logging_mixin.py:115} INFO - [2022-08-22 22:28:21,792] {dag.py:2420} INFO - Sync 1 DAGs
[2022-08-22 22:28:21,824] {logging_mixin.py:115} INFO - [2022-08-22 22:28:21,824] {dag.py:2972} INFO - Setting next_dagrun for example_weekday_branch_operator to 2022-08-21T00:00:00+00:00, run_after=2022-08-22T00:00:00+00:00
[2022-08-22 22:28:21,834] {processor.py:161} INFO - Processing /home/airflow/.local/lib/python3.7/site-packages/airflow/example_dags/example_branch_day_of_week_operator.py took 0.102 seconds
