[2022-08-22 21:53:32,990] {processor.py:153} INFO - Started process (PID=67) to work on /home/airflow/.local/lib/python3.7/site-packages/airflow/example_dags/example_branch_operator.py
[2022-08-22 21:53:32,991] {processor.py:641} INFO - Processing file /home/airflow/.local/lib/python3.7/site-packages/airflow/example_dags/example_branch_operator.py for tasks to queue
[2022-08-22 21:53:32,991] {logging_mixin.py:115} INFO - [2022-08-22 21:53:32,991] {dagbag.py:508} INFO - Filling up the DagBag from /home/airflow/.local/lib/python3.7/site-packages/airflow/example_dags/example_branch_operator.py
[2022-08-22 21:53:33,005] {processor.py:651} INFO - DAG(s) dict_keys(['example_branch_operator']) retrieved from /home/airflow/.local/lib/python3.7/site-packages/airflow/example_dags/example_branch_operator.py
[2022-08-22 21:53:33,116] {logging_mixin.py:115} INFO - [2022-08-22 21:53:33,116] {manager.py:508} INFO - Created Permission View: can edit on DAG:example_branch_operator
[2022-08-22 21:53:33,130] {logging_mixin.py:115} INFO - [2022-08-22 21:53:33,130] {manager.py:508} INFO - Created Permission View: can read on DAG:example_branch_operator
[2022-08-22 21:53:33,143] {logging_mixin.py:115} INFO - [2022-08-22 21:53:33,143] {manager.py:508} INFO - Created Permission View: can delete on DAG:example_branch_operator
[2022-08-22 21:53:33,143] {logging_mixin.py:115} INFO - [2022-08-22 21:53:33,143] {dag.py:2420} INFO - Sync 1 DAGs
[2022-08-22 21:53:33,158] {logging_mixin.py:115} INFO - [2022-08-22 21:53:33,158] {dag.py:2439} INFO - Creating ORM DAG for example_branch_operator
[2022-08-22 21:53:33,173] {logging_mixin.py:115} INFO - [2022-08-22 21:53:33,172] {dag.py:2972} INFO - Setting next_dagrun for example_branch_operator to 2022-08-21T00:00:00+00:00, run_after=2022-08-22T00:00:00+00:00
[2022-08-22 21:53:33,190] {processor.py:161} INFO - Processing /home/airflow/.local/lib/python3.7/site-packages/airflow/example_dags/example_branch_operator.py took 0.202 seconds
[2022-08-22 21:54:03,303] {processor.py:153} INFO - Started process (PID=119) to work on /home/airflow/.local/lib/python3.7/site-packages/airflow/example_dags/example_branch_operator.py
[2022-08-22 21:54:03,303] {processor.py:641} INFO - Processing file /home/airflow/.local/lib/python3.7/site-packages/airflow/example_dags/example_branch_operator.py for tasks to queue
[2022-08-22 21:54:03,304] {logging_mixin.py:115} INFO - [2022-08-22 21:54:03,304] {dagbag.py:508} INFO - Filling up the DagBag from /home/airflow/.local/lib/python3.7/site-packages/airflow/example_dags/example_branch_operator.py
[2022-08-22 21:54:03,321] {processor.py:651} INFO - DAG(s) dict_keys(['example_branch_operator']) retrieved from /home/airflow/.local/lib/python3.7/site-packages/airflow/example_dags/example_branch_operator.py
[2022-08-22 21:54:03,346] {logging_mixin.py:115} INFO - [2022-08-22 21:54:03,346] {dag.py:2420} INFO - Sync 1 DAGs
[2022-08-22 21:54:03,366] {logging_mixin.py:115} INFO - [2022-08-22 21:54:03,366] {dag.py:2972} INFO - Setting next_dagrun for example_branch_operator to 2022-08-21T00:00:00+00:00, run_after=2022-08-22T00:00:00+00:00
[2022-08-22 21:54:03,378] {processor.py:161} INFO - Processing /home/airflow/.local/lib/python3.7/site-packages/airflow/example_dags/example_branch_operator.py took 0.078 seconds
[2022-08-22 21:54:34,228] {processor.py:153} INFO - Started process (PID=180) to work on /home/airflow/.local/lib/python3.7/site-packages/airflow/example_dags/example_branch_operator.py
[2022-08-22 21:54:34,229] {processor.py:641} INFO - Processing file /home/airflow/.local/lib/python3.7/site-packages/airflow/example_dags/example_branch_operator.py for tasks to queue
[2022-08-22 21:54:34,230] {logging_mixin.py:115} INFO - [2022-08-22 21:54:34,230] {dagbag.py:508} INFO - Filling up the DagBag from /home/airflow/.local/lib/python3.7/site-packages/airflow/example_dags/example_branch_operator.py
[2022-08-22 21:54:34,246] {processor.py:651} INFO - DAG(s) dict_keys(['example_branch_operator']) retrieved from /home/airflow/.local/lib/python3.7/site-packages/airflow/example_dags/example_branch_operator.py
[2022-08-22 21:54:34,268] {logging_mixin.py:115} INFO - [2022-08-22 21:54:34,268] {dag.py:2420} INFO - Sync 1 DAGs
[2022-08-22 21:54:34,288] {logging_mixin.py:115} INFO - [2022-08-22 21:54:34,288] {dag.py:2972} INFO - Setting next_dagrun for example_branch_operator to 2022-08-21T00:00:00+00:00, run_after=2022-08-22T00:00:00+00:00
[2022-08-22 21:54:34,298] {processor.py:161} INFO - Processing /home/airflow/.local/lib/python3.7/site-packages/airflow/example_dags/example_branch_operator.py took 0.074 seconds
[2022-08-22 21:55:05,024] {processor.py:153} INFO - Started process (PID=241) to work on /home/airflow/.local/lib/python3.7/site-packages/airflow/example_dags/example_branch_operator.py
[2022-08-22 21:55:05,025] {processor.py:641} INFO - Processing file /home/airflow/.local/lib/python3.7/site-packages/airflow/example_dags/example_branch_operator.py for tasks to queue
[2022-08-22 21:55:05,026] {logging_mixin.py:115} INFO - [2022-08-22 21:55:05,026] {dagbag.py:508} INFO - Filling up the DagBag from /home/airflow/.local/lib/python3.7/site-packages/airflow/example_dags/example_branch_operator.py
[2022-08-22 21:55:05,040] {processor.py:651} INFO - DAG(s) dict_keys(['example_branch_operator']) retrieved from /home/airflow/.local/lib/python3.7/site-packages/airflow/example_dags/example_branch_operator.py
[2022-08-22 21:55:05,073] {logging_mixin.py:115} INFO - [2022-08-22 21:55:05,073] {dag.py:2420} INFO - Sync 1 DAGs
[2022-08-22 21:55:05,098] {logging_mixin.py:115} INFO - [2022-08-22 21:55:05,097] {dag.py:2972} INFO - Setting next_dagrun for example_branch_operator to 2022-08-21T00:00:00+00:00, run_after=2022-08-22T00:00:00+00:00
[2022-08-22 21:55:05,110] {processor.py:161} INFO - Processing /home/airflow/.local/lib/python3.7/site-packages/airflow/example_dags/example_branch_operator.py took 0.091 seconds
[2022-08-22 21:55:35,855] {processor.py:153} INFO - Started process (PID=294) to work on /home/airflow/.local/lib/python3.7/site-packages/airflow/example_dags/example_branch_operator.py
[2022-08-22 21:55:35,856] {processor.py:641} INFO - Processing file /home/airflow/.local/lib/python3.7/site-packages/airflow/example_dags/example_branch_operator.py for tasks to queue
[2022-08-22 21:55:35,856] {logging_mixin.py:115} INFO - [2022-08-22 21:55:35,856] {dagbag.py:508} INFO - Filling up the DagBag from /home/airflow/.local/lib/python3.7/site-packages/airflow/example_dags/example_branch_operator.py
[2022-08-22 21:55:35,866] {processor.py:651} INFO - DAG(s) dict_keys(['example_branch_operator']) retrieved from /home/airflow/.local/lib/python3.7/site-packages/airflow/example_dags/example_branch_operator.py
[2022-08-22 21:55:35,889] {logging_mixin.py:115} INFO - [2022-08-22 21:55:35,889] {dag.py:2420} INFO - Sync 1 DAGs
[2022-08-22 21:55:35,913] {logging_mixin.py:115} INFO - [2022-08-22 21:55:35,913] {dag.py:2972} INFO - Setting next_dagrun for example_branch_operator to 2022-08-21T00:00:00+00:00, run_after=2022-08-22T00:00:00+00:00
[2022-08-22 21:55:35,924] {processor.py:161} INFO - Processing /home/airflow/.local/lib/python3.7/site-packages/airflow/example_dags/example_branch_operator.py took 0.071 seconds
[2022-08-22 21:56:06,725] {processor.py:153} INFO - Started process (PID=355) to work on /home/airflow/.local/lib/python3.7/site-packages/airflow/example_dags/example_branch_operator.py
[2022-08-22 21:56:06,726] {processor.py:641} INFO - Processing file /home/airflow/.local/lib/python3.7/site-packages/airflow/example_dags/example_branch_operator.py for tasks to queue
[2022-08-22 21:56:06,726] {logging_mixin.py:115} INFO - [2022-08-22 21:56:06,726] {dagbag.py:508} INFO - Filling up the DagBag from /home/airflow/.local/lib/python3.7/site-packages/airflow/example_dags/example_branch_operator.py
[2022-08-22 21:56:06,735] {processor.py:651} INFO - DAG(s) dict_keys(['example_branch_operator']) retrieved from /home/airflow/.local/lib/python3.7/site-packages/airflow/example_dags/example_branch_operator.py
[2022-08-22 21:56:06,760] {logging_mixin.py:115} INFO - [2022-08-22 21:56:06,760] {dag.py:2420} INFO - Sync 1 DAGs
[2022-08-22 21:56:06,782] {logging_mixin.py:115} INFO - [2022-08-22 21:56:06,782] {dag.py:2972} INFO - Setting next_dagrun for example_branch_operator to 2022-08-21T00:00:00+00:00, run_after=2022-08-22T00:00:00+00:00
[2022-08-22 21:56:06,795] {processor.py:161} INFO - Processing /home/airflow/.local/lib/python3.7/site-packages/airflow/example_dags/example_branch_operator.py took 0.073 seconds
[2022-08-22 21:56:37,466] {processor.py:153} INFO - Started process (PID=416) to work on /home/airflow/.local/lib/python3.7/site-packages/airflow/example_dags/example_branch_operator.py
[2022-08-22 21:56:37,467] {processor.py:641} INFO - Processing file /home/airflow/.local/lib/python3.7/site-packages/airflow/example_dags/example_branch_operator.py for tasks to queue
[2022-08-22 21:56:37,467] {logging_mixin.py:115} INFO - [2022-08-22 21:56:37,467] {dagbag.py:508} INFO - Filling up the DagBag from /home/airflow/.local/lib/python3.7/site-packages/airflow/example_dags/example_branch_operator.py
[2022-08-22 21:56:37,478] {processor.py:651} INFO - DAG(s) dict_keys(['example_branch_operator']) retrieved from /home/airflow/.local/lib/python3.7/site-packages/airflow/example_dags/example_branch_operator.py
[2022-08-22 21:56:37,504] {logging_mixin.py:115} INFO - [2022-08-22 21:56:37,504] {dag.py:2420} INFO - Sync 1 DAGs
[2022-08-22 21:56:37,529] {logging_mixin.py:115} INFO - [2022-08-22 21:56:37,529] {dag.py:2972} INFO - Setting next_dagrun for example_branch_operator to 2022-08-21T00:00:00+00:00, run_after=2022-08-22T00:00:00+00:00
[2022-08-22 21:56:37,543] {processor.py:161} INFO - Processing /home/airflow/.local/lib/python3.7/site-packages/airflow/example_dags/example_branch_operator.py took 0.080 seconds
[2022-08-22 21:57:08,383] {processor.py:153} INFO - Started process (PID=477) to work on /home/airflow/.local/lib/python3.7/site-packages/airflow/example_dags/example_branch_operator.py
[2022-08-22 21:57:08,384] {processor.py:641} INFO - Processing file /home/airflow/.local/lib/python3.7/site-packages/airflow/example_dags/example_branch_operator.py for tasks to queue
[2022-08-22 21:57:08,386] {logging_mixin.py:115} INFO - [2022-08-22 21:57:08,385] {dagbag.py:508} INFO - Filling up the DagBag from /home/airflow/.local/lib/python3.7/site-packages/airflow/example_dags/example_branch_operator.py
[2022-08-22 21:57:08,397] {processor.py:651} INFO - DAG(s) dict_keys(['example_branch_operator']) retrieved from /home/airflow/.local/lib/python3.7/site-packages/airflow/example_dags/example_branch_operator.py
[2022-08-22 21:57:08,423] {logging_mixin.py:115} INFO - [2022-08-22 21:57:08,423] {dag.py:2420} INFO - Sync 1 DAGs
[2022-08-22 21:57:08,446] {logging_mixin.py:115} INFO - [2022-08-22 21:57:08,446] {dag.py:2972} INFO - Setting next_dagrun for example_branch_operator to 2022-08-21T00:00:00+00:00, run_after=2022-08-22T00:00:00+00:00
[2022-08-22 21:57:08,460] {processor.py:161} INFO - Processing /home/airflow/.local/lib/python3.7/site-packages/airflow/example_dags/example_branch_operator.py took 0.079 seconds
[2022-08-22 21:57:39,255] {processor.py:153} INFO - Started process (PID=529) to work on /home/airflow/.local/lib/python3.7/site-packages/airflow/example_dags/example_branch_operator.py
[2022-08-22 21:57:39,255] {processor.py:641} INFO - Processing file /home/airflow/.local/lib/python3.7/site-packages/airflow/example_dags/example_branch_operator.py for tasks to queue
[2022-08-22 21:57:39,256] {logging_mixin.py:115} INFO - [2022-08-22 21:57:39,256] {dagbag.py:508} INFO - Filling up the DagBag from /home/airflow/.local/lib/python3.7/site-packages/airflow/example_dags/example_branch_operator.py
[2022-08-22 21:57:39,266] {processor.py:651} INFO - DAG(s) dict_keys(['example_branch_operator']) retrieved from /home/airflow/.local/lib/python3.7/site-packages/airflow/example_dags/example_branch_operator.py
[2022-08-22 21:57:39,290] {logging_mixin.py:115} INFO - [2022-08-22 21:57:39,290] {dag.py:2420} INFO - Sync 1 DAGs
[2022-08-22 21:57:39,311] {logging_mixin.py:115} INFO - [2022-08-22 21:57:39,311] {dag.py:2972} INFO - Setting next_dagrun for example_branch_operator to 2022-08-21T00:00:00+00:00, run_after=2022-08-22T00:00:00+00:00
[2022-08-22 21:57:39,323] {processor.py:161} INFO - Processing /home/airflow/.local/lib/python3.7/site-packages/airflow/example_dags/example_branch_operator.py took 0.072 seconds
[2022-08-22 21:58:10,055] {processor.py:153} INFO - Started process (PID=590) to work on /home/airflow/.local/lib/python3.7/site-packages/airflow/example_dags/example_branch_operator.py
[2022-08-22 21:58:10,056] {processor.py:641} INFO - Processing file /home/airflow/.local/lib/python3.7/site-packages/airflow/example_dags/example_branch_operator.py for tasks to queue
[2022-08-22 21:58:10,056] {logging_mixin.py:115} INFO - [2022-08-22 21:58:10,056] {dagbag.py:508} INFO - Filling up the DagBag from /home/airflow/.local/lib/python3.7/site-packages/airflow/example_dags/example_branch_operator.py
[2022-08-22 21:58:10,067] {processor.py:651} INFO - DAG(s) dict_keys(['example_branch_operator']) retrieved from /home/airflow/.local/lib/python3.7/site-packages/airflow/example_dags/example_branch_operator.py
[2022-08-22 21:58:10,091] {logging_mixin.py:115} INFO - [2022-08-22 21:58:10,091] {dag.py:2420} INFO - Sync 1 DAGs
[2022-08-22 21:58:10,118] {logging_mixin.py:115} INFO - [2022-08-22 21:58:10,118] {dag.py:2972} INFO - Setting next_dagrun for example_branch_operator to 2022-08-21T00:00:00+00:00, run_after=2022-08-22T00:00:00+00:00
[2022-08-22 21:58:10,131] {processor.py:161} INFO - Processing /home/airflow/.local/lib/python3.7/site-packages/airflow/example_dags/example_branch_operator.py took 0.080 seconds
[2022-08-22 21:58:40,905] {processor.py:153} INFO - Started process (PID=651) to work on /home/airflow/.local/lib/python3.7/site-packages/airflow/example_dags/example_branch_operator.py
[2022-08-22 21:58:40,906] {processor.py:641} INFO - Processing file /home/airflow/.local/lib/python3.7/site-packages/airflow/example_dags/example_branch_operator.py for tasks to queue
[2022-08-22 21:58:40,906] {logging_mixin.py:115} INFO - [2022-08-22 21:58:40,906] {dagbag.py:508} INFO - Filling up the DagBag from /home/airflow/.local/lib/python3.7/site-packages/airflow/example_dags/example_branch_operator.py
[2022-08-22 21:58:40,915] {processor.py:651} INFO - DAG(s) dict_keys(['example_branch_operator']) retrieved from /home/airflow/.local/lib/python3.7/site-packages/airflow/example_dags/example_branch_operator.py
[2022-08-22 21:58:40,940] {logging_mixin.py:115} INFO - [2022-08-22 21:58:40,940] {dag.py:2420} INFO - Sync 1 DAGs
[2022-08-22 21:58:40,961] {logging_mixin.py:115} INFO - [2022-08-22 21:58:40,961] {dag.py:2972} INFO - Setting next_dagrun for example_branch_operator to 2022-08-21T00:00:00+00:00, run_after=2022-08-22T00:00:00+00:00
[2022-08-22 21:58:40,973] {processor.py:161} INFO - Processing /home/airflow/.local/lib/python3.7/site-packages/airflow/example_dags/example_branch_operator.py took 0.071 seconds
[2022-08-22 21:59:11,628] {processor.py:153} INFO - Started process (PID=703) to work on /home/airflow/.local/lib/python3.7/site-packages/airflow/example_dags/example_branch_operator.py
[2022-08-22 21:59:11,628] {processor.py:641} INFO - Processing file /home/airflow/.local/lib/python3.7/site-packages/airflow/example_dags/example_branch_operator.py for tasks to queue
[2022-08-22 21:59:11,629] {logging_mixin.py:115} INFO - [2022-08-22 21:59:11,629] {dagbag.py:508} INFO - Filling up the DagBag from /home/airflow/.local/lib/python3.7/site-packages/airflow/example_dags/example_branch_operator.py
[2022-08-22 21:59:11,639] {processor.py:651} INFO - DAG(s) dict_keys(['example_branch_operator']) retrieved from /home/airflow/.local/lib/python3.7/site-packages/airflow/example_dags/example_branch_operator.py
[2022-08-22 21:59:11,662] {logging_mixin.py:115} INFO - [2022-08-22 21:59:11,662] {dag.py:2420} INFO - Sync 1 DAGs
[2022-08-22 21:59:11,687] {logging_mixin.py:115} INFO - [2022-08-22 21:59:11,687] {dag.py:2972} INFO - Setting next_dagrun for example_branch_operator to 2022-08-21T00:00:00+00:00, run_after=2022-08-22T00:00:00+00:00
[2022-08-22 21:59:11,697] {processor.py:161} INFO - Processing /home/airflow/.local/lib/python3.7/site-packages/airflow/example_dags/example_branch_operator.py took 0.072 seconds
[2022-08-22 21:59:42,517] {processor.py:153} INFO - Started process (PID=764) to work on /home/airflow/.local/lib/python3.7/site-packages/airflow/example_dags/example_branch_operator.py
[2022-08-22 21:59:42,518] {processor.py:641} INFO - Processing file /home/airflow/.local/lib/python3.7/site-packages/airflow/example_dags/example_branch_operator.py for tasks to queue
[2022-08-22 21:59:42,519] {logging_mixin.py:115} INFO - [2022-08-22 21:59:42,519] {dagbag.py:508} INFO - Filling up the DagBag from /home/airflow/.local/lib/python3.7/site-packages/airflow/example_dags/example_branch_operator.py
[2022-08-22 21:59:42,529] {processor.py:651} INFO - DAG(s) dict_keys(['example_branch_operator']) retrieved from /home/airflow/.local/lib/python3.7/site-packages/airflow/example_dags/example_branch_operator.py
[2022-08-22 21:59:42,553] {logging_mixin.py:115} INFO - [2022-08-22 21:59:42,553] {dag.py:2420} INFO - Sync 1 DAGs
[2022-08-22 21:59:42,576] {logging_mixin.py:115} INFO - [2022-08-22 21:59:42,575] {dag.py:2972} INFO - Setting next_dagrun for example_branch_operator to 2022-08-21T00:00:00+00:00, run_after=2022-08-22T00:00:00+00:00
[2022-08-22 21:59:42,590] {processor.py:161} INFO - Processing /home/airflow/.local/lib/python3.7/site-packages/airflow/example_dags/example_branch_operator.py took 0.076 seconds
[2022-08-22 22:00:13,199] {processor.py:153} INFO - Started process (PID=825) to work on /home/airflow/.local/lib/python3.7/site-packages/airflow/example_dags/example_branch_operator.py
[2022-08-22 22:00:13,199] {processor.py:641} INFO - Processing file /home/airflow/.local/lib/python3.7/site-packages/airflow/example_dags/example_branch_operator.py for tasks to queue
[2022-08-22 22:00:13,200] {logging_mixin.py:115} INFO - [2022-08-22 22:00:13,199] {dagbag.py:508} INFO - Filling up the DagBag from /home/airflow/.local/lib/python3.7/site-packages/airflow/example_dags/example_branch_operator.py
[2022-08-22 22:00:13,210] {processor.py:651} INFO - DAG(s) dict_keys(['example_branch_operator']) retrieved from /home/airflow/.local/lib/python3.7/site-packages/airflow/example_dags/example_branch_operator.py
[2022-08-22 22:00:13,234] {logging_mixin.py:115} INFO - [2022-08-22 22:00:13,233] {dag.py:2420} INFO - Sync 1 DAGs
[2022-08-22 22:00:13,255] {logging_mixin.py:115} INFO - [2022-08-22 22:00:13,255] {dag.py:2972} INFO - Setting next_dagrun for example_branch_operator to 2022-08-21T00:00:00+00:00, run_after=2022-08-22T00:00:00+00:00
[2022-08-22 22:00:13,267] {processor.py:161} INFO - Processing /home/airflow/.local/lib/python3.7/site-packages/airflow/example_dags/example_branch_operator.py took 0.071 seconds
[2022-08-22 22:00:44,055] {processor.py:153} INFO - Started process (PID=884) to work on /home/airflow/.local/lib/python3.7/site-packages/airflow/example_dags/example_branch_operator.py
[2022-08-22 22:00:44,056] {processor.py:641} INFO - Processing file /home/airflow/.local/lib/python3.7/site-packages/airflow/example_dags/example_branch_operator.py for tasks to queue
[2022-08-22 22:00:44,056] {logging_mixin.py:115} INFO - [2022-08-22 22:00:44,056] {dagbag.py:508} INFO - Filling up the DagBag from /home/airflow/.local/lib/python3.7/site-packages/airflow/example_dags/example_branch_operator.py
[2022-08-22 22:00:44,067] {processor.py:651} INFO - DAG(s) dict_keys(['example_branch_operator']) retrieved from /home/airflow/.local/lib/python3.7/site-packages/airflow/example_dags/example_branch_operator.py
[2022-08-22 22:00:44,097] {logging_mixin.py:115} INFO - [2022-08-22 22:00:44,097] {dag.py:2420} INFO - Sync 1 DAGs
[2022-08-22 22:00:44,125] {logging_mixin.py:115} INFO - [2022-08-22 22:00:44,124] {dag.py:2972} INFO - Setting next_dagrun for example_branch_operator to 2022-08-21T00:00:00+00:00, run_after=2022-08-22T00:00:00+00:00
[2022-08-22 22:00:44,139] {processor.py:161} INFO - Processing /home/airflow/.local/lib/python3.7/site-packages/airflow/example_dags/example_branch_operator.py took 0.087 seconds
[2022-08-22 22:01:14,816] {processor.py:153} INFO - Started process (PID=938) to work on /home/airflow/.local/lib/python3.7/site-packages/airflow/example_dags/example_branch_operator.py
[2022-08-22 22:01:14,817] {processor.py:641} INFO - Processing file /home/airflow/.local/lib/python3.7/site-packages/airflow/example_dags/example_branch_operator.py for tasks to queue
[2022-08-22 22:01:14,817] {logging_mixin.py:115} INFO - [2022-08-22 22:01:14,817] {dagbag.py:508} INFO - Filling up the DagBag from /home/airflow/.local/lib/python3.7/site-packages/airflow/example_dags/example_branch_operator.py
[2022-08-22 22:01:14,826] {processor.py:651} INFO - DAG(s) dict_keys(['example_branch_operator']) retrieved from /home/airflow/.local/lib/python3.7/site-packages/airflow/example_dags/example_branch_operator.py
[2022-08-22 22:01:14,851] {logging_mixin.py:115} INFO - [2022-08-22 22:01:14,851] {dag.py:2420} INFO - Sync 1 DAGs
[2022-08-22 22:01:14,871] {logging_mixin.py:115} INFO - [2022-08-22 22:01:14,871] {dag.py:2972} INFO - Setting next_dagrun for example_branch_operator to 2022-08-21T00:00:00+00:00, run_after=2022-08-22T00:00:00+00:00
[2022-08-22 22:01:14,881] {processor.py:161} INFO - Processing /home/airflow/.local/lib/python3.7/site-packages/airflow/example_dags/example_branch_operator.py took 0.068 seconds
[2022-08-22 22:01:45,691] {processor.py:153} INFO - Started process (PID=999) to work on /home/airflow/.local/lib/python3.7/site-packages/airflow/example_dags/example_branch_operator.py
[2022-08-22 22:01:45,692] {processor.py:641} INFO - Processing file /home/airflow/.local/lib/python3.7/site-packages/airflow/example_dags/example_branch_operator.py for tasks to queue
[2022-08-22 22:01:45,692] {logging_mixin.py:115} INFO - [2022-08-22 22:01:45,692] {dagbag.py:508} INFO - Filling up the DagBag from /home/airflow/.local/lib/python3.7/site-packages/airflow/example_dags/example_branch_operator.py
[2022-08-22 22:01:45,703] {processor.py:651} INFO - DAG(s) dict_keys(['example_branch_operator']) retrieved from /home/airflow/.local/lib/python3.7/site-packages/airflow/example_dags/example_branch_operator.py
[2022-08-22 22:01:45,727] {logging_mixin.py:115} INFO - [2022-08-22 22:01:45,727] {dag.py:2420} INFO - Sync 1 DAGs
[2022-08-22 22:01:45,748] {logging_mixin.py:115} INFO - [2022-08-22 22:01:45,748] {dag.py:2972} INFO - Setting next_dagrun for example_branch_operator to 2022-08-21T00:00:00+00:00, run_after=2022-08-22T00:00:00+00:00
[2022-08-22 22:01:45,759] {processor.py:161} INFO - Processing /home/airflow/.local/lib/python3.7/site-packages/airflow/example_dags/example_branch_operator.py took 0.071 seconds
[2022-08-22 22:02:16,631] {processor.py:153} INFO - Started process (PID=1060) to work on /home/airflow/.local/lib/python3.7/site-packages/airflow/example_dags/example_branch_operator.py
[2022-08-22 22:02:16,632] {processor.py:641} INFO - Processing file /home/airflow/.local/lib/python3.7/site-packages/airflow/example_dags/example_branch_operator.py for tasks to queue
[2022-08-22 22:02:16,632] {logging_mixin.py:115} INFO - [2022-08-22 22:02:16,632] {dagbag.py:508} INFO - Filling up the DagBag from /home/airflow/.local/lib/python3.7/site-packages/airflow/example_dags/example_branch_operator.py
[2022-08-22 22:02:16,642] {processor.py:651} INFO - DAG(s) dict_keys(['example_branch_operator']) retrieved from /home/airflow/.local/lib/python3.7/site-packages/airflow/example_dags/example_branch_operator.py
[2022-08-22 22:02:16,668] {logging_mixin.py:115} INFO - [2022-08-22 22:02:16,667] {dag.py:2420} INFO - Sync 1 DAGs
[2022-08-22 22:02:16,689] {logging_mixin.py:115} INFO - [2022-08-22 22:02:16,689] {dag.py:2972} INFO - Setting next_dagrun for example_branch_operator to 2022-08-21T00:00:00+00:00, run_after=2022-08-22T00:00:00+00:00
[2022-08-22 22:02:16,700] {processor.py:161} INFO - Processing /home/airflow/.local/lib/python3.7/site-packages/airflow/example_dags/example_branch_operator.py took 0.072 seconds
[2022-08-22 22:02:47,376] {processor.py:153} INFO - Started process (PID=1112) to work on /home/airflow/.local/lib/python3.7/site-packages/airflow/example_dags/example_branch_operator.py
[2022-08-22 22:02:47,376] {processor.py:641} INFO - Processing file /home/airflow/.local/lib/python3.7/site-packages/airflow/example_dags/example_branch_operator.py for tasks to queue
[2022-08-22 22:02:47,377] {logging_mixin.py:115} INFO - [2022-08-22 22:02:47,377] {dagbag.py:508} INFO - Filling up the DagBag from /home/airflow/.local/lib/python3.7/site-packages/airflow/example_dags/example_branch_operator.py
[2022-08-22 22:02:47,385] {processor.py:651} INFO - DAG(s) dict_keys(['example_branch_operator']) retrieved from /home/airflow/.local/lib/python3.7/site-packages/airflow/example_dags/example_branch_operator.py
[2022-08-22 22:02:47,405] {logging_mixin.py:115} INFO - [2022-08-22 22:02:47,405] {dag.py:2420} INFO - Sync 1 DAGs
[2022-08-22 22:02:47,425] {logging_mixin.py:115} INFO - [2022-08-22 22:02:47,425] {dag.py:2972} INFO - Setting next_dagrun for example_branch_operator to 2022-08-21T00:00:00+00:00, run_after=2022-08-22T00:00:00+00:00
[2022-08-22 22:02:47,434] {processor.py:161} INFO - Processing /home/airflow/.local/lib/python3.7/site-packages/airflow/example_dags/example_branch_operator.py took 0.061 seconds
[2022-08-22 22:03:18,310] {processor.py:153} INFO - Started process (PID=1173) to work on /home/airflow/.local/lib/python3.7/site-packages/airflow/example_dags/example_branch_operator.py
[2022-08-22 22:03:18,311] {processor.py:641} INFO - Processing file /home/airflow/.local/lib/python3.7/site-packages/airflow/example_dags/example_branch_operator.py for tasks to queue
[2022-08-22 22:03:18,311] {logging_mixin.py:115} INFO - [2022-08-22 22:03:18,311] {dagbag.py:508} INFO - Filling up the DagBag from /home/airflow/.local/lib/python3.7/site-packages/airflow/example_dags/example_branch_operator.py
[2022-08-22 22:03:18,320] {processor.py:651} INFO - DAG(s) dict_keys(['example_branch_operator']) retrieved from /home/airflow/.local/lib/python3.7/site-packages/airflow/example_dags/example_branch_operator.py
[2022-08-22 22:03:18,342] {logging_mixin.py:115} INFO - [2022-08-22 22:03:18,342] {dag.py:2420} INFO - Sync 1 DAGs
[2022-08-22 22:03:18,361] {logging_mixin.py:115} INFO - [2022-08-22 22:03:18,361] {dag.py:2972} INFO - Setting next_dagrun for example_branch_operator to 2022-08-21T00:00:00+00:00, run_after=2022-08-22T00:00:00+00:00
[2022-08-22 22:03:18,372] {processor.py:161} INFO - Processing /home/airflow/.local/lib/python3.7/site-packages/airflow/example_dags/example_branch_operator.py took 0.064 seconds
[2022-08-22 22:03:49,217] {processor.py:153} INFO - Started process (PID=1234) to work on /home/airflow/.local/lib/python3.7/site-packages/airflow/example_dags/example_branch_operator.py
[2022-08-22 22:03:49,218] {processor.py:641} INFO - Processing file /home/airflow/.local/lib/python3.7/site-packages/airflow/example_dags/example_branch_operator.py for tasks to queue
[2022-08-22 22:03:49,218] {logging_mixin.py:115} INFO - [2022-08-22 22:03:49,218] {dagbag.py:508} INFO - Filling up the DagBag from /home/airflow/.local/lib/python3.7/site-packages/airflow/example_dags/example_branch_operator.py
[2022-08-22 22:03:49,226] {processor.py:651} INFO - DAG(s) dict_keys(['example_branch_operator']) retrieved from /home/airflow/.local/lib/python3.7/site-packages/airflow/example_dags/example_branch_operator.py
[2022-08-22 22:03:49,249] {logging_mixin.py:115} INFO - [2022-08-22 22:03:49,249] {dag.py:2420} INFO - Sync 1 DAGs
[2022-08-22 22:03:49,268] {logging_mixin.py:115} INFO - [2022-08-22 22:03:49,268] {dag.py:2972} INFO - Setting next_dagrun for example_branch_operator to 2022-08-21T00:00:00+00:00, run_after=2022-08-22T00:00:00+00:00
[2022-08-22 22:03:49,277] {processor.py:161} INFO - Processing /home/airflow/.local/lib/python3.7/site-packages/airflow/example_dags/example_branch_operator.py took 0.063 seconds
[2022-08-22 22:04:19,989] {processor.py:153} INFO - Started process (PID=1286) to work on /home/airflow/.local/lib/python3.7/site-packages/airflow/example_dags/example_branch_operator.py
[2022-08-22 22:04:19,990] {processor.py:641} INFO - Processing file /home/airflow/.local/lib/python3.7/site-packages/airflow/example_dags/example_branch_operator.py for tasks to queue
[2022-08-22 22:04:19,990] {logging_mixin.py:115} INFO - [2022-08-22 22:04:19,990] {dagbag.py:508} INFO - Filling up the DagBag from /home/airflow/.local/lib/python3.7/site-packages/airflow/example_dags/example_branch_operator.py
[2022-08-22 22:04:19,999] {processor.py:651} INFO - DAG(s) dict_keys(['example_branch_operator']) retrieved from /home/airflow/.local/lib/python3.7/site-packages/airflow/example_dags/example_branch_operator.py
[2022-08-22 22:04:20,021] {logging_mixin.py:115} INFO - [2022-08-22 22:04:20,021] {dag.py:2420} INFO - Sync 1 DAGs
[2022-08-22 22:04:20,048] {logging_mixin.py:115} INFO - [2022-08-22 22:04:20,047] {dag.py:2972} INFO - Setting next_dagrun for example_branch_operator to 2022-08-21T00:00:00+00:00, run_after=2022-08-22T00:00:00+00:00
[2022-08-22 22:04:20,064] {processor.py:161} INFO - Processing /home/airflow/.local/lib/python3.7/site-packages/airflow/example_dags/example_branch_operator.py took 0.078 seconds
[2022-08-22 22:04:50,485] {processor.py:153} INFO - Started process (PID=1347) to work on /home/airflow/.local/lib/python3.7/site-packages/airflow/example_dags/example_branch_operator.py
[2022-08-22 22:04:50,485] {processor.py:641} INFO - Processing file /home/airflow/.local/lib/python3.7/site-packages/airflow/example_dags/example_branch_operator.py for tasks to queue
[2022-08-22 22:04:50,486] {logging_mixin.py:115} INFO - [2022-08-22 22:04:50,486] {dagbag.py:508} INFO - Filling up the DagBag from /home/airflow/.local/lib/python3.7/site-packages/airflow/example_dags/example_branch_operator.py
[2022-08-22 22:04:50,502] {processor.py:651} INFO - DAG(s) dict_keys(['example_branch_operator']) retrieved from /home/airflow/.local/lib/python3.7/site-packages/airflow/example_dags/example_branch_operator.py
[2022-08-22 22:04:50,542] {logging_mixin.py:115} INFO - [2022-08-22 22:04:50,541] {dag.py:2420} INFO - Sync 1 DAGs
[2022-08-22 22:04:50,561] {logging_mixin.py:115} INFO - [2022-08-22 22:04:50,561] {dag.py:2972} INFO - Setting next_dagrun for example_branch_operator to 2022-08-21T00:00:00+00:00, run_after=2022-08-22T00:00:00+00:00
[2022-08-22 22:04:50,571] {processor.py:161} INFO - Processing /home/airflow/.local/lib/python3.7/site-packages/airflow/example_dags/example_branch_operator.py took 0.092 seconds
[2022-08-22 22:05:21,005] {processor.py:153} INFO - Started process (PID=1408) to work on /home/airflow/.local/lib/python3.7/site-packages/airflow/example_dags/example_branch_operator.py
[2022-08-22 22:05:21,006] {processor.py:641} INFO - Processing file /home/airflow/.local/lib/python3.7/site-packages/airflow/example_dags/example_branch_operator.py for tasks to queue
[2022-08-22 22:05:21,006] {logging_mixin.py:115} INFO - [2022-08-22 22:05:21,006] {dagbag.py:508} INFO - Filling up the DagBag from /home/airflow/.local/lib/python3.7/site-packages/airflow/example_dags/example_branch_operator.py
[2022-08-22 22:05:21,014] {processor.py:651} INFO - DAG(s) dict_keys(['example_branch_operator']) retrieved from /home/airflow/.local/lib/python3.7/site-packages/airflow/example_dags/example_branch_operator.py
[2022-08-22 22:05:21,036] {logging_mixin.py:115} INFO - [2022-08-22 22:05:21,036] {dag.py:2420} INFO - Sync 1 DAGs
[2022-08-22 22:05:21,054] {logging_mixin.py:115} INFO - [2022-08-22 22:05:21,054] {dag.py:2972} INFO - Setting next_dagrun for example_branch_operator to 2022-08-21T00:00:00+00:00, run_after=2022-08-22T00:00:00+00:00
[2022-08-22 22:05:21,063] {processor.py:161} INFO - Processing /home/airflow/.local/lib/python3.7/site-packages/airflow/example_dags/example_branch_operator.py took 0.060 seconds
[2022-08-22 22:05:51,829] {processor.py:153} INFO - Started process (PID=1469) to work on /home/airflow/.local/lib/python3.7/site-packages/airflow/example_dags/example_branch_operator.py
[2022-08-22 22:05:51,829] {processor.py:641} INFO - Processing file /home/airflow/.local/lib/python3.7/site-packages/airflow/example_dags/example_branch_operator.py for tasks to queue
[2022-08-22 22:05:51,829] {logging_mixin.py:115} INFO - [2022-08-22 22:05:51,829] {dagbag.py:508} INFO - Filling up the DagBag from /home/airflow/.local/lib/python3.7/site-packages/airflow/example_dags/example_branch_operator.py
[2022-08-22 22:05:51,839] {processor.py:651} INFO - DAG(s) dict_keys(['example_branch_operator']) retrieved from /home/airflow/.local/lib/python3.7/site-packages/airflow/example_dags/example_branch_operator.py
[2022-08-22 22:05:51,862] {logging_mixin.py:115} INFO - [2022-08-22 22:05:51,862] {dag.py:2420} INFO - Sync 1 DAGs
[2022-08-22 22:05:51,885] {logging_mixin.py:115} INFO - [2022-08-22 22:05:51,885] {dag.py:2972} INFO - Setting next_dagrun for example_branch_operator to 2022-08-21T00:00:00+00:00, run_after=2022-08-22T00:00:00+00:00
[2022-08-22 22:05:51,897] {processor.py:161} INFO - Processing /home/airflow/.local/lib/python3.7/site-packages/airflow/example_dags/example_branch_operator.py took 0.071 seconds
[2022-08-22 22:06:22,456] {processor.py:153} INFO - Started process (PID=1521) to work on /home/airflow/.local/lib/python3.7/site-packages/airflow/example_dags/example_branch_operator.py
[2022-08-22 22:06:22,457] {processor.py:641} INFO - Processing file /home/airflow/.local/lib/python3.7/site-packages/airflow/example_dags/example_branch_operator.py for tasks to queue
[2022-08-22 22:06:22,457] {logging_mixin.py:115} INFO - [2022-08-22 22:06:22,457] {dagbag.py:508} INFO - Filling up the DagBag from /home/airflow/.local/lib/python3.7/site-packages/airflow/example_dags/example_branch_operator.py
[2022-08-22 22:06:22,467] {processor.py:651} INFO - DAG(s) dict_keys(['example_branch_operator']) retrieved from /home/airflow/.local/lib/python3.7/site-packages/airflow/example_dags/example_branch_operator.py
[2022-08-22 22:06:22,489] {logging_mixin.py:115} INFO - [2022-08-22 22:06:22,489] {dag.py:2420} INFO - Sync 1 DAGs
[2022-08-22 22:06:22,511] {logging_mixin.py:115} INFO - [2022-08-22 22:06:22,510] {dag.py:2972} INFO - Setting next_dagrun for example_branch_operator to 2022-08-21T00:00:00+00:00, run_after=2022-08-22T00:00:00+00:00
[2022-08-22 22:06:22,522] {processor.py:161} INFO - Processing /home/airflow/.local/lib/python3.7/site-packages/airflow/example_dags/example_branch_operator.py took 0.069 seconds
[2022-08-22 22:06:53,132] {processor.py:153} INFO - Started process (PID=1582) to work on /home/airflow/.local/lib/python3.7/site-packages/airflow/example_dags/example_branch_operator.py
[2022-08-22 22:06:53,133] {processor.py:641} INFO - Processing file /home/airflow/.local/lib/python3.7/site-packages/airflow/example_dags/example_branch_operator.py for tasks to queue
[2022-08-22 22:06:53,133] {logging_mixin.py:115} INFO - [2022-08-22 22:06:53,133] {dagbag.py:508} INFO - Filling up the DagBag from /home/airflow/.local/lib/python3.7/site-packages/airflow/example_dags/example_branch_operator.py
[2022-08-22 22:06:53,142] {processor.py:651} INFO - DAG(s) dict_keys(['example_branch_operator']) retrieved from /home/airflow/.local/lib/python3.7/site-packages/airflow/example_dags/example_branch_operator.py
[2022-08-22 22:06:53,163] {logging_mixin.py:115} INFO - [2022-08-22 22:06:53,163] {dag.py:2420} INFO - Sync 1 DAGs
[2022-08-22 22:06:53,182] {logging_mixin.py:115} INFO - [2022-08-22 22:06:53,182] {dag.py:2972} INFO - Setting next_dagrun for example_branch_operator to 2022-08-21T00:00:00+00:00, run_after=2022-08-22T00:00:00+00:00
[2022-08-22 22:06:53,194] {processor.py:161} INFO - Processing /home/airflow/.local/lib/python3.7/site-packages/airflow/example_dags/example_branch_operator.py took 0.063 seconds
[2022-08-22 22:07:23,717] {processor.py:153} INFO - Started process (PID=1643) to work on /home/airflow/.local/lib/python3.7/site-packages/airflow/example_dags/example_branch_operator.py
[2022-08-22 22:07:23,717] {processor.py:641} INFO - Processing file /home/airflow/.local/lib/python3.7/site-packages/airflow/example_dags/example_branch_operator.py for tasks to queue
[2022-08-22 22:07:23,718] {logging_mixin.py:115} INFO - [2022-08-22 22:07:23,717] {dagbag.py:508} INFO - Filling up the DagBag from /home/airflow/.local/lib/python3.7/site-packages/airflow/example_dags/example_branch_operator.py
[2022-08-22 22:07:23,726] {processor.py:651} INFO - DAG(s) dict_keys(['example_branch_operator']) retrieved from /home/airflow/.local/lib/python3.7/site-packages/airflow/example_dags/example_branch_operator.py
[2022-08-22 22:07:23,751] {logging_mixin.py:115} INFO - [2022-08-22 22:07:23,751] {dag.py:2420} INFO - Sync 1 DAGs
[2022-08-22 22:07:23,770] {logging_mixin.py:115} INFO - [2022-08-22 22:07:23,770] {dag.py:2972} INFO - Setting next_dagrun for example_branch_operator to 2022-08-21T00:00:00+00:00, run_after=2022-08-22T00:00:00+00:00
[2022-08-22 22:07:23,779] {processor.py:161} INFO - Processing /home/airflow/.local/lib/python3.7/site-packages/airflow/example_dags/example_branch_operator.py took 0.065 seconds
[2022-08-22 22:07:54,481] {processor.py:153} INFO - Started process (PID=1704) to work on /home/airflow/.local/lib/python3.7/site-packages/airflow/example_dags/example_branch_operator.py
[2022-08-22 22:07:54,482] {processor.py:641} INFO - Processing file /home/airflow/.local/lib/python3.7/site-packages/airflow/example_dags/example_branch_operator.py for tasks to queue
[2022-08-22 22:07:54,482] {logging_mixin.py:115} INFO - [2022-08-22 22:07:54,482] {dagbag.py:508} INFO - Filling up the DagBag from /home/airflow/.local/lib/python3.7/site-packages/airflow/example_dags/example_branch_operator.py
[2022-08-22 22:07:54,498] {processor.py:651} INFO - DAG(s) dict_keys(['example_branch_operator']) retrieved from /home/airflow/.local/lib/python3.7/site-packages/airflow/example_dags/example_branch_operator.py
[2022-08-22 22:07:54,536] {logging_mixin.py:115} INFO - [2022-08-22 22:07:54,536] {dag.py:2420} INFO - Sync 1 DAGs
[2022-08-22 22:07:54,556] {logging_mixin.py:115} INFO - [2022-08-22 22:07:54,556] {dag.py:2972} INFO - Setting next_dagrun for example_branch_operator to 2022-08-21T00:00:00+00:00, run_after=2022-08-22T00:00:00+00:00
[2022-08-22 22:07:54,566] {processor.py:161} INFO - Processing /home/airflow/.local/lib/python3.7/site-packages/airflow/example_dags/example_branch_operator.py took 0.090 seconds
[2022-08-22 22:08:25,029] {processor.py:153} INFO - Started process (PID=1756) to work on /home/airflow/.local/lib/python3.7/site-packages/airflow/example_dags/example_branch_operator.py
[2022-08-22 22:08:25,030] {processor.py:641} INFO - Processing file /home/airflow/.local/lib/python3.7/site-packages/airflow/example_dags/example_branch_operator.py for tasks to queue
[2022-08-22 22:08:25,030] {logging_mixin.py:115} INFO - [2022-08-22 22:08:25,030] {dagbag.py:508} INFO - Filling up the DagBag from /home/airflow/.local/lib/python3.7/site-packages/airflow/example_dags/example_branch_operator.py
[2022-08-22 22:08:25,039] {processor.py:651} INFO - DAG(s) dict_keys(['example_branch_operator']) retrieved from /home/airflow/.local/lib/python3.7/site-packages/airflow/example_dags/example_branch_operator.py
[2022-08-22 22:08:25,059] {logging_mixin.py:115} INFO - [2022-08-22 22:08:25,059] {dag.py:2420} INFO - Sync 1 DAGs
[2022-08-22 22:08:25,079] {logging_mixin.py:115} INFO - [2022-08-22 22:08:25,079] {dag.py:2972} INFO - Setting next_dagrun for example_branch_operator to 2022-08-21T00:00:00+00:00, run_after=2022-08-22T00:00:00+00:00
[2022-08-22 22:08:25,088] {processor.py:161} INFO - Processing /home/airflow/.local/lib/python3.7/site-packages/airflow/example_dags/example_branch_operator.py took 0.061 seconds
[2022-08-22 22:08:55,915] {processor.py:153} INFO - Started process (PID=1817) to work on /home/airflow/.local/lib/python3.7/site-packages/airflow/example_dags/example_branch_operator.py
[2022-08-22 22:08:55,916] {processor.py:641} INFO - Processing file /home/airflow/.local/lib/python3.7/site-packages/airflow/example_dags/example_branch_operator.py for tasks to queue
[2022-08-22 22:08:55,916] {logging_mixin.py:115} INFO - [2022-08-22 22:08:55,916] {dagbag.py:508} INFO - Filling up the DagBag from /home/airflow/.local/lib/python3.7/site-packages/airflow/example_dags/example_branch_operator.py
[2022-08-22 22:08:55,924] {processor.py:651} INFO - DAG(s) dict_keys(['example_branch_operator']) retrieved from /home/airflow/.local/lib/python3.7/site-packages/airflow/example_dags/example_branch_operator.py
[2022-08-22 22:08:55,944] {logging_mixin.py:115} INFO - [2022-08-22 22:08:55,944] {dag.py:2420} INFO - Sync 1 DAGs
[2022-08-22 22:08:55,964] {logging_mixin.py:115} INFO - [2022-08-22 22:08:55,964] {dag.py:2972} INFO - Setting next_dagrun for example_branch_operator to 2022-08-21T00:00:00+00:00, run_after=2022-08-22T00:00:00+00:00
[2022-08-22 22:08:55,974] {processor.py:161} INFO - Processing /home/airflow/.local/lib/python3.7/site-packages/airflow/example_dags/example_branch_operator.py took 0.060 seconds
[2022-08-22 22:09:26,505] {processor.py:153} INFO - Started process (PID=1878) to work on /home/airflow/.local/lib/python3.7/site-packages/airflow/example_dags/example_branch_operator.py
[2022-08-22 22:09:26,505] {processor.py:641} INFO - Processing file /home/airflow/.local/lib/python3.7/site-packages/airflow/example_dags/example_branch_operator.py for tasks to queue
[2022-08-22 22:09:26,506] {logging_mixin.py:115} INFO - [2022-08-22 22:09:26,506] {dagbag.py:508} INFO - Filling up the DagBag from /home/airflow/.local/lib/python3.7/site-packages/airflow/example_dags/example_branch_operator.py
[2022-08-22 22:09:26,515] {processor.py:651} INFO - DAG(s) dict_keys(['example_branch_operator']) retrieved from /home/airflow/.local/lib/python3.7/site-packages/airflow/example_dags/example_branch_operator.py
[2022-08-22 22:09:26,548] {logging_mixin.py:115} INFO - [2022-08-22 22:09:26,548] {dag.py:2420} INFO - Sync 1 DAGs
[2022-08-22 22:09:26,569] {logging_mixin.py:115} INFO - [2022-08-22 22:09:26,569] {dag.py:2972} INFO - Setting next_dagrun for example_branch_operator to 2022-08-21T00:00:00+00:00, run_after=2022-08-22T00:00:00+00:00
[2022-08-22 22:09:26,578] {processor.py:161} INFO - Processing /home/airflow/.local/lib/python3.7/site-packages/airflow/example_dags/example_branch_operator.py took 0.075 seconds
[2022-08-22 22:09:57,124] {processor.py:153} INFO - Started process (PID=1939) to work on /home/airflow/.local/lib/python3.7/site-packages/airflow/example_dags/example_branch_operator.py
[2022-08-22 22:09:57,124] {processor.py:641} INFO - Processing file /home/airflow/.local/lib/python3.7/site-packages/airflow/example_dags/example_branch_operator.py for tasks to queue
[2022-08-22 22:09:57,125] {logging_mixin.py:115} INFO - [2022-08-22 22:09:57,125] {dagbag.py:508} INFO - Filling up the DagBag from /home/airflow/.local/lib/python3.7/site-packages/airflow/example_dags/example_branch_operator.py
[2022-08-22 22:09:57,134] {processor.py:651} INFO - DAG(s) dict_keys(['example_branch_operator']) retrieved from /home/airflow/.local/lib/python3.7/site-packages/airflow/example_dags/example_branch_operator.py
[2022-08-22 22:09:57,158] {logging_mixin.py:115} INFO - [2022-08-22 22:09:57,158] {dag.py:2420} INFO - Sync 1 DAGs
[2022-08-22 22:09:57,178] {logging_mixin.py:115} INFO - [2022-08-22 22:09:57,178] {dag.py:2972} INFO - Setting next_dagrun for example_branch_operator to 2022-08-21T00:00:00+00:00, run_after=2022-08-22T00:00:00+00:00
[2022-08-22 22:09:57,188] {processor.py:161} INFO - Processing /home/airflow/.local/lib/python3.7/site-packages/airflow/example_dags/example_branch_operator.py took 0.067 seconds
[2022-08-22 22:10:27,888] {processor.py:153} INFO - Started process (PID=1991) to work on /home/airflow/.local/lib/python3.7/site-packages/airflow/example_dags/example_branch_operator.py
[2022-08-22 22:10:27,888] {processor.py:641} INFO - Processing file /home/airflow/.local/lib/python3.7/site-packages/airflow/example_dags/example_branch_operator.py for tasks to queue
[2022-08-22 22:10:27,889] {logging_mixin.py:115} INFO - [2022-08-22 22:10:27,889] {dagbag.py:508} INFO - Filling up the DagBag from /home/airflow/.local/lib/python3.7/site-packages/airflow/example_dags/example_branch_operator.py
[2022-08-22 22:10:27,897] {processor.py:651} INFO - DAG(s) dict_keys(['example_branch_operator']) retrieved from /home/airflow/.local/lib/python3.7/site-packages/airflow/example_dags/example_branch_operator.py
[2022-08-22 22:10:27,918] {logging_mixin.py:115} INFO - [2022-08-22 22:10:27,917] {dag.py:2420} INFO - Sync 1 DAGs
[2022-08-22 22:10:27,936] {logging_mixin.py:115} INFO - [2022-08-22 22:10:27,936] {dag.py:2972} INFO - Setting next_dagrun for example_branch_operator to 2022-08-21T00:00:00+00:00, run_after=2022-08-22T00:00:00+00:00
[2022-08-22 22:10:27,945] {processor.py:161} INFO - Processing /home/airflow/.local/lib/python3.7/site-packages/airflow/example_dags/example_branch_operator.py took 0.060 seconds
[2022-08-22 22:10:58,564] {processor.py:153} INFO - Started process (PID=2052) to work on /home/airflow/.local/lib/python3.7/site-packages/airflow/example_dags/example_branch_operator.py
[2022-08-22 22:10:58,565] {processor.py:641} INFO - Processing file /home/airflow/.local/lib/python3.7/site-packages/airflow/example_dags/example_branch_operator.py for tasks to queue
[2022-08-22 22:10:58,566] {logging_mixin.py:115} INFO - [2022-08-22 22:10:58,566] {dagbag.py:508} INFO - Filling up the DagBag from /home/airflow/.local/lib/python3.7/site-packages/airflow/example_dags/example_branch_operator.py
[2022-08-22 22:10:58,582] {processor.py:651} INFO - DAG(s) dict_keys(['example_branch_operator']) retrieved from /home/airflow/.local/lib/python3.7/site-packages/airflow/example_dags/example_branch_operator.py
[2022-08-22 22:10:58,616] {logging_mixin.py:115} INFO - [2022-08-22 22:10:58,615] {dag.py:2420} INFO - Sync 1 DAGs
[2022-08-22 22:10:58,634] {logging_mixin.py:115} INFO - [2022-08-22 22:10:58,634] {dag.py:2972} INFO - Setting next_dagrun for example_branch_operator to 2022-08-21T00:00:00+00:00, run_after=2022-08-22T00:00:00+00:00
[2022-08-22 22:10:58,644] {processor.py:161} INFO - Processing /home/airflow/.local/lib/python3.7/site-packages/airflow/example_dags/example_branch_operator.py took 0.084 seconds
[2022-08-22 22:11:29,139] {processor.py:153} INFO - Started process (PID=2112) to work on /home/airflow/.local/lib/python3.7/site-packages/airflow/example_dags/example_branch_operator.py
[2022-08-22 22:11:29,140] {processor.py:641} INFO - Processing file /home/airflow/.local/lib/python3.7/site-packages/airflow/example_dags/example_branch_operator.py for tasks to queue
[2022-08-22 22:11:29,140] {logging_mixin.py:115} INFO - [2022-08-22 22:11:29,140] {dagbag.py:508} INFO - Filling up the DagBag from /home/airflow/.local/lib/python3.7/site-packages/airflow/example_dags/example_branch_operator.py
[2022-08-22 22:11:29,148] {processor.py:651} INFO - DAG(s) dict_keys(['example_branch_operator']) retrieved from /home/airflow/.local/lib/python3.7/site-packages/airflow/example_dags/example_branch_operator.py
[2022-08-22 22:11:29,171] {logging_mixin.py:115} INFO - [2022-08-22 22:11:29,171] {dag.py:2420} INFO - Sync 1 DAGs
[2022-08-22 22:11:29,193] {logging_mixin.py:115} INFO - [2022-08-22 22:11:29,192] {dag.py:2972} INFO - Setting next_dagrun for example_branch_operator to 2022-08-21T00:00:00+00:00, run_after=2022-08-22T00:00:00+00:00
[2022-08-22 22:11:29,202] {processor.py:161} INFO - Processing /home/airflow/.local/lib/python3.7/site-packages/airflow/example_dags/example_branch_operator.py took 0.065 seconds
[2022-08-22 22:11:59,675] {processor.py:153} INFO - Started process (PID=2164) to work on /home/airflow/.local/lib/python3.7/site-packages/airflow/example_dags/example_branch_operator.py
[2022-08-22 22:11:59,675] {processor.py:641} INFO - Processing file /home/airflow/.local/lib/python3.7/site-packages/airflow/example_dags/example_branch_operator.py for tasks to queue
[2022-08-22 22:11:59,675] {logging_mixin.py:115} INFO - [2022-08-22 22:11:59,675] {dagbag.py:508} INFO - Filling up the DagBag from /home/airflow/.local/lib/python3.7/site-packages/airflow/example_dags/example_branch_operator.py
[2022-08-22 22:11:59,684] {processor.py:651} INFO - DAG(s) dict_keys(['example_branch_operator']) retrieved from /home/airflow/.local/lib/python3.7/site-packages/airflow/example_dags/example_branch_operator.py
[2022-08-22 22:11:59,706] {logging_mixin.py:115} INFO - [2022-08-22 22:11:59,706] {dag.py:2420} INFO - Sync 1 DAGs
[2022-08-22 22:11:59,724] {logging_mixin.py:115} INFO - [2022-08-22 22:11:59,724] {dag.py:2972} INFO - Setting next_dagrun for example_branch_operator to 2022-08-21T00:00:00+00:00, run_after=2022-08-22T00:00:00+00:00
[2022-08-22 22:11:59,733] {processor.py:161} INFO - Processing /home/airflow/.local/lib/python3.7/site-packages/airflow/example_dags/example_branch_operator.py took 0.061 seconds
[2022-08-22 22:12:30,249] {processor.py:153} INFO - Started process (PID=2225) to work on /home/airflow/.local/lib/python3.7/site-packages/airflow/example_dags/example_branch_operator.py
[2022-08-22 22:12:30,250] {processor.py:641} INFO - Processing file /home/airflow/.local/lib/python3.7/site-packages/airflow/example_dags/example_branch_operator.py for tasks to queue
[2022-08-22 22:12:30,250] {logging_mixin.py:115} INFO - [2022-08-22 22:12:30,250] {dagbag.py:508} INFO - Filling up the DagBag from /home/airflow/.local/lib/python3.7/site-packages/airflow/example_dags/example_branch_operator.py
[2022-08-22 22:12:30,258] {processor.py:651} INFO - DAG(s) dict_keys(['example_branch_operator']) retrieved from /home/airflow/.local/lib/python3.7/site-packages/airflow/example_dags/example_branch_operator.py
[2022-08-22 22:12:30,280] {logging_mixin.py:115} INFO - [2022-08-22 22:12:30,280] {dag.py:2420} INFO - Sync 1 DAGs
[2022-08-22 22:12:30,302] {logging_mixin.py:115} INFO - [2022-08-22 22:12:30,301] {dag.py:2972} INFO - Setting next_dagrun for example_branch_operator to 2022-08-21T00:00:00+00:00, run_after=2022-08-22T00:00:00+00:00
[2022-08-22 22:12:30,311] {processor.py:161} INFO - Processing /home/airflow/.local/lib/python3.7/site-packages/airflow/example_dags/example_branch_operator.py took 0.063 seconds
[2022-08-22 22:13:00,811] {processor.py:153} INFO - Started process (PID=2286) to work on /home/airflow/.local/lib/python3.7/site-packages/airflow/example_dags/example_branch_operator.py
[2022-08-22 22:13:00,811] {processor.py:641} INFO - Processing file /home/airflow/.local/lib/python3.7/site-packages/airflow/example_dags/example_branch_operator.py for tasks to queue
[2022-08-22 22:13:00,812] {logging_mixin.py:115} INFO - [2022-08-22 22:13:00,812] {dagbag.py:508} INFO - Filling up the DagBag from /home/airflow/.local/lib/python3.7/site-packages/airflow/example_dags/example_branch_operator.py
[2022-08-22 22:13:00,829] {processor.py:651} INFO - DAG(s) dict_keys(['example_branch_operator']) retrieved from /home/airflow/.local/lib/python3.7/site-packages/airflow/example_dags/example_branch_operator.py
[2022-08-22 22:13:00,852] {logging_mixin.py:115} INFO - [2022-08-22 22:13:00,852] {dag.py:2420} INFO - Sync 1 DAGs
[2022-08-22 22:13:00,873] {logging_mixin.py:115} INFO - [2022-08-22 22:13:00,873] {dag.py:2972} INFO - Setting next_dagrun for example_branch_operator to 2022-08-21T00:00:00+00:00, run_after=2022-08-22T00:00:00+00:00
[2022-08-22 22:13:00,883] {processor.py:161} INFO - Processing /home/airflow/.local/lib/python3.7/site-packages/airflow/example_dags/example_branch_operator.py took 0.077 seconds
[2022-08-22 22:13:31,450] {processor.py:153} INFO - Started process (PID=2347) to work on /home/airflow/.local/lib/python3.7/site-packages/airflow/example_dags/example_branch_operator.py
[2022-08-22 22:13:31,450] {processor.py:641} INFO - Processing file /home/airflow/.local/lib/python3.7/site-packages/airflow/example_dags/example_branch_operator.py for tasks to queue
[2022-08-22 22:13:31,451] {logging_mixin.py:115} INFO - [2022-08-22 22:13:31,451] {dagbag.py:508} INFO - Filling up the DagBag from /home/airflow/.local/lib/python3.7/site-packages/airflow/example_dags/example_branch_operator.py
[2022-08-22 22:13:31,459] {processor.py:651} INFO - DAG(s) dict_keys(['example_branch_operator']) retrieved from /home/airflow/.local/lib/python3.7/site-packages/airflow/example_dags/example_branch_operator.py
[2022-08-22 22:13:31,481] {logging_mixin.py:115} INFO - [2022-08-22 22:13:31,480] {dag.py:2420} INFO - Sync 1 DAGs
[2022-08-22 22:13:31,500] {logging_mixin.py:115} INFO - [2022-08-22 22:13:31,500] {dag.py:2972} INFO - Setting next_dagrun for example_branch_operator to 2022-08-21T00:00:00+00:00, run_after=2022-08-22T00:00:00+00:00
[2022-08-22 22:13:31,510] {processor.py:161} INFO - Processing /home/airflow/.local/lib/python3.7/site-packages/airflow/example_dags/example_branch_operator.py took 0.063 seconds
[2022-08-22 22:14:02,150] {processor.py:153} INFO - Started process (PID=2399) to work on /home/airflow/.local/lib/python3.7/site-packages/airflow/example_dags/example_branch_operator.py
[2022-08-22 22:14:02,151] {processor.py:641} INFO - Processing file /home/airflow/.local/lib/python3.7/site-packages/airflow/example_dags/example_branch_operator.py for tasks to queue
[2022-08-22 22:14:02,151] {logging_mixin.py:115} INFO - [2022-08-22 22:14:02,151] {dagbag.py:508} INFO - Filling up the DagBag from /home/airflow/.local/lib/python3.7/site-packages/airflow/example_dags/example_branch_operator.py
[2022-08-22 22:14:02,159] {processor.py:651} INFO - DAG(s) dict_keys(['example_branch_operator']) retrieved from /home/airflow/.local/lib/python3.7/site-packages/airflow/example_dags/example_branch_operator.py
[2022-08-22 22:14:02,181] {logging_mixin.py:115} INFO - [2022-08-22 22:14:02,181] {dag.py:2420} INFO - Sync 1 DAGs
[2022-08-22 22:14:02,199] {logging_mixin.py:115} INFO - [2022-08-22 22:14:02,199] {dag.py:2972} INFO - Setting next_dagrun for example_branch_operator to 2022-08-21T00:00:00+00:00, run_after=2022-08-22T00:00:00+00:00
[2022-08-22 22:14:02,208] {processor.py:161} INFO - Processing /home/airflow/.local/lib/python3.7/site-packages/airflow/example_dags/example_branch_operator.py took 0.060 seconds
[2022-08-22 22:14:32,752] {processor.py:153} INFO - Started process (PID=2460) to work on /home/airflow/.local/lib/python3.7/site-packages/airflow/example_dags/example_branch_operator.py
[2022-08-22 22:14:32,752] {processor.py:641} INFO - Processing file /home/airflow/.local/lib/python3.7/site-packages/airflow/example_dags/example_branch_operator.py for tasks to queue
[2022-08-22 22:14:32,752] {logging_mixin.py:115} INFO - [2022-08-22 22:14:32,752] {dagbag.py:508} INFO - Filling up the DagBag from /home/airflow/.local/lib/python3.7/site-packages/airflow/example_dags/example_branch_operator.py
[2022-08-22 22:14:32,761] {processor.py:651} INFO - DAG(s) dict_keys(['example_branch_operator']) retrieved from /home/airflow/.local/lib/python3.7/site-packages/airflow/example_dags/example_branch_operator.py
[2022-08-22 22:14:32,782] {logging_mixin.py:115} INFO - [2022-08-22 22:14:32,782] {dag.py:2420} INFO - Sync 1 DAGs
[2022-08-22 22:14:32,801] {logging_mixin.py:115} INFO - [2022-08-22 22:14:32,801] {dag.py:2972} INFO - Setting next_dagrun for example_branch_operator to 2022-08-21T00:00:00+00:00, run_after=2022-08-22T00:00:00+00:00
[2022-08-22 22:14:32,812] {processor.py:161} INFO - Processing /home/airflow/.local/lib/python3.7/site-packages/airflow/example_dags/example_branch_operator.py took 0.062 seconds
[2022-08-22 22:15:03,343] {processor.py:153} INFO - Started process (PID=2521) to work on /home/airflow/.local/lib/python3.7/site-packages/airflow/example_dags/example_branch_operator.py
[2022-08-22 22:15:03,343] {processor.py:641} INFO - Processing file /home/airflow/.local/lib/python3.7/site-packages/airflow/example_dags/example_branch_operator.py for tasks to queue
[2022-08-22 22:15:03,344] {logging_mixin.py:115} INFO - [2022-08-22 22:15:03,344] {dagbag.py:508} INFO - Filling up the DagBag from /home/airflow/.local/lib/python3.7/site-packages/airflow/example_dags/example_branch_operator.py
[2022-08-22 22:15:03,352] {processor.py:651} INFO - DAG(s) dict_keys(['example_branch_operator']) retrieved from /home/airflow/.local/lib/python3.7/site-packages/airflow/example_dags/example_branch_operator.py
[2022-08-22 22:15:03,373] {logging_mixin.py:115} INFO - [2022-08-22 22:15:03,373] {dag.py:2420} INFO - Sync 1 DAGs
[2022-08-22 22:15:03,392] {logging_mixin.py:115} INFO - [2022-08-22 22:15:03,392] {dag.py:2972} INFO - Setting next_dagrun for example_branch_operator to 2022-08-21T00:00:00+00:00, run_after=2022-08-22T00:00:00+00:00
[2022-08-22 22:15:03,402] {processor.py:161} INFO - Processing /home/airflow/.local/lib/python3.7/site-packages/airflow/example_dags/example_branch_operator.py took 0.062 seconds
[2022-08-22 22:15:34,021] {processor.py:153} INFO - Started process (PID=2582) to work on /home/airflow/.local/lib/python3.7/site-packages/airflow/example_dags/example_branch_operator.py
[2022-08-22 22:15:34,022] {processor.py:641} INFO - Processing file /home/airflow/.local/lib/python3.7/site-packages/airflow/example_dags/example_branch_operator.py for tasks to queue
[2022-08-22 22:15:34,022] {logging_mixin.py:115} INFO - [2022-08-22 22:15:34,022] {dagbag.py:508} INFO - Filling up the DagBag from /home/airflow/.local/lib/python3.7/site-packages/airflow/example_dags/example_branch_operator.py
[2022-08-22 22:15:34,038] {processor.py:651} INFO - DAG(s) dict_keys(['example_branch_operator']) retrieved from /home/airflow/.local/lib/python3.7/site-packages/airflow/example_dags/example_branch_operator.py
[2022-08-22 22:15:34,060] {logging_mixin.py:115} INFO - [2022-08-22 22:15:34,060] {dag.py:2420} INFO - Sync 1 DAGs
[2022-08-22 22:15:34,082] {logging_mixin.py:115} INFO - [2022-08-22 22:15:34,082] {dag.py:2972} INFO - Setting next_dagrun for example_branch_operator to 2022-08-21T00:00:00+00:00, run_after=2022-08-22T00:00:00+00:00
[2022-08-22 22:15:34,093] {processor.py:161} INFO - Processing /home/airflow/.local/lib/python3.7/site-packages/airflow/example_dags/example_branch_operator.py took 0.075 seconds
[2022-08-22 22:16:04,598] {processor.py:153} INFO - Started process (PID=2634) to work on /home/airflow/.local/lib/python3.7/site-packages/airflow/example_dags/example_branch_operator.py
[2022-08-22 22:16:04,598] {processor.py:641} INFO - Processing file /home/airflow/.local/lib/python3.7/site-packages/airflow/example_dags/example_branch_operator.py for tasks to queue
[2022-08-22 22:16:04,599] {logging_mixin.py:115} INFO - [2022-08-22 22:16:04,599] {dagbag.py:508} INFO - Filling up the DagBag from /home/airflow/.local/lib/python3.7/site-packages/airflow/example_dags/example_branch_operator.py
[2022-08-22 22:16:04,607] {processor.py:651} INFO - DAG(s) dict_keys(['example_branch_operator']) retrieved from /home/airflow/.local/lib/python3.7/site-packages/airflow/example_dags/example_branch_operator.py
[2022-08-22 22:16:04,629] {logging_mixin.py:115} INFO - [2022-08-22 22:16:04,629] {dag.py:2420} INFO - Sync 1 DAGs
[2022-08-22 22:16:04,650] {logging_mixin.py:115} INFO - [2022-08-22 22:16:04,650] {dag.py:2972} INFO - Setting next_dagrun for example_branch_operator to 2022-08-21T00:00:00+00:00, run_after=2022-08-22T00:00:00+00:00
[2022-08-22 22:16:04,659] {processor.py:161} INFO - Processing /home/airflow/.local/lib/python3.7/site-packages/airflow/example_dags/example_branch_operator.py took 0.064 seconds
[2022-08-22 22:16:35,281] {processor.py:153} INFO - Started process (PID=2695) to work on /home/airflow/.local/lib/python3.7/site-packages/airflow/example_dags/example_branch_operator.py
[2022-08-22 22:16:35,282] {processor.py:641} INFO - Processing file /home/airflow/.local/lib/python3.7/site-packages/airflow/example_dags/example_branch_operator.py for tasks to queue
[2022-08-22 22:16:35,282] {logging_mixin.py:115} INFO - [2022-08-22 22:16:35,282] {dagbag.py:508} INFO - Filling up the DagBag from /home/airflow/.local/lib/python3.7/site-packages/airflow/example_dags/example_branch_operator.py
[2022-08-22 22:16:35,292] {processor.py:651} INFO - DAG(s) dict_keys(['example_branch_operator']) retrieved from /home/airflow/.local/lib/python3.7/site-packages/airflow/example_dags/example_branch_operator.py
[2022-08-22 22:16:35,313] {logging_mixin.py:115} INFO - [2022-08-22 22:16:35,313] {dag.py:2420} INFO - Sync 1 DAGs
[2022-08-22 22:16:35,332] {logging_mixin.py:115} INFO - [2022-08-22 22:16:35,332] {dag.py:2972} INFO - Setting next_dagrun for example_branch_operator to 2022-08-21T00:00:00+00:00, run_after=2022-08-22T00:00:00+00:00
[2022-08-22 22:16:35,342] {processor.py:161} INFO - Processing /home/airflow/.local/lib/python3.7/site-packages/airflow/example_dags/example_branch_operator.py took 0.062 seconds
[2022-08-22 22:17:05,988] {processor.py:153} INFO - Started process (PID=2756) to work on /home/airflow/.local/lib/python3.7/site-packages/airflow/example_dags/example_branch_operator.py
[2022-08-22 22:17:05,989] {processor.py:641} INFO - Processing file /home/airflow/.local/lib/python3.7/site-packages/airflow/example_dags/example_branch_operator.py for tasks to queue
[2022-08-22 22:17:05,989] {logging_mixin.py:115} INFO - [2022-08-22 22:17:05,989] {dagbag.py:508} INFO - Filling up the DagBag from /home/airflow/.local/lib/python3.7/site-packages/airflow/example_dags/example_branch_operator.py
[2022-08-22 22:17:05,998] {processor.py:651} INFO - DAG(s) dict_keys(['example_branch_operator']) retrieved from /home/airflow/.local/lib/python3.7/site-packages/airflow/example_dags/example_branch_operator.py
[2022-08-22 22:17:06,018] {logging_mixin.py:115} INFO - [2022-08-22 22:17:06,018] {dag.py:2420} INFO - Sync 1 DAGs
[2022-08-22 22:17:06,037] {logging_mixin.py:115} INFO - [2022-08-22 22:17:06,037] {dag.py:2972} INFO - Setting next_dagrun for example_branch_operator to 2022-08-21T00:00:00+00:00, run_after=2022-08-22T00:00:00+00:00
[2022-08-22 22:17:06,046] {processor.py:161} INFO - Processing /home/airflow/.local/lib/python3.7/site-packages/airflow/example_dags/example_branch_operator.py took 0.060 seconds
[2022-08-22 22:17:36,489] {processor.py:153} INFO - Started process (PID=2817) to work on /home/airflow/.local/lib/python3.7/site-packages/airflow/example_dags/example_branch_operator.py
[2022-08-22 22:17:36,489] {processor.py:641} INFO - Processing file /home/airflow/.local/lib/python3.7/site-packages/airflow/example_dags/example_branch_operator.py for tasks to queue
[2022-08-22 22:17:36,490] {logging_mixin.py:115} INFO - [2022-08-22 22:17:36,490] {dagbag.py:508} INFO - Filling up the DagBag from /home/airflow/.local/lib/python3.7/site-packages/airflow/example_dags/example_branch_operator.py
[2022-08-22 22:17:36,499] {processor.py:651} INFO - DAG(s) dict_keys(['example_branch_operator']) retrieved from /home/airflow/.local/lib/python3.7/site-packages/airflow/example_dags/example_branch_operator.py
[2022-08-22 22:17:36,520] {logging_mixin.py:115} INFO - [2022-08-22 22:17:36,520] {dag.py:2420} INFO - Sync 1 DAGs
[2022-08-22 22:17:36,543] {logging_mixin.py:115} INFO - [2022-08-22 22:17:36,543] {dag.py:2972} INFO - Setting next_dagrun for example_branch_operator to 2022-08-21T00:00:00+00:00, run_after=2022-08-22T00:00:00+00:00
[2022-08-22 22:17:36,555] {processor.py:161} INFO - Processing /home/airflow/.local/lib/python3.7/site-packages/airflow/example_dags/example_branch_operator.py took 0.069 seconds
[2022-08-22 22:18:07,076] {processor.py:153} INFO - Started process (PID=2869) to work on /home/airflow/.local/lib/python3.7/site-packages/airflow/example_dags/example_branch_operator.py
[2022-08-22 22:18:07,076] {processor.py:641} INFO - Processing file /home/airflow/.local/lib/python3.7/site-packages/airflow/example_dags/example_branch_operator.py for tasks to queue
[2022-08-22 22:18:07,077] {logging_mixin.py:115} INFO - [2022-08-22 22:18:07,077] {dagbag.py:508} INFO - Filling up the DagBag from /home/airflow/.local/lib/python3.7/site-packages/airflow/example_dags/example_branch_operator.py
[2022-08-22 22:18:07,086] {processor.py:651} INFO - DAG(s) dict_keys(['example_branch_operator']) retrieved from /home/airflow/.local/lib/python3.7/site-packages/airflow/example_dags/example_branch_operator.py
[2022-08-22 22:18:07,106] {logging_mixin.py:115} INFO - [2022-08-22 22:18:07,106] {dag.py:2420} INFO - Sync 1 DAGs
[2022-08-22 22:18:07,126] {logging_mixin.py:115} INFO - [2022-08-22 22:18:07,126] {dag.py:2972} INFO - Setting next_dagrun for example_branch_operator to 2022-08-21T00:00:00+00:00, run_after=2022-08-22T00:00:00+00:00
[2022-08-22 22:18:07,137] {processor.py:161} INFO - Processing /home/airflow/.local/lib/python3.7/site-packages/airflow/example_dags/example_branch_operator.py took 0.063 seconds
[2022-08-22 22:18:37,747] {processor.py:153} INFO - Started process (PID=2930) to work on /home/airflow/.local/lib/python3.7/site-packages/airflow/example_dags/example_branch_operator.py
[2022-08-22 22:18:37,747] {processor.py:641} INFO - Processing file /home/airflow/.local/lib/python3.7/site-packages/airflow/example_dags/example_branch_operator.py for tasks to queue
[2022-08-22 22:18:37,748] {logging_mixin.py:115} INFO - [2022-08-22 22:18:37,747] {dagbag.py:508} INFO - Filling up the DagBag from /home/airflow/.local/lib/python3.7/site-packages/airflow/example_dags/example_branch_operator.py
[2022-08-22 22:18:37,756] {processor.py:651} INFO - DAG(s) dict_keys(['example_branch_operator']) retrieved from /home/airflow/.local/lib/python3.7/site-packages/airflow/example_dags/example_branch_operator.py
[2022-08-22 22:18:37,776] {logging_mixin.py:115} INFO - [2022-08-22 22:18:37,776] {dag.py:2420} INFO - Sync 1 DAGs
[2022-08-22 22:18:37,798] {logging_mixin.py:115} INFO - [2022-08-22 22:18:37,797] {dag.py:2972} INFO - Setting next_dagrun for example_branch_operator to 2022-08-21T00:00:00+00:00, run_after=2022-08-22T00:00:00+00:00
[2022-08-22 22:18:37,810] {processor.py:161} INFO - Processing /home/airflow/.local/lib/python3.7/site-packages/airflow/example_dags/example_branch_operator.py took 0.065 seconds
[2022-08-22 22:19:08,384] {processor.py:153} INFO - Started process (PID=2992) to work on /home/airflow/.local/lib/python3.7/site-packages/airflow/example_dags/example_branch_operator.py
[2022-08-22 22:19:08,385] {processor.py:641} INFO - Processing file /home/airflow/.local/lib/python3.7/site-packages/airflow/example_dags/example_branch_operator.py for tasks to queue
[2022-08-22 22:19:08,386] {logging_mixin.py:115} INFO - [2022-08-22 22:19:08,386] {dagbag.py:508} INFO - Filling up the DagBag from /home/airflow/.local/lib/python3.7/site-packages/airflow/example_dags/example_branch_operator.py
[2022-08-22 22:19:08,403] {processor.py:651} INFO - DAG(s) dict_keys(['example_branch_operator']) retrieved from /home/airflow/.local/lib/python3.7/site-packages/airflow/example_dags/example_branch_operator.py
[2022-08-22 22:19:08,437] {logging_mixin.py:115} INFO - [2022-08-22 22:19:08,437] {dag.py:2420} INFO - Sync 1 DAGs
[2022-08-22 22:19:08,457] {logging_mixin.py:115} INFO - [2022-08-22 22:19:08,457] {dag.py:2972} INFO - Setting next_dagrun for example_branch_operator to 2022-08-21T00:00:00+00:00, run_after=2022-08-22T00:00:00+00:00
[2022-08-22 22:19:08,466] {processor.py:161} INFO - Processing /home/airflow/.local/lib/python3.7/site-packages/airflow/example_dags/example_branch_operator.py took 0.085 seconds
[2022-08-22 22:19:39,105] {processor.py:153} INFO - Started process (PID=3044) to work on /home/airflow/.local/lib/python3.7/site-packages/airflow/example_dags/example_branch_operator.py
[2022-08-22 22:19:39,106] {processor.py:641} INFO - Processing file /home/airflow/.local/lib/python3.7/site-packages/airflow/example_dags/example_branch_operator.py for tasks to queue
[2022-08-22 22:19:39,106] {logging_mixin.py:115} INFO - [2022-08-22 22:19:39,106] {dagbag.py:508} INFO - Filling up the DagBag from /home/airflow/.local/lib/python3.7/site-packages/airflow/example_dags/example_branch_operator.py
[2022-08-22 22:19:39,116] {processor.py:651} INFO - DAG(s) dict_keys(['example_branch_operator']) retrieved from /home/airflow/.local/lib/python3.7/site-packages/airflow/example_dags/example_branch_operator.py
[2022-08-22 22:19:39,189] {logging_mixin.py:115} INFO - [2022-08-22 22:19:39,188] {dag.py:2420} INFO - Sync 1 DAGs
[2022-08-22 22:19:39,210] {logging_mixin.py:115} INFO - [2022-08-22 22:19:39,209] {dag.py:2972} INFO - Setting next_dagrun for example_branch_operator to 2022-08-21T00:00:00+00:00, run_after=2022-08-22T00:00:00+00:00
[2022-08-22 22:19:39,221] {processor.py:161} INFO - Processing /home/airflow/.local/lib/python3.7/site-packages/airflow/example_dags/example_branch_operator.py took 0.118 seconds
[2022-08-22 22:20:09,821] {processor.py:153} INFO - Started process (PID=3105) to work on /home/airflow/.local/lib/python3.7/site-packages/airflow/example_dags/example_branch_operator.py
[2022-08-22 22:20:09,821] {processor.py:641} INFO - Processing file /home/airflow/.local/lib/python3.7/site-packages/airflow/example_dags/example_branch_operator.py for tasks to queue
[2022-08-22 22:20:09,822] {logging_mixin.py:115} INFO - [2022-08-22 22:20:09,822] {dagbag.py:508} INFO - Filling up the DagBag from /home/airflow/.local/lib/python3.7/site-packages/airflow/example_dags/example_branch_operator.py
[2022-08-22 22:20:09,830] {processor.py:651} INFO - DAG(s) dict_keys(['example_branch_operator']) retrieved from /home/airflow/.local/lib/python3.7/site-packages/airflow/example_dags/example_branch_operator.py
[2022-08-22 22:20:09,862] {logging_mixin.py:115} INFO - [2022-08-22 22:20:09,862] {dag.py:2420} INFO - Sync 1 DAGs
[2022-08-22 22:20:09,882] {logging_mixin.py:115} INFO - [2022-08-22 22:20:09,882] {dag.py:2972} INFO - Setting next_dagrun for example_branch_operator to 2022-08-21T00:00:00+00:00, run_after=2022-08-22T00:00:00+00:00
[2022-08-22 22:20:09,891] {processor.py:161} INFO - Processing /home/airflow/.local/lib/python3.7/site-packages/airflow/example_dags/example_branch_operator.py took 0.073 seconds
[2022-08-22 22:20:40,563] {processor.py:153} INFO - Started process (PID=3166) to work on /home/airflow/.local/lib/python3.7/site-packages/airflow/example_dags/example_branch_operator.py
[2022-08-22 22:20:40,563] {processor.py:641} INFO - Processing file /home/airflow/.local/lib/python3.7/site-packages/airflow/example_dags/example_branch_operator.py for tasks to queue
[2022-08-22 22:20:40,563] {logging_mixin.py:115} INFO - [2022-08-22 22:20:40,563] {dagbag.py:508} INFO - Filling up the DagBag from /home/airflow/.local/lib/python3.7/site-packages/airflow/example_dags/example_branch_operator.py
[2022-08-22 22:20:40,571] {processor.py:651} INFO - DAG(s) dict_keys(['example_branch_operator']) retrieved from /home/airflow/.local/lib/python3.7/site-packages/airflow/example_dags/example_branch_operator.py
[2022-08-22 22:20:40,591] {logging_mixin.py:115} INFO - [2022-08-22 22:20:40,590] {dag.py:2420} INFO - Sync 1 DAGs
[2022-08-22 22:20:40,608] {logging_mixin.py:115} INFO - [2022-08-22 22:20:40,608] {dag.py:2972} INFO - Setting next_dagrun for example_branch_operator to 2022-08-21T00:00:00+00:00, run_after=2022-08-22T00:00:00+00:00
[2022-08-22 22:20:40,617] {processor.py:161} INFO - Processing /home/airflow/.local/lib/python3.7/site-packages/airflow/example_dags/example_branch_operator.py took 0.056 seconds
[2022-08-22 22:21:11,068] {processor.py:153} INFO - Started process (PID=3227) to work on /home/airflow/.local/lib/python3.7/site-packages/airflow/example_dags/example_branch_operator.py
[2022-08-22 22:21:11,069] {processor.py:641} INFO - Processing file /home/airflow/.local/lib/python3.7/site-packages/airflow/example_dags/example_branch_operator.py for tasks to queue
[2022-08-22 22:21:11,069] {logging_mixin.py:115} INFO - [2022-08-22 22:21:11,069] {dagbag.py:508} INFO - Filling up the DagBag from /home/airflow/.local/lib/python3.7/site-packages/airflow/example_dags/example_branch_operator.py
[2022-08-22 22:21:11,077] {processor.py:651} INFO - DAG(s) dict_keys(['example_branch_operator']) retrieved from /home/airflow/.local/lib/python3.7/site-packages/airflow/example_dags/example_branch_operator.py
[2022-08-22 22:21:11,099] {logging_mixin.py:115} INFO - [2022-08-22 22:21:11,099] {dag.py:2420} INFO - Sync 1 DAGs
[2022-08-22 22:21:11,118] {logging_mixin.py:115} INFO - [2022-08-22 22:21:11,118] {dag.py:2972} INFO - Setting next_dagrun for example_branch_operator to 2022-08-21T00:00:00+00:00, run_after=2022-08-22T00:00:00+00:00
[2022-08-22 22:21:11,127] {processor.py:161} INFO - Processing /home/airflow/.local/lib/python3.7/site-packages/airflow/example_dags/example_branch_operator.py took 0.061 seconds
[2022-08-22 22:21:41,659] {processor.py:153} INFO - Started process (PID=3279) to work on /home/airflow/.local/lib/python3.7/site-packages/airflow/example_dags/example_branch_operator.py
[2022-08-22 22:21:41,660] {processor.py:641} INFO - Processing file /home/airflow/.local/lib/python3.7/site-packages/airflow/example_dags/example_branch_operator.py for tasks to queue
[2022-08-22 22:21:41,660] {logging_mixin.py:115} INFO - [2022-08-22 22:21:41,660] {dagbag.py:508} INFO - Filling up the DagBag from /home/airflow/.local/lib/python3.7/site-packages/airflow/example_dags/example_branch_operator.py
[2022-08-22 22:21:41,669] {processor.py:651} INFO - DAG(s) dict_keys(['example_branch_operator']) retrieved from /home/airflow/.local/lib/python3.7/site-packages/airflow/example_dags/example_branch_operator.py
[2022-08-22 22:21:41,689] {logging_mixin.py:115} INFO - [2022-08-22 22:21:41,689] {dag.py:2420} INFO - Sync 1 DAGs
[2022-08-22 22:21:41,708] {logging_mixin.py:115} INFO - [2022-08-22 22:21:41,708] {dag.py:2972} INFO - Setting next_dagrun for example_branch_operator to 2022-08-21T00:00:00+00:00, run_after=2022-08-22T00:00:00+00:00
[2022-08-22 22:21:41,718] {processor.py:161} INFO - Processing /home/airflow/.local/lib/python3.7/site-packages/airflow/example_dags/example_branch_operator.py took 0.060 seconds
[2022-08-22 22:22:12,358] {processor.py:153} INFO - Started process (PID=3340) to work on /home/airflow/.local/lib/python3.7/site-packages/airflow/example_dags/example_branch_operator.py
[2022-08-22 22:22:12,358] {processor.py:641} INFO - Processing file /home/airflow/.local/lib/python3.7/site-packages/airflow/example_dags/example_branch_operator.py for tasks to queue
[2022-08-22 22:22:12,359] {logging_mixin.py:115} INFO - [2022-08-22 22:22:12,359] {dagbag.py:508} INFO - Filling up the DagBag from /home/airflow/.local/lib/python3.7/site-packages/airflow/example_dags/example_branch_operator.py
[2022-08-22 22:22:12,367] {processor.py:651} INFO - DAG(s) dict_keys(['example_branch_operator']) retrieved from /home/airflow/.local/lib/python3.7/site-packages/airflow/example_dags/example_branch_operator.py
[2022-08-22 22:22:12,388] {logging_mixin.py:115} INFO - [2022-08-22 22:22:12,388] {dag.py:2420} INFO - Sync 1 DAGs
[2022-08-22 22:22:12,407] {logging_mixin.py:115} INFO - [2022-08-22 22:22:12,406] {dag.py:2972} INFO - Setting next_dagrun for example_branch_operator to 2022-08-21T00:00:00+00:00, run_after=2022-08-22T00:00:00+00:00
[2022-08-22 22:22:12,416] {processor.py:161} INFO - Processing /home/airflow/.local/lib/python3.7/site-packages/airflow/example_dags/example_branch_operator.py took 0.060 seconds
[2022-08-22 22:22:43,016] {processor.py:153} INFO - Started process (PID=3401) to work on /home/airflow/.local/lib/python3.7/site-packages/airflow/example_dags/example_branch_operator.py
[2022-08-22 22:22:43,017] {processor.py:641} INFO - Processing file /home/airflow/.local/lib/python3.7/site-packages/airflow/example_dags/example_branch_operator.py for tasks to queue
[2022-08-22 22:22:43,017] {logging_mixin.py:115} INFO - [2022-08-22 22:22:43,017] {dagbag.py:508} INFO - Filling up the DagBag from /home/airflow/.local/lib/python3.7/site-packages/airflow/example_dags/example_branch_operator.py
[2022-08-22 22:22:43,026] {processor.py:651} INFO - DAG(s) dict_keys(['example_branch_operator']) retrieved from /home/airflow/.local/lib/python3.7/site-packages/airflow/example_dags/example_branch_operator.py
[2022-08-22 22:22:43,049] {logging_mixin.py:115} INFO - [2022-08-22 22:22:43,049] {dag.py:2420} INFO - Sync 1 DAGs
[2022-08-22 22:22:43,069] {logging_mixin.py:115} INFO - [2022-08-22 22:22:43,069] {dag.py:2972} INFO - Setting next_dagrun for example_branch_operator to 2022-08-21T00:00:00+00:00, run_after=2022-08-22T00:00:00+00:00
[2022-08-22 22:22:43,078] {processor.py:161} INFO - Processing /home/airflow/.local/lib/python3.7/site-packages/airflow/example_dags/example_branch_operator.py took 0.064 seconds
[2022-08-22 22:23:13,625] {processor.py:153} INFO - Started process (PID=3462) to work on /home/airflow/.local/lib/python3.7/site-packages/airflow/example_dags/example_branch_operator.py
[2022-08-22 22:23:13,625] {processor.py:641} INFO - Processing file /home/airflow/.local/lib/python3.7/site-packages/airflow/example_dags/example_branch_operator.py for tasks to queue
[2022-08-22 22:23:13,626] {logging_mixin.py:115} INFO - [2022-08-22 22:23:13,626] {dagbag.py:508} INFO - Filling up the DagBag from /home/airflow/.local/lib/python3.7/site-packages/airflow/example_dags/example_branch_operator.py
[2022-08-22 22:23:13,635] {processor.py:651} INFO - DAG(s) dict_keys(['example_branch_operator']) retrieved from /home/airflow/.local/lib/python3.7/site-packages/airflow/example_dags/example_branch_operator.py
[2022-08-22 22:23:13,655] {logging_mixin.py:115} INFO - [2022-08-22 22:23:13,655] {dag.py:2420} INFO - Sync 1 DAGs
[2022-08-22 22:23:13,676] {logging_mixin.py:115} INFO - [2022-08-22 22:23:13,676] {dag.py:2972} INFO - Setting next_dagrun for example_branch_operator to 2022-08-21T00:00:00+00:00, run_after=2022-08-22T00:00:00+00:00
[2022-08-22 22:23:13,686] {processor.py:161} INFO - Processing /home/airflow/.local/lib/python3.7/site-packages/airflow/example_dags/example_branch_operator.py took 0.063 seconds
[2022-08-22 22:23:44,370] {processor.py:153} INFO - Started process (PID=3514) to work on /home/airflow/.local/lib/python3.7/site-packages/airflow/example_dags/example_branch_operator.py
[2022-08-22 22:23:44,371] {processor.py:641} INFO - Processing file /home/airflow/.local/lib/python3.7/site-packages/airflow/example_dags/example_branch_operator.py for tasks to queue
[2022-08-22 22:23:44,371] {logging_mixin.py:115} INFO - [2022-08-22 22:23:44,371] {dagbag.py:508} INFO - Filling up the DagBag from /home/airflow/.local/lib/python3.7/site-packages/airflow/example_dags/example_branch_operator.py
[2022-08-22 22:23:44,380] {processor.py:651} INFO - DAG(s) dict_keys(['example_branch_operator']) retrieved from /home/airflow/.local/lib/python3.7/site-packages/airflow/example_dags/example_branch_operator.py
[2022-08-22 22:23:44,401] {logging_mixin.py:115} INFO - [2022-08-22 22:23:44,401] {dag.py:2420} INFO - Sync 1 DAGs
[2022-08-22 22:23:44,422] {logging_mixin.py:115} INFO - [2022-08-22 22:23:44,422] {dag.py:2972} INFO - Setting next_dagrun for example_branch_operator to 2022-08-21T00:00:00+00:00, run_after=2022-08-22T00:00:00+00:00
[2022-08-22 22:23:44,433] {processor.py:161} INFO - Processing /home/airflow/.local/lib/python3.7/site-packages/airflow/example_dags/example_branch_operator.py took 0.065 seconds
[2022-08-22 22:24:15,089] {processor.py:153} INFO - Started process (PID=3575) to work on /home/airflow/.local/lib/python3.7/site-packages/airflow/example_dags/example_branch_operator.py
[2022-08-22 22:24:15,090] {processor.py:641} INFO - Processing file /home/airflow/.local/lib/python3.7/site-packages/airflow/example_dags/example_branch_operator.py for tasks to queue
[2022-08-22 22:24:15,090] {logging_mixin.py:115} INFO - [2022-08-22 22:24:15,090] {dagbag.py:508} INFO - Filling up the DagBag from /home/airflow/.local/lib/python3.7/site-packages/airflow/example_dags/example_branch_operator.py
[2022-08-22 22:24:15,106] {processor.py:651} INFO - DAG(s) dict_keys(['example_branch_operator']) retrieved from /home/airflow/.local/lib/python3.7/site-packages/airflow/example_dags/example_branch_operator.py
[2022-08-22 22:24:15,136] {logging_mixin.py:115} INFO - [2022-08-22 22:24:15,136] {dag.py:2420} INFO - Sync 1 DAGs
[2022-08-22 22:24:15,161] {logging_mixin.py:115} INFO - [2022-08-22 22:24:15,161] {dag.py:2972} INFO - Setting next_dagrun for example_branch_operator to 2022-08-21T00:00:00+00:00, run_after=2022-08-22T00:00:00+00:00
[2022-08-22 22:24:15,174] {processor.py:161} INFO - Processing /home/airflow/.local/lib/python3.7/site-packages/airflow/example_dags/example_branch_operator.py took 0.089 seconds
[2022-08-22 22:24:45,827] {processor.py:153} INFO - Started process (PID=3636) to work on /home/airflow/.local/lib/python3.7/site-packages/airflow/example_dags/example_branch_operator.py
[2022-08-22 22:24:45,828] {processor.py:641} INFO - Processing file /home/airflow/.local/lib/python3.7/site-packages/airflow/example_dags/example_branch_operator.py for tasks to queue
[2022-08-22 22:24:45,828] {logging_mixin.py:115} INFO - [2022-08-22 22:24:45,828] {dagbag.py:508} INFO - Filling up the DagBag from /home/airflow/.local/lib/python3.7/site-packages/airflow/example_dags/example_branch_operator.py
[2022-08-22 22:24:45,837] {processor.py:651} INFO - DAG(s) dict_keys(['example_branch_operator']) retrieved from /home/airflow/.local/lib/python3.7/site-packages/airflow/example_dags/example_branch_operator.py
[2022-08-22 22:24:45,860] {logging_mixin.py:115} INFO - [2022-08-22 22:24:45,860] {dag.py:2420} INFO - Sync 1 DAGs
[2022-08-22 22:24:45,884] {logging_mixin.py:115} INFO - [2022-08-22 22:24:45,884] {dag.py:2972} INFO - Setting next_dagrun for example_branch_operator to 2022-08-21T00:00:00+00:00, run_after=2022-08-22T00:00:00+00:00
[2022-08-22 22:24:45,895] {processor.py:161} INFO - Processing /home/airflow/.local/lib/python3.7/site-packages/airflow/example_dags/example_branch_operator.py took 0.070 seconds
[2022-08-22 22:25:16,474] {processor.py:153} INFO - Started process (PID=3697) to work on /home/airflow/.local/lib/python3.7/site-packages/airflow/example_dags/example_branch_operator.py
[2022-08-22 22:25:16,474] {processor.py:641} INFO - Processing file /home/airflow/.local/lib/python3.7/site-packages/airflow/example_dags/example_branch_operator.py for tasks to queue
[2022-08-22 22:25:16,474] {logging_mixin.py:115} INFO - [2022-08-22 22:25:16,474] {dagbag.py:508} INFO - Filling up the DagBag from /home/airflow/.local/lib/python3.7/site-packages/airflow/example_dags/example_branch_operator.py
[2022-08-22 22:25:16,484] {processor.py:651} INFO - DAG(s) dict_keys(['example_branch_operator']) retrieved from /home/airflow/.local/lib/python3.7/site-packages/airflow/example_dags/example_branch_operator.py
[2022-08-22 22:25:16,506] {logging_mixin.py:115} INFO - [2022-08-22 22:25:16,506] {dag.py:2420} INFO - Sync 1 DAGs
[2022-08-22 22:25:16,530] {logging_mixin.py:115} INFO - [2022-08-22 22:25:16,529] {dag.py:2972} INFO - Setting next_dagrun for example_branch_operator to 2022-08-21T00:00:00+00:00, run_after=2022-08-22T00:00:00+00:00
[2022-08-22 22:25:16,543] {processor.py:161} INFO - Processing /home/airflow/.local/lib/python3.7/site-packages/airflow/example_dags/example_branch_operator.py took 0.071 seconds
[2022-08-22 22:25:47,184] {processor.py:153} INFO - Started process (PID=3749) to work on /home/airflow/.local/lib/python3.7/site-packages/airflow/example_dags/example_branch_operator.py
[2022-08-22 22:25:47,184] {processor.py:641} INFO - Processing file /home/airflow/.local/lib/python3.7/site-packages/airflow/example_dags/example_branch_operator.py for tasks to queue
[2022-08-22 22:25:47,185] {logging_mixin.py:115} INFO - [2022-08-22 22:25:47,185] {dagbag.py:508} INFO - Filling up the DagBag from /home/airflow/.local/lib/python3.7/site-packages/airflow/example_dags/example_branch_operator.py
[2022-08-22 22:25:47,194] {processor.py:651} INFO - DAG(s) dict_keys(['example_branch_operator']) retrieved from /home/airflow/.local/lib/python3.7/site-packages/airflow/example_dags/example_branch_operator.py
[2022-08-22 22:25:47,215] {logging_mixin.py:115} INFO - [2022-08-22 22:25:47,215] {dag.py:2420} INFO - Sync 1 DAGs
[2022-08-22 22:25:47,233] {logging_mixin.py:115} INFO - [2022-08-22 22:25:47,233] {dag.py:2972} INFO - Setting next_dagrun for example_branch_operator to 2022-08-21T00:00:00+00:00, run_after=2022-08-22T00:00:00+00:00
[2022-08-22 22:25:47,244] {processor.py:161} INFO - Processing /home/airflow/.local/lib/python3.7/site-packages/airflow/example_dags/example_branch_operator.py took 0.062 seconds
[2022-08-22 22:26:17,830] {processor.py:153} INFO - Started process (PID=3810) to work on /home/airflow/.local/lib/python3.7/site-packages/airflow/example_dags/example_branch_operator.py
[2022-08-22 22:26:17,831] {processor.py:641} INFO - Processing file /home/airflow/.local/lib/python3.7/site-packages/airflow/example_dags/example_branch_operator.py for tasks to queue
[2022-08-22 22:26:17,831] {logging_mixin.py:115} INFO - [2022-08-22 22:26:17,831] {dagbag.py:508} INFO - Filling up the DagBag from /home/airflow/.local/lib/python3.7/site-packages/airflow/example_dags/example_branch_operator.py
[2022-08-22 22:26:17,842] {processor.py:651} INFO - DAG(s) dict_keys(['example_branch_operator']) retrieved from /home/airflow/.local/lib/python3.7/site-packages/airflow/example_dags/example_branch_operator.py
[2022-08-22 22:26:17,866] {logging_mixin.py:115} INFO - [2022-08-22 22:26:17,865] {dag.py:2420} INFO - Sync 1 DAGs
[2022-08-22 22:26:17,886] {logging_mixin.py:115} INFO - [2022-08-22 22:26:17,886] {dag.py:2972} INFO - Setting next_dagrun for example_branch_operator to 2022-08-21T00:00:00+00:00, run_after=2022-08-22T00:00:00+00:00
[2022-08-22 22:26:17,898] {processor.py:161} INFO - Processing /home/airflow/.local/lib/python3.7/site-packages/airflow/example_dags/example_branch_operator.py took 0.070 seconds
[2022-08-22 22:26:48,473] {processor.py:153} INFO - Started process (PID=3871) to work on /home/airflow/.local/lib/python3.7/site-packages/airflow/example_dags/example_branch_operator.py
[2022-08-22 22:26:48,474] {processor.py:641} INFO - Processing file /home/airflow/.local/lib/python3.7/site-packages/airflow/example_dags/example_branch_operator.py for tasks to queue
[2022-08-22 22:26:48,474] {logging_mixin.py:115} INFO - [2022-08-22 22:26:48,474] {dagbag.py:508} INFO - Filling up the DagBag from /home/airflow/.local/lib/python3.7/site-packages/airflow/example_dags/example_branch_operator.py
[2022-08-22 22:26:48,482] {processor.py:651} INFO - DAG(s) dict_keys(['example_branch_operator']) retrieved from /home/airflow/.local/lib/python3.7/site-packages/airflow/example_dags/example_branch_operator.py
[2022-08-22 22:26:48,506] {logging_mixin.py:115} INFO - [2022-08-22 22:26:48,506] {dag.py:2420} INFO - Sync 1 DAGs
[2022-08-22 22:26:48,535] {logging_mixin.py:115} INFO - [2022-08-22 22:26:48,534] {dag.py:2972} INFO - Setting next_dagrun for example_branch_operator to 2022-08-21T00:00:00+00:00, run_after=2022-08-22T00:00:00+00:00
[2022-08-22 22:26:48,546] {processor.py:161} INFO - Processing /home/airflow/.local/lib/python3.7/site-packages/airflow/example_dags/example_branch_operator.py took 0.075 seconds
[2022-08-22 22:27:19,259] {processor.py:153} INFO - Started process (PID=3932) to work on /home/airflow/.local/lib/python3.7/site-packages/airflow/example_dags/example_branch_operator.py
[2022-08-22 22:27:19,260] {processor.py:641} INFO - Processing file /home/airflow/.local/lib/python3.7/site-packages/airflow/example_dags/example_branch_operator.py for tasks to queue
[2022-08-22 22:27:19,260] {logging_mixin.py:115} INFO - [2022-08-22 22:27:19,260] {dagbag.py:508} INFO - Filling up the DagBag from /home/airflow/.local/lib/python3.7/site-packages/airflow/example_dags/example_branch_operator.py
[2022-08-22 22:27:19,270] {processor.py:651} INFO - DAG(s) dict_keys(['example_branch_operator']) retrieved from /home/airflow/.local/lib/python3.7/site-packages/airflow/example_dags/example_branch_operator.py
[2022-08-22 22:27:19,293] {logging_mixin.py:115} INFO - [2022-08-22 22:27:19,293] {dag.py:2420} INFO - Sync 1 DAGs
[2022-08-22 22:27:19,315] {logging_mixin.py:115} INFO - [2022-08-22 22:27:19,315] {dag.py:2972} INFO - Setting next_dagrun for example_branch_operator to 2022-08-21T00:00:00+00:00, run_after=2022-08-22T00:00:00+00:00
[2022-08-22 22:27:19,330] {processor.py:161} INFO - Processing /home/airflow/.local/lib/python3.7/site-packages/airflow/example_dags/example_branch_operator.py took 0.073 seconds
[2022-08-22 22:27:50,110] {processor.py:153} INFO - Started process (PID=3984) to work on /home/airflow/.local/lib/python3.7/site-packages/airflow/example_dags/example_branch_operator.py
[2022-08-22 22:27:50,110] {processor.py:641} INFO - Processing file /home/airflow/.local/lib/python3.7/site-packages/airflow/example_dags/example_branch_operator.py for tasks to queue
[2022-08-22 22:27:50,111] {logging_mixin.py:115} INFO - [2022-08-22 22:27:50,111] {dagbag.py:508} INFO - Filling up the DagBag from /home/airflow/.local/lib/python3.7/site-packages/airflow/example_dags/example_branch_operator.py
[2022-08-22 22:27:50,128] {processor.py:651} INFO - DAG(s) dict_keys(['example_branch_operator']) retrieved from /home/airflow/.local/lib/python3.7/site-packages/airflow/example_dags/example_branch_operator.py
[2022-08-22 22:27:50,150] {logging_mixin.py:115} INFO - [2022-08-22 22:27:50,150] {dag.py:2420} INFO - Sync 1 DAGs
[2022-08-22 22:27:50,169] {logging_mixin.py:115} INFO - [2022-08-22 22:27:50,169] {dag.py:2972} INFO - Setting next_dagrun for example_branch_operator to 2022-08-21T00:00:00+00:00, run_after=2022-08-22T00:00:00+00:00
[2022-08-22 22:27:50,179] {processor.py:161} INFO - Processing /home/airflow/.local/lib/python3.7/site-packages/airflow/example_dags/example_branch_operator.py took 0.074 seconds
[2022-08-22 22:28:20,645] {processor.py:153} INFO - Started process (PID=4045) to work on /home/airflow/.local/lib/python3.7/site-packages/airflow/example_dags/example_branch_operator.py
[2022-08-22 22:28:20,646] {processor.py:641} INFO - Processing file /home/airflow/.local/lib/python3.7/site-packages/airflow/example_dags/example_branch_operator.py for tasks to queue
[2022-08-22 22:28:20,646] {logging_mixin.py:115} INFO - [2022-08-22 22:28:20,646] {dagbag.py:508} INFO - Filling up the DagBag from /home/airflow/.local/lib/python3.7/site-packages/airflow/example_dags/example_branch_operator.py
[2022-08-22 22:28:20,654] {processor.py:651} INFO - DAG(s) dict_keys(['example_branch_operator']) retrieved from /home/airflow/.local/lib/python3.7/site-packages/airflow/example_dags/example_branch_operator.py
[2022-08-22 22:28:20,677] {logging_mixin.py:115} INFO - [2022-08-22 22:28:20,676] {dag.py:2420} INFO - Sync 1 DAGs
[2022-08-22 22:28:20,700] {logging_mixin.py:115} INFO - [2022-08-22 22:28:20,700] {dag.py:2972} INFO - Setting next_dagrun for example_branch_operator to 2022-08-21T00:00:00+00:00, run_after=2022-08-22T00:00:00+00:00
[2022-08-22 22:28:20,711] {processor.py:161} INFO - Processing /home/airflow/.local/lib/python3.7/site-packages/airflow/example_dags/example_branch_operator.py took 0.068 seconds
