[2022-08-22 21:53:34,563] {processor.py:153} INFO - Started process (PID=81) to work on /home/airflow/.local/lib/python3.7/site-packages/airflow/example_dags/example_skip_dag.py
[2022-08-22 21:53:34,564] {processor.py:641} INFO - Processing file /home/airflow/.local/lib/python3.7/site-packages/airflow/example_dags/example_skip_dag.py for tasks to queue
[2022-08-22 21:53:34,565] {logging_mixin.py:115} INFO - [2022-08-22 21:53:34,565] {dagbag.py:508} INFO - Filling up the DagBag from /home/airflow/.local/lib/python3.7/site-packages/airflow/example_dags/example_skip_dag.py
[2022-08-22 21:53:34,572] {processor.py:651} INFO - DAG(s) dict_keys(['example_skip_dag']) retrieved from /home/airflow/.local/lib/python3.7/site-packages/airflow/example_dags/example_skip_dag.py
[2022-08-22 21:53:34,677] {logging_mixin.py:115} INFO - [2022-08-22 21:53:34,677] {manager.py:508} INFO - Created Permission View: can edit on DAG:example_skip_dag
[2022-08-22 21:53:34,697] {logging_mixin.py:115} INFO - [2022-08-22 21:53:34,697] {manager.py:508} INFO - Created Permission View: can read on DAG:example_skip_dag
[2022-08-22 21:53:34,707] {logging_mixin.py:115} INFO - [2022-08-22 21:53:34,707] {manager.py:508} INFO - Created Permission View: can delete on DAG:example_skip_dag
[2022-08-22 21:53:34,707] {logging_mixin.py:115} INFO - [2022-08-22 21:53:34,707] {dag.py:2420} INFO - Sync 1 DAGs
[2022-08-22 21:53:34,718] {logging_mixin.py:115} INFO - [2022-08-22 21:53:34,718] {dag.py:2439} INFO - Creating ORM DAG for example_skip_dag
[2022-08-22 21:53:34,730] {logging_mixin.py:115} INFO - [2022-08-22 21:53:34,730] {dag.py:2972} INFO - Setting next_dagrun for example_skip_dag to 2022-08-21T21:53:34.730483+00:00, run_after=2022-08-22T21:53:34.730483+00:00
[2022-08-22 21:53:34,748] {processor.py:161} INFO - Processing /home/airflow/.local/lib/python3.7/site-packages/airflow/example_dags/example_skip_dag.py took 0.189 seconds
[2022-08-22 21:54:05,053] {processor.py:153} INFO - Started process (PID=140) to work on /home/airflow/.local/lib/python3.7/site-packages/airflow/example_dags/example_skip_dag.py
[2022-08-22 21:54:05,054] {processor.py:641} INFO - Processing file /home/airflow/.local/lib/python3.7/site-packages/airflow/example_dags/example_skip_dag.py for tasks to queue
[2022-08-22 21:54:05,054] {logging_mixin.py:115} INFO - [2022-08-22 21:54:05,054] {dagbag.py:508} INFO - Filling up the DagBag from /home/airflow/.local/lib/python3.7/site-packages/airflow/example_dags/example_skip_dag.py
[2022-08-22 21:54:05,062] {processor.py:651} INFO - DAG(s) dict_keys(['example_skip_dag']) retrieved from /home/airflow/.local/lib/python3.7/site-packages/airflow/example_dags/example_skip_dag.py
[2022-08-22 21:54:05,093] {logging_mixin.py:115} INFO - [2022-08-22 21:54:05,093] {dag.py:2420} INFO - Sync 1 DAGs
[2022-08-22 21:54:05,119] {logging_mixin.py:115} INFO - [2022-08-22 21:54:05,118] {dag.py:2972} INFO - Setting next_dagrun for example_skip_dag to 2022-08-21T21:54:05.118638+00:00, run_after=2022-08-22T21:54:05.118638+00:00
[2022-08-22 21:54:05,134] {processor.py:161} INFO - Processing /home/airflow/.local/lib/python3.7/site-packages/airflow/example_dags/example_skip_dag.py took 0.085 seconds
[2022-08-22 21:54:35,906] {processor.py:153} INFO - Started process (PID=194) to work on /home/airflow/.local/lib/python3.7/site-packages/airflow/example_dags/example_skip_dag.py
[2022-08-22 21:54:35,906] {processor.py:641} INFO - Processing file /home/airflow/.local/lib/python3.7/site-packages/airflow/example_dags/example_skip_dag.py for tasks to queue
[2022-08-22 21:54:35,907] {logging_mixin.py:115} INFO - [2022-08-22 21:54:35,907] {dagbag.py:508} INFO - Filling up the DagBag from /home/airflow/.local/lib/python3.7/site-packages/airflow/example_dags/example_skip_dag.py
[2022-08-22 21:54:35,913] {processor.py:651} INFO - DAG(s) dict_keys(['example_skip_dag']) retrieved from /home/airflow/.local/lib/python3.7/site-packages/airflow/example_dags/example_skip_dag.py
[2022-08-22 21:54:35,936] {logging_mixin.py:115} INFO - [2022-08-22 21:54:35,936] {dag.py:2420} INFO - Sync 1 DAGs
[2022-08-22 21:54:35,957] {logging_mixin.py:115} INFO - [2022-08-22 21:54:35,957] {dag.py:2972} INFO - Setting next_dagrun for example_skip_dag to 2022-08-21T21:54:35.956916+00:00, run_after=2022-08-22T21:54:35.956916+00:00
[2022-08-22 21:54:35,970] {processor.py:161} INFO - Processing /home/airflow/.local/lib/python3.7/site-packages/airflow/example_dags/example_skip_dag.py took 0.067 seconds
[2022-08-22 21:55:06,801] {processor.py:153} INFO - Started process (PID=255) to work on /home/airflow/.local/lib/python3.7/site-packages/airflow/example_dags/example_skip_dag.py
[2022-08-22 21:55:06,802] {processor.py:641} INFO - Processing file /home/airflow/.local/lib/python3.7/site-packages/airflow/example_dags/example_skip_dag.py for tasks to queue
[2022-08-22 21:55:06,802] {logging_mixin.py:115} INFO - [2022-08-22 21:55:06,802] {dagbag.py:508} INFO - Filling up the DagBag from /home/airflow/.local/lib/python3.7/site-packages/airflow/example_dags/example_skip_dag.py
[2022-08-22 21:55:06,807] {processor.py:651} INFO - DAG(s) dict_keys(['example_skip_dag']) retrieved from /home/airflow/.local/lib/python3.7/site-packages/airflow/example_dags/example_skip_dag.py
[2022-08-22 21:55:06,832] {logging_mixin.py:115} INFO - [2022-08-22 21:55:06,832] {dag.py:2420} INFO - Sync 1 DAGs
[2022-08-22 21:55:06,852] {logging_mixin.py:115} INFO - [2022-08-22 21:55:06,852] {dag.py:2972} INFO - Setting next_dagrun for example_skip_dag to 2022-08-21T21:55:06.852327+00:00, run_after=2022-08-22T21:55:06.852327+00:00
[2022-08-22 21:55:06,865] {processor.py:161} INFO - Processing /home/airflow/.local/lib/python3.7/site-packages/airflow/example_dags/example_skip_dag.py took 0.066 seconds
[2022-08-22 21:55:37,688] {processor.py:153} INFO - Started process (PID=317) to work on /home/airflow/.local/lib/python3.7/site-packages/airflow/example_dags/example_skip_dag.py
[2022-08-22 21:55:37,689] {processor.py:641} INFO - Processing file /home/airflow/.local/lib/python3.7/site-packages/airflow/example_dags/example_skip_dag.py for tasks to queue
[2022-08-22 21:55:37,689] {logging_mixin.py:115} INFO - [2022-08-22 21:55:37,689] {dagbag.py:508} INFO - Filling up the DagBag from /home/airflow/.local/lib/python3.7/site-packages/airflow/example_dags/example_skip_dag.py
[2022-08-22 21:55:37,694] {processor.py:651} INFO - DAG(s) dict_keys(['example_skip_dag']) retrieved from /home/airflow/.local/lib/python3.7/site-packages/airflow/example_dags/example_skip_dag.py
[2022-08-22 21:55:37,718] {logging_mixin.py:115} INFO - [2022-08-22 21:55:37,718] {dag.py:2420} INFO - Sync 1 DAGs
[2022-08-22 21:55:37,740] {logging_mixin.py:115} INFO - [2022-08-22 21:55:37,740] {dag.py:2972} INFO - Setting next_dagrun for example_skip_dag to 2022-08-21T21:55:37.740557+00:00, run_after=2022-08-22T21:55:37.740557+00:00
[2022-08-22 21:55:37,751] {processor.py:161} INFO - Processing /home/airflow/.local/lib/python3.7/site-packages/airflow/example_dags/example_skip_dag.py took 0.065 seconds
[2022-08-22 21:56:08,399] {processor.py:153} INFO - Started process (PID=369) to work on /home/airflow/.local/lib/python3.7/site-packages/airflow/example_dags/example_skip_dag.py
[2022-08-22 21:56:08,399] {processor.py:641} INFO - Processing file /home/airflow/.local/lib/python3.7/site-packages/airflow/example_dags/example_skip_dag.py for tasks to queue
[2022-08-22 21:56:08,400] {logging_mixin.py:115} INFO - [2022-08-22 21:56:08,400] {dagbag.py:508} INFO - Filling up the DagBag from /home/airflow/.local/lib/python3.7/site-packages/airflow/example_dags/example_skip_dag.py
[2022-08-22 21:56:08,405] {processor.py:651} INFO - DAG(s) dict_keys(['example_skip_dag']) retrieved from /home/airflow/.local/lib/python3.7/site-packages/airflow/example_dags/example_skip_dag.py
[2022-08-22 21:56:08,429] {logging_mixin.py:115} INFO - [2022-08-22 21:56:08,429] {dag.py:2420} INFO - Sync 1 DAGs
[2022-08-22 21:56:08,449] {logging_mixin.py:115} INFO - [2022-08-22 21:56:08,449] {dag.py:2972} INFO - Setting next_dagrun for example_skip_dag to 2022-08-21T21:56:08.449456+00:00, run_after=2022-08-22T21:56:08.449456+00:00
[2022-08-22 21:56:08,460] {processor.py:161} INFO - Processing /home/airflow/.local/lib/python3.7/site-packages/airflow/example_dags/example_skip_dag.py took 0.064 seconds
[2022-08-22 21:56:39,182] {processor.py:153} INFO - Started process (PID=430) to work on /home/airflow/.local/lib/python3.7/site-packages/airflow/example_dags/example_skip_dag.py
[2022-08-22 21:56:39,183] {processor.py:641} INFO - Processing file /home/airflow/.local/lib/python3.7/site-packages/airflow/example_dags/example_skip_dag.py for tasks to queue
[2022-08-22 21:56:39,183] {logging_mixin.py:115} INFO - [2022-08-22 21:56:39,183] {dagbag.py:508} INFO - Filling up the DagBag from /home/airflow/.local/lib/python3.7/site-packages/airflow/example_dags/example_skip_dag.py
[2022-08-22 21:56:39,188] {processor.py:651} INFO - DAG(s) dict_keys(['example_skip_dag']) retrieved from /home/airflow/.local/lib/python3.7/site-packages/airflow/example_dags/example_skip_dag.py
[2022-08-22 21:56:39,214] {logging_mixin.py:115} INFO - [2022-08-22 21:56:39,213] {dag.py:2420} INFO - Sync 1 DAGs
[2022-08-22 21:56:39,232] {logging_mixin.py:115} INFO - [2022-08-22 21:56:39,232] {dag.py:2972} INFO - Setting next_dagrun for example_skip_dag to 2022-08-21T21:56:39.232481+00:00, run_after=2022-08-22T21:56:39.232481+00:00
[2022-08-22 21:56:39,244] {processor.py:161} INFO - Processing /home/airflow/.local/lib/python3.7/site-packages/airflow/example_dags/example_skip_dag.py took 0.065 seconds
[2022-08-22 21:57:10,121] {processor.py:153} INFO - Started process (PID=491) to work on /home/airflow/.local/lib/python3.7/site-packages/airflow/example_dags/example_skip_dag.py
[2022-08-22 21:57:10,121] {processor.py:641} INFO - Processing file /home/airflow/.local/lib/python3.7/site-packages/airflow/example_dags/example_skip_dag.py for tasks to queue
[2022-08-22 21:57:10,122] {logging_mixin.py:115} INFO - [2022-08-22 21:57:10,122] {dagbag.py:508} INFO - Filling up the DagBag from /home/airflow/.local/lib/python3.7/site-packages/airflow/example_dags/example_skip_dag.py
[2022-08-22 21:57:10,127] {processor.py:651} INFO - DAG(s) dict_keys(['example_skip_dag']) retrieved from /home/airflow/.local/lib/python3.7/site-packages/airflow/example_dags/example_skip_dag.py
[2022-08-22 21:57:10,149] {logging_mixin.py:115} INFO - [2022-08-22 21:57:10,149] {dag.py:2420} INFO - Sync 1 DAGs
[2022-08-22 21:57:10,169] {logging_mixin.py:115} INFO - [2022-08-22 21:57:10,169] {dag.py:2972} INFO - Setting next_dagrun for example_skip_dag to 2022-08-21T21:57:10.169336+00:00, run_after=2022-08-22T21:57:10.169336+00:00
[2022-08-22 21:57:10,181] {processor.py:161} INFO - Processing /home/airflow/.local/lib/python3.7/site-packages/airflow/example_dags/example_skip_dag.py took 0.064 seconds
[2022-08-22 21:57:40,926] {processor.py:153} INFO - Started process (PID=543) to work on /home/airflow/.local/lib/python3.7/site-packages/airflow/example_dags/example_skip_dag.py
[2022-08-22 21:57:40,926] {processor.py:641} INFO - Processing file /home/airflow/.local/lib/python3.7/site-packages/airflow/example_dags/example_skip_dag.py for tasks to queue
[2022-08-22 21:57:40,927] {logging_mixin.py:115} INFO - [2022-08-22 21:57:40,927] {dagbag.py:508} INFO - Filling up the DagBag from /home/airflow/.local/lib/python3.7/site-packages/airflow/example_dags/example_skip_dag.py
[2022-08-22 21:57:40,932] {processor.py:651} INFO - DAG(s) dict_keys(['example_skip_dag']) retrieved from /home/airflow/.local/lib/python3.7/site-packages/airflow/example_dags/example_skip_dag.py
[2022-08-22 21:57:40,955] {logging_mixin.py:115} INFO - [2022-08-22 21:57:40,954] {dag.py:2420} INFO - Sync 1 DAGs
[2022-08-22 21:57:40,975] {logging_mixin.py:115} INFO - [2022-08-22 21:57:40,975] {dag.py:2972} INFO - Setting next_dagrun for example_skip_dag to 2022-08-21T21:57:40.975055+00:00, run_after=2022-08-22T21:57:40.975055+00:00
[2022-08-22 21:57:40,985] {processor.py:161} INFO - Processing /home/airflow/.local/lib/python3.7/site-packages/airflow/example_dags/example_skip_dag.py took 0.062 seconds
[2022-08-22 21:58:11,757] {processor.py:153} INFO - Started process (PID=604) to work on /home/airflow/.local/lib/python3.7/site-packages/airflow/example_dags/example_skip_dag.py
[2022-08-22 21:58:11,758] {processor.py:641} INFO - Processing file /home/airflow/.local/lib/python3.7/site-packages/airflow/example_dags/example_skip_dag.py for tasks to queue
[2022-08-22 21:58:11,759] {logging_mixin.py:115} INFO - [2022-08-22 21:58:11,759] {dagbag.py:508} INFO - Filling up the DagBag from /home/airflow/.local/lib/python3.7/site-packages/airflow/example_dags/example_skip_dag.py
[2022-08-22 21:58:11,766] {processor.py:651} INFO - DAG(s) dict_keys(['example_skip_dag']) retrieved from /home/airflow/.local/lib/python3.7/site-packages/airflow/example_dags/example_skip_dag.py
[2022-08-22 21:58:11,791] {logging_mixin.py:115} INFO - [2022-08-22 21:58:11,791] {dag.py:2420} INFO - Sync 1 DAGs
[2022-08-22 21:58:11,813] {logging_mixin.py:115} INFO - [2022-08-22 21:58:11,813] {dag.py:2972} INFO - Setting next_dagrun for example_skip_dag to 2022-08-21T21:58:11.812948+00:00, run_after=2022-08-22T21:58:11.812948+00:00
[2022-08-22 21:58:11,824] {processor.py:161} INFO - Processing /home/airflow/.local/lib/python3.7/site-packages/airflow/example_dags/example_skip_dag.py took 0.072 seconds
[2022-08-22 21:58:42,551] {processor.py:153} INFO - Started process (PID=665) to work on /home/airflow/.local/lib/python3.7/site-packages/airflow/example_dags/example_skip_dag.py
[2022-08-22 21:58:42,551] {processor.py:641} INFO - Processing file /home/airflow/.local/lib/python3.7/site-packages/airflow/example_dags/example_skip_dag.py for tasks to queue
[2022-08-22 21:58:42,551] {logging_mixin.py:115} INFO - [2022-08-22 21:58:42,551] {dagbag.py:508} INFO - Filling up the DagBag from /home/airflow/.local/lib/python3.7/site-packages/airflow/example_dags/example_skip_dag.py
[2022-08-22 21:58:42,556] {processor.py:651} INFO - DAG(s) dict_keys(['example_skip_dag']) retrieved from /home/airflow/.local/lib/python3.7/site-packages/airflow/example_dags/example_skip_dag.py
[2022-08-22 21:58:42,578] {logging_mixin.py:115} INFO - [2022-08-22 21:58:42,578] {dag.py:2420} INFO - Sync 1 DAGs
[2022-08-22 21:58:42,598] {logging_mixin.py:115} INFO - [2022-08-22 21:58:42,598] {dag.py:2972} INFO - Setting next_dagrun for example_skip_dag to 2022-08-21T21:58:42.598414+00:00, run_after=2022-08-22T21:58:42.598414+00:00
[2022-08-22 21:58:42,611] {processor.py:161} INFO - Processing /home/airflow/.local/lib/python3.7/site-packages/airflow/example_dags/example_skip_dag.py took 0.063 seconds
[2022-08-22 21:59:13,404] {processor.py:153} INFO - Started process (PID=726) to work on /home/airflow/.local/lib/python3.7/site-packages/airflow/example_dags/example_skip_dag.py
[2022-08-22 21:59:13,405] {processor.py:641} INFO - Processing file /home/airflow/.local/lib/python3.7/site-packages/airflow/example_dags/example_skip_dag.py for tasks to queue
[2022-08-22 21:59:13,405] {logging_mixin.py:115} INFO - [2022-08-22 21:59:13,405] {dagbag.py:508} INFO - Filling up the DagBag from /home/airflow/.local/lib/python3.7/site-packages/airflow/example_dags/example_skip_dag.py
[2022-08-22 21:59:13,410] {processor.py:651} INFO - DAG(s) dict_keys(['example_skip_dag']) retrieved from /home/airflow/.local/lib/python3.7/site-packages/airflow/example_dags/example_skip_dag.py
[2022-08-22 21:59:13,439] {logging_mixin.py:115} INFO - [2022-08-22 21:59:13,439] {dag.py:2420} INFO - Sync 1 DAGs
[2022-08-22 21:59:13,465] {logging_mixin.py:115} INFO - [2022-08-22 21:59:13,465] {dag.py:2972} INFO - Setting next_dagrun for example_skip_dag to 2022-08-21T21:59:13.465448+00:00, run_after=2022-08-22T21:59:13.465448+00:00
[2022-08-22 21:59:13,479] {processor.py:161} INFO - Processing /home/airflow/.local/lib/python3.7/site-packages/airflow/example_dags/example_skip_dag.py took 0.079 seconds
[2022-08-22 21:59:44,155] {processor.py:153} INFO - Started process (PID=778) to work on /home/airflow/.local/lib/python3.7/site-packages/airflow/example_dags/example_skip_dag.py
[2022-08-22 21:59:44,156] {processor.py:641} INFO - Processing file /home/airflow/.local/lib/python3.7/site-packages/airflow/example_dags/example_skip_dag.py for tasks to queue
[2022-08-22 21:59:44,156] {logging_mixin.py:115} INFO - [2022-08-22 21:59:44,156] {dagbag.py:508} INFO - Filling up the DagBag from /home/airflow/.local/lib/python3.7/site-packages/airflow/example_dags/example_skip_dag.py
[2022-08-22 21:59:44,160] {processor.py:651} INFO - DAG(s) dict_keys(['example_skip_dag']) retrieved from /home/airflow/.local/lib/python3.7/site-packages/airflow/example_dags/example_skip_dag.py
[2022-08-22 21:59:44,188] {logging_mixin.py:115} INFO - [2022-08-22 21:59:44,187] {dag.py:2420} INFO - Sync 1 DAGs
[2022-08-22 21:59:44,210] {logging_mixin.py:115} INFO - [2022-08-22 21:59:44,210] {dag.py:2972} INFO - Setting next_dagrun for example_skip_dag to 2022-08-21T21:59:44.209836+00:00, run_after=2022-08-22T21:59:44.209836+00:00
[2022-08-22 21:59:44,224] {processor.py:161} INFO - Processing /home/airflow/.local/lib/python3.7/site-packages/airflow/example_dags/example_skip_dag.py took 0.072 seconds
[2022-08-22 22:00:14,939] {processor.py:153} INFO - Started process (PID=839) to work on /home/airflow/.local/lib/python3.7/site-packages/airflow/example_dags/example_skip_dag.py
[2022-08-22 22:00:14,940] {processor.py:641} INFO - Processing file /home/airflow/.local/lib/python3.7/site-packages/airflow/example_dags/example_skip_dag.py for tasks to queue
[2022-08-22 22:00:14,940] {logging_mixin.py:115} INFO - [2022-08-22 22:00:14,940] {dagbag.py:508} INFO - Filling up the DagBag from /home/airflow/.local/lib/python3.7/site-packages/airflow/example_dags/example_skip_dag.py
[2022-08-22 22:00:14,944] {processor.py:651} INFO - DAG(s) dict_keys(['example_skip_dag']) retrieved from /home/airflow/.local/lib/python3.7/site-packages/airflow/example_dags/example_skip_dag.py
[2022-08-22 22:00:14,967] {logging_mixin.py:115} INFO - [2022-08-22 22:00:14,967] {dag.py:2420} INFO - Sync 1 DAGs
[2022-08-22 22:00:14,989] {logging_mixin.py:115} INFO - [2022-08-22 22:00:14,989] {dag.py:2972} INFO - Setting next_dagrun for example_skip_dag to 2022-08-21T22:00:14.988875+00:00, run_after=2022-08-22T22:00:14.988875+00:00
[2022-08-22 22:00:15,000] {processor.py:161} INFO - Processing /home/airflow/.local/lib/python3.7/site-packages/airflow/example_dags/example_skip_dag.py took 0.063 seconds
[2022-08-22 22:00:45,744] {processor.py:153} INFO - Started process (PID=900) to work on /home/airflow/.local/lib/python3.7/site-packages/airflow/example_dags/example_skip_dag.py
[2022-08-22 22:00:45,745] {processor.py:641} INFO - Processing file /home/airflow/.local/lib/python3.7/site-packages/airflow/example_dags/example_skip_dag.py for tasks to queue
[2022-08-22 22:00:45,746] {logging_mixin.py:115} INFO - [2022-08-22 22:00:45,746] {dagbag.py:508} INFO - Filling up the DagBag from /home/airflow/.local/lib/python3.7/site-packages/airflow/example_dags/example_skip_dag.py
[2022-08-22 22:00:45,751] {processor.py:651} INFO - DAG(s) dict_keys(['example_skip_dag']) retrieved from /home/airflow/.local/lib/python3.7/site-packages/airflow/example_dags/example_skip_dag.py
[2022-08-22 22:00:45,777] {logging_mixin.py:115} INFO - [2022-08-22 22:00:45,777] {dag.py:2420} INFO - Sync 1 DAGs
[2022-08-22 22:00:45,800] {logging_mixin.py:115} INFO - [2022-08-22 22:00:45,800] {dag.py:2972} INFO - Setting next_dagrun for example_skip_dag to 2022-08-21T22:00:45.800184+00:00, run_after=2022-08-22T22:00:45.800184+00:00
[2022-08-22 22:00:45,811] {processor.py:161} INFO - Processing /home/airflow/.local/lib/python3.7/site-packages/airflow/example_dags/example_skip_dag.py took 0.069 seconds
[2022-08-22 22:01:16,527] {processor.py:153} INFO - Started process (PID=952) to work on /home/airflow/.local/lib/python3.7/site-packages/airflow/example_dags/example_skip_dag.py
[2022-08-22 22:01:16,528] {processor.py:641} INFO - Processing file /home/airflow/.local/lib/python3.7/site-packages/airflow/example_dags/example_skip_dag.py for tasks to queue
[2022-08-22 22:01:16,528] {logging_mixin.py:115} INFO - [2022-08-22 22:01:16,528] {dagbag.py:508} INFO - Filling up the DagBag from /home/airflow/.local/lib/python3.7/site-packages/airflow/example_dags/example_skip_dag.py
[2022-08-22 22:01:16,532] {processor.py:651} INFO - DAG(s) dict_keys(['example_skip_dag']) retrieved from /home/airflow/.local/lib/python3.7/site-packages/airflow/example_dags/example_skip_dag.py
[2022-08-22 22:01:16,555] {logging_mixin.py:115} INFO - [2022-08-22 22:01:16,555] {dag.py:2420} INFO - Sync 1 DAGs
[2022-08-22 22:01:16,575] {logging_mixin.py:115} INFO - [2022-08-22 22:01:16,575] {dag.py:2972} INFO - Setting next_dagrun for example_skip_dag to 2022-08-21T22:01:16.575609+00:00, run_after=2022-08-22T22:01:16.575609+00:00
[2022-08-22 22:01:16,586] {processor.py:161} INFO - Processing /home/airflow/.local/lib/python3.7/site-packages/airflow/example_dags/example_skip_dag.py took 0.061 seconds
[2022-08-22 22:01:47,535] {processor.py:153} INFO - Started process (PID=1013) to work on /home/airflow/.local/lib/python3.7/site-packages/airflow/example_dags/example_skip_dag.py
[2022-08-22 22:01:47,536] {processor.py:641} INFO - Processing file /home/airflow/.local/lib/python3.7/site-packages/airflow/example_dags/example_skip_dag.py for tasks to queue
[2022-08-22 22:01:47,536] {logging_mixin.py:115} INFO - [2022-08-22 22:01:47,536] {dagbag.py:508} INFO - Filling up the DagBag from /home/airflow/.local/lib/python3.7/site-packages/airflow/example_dags/example_skip_dag.py
[2022-08-22 22:01:47,541] {processor.py:651} INFO - DAG(s) dict_keys(['example_skip_dag']) retrieved from /home/airflow/.local/lib/python3.7/site-packages/airflow/example_dags/example_skip_dag.py
[2022-08-22 22:01:47,565] {logging_mixin.py:115} INFO - [2022-08-22 22:01:47,565] {dag.py:2420} INFO - Sync 1 DAGs
[2022-08-22 22:01:47,588] {logging_mixin.py:115} INFO - [2022-08-22 22:01:47,588] {dag.py:2972} INFO - Setting next_dagrun for example_skip_dag to 2022-08-21T22:01:47.587835+00:00, run_after=2022-08-22T22:01:47.587835+00:00
[2022-08-22 22:01:47,601] {processor.py:161} INFO - Processing /home/airflow/.local/lib/python3.7/site-packages/airflow/example_dags/example_skip_dag.py took 0.068 seconds
[2022-08-22 22:02:18,255] {processor.py:153} INFO - Started process (PID=1074) to work on /home/airflow/.local/lib/python3.7/site-packages/airflow/example_dags/example_skip_dag.py
[2022-08-22 22:02:18,256] {processor.py:641} INFO - Processing file /home/airflow/.local/lib/python3.7/site-packages/airflow/example_dags/example_skip_dag.py for tasks to queue
[2022-08-22 22:02:18,256] {logging_mixin.py:115} INFO - [2022-08-22 22:02:18,256] {dagbag.py:508} INFO - Filling up the DagBag from /home/airflow/.local/lib/python3.7/site-packages/airflow/example_dags/example_skip_dag.py
[2022-08-22 22:02:18,261] {processor.py:651} INFO - DAG(s) dict_keys(['example_skip_dag']) retrieved from /home/airflow/.local/lib/python3.7/site-packages/airflow/example_dags/example_skip_dag.py
[2022-08-22 22:02:18,285] {logging_mixin.py:115} INFO - [2022-08-22 22:02:18,284] {dag.py:2420} INFO - Sync 1 DAGs
[2022-08-22 22:02:18,303] {logging_mixin.py:115} INFO - [2022-08-22 22:02:18,303] {dag.py:2972} INFO - Setting next_dagrun for example_skip_dag to 2022-08-21T22:02:18.303657+00:00, run_after=2022-08-22T22:02:18.303657+00:00
[2022-08-22 22:02:18,315] {processor.py:161} INFO - Processing /home/airflow/.local/lib/python3.7/site-packages/airflow/example_dags/example_skip_dag.py took 0.062 seconds
[2022-08-22 22:02:49,200] {processor.py:153} INFO - Started process (PID=1135) to work on /home/airflow/.local/lib/python3.7/site-packages/airflow/example_dags/example_skip_dag.py
[2022-08-22 22:02:49,201] {processor.py:641} INFO - Processing file /home/airflow/.local/lib/python3.7/site-packages/airflow/example_dags/example_skip_dag.py for tasks to queue
[2022-08-22 22:02:49,201] {logging_mixin.py:115} INFO - [2022-08-22 22:02:49,201] {dagbag.py:508} INFO - Filling up the DagBag from /home/airflow/.local/lib/python3.7/site-packages/airflow/example_dags/example_skip_dag.py
[2022-08-22 22:02:49,206] {processor.py:651} INFO - DAG(s) dict_keys(['example_skip_dag']) retrieved from /home/airflow/.local/lib/python3.7/site-packages/airflow/example_dags/example_skip_dag.py
[2022-08-22 22:02:49,236] {logging_mixin.py:115} INFO - [2022-08-22 22:02:49,236] {dag.py:2420} INFO - Sync 1 DAGs
[2022-08-22 22:02:49,261] {logging_mixin.py:115} INFO - [2022-08-22 22:02:49,261] {dag.py:2972} INFO - Setting next_dagrun for example_skip_dag to 2022-08-21T22:02:49.260755+00:00, run_after=2022-08-22T22:02:49.260755+00:00
[2022-08-22 22:02:49,274] {processor.py:161} INFO - Processing /home/airflow/.local/lib/python3.7/site-packages/airflow/example_dags/example_skip_dag.py took 0.076 seconds
[2022-08-22 22:03:20,104] {processor.py:153} INFO - Started process (PID=1187) to work on /home/airflow/.local/lib/python3.7/site-packages/airflow/example_dags/example_skip_dag.py
[2022-08-22 22:03:20,105] {processor.py:641} INFO - Processing file /home/airflow/.local/lib/python3.7/site-packages/airflow/example_dags/example_skip_dag.py for tasks to queue
[2022-08-22 22:03:20,105] {logging_mixin.py:115} INFO - [2022-08-22 22:03:20,105] {dagbag.py:508} INFO - Filling up the DagBag from /home/airflow/.local/lib/python3.7/site-packages/airflow/example_dags/example_skip_dag.py
[2022-08-22 22:03:20,112] {processor.py:651} INFO - DAG(s) dict_keys(['example_skip_dag']) retrieved from /home/airflow/.local/lib/python3.7/site-packages/airflow/example_dags/example_skip_dag.py
[2022-08-22 22:03:20,192] {logging_mixin.py:115} INFO - [2022-08-22 22:03:20,192] {dag.py:2420} INFO - Sync 1 DAGs
[2022-08-22 22:03:20,214] {logging_mixin.py:115} INFO - [2022-08-22 22:03:20,214] {dag.py:2972} INFO - Setting next_dagrun for example_skip_dag to 2022-08-21T22:03:20.214321+00:00, run_after=2022-08-22T22:03:20.214321+00:00
[2022-08-22 22:03:20,229] {processor.py:161} INFO - Processing /home/airflow/.local/lib/python3.7/site-packages/airflow/example_dags/example_skip_dag.py took 0.127 seconds
[2022-08-22 22:03:50,966] {processor.py:153} INFO - Started process (PID=1248) to work on /home/airflow/.local/lib/python3.7/site-packages/airflow/example_dags/example_skip_dag.py
[2022-08-22 22:03:50,967] {processor.py:641} INFO - Processing file /home/airflow/.local/lib/python3.7/site-packages/airflow/example_dags/example_skip_dag.py for tasks to queue
[2022-08-22 22:03:50,967] {logging_mixin.py:115} INFO - [2022-08-22 22:03:50,967] {dagbag.py:508} INFO - Filling up the DagBag from /home/airflow/.local/lib/python3.7/site-packages/airflow/example_dags/example_skip_dag.py
[2022-08-22 22:03:50,974] {processor.py:651} INFO - DAG(s) dict_keys(['example_skip_dag']) retrieved from /home/airflow/.local/lib/python3.7/site-packages/airflow/example_dags/example_skip_dag.py
[2022-08-22 22:03:51,006] {logging_mixin.py:115} INFO - [2022-08-22 22:03:51,006] {dag.py:2420} INFO - Sync 1 DAGs
[2022-08-22 22:03:51,027] {logging_mixin.py:115} INFO - [2022-08-22 22:03:51,027] {dag.py:2972} INFO - Setting next_dagrun for example_skip_dag to 2022-08-21T22:03:51.027394+00:00, run_after=2022-08-22T22:03:51.027394+00:00
[2022-08-22 22:03:51,038] {processor.py:161} INFO - Processing /home/airflow/.local/lib/python3.7/site-packages/airflow/example_dags/example_skip_dag.py took 0.075 seconds
[2022-08-22 22:04:21,593] {processor.py:153} INFO - Started process (PID=1309) to work on /home/airflow/.local/lib/python3.7/site-packages/airflow/example_dags/example_skip_dag.py
[2022-08-22 22:04:21,593] {processor.py:641} INFO - Processing file /home/airflow/.local/lib/python3.7/site-packages/airflow/example_dags/example_skip_dag.py for tasks to queue
[2022-08-22 22:04:21,594] {logging_mixin.py:115} INFO - [2022-08-22 22:04:21,594] {dagbag.py:508} INFO - Filling up the DagBag from /home/airflow/.local/lib/python3.7/site-packages/airflow/example_dags/example_skip_dag.py
[2022-08-22 22:04:21,598] {processor.py:651} INFO - DAG(s) dict_keys(['example_skip_dag']) retrieved from /home/airflow/.local/lib/python3.7/site-packages/airflow/example_dags/example_skip_dag.py
[2022-08-22 22:04:21,619] {logging_mixin.py:115} INFO - [2022-08-22 22:04:21,619] {dag.py:2420} INFO - Sync 1 DAGs
[2022-08-22 22:04:21,636] {logging_mixin.py:115} INFO - [2022-08-22 22:04:21,636] {dag.py:2972} INFO - Setting next_dagrun for example_skip_dag to 2022-08-21T22:04:21.636581+00:00, run_after=2022-08-22T22:04:21.636581+00:00
[2022-08-22 22:04:21,646] {processor.py:161} INFO - Processing /home/airflow/.local/lib/python3.7/site-packages/airflow/example_dags/example_skip_dag.py took 0.055 seconds
[2022-08-22 22:04:52,113] {processor.py:153} INFO - Started process (PID=1361) to work on /home/airflow/.local/lib/python3.7/site-packages/airflow/example_dags/example_skip_dag.py
[2022-08-22 22:04:52,114] {processor.py:641} INFO - Processing file /home/airflow/.local/lib/python3.7/site-packages/airflow/example_dags/example_skip_dag.py for tasks to queue
[2022-08-22 22:04:52,114] {logging_mixin.py:115} INFO - [2022-08-22 22:04:52,114] {dagbag.py:508} INFO - Filling up the DagBag from /home/airflow/.local/lib/python3.7/site-packages/airflow/example_dags/example_skip_dag.py
[2022-08-22 22:04:52,118] {processor.py:651} INFO - DAG(s) dict_keys(['example_skip_dag']) retrieved from /home/airflow/.local/lib/python3.7/site-packages/airflow/example_dags/example_skip_dag.py
[2022-08-22 22:04:52,138] {logging_mixin.py:115} INFO - [2022-08-22 22:04:52,138] {dag.py:2420} INFO - Sync 1 DAGs
[2022-08-22 22:04:52,157] {logging_mixin.py:115} INFO - [2022-08-22 22:04:52,157] {dag.py:2972} INFO - Setting next_dagrun for example_skip_dag to 2022-08-21T22:04:52.156820+00:00, run_after=2022-08-22T22:04:52.156820+00:00
[2022-08-22 22:04:52,167] {processor.py:161} INFO - Processing /home/airflow/.local/lib/python3.7/site-packages/airflow/example_dags/example_skip_dag.py took 0.056 seconds
[2022-08-22 22:05:22,723] {processor.py:153} INFO - Started process (PID=1422) to work on /home/airflow/.local/lib/python3.7/site-packages/airflow/example_dags/example_skip_dag.py
[2022-08-22 22:05:22,723] {processor.py:641} INFO - Processing file /home/airflow/.local/lib/python3.7/site-packages/airflow/example_dags/example_skip_dag.py for tasks to queue
[2022-08-22 22:05:22,724] {logging_mixin.py:115} INFO - [2022-08-22 22:05:22,724] {dagbag.py:508} INFO - Filling up the DagBag from /home/airflow/.local/lib/python3.7/site-packages/airflow/example_dags/example_skip_dag.py
[2022-08-22 22:05:22,729] {processor.py:651} INFO - DAG(s) dict_keys(['example_skip_dag']) retrieved from /home/airflow/.local/lib/python3.7/site-packages/airflow/example_dags/example_skip_dag.py
[2022-08-22 22:05:22,754] {logging_mixin.py:115} INFO - [2022-08-22 22:05:22,754] {dag.py:2420} INFO - Sync 1 DAGs
[2022-08-22 22:05:22,777] {logging_mixin.py:115} INFO - [2022-08-22 22:05:22,777] {dag.py:2972} INFO - Setting next_dagrun for example_skip_dag to 2022-08-21T22:05:22.776873+00:00, run_after=2022-08-22T22:05:22.776873+00:00
[2022-08-22 22:05:22,793] {processor.py:161} INFO - Processing /home/airflow/.local/lib/python3.7/site-packages/airflow/example_dags/example_skip_dag.py took 0.074 seconds
[2022-08-22 22:05:53,475] {processor.py:153} INFO - Started process (PID=1483) to work on /home/airflow/.local/lib/python3.7/site-packages/airflow/example_dags/example_skip_dag.py
[2022-08-22 22:05:53,476] {processor.py:641} INFO - Processing file /home/airflow/.local/lib/python3.7/site-packages/airflow/example_dags/example_skip_dag.py for tasks to queue
[2022-08-22 22:05:53,476] {logging_mixin.py:115} INFO - [2022-08-22 22:05:53,476] {dagbag.py:508} INFO - Filling up the DagBag from /home/airflow/.local/lib/python3.7/site-packages/airflow/example_dags/example_skip_dag.py
[2022-08-22 22:05:53,480] {processor.py:651} INFO - DAG(s) dict_keys(['example_skip_dag']) retrieved from /home/airflow/.local/lib/python3.7/site-packages/airflow/example_dags/example_skip_dag.py
[2022-08-22 22:05:53,501] {logging_mixin.py:115} INFO - [2022-08-22 22:05:53,501] {dag.py:2420} INFO - Sync 1 DAGs
[2022-08-22 22:05:53,519] {logging_mixin.py:115} INFO - [2022-08-22 22:05:53,519] {dag.py:2972} INFO - Setting next_dagrun for example_skip_dag to 2022-08-21T22:05:53.518890+00:00, run_after=2022-08-22T22:05:53.518890+00:00
[2022-08-22 22:05:53,529] {processor.py:161} INFO - Processing /home/airflow/.local/lib/python3.7/site-packages/airflow/example_dags/example_skip_dag.py took 0.056 seconds
[2022-08-22 22:06:24,160] {processor.py:153} INFO - Started process (PID=1544) to work on /home/airflow/.local/lib/python3.7/site-packages/airflow/example_dags/example_skip_dag.py
[2022-08-22 22:06:24,160] {processor.py:641} INFO - Processing file /home/airflow/.local/lib/python3.7/site-packages/airflow/example_dags/example_skip_dag.py for tasks to queue
[2022-08-22 22:06:24,161] {logging_mixin.py:115} INFO - [2022-08-22 22:06:24,161] {dagbag.py:508} INFO - Filling up the DagBag from /home/airflow/.local/lib/python3.7/site-packages/airflow/example_dags/example_skip_dag.py
[2022-08-22 22:06:24,165] {processor.py:651} INFO - DAG(s) dict_keys(['example_skip_dag']) retrieved from /home/airflow/.local/lib/python3.7/site-packages/airflow/example_dags/example_skip_dag.py
[2022-08-22 22:06:24,187] {logging_mixin.py:115} INFO - [2022-08-22 22:06:24,187] {dag.py:2420} INFO - Sync 1 DAGs
[2022-08-22 22:06:24,206] {logging_mixin.py:115} INFO - [2022-08-22 22:06:24,206] {dag.py:2972} INFO - Setting next_dagrun for example_skip_dag to 2022-08-21T22:06:24.206583+00:00, run_after=2022-08-22T22:06:24.206583+00:00
[2022-08-22 22:06:24,217] {processor.py:161} INFO - Processing /home/airflow/.local/lib/python3.7/site-packages/airflow/example_dags/example_skip_dag.py took 0.059 seconds
[2022-08-22 22:06:54,733] {processor.py:153} INFO - Started process (PID=1596) to work on /home/airflow/.local/lib/python3.7/site-packages/airflow/example_dags/example_skip_dag.py
[2022-08-22 22:06:54,734] {processor.py:641} INFO - Processing file /home/airflow/.local/lib/python3.7/site-packages/airflow/example_dags/example_skip_dag.py for tasks to queue
[2022-08-22 22:06:54,734] {logging_mixin.py:115} INFO - [2022-08-22 22:06:54,734] {dagbag.py:508} INFO - Filling up the DagBag from /home/airflow/.local/lib/python3.7/site-packages/airflow/example_dags/example_skip_dag.py
[2022-08-22 22:06:54,738] {processor.py:651} INFO - DAG(s) dict_keys(['example_skip_dag']) retrieved from /home/airflow/.local/lib/python3.7/site-packages/airflow/example_dags/example_skip_dag.py
[2022-08-22 22:06:54,760] {logging_mixin.py:115} INFO - [2022-08-22 22:06:54,759] {dag.py:2420} INFO - Sync 1 DAGs
[2022-08-22 22:06:54,781] {logging_mixin.py:115} INFO - [2022-08-22 22:06:54,781] {dag.py:2972} INFO - Setting next_dagrun for example_skip_dag to 2022-08-21T22:06:54.780841+00:00, run_after=2022-08-22T22:06:54.780841+00:00
[2022-08-22 22:06:54,792] {processor.py:161} INFO - Processing /home/airflow/.local/lib/python3.7/site-packages/airflow/example_dags/example_skip_dag.py took 0.061 seconds
[2022-08-22 22:07:25,427] {processor.py:153} INFO - Started process (PID=1657) to work on /home/airflow/.local/lib/python3.7/site-packages/airflow/example_dags/example_skip_dag.py
[2022-08-22 22:07:25,428] {processor.py:641} INFO - Processing file /home/airflow/.local/lib/python3.7/site-packages/airflow/example_dags/example_skip_dag.py for tasks to queue
[2022-08-22 22:07:25,429] {logging_mixin.py:115} INFO - [2022-08-22 22:07:25,429] {dagbag.py:508} INFO - Filling up the DagBag from /home/airflow/.local/lib/python3.7/site-packages/airflow/example_dags/example_skip_dag.py
[2022-08-22 22:07:25,436] {processor.py:651} INFO - DAG(s) dict_keys(['example_skip_dag']) retrieved from /home/airflow/.local/lib/python3.7/site-packages/airflow/example_dags/example_skip_dag.py
[2022-08-22 22:07:25,458] {logging_mixin.py:115} INFO - [2022-08-22 22:07:25,457] {dag.py:2420} INFO - Sync 1 DAGs
[2022-08-22 22:07:25,476] {logging_mixin.py:115} INFO - [2022-08-22 22:07:25,476] {dag.py:2972} INFO - Setting next_dagrun for example_skip_dag to 2022-08-21T22:07:25.476004+00:00, run_after=2022-08-22T22:07:25.476004+00:00
[2022-08-22 22:07:25,486] {processor.py:161} INFO - Processing /home/airflow/.local/lib/python3.7/site-packages/airflow/example_dags/example_skip_dag.py took 0.063 seconds
[2022-08-22 22:07:56,074] {processor.py:153} INFO - Started process (PID=1718) to work on /home/airflow/.local/lib/python3.7/site-packages/airflow/example_dags/example_skip_dag.py
[2022-08-22 22:07:56,074] {processor.py:641} INFO - Processing file /home/airflow/.local/lib/python3.7/site-packages/airflow/example_dags/example_skip_dag.py for tasks to queue
[2022-08-22 22:07:56,075] {logging_mixin.py:115} INFO - [2022-08-22 22:07:56,075] {dagbag.py:508} INFO - Filling up the DagBag from /home/airflow/.local/lib/python3.7/site-packages/airflow/example_dags/example_skip_dag.py
[2022-08-22 22:07:56,079] {processor.py:651} INFO - DAG(s) dict_keys(['example_skip_dag']) retrieved from /home/airflow/.local/lib/python3.7/site-packages/airflow/example_dags/example_skip_dag.py
[2022-08-22 22:07:56,099] {logging_mixin.py:115} INFO - [2022-08-22 22:07:56,099] {dag.py:2420} INFO - Sync 1 DAGs
[2022-08-22 22:07:56,118] {logging_mixin.py:115} INFO - [2022-08-22 22:07:56,118] {dag.py:2972} INFO - Setting next_dagrun for example_skip_dag to 2022-08-21T22:07:56.118341+00:00, run_after=2022-08-22T22:07:56.118341+00:00
[2022-08-22 22:07:56,128] {processor.py:161} INFO - Processing /home/airflow/.local/lib/python3.7/site-packages/airflow/example_dags/example_skip_dag.py took 0.056 seconds
[2022-08-22 22:08:26,653] {processor.py:153} INFO - Started process (PID=1776) to work on /home/airflow/.local/lib/python3.7/site-packages/airflow/example_dags/example_skip_dag.py
[2022-08-22 22:08:26,654] {processor.py:641} INFO - Processing file /home/airflow/.local/lib/python3.7/site-packages/airflow/example_dags/example_skip_dag.py for tasks to queue
[2022-08-22 22:08:26,654] {logging_mixin.py:115} INFO - [2022-08-22 22:08:26,654] {dagbag.py:508} INFO - Filling up the DagBag from /home/airflow/.local/lib/python3.7/site-packages/airflow/example_dags/example_skip_dag.py
[2022-08-22 22:08:26,659] {processor.py:651} INFO - DAG(s) dict_keys(['example_skip_dag']) retrieved from /home/airflow/.local/lib/python3.7/site-packages/airflow/example_dags/example_skip_dag.py
[2022-08-22 22:08:26,682] {logging_mixin.py:115} INFO - [2022-08-22 22:08:26,682] {dag.py:2420} INFO - Sync 1 DAGs
[2022-08-22 22:08:26,702] {logging_mixin.py:115} INFO - [2022-08-22 22:08:26,702] {dag.py:2972} INFO - Setting next_dagrun for example_skip_dag to 2022-08-21T22:08:26.702471+00:00, run_after=2022-08-22T22:08:26.702471+00:00
[2022-08-22 22:08:26,716] {processor.py:161} INFO - Processing /home/airflow/.local/lib/python3.7/site-packages/airflow/example_dags/example_skip_dag.py took 0.065 seconds
[2022-08-22 22:08:57,529] {processor.py:153} INFO - Started process (PID=1831) to work on /home/airflow/.local/lib/python3.7/site-packages/airflow/example_dags/example_skip_dag.py
[2022-08-22 22:08:57,530] {processor.py:641} INFO - Processing file /home/airflow/.local/lib/python3.7/site-packages/airflow/example_dags/example_skip_dag.py for tasks to queue
[2022-08-22 22:08:57,530] {logging_mixin.py:115} INFO - [2022-08-22 22:08:57,530] {dagbag.py:508} INFO - Filling up the DagBag from /home/airflow/.local/lib/python3.7/site-packages/airflow/example_dags/example_skip_dag.py
[2022-08-22 22:08:57,535] {processor.py:651} INFO - DAG(s) dict_keys(['example_skip_dag']) retrieved from /home/airflow/.local/lib/python3.7/site-packages/airflow/example_dags/example_skip_dag.py
[2022-08-22 22:08:57,565] {logging_mixin.py:115} INFO - [2022-08-22 22:08:57,565] {dag.py:2420} INFO - Sync 1 DAGs
[2022-08-22 22:08:57,583] {logging_mixin.py:115} INFO - [2022-08-22 22:08:57,583] {dag.py:2972} INFO - Setting next_dagrun for example_skip_dag to 2022-08-21T22:08:57.583248+00:00, run_after=2022-08-22T22:08:57.583248+00:00
[2022-08-22 22:08:57,592] {processor.py:161} INFO - Processing /home/airflow/.local/lib/python3.7/site-packages/airflow/example_dags/example_skip_dag.py took 0.065 seconds
[2022-08-22 22:09:28,110] {processor.py:153} INFO - Started process (PID=1892) to work on /home/airflow/.local/lib/python3.7/site-packages/airflow/example_dags/example_skip_dag.py
[2022-08-22 22:09:28,111] {processor.py:641} INFO - Processing file /home/airflow/.local/lib/python3.7/site-packages/airflow/example_dags/example_skip_dag.py for tasks to queue
[2022-08-22 22:09:28,111] {logging_mixin.py:115} INFO - [2022-08-22 22:09:28,111] {dagbag.py:508} INFO - Filling up the DagBag from /home/airflow/.local/lib/python3.7/site-packages/airflow/example_dags/example_skip_dag.py
[2022-08-22 22:09:28,115] {processor.py:651} INFO - DAG(s) dict_keys(['example_skip_dag']) retrieved from /home/airflow/.local/lib/python3.7/site-packages/airflow/example_dags/example_skip_dag.py
[2022-08-22 22:09:28,136] {logging_mixin.py:115} INFO - [2022-08-22 22:09:28,136] {dag.py:2420} INFO - Sync 1 DAGs
[2022-08-22 22:09:28,154] {logging_mixin.py:115} INFO - [2022-08-22 22:09:28,154] {dag.py:2972} INFO - Setting next_dagrun for example_skip_dag to 2022-08-21T22:09:28.154626+00:00, run_after=2022-08-22T22:09:28.154626+00:00
[2022-08-22 22:09:28,163] {processor.py:161} INFO - Processing /home/airflow/.local/lib/python3.7/site-packages/airflow/example_dags/example_skip_dag.py took 0.055 seconds
[2022-08-22 22:09:58,820] {processor.py:153} INFO - Started process (PID=1953) to work on /home/airflow/.local/lib/python3.7/site-packages/airflow/example_dags/example_skip_dag.py
[2022-08-22 22:09:58,821] {processor.py:641} INFO - Processing file /home/airflow/.local/lib/python3.7/site-packages/airflow/example_dags/example_skip_dag.py for tasks to queue
[2022-08-22 22:09:58,822] {logging_mixin.py:115} INFO - [2022-08-22 22:09:58,822] {dagbag.py:508} INFO - Filling up the DagBag from /home/airflow/.local/lib/python3.7/site-packages/airflow/example_dags/example_skip_dag.py
[2022-08-22 22:09:58,829] {processor.py:651} INFO - DAG(s) dict_keys(['example_skip_dag']) retrieved from /home/airflow/.local/lib/python3.7/site-packages/airflow/example_dags/example_skip_dag.py
[2022-08-22 22:09:58,864] {logging_mixin.py:115} INFO - [2022-08-22 22:09:58,863] {dag.py:2420} INFO - Sync 1 DAGs
[2022-08-22 22:09:58,883] {logging_mixin.py:115} INFO - [2022-08-22 22:09:58,883] {dag.py:2972} INFO - Setting next_dagrun for example_skip_dag to 2022-08-21T22:09:58.883238+00:00, run_after=2022-08-22T22:09:58.883238+00:00
[2022-08-22 22:09:58,895] {processor.py:161} INFO - Processing /home/airflow/.local/lib/python3.7/site-packages/airflow/example_dags/example_skip_dag.py took 0.079 seconds
[2022-08-22 22:10:29,568] {processor.py:153} INFO - Started process (PID=2005) to work on /home/airflow/.local/lib/python3.7/site-packages/airflow/example_dags/example_skip_dag.py
[2022-08-22 22:10:29,569] {processor.py:641} INFO - Processing file /home/airflow/.local/lib/python3.7/site-packages/airflow/example_dags/example_skip_dag.py for tasks to queue
[2022-08-22 22:10:29,570] {logging_mixin.py:115} INFO - [2022-08-22 22:10:29,570] {dagbag.py:508} INFO - Filling up the DagBag from /home/airflow/.local/lib/python3.7/site-packages/airflow/example_dags/example_skip_dag.py
[2022-08-22 22:10:29,577] {processor.py:651} INFO - DAG(s) dict_keys(['example_skip_dag']) retrieved from /home/airflow/.local/lib/python3.7/site-packages/airflow/example_dags/example_skip_dag.py
[2022-08-22 22:10:29,600] {logging_mixin.py:115} INFO - [2022-08-22 22:10:29,600] {dag.py:2420} INFO - Sync 1 DAGs
[2022-08-22 22:10:29,618] {logging_mixin.py:115} INFO - [2022-08-22 22:10:29,618] {dag.py:2972} INFO - Setting next_dagrun for example_skip_dag to 2022-08-21T22:10:29.618394+00:00, run_after=2022-08-22T22:10:29.618394+00:00
[2022-08-22 22:10:29,627] {processor.py:161} INFO - Processing /home/airflow/.local/lib/python3.7/site-packages/airflow/example_dags/example_skip_dag.py took 0.064 seconds
[2022-08-22 22:11:00,169] {processor.py:153} INFO - Started process (PID=2066) to work on /home/airflow/.local/lib/python3.7/site-packages/airflow/example_dags/example_skip_dag.py
[2022-08-22 22:11:00,170] {processor.py:641} INFO - Processing file /home/airflow/.local/lib/python3.7/site-packages/airflow/example_dags/example_skip_dag.py for tasks to queue
[2022-08-22 22:11:00,170] {logging_mixin.py:115} INFO - [2022-08-22 22:11:00,170] {dagbag.py:508} INFO - Filling up the DagBag from /home/airflow/.local/lib/python3.7/site-packages/airflow/example_dags/example_skip_dag.py
[2022-08-22 22:11:00,174] {processor.py:651} INFO - DAG(s) dict_keys(['example_skip_dag']) retrieved from /home/airflow/.local/lib/python3.7/site-packages/airflow/example_dags/example_skip_dag.py
[2022-08-22 22:11:00,193] {logging_mixin.py:115} INFO - [2022-08-22 22:11:00,193] {dag.py:2420} INFO - Sync 1 DAGs
[2022-08-22 22:11:00,211] {logging_mixin.py:115} INFO - [2022-08-22 22:11:00,211] {dag.py:2972} INFO - Setting next_dagrun for example_skip_dag to 2022-08-21T22:11:00.211189+00:00, run_after=2022-08-22T22:11:00.211189+00:00
[2022-08-22 22:11:00,222] {processor.py:161} INFO - Processing /home/airflow/.local/lib/python3.7/site-packages/airflow/example_dags/example_skip_dag.py took 0.055 seconds
[2022-08-22 22:11:30,759] {processor.py:153} INFO - Started process (PID=2126) to work on /home/airflow/.local/lib/python3.7/site-packages/airflow/example_dags/example_skip_dag.py
[2022-08-22 22:11:30,759] {processor.py:641} INFO - Processing file /home/airflow/.local/lib/python3.7/site-packages/airflow/example_dags/example_skip_dag.py for tasks to queue
[2022-08-22 22:11:30,759] {logging_mixin.py:115} INFO - [2022-08-22 22:11:30,759] {dagbag.py:508} INFO - Filling up the DagBag from /home/airflow/.local/lib/python3.7/site-packages/airflow/example_dags/example_skip_dag.py
[2022-08-22 22:11:30,764] {processor.py:651} INFO - DAG(s) dict_keys(['example_skip_dag']) retrieved from /home/airflow/.local/lib/python3.7/site-packages/airflow/example_dags/example_skip_dag.py
[2022-08-22 22:11:30,783] {logging_mixin.py:115} INFO - [2022-08-22 22:11:30,783] {dag.py:2420} INFO - Sync 1 DAGs
[2022-08-22 22:11:30,800] {logging_mixin.py:115} INFO - [2022-08-22 22:11:30,800] {dag.py:2972} INFO - Setting next_dagrun for example_skip_dag to 2022-08-21T22:11:30.800599+00:00, run_after=2022-08-22T22:11:30.800599+00:00
[2022-08-22 22:11:30,809] {processor.py:161} INFO - Processing /home/airflow/.local/lib/python3.7/site-packages/airflow/example_dags/example_skip_dag.py took 0.053 seconds
[2022-08-22 22:12:01,293] {processor.py:153} INFO - Started process (PID=2187) to work on /home/airflow/.local/lib/python3.7/site-packages/airflow/example_dags/example_skip_dag.py
[2022-08-22 22:12:01,293] {processor.py:641} INFO - Processing file /home/airflow/.local/lib/python3.7/site-packages/airflow/example_dags/example_skip_dag.py for tasks to queue
[2022-08-22 22:12:01,293] {logging_mixin.py:115} INFO - [2022-08-22 22:12:01,293] {dagbag.py:508} INFO - Filling up the DagBag from /home/airflow/.local/lib/python3.7/site-packages/airflow/example_dags/example_skip_dag.py
[2022-08-22 22:12:01,298] {processor.py:651} INFO - DAG(s) dict_keys(['example_skip_dag']) retrieved from /home/airflow/.local/lib/python3.7/site-packages/airflow/example_dags/example_skip_dag.py
[2022-08-22 22:12:01,332] {logging_mixin.py:115} INFO - [2022-08-22 22:12:01,332] {dag.py:2420} INFO - Sync 1 DAGs
[2022-08-22 22:12:01,357] {logging_mixin.py:115} INFO - [2022-08-22 22:12:01,357] {dag.py:2972} INFO - Setting next_dagrun for example_skip_dag to 2022-08-21T22:12:01.357550+00:00, run_after=2022-08-22T22:12:01.357550+00:00
[2022-08-22 22:12:01,367] {processor.py:161} INFO - Processing /home/airflow/.local/lib/python3.7/site-packages/airflow/example_dags/example_skip_dag.py took 0.077 seconds
[2022-08-22 22:12:31,837] {processor.py:153} INFO - Started process (PID=2239) to work on /home/airflow/.local/lib/python3.7/site-packages/airflow/example_dags/example_skip_dag.py
[2022-08-22 22:12:31,837] {processor.py:641} INFO - Processing file /home/airflow/.local/lib/python3.7/site-packages/airflow/example_dags/example_skip_dag.py for tasks to queue
[2022-08-22 22:12:31,838] {logging_mixin.py:115} INFO - [2022-08-22 22:12:31,838] {dagbag.py:508} INFO - Filling up the DagBag from /home/airflow/.local/lib/python3.7/site-packages/airflow/example_dags/example_skip_dag.py
[2022-08-22 22:12:31,846] {processor.py:651} INFO - DAG(s) dict_keys(['example_skip_dag']) retrieved from /home/airflow/.local/lib/python3.7/site-packages/airflow/example_dags/example_skip_dag.py
[2022-08-22 22:12:31,869] {logging_mixin.py:115} INFO - [2022-08-22 22:12:31,869] {dag.py:2420} INFO - Sync 1 DAGs
[2022-08-22 22:12:31,889] {logging_mixin.py:115} INFO - [2022-08-22 22:12:31,889] {dag.py:2972} INFO - Setting next_dagrun for example_skip_dag to 2022-08-21T22:12:31.889244+00:00, run_after=2022-08-22T22:12:31.889244+00:00
[2022-08-22 22:12:31,900] {processor.py:161} INFO - Processing /home/airflow/.local/lib/python3.7/site-packages/airflow/example_dags/example_skip_dag.py took 0.067 seconds
[2022-08-22 22:13:02,468] {processor.py:153} INFO - Started process (PID=2300) to work on /home/airflow/.local/lib/python3.7/site-packages/airflow/example_dags/example_skip_dag.py
[2022-08-22 22:13:02,469] {processor.py:641} INFO - Processing file /home/airflow/.local/lib/python3.7/site-packages/airflow/example_dags/example_skip_dag.py for tasks to queue
[2022-08-22 22:13:02,470] {logging_mixin.py:115} INFO - [2022-08-22 22:13:02,469] {dagbag.py:508} INFO - Filling up the DagBag from /home/airflow/.local/lib/python3.7/site-packages/airflow/example_dags/example_skip_dag.py
[2022-08-22 22:13:02,477] {processor.py:651} INFO - DAG(s) dict_keys(['example_skip_dag']) retrieved from /home/airflow/.local/lib/python3.7/site-packages/airflow/example_dags/example_skip_dag.py
[2022-08-22 22:13:02,501] {logging_mixin.py:115} INFO - [2022-08-22 22:13:02,501] {dag.py:2420} INFO - Sync 1 DAGs
[2022-08-22 22:13:02,518] {logging_mixin.py:115} INFO - [2022-08-22 22:13:02,518] {dag.py:2972} INFO - Setting next_dagrun for example_skip_dag to 2022-08-21T22:13:02.518548+00:00, run_after=2022-08-22T22:13:02.518548+00:00
[2022-08-22 22:13:02,528] {processor.py:161} INFO - Processing /home/airflow/.local/lib/python3.7/site-packages/airflow/example_dags/example_skip_dag.py took 0.064 seconds
[2022-08-22 22:13:33,128] {processor.py:153} INFO - Started process (PID=2361) to work on /home/airflow/.local/lib/python3.7/site-packages/airflow/example_dags/example_skip_dag.py
[2022-08-22 22:13:33,129] {processor.py:641} INFO - Processing file /home/airflow/.local/lib/python3.7/site-packages/airflow/example_dags/example_skip_dag.py for tasks to queue
[2022-08-22 22:13:33,129] {logging_mixin.py:115} INFO - [2022-08-22 22:13:33,129] {dagbag.py:508} INFO - Filling up the DagBag from /home/airflow/.local/lib/python3.7/site-packages/airflow/example_dags/example_skip_dag.py
[2022-08-22 22:13:33,136] {processor.py:651} INFO - DAG(s) dict_keys(['example_skip_dag']) retrieved from /home/airflow/.local/lib/python3.7/site-packages/airflow/example_dags/example_skip_dag.py
[2022-08-22 22:13:33,159] {logging_mixin.py:115} INFO - [2022-08-22 22:13:33,159] {dag.py:2420} INFO - Sync 1 DAGs
[2022-08-22 22:13:33,180] {logging_mixin.py:115} INFO - [2022-08-22 22:13:33,180] {dag.py:2972} INFO - Setting next_dagrun for example_skip_dag to 2022-08-21T22:13:33.179944+00:00, run_after=2022-08-22T22:13:33.179944+00:00
[2022-08-22 22:13:33,189] {processor.py:161} INFO - Processing /home/airflow/.local/lib/python3.7/site-packages/airflow/example_dags/example_skip_dag.py took 0.065 seconds
[2022-08-22 22:14:03,795] {processor.py:153} INFO - Started process (PID=2422) to work on /home/airflow/.local/lib/python3.7/site-packages/airflow/example_dags/example_skip_dag.py
[2022-08-22 22:14:03,796] {processor.py:641} INFO - Processing file /home/airflow/.local/lib/python3.7/site-packages/airflow/example_dags/example_skip_dag.py for tasks to queue
[2022-08-22 22:14:03,797] {logging_mixin.py:115} INFO - [2022-08-22 22:14:03,797] {dagbag.py:508} INFO - Filling up the DagBag from /home/airflow/.local/lib/python3.7/site-packages/airflow/example_dags/example_skip_dag.py
[2022-08-22 22:14:03,804] {processor.py:651} INFO - DAG(s) dict_keys(['example_skip_dag']) retrieved from /home/airflow/.local/lib/python3.7/site-packages/airflow/example_dags/example_skip_dag.py
[2022-08-22 22:14:03,839] {logging_mixin.py:115} INFO - [2022-08-22 22:14:03,839] {dag.py:2420} INFO - Sync 1 DAGs
[2022-08-22 22:14:03,858] {logging_mixin.py:115} INFO - [2022-08-22 22:14:03,858] {dag.py:2972} INFO - Setting next_dagrun for example_skip_dag to 2022-08-21T22:14:03.858445+00:00, run_after=2022-08-22T22:14:03.858445+00:00
[2022-08-22 22:14:03,870] {processor.py:161} INFO - Processing /home/airflow/.local/lib/python3.7/site-packages/airflow/example_dags/example_skip_dag.py took 0.078 seconds
[2022-08-22 22:14:34,412] {processor.py:153} INFO - Started process (PID=2474) to work on /home/airflow/.local/lib/python3.7/site-packages/airflow/example_dags/example_skip_dag.py
[2022-08-22 22:14:34,412] {processor.py:641} INFO - Processing file /home/airflow/.local/lib/python3.7/site-packages/airflow/example_dags/example_skip_dag.py for tasks to queue
[2022-08-22 22:14:34,413] {logging_mixin.py:115} INFO - [2022-08-22 22:14:34,413] {dagbag.py:508} INFO - Filling up the DagBag from /home/airflow/.local/lib/python3.7/site-packages/airflow/example_dags/example_skip_dag.py
[2022-08-22 22:14:34,420] {processor.py:651} INFO - DAG(s) dict_keys(['example_skip_dag']) retrieved from /home/airflow/.local/lib/python3.7/site-packages/airflow/example_dags/example_skip_dag.py
[2022-08-22 22:14:34,445] {logging_mixin.py:115} INFO - [2022-08-22 22:14:34,445] {dag.py:2420} INFO - Sync 1 DAGs
[2022-08-22 22:14:34,462] {logging_mixin.py:115} INFO - [2022-08-22 22:14:34,462] {dag.py:2972} INFO - Setting next_dagrun for example_skip_dag to 2022-08-21T22:14:34.462504+00:00, run_after=2022-08-22T22:14:34.462504+00:00
[2022-08-22 22:14:34,471] {processor.py:161} INFO - Processing /home/airflow/.local/lib/python3.7/site-packages/airflow/example_dags/example_skip_dag.py took 0.064 seconds
[2022-08-22 22:15:04,964] {processor.py:153} INFO - Started process (PID=2535) to work on /home/airflow/.local/lib/python3.7/site-packages/airflow/example_dags/example_skip_dag.py
[2022-08-22 22:15:04,964] {processor.py:641} INFO - Processing file /home/airflow/.local/lib/python3.7/site-packages/airflow/example_dags/example_skip_dag.py for tasks to queue
[2022-08-22 22:15:04,964] {logging_mixin.py:115} INFO - [2022-08-22 22:15:04,964] {dagbag.py:508} INFO - Filling up the DagBag from /home/airflow/.local/lib/python3.7/site-packages/airflow/example_dags/example_skip_dag.py
[2022-08-22 22:15:04,968] {processor.py:651} INFO - DAG(s) dict_keys(['example_skip_dag']) retrieved from /home/airflow/.local/lib/python3.7/site-packages/airflow/example_dags/example_skip_dag.py
[2022-08-22 22:15:04,991] {logging_mixin.py:115} INFO - [2022-08-22 22:15:04,991] {dag.py:2420} INFO - Sync 1 DAGs
[2022-08-22 22:15:05,011] {logging_mixin.py:115} INFO - [2022-08-22 22:15:05,011] {dag.py:2972} INFO - Setting next_dagrun for example_skip_dag to 2022-08-21T22:15:05.011286+00:00, run_after=2022-08-22T22:15:05.011286+00:00
[2022-08-22 22:15:05,024] {processor.py:161} INFO - Processing /home/airflow/.local/lib/python3.7/site-packages/airflow/example_dags/example_skip_dag.py took 0.063 seconds
[2022-08-22 22:15:35,669] {processor.py:153} INFO - Started process (PID=2596) to work on /home/airflow/.local/lib/python3.7/site-packages/airflow/example_dags/example_skip_dag.py
[2022-08-22 22:15:35,669] {processor.py:641} INFO - Processing file /home/airflow/.local/lib/python3.7/site-packages/airflow/example_dags/example_skip_dag.py for tasks to queue
[2022-08-22 22:15:35,670] {logging_mixin.py:115} INFO - [2022-08-22 22:15:35,670] {dagbag.py:508} INFO - Filling up the DagBag from /home/airflow/.local/lib/python3.7/site-packages/airflow/example_dags/example_skip_dag.py
[2022-08-22 22:15:35,674] {processor.py:651} INFO - DAG(s) dict_keys(['example_skip_dag']) retrieved from /home/airflow/.local/lib/python3.7/site-packages/airflow/example_dags/example_skip_dag.py
[2022-08-22 22:15:35,696] {logging_mixin.py:115} INFO - [2022-08-22 22:15:35,696] {dag.py:2420} INFO - Sync 1 DAGs
[2022-08-22 22:15:35,713] {logging_mixin.py:115} INFO - [2022-08-22 22:15:35,713] {dag.py:2972} INFO - Setting next_dagrun for example_skip_dag to 2022-08-21T22:15:35.713655+00:00, run_after=2022-08-22T22:15:35.713655+00:00
[2022-08-22 22:15:35,723] {processor.py:161} INFO - Processing /home/airflow/.local/lib/python3.7/site-packages/airflow/example_dags/example_skip_dag.py took 0.057 seconds
[2022-08-22 22:16:06,224] {processor.py:153} INFO - Started process (PID=2648) to work on /home/airflow/.local/lib/python3.7/site-packages/airflow/example_dags/example_skip_dag.py
[2022-08-22 22:16:06,225] {processor.py:641} INFO - Processing file /home/airflow/.local/lib/python3.7/site-packages/airflow/example_dags/example_skip_dag.py for tasks to queue
[2022-08-22 22:16:06,225] {logging_mixin.py:115} INFO - [2022-08-22 22:16:06,225] {dagbag.py:508} INFO - Filling up the DagBag from /home/airflow/.local/lib/python3.7/site-packages/airflow/example_dags/example_skip_dag.py
[2022-08-22 22:16:06,229] {processor.py:651} INFO - DAG(s) dict_keys(['example_skip_dag']) retrieved from /home/airflow/.local/lib/python3.7/site-packages/airflow/example_dags/example_skip_dag.py
[2022-08-22 22:16:06,277] {logging_mixin.py:115} INFO - [2022-08-22 22:16:06,277] {dag.py:2420} INFO - Sync 1 DAGs
[2022-08-22 22:16:06,297] {logging_mixin.py:115} INFO - [2022-08-22 22:16:06,297] {dag.py:2972} INFO - Setting next_dagrun for example_skip_dag to 2022-08-21T22:16:06.296933+00:00, run_after=2022-08-22T22:16:06.296933+00:00
[2022-08-22 22:16:06,306] {processor.py:161} INFO - Processing /home/airflow/.local/lib/python3.7/site-packages/airflow/example_dags/example_skip_dag.py took 0.085 seconds
[2022-08-22 22:16:37,035] {processor.py:153} INFO - Started process (PID=2709) to work on /home/airflow/.local/lib/python3.7/site-packages/airflow/example_dags/example_skip_dag.py
[2022-08-22 22:16:37,036] {processor.py:641} INFO - Processing file /home/airflow/.local/lib/python3.7/site-packages/airflow/example_dags/example_skip_dag.py for tasks to queue
[2022-08-22 22:16:37,037] {logging_mixin.py:115} INFO - [2022-08-22 22:16:37,037] {dagbag.py:508} INFO - Filling up the DagBag from /home/airflow/.local/lib/python3.7/site-packages/airflow/example_dags/example_skip_dag.py
[2022-08-22 22:16:37,042] {processor.py:651} INFO - DAG(s) dict_keys(['example_skip_dag']) retrieved from /home/airflow/.local/lib/python3.7/site-packages/airflow/example_dags/example_skip_dag.py
[2022-08-22 22:16:37,074] {logging_mixin.py:115} INFO - [2022-08-22 22:16:37,074] {dag.py:2420} INFO - Sync 1 DAGs
[2022-08-22 22:16:37,095] {logging_mixin.py:115} INFO - [2022-08-22 22:16:37,095] {dag.py:2972} INFO - Setting next_dagrun for example_skip_dag to 2022-08-21T22:16:37.095262+00:00, run_after=2022-08-22T22:16:37.095262+00:00
[2022-08-22 22:16:37,105] {processor.py:161} INFO - Processing /home/airflow/.local/lib/python3.7/site-packages/airflow/example_dags/example_skip_dag.py took 0.074 seconds
[2022-08-22 22:17:07,573] {processor.py:153} INFO - Started process (PID=2770) to work on /home/airflow/.local/lib/python3.7/site-packages/airflow/example_dags/example_skip_dag.py
[2022-08-22 22:17:07,573] {processor.py:641} INFO - Processing file /home/airflow/.local/lib/python3.7/site-packages/airflow/example_dags/example_skip_dag.py for tasks to queue
[2022-08-22 22:17:07,574] {logging_mixin.py:115} INFO - [2022-08-22 22:17:07,574] {dagbag.py:508} INFO - Filling up the DagBag from /home/airflow/.local/lib/python3.7/site-packages/airflow/example_dags/example_skip_dag.py
[2022-08-22 22:17:07,579] {processor.py:651} INFO - DAG(s) dict_keys(['example_skip_dag']) retrieved from /home/airflow/.local/lib/python3.7/site-packages/airflow/example_dags/example_skip_dag.py
[2022-08-22 22:17:07,603] {logging_mixin.py:115} INFO - [2022-08-22 22:17:07,603] {dag.py:2420} INFO - Sync 1 DAGs
[2022-08-22 22:17:07,623] {logging_mixin.py:115} INFO - [2022-08-22 22:17:07,623] {dag.py:2972} INFO - Setting next_dagrun for example_skip_dag to 2022-08-21T22:17:07.623052+00:00, run_after=2022-08-22T22:17:07.623052+00:00
[2022-08-22 22:17:07,634] {processor.py:161} INFO - Processing /home/airflow/.local/lib/python3.7/site-packages/airflow/example_dags/example_skip_dag.py took 0.065 seconds
[2022-08-22 22:17:38,097] {processor.py:153} INFO - Started process (PID=2831) to work on /home/airflow/.local/lib/python3.7/site-packages/airflow/example_dags/example_skip_dag.py
[2022-08-22 22:17:38,097] {processor.py:641} INFO - Processing file /home/airflow/.local/lib/python3.7/site-packages/airflow/example_dags/example_skip_dag.py for tasks to queue
[2022-08-22 22:17:38,098] {logging_mixin.py:115} INFO - [2022-08-22 22:17:38,098] {dagbag.py:508} INFO - Filling up the DagBag from /home/airflow/.local/lib/python3.7/site-packages/airflow/example_dags/example_skip_dag.py
[2022-08-22 22:17:38,102] {processor.py:651} INFO - DAG(s) dict_keys(['example_skip_dag']) retrieved from /home/airflow/.local/lib/python3.7/site-packages/airflow/example_dags/example_skip_dag.py
[2022-08-22 22:17:38,123] {logging_mixin.py:115} INFO - [2022-08-22 22:17:38,122] {dag.py:2420} INFO - Sync 1 DAGs
[2022-08-22 22:17:38,142] {logging_mixin.py:115} INFO - [2022-08-22 22:17:38,142] {dag.py:2972} INFO - Setting next_dagrun for example_skip_dag to 2022-08-21T22:17:38.142105+00:00, run_after=2022-08-22T22:17:38.142105+00:00
[2022-08-22 22:17:38,152] {processor.py:161} INFO - Processing /home/airflow/.local/lib/python3.7/site-packages/airflow/example_dags/example_skip_dag.py took 0.058 seconds
[2022-08-22 22:18:08,665] {processor.py:153} INFO - Started process (PID=2883) to work on /home/airflow/.local/lib/python3.7/site-packages/airflow/example_dags/example_skip_dag.py
[2022-08-22 22:18:08,665] {processor.py:641} INFO - Processing file /home/airflow/.local/lib/python3.7/site-packages/airflow/example_dags/example_skip_dag.py for tasks to queue
[2022-08-22 22:18:08,666] {logging_mixin.py:115} INFO - [2022-08-22 22:18:08,666] {dagbag.py:508} INFO - Filling up the DagBag from /home/airflow/.local/lib/python3.7/site-packages/airflow/example_dags/example_skip_dag.py
[2022-08-22 22:18:08,670] {processor.py:651} INFO - DAG(s) dict_keys(['example_skip_dag']) retrieved from /home/airflow/.local/lib/python3.7/site-packages/airflow/example_dags/example_skip_dag.py
[2022-08-22 22:18:08,691] {logging_mixin.py:115} INFO - [2022-08-22 22:18:08,691] {dag.py:2420} INFO - Sync 1 DAGs
[2022-08-22 22:18:08,709] {logging_mixin.py:115} INFO - [2022-08-22 22:18:08,709] {dag.py:2972} INFO - Setting next_dagrun for example_skip_dag to 2022-08-21T22:18:08.708824+00:00, run_after=2022-08-22T22:18:08.708824+00:00
[2022-08-22 22:18:08,719] {processor.py:161} INFO - Processing /home/airflow/.local/lib/python3.7/site-packages/airflow/example_dags/example_skip_dag.py took 0.057 seconds
[2022-08-22 22:18:39,373] {processor.py:153} INFO - Started process (PID=2944) to work on /home/airflow/.local/lib/python3.7/site-packages/airflow/example_dags/example_skip_dag.py
[2022-08-22 22:18:39,374] {processor.py:641} INFO - Processing file /home/airflow/.local/lib/python3.7/site-packages/airflow/example_dags/example_skip_dag.py for tasks to queue
[2022-08-22 22:18:39,374] {logging_mixin.py:115} INFO - [2022-08-22 22:18:39,374] {dagbag.py:508} INFO - Filling up the DagBag from /home/airflow/.local/lib/python3.7/site-packages/airflow/example_dags/example_skip_dag.py
[2022-08-22 22:18:39,378] {processor.py:651} INFO - DAG(s) dict_keys(['example_skip_dag']) retrieved from /home/airflow/.local/lib/python3.7/site-packages/airflow/example_dags/example_skip_dag.py
[2022-08-22 22:18:39,402] {logging_mixin.py:115} INFO - [2022-08-22 22:18:39,402] {dag.py:2420} INFO - Sync 1 DAGs
[2022-08-22 22:18:39,424] {logging_mixin.py:115} INFO - [2022-08-22 22:18:39,423] {dag.py:2972} INFO - Setting next_dagrun for example_skip_dag to 2022-08-21T22:18:39.423646+00:00, run_after=2022-08-22T22:18:39.423646+00:00
[2022-08-22 22:18:39,436] {processor.py:161} INFO - Processing /home/airflow/.local/lib/python3.7/site-packages/airflow/example_dags/example_skip_dag.py took 0.065 seconds
[2022-08-22 22:19:10,099] {processor.py:153} INFO - Started process (PID=3006) to work on /home/airflow/.local/lib/python3.7/site-packages/airflow/example_dags/example_skip_dag.py
[2022-08-22 22:19:10,099] {processor.py:641} INFO - Processing file /home/airflow/.local/lib/python3.7/site-packages/airflow/example_dags/example_skip_dag.py for tasks to queue
[2022-08-22 22:19:10,100] {logging_mixin.py:115} INFO - [2022-08-22 22:19:10,100] {dagbag.py:508} INFO - Filling up the DagBag from /home/airflow/.local/lib/python3.7/site-packages/airflow/example_dags/example_skip_dag.py
[2022-08-22 22:19:10,104] {processor.py:651} INFO - DAG(s) dict_keys(['example_skip_dag']) retrieved from /home/airflow/.local/lib/python3.7/site-packages/airflow/example_dags/example_skip_dag.py
[2022-08-22 22:19:10,124] {logging_mixin.py:115} INFO - [2022-08-22 22:19:10,123] {dag.py:2420} INFO - Sync 1 DAGs
[2022-08-22 22:19:10,143] {logging_mixin.py:115} INFO - [2022-08-22 22:19:10,143] {dag.py:2972} INFO - Setting next_dagrun for example_skip_dag to 2022-08-21T22:19:10.142836+00:00, run_after=2022-08-22T22:19:10.142836+00:00
[2022-08-22 22:19:10,152] {processor.py:161} INFO - Processing /home/airflow/.local/lib/python3.7/site-packages/airflow/example_dags/example_skip_dag.py took 0.056 seconds
[2022-08-22 22:19:40,797] {processor.py:153} INFO - Started process (PID=3067) to work on /home/airflow/.local/lib/python3.7/site-packages/airflow/example_dags/example_skip_dag.py
[2022-08-22 22:19:40,798] {processor.py:641} INFO - Processing file /home/airflow/.local/lib/python3.7/site-packages/airflow/example_dags/example_skip_dag.py for tasks to queue
[2022-08-22 22:19:40,798] {logging_mixin.py:115} INFO - [2022-08-22 22:19:40,798] {dagbag.py:508} INFO - Filling up the DagBag from /home/airflow/.local/lib/python3.7/site-packages/airflow/example_dags/example_skip_dag.py
[2022-08-22 22:19:40,802] {processor.py:651} INFO - DAG(s) dict_keys(['example_skip_dag']) retrieved from /home/airflow/.local/lib/python3.7/site-packages/airflow/example_dags/example_skip_dag.py
[2022-08-22 22:19:40,839] {logging_mixin.py:115} INFO - [2022-08-22 22:19:40,839] {dag.py:2420} INFO - Sync 1 DAGs
[2022-08-22 22:19:40,862] {logging_mixin.py:115} INFO - [2022-08-22 22:19:40,862] {dag.py:2972} INFO - Setting next_dagrun for example_skip_dag to 2022-08-21T22:19:40.862295+00:00, run_after=2022-08-22T22:19:40.862295+00:00
[2022-08-22 22:19:40,872] {processor.py:161} INFO - Processing /home/airflow/.local/lib/python3.7/site-packages/airflow/example_dags/example_skip_dag.py took 0.076 seconds
[2022-08-22 22:20:11,542] {processor.py:153} INFO - Started process (PID=3119) to work on /home/airflow/.local/lib/python3.7/site-packages/airflow/example_dags/example_skip_dag.py
[2022-08-22 22:20:11,542] {processor.py:641} INFO - Processing file /home/airflow/.local/lib/python3.7/site-packages/airflow/example_dags/example_skip_dag.py for tasks to queue
[2022-08-22 22:20:11,543] {logging_mixin.py:115} INFO - [2022-08-22 22:20:11,543] {dagbag.py:508} INFO - Filling up the DagBag from /home/airflow/.local/lib/python3.7/site-packages/airflow/example_dags/example_skip_dag.py
[2022-08-22 22:20:11,548] {processor.py:651} INFO - DAG(s) dict_keys(['example_skip_dag']) retrieved from /home/airflow/.local/lib/python3.7/site-packages/airflow/example_dags/example_skip_dag.py
[2022-08-22 22:20:11,576] {logging_mixin.py:115} INFO - [2022-08-22 22:20:11,576] {dag.py:2420} INFO - Sync 1 DAGs
[2022-08-22 22:20:11,597] {logging_mixin.py:115} INFO - [2022-08-22 22:20:11,597] {dag.py:2972} INFO - Setting next_dagrun for example_skip_dag to 2022-08-21T22:20:11.597112+00:00, run_after=2022-08-22T22:20:11.597112+00:00
[2022-08-22 22:20:11,609] {processor.py:161} INFO - Processing /home/airflow/.local/lib/python3.7/site-packages/airflow/example_dags/example_skip_dag.py took 0.070 seconds
[2022-08-22 22:20:42,143] {processor.py:153} INFO - Started process (PID=3180) to work on /home/airflow/.local/lib/python3.7/site-packages/airflow/example_dags/example_skip_dag.py
[2022-08-22 22:20:42,144] {processor.py:641} INFO - Processing file /home/airflow/.local/lib/python3.7/site-packages/airflow/example_dags/example_skip_dag.py for tasks to queue
[2022-08-22 22:20:42,145] {logging_mixin.py:115} INFO - [2022-08-22 22:20:42,145] {dagbag.py:508} INFO - Filling up the DagBag from /home/airflow/.local/lib/python3.7/site-packages/airflow/example_dags/example_skip_dag.py
[2022-08-22 22:20:42,152] {processor.py:651} INFO - DAG(s) dict_keys(['example_skip_dag']) retrieved from /home/airflow/.local/lib/python3.7/site-packages/airflow/example_dags/example_skip_dag.py
[2022-08-22 22:20:42,187] {logging_mixin.py:115} INFO - [2022-08-22 22:20:42,187] {dag.py:2420} INFO - Sync 1 DAGs
[2022-08-22 22:20:42,210] {logging_mixin.py:115} INFO - [2022-08-22 22:20:42,210] {dag.py:2972} INFO - Setting next_dagrun for example_skip_dag to 2022-08-21T22:20:42.210093+00:00, run_after=2022-08-22T22:20:42.210093+00:00
[2022-08-22 22:20:42,220] {processor.py:161} INFO - Processing /home/airflow/.local/lib/python3.7/site-packages/airflow/example_dags/example_skip_dag.py took 0.080 seconds
[2022-08-22 22:21:12,678] {processor.py:153} INFO - Started process (PID=3241) to work on /home/airflow/.local/lib/python3.7/site-packages/airflow/example_dags/example_skip_dag.py
[2022-08-22 22:21:12,679] {processor.py:641} INFO - Processing file /home/airflow/.local/lib/python3.7/site-packages/airflow/example_dags/example_skip_dag.py for tasks to queue
[2022-08-22 22:21:12,679] {logging_mixin.py:115} INFO - [2022-08-22 22:21:12,679] {dagbag.py:508} INFO - Filling up the DagBag from /home/airflow/.local/lib/python3.7/site-packages/airflow/example_dags/example_skip_dag.py
[2022-08-22 22:21:12,683] {processor.py:651} INFO - DAG(s) dict_keys(['example_skip_dag']) retrieved from /home/airflow/.local/lib/python3.7/site-packages/airflow/example_dags/example_skip_dag.py
[2022-08-22 22:21:12,704] {logging_mixin.py:115} INFO - [2022-08-22 22:21:12,704] {dag.py:2420} INFO - Sync 1 DAGs
[2022-08-22 22:21:12,722] {logging_mixin.py:115} INFO - [2022-08-22 22:21:12,722] {dag.py:2972} INFO - Setting next_dagrun for example_skip_dag to 2022-08-21T22:21:12.722296+00:00, run_after=2022-08-22T22:21:12.722296+00:00
[2022-08-22 22:21:12,732] {processor.py:161} INFO - Processing /home/airflow/.local/lib/python3.7/site-packages/airflow/example_dags/example_skip_dag.py took 0.056 seconds
[2022-08-22 22:21:43,380] {processor.py:153} INFO - Started process (PID=3302) to work on /home/airflow/.local/lib/python3.7/site-packages/airflow/example_dags/example_skip_dag.py
[2022-08-22 22:21:43,380] {processor.py:641} INFO - Processing file /home/airflow/.local/lib/python3.7/site-packages/airflow/example_dags/example_skip_dag.py for tasks to queue
[2022-08-22 22:21:43,381] {logging_mixin.py:115} INFO - [2022-08-22 22:21:43,381] {dagbag.py:508} INFO - Filling up the DagBag from /home/airflow/.local/lib/python3.7/site-packages/airflow/example_dags/example_skip_dag.py
[2022-08-22 22:21:43,386] {processor.py:651} INFO - DAG(s) dict_keys(['example_skip_dag']) retrieved from /home/airflow/.local/lib/python3.7/site-packages/airflow/example_dags/example_skip_dag.py
[2022-08-22 22:21:43,416] {logging_mixin.py:115} INFO - [2022-08-22 22:21:43,416] {dag.py:2420} INFO - Sync 1 DAGs
[2022-08-22 22:21:43,444] {logging_mixin.py:115} INFO - [2022-08-22 22:21:43,444] {dag.py:2972} INFO - Setting next_dagrun for example_skip_dag to 2022-08-21T22:21:43.444182+00:00, run_after=2022-08-22T22:21:43.444182+00:00
[2022-08-22 22:21:43,458] {processor.py:161} INFO - Processing /home/airflow/.local/lib/python3.7/site-packages/airflow/example_dags/example_skip_dag.py took 0.081 seconds
[2022-08-22 22:22:14,010] {processor.py:153} INFO - Started process (PID=3354) to work on /home/airflow/.local/lib/python3.7/site-packages/airflow/example_dags/example_skip_dag.py
[2022-08-22 22:22:14,011] {processor.py:641} INFO - Processing file /home/airflow/.local/lib/python3.7/site-packages/airflow/example_dags/example_skip_dag.py for tasks to queue
[2022-08-22 22:22:14,011] {logging_mixin.py:115} INFO - [2022-08-22 22:22:14,011] {dagbag.py:508} INFO - Filling up the DagBag from /home/airflow/.local/lib/python3.7/site-packages/airflow/example_dags/example_skip_dag.py
[2022-08-22 22:22:14,015] {processor.py:651} INFO - DAG(s) dict_keys(['example_skip_dag']) retrieved from /home/airflow/.local/lib/python3.7/site-packages/airflow/example_dags/example_skip_dag.py
[2022-08-22 22:22:14,037] {logging_mixin.py:115} INFO - [2022-08-22 22:22:14,036] {dag.py:2420} INFO - Sync 1 DAGs
[2022-08-22 22:22:14,055] {logging_mixin.py:115} INFO - [2022-08-22 22:22:14,055] {dag.py:2972} INFO - Setting next_dagrun for example_skip_dag to 2022-08-21T22:22:14.054828+00:00, run_after=2022-08-22T22:22:14.054828+00:00
[2022-08-22 22:22:14,064] {processor.py:161} INFO - Processing /home/airflow/.local/lib/python3.7/site-packages/airflow/example_dags/example_skip_dag.py took 0.056 seconds
[2022-08-22 22:22:44,677] {processor.py:153} INFO - Started process (PID=3415) to work on /home/airflow/.local/lib/python3.7/site-packages/airflow/example_dags/example_skip_dag.py
[2022-08-22 22:22:44,678] {processor.py:641} INFO - Processing file /home/airflow/.local/lib/python3.7/site-packages/airflow/example_dags/example_skip_dag.py for tasks to queue
[2022-08-22 22:22:44,678] {logging_mixin.py:115} INFO - [2022-08-22 22:22:44,678] {dagbag.py:508} INFO - Filling up the DagBag from /home/airflow/.local/lib/python3.7/site-packages/airflow/example_dags/example_skip_dag.py
[2022-08-22 22:22:44,685] {processor.py:651} INFO - DAG(s) dict_keys(['example_skip_dag']) retrieved from /home/airflow/.local/lib/python3.7/site-packages/airflow/example_dags/example_skip_dag.py
[2022-08-22 22:22:44,710] {logging_mixin.py:115} INFO - [2022-08-22 22:22:44,710] {dag.py:2420} INFO - Sync 1 DAGs
[2022-08-22 22:22:44,728] {logging_mixin.py:115} INFO - [2022-08-22 22:22:44,728] {dag.py:2972} INFO - Setting next_dagrun for example_skip_dag to 2022-08-21T22:22:44.728179+00:00, run_after=2022-08-22T22:22:44.728179+00:00
[2022-08-22 22:22:44,738] {processor.py:161} INFO - Processing /home/airflow/.local/lib/python3.7/site-packages/airflow/example_dags/example_skip_dag.py took 0.066 seconds
[2022-08-22 22:23:15,317] {processor.py:153} INFO - Started process (PID=3476) to work on /home/airflow/.local/lib/python3.7/site-packages/airflow/example_dags/example_skip_dag.py
[2022-08-22 22:23:15,318] {processor.py:641} INFO - Processing file /home/airflow/.local/lib/python3.7/site-packages/airflow/example_dags/example_skip_dag.py for tasks to queue
[2022-08-22 22:23:15,319] {logging_mixin.py:115} INFO - [2022-08-22 22:23:15,318] {dagbag.py:508} INFO - Filling up the DagBag from /home/airflow/.local/lib/python3.7/site-packages/airflow/example_dags/example_skip_dag.py
[2022-08-22 22:23:15,326] {processor.py:651} INFO - DAG(s) dict_keys(['example_skip_dag']) retrieved from /home/airflow/.local/lib/python3.7/site-packages/airflow/example_dags/example_skip_dag.py
[2022-08-22 22:23:15,352] {logging_mixin.py:115} INFO - [2022-08-22 22:23:15,352] {dag.py:2420} INFO - Sync 1 DAGs
[2022-08-22 22:23:15,372] {logging_mixin.py:115} INFO - [2022-08-22 22:23:15,372] {dag.py:2972} INFO - Setting next_dagrun for example_skip_dag to 2022-08-21T22:23:15.372700+00:00, run_after=2022-08-22T22:23:15.372700+00:00
[2022-08-22 22:23:15,382] {processor.py:161} INFO - Processing /home/airflow/.local/lib/python3.7/site-packages/airflow/example_dags/example_skip_dag.py took 0.070 seconds
[2022-08-22 22:23:46,065] {processor.py:153} INFO - Started process (PID=3528) to work on /home/airflow/.local/lib/python3.7/site-packages/airflow/example_dags/example_skip_dag.py
[2022-08-22 22:23:46,066] {processor.py:641} INFO - Processing file /home/airflow/.local/lib/python3.7/site-packages/airflow/example_dags/example_skip_dag.py for tasks to queue
[2022-08-22 22:23:46,066] {logging_mixin.py:115} INFO - [2022-08-22 22:23:46,066] {dagbag.py:508} INFO - Filling up the DagBag from /home/airflow/.local/lib/python3.7/site-packages/airflow/example_dags/example_skip_dag.py
[2022-08-22 22:23:46,070] {processor.py:651} INFO - DAG(s) dict_keys(['example_skip_dag']) retrieved from /home/airflow/.local/lib/python3.7/site-packages/airflow/example_dags/example_skip_dag.py
[2022-08-22 22:23:46,096] {logging_mixin.py:115} INFO - [2022-08-22 22:23:46,096] {dag.py:2420} INFO - Sync 1 DAGs
[2022-08-22 22:23:46,117] {logging_mixin.py:115} INFO - [2022-08-22 22:23:46,117] {dag.py:2972} INFO - Setting next_dagrun for example_skip_dag to 2022-08-21T22:23:46.117542+00:00, run_after=2022-08-22T22:23:46.117542+00:00
[2022-08-22 22:23:46,129] {processor.py:161} INFO - Processing /home/airflow/.local/lib/python3.7/site-packages/airflow/example_dags/example_skip_dag.py took 0.067 seconds
[2022-08-22 22:24:16,782] {processor.py:153} INFO - Started process (PID=3589) to work on /home/airflow/.local/lib/python3.7/site-packages/airflow/example_dags/example_skip_dag.py
[2022-08-22 22:24:16,782] {processor.py:641} INFO - Processing file /home/airflow/.local/lib/python3.7/site-packages/airflow/example_dags/example_skip_dag.py for tasks to queue
[2022-08-22 22:24:16,783] {logging_mixin.py:115} INFO - [2022-08-22 22:24:16,783] {dagbag.py:508} INFO - Filling up the DagBag from /home/airflow/.local/lib/python3.7/site-packages/airflow/example_dags/example_skip_dag.py
[2022-08-22 22:24:16,787] {processor.py:651} INFO - DAG(s) dict_keys(['example_skip_dag']) retrieved from /home/airflow/.local/lib/python3.7/site-packages/airflow/example_dags/example_skip_dag.py
[2022-08-22 22:24:16,809] {logging_mixin.py:115} INFO - [2022-08-22 22:24:16,809] {dag.py:2420} INFO - Sync 1 DAGs
[2022-08-22 22:24:16,826] {logging_mixin.py:115} INFO - [2022-08-22 22:24:16,826] {dag.py:2972} INFO - Setting next_dagrun for example_skip_dag to 2022-08-21T22:24:16.826401+00:00, run_after=2022-08-22T22:24:16.826401+00:00
[2022-08-22 22:24:16,835] {processor.py:161} INFO - Processing /home/airflow/.local/lib/python3.7/site-packages/airflow/example_dags/example_skip_dag.py took 0.055 seconds
[2022-08-22 22:24:47,496] {processor.py:153} INFO - Started process (PID=3650) to work on /home/airflow/.local/lib/python3.7/site-packages/airflow/example_dags/example_skip_dag.py
[2022-08-22 22:24:47,496] {processor.py:641} INFO - Processing file /home/airflow/.local/lib/python3.7/site-packages/airflow/example_dags/example_skip_dag.py for tasks to queue
[2022-08-22 22:24:47,497] {logging_mixin.py:115} INFO - [2022-08-22 22:24:47,497] {dagbag.py:508} INFO - Filling up the DagBag from /home/airflow/.local/lib/python3.7/site-packages/airflow/example_dags/example_skip_dag.py
[2022-08-22 22:24:47,504] {processor.py:651} INFO - DAG(s) dict_keys(['example_skip_dag']) retrieved from /home/airflow/.local/lib/python3.7/site-packages/airflow/example_dags/example_skip_dag.py
[2022-08-22 22:24:47,527] {logging_mixin.py:115} INFO - [2022-08-22 22:24:47,527] {dag.py:2420} INFO - Sync 1 DAGs
[2022-08-22 22:24:47,545] {logging_mixin.py:115} INFO - [2022-08-22 22:24:47,545] {dag.py:2972} INFO - Setting next_dagrun for example_skip_dag to 2022-08-21T22:24:47.545324+00:00, run_after=2022-08-22T22:24:47.545324+00:00
[2022-08-22 22:24:47,555] {processor.py:161} INFO - Processing /home/airflow/.local/lib/python3.7/site-packages/airflow/example_dags/example_skip_dag.py took 0.063 seconds
[2022-08-22 22:25:18,178] {processor.py:153} INFO - Started process (PID=3711) to work on /home/airflow/.local/lib/python3.7/site-packages/airflow/example_dags/example_skip_dag.py
[2022-08-22 22:25:18,179] {processor.py:641} INFO - Processing file /home/airflow/.local/lib/python3.7/site-packages/airflow/example_dags/example_skip_dag.py for tasks to queue
[2022-08-22 22:25:18,179] {logging_mixin.py:115} INFO - [2022-08-22 22:25:18,179] {dagbag.py:508} INFO - Filling up the DagBag from /home/airflow/.local/lib/python3.7/site-packages/airflow/example_dags/example_skip_dag.py
[2022-08-22 22:25:18,183] {processor.py:651} INFO - DAG(s) dict_keys(['example_skip_dag']) retrieved from /home/airflow/.local/lib/python3.7/site-packages/airflow/example_dags/example_skip_dag.py
[2022-08-22 22:25:18,206] {logging_mixin.py:115} INFO - [2022-08-22 22:25:18,206] {dag.py:2420} INFO - Sync 1 DAGs
[2022-08-22 22:25:18,225] {logging_mixin.py:115} INFO - [2022-08-22 22:25:18,225] {dag.py:2972} INFO - Setting next_dagrun for example_skip_dag to 2022-08-21T22:25:18.225097+00:00, run_after=2022-08-22T22:25:18.225097+00:00
[2022-08-22 22:25:18,235] {processor.py:161} INFO - Processing /home/airflow/.local/lib/python3.7/site-packages/airflow/example_dags/example_skip_dag.py took 0.059 seconds
[2022-08-22 22:25:48,899] {processor.py:153} INFO - Started process (PID=3763) to work on /home/airflow/.local/lib/python3.7/site-packages/airflow/example_dags/example_skip_dag.py
[2022-08-22 22:25:48,900] {processor.py:641} INFO - Processing file /home/airflow/.local/lib/python3.7/site-packages/airflow/example_dags/example_skip_dag.py for tasks to queue
[2022-08-22 22:25:48,900] {logging_mixin.py:115} INFO - [2022-08-22 22:25:48,900] {dagbag.py:508} INFO - Filling up the DagBag from /home/airflow/.local/lib/python3.7/site-packages/airflow/example_dags/example_skip_dag.py
[2022-08-22 22:25:48,904] {processor.py:651} INFO - DAG(s) dict_keys(['example_skip_dag']) retrieved from /home/airflow/.local/lib/python3.7/site-packages/airflow/example_dags/example_skip_dag.py
[2022-08-22 22:25:48,928] {logging_mixin.py:115} INFO - [2022-08-22 22:25:48,928] {dag.py:2420} INFO - Sync 1 DAGs
[2022-08-22 22:25:48,950] {logging_mixin.py:115} INFO - [2022-08-22 22:25:48,949] {dag.py:2972} INFO - Setting next_dagrun for example_skip_dag to 2022-08-21T22:25:48.949764+00:00, run_after=2022-08-22T22:25:48.949764+00:00
[2022-08-22 22:25:48,961] {processor.py:161} INFO - Processing /home/airflow/.local/lib/python3.7/site-packages/airflow/example_dags/example_skip_dag.py took 0.063 seconds
[2022-08-22 22:26:19,526] {processor.py:153} INFO - Started process (PID=3824) to work on /home/airflow/.local/lib/python3.7/site-packages/airflow/example_dags/example_skip_dag.py
[2022-08-22 22:26:19,527] {processor.py:641} INFO - Processing file /home/airflow/.local/lib/python3.7/site-packages/airflow/example_dags/example_skip_dag.py for tasks to queue
[2022-08-22 22:26:19,528] {logging_mixin.py:115} INFO - [2022-08-22 22:26:19,528] {dagbag.py:508} INFO - Filling up the DagBag from /home/airflow/.local/lib/python3.7/site-packages/airflow/example_dags/example_skip_dag.py
[2022-08-22 22:26:19,535] {processor.py:651} INFO - DAG(s) dict_keys(['example_skip_dag']) retrieved from /home/airflow/.local/lib/python3.7/site-packages/airflow/example_dags/example_skip_dag.py
[2022-08-22 22:26:19,559] {logging_mixin.py:115} INFO - [2022-08-22 22:26:19,559] {dag.py:2420} INFO - Sync 1 DAGs
[2022-08-22 22:26:19,577] {logging_mixin.py:115} INFO - [2022-08-22 22:26:19,577] {dag.py:2972} INFO - Setting next_dagrun for example_skip_dag to 2022-08-21T22:26:19.577398+00:00, run_after=2022-08-22T22:26:19.577398+00:00
[2022-08-22 22:26:19,587] {processor.py:161} INFO - Processing /home/airflow/.local/lib/python3.7/site-packages/airflow/example_dags/example_skip_dag.py took 0.064 seconds
[2022-08-22 22:26:50,239] {processor.py:153} INFO - Started process (PID=3885) to work on /home/airflow/.local/lib/python3.7/site-packages/airflow/example_dags/example_skip_dag.py
[2022-08-22 22:26:50,239] {processor.py:641} INFO - Processing file /home/airflow/.local/lib/python3.7/site-packages/airflow/example_dags/example_skip_dag.py for tasks to queue
[2022-08-22 22:26:50,240] {logging_mixin.py:115} INFO - [2022-08-22 22:26:50,240] {dagbag.py:508} INFO - Filling up the DagBag from /home/airflow/.local/lib/python3.7/site-packages/airflow/example_dags/example_skip_dag.py
[2022-08-22 22:26:50,247] {processor.py:651} INFO - DAG(s) dict_keys(['example_skip_dag']) retrieved from /home/airflow/.local/lib/python3.7/site-packages/airflow/example_dags/example_skip_dag.py
[2022-08-22 22:26:50,272] {logging_mixin.py:115} INFO - [2022-08-22 22:26:50,272] {dag.py:2420} INFO - Sync 1 DAGs
[2022-08-22 22:26:50,291] {logging_mixin.py:115} INFO - [2022-08-22 22:26:50,291] {dag.py:2972} INFO - Setting next_dagrun for example_skip_dag to 2022-08-21T22:26:50.291046+00:00, run_after=2022-08-22T22:26:50.291046+00:00
[2022-08-22 22:26:50,301] {processor.py:161} INFO - Processing /home/airflow/.local/lib/python3.7/site-packages/airflow/example_dags/example_skip_dag.py took 0.067 seconds
[2022-08-22 22:27:21,051] {processor.py:153} INFO - Started process (PID=3946) to work on /home/airflow/.local/lib/python3.7/site-packages/airflow/example_dags/example_skip_dag.py
[2022-08-22 22:27:21,052] {processor.py:641} INFO - Processing file /home/airflow/.local/lib/python3.7/site-packages/airflow/example_dags/example_skip_dag.py for tasks to queue
[2022-08-22 22:27:21,053] {logging_mixin.py:115} INFO - [2022-08-22 22:27:21,053] {dagbag.py:508} INFO - Filling up the DagBag from /home/airflow/.local/lib/python3.7/site-packages/airflow/example_dags/example_skip_dag.py
[2022-08-22 22:27:21,062] {processor.py:651} INFO - DAG(s) dict_keys(['example_skip_dag']) retrieved from /home/airflow/.local/lib/python3.7/site-packages/airflow/example_dags/example_skip_dag.py
[2022-08-22 22:27:21,101] {logging_mixin.py:115} INFO - [2022-08-22 22:27:21,101] {dag.py:2420} INFO - Sync 1 DAGs
[2022-08-22 22:27:21,125] {logging_mixin.py:115} INFO - [2022-08-22 22:27:21,125] {dag.py:2972} INFO - Setting next_dagrun for example_skip_dag to 2022-08-21T22:27:21.124885+00:00, run_after=2022-08-22T22:27:21.124885+00:00
[2022-08-22 22:27:21,135] {processor.py:161} INFO - Processing /home/airflow/.local/lib/python3.7/site-packages/airflow/example_dags/example_skip_dag.py took 0.088 seconds
[2022-08-22 22:27:51,692] {processor.py:153} INFO - Started process (PID=3998) to work on /home/airflow/.local/lib/python3.7/site-packages/airflow/example_dags/example_skip_dag.py
[2022-08-22 22:27:51,692] {processor.py:641} INFO - Processing file /home/airflow/.local/lib/python3.7/site-packages/airflow/example_dags/example_skip_dag.py for tasks to queue
[2022-08-22 22:27:51,693] {logging_mixin.py:115} INFO - [2022-08-22 22:27:51,693] {dagbag.py:508} INFO - Filling up the DagBag from /home/airflow/.local/lib/python3.7/site-packages/airflow/example_dags/example_skip_dag.py
[2022-08-22 22:27:51,700] {processor.py:651} INFO - DAG(s) dict_keys(['example_skip_dag']) retrieved from /home/airflow/.local/lib/python3.7/site-packages/airflow/example_dags/example_skip_dag.py
[2022-08-22 22:27:51,723] {logging_mixin.py:115} INFO - [2022-08-22 22:27:51,723] {dag.py:2420} INFO - Sync 1 DAGs
[2022-08-22 22:27:51,742] {logging_mixin.py:115} INFO - [2022-08-22 22:27:51,742] {dag.py:2972} INFO - Setting next_dagrun for example_skip_dag to 2022-08-21T22:27:51.741871+00:00, run_after=2022-08-22T22:27:51.741871+00:00
[2022-08-22 22:27:51,753] {processor.py:161} INFO - Processing /home/airflow/.local/lib/python3.7/site-packages/airflow/example_dags/example_skip_dag.py took 0.064 seconds
[2022-08-22 22:28:22,348] {processor.py:153} INFO - Started process (PID=4059) to work on /home/airflow/.local/lib/python3.7/site-packages/airflow/example_dags/example_skip_dag.py
[2022-08-22 22:28:22,349] {processor.py:641} INFO - Processing file /home/airflow/.local/lib/python3.7/site-packages/airflow/example_dags/example_skip_dag.py for tasks to queue
[2022-08-22 22:28:22,349] {logging_mixin.py:115} INFO - [2022-08-22 22:28:22,349] {dagbag.py:508} INFO - Filling up the DagBag from /home/airflow/.local/lib/python3.7/site-packages/airflow/example_dags/example_skip_dag.py
[2022-08-22 22:28:22,353] {processor.py:651} INFO - DAG(s) dict_keys(['example_skip_dag']) retrieved from /home/airflow/.local/lib/python3.7/site-packages/airflow/example_dags/example_skip_dag.py
[2022-08-22 22:28:22,376] {logging_mixin.py:115} INFO - [2022-08-22 22:28:22,376] {dag.py:2420} INFO - Sync 1 DAGs
[2022-08-22 22:28:22,394] {logging_mixin.py:115} INFO - [2022-08-22 22:28:22,394] {dag.py:2972} INFO - Setting next_dagrun for example_skip_dag to 2022-08-21T22:28:22.394511+00:00, run_after=2022-08-22T22:28:22.394511+00:00
[2022-08-22 22:28:22,404] {processor.py:161} INFO - Processing /home/airflow/.local/lib/python3.7/site-packages/airflow/example_dags/example_skip_dag.py took 0.057 seconds
