[2022-08-22 21:53:34,775] {processor.py:153} INFO - Started process (PID=83) to work on /home/airflow/.local/lib/python3.7/site-packages/airflow/example_dags/example_nested_branch_dag.py
[2022-08-22 21:53:34,775] {processor.py:641} INFO - Processing file /home/airflow/.local/lib/python3.7/site-packages/airflow/example_dags/example_nested_branch_dag.py for tasks to queue
[2022-08-22 21:53:34,776] {logging_mixin.py:115} INFO - [2022-08-22 21:53:34,776] {dagbag.py:508} INFO - Filling up the DagBag from /home/airflow/.local/lib/python3.7/site-packages/airflow/example_dags/example_nested_branch_dag.py
[2022-08-22 21:53:34,787] {processor.py:651} INFO - DAG(s) dict_keys(['example_nested_branch_dag']) retrieved from /home/airflow/.local/lib/python3.7/site-packages/airflow/example_dags/example_nested_branch_dag.py
[2022-08-22 21:53:34,881] {logging_mixin.py:115} INFO - [2022-08-22 21:53:34,881] {manager.py:508} INFO - Created Permission View: can edit on DAG:example_nested_branch_dag
[2022-08-22 21:53:34,897] {logging_mixin.py:115} INFO - [2022-08-22 21:53:34,897] {manager.py:508} INFO - Created Permission View: can read on DAG:example_nested_branch_dag
[2022-08-22 21:53:34,911] {logging_mixin.py:115} INFO - [2022-08-22 21:53:34,911] {manager.py:508} INFO - Created Permission View: can delete on DAG:example_nested_branch_dag
[2022-08-22 21:53:34,911] {logging_mixin.py:115} INFO - [2022-08-22 21:53:34,911] {dag.py:2420} INFO - Sync 1 DAGs
[2022-08-22 21:53:34,927] {logging_mixin.py:115} INFO - [2022-08-22 21:53:34,927] {dag.py:2439} INFO - Creating ORM DAG for example_nested_branch_dag
[2022-08-22 21:53:34,943] {logging_mixin.py:115} INFO - [2022-08-22 21:53:34,943] {dag.py:2972} INFO - Setting next_dagrun for example_nested_branch_dag to 2022-08-21T00:00:00+00:00, run_after=2022-08-22T00:00:00+00:00
[2022-08-22 21:53:34,959] {processor.py:161} INFO - Processing /home/airflow/.local/lib/python3.7/site-packages/airflow/example_dags/example_nested_branch_dag.py took 0.188 seconds
[2022-08-22 21:54:05,250] {processor.py:153} INFO - Started process (PID=142) to work on /home/airflow/.local/lib/python3.7/site-packages/airflow/example_dags/example_nested_branch_dag.py
[2022-08-22 21:54:05,250] {processor.py:641} INFO - Processing file /home/airflow/.local/lib/python3.7/site-packages/airflow/example_dags/example_nested_branch_dag.py for tasks to queue
[2022-08-22 21:54:05,251] {logging_mixin.py:115} INFO - [2022-08-22 21:54:05,251] {dagbag.py:508} INFO - Filling up the DagBag from /home/airflow/.local/lib/python3.7/site-packages/airflow/example_dags/example_nested_branch_dag.py
[2022-08-22 21:54:05,269] {processor.py:651} INFO - DAG(s) dict_keys(['example_nested_branch_dag']) retrieved from /home/airflow/.local/lib/python3.7/site-packages/airflow/example_dags/example_nested_branch_dag.py
[2022-08-22 21:54:05,297] {logging_mixin.py:115} INFO - [2022-08-22 21:54:05,297] {dag.py:2420} INFO - Sync 1 DAGs
[2022-08-22 21:54:05,319] {logging_mixin.py:115} INFO - [2022-08-22 21:54:05,319] {dag.py:2972} INFO - Setting next_dagrun for example_nested_branch_dag to 2022-08-21T00:00:00+00:00, run_after=2022-08-22T00:00:00+00:00
[2022-08-22 21:54:05,333] {processor.py:161} INFO - Processing /home/airflow/.local/lib/python3.7/site-packages/airflow/example_dags/example_nested_branch_dag.py took 0.086 seconds
[2022-08-22 21:54:35,989] {processor.py:153} INFO - Started process (PID=196) to work on /home/airflow/.local/lib/python3.7/site-packages/airflow/example_dags/example_nested_branch_dag.py
[2022-08-22 21:54:35,990] {processor.py:641} INFO - Processing file /home/airflow/.local/lib/python3.7/site-packages/airflow/example_dags/example_nested_branch_dag.py for tasks to queue
[2022-08-22 21:54:35,990] {logging_mixin.py:115} INFO - [2022-08-22 21:54:35,990] {dagbag.py:508} INFO - Filling up the DagBag from /home/airflow/.local/lib/python3.7/site-packages/airflow/example_dags/example_nested_branch_dag.py
[2022-08-22 21:54:35,999] {processor.py:651} INFO - DAG(s) dict_keys(['example_nested_branch_dag']) retrieved from /home/airflow/.local/lib/python3.7/site-packages/airflow/example_dags/example_nested_branch_dag.py
[2022-08-22 21:54:36,020] {logging_mixin.py:115} INFO - [2022-08-22 21:54:36,020] {dag.py:2420} INFO - Sync 1 DAGs
[2022-08-22 21:54:36,039] {logging_mixin.py:115} INFO - [2022-08-22 21:54:36,039] {dag.py:2972} INFO - Setting next_dagrun for example_nested_branch_dag to 2022-08-21T00:00:00+00:00, run_after=2022-08-22T00:00:00+00:00
[2022-08-22 21:54:36,051] {processor.py:161} INFO - Processing /home/airflow/.local/lib/python3.7/site-packages/airflow/example_dags/example_nested_branch_dag.py took 0.064 seconds
[2022-08-22 21:55:06,885] {processor.py:153} INFO - Started process (PID=257) to work on /home/airflow/.local/lib/python3.7/site-packages/airflow/example_dags/example_nested_branch_dag.py
[2022-08-22 21:55:06,885] {processor.py:641} INFO - Processing file /home/airflow/.local/lib/python3.7/site-packages/airflow/example_dags/example_nested_branch_dag.py for tasks to queue
[2022-08-22 21:55:06,886] {logging_mixin.py:115} INFO - [2022-08-22 21:55:06,886] {dagbag.py:508} INFO - Filling up the DagBag from /home/airflow/.local/lib/python3.7/site-packages/airflow/example_dags/example_nested_branch_dag.py
[2022-08-22 21:55:06,894] {processor.py:651} INFO - DAG(s) dict_keys(['example_nested_branch_dag']) retrieved from /home/airflow/.local/lib/python3.7/site-packages/airflow/example_dags/example_nested_branch_dag.py
[2022-08-22 21:55:06,916] {logging_mixin.py:115} INFO - [2022-08-22 21:55:06,915] {dag.py:2420} INFO - Sync 1 DAGs
[2022-08-22 21:55:06,936] {logging_mixin.py:115} INFO - [2022-08-22 21:55:06,936] {dag.py:2972} INFO - Setting next_dagrun for example_nested_branch_dag to 2022-08-21T00:00:00+00:00, run_after=2022-08-22T00:00:00+00:00
[2022-08-22 21:55:06,949] {processor.py:161} INFO - Processing /home/airflow/.local/lib/python3.7/site-packages/airflow/example_dags/example_nested_branch_dag.py took 0.066 seconds
[2022-08-22 21:55:37,769] {processor.py:153} INFO - Started process (PID=319) to work on /home/airflow/.local/lib/python3.7/site-packages/airflow/example_dags/example_nested_branch_dag.py
[2022-08-22 21:55:37,769] {processor.py:641} INFO - Processing file /home/airflow/.local/lib/python3.7/site-packages/airflow/example_dags/example_nested_branch_dag.py for tasks to queue
[2022-08-22 21:55:37,770] {logging_mixin.py:115} INFO - [2022-08-22 21:55:37,770] {dagbag.py:508} INFO - Filling up the DagBag from /home/airflow/.local/lib/python3.7/site-packages/airflow/example_dags/example_nested_branch_dag.py
[2022-08-22 21:55:37,778] {processor.py:651} INFO - DAG(s) dict_keys(['example_nested_branch_dag']) retrieved from /home/airflow/.local/lib/python3.7/site-packages/airflow/example_dags/example_nested_branch_dag.py
[2022-08-22 21:55:37,803] {logging_mixin.py:115} INFO - [2022-08-22 21:55:37,802] {dag.py:2420} INFO - Sync 1 DAGs
[2022-08-22 21:55:37,825] {logging_mixin.py:115} INFO - [2022-08-22 21:55:37,825] {dag.py:2972} INFO - Setting next_dagrun for example_nested_branch_dag to 2022-08-21T00:00:00+00:00, run_after=2022-08-22T00:00:00+00:00
[2022-08-22 21:55:37,836] {processor.py:161} INFO - Processing /home/airflow/.local/lib/python3.7/site-packages/airflow/example_dags/example_nested_branch_dag.py took 0.069 seconds
[2022-08-22 21:56:08,480] {processor.py:153} INFO - Started process (PID=371) to work on /home/airflow/.local/lib/python3.7/site-packages/airflow/example_dags/example_nested_branch_dag.py
[2022-08-22 21:56:08,481] {processor.py:641} INFO - Processing file /home/airflow/.local/lib/python3.7/site-packages/airflow/example_dags/example_nested_branch_dag.py for tasks to queue
[2022-08-22 21:56:08,481] {logging_mixin.py:115} INFO - [2022-08-22 21:56:08,481] {dagbag.py:508} INFO - Filling up the DagBag from /home/airflow/.local/lib/python3.7/site-packages/airflow/example_dags/example_nested_branch_dag.py
[2022-08-22 21:56:08,489] {processor.py:651} INFO - DAG(s) dict_keys(['example_nested_branch_dag']) retrieved from /home/airflow/.local/lib/python3.7/site-packages/airflow/example_dags/example_nested_branch_dag.py
[2022-08-22 21:56:08,513] {logging_mixin.py:115} INFO - [2022-08-22 21:56:08,513] {dag.py:2420} INFO - Sync 1 DAGs
[2022-08-22 21:56:08,534] {logging_mixin.py:115} INFO - [2022-08-22 21:56:08,534] {dag.py:2972} INFO - Setting next_dagrun for example_nested_branch_dag to 2022-08-21T00:00:00+00:00, run_after=2022-08-22T00:00:00+00:00
[2022-08-22 21:56:08,546] {processor.py:161} INFO - Processing /home/airflow/.local/lib/python3.7/site-packages/airflow/example_dags/example_nested_branch_dag.py took 0.069 seconds
[2022-08-22 21:56:39,262] {processor.py:153} INFO - Started process (PID=432) to work on /home/airflow/.local/lib/python3.7/site-packages/airflow/example_dags/example_nested_branch_dag.py
[2022-08-22 21:56:39,263] {processor.py:641} INFO - Processing file /home/airflow/.local/lib/python3.7/site-packages/airflow/example_dags/example_nested_branch_dag.py for tasks to queue
[2022-08-22 21:56:39,263] {logging_mixin.py:115} INFO - [2022-08-22 21:56:39,263] {dagbag.py:508} INFO - Filling up the DagBag from /home/airflow/.local/lib/python3.7/site-packages/airflow/example_dags/example_nested_branch_dag.py
[2022-08-22 21:56:39,272] {processor.py:651} INFO - DAG(s) dict_keys(['example_nested_branch_dag']) retrieved from /home/airflow/.local/lib/python3.7/site-packages/airflow/example_dags/example_nested_branch_dag.py
[2022-08-22 21:56:39,295] {logging_mixin.py:115} INFO - [2022-08-22 21:56:39,295] {dag.py:2420} INFO - Sync 1 DAGs
[2022-08-22 21:56:39,317] {logging_mixin.py:115} INFO - [2022-08-22 21:56:39,317] {dag.py:2972} INFO - Setting next_dagrun for example_nested_branch_dag to 2022-08-21T00:00:00+00:00, run_after=2022-08-22T00:00:00+00:00
[2022-08-22 21:56:39,330] {processor.py:161} INFO - Processing /home/airflow/.local/lib/python3.7/site-packages/airflow/example_dags/example_nested_branch_dag.py took 0.070 seconds
[2022-08-22 21:57:10,201] {processor.py:153} INFO - Started process (PID=493) to work on /home/airflow/.local/lib/python3.7/site-packages/airflow/example_dags/example_nested_branch_dag.py
[2022-08-22 21:57:10,202] {processor.py:641} INFO - Processing file /home/airflow/.local/lib/python3.7/site-packages/airflow/example_dags/example_nested_branch_dag.py for tasks to queue
[2022-08-22 21:57:10,202] {logging_mixin.py:115} INFO - [2022-08-22 21:57:10,202] {dagbag.py:508} INFO - Filling up the DagBag from /home/airflow/.local/lib/python3.7/site-packages/airflow/example_dags/example_nested_branch_dag.py
[2022-08-22 21:57:10,210] {processor.py:651} INFO - DAG(s) dict_keys(['example_nested_branch_dag']) retrieved from /home/airflow/.local/lib/python3.7/site-packages/airflow/example_dags/example_nested_branch_dag.py
[2022-08-22 21:57:10,233] {logging_mixin.py:115} INFO - [2022-08-22 21:57:10,233] {dag.py:2420} INFO - Sync 1 DAGs
[2022-08-22 21:57:10,254] {logging_mixin.py:115} INFO - [2022-08-22 21:57:10,254] {dag.py:2972} INFO - Setting next_dagrun for example_nested_branch_dag to 2022-08-21T00:00:00+00:00, run_after=2022-08-22T00:00:00+00:00
[2022-08-22 21:57:10,265] {processor.py:161} INFO - Processing /home/airflow/.local/lib/python3.7/site-packages/airflow/example_dags/example_nested_branch_dag.py took 0.067 seconds
[2022-08-22 21:57:41,001] {processor.py:153} INFO - Started process (PID=545) to work on /home/airflow/.local/lib/python3.7/site-packages/airflow/example_dags/example_nested_branch_dag.py
[2022-08-22 21:57:41,002] {processor.py:641} INFO - Processing file /home/airflow/.local/lib/python3.7/site-packages/airflow/example_dags/example_nested_branch_dag.py for tasks to queue
[2022-08-22 21:57:41,002] {logging_mixin.py:115} INFO - [2022-08-22 21:57:41,002] {dagbag.py:508} INFO - Filling up the DagBag from /home/airflow/.local/lib/python3.7/site-packages/airflow/example_dags/example_nested_branch_dag.py
[2022-08-22 21:57:41,012] {processor.py:651} INFO - DAG(s) dict_keys(['example_nested_branch_dag']) retrieved from /home/airflow/.local/lib/python3.7/site-packages/airflow/example_dags/example_nested_branch_dag.py
[2022-08-22 21:57:41,034] {logging_mixin.py:115} INFO - [2022-08-22 21:57:41,034] {dag.py:2420} INFO - Sync 1 DAGs
[2022-08-22 21:57:41,057] {logging_mixin.py:115} INFO - [2022-08-22 21:57:41,057] {dag.py:2972} INFO - Setting next_dagrun for example_nested_branch_dag to 2022-08-21T00:00:00+00:00, run_after=2022-08-22T00:00:00+00:00
[2022-08-22 21:57:41,067] {processor.py:161} INFO - Processing /home/airflow/.local/lib/python3.7/site-packages/airflow/example_dags/example_nested_branch_dag.py took 0.068 seconds
[2022-08-22 21:58:11,844] {processor.py:153} INFO - Started process (PID=606) to work on /home/airflow/.local/lib/python3.7/site-packages/airflow/example_dags/example_nested_branch_dag.py
[2022-08-22 21:58:11,844] {processor.py:641} INFO - Processing file /home/airflow/.local/lib/python3.7/site-packages/airflow/example_dags/example_nested_branch_dag.py for tasks to queue
[2022-08-22 21:58:11,845] {logging_mixin.py:115} INFO - [2022-08-22 21:58:11,845] {dagbag.py:508} INFO - Filling up the DagBag from /home/airflow/.local/lib/python3.7/site-packages/airflow/example_dags/example_nested_branch_dag.py
[2022-08-22 21:58:11,854] {processor.py:651} INFO - DAG(s) dict_keys(['example_nested_branch_dag']) retrieved from /home/airflow/.local/lib/python3.7/site-packages/airflow/example_dags/example_nested_branch_dag.py
[2022-08-22 21:58:11,877] {logging_mixin.py:115} INFO - [2022-08-22 21:58:11,877] {dag.py:2420} INFO - Sync 1 DAGs
[2022-08-22 21:58:11,901] {logging_mixin.py:115} INFO - [2022-08-22 21:58:11,901] {dag.py:2972} INFO - Setting next_dagrun for example_nested_branch_dag to 2022-08-21T00:00:00+00:00, run_after=2022-08-22T00:00:00+00:00
[2022-08-22 21:58:11,913] {processor.py:161} INFO - Processing /home/airflow/.local/lib/python3.7/site-packages/airflow/example_dags/example_nested_branch_dag.py took 0.072 seconds
[2022-08-22 21:58:42,631] {processor.py:153} INFO - Started process (PID=667) to work on /home/airflow/.local/lib/python3.7/site-packages/airflow/example_dags/example_nested_branch_dag.py
[2022-08-22 21:58:42,632] {processor.py:641} INFO - Processing file /home/airflow/.local/lib/python3.7/site-packages/airflow/example_dags/example_nested_branch_dag.py for tasks to queue
[2022-08-22 21:58:42,633] {logging_mixin.py:115} INFO - [2022-08-22 21:58:42,633] {dagbag.py:508} INFO - Filling up the DagBag from /home/airflow/.local/lib/python3.7/site-packages/airflow/example_dags/example_nested_branch_dag.py
[2022-08-22 21:58:42,644] {processor.py:651} INFO - DAG(s) dict_keys(['example_nested_branch_dag']) retrieved from /home/airflow/.local/lib/python3.7/site-packages/airflow/example_dags/example_nested_branch_dag.py
[2022-08-22 21:58:42,666] {logging_mixin.py:115} INFO - [2022-08-22 21:58:42,666] {dag.py:2420} INFO - Sync 1 DAGs
[2022-08-22 21:58:42,687] {logging_mixin.py:115} INFO - [2022-08-22 21:58:42,687] {dag.py:2972} INFO - Setting next_dagrun for example_nested_branch_dag to 2022-08-21T00:00:00+00:00, run_after=2022-08-22T00:00:00+00:00
[2022-08-22 21:58:42,697] {processor.py:161} INFO - Processing /home/airflow/.local/lib/python3.7/site-packages/airflow/example_dags/example_nested_branch_dag.py took 0.069 seconds
[2022-08-22 21:59:13,505] {processor.py:153} INFO - Started process (PID=728) to work on /home/airflow/.local/lib/python3.7/site-packages/airflow/example_dags/example_nested_branch_dag.py
[2022-08-22 21:59:13,506] {processor.py:641} INFO - Processing file /home/airflow/.local/lib/python3.7/site-packages/airflow/example_dags/example_nested_branch_dag.py for tasks to queue
[2022-08-22 21:59:13,507] {logging_mixin.py:115} INFO - [2022-08-22 21:59:13,507] {dagbag.py:508} INFO - Filling up the DagBag from /home/airflow/.local/lib/python3.7/site-packages/airflow/example_dags/example_nested_branch_dag.py
[2022-08-22 21:59:13,521] {processor.py:651} INFO - DAG(s) dict_keys(['example_nested_branch_dag']) retrieved from /home/airflow/.local/lib/python3.7/site-packages/airflow/example_dags/example_nested_branch_dag.py
[2022-08-22 21:59:13,552] {logging_mixin.py:115} INFO - [2022-08-22 21:59:13,552] {dag.py:2420} INFO - Sync 1 DAGs
[2022-08-22 21:59:13,581] {logging_mixin.py:115} INFO - [2022-08-22 21:59:13,581] {dag.py:2972} INFO - Setting next_dagrun for example_nested_branch_dag to 2022-08-21T00:00:00+00:00, run_after=2022-08-22T00:00:00+00:00
[2022-08-22 21:59:13,595] {processor.py:161} INFO - Processing /home/airflow/.local/lib/python3.7/site-packages/airflow/example_dags/example_nested_branch_dag.py took 0.094 seconds
[2022-08-22 21:59:44,269] {processor.py:153} INFO - Started process (PID=780) to work on /home/airflow/.local/lib/python3.7/site-packages/airflow/example_dags/example_nested_branch_dag.py
[2022-08-22 21:59:44,269] {processor.py:641} INFO - Processing file /home/airflow/.local/lib/python3.7/site-packages/airflow/example_dags/example_nested_branch_dag.py for tasks to queue
[2022-08-22 21:59:44,270] {logging_mixin.py:115} INFO - [2022-08-22 21:59:44,269] {dagbag.py:508} INFO - Filling up the DagBag from /home/airflow/.local/lib/python3.7/site-packages/airflow/example_dags/example_nested_branch_dag.py
[2022-08-22 21:59:44,280] {processor.py:651} INFO - DAG(s) dict_keys(['example_nested_branch_dag']) retrieved from /home/airflow/.local/lib/python3.7/site-packages/airflow/example_dags/example_nested_branch_dag.py
[2022-08-22 21:59:44,302] {logging_mixin.py:115} INFO - [2022-08-22 21:59:44,302] {dag.py:2420} INFO - Sync 1 DAGs
[2022-08-22 21:59:44,323] {logging_mixin.py:115} INFO - [2022-08-22 21:59:44,323] {dag.py:2972} INFO - Setting next_dagrun for example_nested_branch_dag to 2022-08-21T00:00:00+00:00, run_after=2022-08-22T00:00:00+00:00
[2022-08-22 21:59:44,334] {processor.py:161} INFO - Processing /home/airflow/.local/lib/python3.7/site-packages/airflow/example_dags/example_nested_branch_dag.py took 0.068 seconds
[2022-08-22 22:00:15,016] {processor.py:153} INFO - Started process (PID=841) to work on /home/airflow/.local/lib/python3.7/site-packages/airflow/example_dags/example_nested_branch_dag.py
[2022-08-22 22:00:15,016] {processor.py:641} INFO - Processing file /home/airflow/.local/lib/python3.7/site-packages/airflow/example_dags/example_nested_branch_dag.py for tasks to queue
[2022-08-22 22:00:15,017] {logging_mixin.py:115} INFO - [2022-08-22 22:00:15,017] {dagbag.py:508} INFO - Filling up the DagBag from /home/airflow/.local/lib/python3.7/site-packages/airflow/example_dags/example_nested_branch_dag.py
[2022-08-22 22:00:15,025] {processor.py:651} INFO - DAG(s) dict_keys(['example_nested_branch_dag']) retrieved from /home/airflow/.local/lib/python3.7/site-packages/airflow/example_dags/example_nested_branch_dag.py
[2022-08-22 22:00:15,050] {logging_mixin.py:115} INFO - [2022-08-22 22:00:15,050] {dag.py:2420} INFO - Sync 1 DAGs
[2022-08-22 22:00:15,072] {logging_mixin.py:115} INFO - [2022-08-22 22:00:15,072] {dag.py:2972} INFO - Setting next_dagrun for example_nested_branch_dag to 2022-08-21T00:00:00+00:00, run_after=2022-08-22T00:00:00+00:00
[2022-08-22 22:00:15,086] {processor.py:161} INFO - Processing /home/airflow/.local/lib/python3.7/site-packages/airflow/example_dags/example_nested_branch_dag.py took 0.072 seconds
[2022-08-22 22:00:45,829] {processor.py:153} INFO - Started process (PID=902) to work on /home/airflow/.local/lib/python3.7/site-packages/airflow/example_dags/example_nested_branch_dag.py
[2022-08-22 22:00:45,830] {processor.py:641} INFO - Processing file /home/airflow/.local/lib/python3.7/site-packages/airflow/example_dags/example_nested_branch_dag.py for tasks to queue
[2022-08-22 22:00:45,830] {logging_mixin.py:115} INFO - [2022-08-22 22:00:45,830] {dagbag.py:508} INFO - Filling up the DagBag from /home/airflow/.local/lib/python3.7/site-packages/airflow/example_dags/example_nested_branch_dag.py
[2022-08-22 22:00:45,839] {processor.py:651} INFO - DAG(s) dict_keys(['example_nested_branch_dag']) retrieved from /home/airflow/.local/lib/python3.7/site-packages/airflow/example_dags/example_nested_branch_dag.py
[2022-08-22 22:00:45,862] {logging_mixin.py:115} INFO - [2022-08-22 22:00:45,862] {dag.py:2420} INFO - Sync 1 DAGs
[2022-08-22 22:00:45,883] {logging_mixin.py:115} INFO - [2022-08-22 22:00:45,883] {dag.py:2972} INFO - Setting next_dagrun for example_nested_branch_dag to 2022-08-21T00:00:00+00:00, run_after=2022-08-22T00:00:00+00:00
[2022-08-22 22:00:45,895] {processor.py:161} INFO - Processing /home/airflow/.local/lib/python3.7/site-packages/airflow/example_dags/example_nested_branch_dag.py took 0.069 seconds
[2022-08-22 22:01:16,696] {processor.py:153} INFO - Started process (PID=954) to work on /home/airflow/.local/lib/python3.7/site-packages/airflow/example_dags/example_nested_branch_dag.py
[2022-08-22 22:01:16,696] {processor.py:641} INFO - Processing file /home/airflow/.local/lib/python3.7/site-packages/airflow/example_dags/example_nested_branch_dag.py for tasks to queue
[2022-08-22 22:01:16,697] {logging_mixin.py:115} INFO - [2022-08-22 22:01:16,697] {dagbag.py:508} INFO - Filling up the DagBag from /home/airflow/.local/lib/python3.7/site-packages/airflow/example_dags/example_nested_branch_dag.py
[2022-08-22 22:01:16,706] {processor.py:651} INFO - DAG(s) dict_keys(['example_nested_branch_dag']) retrieved from /home/airflow/.local/lib/python3.7/site-packages/airflow/example_dags/example_nested_branch_dag.py
[2022-08-22 22:01:16,732] {logging_mixin.py:115} INFO - [2022-08-22 22:01:16,732] {dag.py:2420} INFO - Sync 1 DAGs
[2022-08-22 22:01:16,753] {logging_mixin.py:115} INFO - [2022-08-22 22:01:16,753] {dag.py:2972} INFO - Setting next_dagrun for example_nested_branch_dag to 2022-08-21T00:00:00+00:00, run_after=2022-08-22T00:00:00+00:00
[2022-08-22 22:01:16,765] {processor.py:161} INFO - Processing /home/airflow/.local/lib/python3.7/site-packages/airflow/example_dags/example_nested_branch_dag.py took 0.073 seconds
[2022-08-22 22:01:47,620] {processor.py:153} INFO - Started process (PID=1015) to work on /home/airflow/.local/lib/python3.7/site-packages/airflow/example_dags/example_nested_branch_dag.py
[2022-08-22 22:01:47,621] {processor.py:641} INFO - Processing file /home/airflow/.local/lib/python3.7/site-packages/airflow/example_dags/example_nested_branch_dag.py for tasks to queue
[2022-08-22 22:01:47,621] {logging_mixin.py:115} INFO - [2022-08-22 22:01:47,621] {dagbag.py:508} INFO - Filling up the DagBag from /home/airflow/.local/lib/python3.7/site-packages/airflow/example_dags/example_nested_branch_dag.py
[2022-08-22 22:01:47,632] {processor.py:651} INFO - DAG(s) dict_keys(['example_nested_branch_dag']) retrieved from /home/airflow/.local/lib/python3.7/site-packages/airflow/example_dags/example_nested_branch_dag.py
[2022-08-22 22:01:47,657] {logging_mixin.py:115} INFO - [2022-08-22 22:01:47,657] {dag.py:2420} INFO - Sync 1 DAGs
[2022-08-22 22:01:47,680] {logging_mixin.py:115} INFO - [2022-08-22 22:01:47,680] {dag.py:2972} INFO - Setting next_dagrun for example_nested_branch_dag to 2022-08-21T00:00:00+00:00, run_after=2022-08-22T00:00:00+00:00
[2022-08-22 22:01:47,695] {processor.py:161} INFO - Processing /home/airflow/.local/lib/python3.7/site-packages/airflow/example_dags/example_nested_branch_dag.py took 0.077 seconds
[2022-08-22 22:02:18,437] {processor.py:153} INFO - Started process (PID=1076) to work on /home/airflow/.local/lib/python3.7/site-packages/airflow/example_dags/example_nested_branch_dag.py
[2022-08-22 22:02:18,438] {processor.py:641} INFO - Processing file /home/airflow/.local/lib/python3.7/site-packages/airflow/example_dags/example_nested_branch_dag.py for tasks to queue
[2022-08-22 22:02:18,438] {logging_mixin.py:115} INFO - [2022-08-22 22:02:18,438] {dagbag.py:508} INFO - Filling up the DagBag from /home/airflow/.local/lib/python3.7/site-packages/airflow/example_dags/example_nested_branch_dag.py
[2022-08-22 22:02:18,454] {processor.py:651} INFO - DAG(s) dict_keys(['example_nested_branch_dag']) retrieved from /home/airflow/.local/lib/python3.7/site-packages/airflow/example_dags/example_nested_branch_dag.py
[2022-08-22 22:02:18,480] {logging_mixin.py:115} INFO - [2022-08-22 22:02:18,480] {dag.py:2420} INFO - Sync 1 DAGs
[2022-08-22 22:02:18,502] {logging_mixin.py:115} INFO - [2022-08-22 22:02:18,502] {dag.py:2972} INFO - Setting next_dagrun for example_nested_branch_dag to 2022-08-21T00:00:00+00:00, run_after=2022-08-22T00:00:00+00:00
[2022-08-22 22:02:18,513] {processor.py:161} INFO - Processing /home/airflow/.local/lib/python3.7/site-packages/airflow/example_dags/example_nested_branch_dag.py took 0.080 seconds
[2022-08-22 22:02:49,305] {processor.py:153} INFO - Started process (PID=1137) to work on /home/airflow/.local/lib/python3.7/site-packages/airflow/example_dags/example_nested_branch_dag.py
[2022-08-22 22:02:49,305] {processor.py:641} INFO - Processing file /home/airflow/.local/lib/python3.7/site-packages/airflow/example_dags/example_nested_branch_dag.py for tasks to queue
[2022-08-22 22:02:49,306] {logging_mixin.py:115} INFO - [2022-08-22 22:02:49,306] {dagbag.py:508} INFO - Filling up the DagBag from /home/airflow/.local/lib/python3.7/site-packages/airflow/example_dags/example_nested_branch_dag.py
[2022-08-22 22:02:49,318] {processor.py:651} INFO - DAG(s) dict_keys(['example_nested_branch_dag']) retrieved from /home/airflow/.local/lib/python3.7/site-packages/airflow/example_dags/example_nested_branch_dag.py
[2022-08-22 22:02:49,368] {logging_mixin.py:115} INFO - [2022-08-22 22:02:49,368] {dag.py:2420} INFO - Sync 1 DAGs
[2022-08-22 22:02:49,393] {logging_mixin.py:115} INFO - [2022-08-22 22:02:49,393] {dag.py:2972} INFO - Setting next_dagrun for example_nested_branch_dag to 2022-08-21T00:00:00+00:00, run_after=2022-08-22T00:00:00+00:00
[2022-08-22 22:02:49,406] {processor.py:161} INFO - Processing /home/airflow/.local/lib/python3.7/site-packages/airflow/example_dags/example_nested_branch_dag.py took 0.107 seconds
[2022-08-22 22:03:20,250] {processor.py:153} INFO - Started process (PID=1189) to work on /home/airflow/.local/lib/python3.7/site-packages/airflow/example_dags/example_nested_branch_dag.py
[2022-08-22 22:03:20,251] {processor.py:641} INFO - Processing file /home/airflow/.local/lib/python3.7/site-packages/airflow/example_dags/example_nested_branch_dag.py for tasks to queue
[2022-08-22 22:03:20,251] {logging_mixin.py:115} INFO - [2022-08-22 22:03:20,251] {dagbag.py:508} INFO - Filling up the DagBag from /home/airflow/.local/lib/python3.7/site-packages/airflow/example_dags/example_nested_branch_dag.py
[2022-08-22 22:03:20,260] {processor.py:651} INFO - DAG(s) dict_keys(['example_nested_branch_dag']) retrieved from /home/airflow/.local/lib/python3.7/site-packages/airflow/example_dags/example_nested_branch_dag.py
[2022-08-22 22:03:20,284] {logging_mixin.py:115} INFO - [2022-08-22 22:03:20,283] {dag.py:2420} INFO - Sync 1 DAGs
[2022-08-22 22:03:20,307] {logging_mixin.py:115} INFO - [2022-08-22 22:03:20,306] {dag.py:2972} INFO - Setting next_dagrun for example_nested_branch_dag to 2022-08-21T00:00:00+00:00, run_after=2022-08-22T00:00:00+00:00
[2022-08-22 22:03:20,319] {processor.py:161} INFO - Processing /home/airflow/.local/lib/python3.7/site-packages/airflow/example_dags/example_nested_branch_dag.py took 0.072 seconds
[2022-08-22 22:03:51,092] {processor.py:153} INFO - Started process (PID=1250) to work on /home/airflow/.local/lib/python3.7/site-packages/airflow/example_dags/example_nested_branch_dag.py
[2022-08-22 22:03:51,093] {processor.py:641} INFO - Processing file /home/airflow/.local/lib/python3.7/site-packages/airflow/example_dags/example_nested_branch_dag.py for tasks to queue
[2022-08-22 22:03:51,093] {logging_mixin.py:115} INFO - [2022-08-22 22:03:51,093] {dagbag.py:508} INFO - Filling up the DagBag from /home/airflow/.local/lib/python3.7/site-packages/airflow/example_dags/example_nested_branch_dag.py
[2022-08-22 22:03:51,102] {processor.py:651} INFO - DAG(s) dict_keys(['example_nested_branch_dag']) retrieved from /home/airflow/.local/lib/python3.7/site-packages/airflow/example_dags/example_nested_branch_dag.py
[2022-08-22 22:03:51,125] {logging_mixin.py:115} INFO - [2022-08-22 22:03:51,125] {dag.py:2420} INFO - Sync 1 DAGs
[2022-08-22 22:03:51,145] {logging_mixin.py:115} INFO - [2022-08-22 22:03:51,145] {dag.py:2972} INFO - Setting next_dagrun for example_nested_branch_dag to 2022-08-21T00:00:00+00:00, run_after=2022-08-22T00:00:00+00:00
[2022-08-22 22:03:51,154] {processor.py:161} INFO - Processing /home/airflow/.local/lib/python3.7/site-packages/airflow/example_dags/example_nested_branch_dag.py took 0.064 seconds
[2022-08-22 22:04:21,663] {processor.py:153} INFO - Started process (PID=1311) to work on /home/airflow/.local/lib/python3.7/site-packages/airflow/example_dags/example_nested_branch_dag.py
[2022-08-22 22:04:21,664] {processor.py:641} INFO - Processing file /home/airflow/.local/lib/python3.7/site-packages/airflow/example_dags/example_nested_branch_dag.py for tasks to queue
[2022-08-22 22:04:21,664] {logging_mixin.py:115} INFO - [2022-08-22 22:04:21,664] {dagbag.py:508} INFO - Filling up the DagBag from /home/airflow/.local/lib/python3.7/site-packages/airflow/example_dags/example_nested_branch_dag.py
[2022-08-22 22:04:21,672] {processor.py:651} INFO - DAG(s) dict_keys(['example_nested_branch_dag']) retrieved from /home/airflow/.local/lib/python3.7/site-packages/airflow/example_dags/example_nested_branch_dag.py
[2022-08-22 22:04:21,692] {logging_mixin.py:115} INFO - [2022-08-22 22:04:21,692] {dag.py:2420} INFO - Sync 1 DAGs
[2022-08-22 22:04:21,712] {logging_mixin.py:115} INFO - [2022-08-22 22:04:21,712] {dag.py:2972} INFO - Setting next_dagrun for example_nested_branch_dag to 2022-08-21T00:00:00+00:00, run_after=2022-08-22T00:00:00+00:00
[2022-08-22 22:04:21,722] {processor.py:161} INFO - Processing /home/airflow/.local/lib/python3.7/site-packages/airflow/example_dags/example_nested_branch_dag.py took 0.061 seconds
[2022-08-22 22:04:52,184] {processor.py:153} INFO - Started process (PID=1363) to work on /home/airflow/.local/lib/python3.7/site-packages/airflow/example_dags/example_nested_branch_dag.py
[2022-08-22 22:04:52,185] {processor.py:641} INFO - Processing file /home/airflow/.local/lib/python3.7/site-packages/airflow/example_dags/example_nested_branch_dag.py for tasks to queue
[2022-08-22 22:04:52,185] {logging_mixin.py:115} INFO - [2022-08-22 22:04:52,185] {dagbag.py:508} INFO - Filling up the DagBag from /home/airflow/.local/lib/python3.7/site-packages/airflow/example_dags/example_nested_branch_dag.py
[2022-08-22 22:04:52,201] {processor.py:651} INFO - DAG(s) dict_keys(['example_nested_branch_dag']) retrieved from /home/airflow/.local/lib/python3.7/site-packages/airflow/example_dags/example_nested_branch_dag.py
[2022-08-22 22:04:52,222] {logging_mixin.py:115} INFO - [2022-08-22 22:04:52,222] {dag.py:2420} INFO - Sync 1 DAGs
[2022-08-22 22:04:52,241] {logging_mixin.py:115} INFO - [2022-08-22 22:04:52,241] {dag.py:2972} INFO - Setting next_dagrun for example_nested_branch_dag to 2022-08-21T00:00:00+00:00, run_after=2022-08-22T00:00:00+00:00
[2022-08-22 22:04:52,252] {processor.py:161} INFO - Processing /home/airflow/.local/lib/python3.7/site-packages/airflow/example_dags/example_nested_branch_dag.py took 0.072 seconds
[2022-08-22 22:05:22,814] {processor.py:153} INFO - Started process (PID=1424) to work on /home/airflow/.local/lib/python3.7/site-packages/airflow/example_dags/example_nested_branch_dag.py
[2022-08-22 22:05:22,815] {processor.py:641} INFO - Processing file /home/airflow/.local/lib/python3.7/site-packages/airflow/example_dags/example_nested_branch_dag.py for tasks to queue
[2022-08-22 22:05:22,815] {logging_mixin.py:115} INFO - [2022-08-22 22:05:22,815] {dagbag.py:508} INFO - Filling up the DagBag from /home/airflow/.local/lib/python3.7/site-packages/airflow/example_dags/example_nested_branch_dag.py
[2022-08-22 22:05:22,826] {processor.py:651} INFO - DAG(s) dict_keys(['example_nested_branch_dag']) retrieved from /home/airflow/.local/lib/python3.7/site-packages/airflow/example_dags/example_nested_branch_dag.py
[2022-08-22 22:05:22,852] {logging_mixin.py:115} INFO - [2022-08-22 22:05:22,852] {dag.py:2420} INFO - Sync 1 DAGs
[2022-08-22 22:05:22,873] {logging_mixin.py:115} INFO - [2022-08-22 22:05:22,873] {dag.py:2972} INFO - Setting next_dagrun for example_nested_branch_dag to 2022-08-21T00:00:00+00:00, run_after=2022-08-22T00:00:00+00:00
[2022-08-22 22:05:22,883] {processor.py:161} INFO - Processing /home/airflow/.local/lib/python3.7/site-packages/airflow/example_dags/example_nested_branch_dag.py took 0.072 seconds
[2022-08-22 22:05:53,545] {processor.py:153} INFO - Started process (PID=1485) to work on /home/airflow/.local/lib/python3.7/site-packages/airflow/example_dags/example_nested_branch_dag.py
[2022-08-22 22:05:53,545] {processor.py:641} INFO - Processing file /home/airflow/.local/lib/python3.7/site-packages/airflow/example_dags/example_nested_branch_dag.py for tasks to queue
[2022-08-22 22:05:53,545] {logging_mixin.py:115} INFO - [2022-08-22 22:05:53,545] {dagbag.py:508} INFO - Filling up the DagBag from /home/airflow/.local/lib/python3.7/site-packages/airflow/example_dags/example_nested_branch_dag.py
[2022-08-22 22:05:53,553] {processor.py:651} INFO - DAG(s) dict_keys(['example_nested_branch_dag']) retrieved from /home/airflow/.local/lib/python3.7/site-packages/airflow/example_dags/example_nested_branch_dag.py
[2022-08-22 22:05:53,572] {logging_mixin.py:115} INFO - [2022-08-22 22:05:53,572] {dag.py:2420} INFO - Sync 1 DAGs
[2022-08-22 22:05:53,591] {logging_mixin.py:115} INFO - [2022-08-22 22:05:53,590] {dag.py:2972} INFO - Setting next_dagrun for example_nested_branch_dag to 2022-08-21T00:00:00+00:00, run_after=2022-08-22T00:00:00+00:00
[2022-08-22 22:05:53,600] {processor.py:161} INFO - Processing /home/airflow/.local/lib/python3.7/site-packages/airflow/example_dags/example_nested_branch_dag.py took 0.057 seconds
[2022-08-22 22:06:24,238] {processor.py:153} INFO - Started process (PID=1546) to work on /home/airflow/.local/lib/python3.7/site-packages/airflow/example_dags/example_nested_branch_dag.py
[2022-08-22 22:06:24,238] {processor.py:641} INFO - Processing file /home/airflow/.local/lib/python3.7/site-packages/airflow/example_dags/example_nested_branch_dag.py for tasks to queue
[2022-08-22 22:06:24,238] {logging_mixin.py:115} INFO - [2022-08-22 22:06:24,238] {dagbag.py:508} INFO - Filling up the DagBag from /home/airflow/.local/lib/python3.7/site-packages/airflow/example_dags/example_nested_branch_dag.py
[2022-08-22 22:06:24,247] {processor.py:651} INFO - DAG(s) dict_keys(['example_nested_branch_dag']) retrieved from /home/airflow/.local/lib/python3.7/site-packages/airflow/example_dags/example_nested_branch_dag.py
[2022-08-22 22:06:24,269] {logging_mixin.py:115} INFO - [2022-08-22 22:06:24,269] {dag.py:2420} INFO - Sync 1 DAGs
[2022-08-22 22:06:24,290] {logging_mixin.py:115} INFO - [2022-08-22 22:06:24,290] {dag.py:2972} INFO - Setting next_dagrun for example_nested_branch_dag to 2022-08-21T00:00:00+00:00, run_after=2022-08-22T00:00:00+00:00
[2022-08-22 22:06:24,301] {processor.py:161} INFO - Processing /home/airflow/.local/lib/python3.7/site-packages/airflow/example_dags/example_nested_branch_dag.py took 0.066 seconds
[2022-08-22 22:06:54,810] {processor.py:153} INFO - Started process (PID=1598) to work on /home/airflow/.local/lib/python3.7/site-packages/airflow/example_dags/example_nested_branch_dag.py
[2022-08-22 22:06:54,811] {processor.py:641} INFO - Processing file /home/airflow/.local/lib/python3.7/site-packages/airflow/example_dags/example_nested_branch_dag.py for tasks to queue
[2022-08-22 22:06:54,811] {logging_mixin.py:115} INFO - [2022-08-22 22:06:54,811] {dagbag.py:508} INFO - Filling up the DagBag from /home/airflow/.local/lib/python3.7/site-packages/airflow/example_dags/example_nested_branch_dag.py
[2022-08-22 22:06:54,826] {processor.py:651} INFO - DAG(s) dict_keys(['example_nested_branch_dag']) retrieved from /home/airflow/.local/lib/python3.7/site-packages/airflow/example_dags/example_nested_branch_dag.py
[2022-08-22 22:06:54,846] {logging_mixin.py:115} INFO - [2022-08-22 22:06:54,846] {dag.py:2420} INFO - Sync 1 DAGs
[2022-08-22 22:06:54,867] {logging_mixin.py:115} INFO - [2022-08-22 22:06:54,867] {dag.py:2972} INFO - Setting next_dagrun for example_nested_branch_dag to 2022-08-21T00:00:00+00:00, run_after=2022-08-22T00:00:00+00:00
[2022-08-22 22:06:54,878] {processor.py:161} INFO - Processing /home/airflow/.local/lib/python3.7/site-packages/airflow/example_dags/example_nested_branch_dag.py took 0.072 seconds
[2022-08-22 22:07:25,501] {processor.py:153} INFO - Started process (PID=1659) to work on /home/airflow/.local/lib/python3.7/site-packages/airflow/example_dags/example_nested_branch_dag.py
[2022-08-22 22:07:25,501] {processor.py:641} INFO - Processing file /home/airflow/.local/lib/python3.7/site-packages/airflow/example_dags/example_nested_branch_dag.py for tasks to queue
[2022-08-22 22:07:25,502] {logging_mixin.py:115} INFO - [2022-08-22 22:07:25,502] {dagbag.py:508} INFO - Filling up the DagBag from /home/airflow/.local/lib/python3.7/site-packages/airflow/example_dags/example_nested_branch_dag.py
[2022-08-22 22:07:25,510] {processor.py:651} INFO - DAG(s) dict_keys(['example_nested_branch_dag']) retrieved from /home/airflow/.local/lib/python3.7/site-packages/airflow/example_dags/example_nested_branch_dag.py
[2022-08-22 22:07:25,530] {logging_mixin.py:115} INFO - [2022-08-22 22:07:25,530] {dag.py:2420} INFO - Sync 1 DAGs
[2022-08-22 22:07:25,549] {logging_mixin.py:115} INFO - [2022-08-22 22:07:25,549] {dag.py:2972} INFO - Setting next_dagrun for example_nested_branch_dag to 2022-08-21T00:00:00+00:00, run_after=2022-08-22T00:00:00+00:00
[2022-08-22 22:07:25,559] {processor.py:161} INFO - Processing /home/airflow/.local/lib/python3.7/site-packages/airflow/example_dags/example_nested_branch_dag.py took 0.060 seconds
[2022-08-22 22:07:56,143] {processor.py:153} INFO - Started process (PID=1720) to work on /home/airflow/.local/lib/python3.7/site-packages/airflow/example_dags/example_nested_branch_dag.py
[2022-08-22 22:07:56,143] {processor.py:641} INFO - Processing file /home/airflow/.local/lib/python3.7/site-packages/airflow/example_dags/example_nested_branch_dag.py for tasks to queue
[2022-08-22 22:07:56,144] {logging_mixin.py:115} INFO - [2022-08-22 22:07:56,144] {dagbag.py:508} INFO - Filling up the DagBag from /home/airflow/.local/lib/python3.7/site-packages/airflow/example_dags/example_nested_branch_dag.py
[2022-08-22 22:07:56,152] {processor.py:651} INFO - DAG(s) dict_keys(['example_nested_branch_dag']) retrieved from /home/airflow/.local/lib/python3.7/site-packages/airflow/example_dags/example_nested_branch_dag.py
[2022-08-22 22:07:56,172] {logging_mixin.py:115} INFO - [2022-08-22 22:07:56,172] {dag.py:2420} INFO - Sync 1 DAGs
[2022-08-22 22:07:56,190] {logging_mixin.py:115} INFO - [2022-08-22 22:07:56,190] {dag.py:2972} INFO - Setting next_dagrun for example_nested_branch_dag to 2022-08-21T00:00:00+00:00, run_after=2022-08-22T00:00:00+00:00
[2022-08-22 22:07:56,200] {processor.py:161} INFO - Processing /home/airflow/.local/lib/python3.7/site-packages/airflow/example_dags/example_nested_branch_dag.py took 0.060 seconds
[2022-08-22 22:08:26,739] {processor.py:153} INFO - Started process (PID=1779) to work on /home/airflow/.local/lib/python3.7/site-packages/airflow/example_dags/example_nested_branch_dag.py
[2022-08-22 22:08:26,740] {processor.py:641} INFO - Processing file /home/airflow/.local/lib/python3.7/site-packages/airflow/example_dags/example_nested_branch_dag.py for tasks to queue
[2022-08-22 22:08:26,741] {logging_mixin.py:115} INFO - [2022-08-22 22:08:26,741] {dagbag.py:508} INFO - Filling up the DagBag from /home/airflow/.local/lib/python3.7/site-packages/airflow/example_dags/example_nested_branch_dag.py
[2022-08-22 22:08:26,752] {processor.py:651} INFO - DAG(s) dict_keys(['example_nested_branch_dag']) retrieved from /home/airflow/.local/lib/python3.7/site-packages/airflow/example_dags/example_nested_branch_dag.py
[2022-08-22 22:08:26,821] {logging_mixin.py:115} INFO - [2022-08-22 22:08:26,821] {dag.py:2420} INFO - Sync 1 DAGs
[2022-08-22 22:08:26,849] {logging_mixin.py:115} INFO - [2022-08-22 22:08:26,849] {dag.py:2972} INFO - Setting next_dagrun for example_nested_branch_dag to 2022-08-21T00:00:00+00:00, run_after=2022-08-22T00:00:00+00:00
[2022-08-22 22:08:26,865] {processor.py:161} INFO - Processing /home/airflow/.local/lib/python3.7/site-packages/airflow/example_dags/example_nested_branch_dag.py took 0.129 seconds
[2022-08-22 22:08:57,608] {processor.py:153} INFO - Started process (PID=1833) to work on /home/airflow/.local/lib/python3.7/site-packages/airflow/example_dags/example_nested_branch_dag.py
[2022-08-22 22:08:57,609] {processor.py:641} INFO - Processing file /home/airflow/.local/lib/python3.7/site-packages/airflow/example_dags/example_nested_branch_dag.py for tasks to queue
[2022-08-22 22:08:57,609] {logging_mixin.py:115} INFO - [2022-08-22 22:08:57,609] {dagbag.py:508} INFO - Filling up the DagBag from /home/airflow/.local/lib/python3.7/site-packages/airflow/example_dags/example_nested_branch_dag.py
[2022-08-22 22:08:57,618] {processor.py:651} INFO - DAG(s) dict_keys(['example_nested_branch_dag']) retrieved from /home/airflow/.local/lib/python3.7/site-packages/airflow/example_dags/example_nested_branch_dag.py
[2022-08-22 22:08:57,638] {logging_mixin.py:115} INFO - [2022-08-22 22:08:57,638] {dag.py:2420} INFO - Sync 1 DAGs
[2022-08-22 22:08:57,657] {logging_mixin.py:115} INFO - [2022-08-22 22:08:57,657] {dag.py:2972} INFO - Setting next_dagrun for example_nested_branch_dag to 2022-08-21T00:00:00+00:00, run_after=2022-08-22T00:00:00+00:00
[2022-08-22 22:08:57,666] {processor.py:161} INFO - Processing /home/airflow/.local/lib/python3.7/site-packages/airflow/example_dags/example_nested_branch_dag.py took 0.060 seconds
[2022-08-22 22:09:28,181] {processor.py:153} INFO - Started process (PID=1894) to work on /home/airflow/.local/lib/python3.7/site-packages/airflow/example_dags/example_nested_branch_dag.py
[2022-08-22 22:09:28,181] {processor.py:641} INFO - Processing file /home/airflow/.local/lib/python3.7/site-packages/airflow/example_dags/example_nested_branch_dag.py for tasks to queue
[2022-08-22 22:09:28,182] {logging_mixin.py:115} INFO - [2022-08-22 22:09:28,182] {dagbag.py:508} INFO - Filling up the DagBag from /home/airflow/.local/lib/python3.7/site-packages/airflow/example_dags/example_nested_branch_dag.py
[2022-08-22 22:09:28,190] {processor.py:651} INFO - DAG(s) dict_keys(['example_nested_branch_dag']) retrieved from /home/airflow/.local/lib/python3.7/site-packages/airflow/example_dags/example_nested_branch_dag.py
[2022-08-22 22:09:28,211] {logging_mixin.py:115} INFO - [2022-08-22 22:09:28,211] {dag.py:2420} INFO - Sync 1 DAGs
[2022-08-22 22:09:28,231] {logging_mixin.py:115} INFO - [2022-08-22 22:09:28,231] {dag.py:2972} INFO - Setting next_dagrun for example_nested_branch_dag to 2022-08-21T00:00:00+00:00, run_after=2022-08-22T00:00:00+00:00
[2022-08-22 22:09:28,241] {processor.py:161} INFO - Processing /home/airflow/.local/lib/python3.7/site-packages/airflow/example_dags/example_nested_branch_dag.py took 0.062 seconds
[2022-08-22 22:09:58,914] {processor.py:153} INFO - Started process (PID=1955) to work on /home/airflow/.local/lib/python3.7/site-packages/airflow/example_dags/example_nested_branch_dag.py
[2022-08-22 22:09:58,915] {processor.py:641} INFO - Processing file /home/airflow/.local/lib/python3.7/site-packages/airflow/example_dags/example_nested_branch_dag.py for tasks to queue
[2022-08-22 22:09:58,915] {logging_mixin.py:115} INFO - [2022-08-22 22:09:58,915] {dagbag.py:508} INFO - Filling up the DagBag from /home/airflow/.local/lib/python3.7/site-packages/airflow/example_dags/example_nested_branch_dag.py
[2022-08-22 22:09:58,930] {processor.py:651} INFO - DAG(s) dict_keys(['example_nested_branch_dag']) retrieved from /home/airflow/.local/lib/python3.7/site-packages/airflow/example_dags/example_nested_branch_dag.py
[2022-08-22 22:09:58,957] {logging_mixin.py:115} INFO - [2022-08-22 22:09:58,957] {dag.py:2420} INFO - Sync 1 DAGs
[2022-08-22 22:09:58,979] {logging_mixin.py:115} INFO - [2022-08-22 22:09:58,979] {dag.py:2972} INFO - Setting next_dagrun for example_nested_branch_dag to 2022-08-21T00:00:00+00:00, run_after=2022-08-22T00:00:00+00:00
[2022-08-22 22:09:58,989] {processor.py:161} INFO - Processing /home/airflow/.local/lib/python3.7/site-packages/airflow/example_dags/example_nested_branch_dag.py took 0.079 seconds
[2022-08-22 22:10:29,644] {processor.py:153} INFO - Started process (PID=2007) to work on /home/airflow/.local/lib/python3.7/site-packages/airflow/example_dags/example_nested_branch_dag.py
[2022-08-22 22:10:29,644] {processor.py:641} INFO - Processing file /home/airflow/.local/lib/python3.7/site-packages/airflow/example_dags/example_nested_branch_dag.py for tasks to queue
[2022-08-22 22:10:29,645] {logging_mixin.py:115} INFO - [2022-08-22 22:10:29,645] {dagbag.py:508} INFO - Filling up the DagBag from /home/airflow/.local/lib/python3.7/site-packages/airflow/example_dags/example_nested_branch_dag.py
[2022-08-22 22:10:29,653] {processor.py:651} INFO - DAG(s) dict_keys(['example_nested_branch_dag']) retrieved from /home/airflow/.local/lib/python3.7/site-packages/airflow/example_dags/example_nested_branch_dag.py
[2022-08-22 22:10:29,674] {logging_mixin.py:115} INFO - [2022-08-22 22:10:29,674] {dag.py:2420} INFO - Sync 1 DAGs
[2022-08-22 22:10:29,694] {logging_mixin.py:115} INFO - [2022-08-22 22:10:29,694] {dag.py:2972} INFO - Setting next_dagrun for example_nested_branch_dag to 2022-08-21T00:00:00+00:00, run_after=2022-08-22T00:00:00+00:00
[2022-08-22 22:10:29,703] {processor.py:161} INFO - Processing /home/airflow/.local/lib/python3.7/site-packages/airflow/example_dags/example_nested_branch_dag.py took 0.062 seconds
[2022-08-22 22:11:00,239] {processor.py:153} INFO - Started process (PID=2068) to work on /home/airflow/.local/lib/python3.7/site-packages/airflow/example_dags/example_nested_branch_dag.py
[2022-08-22 22:11:00,240] {processor.py:641} INFO - Processing file /home/airflow/.local/lib/python3.7/site-packages/airflow/example_dags/example_nested_branch_dag.py for tasks to queue
[2022-08-22 22:11:00,240] {logging_mixin.py:115} INFO - [2022-08-22 22:11:00,240] {dagbag.py:508} INFO - Filling up the DagBag from /home/airflow/.local/lib/python3.7/site-packages/airflow/example_dags/example_nested_branch_dag.py
[2022-08-22 22:11:00,248] {processor.py:651} INFO - DAG(s) dict_keys(['example_nested_branch_dag']) retrieved from /home/airflow/.local/lib/python3.7/site-packages/airflow/example_dags/example_nested_branch_dag.py
[2022-08-22 22:11:00,272] {logging_mixin.py:115} INFO - [2022-08-22 22:11:00,272] {dag.py:2420} INFO - Sync 1 DAGs
[2022-08-22 22:11:00,294] {logging_mixin.py:115} INFO - [2022-08-22 22:11:00,294] {dag.py:2972} INFO - Setting next_dagrun for example_nested_branch_dag to 2022-08-21T00:00:00+00:00, run_after=2022-08-22T00:00:00+00:00
[2022-08-22 22:11:00,304] {processor.py:161} INFO - Processing /home/airflow/.local/lib/python3.7/site-packages/airflow/example_dags/example_nested_branch_dag.py took 0.067 seconds
[2022-08-22 22:11:30,831] {processor.py:153} INFO - Started process (PID=2128) to work on /home/airflow/.local/lib/python3.7/site-packages/airflow/example_dags/example_nested_branch_dag.py
[2022-08-22 22:11:30,831] {processor.py:641} INFO - Processing file /home/airflow/.local/lib/python3.7/site-packages/airflow/example_dags/example_nested_branch_dag.py for tasks to queue
[2022-08-22 22:11:30,831] {logging_mixin.py:115} INFO - [2022-08-22 22:11:30,831] {dagbag.py:508} INFO - Filling up the DagBag from /home/airflow/.local/lib/python3.7/site-packages/airflow/example_dags/example_nested_branch_dag.py
[2022-08-22 22:11:30,839] {processor.py:651} INFO - DAG(s) dict_keys(['example_nested_branch_dag']) retrieved from /home/airflow/.local/lib/python3.7/site-packages/airflow/example_dags/example_nested_branch_dag.py
[2022-08-22 22:11:30,862] {logging_mixin.py:115} INFO - [2022-08-22 22:11:30,861] {dag.py:2420} INFO - Sync 1 DAGs
[2022-08-22 22:11:30,881] {logging_mixin.py:115} INFO - [2022-08-22 22:11:30,881] {dag.py:2972} INFO - Setting next_dagrun for example_nested_branch_dag to 2022-08-21T00:00:00+00:00, run_after=2022-08-22T00:00:00+00:00
[2022-08-22 22:11:30,891] {processor.py:161} INFO - Processing /home/airflow/.local/lib/python3.7/site-packages/airflow/example_dags/example_nested_branch_dag.py took 0.062 seconds
[2022-08-22 22:12:01,382] {processor.py:153} INFO - Started process (PID=2189) to work on /home/airflow/.local/lib/python3.7/site-packages/airflow/example_dags/example_nested_branch_dag.py
[2022-08-22 22:12:01,383] {processor.py:641} INFO - Processing file /home/airflow/.local/lib/python3.7/site-packages/airflow/example_dags/example_nested_branch_dag.py for tasks to queue
[2022-08-22 22:12:01,383] {logging_mixin.py:115} INFO - [2022-08-22 22:12:01,383] {dagbag.py:508} INFO - Filling up the DagBag from /home/airflow/.local/lib/python3.7/site-packages/airflow/example_dags/example_nested_branch_dag.py
[2022-08-22 22:12:01,396] {processor.py:651} INFO - DAG(s) dict_keys(['example_nested_branch_dag']) retrieved from /home/airflow/.local/lib/python3.7/site-packages/airflow/example_dags/example_nested_branch_dag.py
[2022-08-22 22:12:01,421] {logging_mixin.py:115} INFO - [2022-08-22 22:12:01,421] {dag.py:2420} INFO - Sync 1 DAGs
[2022-08-22 22:12:01,440] {logging_mixin.py:115} INFO - [2022-08-22 22:12:01,440] {dag.py:2972} INFO - Setting next_dagrun for example_nested_branch_dag to 2022-08-21T00:00:00+00:00, run_after=2022-08-22T00:00:00+00:00
[2022-08-22 22:12:01,449] {processor.py:161} INFO - Processing /home/airflow/.local/lib/python3.7/site-packages/airflow/example_dags/example_nested_branch_dag.py took 0.069 seconds
[2022-08-22 22:12:31,917] {processor.py:153} INFO - Started process (PID=2241) to work on /home/airflow/.local/lib/python3.7/site-packages/airflow/example_dags/example_nested_branch_dag.py
[2022-08-22 22:12:31,918] {processor.py:641} INFO - Processing file /home/airflow/.local/lib/python3.7/site-packages/airflow/example_dags/example_nested_branch_dag.py for tasks to queue
[2022-08-22 22:12:31,918] {logging_mixin.py:115} INFO - [2022-08-22 22:12:31,918] {dagbag.py:508} INFO - Filling up the DagBag from /home/airflow/.local/lib/python3.7/site-packages/airflow/example_dags/example_nested_branch_dag.py
[2022-08-22 22:12:31,926] {processor.py:651} INFO - DAG(s) dict_keys(['example_nested_branch_dag']) retrieved from /home/airflow/.local/lib/python3.7/site-packages/airflow/example_dags/example_nested_branch_dag.py
[2022-08-22 22:12:31,947] {logging_mixin.py:115} INFO - [2022-08-22 22:12:31,947] {dag.py:2420} INFO - Sync 1 DAGs
[2022-08-22 22:12:31,966] {logging_mixin.py:115} INFO - [2022-08-22 22:12:31,966] {dag.py:2972} INFO - Setting next_dagrun for example_nested_branch_dag to 2022-08-21T00:00:00+00:00, run_after=2022-08-22T00:00:00+00:00
[2022-08-22 22:12:31,976] {processor.py:161} INFO - Processing /home/airflow/.local/lib/python3.7/site-packages/airflow/example_dags/example_nested_branch_dag.py took 0.061 seconds
[2022-08-22 22:13:02,543] {processor.py:153} INFO - Started process (PID=2302) to work on /home/airflow/.local/lib/python3.7/site-packages/airflow/example_dags/example_nested_branch_dag.py
[2022-08-22 22:13:02,544] {processor.py:641} INFO - Processing file /home/airflow/.local/lib/python3.7/site-packages/airflow/example_dags/example_nested_branch_dag.py for tasks to queue
[2022-08-22 22:13:02,544] {logging_mixin.py:115} INFO - [2022-08-22 22:13:02,544] {dagbag.py:508} INFO - Filling up the DagBag from /home/airflow/.local/lib/python3.7/site-packages/airflow/example_dags/example_nested_branch_dag.py
[2022-08-22 22:13:02,552] {processor.py:651} INFO - DAG(s) dict_keys(['example_nested_branch_dag']) retrieved from /home/airflow/.local/lib/python3.7/site-packages/airflow/example_dags/example_nested_branch_dag.py
[2022-08-22 22:13:02,572] {logging_mixin.py:115} INFO - [2022-08-22 22:13:02,572] {dag.py:2420} INFO - Sync 1 DAGs
[2022-08-22 22:13:02,591] {logging_mixin.py:115} INFO - [2022-08-22 22:13:02,591] {dag.py:2972} INFO - Setting next_dagrun for example_nested_branch_dag to 2022-08-21T00:00:00+00:00, run_after=2022-08-22T00:00:00+00:00
[2022-08-22 22:13:02,600] {processor.py:161} INFO - Processing /home/airflow/.local/lib/python3.7/site-packages/airflow/example_dags/example_nested_branch_dag.py took 0.059 seconds
[2022-08-22 22:13:33,205] {processor.py:153} INFO - Started process (PID=2363) to work on /home/airflow/.local/lib/python3.7/site-packages/airflow/example_dags/example_nested_branch_dag.py
[2022-08-22 22:13:33,206] {processor.py:641} INFO - Processing file /home/airflow/.local/lib/python3.7/site-packages/airflow/example_dags/example_nested_branch_dag.py for tasks to queue
[2022-08-22 22:13:33,206] {logging_mixin.py:115} INFO - [2022-08-22 22:13:33,206] {dagbag.py:508} INFO - Filling up the DagBag from /home/airflow/.local/lib/python3.7/site-packages/airflow/example_dags/example_nested_branch_dag.py
[2022-08-22 22:13:33,215] {processor.py:651} INFO - DAG(s) dict_keys(['example_nested_branch_dag']) retrieved from /home/airflow/.local/lib/python3.7/site-packages/airflow/example_dags/example_nested_branch_dag.py
[2022-08-22 22:13:33,236] {logging_mixin.py:115} INFO - [2022-08-22 22:13:33,236] {dag.py:2420} INFO - Sync 1 DAGs
[2022-08-22 22:13:33,255] {logging_mixin.py:115} INFO - [2022-08-22 22:13:33,255] {dag.py:2972} INFO - Setting next_dagrun for example_nested_branch_dag to 2022-08-21T00:00:00+00:00, run_after=2022-08-22T00:00:00+00:00
[2022-08-22 22:13:33,264] {processor.py:161} INFO - Processing /home/airflow/.local/lib/python3.7/site-packages/airflow/example_dags/example_nested_branch_dag.py took 0.061 seconds
[2022-08-22 22:14:03,886] {processor.py:153} INFO - Started process (PID=2424) to work on /home/airflow/.local/lib/python3.7/site-packages/airflow/example_dags/example_nested_branch_dag.py
[2022-08-22 22:14:03,886] {processor.py:641} INFO - Processing file /home/airflow/.local/lib/python3.7/site-packages/airflow/example_dags/example_nested_branch_dag.py for tasks to queue
[2022-08-22 22:14:03,887] {logging_mixin.py:115} INFO - [2022-08-22 22:14:03,887] {dagbag.py:508} INFO - Filling up the DagBag from /home/airflow/.local/lib/python3.7/site-packages/airflow/example_dags/example_nested_branch_dag.py
[2022-08-22 22:14:03,896] {processor.py:651} INFO - DAG(s) dict_keys(['example_nested_branch_dag']) retrieved from /home/airflow/.local/lib/python3.7/site-packages/airflow/example_dags/example_nested_branch_dag.py
[2022-08-22 22:14:03,919] {logging_mixin.py:115} INFO - [2022-08-22 22:14:03,919] {dag.py:2420} INFO - Sync 1 DAGs
[2022-08-22 22:14:03,941] {logging_mixin.py:115} INFO - [2022-08-22 22:14:03,940] {dag.py:2972} INFO - Setting next_dagrun for example_nested_branch_dag to 2022-08-21T00:00:00+00:00, run_after=2022-08-22T00:00:00+00:00
[2022-08-22 22:14:03,951] {processor.py:161} INFO - Processing /home/airflow/.local/lib/python3.7/site-packages/airflow/example_dags/example_nested_branch_dag.py took 0.068 seconds
[2022-08-22 22:14:34,489] {processor.py:153} INFO - Started process (PID=2476) to work on /home/airflow/.local/lib/python3.7/site-packages/airflow/example_dags/example_nested_branch_dag.py
[2022-08-22 22:14:34,490] {processor.py:641} INFO - Processing file /home/airflow/.local/lib/python3.7/site-packages/airflow/example_dags/example_nested_branch_dag.py for tasks to queue
[2022-08-22 22:14:34,490] {logging_mixin.py:115} INFO - [2022-08-22 22:14:34,490] {dagbag.py:508} INFO - Filling up the DagBag from /home/airflow/.local/lib/python3.7/site-packages/airflow/example_dags/example_nested_branch_dag.py
[2022-08-22 22:14:34,505] {processor.py:651} INFO - DAG(s) dict_keys(['example_nested_branch_dag']) retrieved from /home/airflow/.local/lib/python3.7/site-packages/airflow/example_dags/example_nested_branch_dag.py
[2022-08-22 22:14:34,529] {logging_mixin.py:115} INFO - [2022-08-22 22:14:34,529] {dag.py:2420} INFO - Sync 1 DAGs
[2022-08-22 22:14:34,548] {logging_mixin.py:115} INFO - [2022-08-22 22:14:34,547] {dag.py:2972} INFO - Setting next_dagrun for example_nested_branch_dag to 2022-08-21T00:00:00+00:00, run_after=2022-08-22T00:00:00+00:00
[2022-08-22 22:14:34,557] {processor.py:161} INFO - Processing /home/airflow/.local/lib/python3.7/site-packages/airflow/example_dags/example_nested_branch_dag.py took 0.072 seconds
[2022-08-22 22:15:05,041] {processor.py:153} INFO - Started process (PID=2537) to work on /home/airflow/.local/lib/python3.7/site-packages/airflow/example_dags/example_nested_branch_dag.py
[2022-08-22 22:15:05,041] {processor.py:641} INFO - Processing file /home/airflow/.local/lib/python3.7/site-packages/airflow/example_dags/example_nested_branch_dag.py for tasks to queue
[2022-08-22 22:15:05,042] {logging_mixin.py:115} INFO - [2022-08-22 22:15:05,042] {dagbag.py:508} INFO - Filling up the DagBag from /home/airflow/.local/lib/python3.7/site-packages/airflow/example_dags/example_nested_branch_dag.py
[2022-08-22 22:15:05,051] {processor.py:651} INFO - DAG(s) dict_keys(['example_nested_branch_dag']) retrieved from /home/airflow/.local/lib/python3.7/site-packages/airflow/example_dags/example_nested_branch_dag.py
[2022-08-22 22:15:05,071] {logging_mixin.py:115} INFO - [2022-08-22 22:15:05,071] {dag.py:2420} INFO - Sync 1 DAGs
[2022-08-22 22:15:05,091] {logging_mixin.py:115} INFO - [2022-08-22 22:15:05,090] {dag.py:2972} INFO - Setting next_dagrun for example_nested_branch_dag to 2022-08-21T00:00:00+00:00, run_after=2022-08-22T00:00:00+00:00
[2022-08-22 22:15:05,104] {processor.py:161} INFO - Processing /home/airflow/.local/lib/python3.7/site-packages/airflow/example_dags/example_nested_branch_dag.py took 0.066 seconds
[2022-08-22 22:15:35,738] {processor.py:153} INFO - Started process (PID=2598) to work on /home/airflow/.local/lib/python3.7/site-packages/airflow/example_dags/example_nested_branch_dag.py
[2022-08-22 22:15:35,738] {processor.py:641} INFO - Processing file /home/airflow/.local/lib/python3.7/site-packages/airflow/example_dags/example_nested_branch_dag.py for tasks to queue
[2022-08-22 22:15:35,739] {logging_mixin.py:115} INFO - [2022-08-22 22:15:35,738] {dagbag.py:508} INFO - Filling up the DagBag from /home/airflow/.local/lib/python3.7/site-packages/airflow/example_dags/example_nested_branch_dag.py
[2022-08-22 22:15:35,747] {processor.py:651} INFO - DAG(s) dict_keys(['example_nested_branch_dag']) retrieved from /home/airflow/.local/lib/python3.7/site-packages/airflow/example_dags/example_nested_branch_dag.py
[2022-08-22 22:15:35,768] {logging_mixin.py:115} INFO - [2022-08-22 22:15:35,768] {dag.py:2420} INFO - Sync 1 DAGs
[2022-08-22 22:15:35,788] {logging_mixin.py:115} INFO - [2022-08-22 22:15:35,788] {dag.py:2972} INFO - Setting next_dagrun for example_nested_branch_dag to 2022-08-21T00:00:00+00:00, run_after=2022-08-22T00:00:00+00:00
[2022-08-22 22:15:35,798] {processor.py:161} INFO - Processing /home/airflow/.local/lib/python3.7/site-packages/airflow/example_dags/example_nested_branch_dag.py took 0.063 seconds
[2022-08-22 22:16:06,325] {processor.py:153} INFO - Started process (PID=2650) to work on /home/airflow/.local/lib/python3.7/site-packages/airflow/example_dags/example_nested_branch_dag.py
[2022-08-22 22:16:06,325] {processor.py:641} INFO - Processing file /home/airflow/.local/lib/python3.7/site-packages/airflow/example_dags/example_nested_branch_dag.py for tasks to queue
[2022-08-22 22:16:06,325] {logging_mixin.py:115} INFO - [2022-08-22 22:16:06,325] {dagbag.py:508} INFO - Filling up the DagBag from /home/airflow/.local/lib/python3.7/site-packages/airflow/example_dags/example_nested_branch_dag.py
[2022-08-22 22:16:06,334] {processor.py:651} INFO - DAG(s) dict_keys(['example_nested_branch_dag']) retrieved from /home/airflow/.local/lib/python3.7/site-packages/airflow/example_dags/example_nested_branch_dag.py
[2022-08-22 22:16:06,353] {logging_mixin.py:115} INFO - [2022-08-22 22:16:06,353] {dag.py:2420} INFO - Sync 1 DAGs
[2022-08-22 22:16:06,371] {logging_mixin.py:115} INFO - [2022-08-22 22:16:06,371] {dag.py:2972} INFO - Setting next_dagrun for example_nested_branch_dag to 2022-08-21T00:00:00+00:00, run_after=2022-08-22T00:00:00+00:00
[2022-08-22 22:16:06,382] {processor.py:161} INFO - Processing /home/airflow/.local/lib/python3.7/site-packages/airflow/example_dags/example_nested_branch_dag.py took 0.060 seconds
[2022-08-22 22:16:37,120] {processor.py:153} INFO - Started process (PID=2711) to work on /home/airflow/.local/lib/python3.7/site-packages/airflow/example_dags/example_nested_branch_dag.py
[2022-08-22 22:16:37,120] {processor.py:641} INFO - Processing file /home/airflow/.local/lib/python3.7/site-packages/airflow/example_dags/example_nested_branch_dag.py for tasks to queue
[2022-08-22 22:16:37,121] {logging_mixin.py:115} INFO - [2022-08-22 22:16:37,121] {dagbag.py:508} INFO - Filling up the DagBag from /home/airflow/.local/lib/python3.7/site-packages/airflow/example_dags/example_nested_branch_dag.py
[2022-08-22 22:16:37,129] {processor.py:651} INFO - DAG(s) dict_keys(['example_nested_branch_dag']) retrieved from /home/airflow/.local/lib/python3.7/site-packages/airflow/example_dags/example_nested_branch_dag.py
[2022-08-22 22:16:37,150] {logging_mixin.py:115} INFO - [2022-08-22 22:16:37,150] {dag.py:2420} INFO - Sync 1 DAGs
[2022-08-22 22:16:37,169] {logging_mixin.py:115} INFO - [2022-08-22 22:16:37,169] {dag.py:2972} INFO - Setting next_dagrun for example_nested_branch_dag to 2022-08-21T00:00:00+00:00, run_after=2022-08-22T00:00:00+00:00
[2022-08-22 22:16:37,179] {processor.py:161} INFO - Processing /home/airflow/.local/lib/python3.7/site-packages/airflow/example_dags/example_nested_branch_dag.py took 0.061 seconds
[2022-08-22 22:17:07,650] {processor.py:153} INFO - Started process (PID=2772) to work on /home/airflow/.local/lib/python3.7/site-packages/airflow/example_dags/example_nested_branch_dag.py
[2022-08-22 22:17:07,651] {processor.py:641} INFO - Processing file /home/airflow/.local/lib/python3.7/site-packages/airflow/example_dags/example_nested_branch_dag.py for tasks to queue
[2022-08-22 22:17:07,651] {logging_mixin.py:115} INFO - [2022-08-22 22:17:07,651] {dagbag.py:508} INFO - Filling up the DagBag from /home/airflow/.local/lib/python3.7/site-packages/airflow/example_dags/example_nested_branch_dag.py
[2022-08-22 22:17:07,659] {processor.py:651} INFO - DAG(s) dict_keys(['example_nested_branch_dag']) retrieved from /home/airflow/.local/lib/python3.7/site-packages/airflow/example_dags/example_nested_branch_dag.py
[2022-08-22 22:17:07,679] {logging_mixin.py:115} INFO - [2022-08-22 22:17:07,679] {dag.py:2420} INFO - Sync 1 DAGs
[2022-08-22 22:17:07,698] {logging_mixin.py:115} INFO - [2022-08-22 22:17:07,698] {dag.py:2972} INFO - Setting next_dagrun for example_nested_branch_dag to 2022-08-21T00:00:00+00:00, run_after=2022-08-22T00:00:00+00:00
[2022-08-22 22:17:07,708] {processor.py:161} INFO - Processing /home/airflow/.local/lib/python3.7/site-packages/airflow/example_dags/example_nested_branch_dag.py took 0.060 seconds
[2022-08-22 22:17:38,170] {processor.py:153} INFO - Started process (PID=2833) to work on /home/airflow/.local/lib/python3.7/site-packages/airflow/example_dags/example_nested_branch_dag.py
[2022-08-22 22:17:38,170] {processor.py:641} INFO - Processing file /home/airflow/.local/lib/python3.7/site-packages/airflow/example_dags/example_nested_branch_dag.py for tasks to queue
[2022-08-22 22:17:38,171] {logging_mixin.py:115} INFO - [2022-08-22 22:17:38,171] {dagbag.py:508} INFO - Filling up the DagBag from /home/airflow/.local/lib/python3.7/site-packages/airflow/example_dags/example_nested_branch_dag.py
[2022-08-22 22:17:38,187] {processor.py:651} INFO - DAG(s) dict_keys(['example_nested_branch_dag']) retrieved from /home/airflow/.local/lib/python3.7/site-packages/airflow/example_dags/example_nested_branch_dag.py
[2022-08-22 22:17:38,217] {logging_mixin.py:115} INFO - [2022-08-22 22:17:38,217] {dag.py:2420} INFO - Sync 1 DAGs
[2022-08-22 22:17:38,236] {logging_mixin.py:115} INFO - [2022-08-22 22:17:38,236] {dag.py:2972} INFO - Setting next_dagrun for example_nested_branch_dag to 2022-08-21T00:00:00+00:00, run_after=2022-08-22T00:00:00+00:00
[2022-08-22 22:17:38,247] {processor.py:161} INFO - Processing /home/airflow/.local/lib/python3.7/site-packages/airflow/example_dags/example_nested_branch_dag.py took 0.081 seconds
[2022-08-22 22:18:08,737] {processor.py:153} INFO - Started process (PID=2885) to work on /home/airflow/.local/lib/python3.7/site-packages/airflow/example_dags/example_nested_branch_dag.py
[2022-08-22 22:18:08,737] {processor.py:641} INFO - Processing file /home/airflow/.local/lib/python3.7/site-packages/airflow/example_dags/example_nested_branch_dag.py for tasks to queue
[2022-08-22 22:18:08,738] {logging_mixin.py:115} INFO - [2022-08-22 22:18:08,738] {dagbag.py:508} INFO - Filling up the DagBag from /home/airflow/.local/lib/python3.7/site-packages/airflow/example_dags/example_nested_branch_dag.py
[2022-08-22 22:18:08,753] {processor.py:651} INFO - DAG(s) dict_keys(['example_nested_branch_dag']) retrieved from /home/airflow/.local/lib/python3.7/site-packages/airflow/example_dags/example_nested_branch_dag.py
[2022-08-22 22:18:08,774] {logging_mixin.py:115} INFO - [2022-08-22 22:18:08,773] {dag.py:2420} INFO - Sync 1 DAGs
[2022-08-22 22:18:08,792] {logging_mixin.py:115} INFO - [2022-08-22 22:18:08,792] {dag.py:2972} INFO - Setting next_dagrun for example_nested_branch_dag to 2022-08-21T00:00:00+00:00, run_after=2022-08-22T00:00:00+00:00
[2022-08-22 22:18:08,801] {processor.py:161} INFO - Processing /home/airflow/.local/lib/python3.7/site-packages/airflow/example_dags/example_nested_branch_dag.py took 0.068 seconds
[2022-08-22 22:18:39,456] {processor.py:153} INFO - Started process (PID=2946) to work on /home/airflow/.local/lib/python3.7/site-packages/airflow/example_dags/example_nested_branch_dag.py
[2022-08-22 22:18:39,456] {processor.py:641} INFO - Processing file /home/airflow/.local/lib/python3.7/site-packages/airflow/example_dags/example_nested_branch_dag.py for tasks to queue
[2022-08-22 22:18:39,457] {logging_mixin.py:115} INFO - [2022-08-22 22:18:39,457] {dagbag.py:508} INFO - Filling up the DagBag from /home/airflow/.local/lib/python3.7/site-packages/airflow/example_dags/example_nested_branch_dag.py
[2022-08-22 22:18:39,471] {processor.py:651} INFO - DAG(s) dict_keys(['example_nested_branch_dag']) retrieved from /home/airflow/.local/lib/python3.7/site-packages/airflow/example_dags/example_nested_branch_dag.py
[2022-08-22 22:18:39,494] {logging_mixin.py:115} INFO - [2022-08-22 22:18:39,494] {dag.py:2420} INFO - Sync 1 DAGs
[2022-08-22 22:18:39,513] {logging_mixin.py:115} INFO - [2022-08-22 22:18:39,512] {dag.py:2972} INFO - Setting next_dagrun for example_nested_branch_dag to 2022-08-21T00:00:00+00:00, run_after=2022-08-22T00:00:00+00:00
[2022-08-22 22:18:39,521] {processor.py:161} INFO - Processing /home/airflow/.local/lib/python3.7/site-packages/airflow/example_dags/example_nested_branch_dag.py took 0.070 seconds
[2022-08-22 22:19:10,178] {processor.py:153} INFO - Started process (PID=3008) to work on /home/airflow/.local/lib/python3.7/site-packages/airflow/example_dags/example_nested_branch_dag.py
[2022-08-22 22:19:10,179] {processor.py:641} INFO - Processing file /home/airflow/.local/lib/python3.7/site-packages/airflow/example_dags/example_nested_branch_dag.py for tasks to queue
[2022-08-22 22:19:10,179] {logging_mixin.py:115} INFO - [2022-08-22 22:19:10,179] {dagbag.py:508} INFO - Filling up the DagBag from /home/airflow/.local/lib/python3.7/site-packages/airflow/example_dags/example_nested_branch_dag.py
[2022-08-22 22:19:10,187] {processor.py:651} INFO - DAG(s) dict_keys(['example_nested_branch_dag']) retrieved from /home/airflow/.local/lib/python3.7/site-packages/airflow/example_dags/example_nested_branch_dag.py
[2022-08-22 22:19:10,207] {logging_mixin.py:115} INFO - [2022-08-22 22:19:10,207] {dag.py:2420} INFO - Sync 1 DAGs
[2022-08-22 22:19:10,227] {logging_mixin.py:115} INFO - [2022-08-22 22:19:10,227] {dag.py:2972} INFO - Setting next_dagrun for example_nested_branch_dag to 2022-08-21T00:00:00+00:00, run_after=2022-08-22T00:00:00+00:00
[2022-08-22 22:19:10,236] {processor.py:161} INFO - Processing /home/airflow/.local/lib/python3.7/site-packages/airflow/example_dags/example_nested_branch_dag.py took 0.060 seconds
[2022-08-22 22:19:40,888] {processor.py:153} INFO - Started process (PID=3069) to work on /home/airflow/.local/lib/python3.7/site-packages/airflow/example_dags/example_nested_branch_dag.py
[2022-08-22 22:19:40,889] {processor.py:641} INFO - Processing file /home/airflow/.local/lib/python3.7/site-packages/airflow/example_dags/example_nested_branch_dag.py for tasks to queue
[2022-08-22 22:19:40,889] {logging_mixin.py:115} INFO - [2022-08-22 22:19:40,889] {dagbag.py:508} INFO - Filling up the DagBag from /home/airflow/.local/lib/python3.7/site-packages/airflow/example_dags/example_nested_branch_dag.py
[2022-08-22 22:19:40,897] {processor.py:651} INFO - DAG(s) dict_keys(['example_nested_branch_dag']) retrieved from /home/airflow/.local/lib/python3.7/site-packages/airflow/example_dags/example_nested_branch_dag.py
[2022-08-22 22:19:40,919] {logging_mixin.py:115} INFO - [2022-08-22 22:19:40,918] {dag.py:2420} INFO - Sync 1 DAGs
[2022-08-22 22:19:40,937] {logging_mixin.py:115} INFO - [2022-08-22 22:19:40,937] {dag.py:2972} INFO - Setting next_dagrun for example_nested_branch_dag to 2022-08-21T00:00:00+00:00, run_after=2022-08-22T00:00:00+00:00
[2022-08-22 22:19:40,946] {processor.py:161} INFO - Processing /home/airflow/.local/lib/python3.7/site-packages/airflow/example_dags/example_nested_branch_dag.py took 0.060 seconds
[2022-08-22 22:20:11,632] {processor.py:153} INFO - Started process (PID=3121) to work on /home/airflow/.local/lib/python3.7/site-packages/airflow/example_dags/example_nested_branch_dag.py
[2022-08-22 22:20:11,633] {processor.py:641} INFO - Processing file /home/airflow/.local/lib/python3.7/site-packages/airflow/example_dags/example_nested_branch_dag.py for tasks to queue
[2022-08-22 22:20:11,633] {logging_mixin.py:115} INFO - [2022-08-22 22:20:11,633] {dagbag.py:508} INFO - Filling up the DagBag from /home/airflow/.local/lib/python3.7/site-packages/airflow/example_dags/example_nested_branch_dag.py
[2022-08-22 22:20:11,646] {processor.py:651} INFO - DAG(s) dict_keys(['example_nested_branch_dag']) retrieved from /home/airflow/.local/lib/python3.7/site-packages/airflow/example_dags/example_nested_branch_dag.py
[2022-08-22 22:20:11,679] {logging_mixin.py:115} INFO - [2022-08-22 22:20:11,679] {dag.py:2420} INFO - Sync 1 DAGs
[2022-08-22 22:20:11,708] {logging_mixin.py:115} INFO - [2022-08-22 22:20:11,708] {dag.py:2972} INFO - Setting next_dagrun for example_nested_branch_dag to 2022-08-21T00:00:00+00:00, run_after=2022-08-22T00:00:00+00:00
[2022-08-22 22:20:11,723] {processor.py:161} INFO - Processing /home/airflow/.local/lib/python3.7/site-packages/airflow/example_dags/example_nested_branch_dag.py took 0.094 seconds
[2022-08-22 22:20:42,229] {processor.py:153} INFO - Started process (PID=3182) to work on /home/airflow/.local/lib/python3.7/site-packages/airflow/example_dags/example_nested_branch_dag.py
[2022-08-22 22:20:42,229] {processor.py:641} INFO - Processing file /home/airflow/.local/lib/python3.7/site-packages/airflow/example_dags/example_nested_branch_dag.py for tasks to queue
[2022-08-22 22:20:42,229] {logging_mixin.py:115} INFO - [2022-08-22 22:20:42,229] {dagbag.py:508} INFO - Filling up the DagBag from /home/airflow/.local/lib/python3.7/site-packages/airflow/example_dags/example_nested_branch_dag.py
[2022-08-22 22:20:42,238] {processor.py:651} INFO - DAG(s) dict_keys(['example_nested_branch_dag']) retrieved from /home/airflow/.local/lib/python3.7/site-packages/airflow/example_dags/example_nested_branch_dag.py
[2022-08-22 22:20:42,260] {logging_mixin.py:115} INFO - [2022-08-22 22:20:42,260] {dag.py:2420} INFO - Sync 1 DAGs
[2022-08-22 22:20:42,279] {logging_mixin.py:115} INFO - [2022-08-22 22:20:42,279] {dag.py:2972} INFO - Setting next_dagrun for example_nested_branch_dag to 2022-08-21T00:00:00+00:00, run_after=2022-08-22T00:00:00+00:00
[2022-08-22 22:20:42,288] {processor.py:161} INFO - Processing /home/airflow/.local/lib/python3.7/site-packages/airflow/example_dags/example_nested_branch_dag.py took 0.062 seconds
[2022-08-22 22:21:12,747] {processor.py:153} INFO - Started process (PID=3243) to work on /home/airflow/.local/lib/python3.7/site-packages/airflow/example_dags/example_nested_branch_dag.py
[2022-08-22 22:21:12,748] {processor.py:641} INFO - Processing file /home/airflow/.local/lib/python3.7/site-packages/airflow/example_dags/example_nested_branch_dag.py for tasks to queue
[2022-08-22 22:21:12,748] {logging_mixin.py:115} INFO - [2022-08-22 22:21:12,748] {dagbag.py:508} INFO - Filling up the DagBag from /home/airflow/.local/lib/python3.7/site-packages/airflow/example_dags/example_nested_branch_dag.py
[2022-08-22 22:21:12,756] {processor.py:651} INFO - DAG(s) dict_keys(['example_nested_branch_dag']) retrieved from /home/airflow/.local/lib/python3.7/site-packages/airflow/example_dags/example_nested_branch_dag.py
[2022-08-22 22:21:12,775] {logging_mixin.py:115} INFO - [2022-08-22 22:21:12,775] {dag.py:2420} INFO - Sync 1 DAGs
[2022-08-22 22:21:12,795] {logging_mixin.py:115} INFO - [2022-08-22 22:21:12,795] {dag.py:2972} INFO - Setting next_dagrun for example_nested_branch_dag to 2022-08-21T00:00:00+00:00, run_after=2022-08-22T00:00:00+00:00
[2022-08-22 22:21:12,805] {processor.py:161} INFO - Processing /home/airflow/.local/lib/python3.7/site-packages/airflow/example_dags/example_nested_branch_dag.py took 0.060 seconds
[2022-08-22 22:21:43,479] {processor.py:153} INFO - Started process (PID=3304) to work on /home/airflow/.local/lib/python3.7/site-packages/airflow/example_dags/example_nested_branch_dag.py
[2022-08-22 22:21:43,480] {processor.py:641} INFO - Processing file /home/airflow/.local/lib/python3.7/site-packages/airflow/example_dags/example_nested_branch_dag.py for tasks to queue
[2022-08-22 22:21:43,480] {logging_mixin.py:115} INFO - [2022-08-22 22:21:43,480] {dagbag.py:508} INFO - Filling up the DagBag from /home/airflow/.local/lib/python3.7/site-packages/airflow/example_dags/example_nested_branch_dag.py
[2022-08-22 22:21:43,490] {processor.py:651} INFO - DAG(s) dict_keys(['example_nested_branch_dag']) retrieved from /home/airflow/.local/lib/python3.7/site-packages/airflow/example_dags/example_nested_branch_dag.py
[2022-08-22 22:21:43,513] {logging_mixin.py:115} INFO - [2022-08-22 22:21:43,513] {dag.py:2420} INFO - Sync 1 DAGs
[2022-08-22 22:21:43,535] {logging_mixin.py:115} INFO - [2022-08-22 22:21:43,535] {dag.py:2972} INFO - Setting next_dagrun for example_nested_branch_dag to 2022-08-21T00:00:00+00:00, run_after=2022-08-22T00:00:00+00:00
[2022-08-22 22:21:43,547] {processor.py:161} INFO - Processing /home/airflow/.local/lib/python3.7/site-packages/airflow/example_dags/example_nested_branch_dag.py took 0.070 seconds
[2022-08-22 22:22:14,078] {processor.py:153} INFO - Started process (PID=3356) to work on /home/airflow/.local/lib/python3.7/site-packages/airflow/example_dags/example_nested_branch_dag.py
[2022-08-22 22:22:14,079] {processor.py:641} INFO - Processing file /home/airflow/.local/lib/python3.7/site-packages/airflow/example_dags/example_nested_branch_dag.py for tasks to queue
[2022-08-22 22:22:14,079] {logging_mixin.py:115} INFO - [2022-08-22 22:22:14,079] {dagbag.py:508} INFO - Filling up the DagBag from /home/airflow/.local/lib/python3.7/site-packages/airflow/example_dags/example_nested_branch_dag.py
[2022-08-22 22:22:14,088] {processor.py:651} INFO - DAG(s) dict_keys(['example_nested_branch_dag']) retrieved from /home/airflow/.local/lib/python3.7/site-packages/airflow/example_dags/example_nested_branch_dag.py
[2022-08-22 22:22:14,108] {logging_mixin.py:115} INFO - [2022-08-22 22:22:14,108] {dag.py:2420} INFO - Sync 1 DAGs
[2022-08-22 22:22:14,127] {logging_mixin.py:115} INFO - [2022-08-22 22:22:14,127] {dag.py:2972} INFO - Setting next_dagrun for example_nested_branch_dag to 2022-08-21T00:00:00+00:00, run_after=2022-08-22T00:00:00+00:00
[2022-08-22 22:22:14,136] {processor.py:161} INFO - Processing /home/airflow/.local/lib/python3.7/site-packages/airflow/example_dags/example_nested_branch_dag.py took 0.060 seconds
[2022-08-22 22:22:44,755] {processor.py:153} INFO - Started process (PID=3417) to work on /home/airflow/.local/lib/python3.7/site-packages/airflow/example_dags/example_nested_branch_dag.py
[2022-08-22 22:22:44,755] {processor.py:641} INFO - Processing file /home/airflow/.local/lib/python3.7/site-packages/airflow/example_dags/example_nested_branch_dag.py for tasks to queue
[2022-08-22 22:22:44,755] {logging_mixin.py:115} INFO - [2022-08-22 22:22:44,755] {dagbag.py:508} INFO - Filling up the DagBag from /home/airflow/.local/lib/python3.7/site-packages/airflow/example_dags/example_nested_branch_dag.py
[2022-08-22 22:22:44,764] {processor.py:651} INFO - DAG(s) dict_keys(['example_nested_branch_dag']) retrieved from /home/airflow/.local/lib/python3.7/site-packages/airflow/example_dags/example_nested_branch_dag.py
[2022-08-22 22:22:44,786] {logging_mixin.py:115} INFO - [2022-08-22 22:22:44,786] {dag.py:2420} INFO - Sync 1 DAGs
[2022-08-22 22:22:44,805] {logging_mixin.py:115} INFO - [2022-08-22 22:22:44,805] {dag.py:2972} INFO - Setting next_dagrun for example_nested_branch_dag to 2022-08-21T00:00:00+00:00, run_after=2022-08-22T00:00:00+00:00
[2022-08-22 22:22:44,816] {processor.py:161} INFO - Processing /home/airflow/.local/lib/python3.7/site-packages/airflow/example_dags/example_nested_branch_dag.py took 0.064 seconds
[2022-08-22 22:23:15,400] {processor.py:153} INFO - Started process (PID=3478) to work on /home/airflow/.local/lib/python3.7/site-packages/airflow/example_dags/example_nested_branch_dag.py
[2022-08-22 22:23:15,400] {processor.py:641} INFO - Processing file /home/airflow/.local/lib/python3.7/site-packages/airflow/example_dags/example_nested_branch_dag.py for tasks to queue
[2022-08-22 22:23:15,401] {logging_mixin.py:115} INFO - [2022-08-22 22:23:15,401] {dagbag.py:508} INFO - Filling up the DagBag from /home/airflow/.local/lib/python3.7/site-packages/airflow/example_dags/example_nested_branch_dag.py
[2022-08-22 22:23:15,416] {processor.py:651} INFO - DAG(s) dict_keys(['example_nested_branch_dag']) retrieved from /home/airflow/.local/lib/python3.7/site-packages/airflow/example_dags/example_nested_branch_dag.py
[2022-08-22 22:23:15,437] {logging_mixin.py:115} INFO - [2022-08-22 22:23:15,437] {dag.py:2420} INFO - Sync 1 DAGs
[2022-08-22 22:23:15,457] {logging_mixin.py:115} INFO - [2022-08-22 22:23:15,457] {dag.py:2972} INFO - Setting next_dagrun for example_nested_branch_dag to 2022-08-21T00:00:00+00:00, run_after=2022-08-22T00:00:00+00:00
[2022-08-22 22:23:15,467] {processor.py:161} INFO - Processing /home/airflow/.local/lib/python3.7/site-packages/airflow/example_dags/example_nested_branch_dag.py took 0.071 seconds
[2022-08-22 22:23:46,145] {processor.py:153} INFO - Started process (PID=3537) to work on /home/airflow/.local/lib/python3.7/site-packages/airflow/example_dags/example_nested_branch_dag.py
[2022-08-22 22:23:46,146] {processor.py:641} INFO - Processing file /home/airflow/.local/lib/python3.7/site-packages/airflow/example_dags/example_nested_branch_dag.py for tasks to queue
[2022-08-22 22:23:46,146] {logging_mixin.py:115} INFO - [2022-08-22 22:23:46,146] {dagbag.py:508} INFO - Filling up the DagBag from /home/airflow/.local/lib/python3.7/site-packages/airflow/example_dags/example_nested_branch_dag.py
[2022-08-22 22:23:46,155] {processor.py:651} INFO - DAG(s) dict_keys(['example_nested_branch_dag']) retrieved from /home/airflow/.local/lib/python3.7/site-packages/airflow/example_dags/example_nested_branch_dag.py
[2022-08-22 22:23:46,179] {logging_mixin.py:115} INFO - [2022-08-22 22:23:46,178] {dag.py:2420} INFO - Sync 1 DAGs
[2022-08-22 22:23:46,198] {logging_mixin.py:115} INFO - [2022-08-22 22:23:46,198] {dag.py:2972} INFO - Setting next_dagrun for example_nested_branch_dag to 2022-08-21T00:00:00+00:00, run_after=2022-08-22T00:00:00+00:00
[2022-08-22 22:23:46,209] {processor.py:161} INFO - Processing /home/airflow/.local/lib/python3.7/site-packages/airflow/example_dags/example_nested_branch_dag.py took 0.066 seconds
[2022-08-22 22:24:16,940] {processor.py:153} INFO - Started process (PID=3591) to work on /home/airflow/.local/lib/python3.7/site-packages/airflow/example_dags/example_nested_branch_dag.py
[2022-08-22 22:24:16,940] {processor.py:641} INFO - Processing file /home/airflow/.local/lib/python3.7/site-packages/airflow/example_dags/example_nested_branch_dag.py for tasks to queue
[2022-08-22 22:24:16,941] {logging_mixin.py:115} INFO - [2022-08-22 22:24:16,941] {dagbag.py:508} INFO - Filling up the DagBag from /home/airflow/.local/lib/python3.7/site-packages/airflow/example_dags/example_nested_branch_dag.py
[2022-08-22 22:24:16,957] {processor.py:651} INFO - DAG(s) dict_keys(['example_nested_branch_dag']) retrieved from /home/airflow/.local/lib/python3.7/site-packages/airflow/example_dags/example_nested_branch_dag.py
[2022-08-22 22:24:16,980] {logging_mixin.py:115} INFO - [2022-08-22 22:24:16,980] {dag.py:2420} INFO - Sync 1 DAGs
[2022-08-22 22:24:16,999] {logging_mixin.py:115} INFO - [2022-08-22 22:24:16,998] {dag.py:2972} INFO - Setting next_dagrun for example_nested_branch_dag to 2022-08-21T00:00:00+00:00, run_after=2022-08-22T00:00:00+00:00
[2022-08-22 22:24:17,010] {processor.py:161} INFO - Processing /home/airflow/.local/lib/python3.7/site-packages/airflow/example_dags/example_nested_branch_dag.py took 0.075 seconds
[2022-08-22 22:24:47,572] {processor.py:153} INFO - Started process (PID=3652) to work on /home/airflow/.local/lib/python3.7/site-packages/airflow/example_dags/example_nested_branch_dag.py
[2022-08-22 22:24:47,572] {processor.py:641} INFO - Processing file /home/airflow/.local/lib/python3.7/site-packages/airflow/example_dags/example_nested_branch_dag.py for tasks to queue
[2022-08-22 22:24:47,573] {logging_mixin.py:115} INFO - [2022-08-22 22:24:47,573] {dagbag.py:508} INFO - Filling up the DagBag from /home/airflow/.local/lib/python3.7/site-packages/airflow/example_dags/example_nested_branch_dag.py
[2022-08-22 22:24:47,581] {processor.py:651} INFO - DAG(s) dict_keys(['example_nested_branch_dag']) retrieved from /home/airflow/.local/lib/python3.7/site-packages/airflow/example_dags/example_nested_branch_dag.py
[2022-08-22 22:24:47,604] {logging_mixin.py:115} INFO - [2022-08-22 22:24:47,604] {dag.py:2420} INFO - Sync 1 DAGs
[2022-08-22 22:24:47,623] {logging_mixin.py:115} INFO - [2022-08-22 22:24:47,623] {dag.py:2972} INFO - Setting next_dagrun for example_nested_branch_dag to 2022-08-21T00:00:00+00:00, run_after=2022-08-22T00:00:00+00:00
[2022-08-22 22:24:47,634] {processor.py:161} INFO - Processing /home/airflow/.local/lib/python3.7/site-packages/airflow/example_dags/example_nested_branch_dag.py took 0.064 seconds
[2022-08-22 22:25:18,251] {processor.py:153} INFO - Started process (PID=3713) to work on /home/airflow/.local/lib/python3.7/site-packages/airflow/example_dags/example_nested_branch_dag.py
[2022-08-22 22:25:18,252] {processor.py:641} INFO - Processing file /home/airflow/.local/lib/python3.7/site-packages/airflow/example_dags/example_nested_branch_dag.py for tasks to queue
[2022-08-22 22:25:18,252] {logging_mixin.py:115} INFO - [2022-08-22 22:25:18,252] {dagbag.py:508} INFO - Filling up the DagBag from /home/airflow/.local/lib/python3.7/site-packages/airflow/example_dags/example_nested_branch_dag.py
[2022-08-22 22:25:18,260] {processor.py:651} INFO - DAG(s) dict_keys(['example_nested_branch_dag']) retrieved from /home/airflow/.local/lib/python3.7/site-packages/airflow/example_dags/example_nested_branch_dag.py
[2022-08-22 22:25:18,281] {logging_mixin.py:115} INFO - [2022-08-22 22:25:18,281] {dag.py:2420} INFO - Sync 1 DAGs
[2022-08-22 22:25:18,301] {logging_mixin.py:115} INFO - [2022-08-22 22:25:18,301] {dag.py:2972} INFO - Setting next_dagrun for example_nested_branch_dag to 2022-08-21T00:00:00+00:00, run_after=2022-08-22T00:00:00+00:00
[2022-08-22 22:25:18,311] {processor.py:161} INFO - Processing /home/airflow/.local/lib/python3.7/site-packages/airflow/example_dags/example_nested_branch_dag.py took 0.062 seconds
[2022-08-22 22:25:48,977] {processor.py:153} INFO - Started process (PID=3765) to work on /home/airflow/.local/lib/python3.7/site-packages/airflow/example_dags/example_nested_branch_dag.py
[2022-08-22 22:25:48,977] {processor.py:641} INFO - Processing file /home/airflow/.local/lib/python3.7/site-packages/airflow/example_dags/example_nested_branch_dag.py for tasks to queue
[2022-08-22 22:25:48,978] {logging_mixin.py:115} INFO - [2022-08-22 22:25:48,978] {dagbag.py:508} INFO - Filling up the DagBag from /home/airflow/.local/lib/python3.7/site-packages/airflow/example_dags/example_nested_branch_dag.py
[2022-08-22 22:25:48,986] {processor.py:651} INFO - DAG(s) dict_keys(['example_nested_branch_dag']) retrieved from /home/airflow/.local/lib/python3.7/site-packages/airflow/example_dags/example_nested_branch_dag.py
[2022-08-22 22:25:49,008] {logging_mixin.py:115} INFO - [2022-08-22 22:25:49,008] {dag.py:2420} INFO - Sync 1 DAGs
[2022-08-22 22:25:49,026] {logging_mixin.py:115} INFO - [2022-08-22 22:25:49,026] {dag.py:2972} INFO - Setting next_dagrun for example_nested_branch_dag to 2022-08-21T00:00:00+00:00, run_after=2022-08-22T00:00:00+00:00
[2022-08-22 22:25:49,037] {processor.py:161} INFO - Processing /home/airflow/.local/lib/python3.7/site-packages/airflow/example_dags/example_nested_branch_dag.py took 0.062 seconds
[2022-08-22 22:26:19,606] {processor.py:153} INFO - Started process (PID=3826) to work on /home/airflow/.local/lib/python3.7/site-packages/airflow/example_dags/example_nested_branch_dag.py
[2022-08-22 22:26:19,606] {processor.py:641} INFO - Processing file /home/airflow/.local/lib/python3.7/site-packages/airflow/example_dags/example_nested_branch_dag.py for tasks to queue
[2022-08-22 22:26:19,607] {logging_mixin.py:115} INFO - [2022-08-22 22:26:19,607] {dagbag.py:508} INFO - Filling up the DagBag from /home/airflow/.local/lib/python3.7/site-packages/airflow/example_dags/example_nested_branch_dag.py
[2022-08-22 22:26:19,622] {processor.py:651} INFO - DAG(s) dict_keys(['example_nested_branch_dag']) retrieved from /home/airflow/.local/lib/python3.7/site-packages/airflow/example_dags/example_nested_branch_dag.py
[2022-08-22 22:26:19,644] {logging_mixin.py:115} INFO - [2022-08-22 22:26:19,644] {dag.py:2420} INFO - Sync 1 DAGs
[2022-08-22 22:26:19,663] {logging_mixin.py:115} INFO - [2022-08-22 22:26:19,663] {dag.py:2972} INFO - Setting next_dagrun for example_nested_branch_dag to 2022-08-21T00:00:00+00:00, run_after=2022-08-22T00:00:00+00:00
[2022-08-22 22:26:19,675] {processor.py:161} INFO - Processing /home/airflow/.local/lib/python3.7/site-packages/airflow/example_dags/example_nested_branch_dag.py took 0.073 seconds
[2022-08-22 22:26:50,318] {processor.py:153} INFO - Started process (PID=3887) to work on /home/airflow/.local/lib/python3.7/site-packages/airflow/example_dags/example_nested_branch_dag.py
[2022-08-22 22:26:50,319] {processor.py:641} INFO - Processing file /home/airflow/.local/lib/python3.7/site-packages/airflow/example_dags/example_nested_branch_dag.py for tasks to queue
[2022-08-22 22:26:50,319] {logging_mixin.py:115} INFO - [2022-08-22 22:26:50,319] {dagbag.py:508} INFO - Filling up the DagBag from /home/airflow/.local/lib/python3.7/site-packages/airflow/example_dags/example_nested_branch_dag.py
[2022-08-22 22:26:50,328] {processor.py:651} INFO - DAG(s) dict_keys(['example_nested_branch_dag']) retrieved from /home/airflow/.local/lib/python3.7/site-packages/airflow/example_dags/example_nested_branch_dag.py
[2022-08-22 22:26:50,352] {logging_mixin.py:115} INFO - [2022-08-22 22:26:50,352] {dag.py:2420} INFO - Sync 1 DAGs
[2022-08-22 22:26:50,372] {logging_mixin.py:115} INFO - [2022-08-22 22:26:50,371] {dag.py:2972} INFO - Setting next_dagrun for example_nested_branch_dag to 2022-08-21T00:00:00+00:00, run_after=2022-08-22T00:00:00+00:00
[2022-08-22 22:26:50,382] {processor.py:161} INFO - Processing /home/airflow/.local/lib/python3.7/site-packages/airflow/example_dags/example_nested_branch_dag.py took 0.066 seconds
[2022-08-22 22:27:21,150] {processor.py:153} INFO - Started process (PID=3948) to work on /home/airflow/.local/lib/python3.7/site-packages/airflow/example_dags/example_nested_branch_dag.py
[2022-08-22 22:27:21,151] {processor.py:641} INFO - Processing file /home/airflow/.local/lib/python3.7/site-packages/airflow/example_dags/example_nested_branch_dag.py for tasks to queue
[2022-08-22 22:27:21,151] {logging_mixin.py:115} INFO - [2022-08-22 22:27:21,151] {dagbag.py:508} INFO - Filling up the DagBag from /home/airflow/.local/lib/python3.7/site-packages/airflow/example_dags/example_nested_branch_dag.py
[2022-08-22 22:27:21,159] {processor.py:651} INFO - DAG(s) dict_keys(['example_nested_branch_dag']) retrieved from /home/airflow/.local/lib/python3.7/site-packages/airflow/example_dags/example_nested_branch_dag.py
[2022-08-22 22:27:21,179] {logging_mixin.py:115} INFO - [2022-08-22 22:27:21,179] {dag.py:2420} INFO - Sync 1 DAGs
[2022-08-22 22:27:21,198] {logging_mixin.py:115} INFO - [2022-08-22 22:27:21,198] {dag.py:2972} INFO - Setting next_dagrun for example_nested_branch_dag to 2022-08-21T00:00:00+00:00, run_after=2022-08-22T00:00:00+00:00
[2022-08-22 22:27:21,208] {processor.py:161} INFO - Processing /home/airflow/.local/lib/python3.7/site-packages/airflow/example_dags/example_nested_branch_dag.py took 0.060 seconds
[2022-08-22 22:27:51,773] {processor.py:153} INFO - Started process (PID=4000) to work on /home/airflow/.local/lib/python3.7/site-packages/airflow/example_dags/example_nested_branch_dag.py
[2022-08-22 22:27:51,774] {processor.py:641} INFO - Processing file /home/airflow/.local/lib/python3.7/site-packages/airflow/example_dags/example_nested_branch_dag.py for tasks to queue
[2022-08-22 22:27:51,774] {logging_mixin.py:115} INFO - [2022-08-22 22:27:51,774] {dagbag.py:508} INFO - Filling up the DagBag from /home/airflow/.local/lib/python3.7/site-packages/airflow/example_dags/example_nested_branch_dag.py
[2022-08-22 22:27:51,783] {processor.py:651} INFO - DAG(s) dict_keys(['example_nested_branch_dag']) retrieved from /home/airflow/.local/lib/python3.7/site-packages/airflow/example_dags/example_nested_branch_dag.py
[2022-08-22 22:27:51,804] {logging_mixin.py:115} INFO - [2022-08-22 22:27:51,804] {dag.py:2420} INFO - Sync 1 DAGs
[2022-08-22 22:27:51,823] {logging_mixin.py:115} INFO - [2022-08-22 22:27:51,823] {dag.py:2972} INFO - Setting next_dagrun for example_nested_branch_dag to 2022-08-21T00:00:00+00:00, run_after=2022-08-22T00:00:00+00:00
[2022-08-22 22:27:51,834] {processor.py:161} INFO - Processing /home/airflow/.local/lib/python3.7/site-packages/airflow/example_dags/example_nested_branch_dag.py took 0.064 seconds
[2022-08-22 22:28:22,418] {processor.py:153} INFO - Started process (PID=4061) to work on /home/airflow/.local/lib/python3.7/site-packages/airflow/example_dags/example_nested_branch_dag.py
[2022-08-22 22:28:22,418] {processor.py:641} INFO - Processing file /home/airflow/.local/lib/python3.7/site-packages/airflow/example_dags/example_nested_branch_dag.py for tasks to queue
[2022-08-22 22:28:22,418] {logging_mixin.py:115} INFO - [2022-08-22 22:28:22,418] {dagbag.py:508} INFO - Filling up the DagBag from /home/airflow/.local/lib/python3.7/site-packages/airflow/example_dags/example_nested_branch_dag.py
[2022-08-22 22:28:22,427] {processor.py:651} INFO - DAG(s) dict_keys(['example_nested_branch_dag']) retrieved from /home/airflow/.local/lib/python3.7/site-packages/airflow/example_dags/example_nested_branch_dag.py
[2022-08-22 22:28:22,447] {logging_mixin.py:115} INFO - [2022-08-22 22:28:22,447] {dag.py:2420} INFO - Sync 1 DAGs
[2022-08-22 22:28:22,467] {logging_mixin.py:115} INFO - [2022-08-22 22:28:22,467] {dag.py:2972} INFO - Setting next_dagrun for example_nested_branch_dag to 2022-08-21T00:00:00+00:00, run_after=2022-08-22T00:00:00+00:00
[2022-08-22 22:28:22,477] {processor.py:161} INFO - Processing /home/airflow/.local/lib/python3.7/site-packages/airflow/example_dags/example_nested_branch_dag.py took 0.061 seconds
