[2022-08-22 21:53:33,744] {processor.py:153} INFO - Started process (PID=74) to work on /home/airflow/.local/lib/python3.7/site-packages/airflow/example_dags/tutorial_taskflow_api_etl.py
[2022-08-22 21:53:33,745] {processor.py:641} INFO - Processing file /home/airflow/.local/lib/python3.7/site-packages/airflow/example_dags/tutorial_taskflow_api_etl.py for tasks to queue
[2022-08-22 21:53:33,746] {logging_mixin.py:115} INFO - [2022-08-22 21:53:33,746] {dagbag.py:508} INFO - Filling up the DagBag from /home/airflow/.local/lib/python3.7/site-packages/airflow/example_dags/tutorial_taskflow_api_etl.py
[2022-08-22 21:53:33,761] {processor.py:651} INFO - DAG(s) dict_keys(['tutorial_taskflow_api_etl']) retrieved from /home/airflow/.local/lib/python3.7/site-packages/airflow/example_dags/tutorial_taskflow_api_etl.py
[2022-08-22 21:53:33,858] {logging_mixin.py:115} INFO - [2022-08-22 21:53:33,858] {manager.py:508} INFO - Created Permission View: can edit on DAG:tutorial_taskflow_api_etl
[2022-08-22 21:53:33,875] {logging_mixin.py:115} INFO - [2022-08-22 21:53:33,875] {manager.py:508} INFO - Created Permission View: can read on DAG:tutorial_taskflow_api_etl
[2022-08-22 21:53:33,886] {logging_mixin.py:115} INFO - [2022-08-22 21:53:33,886] {manager.py:508} INFO - Created Permission View: can delete on DAG:tutorial_taskflow_api_etl
[2022-08-22 21:53:33,887] {logging_mixin.py:115} INFO - [2022-08-22 21:53:33,887] {dag.py:2420} INFO - Sync 1 DAGs
[2022-08-22 21:53:33,897] {logging_mixin.py:115} INFO - [2022-08-22 21:53:33,897] {dag.py:2439} INFO - Creating ORM DAG for tutorial_taskflow_api_etl
[2022-08-22 21:53:33,909] {logging_mixin.py:115} INFO - [2022-08-22 21:53:33,909] {dag.py:2972} INFO - Setting next_dagrun for tutorial_taskflow_api_etl to None, run_after=None
[2022-08-22 21:53:33,927] {processor.py:161} INFO - Processing /home/airflow/.local/lib/python3.7/site-packages/airflow/example_dags/tutorial_taskflow_api_etl.py took 0.187 seconds
[2022-08-22 21:54:04,670] {processor.py:153} INFO - Started process (PID=126) to work on /home/airflow/.local/lib/python3.7/site-packages/airflow/example_dags/tutorial_taskflow_api_etl.py
[2022-08-22 21:54:04,672] {processor.py:641} INFO - Processing file /home/airflow/.local/lib/python3.7/site-packages/airflow/example_dags/tutorial_taskflow_api_etl.py for tasks to queue
[2022-08-22 21:54:04,672] {logging_mixin.py:115} INFO - [2022-08-22 21:54:04,672] {dagbag.py:508} INFO - Filling up the DagBag from /home/airflow/.local/lib/python3.7/site-packages/airflow/example_dags/tutorial_taskflow_api_etl.py
[2022-08-22 21:54:04,688] {processor.py:651} INFO - DAG(s) dict_keys(['tutorial_taskflow_api_etl']) retrieved from /home/airflow/.local/lib/python3.7/site-packages/airflow/example_dags/tutorial_taskflow_api_etl.py
[2022-08-22 21:54:04,752] {logging_mixin.py:115} INFO - [2022-08-22 21:54:04,752] {dag.py:2420} INFO - Sync 1 DAGs
[2022-08-22 21:54:04,773] {logging_mixin.py:115} INFO - [2022-08-22 21:54:04,773] {dag.py:2972} INFO - Setting next_dagrun for tutorial_taskflow_api_etl to None, run_after=None
[2022-08-22 21:54:04,789] {processor.py:161} INFO - Processing /home/airflow/.local/lib/python3.7/site-packages/airflow/example_dags/tutorial_taskflow_api_etl.py took 0.123 seconds
[2022-08-22 21:54:35,503] {processor.py:153} INFO - Started process (PID=187) to work on /home/airflow/.local/lib/python3.7/site-packages/airflow/example_dags/tutorial_taskflow_api_etl.py
[2022-08-22 21:54:35,503] {processor.py:641} INFO - Processing file /home/airflow/.local/lib/python3.7/site-packages/airflow/example_dags/tutorial_taskflow_api_etl.py for tasks to queue
[2022-08-22 21:54:35,504] {logging_mixin.py:115} INFO - [2022-08-22 21:54:35,504] {dagbag.py:508} INFO - Filling up the DagBag from /home/airflow/.local/lib/python3.7/site-packages/airflow/example_dags/tutorial_taskflow_api_etl.py
[2022-08-22 21:54:35,517] {processor.py:651} INFO - DAG(s) dict_keys(['tutorial_taskflow_api_etl']) retrieved from /home/airflow/.local/lib/python3.7/site-packages/airflow/example_dags/tutorial_taskflow_api_etl.py
[2022-08-22 21:54:35,579] {logging_mixin.py:115} INFO - [2022-08-22 21:54:35,579] {dag.py:2420} INFO - Sync 1 DAGs
[2022-08-22 21:54:35,603] {logging_mixin.py:115} INFO - [2022-08-22 21:54:35,602] {dag.py:2972} INFO - Setting next_dagrun for tutorial_taskflow_api_etl to None, run_after=None
[2022-08-22 21:54:35,617] {processor.py:161} INFO - Processing /home/airflow/.local/lib/python3.7/site-packages/airflow/example_dags/tutorial_taskflow_api_etl.py took 0.116 seconds
[2022-08-22 21:55:06,412] {processor.py:153} INFO - Started process (PID=248) to work on /home/airflow/.local/lib/python3.7/site-packages/airflow/example_dags/tutorial_taskflow_api_etl.py
[2022-08-22 21:55:06,413] {processor.py:641} INFO - Processing file /home/airflow/.local/lib/python3.7/site-packages/airflow/example_dags/tutorial_taskflow_api_etl.py for tasks to queue
[2022-08-22 21:55:06,413] {logging_mixin.py:115} INFO - [2022-08-22 21:55:06,413] {dagbag.py:508} INFO - Filling up the DagBag from /home/airflow/.local/lib/python3.7/site-packages/airflow/example_dags/tutorial_taskflow_api_etl.py
[2022-08-22 21:55:06,427] {processor.py:651} INFO - DAG(s) dict_keys(['tutorial_taskflow_api_etl']) retrieved from /home/airflow/.local/lib/python3.7/site-packages/airflow/example_dags/tutorial_taskflow_api_etl.py
[2022-08-22 21:55:06,486] {logging_mixin.py:115} INFO - [2022-08-22 21:55:06,486] {dag.py:2420} INFO - Sync 1 DAGs
[2022-08-22 21:55:06,511] {logging_mixin.py:115} INFO - [2022-08-22 21:55:06,511] {dag.py:2972} INFO - Setting next_dagrun for tutorial_taskflow_api_etl to None, run_after=None
[2022-08-22 21:55:06,527] {processor.py:161} INFO - Processing /home/airflow/.local/lib/python3.7/site-packages/airflow/example_dags/tutorial_taskflow_api_etl.py took 0.117 seconds
[2022-08-22 21:55:37,273] {processor.py:153} INFO - Started process (PID=310) to work on /home/airflow/.local/lib/python3.7/site-packages/airflow/example_dags/tutorial_taskflow_api_etl.py
[2022-08-22 21:55:37,273] {processor.py:641} INFO - Processing file /home/airflow/.local/lib/python3.7/site-packages/airflow/example_dags/tutorial_taskflow_api_etl.py for tasks to queue
[2022-08-22 21:55:37,274] {logging_mixin.py:115} INFO - [2022-08-22 21:55:37,273] {dagbag.py:508} INFO - Filling up the DagBag from /home/airflow/.local/lib/python3.7/site-packages/airflow/example_dags/tutorial_taskflow_api_etl.py
[2022-08-22 21:55:37,293] {processor.py:651} INFO - DAG(s) dict_keys(['tutorial_taskflow_api_etl']) retrieved from /home/airflow/.local/lib/python3.7/site-packages/airflow/example_dags/tutorial_taskflow_api_etl.py
[2022-08-22 21:55:37,377] {logging_mixin.py:115} INFO - [2022-08-22 21:55:37,377] {dag.py:2420} INFO - Sync 1 DAGs
[2022-08-22 21:55:37,402] {logging_mixin.py:115} INFO - [2022-08-22 21:55:37,402] {dag.py:2972} INFO - Setting next_dagrun for tutorial_taskflow_api_etl to None, run_after=None
[2022-08-22 21:55:37,417] {processor.py:161} INFO - Processing /home/airflow/.local/lib/python3.7/site-packages/airflow/example_dags/tutorial_taskflow_api_etl.py took 0.148 seconds
[2022-08-22 21:56:08,014] {processor.py:153} INFO - Started process (PID=362) to work on /home/airflow/.local/lib/python3.7/site-packages/airflow/example_dags/tutorial_taskflow_api_etl.py
[2022-08-22 21:56:08,015] {processor.py:641} INFO - Processing file /home/airflow/.local/lib/python3.7/site-packages/airflow/example_dags/tutorial_taskflow_api_etl.py for tasks to queue
[2022-08-22 21:56:08,015] {logging_mixin.py:115} INFO - [2022-08-22 21:56:08,015] {dagbag.py:508} INFO - Filling up the DagBag from /home/airflow/.local/lib/python3.7/site-packages/airflow/example_dags/tutorial_taskflow_api_etl.py
[2022-08-22 21:56:08,031] {processor.py:651} INFO - DAG(s) dict_keys(['tutorial_taskflow_api_etl']) retrieved from /home/airflow/.local/lib/python3.7/site-packages/airflow/example_dags/tutorial_taskflow_api_etl.py
[2022-08-22 21:56:08,091] {logging_mixin.py:115} INFO - [2022-08-22 21:56:08,091] {dag.py:2420} INFO - Sync 1 DAGs
[2022-08-22 21:56:08,114] {logging_mixin.py:115} INFO - [2022-08-22 21:56:08,114] {dag.py:2972} INFO - Setting next_dagrun for tutorial_taskflow_api_etl to None, run_after=None
[2022-08-22 21:56:08,127] {processor.py:161} INFO - Processing /home/airflow/.local/lib/python3.7/site-packages/airflow/example_dags/tutorial_taskflow_api_etl.py took 0.115 seconds
[2022-08-22 21:56:38,827] {processor.py:153} INFO - Started process (PID=423) to work on /home/airflow/.local/lib/python3.7/site-packages/airflow/example_dags/tutorial_taskflow_api_etl.py
[2022-08-22 21:56:38,828] {processor.py:641} INFO - Processing file /home/airflow/.local/lib/python3.7/site-packages/airflow/example_dags/tutorial_taskflow_api_etl.py for tasks to queue
[2022-08-22 21:56:38,828] {logging_mixin.py:115} INFO - [2022-08-22 21:56:38,828] {dagbag.py:508} INFO - Filling up the DagBag from /home/airflow/.local/lib/python3.7/site-packages/airflow/example_dags/tutorial_taskflow_api_etl.py
[2022-08-22 21:56:38,841] {processor.py:651} INFO - DAG(s) dict_keys(['tutorial_taskflow_api_etl']) retrieved from /home/airflow/.local/lib/python3.7/site-packages/airflow/example_dags/tutorial_taskflow_api_etl.py
[2022-08-22 21:56:38,897] {logging_mixin.py:115} INFO - [2022-08-22 21:56:38,897] {dag.py:2420} INFO - Sync 1 DAGs
[2022-08-22 21:56:38,917] {logging_mixin.py:115} INFO - [2022-08-22 21:56:38,917] {dag.py:2972} INFO - Setting next_dagrun for tutorial_taskflow_api_etl to None, run_after=None
[2022-08-22 21:56:38,932] {processor.py:161} INFO - Processing /home/airflow/.local/lib/python3.7/site-packages/airflow/example_dags/tutorial_taskflow_api_etl.py took 0.108 seconds
[2022-08-22 21:57:09,770] {processor.py:153} INFO - Started process (PID=484) to work on /home/airflow/.local/lib/python3.7/site-packages/airflow/example_dags/tutorial_taskflow_api_etl.py
[2022-08-22 21:57:09,771] {processor.py:641} INFO - Processing file /home/airflow/.local/lib/python3.7/site-packages/airflow/example_dags/tutorial_taskflow_api_etl.py for tasks to queue
[2022-08-22 21:57:09,772] {logging_mixin.py:115} INFO - [2022-08-22 21:57:09,771] {dagbag.py:508} INFO - Filling up the DagBag from /home/airflow/.local/lib/python3.7/site-packages/airflow/example_dags/tutorial_taskflow_api_etl.py
[2022-08-22 21:57:09,786] {processor.py:651} INFO - DAG(s) dict_keys(['tutorial_taskflow_api_etl']) retrieved from /home/airflow/.local/lib/python3.7/site-packages/airflow/example_dags/tutorial_taskflow_api_etl.py
[2022-08-22 21:57:09,843] {logging_mixin.py:115} INFO - [2022-08-22 21:57:09,843] {dag.py:2420} INFO - Sync 1 DAGs
[2022-08-22 21:57:09,863] {logging_mixin.py:115} INFO - [2022-08-22 21:57:09,862] {dag.py:2972} INFO - Setting next_dagrun for tutorial_taskflow_api_etl to None, run_after=None
[2022-08-22 21:57:09,878] {processor.py:161} INFO - Processing /home/airflow/.local/lib/python3.7/site-packages/airflow/example_dags/tutorial_taskflow_api_etl.py took 0.111 seconds
[2022-08-22 21:57:40,544] {processor.py:153} INFO - Started process (PID=536) to work on /home/airflow/.local/lib/python3.7/site-packages/airflow/example_dags/tutorial_taskflow_api_etl.py
[2022-08-22 21:57:40,545] {processor.py:641} INFO - Processing file /home/airflow/.local/lib/python3.7/site-packages/airflow/example_dags/tutorial_taskflow_api_etl.py for tasks to queue
[2022-08-22 21:57:40,545] {logging_mixin.py:115} INFO - [2022-08-22 21:57:40,545] {dagbag.py:508} INFO - Filling up the DagBag from /home/airflow/.local/lib/python3.7/site-packages/airflow/example_dags/tutorial_taskflow_api_etl.py
[2022-08-22 21:57:40,561] {processor.py:651} INFO - DAG(s) dict_keys(['tutorial_taskflow_api_etl']) retrieved from /home/airflow/.local/lib/python3.7/site-packages/airflow/example_dags/tutorial_taskflow_api_etl.py
[2022-08-22 21:57:40,624] {logging_mixin.py:115} INFO - [2022-08-22 21:57:40,624] {dag.py:2420} INFO - Sync 1 DAGs
[2022-08-22 21:57:40,648] {logging_mixin.py:115} INFO - [2022-08-22 21:57:40,647] {dag.py:2972} INFO - Setting next_dagrun for tutorial_taskflow_api_etl to None, run_after=None
[2022-08-22 21:57:40,663] {processor.py:161} INFO - Processing /home/airflow/.local/lib/python3.7/site-packages/airflow/example_dags/tutorial_taskflow_api_etl.py took 0.121 seconds
[2022-08-22 21:58:11,405] {processor.py:153} INFO - Started process (PID=597) to work on /home/airflow/.local/lib/python3.7/site-packages/airflow/example_dags/tutorial_taskflow_api_etl.py
[2022-08-22 21:58:11,406] {processor.py:641} INFO - Processing file /home/airflow/.local/lib/python3.7/site-packages/airflow/example_dags/tutorial_taskflow_api_etl.py for tasks to queue
[2022-08-22 21:58:11,406] {logging_mixin.py:115} INFO - [2022-08-22 21:58:11,406] {dagbag.py:508} INFO - Filling up the DagBag from /home/airflow/.local/lib/python3.7/site-packages/airflow/example_dags/tutorial_taskflow_api_etl.py
[2022-08-22 21:58:11,420] {processor.py:651} INFO - DAG(s) dict_keys(['tutorial_taskflow_api_etl']) retrieved from /home/airflow/.local/lib/python3.7/site-packages/airflow/example_dags/tutorial_taskflow_api_etl.py
[2022-08-22 21:58:11,478] {logging_mixin.py:115} INFO - [2022-08-22 21:58:11,478] {dag.py:2420} INFO - Sync 1 DAGs
[2022-08-22 21:58:11,497] {logging_mixin.py:115} INFO - [2022-08-22 21:58:11,497] {dag.py:2972} INFO - Setting next_dagrun for tutorial_taskflow_api_etl to None, run_after=None
[2022-08-22 21:58:11,511] {processor.py:161} INFO - Processing /home/airflow/.local/lib/python3.7/site-packages/airflow/example_dags/tutorial_taskflow_api_etl.py took 0.108 seconds
[2022-08-22 21:58:42,183] {processor.py:153} INFO - Started process (PID=658) to work on /home/airflow/.local/lib/python3.7/site-packages/airflow/example_dags/tutorial_taskflow_api_etl.py
[2022-08-22 21:58:42,183] {processor.py:641} INFO - Processing file /home/airflow/.local/lib/python3.7/site-packages/airflow/example_dags/tutorial_taskflow_api_etl.py for tasks to queue
[2022-08-22 21:58:42,184] {logging_mixin.py:115} INFO - [2022-08-22 21:58:42,184] {dagbag.py:508} INFO - Filling up the DagBag from /home/airflow/.local/lib/python3.7/site-packages/airflow/example_dags/tutorial_taskflow_api_etl.py
[2022-08-22 21:58:42,196] {processor.py:651} INFO - DAG(s) dict_keys(['tutorial_taskflow_api_etl']) retrieved from /home/airflow/.local/lib/python3.7/site-packages/airflow/example_dags/tutorial_taskflow_api_etl.py
[2022-08-22 21:58:42,254] {logging_mixin.py:115} INFO - [2022-08-22 21:58:42,254] {dag.py:2420} INFO - Sync 1 DAGs
[2022-08-22 21:58:42,274] {logging_mixin.py:115} INFO - [2022-08-22 21:58:42,274] {dag.py:2972} INFO - Setting next_dagrun for tutorial_taskflow_api_etl to None, run_after=None
[2022-08-22 21:58:42,290] {processor.py:161} INFO - Processing /home/airflow/.local/lib/python3.7/site-packages/airflow/example_dags/tutorial_taskflow_api_etl.py took 0.110 seconds
[2022-08-22 21:59:13,011] {processor.py:153} INFO - Started process (PID=719) to work on /home/airflow/.local/lib/python3.7/site-packages/airflow/example_dags/tutorial_taskflow_api_etl.py
[2022-08-22 21:59:13,012] {processor.py:641} INFO - Processing file /home/airflow/.local/lib/python3.7/site-packages/airflow/example_dags/tutorial_taskflow_api_etl.py for tasks to queue
[2022-08-22 21:59:13,012] {logging_mixin.py:115} INFO - [2022-08-22 21:59:13,012] {dagbag.py:508} INFO - Filling up the DagBag from /home/airflow/.local/lib/python3.7/site-packages/airflow/example_dags/tutorial_taskflow_api_etl.py
[2022-08-22 21:59:13,030] {processor.py:651} INFO - DAG(s) dict_keys(['tutorial_taskflow_api_etl']) retrieved from /home/airflow/.local/lib/python3.7/site-packages/airflow/example_dags/tutorial_taskflow_api_etl.py
[2022-08-22 21:59:13,061] {logging_mixin.py:115} INFO - [2022-08-22 21:59:13,060] {dag.py:2420} INFO - Sync 1 DAGs
[2022-08-22 21:59:13,087] {logging_mixin.py:115} INFO - [2022-08-22 21:59:13,087] {dag.py:2972} INFO - Setting next_dagrun for tutorial_taskflow_api_etl to None, run_after=None
[2022-08-22 21:59:13,102] {processor.py:161} INFO - Processing /home/airflow/.local/lib/python3.7/site-packages/airflow/example_dags/tutorial_taskflow_api_etl.py took 0.094 seconds
[2022-08-22 21:59:43,811] {processor.py:153} INFO - Started process (PID=771) to work on /home/airflow/.local/lib/python3.7/site-packages/airflow/example_dags/tutorial_taskflow_api_etl.py
[2022-08-22 21:59:43,812] {processor.py:641} INFO - Processing file /home/airflow/.local/lib/python3.7/site-packages/airflow/example_dags/tutorial_taskflow_api_etl.py for tasks to queue
[2022-08-22 21:59:43,812] {logging_mixin.py:115} INFO - [2022-08-22 21:59:43,812] {dagbag.py:508} INFO - Filling up the DagBag from /home/airflow/.local/lib/python3.7/site-packages/airflow/example_dags/tutorial_taskflow_api_etl.py
[2022-08-22 21:59:43,827] {processor.py:651} INFO - DAG(s) dict_keys(['tutorial_taskflow_api_etl']) retrieved from /home/airflow/.local/lib/python3.7/site-packages/airflow/example_dags/tutorial_taskflow_api_etl.py
[2022-08-22 21:59:43,849] {logging_mixin.py:115} INFO - [2022-08-22 21:59:43,849] {dag.py:2420} INFO - Sync 1 DAGs
[2022-08-22 21:59:43,868] {logging_mixin.py:115} INFO - [2022-08-22 21:59:43,868] {dag.py:2972} INFO - Setting next_dagrun for tutorial_taskflow_api_etl to None, run_after=None
[2022-08-22 21:59:43,879] {processor.py:161} INFO - Processing /home/airflow/.local/lib/python3.7/site-packages/airflow/example_dags/tutorial_taskflow_api_etl.py took 0.071 seconds
[2022-08-22 22:00:14,592] {processor.py:153} INFO - Started process (PID=832) to work on /home/airflow/.local/lib/python3.7/site-packages/airflow/example_dags/tutorial_taskflow_api_etl.py
[2022-08-22 22:00:14,593] {processor.py:641} INFO - Processing file /home/airflow/.local/lib/python3.7/site-packages/airflow/example_dags/tutorial_taskflow_api_etl.py for tasks to queue
[2022-08-22 22:00:14,593] {logging_mixin.py:115} INFO - [2022-08-22 22:00:14,593] {dagbag.py:508} INFO - Filling up the DagBag from /home/airflow/.local/lib/python3.7/site-packages/airflow/example_dags/tutorial_taskflow_api_etl.py
[2022-08-22 22:00:14,611] {processor.py:651} INFO - DAG(s) dict_keys(['tutorial_taskflow_api_etl']) retrieved from /home/airflow/.local/lib/python3.7/site-packages/airflow/example_dags/tutorial_taskflow_api_etl.py
[2022-08-22 22:00:14,673] {logging_mixin.py:115} INFO - [2022-08-22 22:00:14,673] {dag.py:2420} INFO - Sync 1 DAGs
[2022-08-22 22:00:14,692] {logging_mixin.py:115} INFO - [2022-08-22 22:00:14,691] {dag.py:2972} INFO - Setting next_dagrun for tutorial_taskflow_api_etl to None, run_after=None
[2022-08-22 22:00:14,705] {processor.py:161} INFO - Processing /home/airflow/.local/lib/python3.7/site-packages/airflow/example_dags/tutorial_taskflow_api_etl.py took 0.116 seconds
[2022-08-22 22:00:45,375] {processor.py:153} INFO - Started process (PID=893) to work on /home/airflow/.local/lib/python3.7/site-packages/airflow/example_dags/tutorial_taskflow_api_etl.py
[2022-08-22 22:00:45,375] {processor.py:641} INFO - Processing file /home/airflow/.local/lib/python3.7/site-packages/airflow/example_dags/tutorial_taskflow_api_etl.py for tasks to queue
[2022-08-22 22:00:45,375] {logging_mixin.py:115} INFO - [2022-08-22 22:00:45,375] {dagbag.py:508} INFO - Filling up the DagBag from /home/airflow/.local/lib/python3.7/site-packages/airflow/example_dags/tutorial_taskflow_api_etl.py
[2022-08-22 22:00:45,390] {processor.py:651} INFO - DAG(s) dict_keys(['tutorial_taskflow_api_etl']) retrieved from /home/airflow/.local/lib/python3.7/site-packages/airflow/example_dags/tutorial_taskflow_api_etl.py
[2022-08-22 22:00:45,455] {logging_mixin.py:115} INFO - [2022-08-22 22:00:45,455] {dag.py:2420} INFO - Sync 1 DAGs
[2022-08-22 22:00:45,473] {logging_mixin.py:115} INFO - [2022-08-22 22:00:45,473] {dag.py:2972} INFO - Setting next_dagrun for tutorial_taskflow_api_etl to None, run_after=None
[2022-08-22 22:00:45,486] {processor.py:161} INFO - Processing /home/airflow/.local/lib/python3.7/site-packages/airflow/example_dags/tutorial_taskflow_api_etl.py took 0.115 seconds
[2022-08-22 22:01:16,178] {processor.py:153} INFO - Started process (PID=945) to work on /home/airflow/.local/lib/python3.7/site-packages/airflow/example_dags/tutorial_taskflow_api_etl.py
[2022-08-22 22:01:16,178] {processor.py:641} INFO - Processing file /home/airflow/.local/lib/python3.7/site-packages/airflow/example_dags/tutorial_taskflow_api_etl.py for tasks to queue
[2022-08-22 22:01:16,179] {logging_mixin.py:115} INFO - [2022-08-22 22:01:16,179] {dagbag.py:508} INFO - Filling up the DagBag from /home/airflow/.local/lib/python3.7/site-packages/airflow/example_dags/tutorial_taskflow_api_etl.py
[2022-08-22 22:01:16,194] {processor.py:651} INFO - DAG(s) dict_keys(['tutorial_taskflow_api_etl']) retrieved from /home/airflow/.local/lib/python3.7/site-packages/airflow/example_dags/tutorial_taskflow_api_etl.py
[2022-08-22 22:01:16,257] {logging_mixin.py:115} INFO - [2022-08-22 22:01:16,257] {dag.py:2420} INFO - Sync 1 DAGs
[2022-08-22 22:01:16,275] {logging_mixin.py:115} INFO - [2022-08-22 22:01:16,275] {dag.py:2972} INFO - Setting next_dagrun for tutorial_taskflow_api_etl to None, run_after=None
[2022-08-22 22:01:16,288] {processor.py:161} INFO - Processing /home/airflow/.local/lib/python3.7/site-packages/airflow/example_dags/tutorial_taskflow_api_etl.py took 0.112 seconds
[2022-08-22 22:01:46,981] {processor.py:153} INFO - Started process (PID=1006) to work on /home/airflow/.local/lib/python3.7/site-packages/airflow/example_dags/tutorial_taskflow_api_etl.py
[2022-08-22 22:01:46,982] {processor.py:641} INFO - Processing file /home/airflow/.local/lib/python3.7/site-packages/airflow/example_dags/tutorial_taskflow_api_etl.py for tasks to queue
[2022-08-22 22:01:46,982] {logging_mixin.py:115} INFO - [2022-08-22 22:01:46,982] {dagbag.py:508} INFO - Filling up the DagBag from /home/airflow/.local/lib/python3.7/site-packages/airflow/example_dags/tutorial_taskflow_api_etl.py
[2022-08-22 22:01:46,997] {processor.py:651} INFO - DAG(s) dict_keys(['tutorial_taskflow_api_etl']) retrieved from /home/airflow/.local/lib/python3.7/site-packages/airflow/example_dags/tutorial_taskflow_api_etl.py
[2022-08-22 22:01:47,067] {logging_mixin.py:115} INFO - [2022-08-22 22:01:47,067] {dag.py:2420} INFO - Sync 1 DAGs
[2022-08-22 22:01:47,086] {logging_mixin.py:115} INFO - [2022-08-22 22:01:47,086] {dag.py:2972} INFO - Setting next_dagrun for tutorial_taskflow_api_etl to None, run_after=None
[2022-08-22 22:01:47,101] {processor.py:161} INFO - Processing /home/airflow/.local/lib/python3.7/site-packages/airflow/example_dags/tutorial_taskflow_api_etl.py took 0.123 seconds
[2022-08-22 22:02:17,917] {processor.py:153} INFO - Started process (PID=1067) to work on /home/airflow/.local/lib/python3.7/site-packages/airflow/example_dags/tutorial_taskflow_api_etl.py
[2022-08-22 22:02:17,918] {processor.py:641} INFO - Processing file /home/airflow/.local/lib/python3.7/site-packages/airflow/example_dags/tutorial_taskflow_api_etl.py for tasks to queue
[2022-08-22 22:02:17,918] {logging_mixin.py:115} INFO - [2022-08-22 22:02:17,918] {dagbag.py:508} INFO - Filling up the DagBag from /home/airflow/.local/lib/python3.7/site-packages/airflow/example_dags/tutorial_taskflow_api_etl.py
[2022-08-22 22:02:17,932] {processor.py:651} INFO - DAG(s) dict_keys(['tutorial_taskflow_api_etl']) retrieved from /home/airflow/.local/lib/python3.7/site-packages/airflow/example_dags/tutorial_taskflow_api_etl.py
[2022-08-22 22:02:17,954] {logging_mixin.py:115} INFO - [2022-08-22 22:02:17,954] {dag.py:2420} INFO - Sync 1 DAGs
[2022-08-22 22:02:17,972] {logging_mixin.py:115} INFO - [2022-08-22 22:02:17,972] {dag.py:2972} INFO - Setting next_dagrun for tutorial_taskflow_api_etl to None, run_after=None
[2022-08-22 22:02:17,984] {processor.py:161} INFO - Processing /home/airflow/.local/lib/python3.7/site-packages/airflow/example_dags/tutorial_taskflow_api_etl.py took 0.070 seconds
[2022-08-22 22:02:48,756] {processor.py:153} INFO - Started process (PID=1119) to work on /home/airflow/.local/lib/python3.7/site-packages/airflow/example_dags/tutorial_taskflow_api_etl.py
[2022-08-22 22:02:48,756] {processor.py:641} INFO - Processing file /home/airflow/.local/lib/python3.7/site-packages/airflow/example_dags/tutorial_taskflow_api_etl.py for tasks to queue
[2022-08-22 22:02:48,757] {logging_mixin.py:115} INFO - [2022-08-22 22:02:48,757] {dagbag.py:508} INFO - Filling up the DagBag from /home/airflow/.local/lib/python3.7/site-packages/airflow/example_dags/tutorial_taskflow_api_etl.py
[2022-08-22 22:02:48,777] {processor.py:651} INFO - DAG(s) dict_keys(['tutorial_taskflow_api_etl']) retrieved from /home/airflow/.local/lib/python3.7/site-packages/airflow/example_dags/tutorial_taskflow_api_etl.py
[2022-08-22 22:02:48,880] {logging_mixin.py:115} INFO - [2022-08-22 22:02:48,880] {dag.py:2420} INFO - Sync 1 DAGs
[2022-08-22 22:02:48,908] {logging_mixin.py:115} INFO - [2022-08-22 22:02:48,908] {dag.py:2972} INFO - Setting next_dagrun for tutorial_taskflow_api_etl to None, run_after=None
[2022-08-22 22:02:48,927] {processor.py:161} INFO - Processing /home/airflow/.local/lib/python3.7/site-packages/airflow/example_dags/tutorial_taskflow_api_etl.py took 0.175 seconds
[2022-08-22 22:03:19,689] {processor.py:153} INFO - Started process (PID=1180) to work on /home/airflow/.local/lib/python3.7/site-packages/airflow/example_dags/tutorial_taskflow_api_etl.py
[2022-08-22 22:03:19,690] {processor.py:641} INFO - Processing file /home/airflow/.local/lib/python3.7/site-packages/airflow/example_dags/tutorial_taskflow_api_etl.py for tasks to queue
[2022-08-22 22:03:19,691] {logging_mixin.py:115} INFO - [2022-08-22 22:03:19,691] {dagbag.py:508} INFO - Filling up the DagBag from /home/airflow/.local/lib/python3.7/site-packages/airflow/example_dags/tutorial_taskflow_api_etl.py
[2022-08-22 22:03:19,706] {processor.py:651} INFO - DAG(s) dict_keys(['tutorial_taskflow_api_etl']) retrieved from /home/airflow/.local/lib/python3.7/site-packages/airflow/example_dags/tutorial_taskflow_api_etl.py
[2022-08-22 22:03:19,767] {logging_mixin.py:115} INFO - [2022-08-22 22:03:19,767] {dag.py:2420} INFO - Sync 1 DAGs
[2022-08-22 22:03:19,785] {logging_mixin.py:115} INFO - [2022-08-22 22:03:19,785] {dag.py:2972} INFO - Setting next_dagrun for tutorial_taskflow_api_etl to None, run_after=None
[2022-08-22 22:03:19,798] {processor.py:161} INFO - Processing /home/airflow/.local/lib/python3.7/site-packages/airflow/example_dags/tutorial_taskflow_api_etl.py took 0.111 seconds
[2022-08-22 22:03:50,589] {processor.py:153} INFO - Started process (PID=1241) to work on /home/airflow/.local/lib/python3.7/site-packages/airflow/example_dags/tutorial_taskflow_api_etl.py
[2022-08-22 22:03:50,590] {processor.py:641} INFO - Processing file /home/airflow/.local/lib/python3.7/site-packages/airflow/example_dags/tutorial_taskflow_api_etl.py for tasks to queue
[2022-08-22 22:03:50,590] {logging_mixin.py:115} INFO - [2022-08-22 22:03:50,590] {dagbag.py:508} INFO - Filling up the DagBag from /home/airflow/.local/lib/python3.7/site-packages/airflow/example_dags/tutorial_taskflow_api_etl.py
[2022-08-22 22:03:50,614] {processor.py:651} INFO - DAG(s) dict_keys(['tutorial_taskflow_api_etl']) retrieved from /home/airflow/.local/lib/python3.7/site-packages/airflow/example_dags/tutorial_taskflow_api_etl.py
[2022-08-22 22:03:50,670] {logging_mixin.py:115} INFO - [2022-08-22 22:03:50,670] {dag.py:2420} INFO - Sync 1 DAGs
[2022-08-22 22:03:50,688] {logging_mixin.py:115} INFO - [2022-08-22 22:03:50,688] {dag.py:2972} INFO - Setting next_dagrun for tutorial_taskflow_api_etl to None, run_after=None
[2022-08-22 22:03:50,700] {processor.py:161} INFO - Processing /home/airflow/.local/lib/python3.7/site-packages/airflow/example_dags/tutorial_taskflow_api_etl.py took 0.114 seconds
[2022-08-22 22:04:21,251] {processor.py:153} INFO - Started process (PID=1302) to work on /home/airflow/.local/lib/python3.7/site-packages/airflow/example_dags/tutorial_taskflow_api_etl.py
[2022-08-22 22:04:21,252] {processor.py:641} INFO - Processing file /home/airflow/.local/lib/python3.7/site-packages/airflow/example_dags/tutorial_taskflow_api_etl.py for tasks to queue
[2022-08-22 22:04:21,252] {logging_mixin.py:115} INFO - [2022-08-22 22:04:21,252] {dagbag.py:508} INFO - Filling up the DagBag from /home/airflow/.local/lib/python3.7/site-packages/airflow/example_dags/tutorial_taskflow_api_etl.py
[2022-08-22 22:04:21,265] {processor.py:651} INFO - DAG(s) dict_keys(['tutorial_taskflow_api_etl']) retrieved from /home/airflow/.local/lib/python3.7/site-packages/airflow/example_dags/tutorial_taskflow_api_etl.py
[2022-08-22 22:04:21,330] {logging_mixin.py:115} INFO - [2022-08-22 22:04:21,330] {dag.py:2420} INFO - Sync 1 DAGs
[2022-08-22 22:04:21,346] {logging_mixin.py:115} INFO - [2022-08-22 22:04:21,346] {dag.py:2972} INFO - Setting next_dagrun for tutorial_taskflow_api_etl to None, run_after=None
[2022-08-22 22:04:21,358] {processor.py:161} INFO - Processing /home/airflow/.local/lib/python3.7/site-packages/airflow/example_dags/tutorial_taskflow_api_etl.py took 0.109 seconds
[2022-08-22 22:04:51,831] {processor.py:153} INFO - Started process (PID=1354) to work on /home/airflow/.local/lib/python3.7/site-packages/airflow/example_dags/tutorial_taskflow_api_etl.py
[2022-08-22 22:04:51,831] {processor.py:641} INFO - Processing file /home/airflow/.local/lib/python3.7/site-packages/airflow/example_dags/tutorial_taskflow_api_etl.py for tasks to queue
[2022-08-22 22:04:51,832] {logging_mixin.py:115} INFO - [2022-08-22 22:04:51,832] {dagbag.py:508} INFO - Filling up the DagBag from /home/airflow/.local/lib/python3.7/site-packages/airflow/example_dags/tutorial_taskflow_api_etl.py
[2022-08-22 22:04:51,844] {processor.py:651} INFO - DAG(s) dict_keys(['tutorial_taskflow_api_etl']) retrieved from /home/airflow/.local/lib/python3.7/site-packages/airflow/example_dags/tutorial_taskflow_api_etl.py
[2022-08-22 22:04:51,896] {logging_mixin.py:115} INFO - [2022-08-22 22:04:51,895] {dag.py:2420} INFO - Sync 1 DAGs
[2022-08-22 22:04:51,911] {logging_mixin.py:115} INFO - [2022-08-22 22:04:51,911] {dag.py:2972} INFO - Setting next_dagrun for tutorial_taskflow_api_etl to None, run_after=None
[2022-08-22 22:04:51,922] {processor.py:161} INFO - Processing /home/airflow/.local/lib/python3.7/site-packages/airflow/example_dags/tutorial_taskflow_api_etl.py took 0.096 seconds
[2022-08-22 22:05:22,323] {processor.py:153} INFO - Started process (PID=1415) to work on /home/airflow/.local/lib/python3.7/site-packages/airflow/example_dags/tutorial_taskflow_api_etl.py
[2022-08-22 22:05:22,323] {processor.py:641} INFO - Processing file /home/airflow/.local/lib/python3.7/site-packages/airflow/example_dags/tutorial_taskflow_api_etl.py for tasks to queue
[2022-08-22 22:05:22,324] {logging_mixin.py:115} INFO - [2022-08-22 22:05:22,324] {dagbag.py:508} INFO - Filling up the DagBag from /home/airflow/.local/lib/python3.7/site-packages/airflow/example_dags/tutorial_taskflow_api_etl.py
[2022-08-22 22:05:22,339] {processor.py:651} INFO - DAG(s) dict_keys(['tutorial_taskflow_api_etl']) retrieved from /home/airflow/.local/lib/python3.7/site-packages/airflow/example_dags/tutorial_taskflow_api_etl.py
[2022-08-22 22:05:22,403] {logging_mixin.py:115} INFO - [2022-08-22 22:05:22,403] {dag.py:2420} INFO - Sync 1 DAGs
[2022-08-22 22:05:22,423] {logging_mixin.py:115} INFO - [2022-08-22 22:05:22,423] {dag.py:2972} INFO - Setting next_dagrun for tutorial_taskflow_api_etl to None, run_after=None
[2022-08-22 22:05:22,437] {processor.py:161} INFO - Processing /home/airflow/.local/lib/python3.7/site-packages/airflow/example_dags/tutorial_taskflow_api_etl.py took 0.116 seconds
[2022-08-22 22:05:53,132] {processor.py:153} INFO - Started process (PID=1476) to work on /home/airflow/.local/lib/python3.7/site-packages/airflow/example_dags/tutorial_taskflow_api_etl.py
[2022-08-22 22:05:53,133] {processor.py:641} INFO - Processing file /home/airflow/.local/lib/python3.7/site-packages/airflow/example_dags/tutorial_taskflow_api_etl.py for tasks to queue
[2022-08-22 22:05:53,133] {logging_mixin.py:115} INFO - [2022-08-22 22:05:53,133] {dagbag.py:508} INFO - Filling up the DagBag from /home/airflow/.local/lib/python3.7/site-packages/airflow/example_dags/tutorial_taskflow_api_etl.py
[2022-08-22 22:05:53,155] {processor.py:651} INFO - DAG(s) dict_keys(['tutorial_taskflow_api_etl']) retrieved from /home/airflow/.local/lib/python3.7/site-packages/airflow/example_dags/tutorial_taskflow_api_etl.py
[2022-08-22 22:05:53,213] {logging_mixin.py:115} INFO - [2022-08-22 22:05:53,213] {dag.py:2420} INFO - Sync 1 DAGs
[2022-08-22 22:05:53,230] {logging_mixin.py:115} INFO - [2022-08-22 22:05:53,230] {dag.py:2972} INFO - Setting next_dagrun for tutorial_taskflow_api_etl to None, run_after=None
[2022-08-22 22:05:53,241] {processor.py:161} INFO - Processing /home/airflow/.local/lib/python3.7/site-packages/airflow/example_dags/tutorial_taskflow_api_etl.py took 0.113 seconds
[2022-08-22 22:06:23,798] {processor.py:153} INFO - Started process (PID=1537) to work on /home/airflow/.local/lib/python3.7/site-packages/airflow/example_dags/tutorial_taskflow_api_etl.py
[2022-08-22 22:06:23,799] {processor.py:641} INFO - Processing file /home/airflow/.local/lib/python3.7/site-packages/airflow/example_dags/tutorial_taskflow_api_etl.py for tasks to queue
[2022-08-22 22:06:23,800] {logging_mixin.py:115} INFO - [2022-08-22 22:06:23,800] {dagbag.py:508} INFO - Filling up the DagBag from /home/airflow/.local/lib/python3.7/site-packages/airflow/example_dags/tutorial_taskflow_api_etl.py
[2022-08-22 22:06:23,824] {processor.py:651} INFO - DAG(s) dict_keys(['tutorial_taskflow_api_etl']) retrieved from /home/airflow/.local/lib/python3.7/site-packages/airflow/example_dags/tutorial_taskflow_api_etl.py
[2022-08-22 22:06:23,889] {logging_mixin.py:115} INFO - [2022-08-22 22:06:23,889] {dag.py:2420} INFO - Sync 1 DAGs
[2022-08-22 22:06:23,909] {logging_mixin.py:115} INFO - [2022-08-22 22:06:23,909] {dag.py:2972} INFO - Setting next_dagrun for tutorial_taskflow_api_etl to None, run_after=None
[2022-08-22 22:06:23,923] {processor.py:161} INFO - Processing /home/airflow/.local/lib/python3.7/site-packages/airflow/example_dags/tutorial_taskflow_api_etl.py took 0.129 seconds
[2022-08-22 22:06:54,400] {processor.py:153} INFO - Started process (PID=1589) to work on /home/airflow/.local/lib/python3.7/site-packages/airflow/example_dags/tutorial_taskflow_api_etl.py
[2022-08-22 22:06:54,401] {processor.py:641} INFO - Processing file /home/airflow/.local/lib/python3.7/site-packages/airflow/example_dags/tutorial_taskflow_api_etl.py for tasks to queue
[2022-08-22 22:06:54,401] {logging_mixin.py:115} INFO - [2022-08-22 22:06:54,401] {dagbag.py:508} INFO - Filling up the DagBag from /home/airflow/.local/lib/python3.7/site-packages/airflow/example_dags/tutorial_taskflow_api_etl.py
[2022-08-22 22:06:54,412] {processor.py:651} INFO - DAG(s) dict_keys(['tutorial_taskflow_api_etl']) retrieved from /home/airflow/.local/lib/python3.7/site-packages/airflow/example_dags/tutorial_taskflow_api_etl.py
[2022-08-22 22:06:54,468] {logging_mixin.py:115} INFO - [2022-08-22 22:06:54,467] {dag.py:2420} INFO - Sync 1 DAGs
[2022-08-22 22:06:54,485] {logging_mixin.py:115} INFO - [2022-08-22 22:06:54,484] {dag.py:2972} INFO - Setting next_dagrun for tutorial_taskflow_api_etl to None, run_after=None
[2022-08-22 22:06:54,498] {processor.py:161} INFO - Processing /home/airflow/.local/lib/python3.7/site-packages/airflow/example_dags/tutorial_taskflow_api_etl.py took 0.100 seconds
[2022-08-22 22:07:24,996] {processor.py:153} INFO - Started process (PID=1650) to work on /home/airflow/.local/lib/python3.7/site-packages/airflow/example_dags/tutorial_taskflow_api_etl.py
[2022-08-22 22:07:24,996] {processor.py:641} INFO - Processing file /home/airflow/.local/lib/python3.7/site-packages/airflow/example_dags/tutorial_taskflow_api_etl.py for tasks to queue
[2022-08-22 22:07:24,997] {logging_mixin.py:115} INFO - [2022-08-22 22:07:24,997] {dagbag.py:508} INFO - Filling up the DagBag from /home/airflow/.local/lib/python3.7/site-packages/airflow/example_dags/tutorial_taskflow_api_etl.py
[2022-08-22 22:07:25,019] {processor.py:651} INFO - DAG(s) dict_keys(['tutorial_taskflow_api_etl']) retrieved from /home/airflow/.local/lib/python3.7/site-packages/airflow/example_dags/tutorial_taskflow_api_etl.py
[2022-08-22 22:07:25,072] {logging_mixin.py:115} INFO - [2022-08-22 22:07:25,071] {dag.py:2420} INFO - Sync 1 DAGs
[2022-08-22 22:07:25,088] {logging_mixin.py:115} INFO - [2022-08-22 22:07:25,088] {dag.py:2972} INFO - Setting next_dagrun for tutorial_taskflow_api_etl to None, run_after=None
[2022-08-22 22:07:25,098] {processor.py:161} INFO - Processing /home/airflow/.local/lib/python3.7/site-packages/airflow/example_dags/tutorial_taskflow_api_etl.py took 0.107 seconds
[2022-08-22 22:07:55,766] {processor.py:153} INFO - Started process (PID=1711) to work on /home/airflow/.local/lib/python3.7/site-packages/airflow/example_dags/tutorial_taskflow_api_etl.py
[2022-08-22 22:07:55,766] {processor.py:641} INFO - Processing file /home/airflow/.local/lib/python3.7/site-packages/airflow/example_dags/tutorial_taskflow_api_etl.py for tasks to queue
[2022-08-22 22:07:55,766] {logging_mixin.py:115} INFO - [2022-08-22 22:07:55,766] {dagbag.py:508} INFO - Filling up the DagBag from /home/airflow/.local/lib/python3.7/site-packages/airflow/example_dags/tutorial_taskflow_api_etl.py
[2022-08-22 22:07:55,778] {processor.py:651} INFO - DAG(s) dict_keys(['tutorial_taskflow_api_etl']) retrieved from /home/airflow/.local/lib/python3.7/site-packages/airflow/example_dags/tutorial_taskflow_api_etl.py
[2022-08-22 22:07:55,805] {logging_mixin.py:115} INFO - [2022-08-22 22:07:55,805] {dag.py:2420} INFO - Sync 1 DAGs
[2022-08-22 22:07:55,825] {logging_mixin.py:115} INFO - [2022-08-22 22:07:55,825] {dag.py:2972} INFO - Setting next_dagrun for tutorial_taskflow_api_etl to None, run_after=None
[2022-08-22 22:07:55,835] {processor.py:161} INFO - Processing /home/airflow/.local/lib/python3.7/site-packages/airflow/example_dags/tutorial_taskflow_api_etl.py took 0.072 seconds
[2022-08-22 22:08:26,301] {processor.py:153} INFO - Started process (PID=1763) to work on /home/airflow/.local/lib/python3.7/site-packages/airflow/example_dags/tutorial_taskflow_api_etl.py
[2022-08-22 22:08:26,302] {processor.py:641} INFO - Processing file /home/airflow/.local/lib/python3.7/site-packages/airflow/example_dags/tutorial_taskflow_api_etl.py for tasks to queue
[2022-08-22 22:08:26,302] {logging_mixin.py:115} INFO - [2022-08-22 22:08:26,302] {dagbag.py:508} INFO - Filling up the DagBag from /home/airflow/.local/lib/python3.7/site-packages/airflow/example_dags/tutorial_taskflow_api_etl.py
[2022-08-22 22:08:26,315] {processor.py:651} INFO - DAG(s) dict_keys(['tutorial_taskflow_api_etl']) retrieved from /home/airflow/.local/lib/python3.7/site-packages/airflow/example_dags/tutorial_taskflow_api_etl.py
[2022-08-22 22:08:26,365] {logging_mixin.py:115} INFO - [2022-08-22 22:08:26,365] {dag.py:2420} INFO - Sync 1 DAGs
[2022-08-22 22:08:26,381] {logging_mixin.py:115} INFO - [2022-08-22 22:08:26,381] {dag.py:2972} INFO - Setting next_dagrun for tutorial_taskflow_api_etl to None, run_after=None
[2022-08-22 22:08:26,392] {processor.py:161} INFO - Processing /home/airflow/.local/lib/python3.7/site-packages/airflow/example_dags/tutorial_taskflow_api_etl.py took 0.093 seconds
[2022-08-22 22:08:57,201] {processor.py:153} INFO - Started process (PID=1824) to work on /home/airflow/.local/lib/python3.7/site-packages/airflow/example_dags/tutorial_taskflow_api_etl.py
[2022-08-22 22:08:57,201] {processor.py:641} INFO - Processing file /home/airflow/.local/lib/python3.7/site-packages/airflow/example_dags/tutorial_taskflow_api_etl.py for tasks to queue
[2022-08-22 22:08:57,202] {logging_mixin.py:115} INFO - [2022-08-22 22:08:57,202] {dagbag.py:508} INFO - Filling up the DagBag from /home/airflow/.local/lib/python3.7/site-packages/airflow/example_dags/tutorial_taskflow_api_etl.py
[2022-08-22 22:08:57,213] {processor.py:651} INFO - DAG(s) dict_keys(['tutorial_taskflow_api_etl']) retrieved from /home/airflow/.local/lib/python3.7/site-packages/airflow/example_dags/tutorial_taskflow_api_etl.py
[2022-08-22 22:08:57,270] {logging_mixin.py:115} INFO - [2022-08-22 22:08:57,269] {dag.py:2420} INFO - Sync 1 DAGs
[2022-08-22 22:08:57,286] {logging_mixin.py:115} INFO - [2022-08-22 22:08:57,286] {dag.py:2972} INFO - Setting next_dagrun for tutorial_taskflow_api_etl to None, run_after=None
[2022-08-22 22:08:57,297] {processor.py:161} INFO - Processing /home/airflow/.local/lib/python3.7/site-packages/airflow/example_dags/tutorial_taskflow_api_etl.py took 0.098 seconds
[2022-08-22 22:09:27,809] {processor.py:153} INFO - Started process (PID=1885) to work on /home/airflow/.local/lib/python3.7/site-packages/airflow/example_dags/tutorial_taskflow_api_etl.py
[2022-08-22 22:09:27,809] {processor.py:641} INFO - Processing file /home/airflow/.local/lib/python3.7/site-packages/airflow/example_dags/tutorial_taskflow_api_etl.py for tasks to queue
[2022-08-22 22:09:27,810] {logging_mixin.py:115} INFO - [2022-08-22 22:09:27,810] {dagbag.py:508} INFO - Filling up the DagBag from /home/airflow/.local/lib/python3.7/site-packages/airflow/example_dags/tutorial_taskflow_api_etl.py
[2022-08-22 22:09:27,822] {processor.py:651} INFO - DAG(s) dict_keys(['tutorial_taskflow_api_etl']) retrieved from /home/airflow/.local/lib/python3.7/site-packages/airflow/example_dags/tutorial_taskflow_api_etl.py
[2022-08-22 22:09:27,875] {logging_mixin.py:115} INFO - [2022-08-22 22:09:27,875] {dag.py:2420} INFO - Sync 1 DAGs
[2022-08-22 22:09:27,893] {logging_mixin.py:115} INFO - [2022-08-22 22:09:27,893] {dag.py:2972} INFO - Setting next_dagrun for tutorial_taskflow_api_etl to None, run_after=None
[2022-08-22 22:09:27,903] {processor.py:161} INFO - Processing /home/airflow/.local/lib/python3.7/site-packages/airflow/example_dags/tutorial_taskflow_api_etl.py took 0.096 seconds
[2022-08-22 22:09:58,499] {processor.py:153} INFO - Started process (PID=1946) to work on /home/airflow/.local/lib/python3.7/site-packages/airflow/example_dags/tutorial_taskflow_api_etl.py
[2022-08-22 22:09:58,499] {processor.py:641} INFO - Processing file /home/airflow/.local/lib/python3.7/site-packages/airflow/example_dags/tutorial_taskflow_api_etl.py for tasks to queue
[2022-08-22 22:09:58,500] {logging_mixin.py:115} INFO - [2022-08-22 22:09:58,500] {dagbag.py:508} INFO - Filling up the DagBag from /home/airflow/.local/lib/python3.7/site-packages/airflow/example_dags/tutorial_taskflow_api_etl.py
[2022-08-22 22:09:58,514] {processor.py:651} INFO - DAG(s) dict_keys(['tutorial_taskflow_api_etl']) retrieved from /home/airflow/.local/lib/python3.7/site-packages/airflow/example_dags/tutorial_taskflow_api_etl.py
[2022-08-22 22:09:58,566] {logging_mixin.py:115} INFO - [2022-08-22 22:09:58,565] {dag.py:2420} INFO - Sync 1 DAGs
[2022-08-22 22:09:58,582] {logging_mixin.py:115} INFO - [2022-08-22 22:09:58,582] {dag.py:2972} INFO - Setting next_dagrun for tutorial_taskflow_api_etl to None, run_after=None
[2022-08-22 22:09:58,593] {processor.py:161} INFO - Processing /home/airflow/.local/lib/python3.7/site-packages/airflow/example_dags/tutorial_taskflow_api_etl.py took 0.096 seconds
[2022-08-22 22:10:29,210] {processor.py:153} INFO - Started process (PID=1998) to work on /home/airflow/.local/lib/python3.7/site-packages/airflow/example_dags/tutorial_taskflow_api_etl.py
[2022-08-22 22:10:29,210] {processor.py:641} INFO - Processing file /home/airflow/.local/lib/python3.7/site-packages/airflow/example_dags/tutorial_taskflow_api_etl.py for tasks to queue
[2022-08-22 22:10:29,211] {logging_mixin.py:115} INFO - [2022-08-22 22:10:29,211] {dagbag.py:508} INFO - Filling up the DagBag from /home/airflow/.local/lib/python3.7/site-packages/airflow/example_dags/tutorial_taskflow_api_etl.py
[2022-08-22 22:10:29,224] {processor.py:651} INFO - DAG(s) dict_keys(['tutorial_taskflow_api_etl']) retrieved from /home/airflow/.local/lib/python3.7/site-packages/airflow/example_dags/tutorial_taskflow_api_etl.py
[2022-08-22 22:10:29,276] {logging_mixin.py:115} INFO - [2022-08-22 22:10:29,276] {dag.py:2420} INFO - Sync 1 DAGs
[2022-08-22 22:10:29,295] {logging_mixin.py:115} INFO - [2022-08-22 22:10:29,295] {dag.py:2972} INFO - Setting next_dagrun for tutorial_taskflow_api_etl to None, run_after=None
[2022-08-22 22:10:29,310] {processor.py:161} INFO - Processing /home/airflow/.local/lib/python3.7/site-packages/airflow/example_dags/tutorial_taskflow_api_etl.py took 0.102 seconds
[2022-08-22 22:10:59,890] {processor.py:153} INFO - Started process (PID=2059) to work on /home/airflow/.local/lib/python3.7/site-packages/airflow/example_dags/tutorial_taskflow_api_etl.py
[2022-08-22 22:10:59,891] {processor.py:641} INFO - Processing file /home/airflow/.local/lib/python3.7/site-packages/airflow/example_dags/tutorial_taskflow_api_etl.py for tasks to queue
[2022-08-22 22:10:59,891] {logging_mixin.py:115} INFO - [2022-08-22 22:10:59,891] {dagbag.py:508} INFO - Filling up the DagBag from /home/airflow/.local/lib/python3.7/site-packages/airflow/example_dags/tutorial_taskflow_api_etl.py
[2022-08-22 22:10:59,905] {processor.py:651} INFO - DAG(s) dict_keys(['tutorial_taskflow_api_etl']) retrieved from /home/airflow/.local/lib/python3.7/site-packages/airflow/example_dags/tutorial_taskflow_api_etl.py
[2022-08-22 22:10:59,957] {logging_mixin.py:115} INFO - [2022-08-22 22:10:59,957] {dag.py:2420} INFO - Sync 1 DAGs
[2022-08-22 22:10:59,974] {logging_mixin.py:115} INFO - [2022-08-22 22:10:59,974] {dag.py:2972} INFO - Setting next_dagrun for tutorial_taskflow_api_etl to None, run_after=None
[2022-08-22 22:10:59,986] {processor.py:161} INFO - Processing /home/airflow/.local/lib/python3.7/site-packages/airflow/example_dags/tutorial_taskflow_api_etl.py took 0.098 seconds
[2022-08-22 22:11:30,409] {processor.py:153} INFO - Started process (PID=2119) to work on /home/airflow/.local/lib/python3.7/site-packages/airflow/example_dags/tutorial_taskflow_api_etl.py
[2022-08-22 22:11:30,410] {processor.py:641} INFO - Processing file /home/airflow/.local/lib/python3.7/site-packages/airflow/example_dags/tutorial_taskflow_api_etl.py for tasks to queue
[2022-08-22 22:11:30,410] {logging_mixin.py:115} INFO - [2022-08-22 22:11:30,410] {dagbag.py:508} INFO - Filling up the DagBag from /home/airflow/.local/lib/python3.7/site-packages/airflow/example_dags/tutorial_taskflow_api_etl.py
[2022-08-22 22:11:30,421] {processor.py:651} INFO - DAG(s) dict_keys(['tutorial_taskflow_api_etl']) retrieved from /home/airflow/.local/lib/python3.7/site-packages/airflow/example_dags/tutorial_taskflow_api_etl.py
[2022-08-22 22:11:30,478] {logging_mixin.py:115} INFO - [2022-08-22 22:11:30,478] {dag.py:2420} INFO - Sync 1 DAGs
[2022-08-22 22:11:30,494] {logging_mixin.py:115} INFO - [2022-08-22 22:11:30,494] {dag.py:2972} INFO - Setting next_dagrun for tutorial_taskflow_api_etl to None, run_after=None
[2022-08-22 22:11:30,505] {processor.py:161} INFO - Processing /home/airflow/.local/lib/python3.7/site-packages/airflow/example_dags/tutorial_taskflow_api_etl.py took 0.099 seconds
[2022-08-22 22:12:00,965] {processor.py:153} INFO - Started process (PID=2180) to work on /home/airflow/.local/lib/python3.7/site-packages/airflow/example_dags/tutorial_taskflow_api_etl.py
[2022-08-22 22:12:00,966] {processor.py:641} INFO - Processing file /home/airflow/.local/lib/python3.7/site-packages/airflow/example_dags/tutorial_taskflow_api_etl.py for tasks to queue
[2022-08-22 22:12:00,966] {logging_mixin.py:115} INFO - [2022-08-22 22:12:00,966] {dagbag.py:508} INFO - Filling up the DagBag from /home/airflow/.local/lib/python3.7/site-packages/airflow/example_dags/tutorial_taskflow_api_etl.py
[2022-08-22 22:12:00,979] {processor.py:651} INFO - DAG(s) dict_keys(['tutorial_taskflow_api_etl']) retrieved from /home/airflow/.local/lib/python3.7/site-packages/airflow/example_dags/tutorial_taskflow_api_etl.py
[2022-08-22 22:12:01,034] {logging_mixin.py:115} INFO - [2022-08-22 22:12:01,034] {dag.py:2420} INFO - Sync 1 DAGs
[2022-08-22 22:12:01,050] {logging_mixin.py:115} INFO - [2022-08-22 22:12:01,049] {dag.py:2972} INFO - Setting next_dagrun for tutorial_taskflow_api_etl to None, run_after=None
[2022-08-22 22:12:01,061] {processor.py:161} INFO - Processing /home/airflow/.local/lib/python3.7/site-packages/airflow/example_dags/tutorial_taskflow_api_etl.py took 0.098 seconds
[2022-08-22 22:12:31,500] {processor.py:153} INFO - Started process (PID=2232) to work on /home/airflow/.local/lib/python3.7/site-packages/airflow/example_dags/tutorial_taskflow_api_etl.py
[2022-08-22 22:12:31,500] {processor.py:641} INFO - Processing file /home/airflow/.local/lib/python3.7/site-packages/airflow/example_dags/tutorial_taskflow_api_etl.py for tasks to queue
[2022-08-22 22:12:31,500] {logging_mixin.py:115} INFO - [2022-08-22 22:12:31,500] {dagbag.py:508} INFO - Filling up the DagBag from /home/airflow/.local/lib/python3.7/site-packages/airflow/example_dags/tutorial_taskflow_api_etl.py
[2022-08-22 22:12:31,512] {processor.py:651} INFO - DAG(s) dict_keys(['tutorial_taskflow_api_etl']) retrieved from /home/airflow/.local/lib/python3.7/site-packages/airflow/example_dags/tutorial_taskflow_api_etl.py
[2022-08-22 22:12:31,531] {logging_mixin.py:115} INFO - [2022-08-22 22:12:31,531] {dag.py:2420} INFO - Sync 1 DAGs
[2022-08-22 22:12:31,548] {logging_mixin.py:115} INFO - [2022-08-22 22:12:31,548] {dag.py:2972} INFO - Setting next_dagrun for tutorial_taskflow_api_etl to None, run_after=None
[2022-08-22 22:12:31,558] {processor.py:161} INFO - Processing /home/airflow/.local/lib/python3.7/site-packages/airflow/example_dags/tutorial_taskflow_api_etl.py took 0.061 seconds
[2022-08-22 22:13:02,173] {processor.py:153} INFO - Started process (PID=2293) to work on /home/airflow/.local/lib/python3.7/site-packages/airflow/example_dags/tutorial_taskflow_api_etl.py
[2022-08-22 22:13:02,174] {processor.py:641} INFO - Processing file /home/airflow/.local/lib/python3.7/site-packages/airflow/example_dags/tutorial_taskflow_api_etl.py for tasks to queue
[2022-08-22 22:13:02,174] {logging_mixin.py:115} INFO - [2022-08-22 22:13:02,174] {dagbag.py:508} INFO - Filling up the DagBag from /home/airflow/.local/lib/python3.7/site-packages/airflow/example_dags/tutorial_taskflow_api_etl.py
[2022-08-22 22:13:02,185] {processor.py:651} INFO - DAG(s) dict_keys(['tutorial_taskflow_api_etl']) retrieved from /home/airflow/.local/lib/python3.7/site-packages/airflow/example_dags/tutorial_taskflow_api_etl.py
[2022-08-22 22:13:02,206] {logging_mixin.py:115} INFO - [2022-08-22 22:13:02,206] {dag.py:2420} INFO - Sync 1 DAGs
[2022-08-22 22:13:02,224] {logging_mixin.py:115} INFO - [2022-08-22 22:13:02,224] {dag.py:2972} INFO - Setting next_dagrun for tutorial_taskflow_api_etl to None, run_after=None
[2022-08-22 22:13:02,233] {processor.py:161} INFO - Processing /home/airflow/.local/lib/python3.7/site-packages/airflow/example_dags/tutorial_taskflow_api_etl.py took 0.062 seconds
[2022-08-22 22:13:32,803] {processor.py:153} INFO - Started process (PID=2354) to work on /home/airflow/.local/lib/python3.7/site-packages/airflow/example_dags/tutorial_taskflow_api_etl.py
[2022-08-22 22:13:32,804] {processor.py:641} INFO - Processing file /home/airflow/.local/lib/python3.7/site-packages/airflow/example_dags/tutorial_taskflow_api_etl.py for tasks to queue
[2022-08-22 22:13:32,804] {logging_mixin.py:115} INFO - [2022-08-22 22:13:32,804] {dagbag.py:508} INFO - Filling up the DagBag from /home/airflow/.local/lib/python3.7/site-packages/airflow/example_dags/tutorial_taskflow_api_etl.py
[2022-08-22 22:13:32,817] {processor.py:651} INFO - DAG(s) dict_keys(['tutorial_taskflow_api_etl']) retrieved from /home/airflow/.local/lib/python3.7/site-packages/airflow/example_dags/tutorial_taskflow_api_etl.py
[2022-08-22 22:13:32,881] {logging_mixin.py:115} INFO - [2022-08-22 22:13:32,880] {dag.py:2420} INFO - Sync 1 DAGs
[2022-08-22 22:13:32,899] {logging_mixin.py:115} INFO - [2022-08-22 22:13:32,899] {dag.py:2972} INFO - Setting next_dagrun for tutorial_taskflow_api_etl to None, run_after=None
[2022-08-22 22:13:32,910] {processor.py:161} INFO - Processing /home/airflow/.local/lib/python3.7/site-packages/airflow/example_dags/tutorial_taskflow_api_etl.py took 0.109 seconds
[2022-08-22 22:14:03,433] {processor.py:153} INFO - Started process (PID=2415) to work on /home/airflow/.local/lib/python3.7/site-packages/airflow/example_dags/tutorial_taskflow_api_etl.py
[2022-08-22 22:14:03,433] {processor.py:641} INFO - Processing file /home/airflow/.local/lib/python3.7/site-packages/airflow/example_dags/tutorial_taskflow_api_etl.py for tasks to queue
[2022-08-22 22:14:03,434] {logging_mixin.py:115} INFO - [2022-08-22 22:14:03,434] {dagbag.py:508} INFO - Filling up the DagBag from /home/airflow/.local/lib/python3.7/site-packages/airflow/example_dags/tutorial_taskflow_api_etl.py
[2022-08-22 22:14:03,447] {processor.py:651} INFO - DAG(s) dict_keys(['tutorial_taskflow_api_etl']) retrieved from /home/airflow/.local/lib/python3.7/site-packages/airflow/example_dags/tutorial_taskflow_api_etl.py
[2022-08-22 22:14:03,506] {logging_mixin.py:115} INFO - [2022-08-22 22:14:03,506] {dag.py:2420} INFO - Sync 1 DAGs
[2022-08-22 22:14:03,527] {logging_mixin.py:115} INFO - [2022-08-22 22:14:03,527] {dag.py:2972} INFO - Setting next_dagrun for tutorial_taskflow_api_etl to None, run_after=None
[2022-08-22 22:14:03,540] {processor.py:161} INFO - Processing /home/airflow/.local/lib/python3.7/site-packages/airflow/example_dags/tutorial_taskflow_api_etl.py took 0.110 seconds
[2022-08-22 22:14:34,093] {processor.py:153} INFO - Started process (PID=2467) to work on /home/airflow/.local/lib/python3.7/site-packages/airflow/example_dags/tutorial_taskflow_api_etl.py
[2022-08-22 22:14:34,093] {processor.py:641} INFO - Processing file /home/airflow/.local/lib/python3.7/site-packages/airflow/example_dags/tutorial_taskflow_api_etl.py for tasks to queue
[2022-08-22 22:14:34,094] {logging_mixin.py:115} INFO - [2022-08-22 22:14:34,094] {dagbag.py:508} INFO - Filling up the DagBag from /home/airflow/.local/lib/python3.7/site-packages/airflow/example_dags/tutorial_taskflow_api_etl.py
[2022-08-22 22:14:34,118] {processor.py:651} INFO - DAG(s) dict_keys(['tutorial_taskflow_api_etl']) retrieved from /home/airflow/.local/lib/python3.7/site-packages/airflow/example_dags/tutorial_taskflow_api_etl.py
[2022-08-22 22:14:34,175] {logging_mixin.py:115} INFO - [2022-08-22 22:14:34,175] {dag.py:2420} INFO - Sync 1 DAGs
[2022-08-22 22:14:34,193] {logging_mixin.py:115} INFO - [2022-08-22 22:14:34,193] {dag.py:2972} INFO - Setting next_dagrun for tutorial_taskflow_api_etl to None, run_after=None
[2022-08-22 22:14:34,205] {processor.py:161} INFO - Processing /home/airflow/.local/lib/python3.7/site-packages/airflow/example_dags/tutorial_taskflow_api_etl.py took 0.117 seconds
[2022-08-22 22:15:04,601] {processor.py:153} INFO - Started process (PID=2528) to work on /home/airflow/.local/lib/python3.7/site-packages/airflow/example_dags/tutorial_taskflow_api_etl.py
[2022-08-22 22:15:04,602] {processor.py:641} INFO - Processing file /home/airflow/.local/lib/python3.7/site-packages/airflow/example_dags/tutorial_taskflow_api_etl.py for tasks to queue
[2022-08-22 22:15:04,602] {logging_mixin.py:115} INFO - [2022-08-22 22:15:04,602] {dagbag.py:508} INFO - Filling up the DagBag from /home/airflow/.local/lib/python3.7/site-packages/airflow/example_dags/tutorial_taskflow_api_etl.py
[2022-08-22 22:15:04,615] {processor.py:651} INFO - DAG(s) dict_keys(['tutorial_taskflow_api_etl']) retrieved from /home/airflow/.local/lib/python3.7/site-packages/airflow/example_dags/tutorial_taskflow_api_etl.py
[2022-08-22 22:15:04,669] {logging_mixin.py:115} INFO - [2022-08-22 22:15:04,669] {dag.py:2420} INFO - Sync 1 DAGs
[2022-08-22 22:15:04,686] {logging_mixin.py:115} INFO - [2022-08-22 22:15:04,685] {dag.py:2972} INFO - Setting next_dagrun for tutorial_taskflow_api_etl to None, run_after=None
[2022-08-22 22:15:04,697] {processor.py:161} INFO - Processing /home/airflow/.local/lib/python3.7/site-packages/airflow/example_dags/tutorial_taskflow_api_etl.py took 0.098 seconds
[2022-08-22 22:15:35,378] {processor.py:153} INFO - Started process (PID=2589) to work on /home/airflow/.local/lib/python3.7/site-packages/airflow/example_dags/tutorial_taskflow_api_etl.py
[2022-08-22 22:15:35,379] {processor.py:641} INFO - Processing file /home/airflow/.local/lib/python3.7/site-packages/airflow/example_dags/tutorial_taskflow_api_etl.py for tasks to queue
[2022-08-22 22:15:35,379] {logging_mixin.py:115} INFO - [2022-08-22 22:15:35,379] {dagbag.py:508} INFO - Filling up the DagBag from /home/airflow/.local/lib/python3.7/site-packages/airflow/example_dags/tutorial_taskflow_api_etl.py
[2022-08-22 22:15:35,392] {processor.py:651} INFO - DAG(s) dict_keys(['tutorial_taskflow_api_etl']) retrieved from /home/airflow/.local/lib/python3.7/site-packages/airflow/example_dags/tutorial_taskflow_api_etl.py
[2022-08-22 22:15:35,442] {logging_mixin.py:115} INFO - [2022-08-22 22:15:35,442] {dag.py:2420} INFO - Sync 1 DAGs
[2022-08-22 22:15:35,460] {logging_mixin.py:115} INFO - [2022-08-22 22:15:35,459] {dag.py:2972} INFO - Setting next_dagrun for tutorial_taskflow_api_etl to None, run_after=None
[2022-08-22 22:15:35,473] {processor.py:161} INFO - Processing /home/airflow/.local/lib/python3.7/site-packages/airflow/example_dags/tutorial_taskflow_api_etl.py took 0.097 seconds
[2022-08-22 22:16:05,961] {processor.py:153} INFO - Started process (PID=2641) to work on /home/airflow/.local/lib/python3.7/site-packages/airflow/example_dags/tutorial_taskflow_api_etl.py
[2022-08-22 22:16:05,961] {processor.py:641} INFO - Processing file /home/airflow/.local/lib/python3.7/site-packages/airflow/example_dags/tutorial_taskflow_api_etl.py for tasks to queue
[2022-08-22 22:16:05,962] {logging_mixin.py:115} INFO - [2022-08-22 22:16:05,962] {dagbag.py:508} INFO - Filling up the DagBag from /home/airflow/.local/lib/python3.7/site-packages/airflow/example_dags/tutorial_taskflow_api_etl.py
[2022-08-22 22:16:05,988] {processor.py:651} INFO - DAG(s) dict_keys(['tutorial_taskflow_api_etl']) retrieved from /home/airflow/.local/lib/python3.7/site-packages/airflow/example_dags/tutorial_taskflow_api_etl.py
[2022-08-22 22:16:06,009] {logging_mixin.py:115} INFO - [2022-08-22 22:16:06,009] {dag.py:2420} INFO - Sync 1 DAGs
[2022-08-22 22:16:06,026] {logging_mixin.py:115} INFO - [2022-08-22 22:16:06,026] {dag.py:2972} INFO - Setting next_dagrun for tutorial_taskflow_api_etl to None, run_after=None
[2022-08-22 22:16:06,038] {processor.py:161} INFO - Processing /home/airflow/.local/lib/python3.7/site-packages/airflow/example_dags/tutorial_taskflow_api_etl.py took 0.082 seconds
[2022-08-22 22:16:36,625] {processor.py:153} INFO - Started process (PID=2702) to work on /home/airflow/.local/lib/python3.7/site-packages/airflow/example_dags/tutorial_taskflow_api_etl.py
[2022-08-22 22:16:36,626] {processor.py:641} INFO - Processing file /home/airflow/.local/lib/python3.7/site-packages/airflow/example_dags/tutorial_taskflow_api_etl.py for tasks to queue
[2022-08-22 22:16:36,626] {logging_mixin.py:115} INFO - [2022-08-22 22:16:36,626] {dagbag.py:508} INFO - Filling up the DagBag from /home/airflow/.local/lib/python3.7/site-packages/airflow/example_dags/tutorial_taskflow_api_etl.py
[2022-08-22 22:16:36,642] {processor.py:651} INFO - DAG(s) dict_keys(['tutorial_taskflow_api_etl']) retrieved from /home/airflow/.local/lib/python3.7/site-packages/airflow/example_dags/tutorial_taskflow_api_etl.py
[2022-08-22 22:16:36,708] {logging_mixin.py:115} INFO - [2022-08-22 22:16:36,708] {dag.py:2420} INFO - Sync 1 DAGs
[2022-08-22 22:16:36,727] {logging_mixin.py:115} INFO - [2022-08-22 22:16:36,727] {dag.py:2972} INFO - Setting next_dagrun for tutorial_taskflow_api_etl to None, run_after=None
[2022-08-22 22:16:36,741] {processor.py:161} INFO - Processing /home/airflow/.local/lib/python3.7/site-packages/airflow/example_dags/tutorial_taskflow_api_etl.py took 0.120 seconds
[2022-08-22 22:17:07,253] {processor.py:153} INFO - Started process (PID=2763) to work on /home/airflow/.local/lib/python3.7/site-packages/airflow/example_dags/tutorial_taskflow_api_etl.py
[2022-08-22 22:17:07,254] {processor.py:641} INFO - Processing file /home/airflow/.local/lib/python3.7/site-packages/airflow/example_dags/tutorial_taskflow_api_etl.py for tasks to queue
[2022-08-22 22:17:07,254] {logging_mixin.py:115} INFO - [2022-08-22 22:17:07,254] {dagbag.py:508} INFO - Filling up the DagBag from /home/airflow/.local/lib/python3.7/site-packages/airflow/example_dags/tutorial_taskflow_api_etl.py
[2022-08-22 22:17:07,266] {processor.py:651} INFO - DAG(s) dict_keys(['tutorial_taskflow_api_etl']) retrieved from /home/airflow/.local/lib/python3.7/site-packages/airflow/example_dags/tutorial_taskflow_api_etl.py
[2022-08-22 22:17:07,285] {logging_mixin.py:115} INFO - [2022-08-22 22:17:07,285] {dag.py:2420} INFO - Sync 1 DAGs
[2022-08-22 22:17:07,302] {logging_mixin.py:115} INFO - [2022-08-22 22:17:07,302] {dag.py:2972} INFO - Setting next_dagrun for tutorial_taskflow_api_etl to None, run_after=None
[2022-08-22 22:17:07,312] {processor.py:161} INFO - Processing /home/airflow/.local/lib/python3.7/site-packages/airflow/example_dags/tutorial_taskflow_api_etl.py took 0.061 seconds
[2022-08-22 22:17:37,822] {processor.py:153} INFO - Started process (PID=2824) to work on /home/airflow/.local/lib/python3.7/site-packages/airflow/example_dags/tutorial_taskflow_api_etl.py
[2022-08-22 22:17:37,822] {processor.py:641} INFO - Processing file /home/airflow/.local/lib/python3.7/site-packages/airflow/example_dags/tutorial_taskflow_api_etl.py for tasks to queue
[2022-08-22 22:17:37,823] {logging_mixin.py:115} INFO - [2022-08-22 22:17:37,822] {dagbag.py:508} INFO - Filling up the DagBag from /home/airflow/.local/lib/python3.7/site-packages/airflow/example_dags/tutorial_taskflow_api_etl.py
[2022-08-22 22:17:37,835] {processor.py:651} INFO - DAG(s) dict_keys(['tutorial_taskflow_api_etl']) retrieved from /home/airflow/.local/lib/python3.7/site-packages/airflow/example_dags/tutorial_taskflow_api_etl.py
[2022-08-22 22:17:37,891] {logging_mixin.py:115} INFO - [2022-08-22 22:17:37,891] {dag.py:2420} INFO - Sync 1 DAGs
[2022-08-22 22:17:37,909] {logging_mixin.py:115} INFO - [2022-08-22 22:17:37,909] {dag.py:2972} INFO - Setting next_dagrun for tutorial_taskflow_api_etl to None, run_after=None
[2022-08-22 22:17:37,921] {processor.py:161} INFO - Processing /home/airflow/.local/lib/python3.7/site-packages/airflow/example_dags/tutorial_taskflow_api_etl.py took 0.102 seconds
[2022-08-22 22:18:08,358] {processor.py:153} INFO - Started process (PID=2876) to work on /home/airflow/.local/lib/python3.7/site-packages/airflow/example_dags/tutorial_taskflow_api_etl.py
[2022-08-22 22:18:08,358] {processor.py:641} INFO - Processing file /home/airflow/.local/lib/python3.7/site-packages/airflow/example_dags/tutorial_taskflow_api_etl.py for tasks to queue
[2022-08-22 22:18:08,359] {logging_mixin.py:115} INFO - [2022-08-22 22:18:08,359] {dagbag.py:508} INFO - Filling up the DagBag from /home/airflow/.local/lib/python3.7/site-packages/airflow/example_dags/tutorial_taskflow_api_etl.py
[2022-08-22 22:18:08,371] {processor.py:651} INFO - DAG(s) dict_keys(['tutorial_taskflow_api_etl']) retrieved from /home/airflow/.local/lib/python3.7/site-packages/airflow/example_dags/tutorial_taskflow_api_etl.py
[2022-08-22 22:18:08,389] {logging_mixin.py:115} INFO - [2022-08-22 22:18:08,389] {dag.py:2420} INFO - Sync 1 DAGs
[2022-08-22 22:18:08,407] {logging_mixin.py:115} INFO - [2022-08-22 22:18:08,407] {dag.py:2972} INFO - Setting next_dagrun for tutorial_taskflow_api_etl to None, run_after=None
[2022-08-22 22:18:08,418] {processor.py:161} INFO - Processing /home/airflow/.local/lib/python3.7/site-packages/airflow/example_dags/tutorial_taskflow_api_etl.py took 0.062 seconds
[2022-08-22 22:18:39,037] {processor.py:153} INFO - Started process (PID=2937) to work on /home/airflow/.local/lib/python3.7/site-packages/airflow/example_dags/tutorial_taskflow_api_etl.py
[2022-08-22 22:18:39,037] {processor.py:641} INFO - Processing file /home/airflow/.local/lib/python3.7/site-packages/airflow/example_dags/tutorial_taskflow_api_etl.py for tasks to queue
[2022-08-22 22:18:39,038] {logging_mixin.py:115} INFO - [2022-08-22 22:18:39,038] {dagbag.py:508} INFO - Filling up the DagBag from /home/airflow/.local/lib/python3.7/site-packages/airflow/example_dags/tutorial_taskflow_api_etl.py
[2022-08-22 22:18:39,062] {processor.py:651} INFO - DAG(s) dict_keys(['tutorial_taskflow_api_etl']) retrieved from /home/airflow/.local/lib/python3.7/site-packages/airflow/example_dags/tutorial_taskflow_api_etl.py
[2022-08-22 22:18:39,115] {logging_mixin.py:115} INFO - [2022-08-22 22:18:39,115] {dag.py:2420} INFO - Sync 1 DAGs
[2022-08-22 22:18:39,138] {logging_mixin.py:115} INFO - [2022-08-22 22:18:39,138] {dag.py:2972} INFO - Setting next_dagrun for tutorial_taskflow_api_etl to None, run_after=None
[2022-08-22 22:18:39,152] {processor.py:161} INFO - Processing /home/airflow/.local/lib/python3.7/site-packages/airflow/example_dags/tutorial_taskflow_api_etl.py took 0.118 seconds
[2022-08-22 22:19:09,729] {processor.py:153} INFO - Started process (PID=2999) to work on /home/airflow/.local/lib/python3.7/site-packages/airflow/example_dags/tutorial_taskflow_api_etl.py
[2022-08-22 22:19:09,730] {processor.py:641} INFO - Processing file /home/airflow/.local/lib/python3.7/site-packages/airflow/example_dags/tutorial_taskflow_api_etl.py for tasks to queue
[2022-08-22 22:19:09,731] {logging_mixin.py:115} INFO - [2022-08-22 22:19:09,731] {dagbag.py:508} INFO - Filling up the DagBag from /home/airflow/.local/lib/python3.7/site-packages/airflow/example_dags/tutorial_taskflow_api_etl.py
[2022-08-22 22:19:09,753] {processor.py:651} INFO - DAG(s) dict_keys(['tutorial_taskflow_api_etl']) retrieved from /home/airflow/.local/lib/python3.7/site-packages/airflow/example_dags/tutorial_taskflow_api_etl.py
[2022-08-22 22:19:09,819] {logging_mixin.py:115} INFO - [2022-08-22 22:19:09,819] {dag.py:2420} INFO - Sync 1 DAGs
[2022-08-22 22:19:09,843] {logging_mixin.py:115} INFO - [2022-08-22 22:19:09,843] {dag.py:2972} INFO - Setting next_dagrun for tutorial_taskflow_api_etl to None, run_after=None
[2022-08-22 22:19:09,859] {processor.py:161} INFO - Processing /home/airflow/.local/lib/python3.7/site-packages/airflow/example_dags/tutorial_taskflow_api_etl.py took 0.134 seconds
[2022-08-22 22:19:40,442] {processor.py:153} INFO - Started process (PID=3060) to work on /home/airflow/.local/lib/python3.7/site-packages/airflow/example_dags/tutorial_taskflow_api_etl.py
[2022-08-22 22:19:40,442] {processor.py:641} INFO - Processing file /home/airflow/.local/lib/python3.7/site-packages/airflow/example_dags/tutorial_taskflow_api_etl.py for tasks to queue
[2022-08-22 22:19:40,443] {logging_mixin.py:115} INFO - [2022-08-22 22:19:40,443] {dagbag.py:508} INFO - Filling up the DagBag from /home/airflow/.local/lib/python3.7/site-packages/airflow/example_dags/tutorial_taskflow_api_etl.py
[2022-08-22 22:19:40,455] {processor.py:651} INFO - DAG(s) dict_keys(['tutorial_taskflow_api_etl']) retrieved from /home/airflow/.local/lib/python3.7/site-packages/airflow/example_dags/tutorial_taskflow_api_etl.py
[2022-08-22 22:19:40,506] {logging_mixin.py:115} INFO - [2022-08-22 22:19:40,506] {dag.py:2420} INFO - Sync 1 DAGs
[2022-08-22 22:19:40,527] {logging_mixin.py:115} INFO - [2022-08-22 22:19:40,527] {dag.py:2972} INFO - Setting next_dagrun for tutorial_taskflow_api_etl to None, run_after=None
[2022-08-22 22:19:40,539] {processor.py:161} INFO - Processing /home/airflow/.local/lib/python3.7/site-packages/airflow/example_dags/tutorial_taskflow_api_etl.py took 0.099 seconds
[2022-08-22 22:20:11,158] {processor.py:153} INFO - Started process (PID=3112) to work on /home/airflow/.local/lib/python3.7/site-packages/airflow/example_dags/tutorial_taskflow_api_etl.py
[2022-08-22 22:20:11,158] {processor.py:641} INFO - Processing file /home/airflow/.local/lib/python3.7/site-packages/airflow/example_dags/tutorial_taskflow_api_etl.py for tasks to queue
[2022-08-22 22:20:11,159] {logging_mixin.py:115} INFO - [2022-08-22 22:20:11,159] {dagbag.py:508} INFO - Filling up the DagBag from /home/airflow/.local/lib/python3.7/site-packages/airflow/example_dags/tutorial_taskflow_api_etl.py
[2022-08-22 22:20:11,183] {processor.py:651} INFO - DAG(s) dict_keys(['tutorial_taskflow_api_etl']) retrieved from /home/airflow/.local/lib/python3.7/site-packages/airflow/example_dags/tutorial_taskflow_api_etl.py
[2022-08-22 22:20:11,235] {logging_mixin.py:115} INFO - [2022-08-22 22:20:11,235] {dag.py:2420} INFO - Sync 1 DAGs
[2022-08-22 22:20:11,251] {logging_mixin.py:115} INFO - [2022-08-22 22:20:11,251] {dag.py:2972} INFO - Setting next_dagrun for tutorial_taskflow_api_etl to None, run_after=None
[2022-08-22 22:20:11,263] {processor.py:161} INFO - Processing /home/airflow/.local/lib/python3.7/site-packages/airflow/example_dags/tutorial_taskflow_api_etl.py took 0.109 seconds
[2022-08-22 22:20:41,834] {processor.py:153} INFO - Started process (PID=3173) to work on /home/airflow/.local/lib/python3.7/site-packages/airflow/example_dags/tutorial_taskflow_api_etl.py
[2022-08-22 22:20:41,835] {processor.py:641} INFO - Processing file /home/airflow/.local/lib/python3.7/site-packages/airflow/example_dags/tutorial_taskflow_api_etl.py for tasks to queue
[2022-08-22 22:20:41,835] {logging_mixin.py:115} INFO - [2022-08-22 22:20:41,835] {dagbag.py:508} INFO - Filling up the DagBag from /home/airflow/.local/lib/python3.7/site-packages/airflow/example_dags/tutorial_taskflow_api_etl.py
[2022-08-22 22:20:41,859] {processor.py:651} INFO - DAG(s) dict_keys(['tutorial_taskflow_api_etl']) retrieved from /home/airflow/.local/lib/python3.7/site-packages/airflow/example_dags/tutorial_taskflow_api_etl.py
[2022-08-22 22:20:41,882] {logging_mixin.py:115} INFO - [2022-08-22 22:20:41,881] {dag.py:2420} INFO - Sync 1 DAGs
[2022-08-22 22:20:41,898] {logging_mixin.py:115} INFO - [2022-08-22 22:20:41,898] {dag.py:2972} INFO - Setting next_dagrun for tutorial_taskflow_api_etl to None, run_after=None
[2022-08-22 22:20:41,909] {processor.py:161} INFO - Processing /home/airflow/.local/lib/python3.7/site-packages/airflow/example_dags/tutorial_taskflow_api_etl.py took 0.079 seconds
[2022-08-22 22:21:12,344] {processor.py:153} INFO - Started process (PID=3234) to work on /home/airflow/.local/lib/python3.7/site-packages/airflow/example_dags/tutorial_taskflow_api_etl.py
[2022-08-22 22:21:12,345] {processor.py:641} INFO - Processing file /home/airflow/.local/lib/python3.7/site-packages/airflow/example_dags/tutorial_taskflow_api_etl.py for tasks to queue
[2022-08-22 22:21:12,345] {logging_mixin.py:115} INFO - [2022-08-22 22:21:12,345] {dagbag.py:508} INFO - Filling up the DagBag from /home/airflow/.local/lib/python3.7/site-packages/airflow/example_dags/tutorial_taskflow_api_etl.py
[2022-08-22 22:21:12,357] {processor.py:651} INFO - DAG(s) dict_keys(['tutorial_taskflow_api_etl']) retrieved from /home/airflow/.local/lib/python3.7/site-packages/airflow/example_dags/tutorial_taskflow_api_etl.py
[2022-08-22 22:21:12,375] {logging_mixin.py:115} INFO - [2022-08-22 22:21:12,375] {dag.py:2420} INFO - Sync 1 DAGs
[2022-08-22 22:21:12,402] {logging_mixin.py:115} INFO - [2022-08-22 22:21:12,402] {dag.py:2972} INFO - Setting next_dagrun for tutorial_taskflow_api_etl to None, run_after=None
[2022-08-22 22:21:12,415] {processor.py:161} INFO - Processing /home/airflow/.local/lib/python3.7/site-packages/airflow/example_dags/tutorial_taskflow_api_etl.py took 0.072 seconds
[2022-08-22 22:21:42,981] {processor.py:153} INFO - Started process (PID=3295) to work on /home/airflow/.local/lib/python3.7/site-packages/airflow/example_dags/tutorial_taskflow_api_etl.py
[2022-08-22 22:21:42,982] {processor.py:641} INFO - Processing file /home/airflow/.local/lib/python3.7/site-packages/airflow/example_dags/tutorial_taskflow_api_etl.py for tasks to queue
[2022-08-22 22:21:42,983] {logging_mixin.py:115} INFO - [2022-08-22 22:21:42,983] {dagbag.py:508} INFO - Filling up the DagBag from /home/airflow/.local/lib/python3.7/site-packages/airflow/example_dags/tutorial_taskflow_api_etl.py
[2022-08-22 22:21:43,009] {processor.py:651} INFO - DAG(s) dict_keys(['tutorial_taskflow_api_etl']) retrieved from /home/airflow/.local/lib/python3.7/site-packages/airflow/example_dags/tutorial_taskflow_api_etl.py
[2022-08-22 22:21:43,072] {logging_mixin.py:115} INFO - [2022-08-22 22:21:43,072] {dag.py:2420} INFO - Sync 1 DAGs
[2022-08-22 22:21:43,091] {logging_mixin.py:115} INFO - [2022-08-22 22:21:43,090] {dag.py:2972} INFO - Setting next_dagrun for tutorial_taskflow_api_etl to None, run_after=None
[2022-08-22 22:21:43,105] {processor.py:161} INFO - Processing /home/airflow/.local/lib/python3.7/site-packages/airflow/example_dags/tutorial_taskflow_api_etl.py took 0.127 seconds
[2022-08-22 22:22:13,684] {processor.py:153} INFO - Started process (PID=3347) to work on /home/airflow/.local/lib/python3.7/site-packages/airflow/example_dags/tutorial_taskflow_api_etl.py
[2022-08-22 22:22:13,684] {processor.py:641} INFO - Processing file /home/airflow/.local/lib/python3.7/site-packages/airflow/example_dags/tutorial_taskflow_api_etl.py for tasks to queue
[2022-08-22 22:22:13,684] {logging_mixin.py:115} INFO - [2022-08-22 22:22:13,684] {dagbag.py:508} INFO - Filling up the DagBag from /home/airflow/.local/lib/python3.7/site-packages/airflow/example_dags/tutorial_taskflow_api_etl.py
[2022-08-22 22:22:13,696] {processor.py:651} INFO - DAG(s) dict_keys(['tutorial_taskflow_api_etl']) retrieved from /home/airflow/.local/lib/python3.7/site-packages/airflow/example_dags/tutorial_taskflow_api_etl.py
[2022-08-22 22:22:13,744] {logging_mixin.py:115} INFO - [2022-08-22 22:22:13,744] {dag.py:2420} INFO - Sync 1 DAGs
[2022-08-22 22:22:13,760] {logging_mixin.py:115} INFO - [2022-08-22 22:22:13,760] {dag.py:2972} INFO - Setting next_dagrun for tutorial_taskflow_api_etl to None, run_after=None
[2022-08-22 22:22:13,770] {processor.py:161} INFO - Processing /home/airflow/.local/lib/python3.7/site-packages/airflow/example_dags/tutorial_taskflow_api_etl.py took 0.088 seconds
[2022-08-22 22:22:44,303] {processor.py:153} INFO - Started process (PID=3408) to work on /home/airflow/.local/lib/python3.7/site-packages/airflow/example_dags/tutorial_taskflow_api_etl.py
[2022-08-22 22:22:44,304] {processor.py:641} INFO - Processing file /home/airflow/.local/lib/python3.7/site-packages/airflow/example_dags/tutorial_taskflow_api_etl.py for tasks to queue
[2022-08-22 22:22:44,305] {logging_mixin.py:115} INFO - [2022-08-22 22:22:44,305] {dagbag.py:508} INFO - Filling up the DagBag from /home/airflow/.local/lib/python3.7/site-packages/airflow/example_dags/tutorial_taskflow_api_etl.py
[2022-08-22 22:22:44,331] {processor.py:651} INFO - DAG(s) dict_keys(['tutorial_taskflow_api_etl']) retrieved from /home/airflow/.local/lib/python3.7/site-packages/airflow/example_dags/tutorial_taskflow_api_etl.py
[2022-08-22 22:22:44,405] {logging_mixin.py:115} INFO - [2022-08-22 22:22:44,405] {dag.py:2420} INFO - Sync 1 DAGs
[2022-08-22 22:22:44,422] {logging_mixin.py:115} INFO - [2022-08-22 22:22:44,422] {dag.py:2972} INFO - Setting next_dagrun for tutorial_taskflow_api_etl to None, run_after=None
[2022-08-22 22:22:44,433] {processor.py:161} INFO - Processing /home/airflow/.local/lib/python3.7/site-packages/airflow/example_dags/tutorial_taskflow_api_etl.py took 0.133 seconds
[2022-08-22 22:23:15,001] {processor.py:153} INFO - Started process (PID=3469) to work on /home/airflow/.local/lib/python3.7/site-packages/airflow/example_dags/tutorial_taskflow_api_etl.py
[2022-08-22 22:23:15,002] {processor.py:641} INFO - Processing file /home/airflow/.local/lib/python3.7/site-packages/airflow/example_dags/tutorial_taskflow_api_etl.py for tasks to queue
[2022-08-22 22:23:15,002] {logging_mixin.py:115} INFO - [2022-08-22 22:23:15,002] {dagbag.py:508} INFO - Filling up the DagBag from /home/airflow/.local/lib/python3.7/site-packages/airflow/example_dags/tutorial_taskflow_api_etl.py
[2022-08-22 22:23:15,015] {processor.py:651} INFO - DAG(s) dict_keys(['tutorial_taskflow_api_etl']) retrieved from /home/airflow/.local/lib/python3.7/site-packages/airflow/example_dags/tutorial_taskflow_api_etl.py
[2022-08-22 22:23:15,070] {logging_mixin.py:115} INFO - [2022-08-22 22:23:15,070] {dag.py:2420} INFO - Sync 1 DAGs
[2022-08-22 22:23:15,086] {logging_mixin.py:115} INFO - [2022-08-22 22:23:15,086] {dag.py:2972} INFO - Setting next_dagrun for tutorial_taskflow_api_etl to None, run_after=None
[2022-08-22 22:23:15,099] {processor.py:161} INFO - Processing /home/airflow/.local/lib/python3.7/site-packages/airflow/example_dags/tutorial_taskflow_api_etl.py took 0.100 seconds
[2022-08-22 22:23:45,705] {processor.py:153} INFO - Started process (PID=3521) to work on /home/airflow/.local/lib/python3.7/site-packages/airflow/example_dags/tutorial_taskflow_api_etl.py
[2022-08-22 22:23:45,706] {processor.py:641} INFO - Processing file /home/airflow/.local/lib/python3.7/site-packages/airflow/example_dags/tutorial_taskflow_api_etl.py for tasks to queue
[2022-08-22 22:23:45,707] {logging_mixin.py:115} INFO - [2022-08-22 22:23:45,707] {dagbag.py:508} INFO - Filling up the DagBag from /home/airflow/.local/lib/python3.7/site-packages/airflow/example_dags/tutorial_taskflow_api_etl.py
[2022-08-22 22:23:45,731] {processor.py:651} INFO - DAG(s) dict_keys(['tutorial_taskflow_api_etl']) retrieved from /home/airflow/.local/lib/python3.7/site-packages/airflow/example_dags/tutorial_taskflow_api_etl.py
[2022-08-22 22:23:45,790] {logging_mixin.py:115} INFO - [2022-08-22 22:23:45,789] {dag.py:2420} INFO - Sync 1 DAGs
[2022-08-22 22:23:45,811] {logging_mixin.py:115} INFO - [2022-08-22 22:23:45,810] {dag.py:2972} INFO - Setting next_dagrun for tutorial_taskflow_api_etl to None, run_after=None
[2022-08-22 22:23:45,824] {processor.py:161} INFO - Processing /home/airflow/.local/lib/python3.7/site-packages/airflow/example_dags/tutorial_taskflow_api_etl.py took 0.123 seconds
[2022-08-22 22:24:16,412] {processor.py:153} INFO - Started process (PID=3582) to work on /home/airflow/.local/lib/python3.7/site-packages/airflow/example_dags/tutorial_taskflow_api_etl.py
[2022-08-22 22:24:16,413] {processor.py:641} INFO - Processing file /home/airflow/.local/lib/python3.7/site-packages/airflow/example_dags/tutorial_taskflow_api_etl.py for tasks to queue
[2022-08-22 22:24:16,413] {logging_mixin.py:115} INFO - [2022-08-22 22:24:16,413] {dagbag.py:508} INFO - Filling up the DagBag from /home/airflow/.local/lib/python3.7/site-packages/airflow/example_dags/tutorial_taskflow_api_etl.py
[2022-08-22 22:24:16,424] {processor.py:651} INFO - DAG(s) dict_keys(['tutorial_taskflow_api_etl']) retrieved from /home/airflow/.local/lib/python3.7/site-packages/airflow/example_dags/tutorial_taskflow_api_etl.py
[2022-08-22 22:24:16,476] {logging_mixin.py:115} INFO - [2022-08-22 22:24:16,476] {dag.py:2420} INFO - Sync 1 DAGs
[2022-08-22 22:24:16,493] {logging_mixin.py:115} INFO - [2022-08-22 22:24:16,493] {dag.py:2972} INFO - Setting next_dagrun for tutorial_taskflow_api_etl to None, run_after=None
[2022-08-22 22:24:16,505] {processor.py:161} INFO - Processing /home/airflow/.local/lib/python3.7/site-packages/airflow/example_dags/tutorial_taskflow_api_etl.py took 0.095 seconds
[2022-08-22 22:24:47,175] {processor.py:153} INFO - Started process (PID=3643) to work on /home/airflow/.local/lib/python3.7/site-packages/airflow/example_dags/tutorial_taskflow_api_etl.py
[2022-08-22 22:24:47,176] {processor.py:641} INFO - Processing file /home/airflow/.local/lib/python3.7/site-packages/airflow/example_dags/tutorial_taskflow_api_etl.py for tasks to queue
[2022-08-22 22:24:47,177] {logging_mixin.py:115} INFO - [2022-08-22 22:24:47,177] {dagbag.py:508} INFO - Filling up the DagBag from /home/airflow/.local/lib/python3.7/site-packages/airflow/example_dags/tutorial_taskflow_api_etl.py
[2022-08-22 22:24:47,201] {processor.py:651} INFO - DAG(s) dict_keys(['tutorial_taskflow_api_etl']) retrieved from /home/airflow/.local/lib/python3.7/site-packages/airflow/example_dags/tutorial_taskflow_api_etl.py
[2022-08-22 22:24:47,223] {logging_mixin.py:115} INFO - [2022-08-22 22:24:47,223] {dag.py:2420} INFO - Sync 1 DAGs
[2022-08-22 22:24:47,244] {logging_mixin.py:115} INFO - [2022-08-22 22:24:47,243] {dag.py:2972} INFO - Setting next_dagrun for tutorial_taskflow_api_etl to None, run_after=None
[2022-08-22 22:24:47,253] {processor.py:161} INFO - Processing /home/airflow/.local/lib/python3.7/site-packages/airflow/example_dags/tutorial_taskflow_api_etl.py took 0.082 seconds
[2022-08-22 22:25:17,861] {processor.py:153} INFO - Started process (PID=3704) to work on /home/airflow/.local/lib/python3.7/site-packages/airflow/example_dags/tutorial_taskflow_api_etl.py
[2022-08-22 22:25:17,862] {processor.py:641} INFO - Processing file /home/airflow/.local/lib/python3.7/site-packages/airflow/example_dags/tutorial_taskflow_api_etl.py for tasks to queue
[2022-08-22 22:25:17,862] {logging_mixin.py:115} INFO - [2022-08-22 22:25:17,862] {dagbag.py:508} INFO - Filling up the DagBag from /home/airflow/.local/lib/python3.7/site-packages/airflow/example_dags/tutorial_taskflow_api_etl.py
[2022-08-22 22:25:17,875] {processor.py:651} INFO - DAG(s) dict_keys(['tutorial_taskflow_api_etl']) retrieved from /home/airflow/.local/lib/python3.7/site-packages/airflow/example_dags/tutorial_taskflow_api_etl.py
[2022-08-22 22:25:17,926] {logging_mixin.py:115} INFO - [2022-08-22 22:25:17,926] {dag.py:2420} INFO - Sync 1 DAGs
[2022-08-22 22:25:17,943] {logging_mixin.py:115} INFO - [2022-08-22 22:25:17,943] {dag.py:2972} INFO - Setting next_dagrun for tutorial_taskflow_api_etl to None, run_after=None
[2022-08-22 22:25:17,954] {processor.py:161} INFO - Processing /home/airflow/.local/lib/python3.7/site-packages/airflow/example_dags/tutorial_taskflow_api_etl.py took 0.095 seconds
[2022-08-22 22:25:48,511] {processor.py:153} INFO - Started process (PID=3756) to work on /home/airflow/.local/lib/python3.7/site-packages/airflow/example_dags/tutorial_taskflow_api_etl.py
[2022-08-22 22:25:48,512] {processor.py:641} INFO - Processing file /home/airflow/.local/lib/python3.7/site-packages/airflow/example_dags/tutorial_taskflow_api_etl.py for tasks to queue
[2022-08-22 22:25:48,512] {logging_mixin.py:115} INFO - [2022-08-22 22:25:48,512] {dagbag.py:508} INFO - Filling up the DagBag from /home/airflow/.local/lib/python3.7/site-packages/airflow/example_dags/tutorial_taskflow_api_etl.py
[2022-08-22 22:25:48,524] {processor.py:651} INFO - DAG(s) dict_keys(['tutorial_taskflow_api_etl']) retrieved from /home/airflow/.local/lib/python3.7/site-packages/airflow/example_dags/tutorial_taskflow_api_etl.py
[2022-08-22 22:25:48,578] {logging_mixin.py:115} INFO - [2022-08-22 22:25:48,578] {dag.py:2420} INFO - Sync 1 DAGs
[2022-08-22 22:25:48,595] {logging_mixin.py:115} INFO - [2022-08-22 22:25:48,594] {dag.py:2972} INFO - Setting next_dagrun for tutorial_taskflow_api_etl to None, run_after=None
[2022-08-22 22:25:48,606] {processor.py:161} INFO - Processing /home/airflow/.local/lib/python3.7/site-packages/airflow/example_dags/tutorial_taskflow_api_etl.py took 0.096 seconds
[2022-08-22 22:26:19,181] {processor.py:153} INFO - Started process (PID=3817) to work on /home/airflow/.local/lib/python3.7/site-packages/airflow/example_dags/tutorial_taskflow_api_etl.py
[2022-08-22 22:26:19,182] {processor.py:641} INFO - Processing file /home/airflow/.local/lib/python3.7/site-packages/airflow/example_dags/tutorial_taskflow_api_etl.py for tasks to queue
[2022-08-22 22:26:19,182] {logging_mixin.py:115} INFO - [2022-08-22 22:26:19,182] {dagbag.py:508} INFO - Filling up the DagBag from /home/airflow/.local/lib/python3.7/site-packages/airflow/example_dags/tutorial_taskflow_api_etl.py
[2022-08-22 22:26:19,195] {processor.py:651} INFO - DAG(s) dict_keys(['tutorial_taskflow_api_etl']) retrieved from /home/airflow/.local/lib/python3.7/site-packages/airflow/example_dags/tutorial_taskflow_api_etl.py
[2022-08-22 22:26:19,246] {logging_mixin.py:115} INFO - [2022-08-22 22:26:19,246] {dag.py:2420} INFO - Sync 1 DAGs
[2022-08-22 22:26:19,263] {logging_mixin.py:115} INFO - [2022-08-22 22:26:19,262] {dag.py:2972} INFO - Setting next_dagrun for tutorial_taskflow_api_etl to None, run_after=None
[2022-08-22 22:26:19,273] {processor.py:161} INFO - Processing /home/airflow/.local/lib/python3.7/site-packages/airflow/example_dags/tutorial_taskflow_api_etl.py took 0.094 seconds
[2022-08-22 22:26:49,894] {processor.py:153} INFO - Started process (PID=3878) to work on /home/airflow/.local/lib/python3.7/site-packages/airflow/example_dags/tutorial_taskflow_api_etl.py
[2022-08-22 22:26:49,895] {processor.py:641} INFO - Processing file /home/airflow/.local/lib/python3.7/site-packages/airflow/example_dags/tutorial_taskflow_api_etl.py for tasks to queue
[2022-08-22 22:26:49,895] {logging_mixin.py:115} INFO - [2022-08-22 22:26:49,895] {dagbag.py:508} INFO - Filling up the DagBag from /home/airflow/.local/lib/python3.7/site-packages/airflow/example_dags/tutorial_taskflow_api_etl.py
[2022-08-22 22:26:49,909] {processor.py:651} INFO - DAG(s) dict_keys(['tutorial_taskflow_api_etl']) retrieved from /home/airflow/.local/lib/python3.7/site-packages/airflow/example_dags/tutorial_taskflow_api_etl.py
[2022-08-22 22:26:49,983] {logging_mixin.py:115} INFO - [2022-08-22 22:26:49,983] {dag.py:2420} INFO - Sync 1 DAGs
[2022-08-22 22:26:50,002] {logging_mixin.py:115} INFO - [2022-08-22 22:26:50,002] {dag.py:2972} INFO - Setting next_dagrun for tutorial_taskflow_api_etl to None, run_after=None
[2022-08-22 22:26:50,014] {processor.py:161} INFO - Processing /home/airflow/.local/lib/python3.7/site-packages/airflow/example_dags/tutorial_taskflow_api_etl.py took 0.122 seconds
[2022-08-22 22:27:20,569] {processor.py:153} INFO - Started process (PID=3939) to work on /home/airflow/.local/lib/python3.7/site-packages/airflow/example_dags/tutorial_taskflow_api_etl.py
[2022-08-22 22:27:20,570] {processor.py:641} INFO - Processing file /home/airflow/.local/lib/python3.7/site-packages/airflow/example_dags/tutorial_taskflow_api_etl.py for tasks to queue
[2022-08-22 22:27:20,570] {logging_mixin.py:115} INFO - [2022-08-22 22:27:20,570] {dagbag.py:508} INFO - Filling up the DagBag from /home/airflow/.local/lib/python3.7/site-packages/airflow/example_dags/tutorial_taskflow_api_etl.py
[2022-08-22 22:27:20,582] {processor.py:651} INFO - DAG(s) dict_keys(['tutorial_taskflow_api_etl']) retrieved from /home/airflow/.local/lib/python3.7/site-packages/airflow/example_dags/tutorial_taskflow_api_etl.py
[2022-08-22 22:27:20,634] {logging_mixin.py:115} INFO - [2022-08-22 22:27:20,634] {dag.py:2420} INFO - Sync 1 DAGs
[2022-08-22 22:27:20,651] {logging_mixin.py:115} INFO - [2022-08-22 22:27:20,651] {dag.py:2972} INFO - Setting next_dagrun for tutorial_taskflow_api_etl to None, run_after=None
[2022-08-22 22:27:20,662] {processor.py:161} INFO - Processing /home/airflow/.local/lib/python3.7/site-packages/airflow/example_dags/tutorial_taskflow_api_etl.py took 0.095 seconds
[2022-08-22 22:27:51,396] {processor.py:153} INFO - Started process (PID=3991) to work on /home/airflow/.local/lib/python3.7/site-packages/airflow/example_dags/tutorial_taskflow_api_etl.py
[2022-08-22 22:27:51,397] {processor.py:641} INFO - Processing file /home/airflow/.local/lib/python3.7/site-packages/airflow/example_dags/tutorial_taskflow_api_etl.py for tasks to queue
[2022-08-22 22:27:51,397] {logging_mixin.py:115} INFO - [2022-08-22 22:27:51,397] {dagbag.py:508} INFO - Filling up the DagBag from /home/airflow/.local/lib/python3.7/site-packages/airflow/example_dags/tutorial_taskflow_api_etl.py
[2022-08-22 22:27:51,409] {processor.py:651} INFO - DAG(s) dict_keys(['tutorial_taskflow_api_etl']) retrieved from /home/airflow/.local/lib/python3.7/site-packages/airflow/example_dags/tutorial_taskflow_api_etl.py
[2022-08-22 22:27:51,428] {logging_mixin.py:115} INFO - [2022-08-22 22:27:51,428] {dag.py:2420} INFO - Sync 1 DAGs
[2022-08-22 22:27:51,447] {logging_mixin.py:115} INFO - [2022-08-22 22:27:51,447] {dag.py:2972} INFO - Setting next_dagrun for tutorial_taskflow_api_etl to None, run_after=None
[2022-08-22 22:27:51,456] {processor.py:161} INFO - Processing /home/airflow/.local/lib/python3.7/site-packages/airflow/example_dags/tutorial_taskflow_api_etl.py took 0.062 seconds
[2022-08-22 22:28:21,934] {processor.py:153} INFO - Started process (PID=4052) to work on /home/airflow/.local/lib/python3.7/site-packages/airflow/example_dags/tutorial_taskflow_api_etl.py
[2022-08-22 22:28:21,935] {processor.py:641} INFO - Processing file /home/airflow/.local/lib/python3.7/site-packages/airflow/example_dags/tutorial_taskflow_api_etl.py for tasks to queue
[2022-08-22 22:28:21,936] {logging_mixin.py:115} INFO - [2022-08-22 22:28:21,935] {dagbag.py:508} INFO - Filling up the DagBag from /home/airflow/.local/lib/python3.7/site-packages/airflow/example_dags/tutorial_taskflow_api_etl.py
[2022-08-22 22:28:21,948] {processor.py:651} INFO - DAG(s) dict_keys(['tutorial_taskflow_api_etl']) retrieved from /home/airflow/.local/lib/python3.7/site-packages/airflow/example_dags/tutorial_taskflow_api_etl.py
[2022-08-22 22:28:22,002] {logging_mixin.py:115} INFO - [2022-08-22 22:28:22,002] {dag.py:2420} INFO - Sync 1 DAGs
[2022-08-22 22:28:22,018] {logging_mixin.py:115} INFO - [2022-08-22 22:28:22,018] {dag.py:2972} INFO - Setting next_dagrun for tutorial_taskflow_api_etl to None, run_after=None
[2022-08-22 22:28:22,029] {processor.py:161} INFO - Processing /home/airflow/.local/lib/python3.7/site-packages/airflow/example_dags/tutorial_taskflow_api_etl.py took 0.097 seconds
