[2022-08-22 21:53:31,491] {processor.py:153} INFO - Started process (PID=56) to work on /home/airflow/.local/lib/python3.7/site-packages/airflow/example_dags/tutorial.py
[2022-08-22 21:53:31,492] {processor.py:641} INFO - Processing file /home/airflow/.local/lib/python3.7/site-packages/airflow/example_dags/tutorial.py for tasks to queue
[2022-08-22 21:53:31,492] {logging_mixin.py:115} INFO - [2022-08-22 21:53:31,492] {dagbag.py:508} INFO - Filling up the DagBag from /home/airflow/.local/lib/python3.7/site-packages/airflow/example_dags/tutorial.py
[2022-08-22 21:53:31,504] {processor.py:651} INFO - DAG(s) dict_keys(['tutorial']) retrieved from /home/airflow/.local/lib/python3.7/site-packages/airflow/example_dags/tutorial.py
[2022-08-22 21:53:31,659] {logging_mixin.py:115} INFO - [2022-08-22 21:53:31,659] {manager.py:508} INFO - Created Permission View: can edit on DAG:tutorial
[2022-08-22 21:53:31,674] {logging_mixin.py:115} INFO - [2022-08-22 21:53:31,674] {manager.py:508} INFO - Created Permission View: can read on DAG:tutorial
[2022-08-22 21:53:31,686] {logging_mixin.py:115} INFO - [2022-08-22 21:53:31,686] {manager.py:508} INFO - Created Permission View: can delete on DAG:tutorial
[2022-08-22 21:53:31,687] {logging_mixin.py:115} INFO - [2022-08-22 21:53:31,687] {dag.py:2420} INFO - Sync 1 DAGs
[2022-08-22 21:53:31,700] {logging_mixin.py:115} INFO - [2022-08-22 21:53:31,700] {dag.py:2439} INFO - Creating ORM DAG for tutorial
[2022-08-22 21:53:31,717] {logging_mixin.py:115} INFO - [2022-08-22 21:53:31,716] {dag.py:2972} INFO - Setting next_dagrun for tutorial to 2022-08-21T21:53:31.716526+00:00, run_after=2022-08-22T21:53:31.716526+00:00
[2022-08-22 21:53:31,737] {processor.py:161} INFO - Processing /home/airflow/.local/lib/python3.7/site-packages/airflow/example_dags/tutorial.py took 0.251 seconds
[2022-08-22 21:54:02,485] {processor.py:153} INFO - Started process (PID=108) to work on /home/airflow/.local/lib/python3.7/site-packages/airflow/example_dags/tutorial.py
[2022-08-22 21:54:02,486] {processor.py:641} INFO - Processing file /home/airflow/.local/lib/python3.7/site-packages/airflow/example_dags/tutorial.py for tasks to queue
[2022-08-22 21:54:02,487] {logging_mixin.py:115} INFO - [2022-08-22 21:54:02,487] {dagbag.py:508} INFO - Filling up the DagBag from /home/airflow/.local/lib/python3.7/site-packages/airflow/example_dags/tutorial.py
[2022-08-22 21:54:02,495] {processor.py:651} INFO - DAG(s) dict_keys(['tutorial']) retrieved from /home/airflow/.local/lib/python3.7/site-packages/airflow/example_dags/tutorial.py
[2022-08-22 21:54:02,526] {logging_mixin.py:115} INFO - [2022-08-22 21:54:02,526] {dag.py:2420} INFO - Sync 1 DAGs
[2022-08-22 21:54:02,545] {logging_mixin.py:115} INFO - [2022-08-22 21:54:02,545] {dag.py:2972} INFO - Setting next_dagrun for tutorial to 2022-08-21T21:54:02.545704+00:00, run_after=2022-08-22T21:54:02.545704+00:00
[2022-08-22 21:54:02,556] {processor.py:161} INFO - Processing /home/airflow/.local/lib/python3.7/site-packages/airflow/example_dags/tutorial.py took 0.076 seconds
[2022-08-22 21:54:32,618] {processor.py:153} INFO - Started process (PID=169) to work on /home/airflow/.local/lib/python3.7/site-packages/airflow/example_dags/tutorial.py
[2022-08-22 21:54:32,619] {processor.py:641} INFO - Processing file /home/airflow/.local/lib/python3.7/site-packages/airflow/example_dags/tutorial.py for tasks to queue
[2022-08-22 21:54:32,619] {logging_mixin.py:115} INFO - [2022-08-22 21:54:32,619] {dagbag.py:508} INFO - Filling up the DagBag from /home/airflow/.local/lib/python3.7/site-packages/airflow/example_dags/tutorial.py
[2022-08-22 21:54:32,626] {processor.py:651} INFO - DAG(s) dict_keys(['tutorial']) retrieved from /home/airflow/.local/lib/python3.7/site-packages/airflow/example_dags/tutorial.py
[2022-08-22 21:54:32,650] {logging_mixin.py:115} INFO - [2022-08-22 21:54:32,649] {dag.py:2420} INFO - Sync 1 DAGs
[2022-08-22 21:54:32,668] {logging_mixin.py:115} INFO - [2022-08-22 21:54:32,668] {dag.py:2972} INFO - Setting next_dagrun for tutorial to 2022-08-21T21:54:32.668305+00:00, run_after=2022-08-22T21:54:32.668305+00:00
[2022-08-22 21:54:32,680] {processor.py:161} INFO - Processing /home/airflow/.local/lib/python3.7/site-packages/airflow/example_dags/tutorial.py took 0.066 seconds
[2022-08-22 21:55:03,382] {processor.py:153} INFO - Started process (PID=230) to work on /home/airflow/.local/lib/python3.7/site-packages/airflow/example_dags/tutorial.py
[2022-08-22 21:55:03,383] {processor.py:641} INFO - Processing file /home/airflow/.local/lib/python3.7/site-packages/airflow/example_dags/tutorial.py for tasks to queue
[2022-08-22 21:55:03,384] {logging_mixin.py:115} INFO - [2022-08-22 21:55:03,383] {dagbag.py:508} INFO - Filling up the DagBag from /home/airflow/.local/lib/python3.7/site-packages/airflow/example_dags/tutorial.py
[2022-08-22 21:55:03,393] {processor.py:651} INFO - DAG(s) dict_keys(['tutorial']) retrieved from /home/airflow/.local/lib/python3.7/site-packages/airflow/example_dags/tutorial.py
[2022-08-22 21:55:03,415] {logging_mixin.py:115} INFO - [2022-08-22 21:55:03,415] {dag.py:2420} INFO - Sync 1 DAGs
[2022-08-22 21:55:03,439] {logging_mixin.py:115} INFO - [2022-08-22 21:55:03,439] {dag.py:2972} INFO - Setting next_dagrun for tutorial to 2022-08-21T21:55:03.438538+00:00, run_after=2022-08-22T21:55:03.438538+00:00
[2022-08-22 21:55:03,451] {processor.py:161} INFO - Processing /home/airflow/.local/lib/python3.7/site-packages/airflow/example_dags/tutorial.py took 0.074 seconds
[2022-08-22 21:55:34,218] {processor.py:153} INFO - Started process (PID=283) to work on /home/airflow/.local/lib/python3.7/site-packages/airflow/example_dags/tutorial.py
[2022-08-22 21:55:34,222] {processor.py:641} INFO - Processing file /home/airflow/.local/lib/python3.7/site-packages/airflow/example_dags/tutorial.py for tasks to queue
[2022-08-22 21:55:34,223] {logging_mixin.py:115} INFO - [2022-08-22 21:55:34,223] {dagbag.py:508} INFO - Filling up the DagBag from /home/airflow/.local/lib/python3.7/site-packages/airflow/example_dags/tutorial.py
[2022-08-22 21:55:34,230] {processor.py:651} INFO - DAG(s) dict_keys(['tutorial']) retrieved from /home/airflow/.local/lib/python3.7/site-packages/airflow/example_dags/tutorial.py
[2022-08-22 21:55:34,255] {logging_mixin.py:115} INFO - [2022-08-22 21:55:34,255] {dag.py:2420} INFO - Sync 1 DAGs
[2022-08-22 21:55:34,274] {logging_mixin.py:115} INFO - [2022-08-22 21:55:34,274] {dag.py:2972} INFO - Setting next_dagrun for tutorial to 2022-08-21T21:55:34.273800+00:00, run_after=2022-08-22T21:55:34.273800+00:00
[2022-08-22 21:55:34,285] {processor.py:161} INFO - Processing /home/airflow/.local/lib/python3.7/site-packages/airflow/example_dags/tutorial.py took 0.071 seconds
[2022-08-22 21:56:05,067] {processor.py:153} INFO - Started process (PID=344) to work on /home/airflow/.local/lib/python3.7/site-packages/airflow/example_dags/tutorial.py
[2022-08-22 21:56:05,068] {processor.py:641} INFO - Processing file /home/airflow/.local/lib/python3.7/site-packages/airflow/example_dags/tutorial.py for tasks to queue
[2022-08-22 21:56:05,070] {logging_mixin.py:115} INFO - [2022-08-22 21:56:05,070] {dagbag.py:508} INFO - Filling up the DagBag from /home/airflow/.local/lib/python3.7/site-packages/airflow/example_dags/tutorial.py
[2022-08-22 21:56:05,085] {processor.py:651} INFO - DAG(s) dict_keys(['tutorial']) retrieved from /home/airflow/.local/lib/python3.7/site-packages/airflow/example_dags/tutorial.py
[2022-08-22 21:56:05,126] {logging_mixin.py:115} INFO - [2022-08-22 21:56:05,126] {dag.py:2420} INFO - Sync 1 DAGs
[2022-08-22 21:56:05,158] {logging_mixin.py:115} INFO - [2022-08-22 21:56:05,157] {dag.py:2972} INFO - Setting next_dagrun for tutorial to 2022-08-21T21:56:05.157534+00:00, run_after=2022-08-22T21:56:05.157534+00:00
[2022-08-22 21:56:05,174] {processor.py:161} INFO - Processing /home/airflow/.local/lib/python3.7/site-packages/airflow/example_dags/tutorial.py took 0.111 seconds
[2022-08-22 21:56:35,813] {processor.py:153} INFO - Started process (PID=405) to work on /home/airflow/.local/lib/python3.7/site-packages/airflow/example_dags/tutorial.py
[2022-08-22 21:56:35,814] {processor.py:641} INFO - Processing file /home/airflow/.local/lib/python3.7/site-packages/airflow/example_dags/tutorial.py for tasks to queue
[2022-08-22 21:56:35,814] {logging_mixin.py:115} INFO - [2022-08-22 21:56:35,814] {dagbag.py:508} INFO - Filling up the DagBag from /home/airflow/.local/lib/python3.7/site-packages/airflow/example_dags/tutorial.py
[2022-08-22 21:56:35,822] {processor.py:651} INFO - DAG(s) dict_keys(['tutorial']) retrieved from /home/airflow/.local/lib/python3.7/site-packages/airflow/example_dags/tutorial.py
[2022-08-22 21:56:35,847] {logging_mixin.py:115} INFO - [2022-08-22 21:56:35,847] {dag.py:2420} INFO - Sync 1 DAGs
[2022-08-22 21:56:35,870] {logging_mixin.py:115} INFO - [2022-08-22 21:56:35,870] {dag.py:2972} INFO - Setting next_dagrun for tutorial to 2022-08-21T21:56:35.869931+00:00, run_after=2022-08-22T21:56:35.869931+00:00
[2022-08-22 21:56:35,882] {processor.py:161} INFO - Processing /home/airflow/.local/lib/python3.7/site-packages/airflow/example_dags/tutorial.py took 0.075 seconds
[2022-08-22 21:57:06,573] {processor.py:153} INFO - Started process (PID=457) to work on /home/airflow/.local/lib/python3.7/site-packages/airflow/example_dags/tutorial.py
[2022-08-22 21:57:06,574] {processor.py:641} INFO - Processing file /home/airflow/.local/lib/python3.7/site-packages/airflow/example_dags/tutorial.py for tasks to queue
[2022-08-22 21:57:06,575] {logging_mixin.py:115} INFO - [2022-08-22 21:57:06,575] {dagbag.py:508} INFO - Filling up the DagBag from /home/airflow/.local/lib/python3.7/site-packages/airflow/example_dags/tutorial.py
[2022-08-22 21:57:06,583] {processor.py:651} INFO - DAG(s) dict_keys(['tutorial']) retrieved from /home/airflow/.local/lib/python3.7/site-packages/airflow/example_dags/tutorial.py
[2022-08-22 21:57:06,610] {logging_mixin.py:115} INFO - [2022-08-22 21:57:06,610] {dag.py:2420} INFO - Sync 1 DAGs
[2022-08-22 21:57:06,631] {logging_mixin.py:115} INFO - [2022-08-22 21:57:06,631] {dag.py:2972} INFO - Setting next_dagrun for tutorial to 2022-08-21T21:57:06.630823+00:00, run_after=2022-08-22T21:57:06.630823+00:00
[2022-08-22 21:57:06,642] {processor.py:161} INFO - Processing /home/airflow/.local/lib/python3.7/site-packages/airflow/example_dags/tutorial.py took 0.073 seconds
[2022-08-22 21:57:37,630] {processor.py:153} INFO - Started process (PID=518) to work on /home/airflow/.local/lib/python3.7/site-packages/airflow/example_dags/tutorial.py
[2022-08-22 21:57:37,633] {processor.py:641} INFO - Processing file /home/airflow/.local/lib/python3.7/site-packages/airflow/example_dags/tutorial.py for tasks to queue
[2022-08-22 21:57:37,634] {logging_mixin.py:115} INFO - [2022-08-22 21:57:37,634] {dagbag.py:508} INFO - Filling up the DagBag from /home/airflow/.local/lib/python3.7/site-packages/airflow/example_dags/tutorial.py
[2022-08-22 21:57:37,639] {processor.py:651} INFO - DAG(s) dict_keys(['tutorial']) retrieved from /home/airflow/.local/lib/python3.7/site-packages/airflow/example_dags/tutorial.py
[2022-08-22 21:57:37,674] {logging_mixin.py:115} INFO - [2022-08-22 21:57:37,674] {dag.py:2420} INFO - Sync 1 DAGs
[2022-08-22 21:57:37,709] {logging_mixin.py:115} INFO - [2022-08-22 21:57:37,709] {dag.py:2972} INFO - Setting next_dagrun for tutorial to 2022-08-21T21:57:37.709329+00:00, run_after=2022-08-22T21:57:37.709329+00:00
[2022-08-22 21:57:37,723] {processor.py:161} INFO - Processing /home/airflow/.local/lib/python3.7/site-packages/airflow/example_dags/tutorial.py took 0.094 seconds
[2022-08-22 21:58:08,358] {processor.py:153} INFO - Started process (PID=579) to work on /home/airflow/.local/lib/python3.7/site-packages/airflow/example_dags/tutorial.py
[2022-08-22 21:58:08,358] {processor.py:641} INFO - Processing file /home/airflow/.local/lib/python3.7/site-packages/airflow/example_dags/tutorial.py for tasks to queue
[2022-08-22 21:58:08,359] {logging_mixin.py:115} INFO - [2022-08-22 21:58:08,359] {dagbag.py:508} INFO - Filling up the DagBag from /home/airflow/.local/lib/python3.7/site-packages/airflow/example_dags/tutorial.py
[2022-08-22 21:58:08,363] {processor.py:651} INFO - DAG(s) dict_keys(['tutorial']) retrieved from /home/airflow/.local/lib/python3.7/site-packages/airflow/example_dags/tutorial.py
[2022-08-22 21:58:08,388] {logging_mixin.py:115} INFO - [2022-08-22 21:58:08,387] {dag.py:2420} INFO - Sync 1 DAGs
[2022-08-22 21:58:08,408] {logging_mixin.py:115} INFO - [2022-08-22 21:58:08,408] {dag.py:2972} INFO - Setting next_dagrun for tutorial to 2022-08-21T21:58:08.408004+00:00, run_after=2022-08-22T21:58:08.408004+00:00
[2022-08-22 21:58:08,418] {processor.py:161} INFO - Processing /home/airflow/.local/lib/python3.7/site-packages/airflow/example_dags/tutorial.py took 0.065 seconds
[2022-08-22 21:58:39,273] {processor.py:153} INFO - Started process (PID=640) to work on /home/airflow/.local/lib/python3.7/site-packages/airflow/example_dags/tutorial.py
[2022-08-22 21:58:39,274] {processor.py:641} INFO - Processing file /home/airflow/.local/lib/python3.7/site-packages/airflow/example_dags/tutorial.py for tasks to queue
[2022-08-22 21:58:39,275] {logging_mixin.py:115} INFO - [2022-08-22 21:58:39,274] {dagbag.py:508} INFO - Filling up the DagBag from /home/airflow/.local/lib/python3.7/site-packages/airflow/example_dags/tutorial.py
[2022-08-22 21:58:39,280] {processor.py:651} INFO - DAG(s) dict_keys(['tutorial']) retrieved from /home/airflow/.local/lib/python3.7/site-packages/airflow/example_dags/tutorial.py
[2022-08-22 21:58:39,306] {logging_mixin.py:115} INFO - [2022-08-22 21:58:39,306] {dag.py:2420} INFO - Sync 1 DAGs
[2022-08-22 21:58:39,340] {logging_mixin.py:115} INFO - [2022-08-22 21:58:39,340] {dag.py:2972} INFO - Setting next_dagrun for tutorial to 2022-08-21T21:58:39.340309+00:00, run_after=2022-08-22T21:58:39.340309+00:00
[2022-08-22 21:58:39,353] {processor.py:161} INFO - Processing /home/airflow/.local/lib/python3.7/site-packages/airflow/example_dags/tutorial.py took 0.085 seconds
[2022-08-22 21:59:09,959] {processor.py:153} INFO - Started process (PID=692) to work on /home/airflow/.local/lib/python3.7/site-packages/airflow/example_dags/tutorial.py
[2022-08-22 21:59:09,960] {processor.py:641} INFO - Processing file /home/airflow/.local/lib/python3.7/site-packages/airflow/example_dags/tutorial.py for tasks to queue
[2022-08-22 21:59:09,960] {logging_mixin.py:115} INFO - [2022-08-22 21:59:09,960] {dagbag.py:508} INFO - Filling up the DagBag from /home/airflow/.local/lib/python3.7/site-packages/airflow/example_dags/tutorial.py
[2022-08-22 21:59:09,964] {processor.py:651} INFO - DAG(s) dict_keys(['tutorial']) retrieved from /home/airflow/.local/lib/python3.7/site-packages/airflow/example_dags/tutorial.py
[2022-08-22 21:59:09,989] {logging_mixin.py:115} INFO - [2022-08-22 21:59:09,989] {dag.py:2420} INFO - Sync 1 DAGs
[2022-08-22 21:59:10,009] {logging_mixin.py:115} INFO - [2022-08-22 21:59:10,009] {dag.py:2972} INFO - Setting next_dagrun for tutorial to 2022-08-21T21:59:10.009282+00:00, run_after=2022-08-22T21:59:10.009282+00:00
[2022-08-22 21:59:10,025] {processor.py:161} INFO - Processing /home/airflow/.local/lib/python3.7/site-packages/airflow/example_dags/tutorial.py took 0.069 seconds
[2022-08-22 21:59:40,911] {processor.py:153} INFO - Started process (PID=753) to work on /home/airflow/.local/lib/python3.7/site-packages/airflow/example_dags/tutorial.py
[2022-08-22 21:59:40,911] {processor.py:641} INFO - Processing file /home/airflow/.local/lib/python3.7/site-packages/airflow/example_dags/tutorial.py for tasks to queue
[2022-08-22 21:59:40,912] {logging_mixin.py:115} INFO - [2022-08-22 21:59:40,912] {dagbag.py:508} INFO - Filling up the DagBag from /home/airflow/.local/lib/python3.7/site-packages/airflow/example_dags/tutorial.py
[2022-08-22 21:59:40,917] {processor.py:651} INFO - DAG(s) dict_keys(['tutorial']) retrieved from /home/airflow/.local/lib/python3.7/site-packages/airflow/example_dags/tutorial.py
[2022-08-22 21:59:40,940] {logging_mixin.py:115} INFO - [2022-08-22 21:59:40,940] {dag.py:2420} INFO - Sync 1 DAGs
[2022-08-22 21:59:40,960] {logging_mixin.py:115} INFO - [2022-08-22 21:59:40,960] {dag.py:2972} INFO - Setting next_dagrun for tutorial to 2022-08-21T21:59:40.960628+00:00, run_after=2022-08-22T21:59:40.960628+00:00
[2022-08-22 21:59:40,973] {processor.py:161} INFO - Processing /home/airflow/.local/lib/python3.7/site-packages/airflow/example_dags/tutorial.py took 0.064 seconds
[2022-08-22 22:00:11,596] {processor.py:153} INFO - Started process (PID=814) to work on /home/airflow/.local/lib/python3.7/site-packages/airflow/example_dags/tutorial.py
[2022-08-22 22:00:11,599] {processor.py:641} INFO - Processing file /home/airflow/.local/lib/python3.7/site-packages/airflow/example_dags/tutorial.py for tasks to queue
[2022-08-22 22:00:11,600] {logging_mixin.py:115} INFO - [2022-08-22 22:00:11,599] {dagbag.py:508} INFO - Filling up the DagBag from /home/airflow/.local/lib/python3.7/site-packages/airflow/example_dags/tutorial.py
[2022-08-22 22:00:11,605] {processor.py:651} INFO - DAG(s) dict_keys(['tutorial']) retrieved from /home/airflow/.local/lib/python3.7/site-packages/airflow/example_dags/tutorial.py
[2022-08-22 22:00:11,629] {logging_mixin.py:115} INFO - [2022-08-22 22:00:11,629] {dag.py:2420} INFO - Sync 1 DAGs
[2022-08-22 22:00:11,651] {logging_mixin.py:115} INFO - [2022-08-22 22:00:11,651] {dag.py:2972} INFO - Setting next_dagrun for tutorial to 2022-08-21T22:00:11.651588+00:00, run_after=2022-08-22T22:00:11.651588+00:00
[2022-08-22 22:00:11,665] {processor.py:161} INFO - Processing /home/airflow/.local/lib/python3.7/site-packages/airflow/example_dags/tutorial.py took 0.072 seconds
[2022-08-22 22:00:42,388] {processor.py:153} INFO - Started process (PID=866) to work on /home/airflow/.local/lib/python3.7/site-packages/airflow/example_dags/tutorial.py
[2022-08-22 22:00:42,389] {processor.py:641} INFO - Processing file /home/airflow/.local/lib/python3.7/site-packages/airflow/example_dags/tutorial.py for tasks to queue
[2022-08-22 22:00:42,390] {logging_mixin.py:115} INFO - [2022-08-22 22:00:42,389] {dagbag.py:508} INFO - Filling up the DagBag from /home/airflow/.local/lib/python3.7/site-packages/airflow/example_dags/tutorial.py
[2022-08-22 22:00:42,398] {processor.py:651} INFO - DAG(s) dict_keys(['tutorial']) retrieved from /home/airflow/.local/lib/python3.7/site-packages/airflow/example_dags/tutorial.py
[2022-08-22 22:00:42,431] {logging_mixin.py:115} INFO - [2022-08-22 22:00:42,431] {dag.py:2420} INFO - Sync 1 DAGs
[2022-08-22 22:00:42,456] {logging_mixin.py:115} INFO - [2022-08-22 22:00:42,456] {dag.py:2972} INFO - Setting next_dagrun for tutorial to 2022-08-21T22:00:42.456528+00:00, run_after=2022-08-22T22:00:42.456528+00:00
[2022-08-22 22:00:42,468] {processor.py:161} INFO - Processing /home/airflow/.local/lib/python3.7/site-packages/airflow/example_dags/tutorial.py took 0.084 seconds
[2022-08-22 22:01:13,168] {processor.py:153} INFO - Started process (PID=927) to work on /home/airflow/.local/lib/python3.7/site-packages/airflow/example_dags/tutorial.py
[2022-08-22 22:01:13,169] {processor.py:641} INFO - Processing file /home/airflow/.local/lib/python3.7/site-packages/airflow/example_dags/tutorial.py for tasks to queue
[2022-08-22 22:01:13,170] {logging_mixin.py:115} INFO - [2022-08-22 22:01:13,170] {dagbag.py:508} INFO - Filling up the DagBag from /home/airflow/.local/lib/python3.7/site-packages/airflow/example_dags/tutorial.py
[2022-08-22 22:01:13,178] {processor.py:651} INFO - DAG(s) dict_keys(['tutorial']) retrieved from /home/airflow/.local/lib/python3.7/site-packages/airflow/example_dags/tutorial.py
[2022-08-22 22:01:13,209] {logging_mixin.py:115} INFO - [2022-08-22 22:01:13,209] {dag.py:2420} INFO - Sync 1 DAGs
[2022-08-22 22:01:13,234] {logging_mixin.py:115} INFO - [2022-08-22 22:01:13,234] {dag.py:2972} INFO - Setting next_dagrun for tutorial to 2022-08-21T22:01:13.233954+00:00, run_after=2022-08-22T22:01:13.233954+00:00
[2022-08-22 22:01:13,246] {processor.py:161} INFO - Processing /home/airflow/.local/lib/python3.7/site-packages/airflow/example_dags/tutorial.py took 0.082 seconds
[2022-08-22 22:01:44,080] {processor.py:153} INFO - Started process (PID=988) to work on /home/airflow/.local/lib/python3.7/site-packages/airflow/example_dags/tutorial.py
[2022-08-22 22:01:44,083] {processor.py:641} INFO - Processing file /home/airflow/.local/lib/python3.7/site-packages/airflow/example_dags/tutorial.py for tasks to queue
[2022-08-22 22:01:44,084] {logging_mixin.py:115} INFO - [2022-08-22 22:01:44,084] {dagbag.py:508} INFO - Filling up the DagBag from /home/airflow/.local/lib/python3.7/site-packages/airflow/example_dags/tutorial.py
[2022-08-22 22:01:44,091] {processor.py:651} INFO - DAG(s) dict_keys(['tutorial']) retrieved from /home/airflow/.local/lib/python3.7/site-packages/airflow/example_dags/tutorial.py
[2022-08-22 22:01:44,118] {logging_mixin.py:115} INFO - [2022-08-22 22:01:44,118] {dag.py:2420} INFO - Sync 1 DAGs
[2022-08-22 22:01:44,138] {logging_mixin.py:115} INFO - [2022-08-22 22:01:44,138] {dag.py:2972} INFO - Setting next_dagrun for tutorial to 2022-08-21T22:01:44.138628+00:00, run_after=2022-08-22T22:01:44.138628+00:00
[2022-08-22 22:01:44,150] {processor.py:161} INFO - Processing /home/airflow/.local/lib/python3.7/site-packages/airflow/example_dags/tutorial.py took 0.075 seconds
[2022-08-22 22:02:14,997] {processor.py:153} INFO - Started process (PID=1049) to work on /home/airflow/.local/lib/python3.7/site-packages/airflow/example_dags/tutorial.py
[2022-08-22 22:02:14,998] {processor.py:641} INFO - Processing file /home/airflow/.local/lib/python3.7/site-packages/airflow/example_dags/tutorial.py for tasks to queue
[2022-08-22 22:02:14,998] {logging_mixin.py:115} INFO - [2022-08-22 22:02:14,998] {dagbag.py:508} INFO - Filling up the DagBag from /home/airflow/.local/lib/python3.7/site-packages/airflow/example_dags/tutorial.py
[2022-08-22 22:02:15,004] {processor.py:651} INFO - DAG(s) dict_keys(['tutorial']) retrieved from /home/airflow/.local/lib/python3.7/site-packages/airflow/example_dags/tutorial.py
[2022-08-22 22:02:15,030] {logging_mixin.py:115} INFO - [2022-08-22 22:02:15,030] {dag.py:2420} INFO - Sync 1 DAGs
[2022-08-22 22:02:15,054] {logging_mixin.py:115} INFO - [2022-08-22 22:02:15,054] {dag.py:2972} INFO - Setting next_dagrun for tutorial to 2022-08-21T22:02:15.053912+00:00, run_after=2022-08-22T22:02:15.053912+00:00
[2022-08-22 22:02:15,067] {processor.py:161} INFO - Processing /home/airflow/.local/lib/python3.7/site-packages/airflow/example_dags/tutorial.py took 0.073 seconds
[2022-08-22 22:02:45,802] {processor.py:153} INFO - Started process (PID=1101) to work on /home/airflow/.local/lib/python3.7/site-packages/airflow/example_dags/tutorial.py
[2022-08-22 22:02:45,807] {processor.py:641} INFO - Processing file /home/airflow/.local/lib/python3.7/site-packages/airflow/example_dags/tutorial.py for tasks to queue
[2022-08-22 22:02:45,808] {logging_mixin.py:115} INFO - [2022-08-22 22:02:45,808] {dagbag.py:508} INFO - Filling up the DagBag from /home/airflow/.local/lib/python3.7/site-packages/airflow/example_dags/tutorial.py
[2022-08-22 22:02:45,816] {processor.py:651} INFO - DAG(s) dict_keys(['tutorial']) retrieved from /home/airflow/.local/lib/python3.7/site-packages/airflow/example_dags/tutorial.py
[2022-08-22 22:02:45,853] {logging_mixin.py:115} INFO - [2022-08-22 22:02:45,853] {dag.py:2420} INFO - Sync 1 DAGs
[2022-08-22 22:02:45,877] {logging_mixin.py:115} INFO - [2022-08-22 22:02:45,877] {dag.py:2972} INFO - Setting next_dagrun for tutorial to 2022-08-21T22:02:45.876791+00:00, run_after=2022-08-22T22:02:45.876791+00:00
[2022-08-22 22:02:45,890] {processor.py:161} INFO - Processing /home/airflow/.local/lib/python3.7/site-packages/airflow/example_dags/tutorial.py took 0.091 seconds
[2022-08-22 22:03:16,708] {processor.py:153} INFO - Started process (PID=1162) to work on /home/airflow/.local/lib/python3.7/site-packages/airflow/example_dags/tutorial.py
[2022-08-22 22:03:16,709] {processor.py:641} INFO - Processing file /home/airflow/.local/lib/python3.7/site-packages/airflow/example_dags/tutorial.py for tasks to queue
[2022-08-22 22:03:16,709] {logging_mixin.py:115} INFO - [2022-08-22 22:03:16,709] {dagbag.py:508} INFO - Filling up the DagBag from /home/airflow/.local/lib/python3.7/site-packages/airflow/example_dags/tutorial.py
[2022-08-22 22:03:16,716] {processor.py:651} INFO - DAG(s) dict_keys(['tutorial']) retrieved from /home/airflow/.local/lib/python3.7/site-packages/airflow/example_dags/tutorial.py
[2022-08-22 22:03:16,749] {logging_mixin.py:115} INFO - [2022-08-22 22:03:16,749] {dag.py:2420} INFO - Sync 1 DAGs
[2022-08-22 22:03:16,773] {logging_mixin.py:115} INFO - [2022-08-22 22:03:16,773] {dag.py:2972} INFO - Setting next_dagrun for tutorial to 2022-08-21T22:03:16.773107+00:00, run_after=2022-08-22T22:03:16.773107+00:00
[2022-08-22 22:03:16,785] {processor.py:161} INFO - Processing /home/airflow/.local/lib/python3.7/site-packages/airflow/example_dags/tutorial.py took 0.081 seconds
[2022-08-22 22:03:47,634] {processor.py:153} INFO - Started process (PID=1223) to work on /home/airflow/.local/lib/python3.7/site-packages/airflow/example_dags/tutorial.py
[2022-08-22 22:03:47,634] {processor.py:641} INFO - Processing file /home/airflow/.local/lib/python3.7/site-packages/airflow/example_dags/tutorial.py for tasks to queue
[2022-08-22 22:03:47,635] {logging_mixin.py:115} INFO - [2022-08-22 22:03:47,635] {dagbag.py:508} INFO - Filling up the DagBag from /home/airflow/.local/lib/python3.7/site-packages/airflow/example_dags/tutorial.py
[2022-08-22 22:03:47,642] {processor.py:651} INFO - DAG(s) dict_keys(['tutorial']) retrieved from /home/airflow/.local/lib/python3.7/site-packages/airflow/example_dags/tutorial.py
[2022-08-22 22:03:47,674] {logging_mixin.py:115} INFO - [2022-08-22 22:03:47,674] {dag.py:2420} INFO - Sync 1 DAGs
[2022-08-22 22:03:47,696] {logging_mixin.py:115} INFO - [2022-08-22 22:03:47,696] {dag.py:2972} INFO - Setting next_dagrun for tutorial to 2022-08-21T22:03:47.696082+00:00, run_after=2022-08-22T22:03:47.696082+00:00
[2022-08-22 22:03:47,706] {processor.py:161} INFO - Processing /home/airflow/.local/lib/python3.7/site-packages/airflow/example_dags/tutorial.py took 0.076 seconds
[2022-08-22 22:04:18,388] {processor.py:153} INFO - Started process (PID=1275) to work on /home/airflow/.local/lib/python3.7/site-packages/airflow/example_dags/tutorial.py
[2022-08-22 22:04:18,395] {processor.py:641} INFO - Processing file /home/airflow/.local/lib/python3.7/site-packages/airflow/example_dags/tutorial.py for tasks to queue
[2022-08-22 22:04:18,396] {logging_mixin.py:115} INFO - [2022-08-22 22:04:18,396] {dagbag.py:508} INFO - Filling up the DagBag from /home/airflow/.local/lib/python3.7/site-packages/airflow/example_dags/tutorial.py
[2022-08-22 22:04:18,403] {processor.py:651} INFO - DAG(s) dict_keys(['tutorial']) retrieved from /home/airflow/.local/lib/python3.7/site-packages/airflow/example_dags/tutorial.py
[2022-08-22 22:04:18,436] {logging_mixin.py:115} INFO - [2022-08-22 22:04:18,436] {dag.py:2420} INFO - Sync 1 DAGs
[2022-08-22 22:04:18,454] {logging_mixin.py:115} INFO - [2022-08-22 22:04:18,454] {dag.py:2972} INFO - Setting next_dagrun for tutorial to 2022-08-21T22:04:18.454630+00:00, run_after=2022-08-22T22:04:18.454630+00:00
[2022-08-22 22:04:18,464] {processor.py:161} INFO - Processing /home/airflow/.local/lib/python3.7/site-packages/airflow/example_dags/tutorial.py took 0.081 seconds
[2022-08-22 22:04:48,975] {processor.py:153} INFO - Started process (PID=1336) to work on /home/airflow/.local/lib/python3.7/site-packages/airflow/example_dags/tutorial.py
[2022-08-22 22:04:48,975] {processor.py:641} INFO - Processing file /home/airflow/.local/lib/python3.7/site-packages/airflow/example_dags/tutorial.py for tasks to queue
[2022-08-22 22:04:48,976] {logging_mixin.py:115} INFO - [2022-08-22 22:04:48,976] {dagbag.py:508} INFO - Filling up the DagBag from /home/airflow/.local/lib/python3.7/site-packages/airflow/example_dags/tutorial.py
[2022-08-22 22:04:48,980] {processor.py:651} INFO - DAG(s) dict_keys(['tutorial']) retrieved from /home/airflow/.local/lib/python3.7/site-packages/airflow/example_dags/tutorial.py
[2022-08-22 22:04:49,002] {logging_mixin.py:115} INFO - [2022-08-22 22:04:49,002] {dag.py:2420} INFO - Sync 1 DAGs
[2022-08-22 22:04:49,021] {logging_mixin.py:115} INFO - [2022-08-22 22:04:49,021] {dag.py:2972} INFO - Setting next_dagrun for tutorial to 2022-08-21T22:04:49.021516+00:00, run_after=2022-08-22T22:04:49.021516+00:00
[2022-08-22 22:04:49,031] {processor.py:161} INFO - Processing /home/airflow/.local/lib/python3.7/site-packages/airflow/example_dags/tutorial.py took 0.058 seconds
[2022-08-22 22:05:19,504] {processor.py:153} INFO - Started process (PID=1397) to work on /home/airflow/.local/lib/python3.7/site-packages/airflow/example_dags/tutorial.py
[2022-08-22 22:05:19,509] {processor.py:641} INFO - Processing file /home/airflow/.local/lib/python3.7/site-packages/airflow/example_dags/tutorial.py for tasks to queue
[2022-08-22 22:05:19,510] {logging_mixin.py:115} INFO - [2022-08-22 22:05:19,510] {dagbag.py:508} INFO - Filling up the DagBag from /home/airflow/.local/lib/python3.7/site-packages/airflow/example_dags/tutorial.py
[2022-08-22 22:05:19,514] {processor.py:651} INFO - DAG(s) dict_keys(['tutorial']) retrieved from /home/airflow/.local/lib/python3.7/site-packages/airflow/example_dags/tutorial.py
[2022-08-22 22:05:19,549] {logging_mixin.py:115} INFO - [2022-08-22 22:05:19,549] {dag.py:2420} INFO - Sync 1 DAGs
[2022-08-22 22:05:19,573] {logging_mixin.py:115} INFO - [2022-08-22 22:05:19,573] {dag.py:2972} INFO - Setting next_dagrun for tutorial to 2022-08-21T22:05:19.572899+00:00, run_after=2022-08-22T22:05:19.572899+00:00
[2022-08-22 22:05:19,582] {processor.py:161} INFO - Processing /home/airflow/.local/lib/python3.7/site-packages/airflow/example_dags/tutorial.py took 0.080 seconds
[2022-08-22 22:05:50,192] {processor.py:153} INFO - Started process (PID=1458) to work on /home/airflow/.local/lib/python3.7/site-packages/airflow/example_dags/tutorial.py
[2022-08-22 22:05:50,197] {processor.py:641} INFO - Processing file /home/airflow/.local/lib/python3.7/site-packages/airflow/example_dags/tutorial.py for tasks to queue
[2022-08-22 22:05:50,197] {logging_mixin.py:115} INFO - [2022-08-22 22:05:50,197] {dagbag.py:508} INFO - Filling up the DagBag from /home/airflow/.local/lib/python3.7/site-packages/airflow/example_dags/tutorial.py
[2022-08-22 22:05:50,205] {processor.py:651} INFO - DAG(s) dict_keys(['tutorial']) retrieved from /home/airflow/.local/lib/python3.7/site-packages/airflow/example_dags/tutorial.py
[2022-08-22 22:05:50,231] {logging_mixin.py:115} INFO - [2022-08-22 22:05:50,231] {dag.py:2420} INFO - Sync 1 DAGs
[2022-08-22 22:05:50,253] {logging_mixin.py:115} INFO - [2022-08-22 22:05:50,252] {dag.py:2972} INFO - Setting next_dagrun for tutorial to 2022-08-21T22:05:50.252765+00:00, run_after=2022-08-22T22:05:50.252765+00:00
[2022-08-22 22:05:50,267] {processor.py:161} INFO - Processing /home/airflow/.local/lib/python3.7/site-packages/airflow/example_dags/tutorial.py took 0.078 seconds
[2022-08-22 22:06:20,879] {processor.py:153} INFO - Started process (PID=1510) to work on /home/airflow/.local/lib/python3.7/site-packages/airflow/example_dags/tutorial.py
[2022-08-22 22:06:20,880] {processor.py:641} INFO - Processing file /home/airflow/.local/lib/python3.7/site-packages/airflow/example_dags/tutorial.py for tasks to queue
[2022-08-22 22:06:20,881] {logging_mixin.py:115} INFO - [2022-08-22 22:06:20,881] {dagbag.py:508} INFO - Filling up the DagBag from /home/airflow/.local/lib/python3.7/site-packages/airflow/example_dags/tutorial.py
[2022-08-22 22:06:20,885] {processor.py:651} INFO - DAG(s) dict_keys(['tutorial']) retrieved from /home/airflow/.local/lib/python3.7/site-packages/airflow/example_dags/tutorial.py
[2022-08-22 22:06:20,911] {logging_mixin.py:115} INFO - [2022-08-22 22:06:20,911] {dag.py:2420} INFO - Sync 1 DAGs
[2022-08-22 22:06:20,931] {logging_mixin.py:115} INFO - [2022-08-22 22:06:20,931] {dag.py:2972} INFO - Setting next_dagrun for tutorial to 2022-08-21T22:06:20.931318+00:00, run_after=2022-08-22T22:06:20.931318+00:00
[2022-08-22 22:06:20,942] {processor.py:161} INFO - Processing /home/airflow/.local/lib/python3.7/site-packages/airflow/example_dags/tutorial.py took 0.066 seconds
[2022-08-22 22:06:51,590] {processor.py:153} INFO - Started process (PID=1571) to work on /home/airflow/.local/lib/python3.7/site-packages/airflow/example_dags/tutorial.py
[2022-08-22 22:06:51,594] {processor.py:641} INFO - Processing file /home/airflow/.local/lib/python3.7/site-packages/airflow/example_dags/tutorial.py for tasks to queue
[2022-08-22 22:06:51,595] {logging_mixin.py:115} INFO - [2022-08-22 22:06:51,595] {dagbag.py:508} INFO - Filling up the DagBag from /home/airflow/.local/lib/python3.7/site-packages/airflow/example_dags/tutorial.py
[2022-08-22 22:06:51,604] {processor.py:651} INFO - DAG(s) dict_keys(['tutorial']) retrieved from /home/airflow/.local/lib/python3.7/site-packages/airflow/example_dags/tutorial.py
[2022-08-22 22:06:51,647] {logging_mixin.py:115} INFO - [2022-08-22 22:06:51,647] {dag.py:2420} INFO - Sync 1 DAGs
[2022-08-22 22:06:51,671] {logging_mixin.py:115} INFO - [2022-08-22 22:06:51,671] {dag.py:2972} INFO - Setting next_dagrun for tutorial to 2022-08-21T22:06:51.670896+00:00, run_after=2022-08-22T22:06:51.670896+00:00
[2022-08-22 22:06:51,681] {processor.py:161} INFO - Processing /home/airflow/.local/lib/python3.7/site-packages/airflow/example_dags/tutorial.py took 0.096 seconds
[2022-08-22 22:07:22,155] {processor.py:153} INFO - Started process (PID=1632) to work on /home/airflow/.local/lib/python3.7/site-packages/airflow/example_dags/tutorial.py
[2022-08-22 22:07:22,155] {processor.py:641} INFO - Processing file /home/airflow/.local/lib/python3.7/site-packages/airflow/example_dags/tutorial.py for tasks to queue
[2022-08-22 22:07:22,156] {logging_mixin.py:115} INFO - [2022-08-22 22:07:22,156] {dagbag.py:508} INFO - Filling up the DagBag from /home/airflow/.local/lib/python3.7/site-packages/airflow/example_dags/tutorial.py
[2022-08-22 22:07:22,160] {processor.py:651} INFO - DAG(s) dict_keys(['tutorial']) retrieved from /home/airflow/.local/lib/python3.7/site-packages/airflow/example_dags/tutorial.py
[2022-08-22 22:07:22,184] {logging_mixin.py:115} INFO - [2022-08-22 22:07:22,184] {dag.py:2420} INFO - Sync 1 DAGs
[2022-08-22 22:07:22,206] {logging_mixin.py:115} INFO - [2022-08-22 22:07:22,206] {dag.py:2972} INFO - Setting next_dagrun for tutorial to 2022-08-21T22:07:22.205836+00:00, run_after=2022-08-22T22:07:22.205836+00:00
[2022-08-22 22:07:22,216] {processor.py:161} INFO - Processing /home/airflow/.local/lib/python3.7/site-packages/airflow/example_dags/tutorial.py took 0.064 seconds
[2022-08-22 22:07:52,835] {processor.py:153} INFO - Started process (PID=1684) to work on /home/airflow/.local/lib/python3.7/site-packages/airflow/example_dags/tutorial.py
[2022-08-22 22:07:52,836] {processor.py:641} INFO - Processing file /home/airflow/.local/lib/python3.7/site-packages/airflow/example_dags/tutorial.py for tasks to queue
[2022-08-22 22:07:52,837] {logging_mixin.py:115} INFO - [2022-08-22 22:07:52,837] {dagbag.py:508} INFO - Filling up the DagBag from /home/airflow/.local/lib/python3.7/site-packages/airflow/example_dags/tutorial.py
[2022-08-22 22:07:52,844] {processor.py:651} INFO - DAG(s) dict_keys(['tutorial']) retrieved from /home/airflow/.local/lib/python3.7/site-packages/airflow/example_dags/tutorial.py
[2022-08-22 22:07:52,867] {logging_mixin.py:115} INFO - [2022-08-22 22:07:52,867] {dag.py:2420} INFO - Sync 1 DAGs
[2022-08-22 22:07:52,888] {logging_mixin.py:115} INFO - [2022-08-22 22:07:52,888] {dag.py:2972} INFO - Setting next_dagrun for tutorial to 2022-08-21T22:07:52.887760+00:00, run_after=2022-08-22T22:07:52.887760+00:00
[2022-08-22 22:07:52,902] {processor.py:161} INFO - Processing /home/airflow/.local/lib/python3.7/site-packages/airflow/example_dags/tutorial.py took 0.071 seconds
[2022-08-22 22:08:23,461] {processor.py:153} INFO - Started process (PID=1745) to work on /home/airflow/.local/lib/python3.7/site-packages/airflow/example_dags/tutorial.py
[2022-08-22 22:08:23,464] {processor.py:641} INFO - Processing file /home/airflow/.local/lib/python3.7/site-packages/airflow/example_dags/tutorial.py for tasks to queue
[2022-08-22 22:08:23,465] {logging_mixin.py:115} INFO - [2022-08-22 22:08:23,465] {dagbag.py:508} INFO - Filling up the DagBag from /home/airflow/.local/lib/python3.7/site-packages/airflow/example_dags/tutorial.py
[2022-08-22 22:08:23,473] {processor.py:651} INFO - DAG(s) dict_keys(['tutorial']) retrieved from /home/airflow/.local/lib/python3.7/site-packages/airflow/example_dags/tutorial.py
[2022-08-22 22:08:23,507] {logging_mixin.py:115} INFO - [2022-08-22 22:08:23,507] {dag.py:2420} INFO - Sync 1 DAGs
[2022-08-22 22:08:23,524] {logging_mixin.py:115} INFO - [2022-08-22 22:08:23,524] {dag.py:2972} INFO - Setting next_dagrun for tutorial to 2022-08-21T22:08:23.524247+00:00, run_after=2022-08-22T22:08:23.524247+00:00
[2022-08-22 22:08:23,534] {processor.py:161} INFO - Processing /home/airflow/.local/lib/python3.7/site-packages/airflow/example_dags/tutorial.py took 0.077 seconds
[2022-08-22 22:08:54,317] {processor.py:153} INFO - Started process (PID=1806) to work on /home/airflow/.local/lib/python3.7/site-packages/airflow/example_dags/tutorial.py
[2022-08-22 22:08:54,317] {processor.py:641} INFO - Processing file /home/airflow/.local/lib/python3.7/site-packages/airflow/example_dags/tutorial.py for tasks to queue
[2022-08-22 22:08:54,318] {logging_mixin.py:115} INFO - [2022-08-22 22:08:54,318] {dagbag.py:508} INFO - Filling up the DagBag from /home/airflow/.local/lib/python3.7/site-packages/airflow/example_dags/tutorial.py
[2022-08-22 22:08:54,326] {processor.py:651} INFO - DAG(s) dict_keys(['tutorial']) retrieved from /home/airflow/.local/lib/python3.7/site-packages/airflow/example_dags/tutorial.py
[2022-08-22 22:08:54,346] {logging_mixin.py:115} INFO - [2022-08-22 22:08:54,346] {dag.py:2420} INFO - Sync 1 DAGs
[2022-08-22 22:08:54,364] {logging_mixin.py:115} INFO - [2022-08-22 22:08:54,364] {dag.py:2972} INFO - Setting next_dagrun for tutorial to 2022-08-21T22:08:54.363865+00:00, run_after=2022-08-22T22:08:54.363865+00:00
[2022-08-22 22:08:54,373] {processor.py:161} INFO - Processing /home/airflow/.local/lib/python3.7/site-packages/airflow/example_dags/tutorial.py took 0.061 seconds
[2022-08-22 22:09:24,916] {processor.py:153} INFO - Started process (PID=1867) to work on /home/airflow/.local/lib/python3.7/site-packages/airflow/example_dags/tutorial.py
[2022-08-22 22:09:24,916] {processor.py:641} INFO - Processing file /home/airflow/.local/lib/python3.7/site-packages/airflow/example_dags/tutorial.py for tasks to queue
[2022-08-22 22:09:24,917] {logging_mixin.py:115} INFO - [2022-08-22 22:09:24,917] {dagbag.py:508} INFO - Filling up the DagBag from /home/airflow/.local/lib/python3.7/site-packages/airflow/example_dags/tutorial.py
[2022-08-22 22:09:24,927] {processor.py:651} INFO - DAG(s) dict_keys(['tutorial']) retrieved from /home/airflow/.local/lib/python3.7/site-packages/airflow/example_dags/tutorial.py
[2022-08-22 22:09:24,952] {logging_mixin.py:115} INFO - [2022-08-22 22:09:24,952] {dag.py:2420} INFO - Sync 1 DAGs
[2022-08-22 22:09:24,972] {logging_mixin.py:115} INFO - [2022-08-22 22:09:24,971] {dag.py:2972} INFO - Setting next_dagrun for tutorial to 2022-08-21T22:09:24.971672+00:00, run_after=2022-08-22T22:09:24.971672+00:00
[2022-08-22 22:09:24,983] {processor.py:161} INFO - Processing /home/airflow/.local/lib/python3.7/site-packages/airflow/example_dags/tutorial.py took 0.072 seconds
[2022-08-22 22:09:55,503] {processor.py:153} INFO - Started process (PID=1919) to work on /home/airflow/.local/lib/python3.7/site-packages/airflow/example_dags/tutorial.py
[2022-08-22 22:09:55,505] {processor.py:641} INFO - Processing file /home/airflow/.local/lib/python3.7/site-packages/airflow/example_dags/tutorial.py for tasks to queue
[2022-08-22 22:09:55,506] {logging_mixin.py:115} INFO - [2022-08-22 22:09:55,506] {dagbag.py:508} INFO - Filling up the DagBag from /home/airflow/.local/lib/python3.7/site-packages/airflow/example_dags/tutorial.py
[2022-08-22 22:09:55,516] {processor.py:651} INFO - DAG(s) dict_keys(['tutorial']) retrieved from /home/airflow/.local/lib/python3.7/site-packages/airflow/example_dags/tutorial.py
[2022-08-22 22:09:55,540] {logging_mixin.py:115} INFO - [2022-08-22 22:09:55,540] {dag.py:2420} INFO - Sync 1 DAGs
[2022-08-22 22:09:55,558] {logging_mixin.py:115} INFO - [2022-08-22 22:09:55,558] {dag.py:2972} INFO - Setting next_dagrun for tutorial to 2022-08-21T22:09:55.558178+00:00, run_after=2022-08-22T22:09:55.558178+00:00
[2022-08-22 22:09:55,568] {processor.py:161} INFO - Processing /home/airflow/.local/lib/python3.7/site-packages/airflow/example_dags/tutorial.py took 0.070 seconds
[2022-08-22 22:10:26,248] {processor.py:153} INFO - Started process (PID=1980) to work on /home/airflow/.local/lib/python3.7/site-packages/airflow/example_dags/tutorial.py
[2022-08-22 22:10:26,253] {processor.py:641} INFO - Processing file /home/airflow/.local/lib/python3.7/site-packages/airflow/example_dags/tutorial.py for tasks to queue
[2022-08-22 22:10:26,254] {logging_mixin.py:115} INFO - [2022-08-22 22:10:26,254] {dagbag.py:508} INFO - Filling up the DagBag from /home/airflow/.local/lib/python3.7/site-packages/airflow/example_dags/tutorial.py
[2022-08-22 22:10:26,265] {processor.py:651} INFO - DAG(s) dict_keys(['tutorial']) retrieved from /home/airflow/.local/lib/python3.7/site-packages/airflow/example_dags/tutorial.py
[2022-08-22 22:10:26,291] {logging_mixin.py:115} INFO - [2022-08-22 22:10:26,291] {dag.py:2420} INFO - Sync 1 DAGs
[2022-08-22 22:10:26,309] {logging_mixin.py:115} INFO - [2022-08-22 22:10:26,309] {dag.py:2972} INFO - Setting next_dagrun for tutorial to 2022-08-21T22:10:26.308914+00:00, run_after=2022-08-22T22:10:26.308914+00:00
[2022-08-22 22:10:26,319] {processor.py:161} INFO - Processing /home/airflow/.local/lib/python3.7/site-packages/airflow/example_dags/tutorial.py took 0.075 seconds
[2022-08-22 22:10:56,958] {processor.py:153} INFO - Started process (PID=2041) to work on /home/airflow/.local/lib/python3.7/site-packages/airflow/example_dags/tutorial.py
[2022-08-22 22:10:56,959] {processor.py:641} INFO - Processing file /home/airflow/.local/lib/python3.7/site-packages/airflow/example_dags/tutorial.py for tasks to queue
[2022-08-22 22:10:56,960] {logging_mixin.py:115} INFO - [2022-08-22 22:10:56,960] {dagbag.py:508} INFO - Filling up the DagBag from /home/airflow/.local/lib/python3.7/site-packages/airflow/example_dags/tutorial.py
[2022-08-22 22:10:56,970] {processor.py:651} INFO - DAG(s) dict_keys(['tutorial']) retrieved from /home/airflow/.local/lib/python3.7/site-packages/airflow/example_dags/tutorial.py
[2022-08-22 22:10:57,007] {logging_mixin.py:115} INFO - [2022-08-22 22:10:57,007] {dag.py:2420} INFO - Sync 1 DAGs
[2022-08-22 22:10:57,024] {logging_mixin.py:115} INFO - [2022-08-22 22:10:57,024] {dag.py:2972} INFO - Setting next_dagrun for tutorial to 2022-08-21T22:10:57.024214+00:00, run_after=2022-08-22T22:10:57.024214+00:00
[2022-08-22 22:10:57,034] {processor.py:161} INFO - Processing /home/airflow/.local/lib/python3.7/site-packages/airflow/example_dags/tutorial.py took 0.080 seconds
[2022-08-22 22:11:27,604] {processor.py:153} INFO - Started process (PID=2101) to work on /home/airflow/.local/lib/python3.7/site-packages/airflow/example_dags/tutorial.py
[2022-08-22 22:11:27,610] {processor.py:641} INFO - Processing file /home/airflow/.local/lib/python3.7/site-packages/airflow/example_dags/tutorial.py for tasks to queue
[2022-08-22 22:11:27,611] {logging_mixin.py:115} INFO - [2022-08-22 22:11:27,611] {dagbag.py:508} INFO - Filling up the DagBag from /home/airflow/.local/lib/python3.7/site-packages/airflow/example_dags/tutorial.py
[2022-08-22 22:11:27,616] {processor.py:651} INFO - DAG(s) dict_keys(['tutorial']) retrieved from /home/airflow/.local/lib/python3.7/site-packages/airflow/example_dags/tutorial.py
[2022-08-22 22:11:27,638] {logging_mixin.py:115} INFO - [2022-08-22 22:11:27,638] {dag.py:2420} INFO - Sync 1 DAGs
[2022-08-22 22:11:27,657] {logging_mixin.py:115} INFO - [2022-08-22 22:11:27,657] {dag.py:2972} INFO - Setting next_dagrun for tutorial to 2022-08-21T22:11:27.657000+00:00, run_after=2022-08-22T22:11:27.657000+00:00
[2022-08-22 22:11:27,667] {processor.py:161} INFO - Processing /home/airflow/.local/lib/python3.7/site-packages/airflow/example_dags/tutorial.py took 0.066 seconds
[2022-08-22 22:11:58,168] {processor.py:153} INFO - Started process (PID=2153) to work on /home/airflow/.local/lib/python3.7/site-packages/airflow/example_dags/tutorial.py
[2022-08-22 22:11:58,172] {processor.py:641} INFO - Processing file /home/airflow/.local/lib/python3.7/site-packages/airflow/example_dags/tutorial.py for tasks to queue
[2022-08-22 22:11:58,173] {logging_mixin.py:115} INFO - [2022-08-22 22:11:58,173] {dagbag.py:508} INFO - Filling up the DagBag from /home/airflow/.local/lib/python3.7/site-packages/airflow/example_dags/tutorial.py
[2022-08-22 22:11:58,183] {processor.py:651} INFO - DAG(s) dict_keys(['tutorial']) retrieved from /home/airflow/.local/lib/python3.7/site-packages/airflow/example_dags/tutorial.py
[2022-08-22 22:11:58,209] {logging_mixin.py:115} INFO - [2022-08-22 22:11:58,209] {dag.py:2420} INFO - Sync 1 DAGs
[2022-08-22 22:11:58,228] {logging_mixin.py:115} INFO - [2022-08-22 22:11:58,228] {dag.py:2972} INFO - Setting next_dagrun for tutorial to 2022-08-21T22:11:58.228209+00:00, run_after=2022-08-22T22:11:58.228209+00:00
[2022-08-22 22:11:58,238] {processor.py:161} INFO - Processing /home/airflow/.local/lib/python3.7/site-packages/airflow/example_dags/tutorial.py took 0.074 seconds
[2022-08-22 22:12:28,678] {processor.py:153} INFO - Started process (PID=2214) to work on /home/airflow/.local/lib/python3.7/site-packages/airflow/example_dags/tutorial.py
[2022-08-22 22:12:28,679] {processor.py:641} INFO - Processing file /home/airflow/.local/lib/python3.7/site-packages/airflow/example_dags/tutorial.py for tasks to queue
[2022-08-22 22:12:28,680] {logging_mixin.py:115} INFO - [2022-08-22 22:12:28,680] {dagbag.py:508} INFO - Filling up the DagBag from /home/airflow/.local/lib/python3.7/site-packages/airflow/example_dags/tutorial.py
[2022-08-22 22:12:28,689] {processor.py:651} INFO - DAG(s) dict_keys(['tutorial']) retrieved from /home/airflow/.local/lib/python3.7/site-packages/airflow/example_dags/tutorial.py
[2022-08-22 22:12:28,721] {logging_mixin.py:115} INFO - [2022-08-22 22:12:28,720] {dag.py:2420} INFO - Sync 1 DAGs
[2022-08-22 22:12:28,745] {logging_mixin.py:115} INFO - [2022-08-22 22:12:28,745] {dag.py:2972} INFO - Setting next_dagrun for tutorial to 2022-08-21T22:12:28.745348+00:00, run_after=2022-08-22T22:12:28.745348+00:00
[2022-08-22 22:12:28,756] {processor.py:161} INFO - Processing /home/airflow/.local/lib/python3.7/site-packages/airflow/example_dags/tutorial.py took 0.082 seconds
[2022-08-22 22:12:59,226] {processor.py:153} INFO - Started process (PID=2275) to work on /home/airflow/.local/lib/python3.7/site-packages/airflow/example_dags/tutorial.py
[2022-08-22 22:12:59,233] {processor.py:641} INFO - Processing file /home/airflow/.local/lib/python3.7/site-packages/airflow/example_dags/tutorial.py for tasks to queue
[2022-08-22 22:12:59,234] {logging_mixin.py:115} INFO - [2022-08-22 22:12:59,233] {dagbag.py:508} INFO - Filling up the DagBag from /home/airflow/.local/lib/python3.7/site-packages/airflow/example_dags/tutorial.py
[2022-08-22 22:12:59,243] {processor.py:651} INFO - DAG(s) dict_keys(['tutorial']) retrieved from /home/airflow/.local/lib/python3.7/site-packages/airflow/example_dags/tutorial.py
[2022-08-22 22:12:59,269] {logging_mixin.py:115} INFO - [2022-08-22 22:12:59,269] {dag.py:2420} INFO - Sync 1 DAGs
[2022-08-22 22:12:59,288] {logging_mixin.py:115} INFO - [2022-08-22 22:12:59,287] {dag.py:2972} INFO - Setting next_dagrun for tutorial to 2022-08-21T22:12:59.287804+00:00, run_after=2022-08-22T22:12:59.287804+00:00
[2022-08-22 22:12:59,298] {processor.py:161} INFO - Processing /home/airflow/.local/lib/python3.7/site-packages/airflow/example_dags/tutorial.py took 0.076 seconds
[2022-08-22 22:13:29,893] {processor.py:153} INFO - Started process (PID=2336) to work on /home/airflow/.local/lib/python3.7/site-packages/airflow/example_dags/tutorial.py
[2022-08-22 22:13:29,899] {processor.py:641} INFO - Processing file /home/airflow/.local/lib/python3.7/site-packages/airflow/example_dags/tutorial.py for tasks to queue
[2022-08-22 22:13:29,900] {logging_mixin.py:115} INFO - [2022-08-22 22:13:29,900] {dagbag.py:508} INFO - Filling up the DagBag from /home/airflow/.local/lib/python3.7/site-packages/airflow/example_dags/tutorial.py
[2022-08-22 22:13:29,907] {processor.py:651} INFO - DAG(s) dict_keys(['tutorial']) retrieved from /home/airflow/.local/lib/python3.7/site-packages/airflow/example_dags/tutorial.py
[2022-08-22 22:13:29,940] {logging_mixin.py:115} INFO - [2022-08-22 22:13:29,940] {dag.py:2420} INFO - Sync 1 DAGs
[2022-08-22 22:13:29,968] {logging_mixin.py:115} INFO - [2022-08-22 22:13:29,968] {dag.py:2972} INFO - Setting next_dagrun for tutorial to 2022-08-21T22:13:29.968522+00:00, run_after=2022-08-22T22:13:29.968522+00:00
[2022-08-22 22:13:29,979] {processor.py:161} INFO - Processing /home/airflow/.local/lib/python3.7/site-packages/airflow/example_dags/tutorial.py took 0.089 seconds
[2022-08-22 22:14:00,515] {processor.py:153} INFO - Started process (PID=2388) to work on /home/airflow/.local/lib/python3.7/site-packages/airflow/example_dags/tutorial.py
[2022-08-22 22:14:00,521] {processor.py:641} INFO - Processing file /home/airflow/.local/lib/python3.7/site-packages/airflow/example_dags/tutorial.py for tasks to queue
[2022-08-22 22:14:00,522] {logging_mixin.py:115} INFO - [2022-08-22 22:14:00,522] {dagbag.py:508} INFO - Filling up the DagBag from /home/airflow/.local/lib/python3.7/site-packages/airflow/example_dags/tutorial.py
[2022-08-22 22:14:00,531] {processor.py:651} INFO - DAG(s) dict_keys(['tutorial']) retrieved from /home/airflow/.local/lib/python3.7/site-packages/airflow/example_dags/tutorial.py
[2022-08-22 22:14:00,557] {logging_mixin.py:115} INFO - [2022-08-22 22:14:00,557] {dag.py:2420} INFO - Sync 1 DAGs
[2022-08-22 22:14:00,576] {logging_mixin.py:115} INFO - [2022-08-22 22:14:00,576] {dag.py:2972} INFO - Setting next_dagrun for tutorial to 2022-08-21T22:14:00.575925+00:00, run_after=2022-08-22T22:14:00.575925+00:00
[2022-08-22 22:14:00,587] {processor.py:161} INFO - Processing /home/airflow/.local/lib/python3.7/site-packages/airflow/example_dags/tutorial.py took 0.077 seconds
[2022-08-22 22:14:31,197] {processor.py:153} INFO - Started process (PID=2449) to work on /home/airflow/.local/lib/python3.7/site-packages/airflow/example_dags/tutorial.py
[2022-08-22 22:14:31,198] {processor.py:641} INFO - Processing file /home/airflow/.local/lib/python3.7/site-packages/airflow/example_dags/tutorial.py for tasks to queue
[2022-08-22 22:14:31,199] {logging_mixin.py:115} INFO - [2022-08-22 22:14:31,199] {dagbag.py:508} INFO - Filling up the DagBag from /home/airflow/.local/lib/python3.7/site-packages/airflow/example_dags/tutorial.py
[2022-08-22 22:14:31,206] {processor.py:651} INFO - DAG(s) dict_keys(['tutorial']) retrieved from /home/airflow/.local/lib/python3.7/site-packages/airflow/example_dags/tutorial.py
[2022-08-22 22:14:31,242] {logging_mixin.py:115} INFO - [2022-08-22 22:14:31,242] {dag.py:2420} INFO - Sync 1 DAGs
[2022-08-22 22:14:31,267] {logging_mixin.py:115} INFO - [2022-08-22 22:14:31,267] {dag.py:2972} INFO - Setting next_dagrun for tutorial to 2022-08-21T22:14:31.267579+00:00, run_after=2022-08-22T22:14:31.267579+00:00
[2022-08-22 22:14:31,278] {processor.py:161} INFO - Processing /home/airflow/.local/lib/python3.7/site-packages/airflow/example_dags/tutorial.py took 0.088 seconds
[2022-08-22 22:15:01,795] {processor.py:153} INFO - Started process (PID=2510) to work on /home/airflow/.local/lib/python3.7/site-packages/airflow/example_dags/tutorial.py
[2022-08-22 22:15:01,798] {processor.py:641} INFO - Processing file /home/airflow/.local/lib/python3.7/site-packages/airflow/example_dags/tutorial.py for tasks to queue
[2022-08-22 22:15:01,798] {logging_mixin.py:115} INFO - [2022-08-22 22:15:01,798] {dagbag.py:508} INFO - Filling up the DagBag from /home/airflow/.local/lib/python3.7/site-packages/airflow/example_dags/tutorial.py
[2022-08-22 22:15:01,803] {processor.py:651} INFO - DAG(s) dict_keys(['tutorial']) retrieved from /home/airflow/.local/lib/python3.7/site-packages/airflow/example_dags/tutorial.py
[2022-08-22 22:15:01,824] {logging_mixin.py:115} INFO - [2022-08-22 22:15:01,823] {dag.py:2420} INFO - Sync 1 DAGs
[2022-08-22 22:15:01,841] {logging_mixin.py:115} INFO - [2022-08-22 22:15:01,841] {dag.py:2972} INFO - Setting next_dagrun for tutorial to 2022-08-21T22:15:01.841411+00:00, run_after=2022-08-22T22:15:01.841411+00:00
[2022-08-22 22:15:01,851] {processor.py:161} INFO - Processing /home/airflow/.local/lib/python3.7/site-packages/airflow/example_dags/tutorial.py took 0.058 seconds
[2022-08-22 22:15:32,411] {processor.py:153} INFO - Started process (PID=2562) to work on /home/airflow/.local/lib/python3.7/site-packages/airflow/example_dags/tutorial.py
[2022-08-22 22:15:32,417] {processor.py:641} INFO - Processing file /home/airflow/.local/lib/python3.7/site-packages/airflow/example_dags/tutorial.py for tasks to queue
[2022-08-22 22:15:32,418] {logging_mixin.py:115} INFO - [2022-08-22 22:15:32,417] {dagbag.py:508} INFO - Filling up the DagBag from /home/airflow/.local/lib/python3.7/site-packages/airflow/example_dags/tutorial.py
[2022-08-22 22:15:32,423] {processor.py:651} INFO - DAG(s) dict_keys(['tutorial']) retrieved from /home/airflow/.local/lib/python3.7/site-packages/airflow/example_dags/tutorial.py
[2022-08-22 22:15:32,447] {logging_mixin.py:115} INFO - [2022-08-22 22:15:32,447] {dag.py:2420} INFO - Sync 1 DAGs
[2022-08-22 22:15:32,470] {logging_mixin.py:115} INFO - [2022-08-22 22:15:32,470] {dag.py:2972} INFO - Setting next_dagrun for tutorial to 2022-08-21T22:15:32.470075+00:00, run_after=2022-08-22T22:15:32.470075+00:00
[2022-08-22 22:15:32,481] {processor.py:161} INFO - Processing /home/airflow/.local/lib/python3.7/site-packages/airflow/example_dags/tutorial.py took 0.072 seconds
[2022-08-22 22:16:03,058] {processor.py:153} INFO - Started process (PID=2623) to work on /home/airflow/.local/lib/python3.7/site-packages/airflow/example_dags/tutorial.py
[2022-08-22 22:16:03,061] {processor.py:641} INFO - Processing file /home/airflow/.local/lib/python3.7/site-packages/airflow/example_dags/tutorial.py for tasks to queue
[2022-08-22 22:16:03,062] {logging_mixin.py:115} INFO - [2022-08-22 22:16:03,062] {dagbag.py:508} INFO - Filling up the DagBag from /home/airflow/.local/lib/python3.7/site-packages/airflow/example_dags/tutorial.py
[2022-08-22 22:16:03,071] {processor.py:651} INFO - DAG(s) dict_keys(['tutorial']) retrieved from /home/airflow/.local/lib/python3.7/site-packages/airflow/example_dags/tutorial.py
[2022-08-22 22:16:03,096] {logging_mixin.py:115} INFO - [2022-08-22 22:16:03,096] {dag.py:2420} INFO - Sync 1 DAGs
[2022-08-22 22:16:03,114] {logging_mixin.py:115} INFO - [2022-08-22 22:16:03,114] {dag.py:2972} INFO - Setting next_dagrun for tutorial to 2022-08-21T22:16:03.113924+00:00, run_after=2022-08-22T22:16:03.113924+00:00
[2022-08-22 22:16:03,123] {processor.py:161} INFO - Processing /home/airflow/.local/lib/python3.7/site-packages/airflow/example_dags/tutorial.py took 0.070 seconds
[2022-08-22 22:16:33,660] {processor.py:153} INFO - Started process (PID=2684) to work on /home/airflow/.local/lib/python3.7/site-packages/airflow/example_dags/tutorial.py
[2022-08-22 22:16:33,661] {processor.py:641} INFO - Processing file /home/airflow/.local/lib/python3.7/site-packages/airflow/example_dags/tutorial.py for tasks to queue
[2022-08-22 22:16:33,662] {logging_mixin.py:115} INFO - [2022-08-22 22:16:33,662] {dagbag.py:508} INFO - Filling up the DagBag from /home/airflow/.local/lib/python3.7/site-packages/airflow/example_dags/tutorial.py
[2022-08-22 22:16:33,672] {processor.py:651} INFO - DAG(s) dict_keys(['tutorial']) retrieved from /home/airflow/.local/lib/python3.7/site-packages/airflow/example_dags/tutorial.py
[2022-08-22 22:16:33,703] {logging_mixin.py:115} INFO - [2022-08-22 22:16:33,703] {dag.py:2420} INFO - Sync 1 DAGs
[2022-08-22 22:16:33,726] {logging_mixin.py:115} INFO - [2022-08-22 22:16:33,726] {dag.py:2972} INFO - Setting next_dagrun for tutorial to 2022-08-21T22:16:33.726368+00:00, run_after=2022-08-22T22:16:33.726368+00:00
[2022-08-22 22:16:33,739] {processor.py:161} INFO - Processing /home/airflow/.local/lib/python3.7/site-packages/airflow/example_dags/tutorial.py took 0.084 seconds
[2022-08-22 22:17:04,412] {processor.py:153} INFO - Started process (PID=2745) to work on /home/airflow/.local/lib/python3.7/site-packages/airflow/example_dags/tutorial.py
[2022-08-22 22:17:04,413] {processor.py:641} INFO - Processing file /home/airflow/.local/lib/python3.7/site-packages/airflow/example_dags/tutorial.py for tasks to queue
[2022-08-22 22:17:04,414] {logging_mixin.py:115} INFO - [2022-08-22 22:17:04,414] {dagbag.py:508} INFO - Filling up the DagBag from /home/airflow/.local/lib/python3.7/site-packages/airflow/example_dags/tutorial.py
[2022-08-22 22:17:04,423] {processor.py:651} INFO - DAG(s) dict_keys(['tutorial']) retrieved from /home/airflow/.local/lib/python3.7/site-packages/airflow/example_dags/tutorial.py
[2022-08-22 22:17:04,450] {logging_mixin.py:115} INFO - [2022-08-22 22:17:04,450] {dag.py:2420} INFO - Sync 1 DAGs
[2022-08-22 22:17:04,469] {logging_mixin.py:115} INFO - [2022-08-22 22:17:04,469] {dag.py:2972} INFO - Setting next_dagrun for tutorial to 2022-08-21T22:17:04.469396+00:00, run_after=2022-08-22T22:17:04.469396+00:00
[2022-08-22 22:17:04,481] {processor.py:161} INFO - Processing /home/airflow/.local/lib/python3.7/site-packages/airflow/example_dags/tutorial.py took 0.073 seconds
[2022-08-22 22:17:34,960] {processor.py:153} INFO - Started process (PID=2797) to work on /home/airflow/.local/lib/python3.7/site-packages/airflow/example_dags/tutorial.py
[2022-08-22 22:17:34,961] {processor.py:641} INFO - Processing file /home/airflow/.local/lib/python3.7/site-packages/airflow/example_dags/tutorial.py for tasks to queue
[2022-08-22 22:17:34,961] {logging_mixin.py:115} INFO - [2022-08-22 22:17:34,961] {dagbag.py:508} INFO - Filling up the DagBag from /home/airflow/.local/lib/python3.7/site-packages/airflow/example_dags/tutorial.py
[2022-08-22 22:17:34,965] {processor.py:651} INFO - DAG(s) dict_keys(['tutorial']) retrieved from /home/airflow/.local/lib/python3.7/site-packages/airflow/example_dags/tutorial.py
[2022-08-22 22:17:34,988] {logging_mixin.py:115} INFO - [2022-08-22 22:17:34,988] {dag.py:2420} INFO - Sync 1 DAGs
[2022-08-22 22:17:35,005] {logging_mixin.py:115} INFO - [2022-08-22 22:17:35,005] {dag.py:2972} INFO - Setting next_dagrun for tutorial to 2022-08-21T22:17:35.005274+00:00, run_after=2022-08-22T22:17:35.005274+00:00
[2022-08-22 22:17:35,014] {processor.py:161} INFO - Processing /home/airflow/.local/lib/python3.7/site-packages/airflow/example_dags/tutorial.py took 0.057 seconds
[2022-08-22 22:18:05,500] {processor.py:153} INFO - Started process (PID=2858) to work on /home/airflow/.local/lib/python3.7/site-packages/airflow/example_dags/tutorial.py
[2022-08-22 22:18:05,507] {processor.py:641} INFO - Processing file /home/airflow/.local/lib/python3.7/site-packages/airflow/example_dags/tutorial.py for tasks to queue
[2022-08-22 22:18:05,508] {logging_mixin.py:115} INFO - [2022-08-22 22:18:05,508] {dagbag.py:508} INFO - Filling up the DagBag from /home/airflow/.local/lib/python3.7/site-packages/airflow/example_dags/tutorial.py
[2022-08-22 22:18:05,512] {processor.py:651} INFO - DAG(s) dict_keys(['tutorial']) retrieved from /home/airflow/.local/lib/python3.7/site-packages/airflow/example_dags/tutorial.py
[2022-08-22 22:18:05,552] {logging_mixin.py:115} INFO - [2022-08-22 22:18:05,552] {dag.py:2420} INFO - Sync 1 DAGs
[2022-08-22 22:18:05,581] {logging_mixin.py:115} INFO - [2022-08-22 22:18:05,580] {dag.py:2972} INFO - Setting next_dagrun for tutorial to 2022-08-21T22:18:05.580732+00:00, run_after=2022-08-22T22:18:05.580732+00:00
[2022-08-22 22:18:05,591] {processor.py:161} INFO - Processing /home/airflow/.local/lib/python3.7/site-packages/airflow/example_dags/tutorial.py took 0.093 seconds
[2022-08-22 22:18:36,156] {processor.py:153} INFO - Started process (PID=2919) to work on /home/airflow/.local/lib/python3.7/site-packages/airflow/example_dags/tutorial.py
[2022-08-22 22:18:36,157] {processor.py:641} INFO - Processing file /home/airflow/.local/lib/python3.7/site-packages/airflow/example_dags/tutorial.py for tasks to queue
[2022-08-22 22:18:36,158] {logging_mixin.py:115} INFO - [2022-08-22 22:18:36,157] {dagbag.py:508} INFO - Filling up the DagBag from /home/airflow/.local/lib/python3.7/site-packages/airflow/example_dags/tutorial.py
[2022-08-22 22:18:36,167] {processor.py:651} INFO - DAG(s) dict_keys(['tutorial']) retrieved from /home/airflow/.local/lib/python3.7/site-packages/airflow/example_dags/tutorial.py
[2022-08-22 22:18:36,192] {logging_mixin.py:115} INFO - [2022-08-22 22:18:36,192] {dag.py:2420} INFO - Sync 1 DAGs
[2022-08-22 22:18:36,210] {logging_mixin.py:115} INFO - [2022-08-22 22:18:36,210] {dag.py:2972} INFO - Setting next_dagrun for tutorial to 2022-08-21T22:18:36.210143+00:00, run_after=2022-08-22T22:18:36.210143+00:00
[2022-08-22 22:18:36,220] {processor.py:161} INFO - Processing /home/airflow/.local/lib/python3.7/site-packages/airflow/example_dags/tutorial.py took 0.068 seconds
[2022-08-22 22:19:06,782] {processor.py:153} INFO - Started process (PID=2981) to work on /home/airflow/.local/lib/python3.7/site-packages/airflow/example_dags/tutorial.py
[2022-08-22 22:19:06,782] {processor.py:641} INFO - Processing file /home/airflow/.local/lib/python3.7/site-packages/airflow/example_dags/tutorial.py for tasks to queue
[2022-08-22 22:19:06,783] {logging_mixin.py:115} INFO - [2022-08-22 22:19:06,783] {dagbag.py:508} INFO - Filling up the DagBag from /home/airflow/.local/lib/python3.7/site-packages/airflow/example_dags/tutorial.py
[2022-08-22 22:19:06,790] {processor.py:651} INFO - DAG(s) dict_keys(['tutorial']) retrieved from /home/airflow/.local/lib/python3.7/site-packages/airflow/example_dags/tutorial.py
[2022-08-22 22:19:06,811] {logging_mixin.py:115} INFO - [2022-08-22 22:19:06,810] {dag.py:2420} INFO - Sync 1 DAGs
[2022-08-22 22:19:06,829] {logging_mixin.py:115} INFO - [2022-08-22 22:19:06,829] {dag.py:2972} INFO - Setting next_dagrun for tutorial to 2022-08-21T22:19:06.828836+00:00, run_after=2022-08-22T22:19:06.828836+00:00
[2022-08-22 22:19:06,841] {processor.py:161} INFO - Processing /home/airflow/.local/lib/python3.7/site-packages/airflow/example_dags/tutorial.py took 0.063 seconds
[2022-08-22 22:19:37,513] {processor.py:153} INFO - Started process (PID=3033) to work on /home/airflow/.local/lib/python3.7/site-packages/airflow/example_dags/tutorial.py
[2022-08-22 22:19:37,515] {processor.py:641} INFO - Processing file /home/airflow/.local/lib/python3.7/site-packages/airflow/example_dags/tutorial.py for tasks to queue
[2022-08-22 22:19:37,515] {logging_mixin.py:115} INFO - [2022-08-22 22:19:37,515] {dagbag.py:508} INFO - Filling up the DagBag from /home/airflow/.local/lib/python3.7/site-packages/airflow/example_dags/tutorial.py
[2022-08-22 22:19:37,526] {processor.py:651} INFO - DAG(s) dict_keys(['tutorial']) retrieved from /home/airflow/.local/lib/python3.7/site-packages/airflow/example_dags/tutorial.py
[2022-08-22 22:19:37,552] {logging_mixin.py:115} INFO - [2022-08-22 22:19:37,552] {dag.py:2420} INFO - Sync 1 DAGs
[2022-08-22 22:19:37,570] {logging_mixin.py:115} INFO - [2022-08-22 22:19:37,570] {dag.py:2972} INFO - Setting next_dagrun for tutorial to 2022-08-21T22:19:37.570522+00:00, run_after=2022-08-22T22:19:37.570522+00:00
[2022-08-22 22:19:37,581] {processor.py:161} INFO - Processing /home/airflow/.local/lib/python3.7/site-packages/airflow/example_dags/tutorial.py took 0.073 seconds
[2022-08-22 22:20:08,201] {processor.py:153} INFO - Started process (PID=3094) to work on /home/airflow/.local/lib/python3.7/site-packages/airflow/example_dags/tutorial.py
[2022-08-22 22:20:08,202] {processor.py:641} INFO - Processing file /home/airflow/.local/lib/python3.7/site-packages/airflow/example_dags/tutorial.py for tasks to queue
[2022-08-22 22:20:08,202] {logging_mixin.py:115} INFO - [2022-08-22 22:20:08,202] {dagbag.py:508} INFO - Filling up the DagBag from /home/airflow/.local/lib/python3.7/site-packages/airflow/example_dags/tutorial.py
[2022-08-22 22:20:08,208] {processor.py:651} INFO - DAG(s) dict_keys(['tutorial']) retrieved from /home/airflow/.local/lib/python3.7/site-packages/airflow/example_dags/tutorial.py
[2022-08-22 22:20:08,231] {logging_mixin.py:115} INFO - [2022-08-22 22:20:08,231] {dag.py:2420} INFO - Sync 1 DAGs
[2022-08-22 22:20:08,248] {logging_mixin.py:115} INFO - [2022-08-22 22:20:08,248] {dag.py:2972} INFO - Setting next_dagrun for tutorial to 2022-08-21T22:20:08.248540+00:00, run_after=2022-08-22T22:20:08.248540+00:00
[2022-08-22 22:20:08,258] {processor.py:161} INFO - Processing /home/airflow/.local/lib/python3.7/site-packages/airflow/example_dags/tutorial.py took 0.060 seconds
[2022-08-22 22:20:39,016] {processor.py:153} INFO - Started process (PID=3155) to work on /home/airflow/.local/lib/python3.7/site-packages/airflow/example_dags/tutorial.py
[2022-08-22 22:20:39,017] {processor.py:641} INFO - Processing file /home/airflow/.local/lib/python3.7/site-packages/airflow/example_dags/tutorial.py for tasks to queue
[2022-08-22 22:20:39,017] {logging_mixin.py:115} INFO - [2022-08-22 22:20:39,017] {dagbag.py:508} INFO - Filling up the DagBag from /home/airflow/.local/lib/python3.7/site-packages/airflow/example_dags/tutorial.py
[2022-08-22 22:20:39,021] {processor.py:651} INFO - DAG(s) dict_keys(['tutorial']) retrieved from /home/airflow/.local/lib/python3.7/site-packages/airflow/example_dags/tutorial.py
[2022-08-22 22:20:39,043] {logging_mixin.py:115} INFO - [2022-08-22 22:20:39,043] {dag.py:2420} INFO - Sync 1 DAGs
[2022-08-22 22:20:39,060] {logging_mixin.py:115} INFO - [2022-08-22 22:20:39,060] {dag.py:2972} INFO - Setting next_dagrun for tutorial to 2022-08-21T22:20:39.060274+00:00, run_after=2022-08-22T22:20:39.060274+00:00
[2022-08-22 22:20:39,070] {processor.py:161} INFO - Processing /home/airflow/.local/lib/python3.7/site-packages/airflow/example_dags/tutorial.py took 0.056 seconds
[2022-08-22 22:21:09,508] {processor.py:153} INFO - Started process (PID=3216) to work on /home/airflow/.local/lib/python3.7/site-packages/airflow/example_dags/tutorial.py
[2022-08-22 22:21:09,508] {processor.py:641} INFO - Processing file /home/airflow/.local/lib/python3.7/site-packages/airflow/example_dags/tutorial.py for tasks to queue
[2022-08-22 22:21:09,509] {logging_mixin.py:115} INFO - [2022-08-22 22:21:09,509] {dagbag.py:508} INFO - Filling up the DagBag from /home/airflow/.local/lib/python3.7/site-packages/airflow/example_dags/tutorial.py
[2022-08-22 22:21:09,517] {processor.py:651} INFO - DAG(s) dict_keys(['tutorial']) retrieved from /home/airflow/.local/lib/python3.7/site-packages/airflow/example_dags/tutorial.py
[2022-08-22 22:21:09,542] {logging_mixin.py:115} INFO - [2022-08-22 22:21:09,541] {dag.py:2420} INFO - Sync 1 DAGs
[2022-08-22 22:21:09,565] {logging_mixin.py:115} INFO - [2022-08-22 22:21:09,565] {dag.py:2972} INFO - Setting next_dagrun for tutorial to 2022-08-21T22:21:09.564893+00:00, run_after=2022-08-22T22:21:09.564893+00:00
[2022-08-22 22:21:09,577] {processor.py:161} INFO - Processing /home/airflow/.local/lib/python3.7/site-packages/airflow/example_dags/tutorial.py took 0.073 seconds
[2022-08-22 22:21:40,094] {processor.py:153} INFO - Started process (PID=3268) to work on /home/airflow/.local/lib/python3.7/site-packages/airflow/example_dags/tutorial.py
[2022-08-22 22:21:40,094] {processor.py:641} INFO - Processing file /home/airflow/.local/lib/python3.7/site-packages/airflow/example_dags/tutorial.py for tasks to queue
[2022-08-22 22:21:40,095] {logging_mixin.py:115} INFO - [2022-08-22 22:21:40,095] {dagbag.py:508} INFO - Filling up the DagBag from /home/airflow/.local/lib/python3.7/site-packages/airflow/example_dags/tutorial.py
[2022-08-22 22:21:40,099] {processor.py:651} INFO - DAG(s) dict_keys(['tutorial']) retrieved from /home/airflow/.local/lib/python3.7/site-packages/airflow/example_dags/tutorial.py
[2022-08-22 22:21:40,119] {logging_mixin.py:115} INFO - [2022-08-22 22:21:40,119] {dag.py:2420} INFO - Sync 1 DAGs
[2022-08-22 22:21:40,138] {logging_mixin.py:115} INFO - [2022-08-22 22:21:40,138] {dag.py:2972} INFO - Setting next_dagrun for tutorial to 2022-08-21T22:21:40.138074+00:00, run_after=2022-08-22T22:21:40.138074+00:00
[2022-08-22 22:21:40,148] {processor.py:161} INFO - Processing /home/airflow/.local/lib/python3.7/site-packages/airflow/example_dags/tutorial.py took 0.057 seconds
[2022-08-22 22:22:10,795] {processor.py:153} INFO - Started process (PID=3329) to work on /home/airflow/.local/lib/python3.7/site-packages/airflow/example_dags/tutorial.py
[2022-08-22 22:22:10,796] {processor.py:641} INFO - Processing file /home/airflow/.local/lib/python3.7/site-packages/airflow/example_dags/tutorial.py for tasks to queue
[2022-08-22 22:22:10,796] {logging_mixin.py:115} INFO - [2022-08-22 22:22:10,796] {dagbag.py:508} INFO - Filling up the DagBag from /home/airflow/.local/lib/python3.7/site-packages/airflow/example_dags/tutorial.py
[2022-08-22 22:22:10,804] {processor.py:651} INFO - DAG(s) dict_keys(['tutorial']) retrieved from /home/airflow/.local/lib/python3.7/site-packages/airflow/example_dags/tutorial.py
[2022-08-22 22:22:10,825] {logging_mixin.py:115} INFO - [2022-08-22 22:22:10,825] {dag.py:2420} INFO - Sync 1 DAGs
[2022-08-22 22:22:10,843] {logging_mixin.py:115} INFO - [2022-08-22 22:22:10,843] {dag.py:2972} INFO - Setting next_dagrun for tutorial to 2022-08-21T22:22:10.843506+00:00, run_after=2022-08-22T22:22:10.843506+00:00
[2022-08-22 22:22:10,854] {processor.py:161} INFO - Processing /home/airflow/.local/lib/python3.7/site-packages/airflow/example_dags/tutorial.py took 0.062 seconds
[2022-08-22 22:22:41,398] {processor.py:153} INFO - Started process (PID=3390) to work on /home/airflow/.local/lib/python3.7/site-packages/airflow/example_dags/tutorial.py
[2022-08-22 22:22:41,403] {processor.py:641} INFO - Processing file /home/airflow/.local/lib/python3.7/site-packages/airflow/example_dags/tutorial.py for tasks to queue
[2022-08-22 22:22:41,403] {logging_mixin.py:115} INFO - [2022-08-22 22:22:41,403] {dagbag.py:508} INFO - Filling up the DagBag from /home/airflow/.local/lib/python3.7/site-packages/airflow/example_dags/tutorial.py
[2022-08-22 22:22:41,410] {processor.py:651} INFO - DAG(s) dict_keys(['tutorial']) retrieved from /home/airflow/.local/lib/python3.7/site-packages/airflow/example_dags/tutorial.py
[2022-08-22 22:22:41,462] {logging_mixin.py:115} INFO - [2022-08-22 22:22:41,462] {dag.py:2420} INFO - Sync 1 DAGs
[2022-08-22 22:22:41,483] {logging_mixin.py:115} INFO - [2022-08-22 22:22:41,483] {dag.py:2972} INFO - Setting next_dagrun for tutorial to 2022-08-21T22:22:41.483422+00:00, run_after=2022-08-22T22:22:41.483422+00:00
[2022-08-22 22:22:41,495] {processor.py:161} INFO - Processing /home/airflow/.local/lib/python3.7/site-packages/airflow/example_dags/tutorial.py took 0.100 seconds
[2022-08-22 22:23:12,049] {processor.py:153} INFO - Started process (PID=3442) to work on /home/airflow/.local/lib/python3.7/site-packages/airflow/example_dags/tutorial.py
[2022-08-22 22:23:12,049] {processor.py:641} INFO - Processing file /home/airflow/.local/lib/python3.7/site-packages/airflow/example_dags/tutorial.py for tasks to queue
[2022-08-22 22:23:12,050] {logging_mixin.py:115} INFO - [2022-08-22 22:23:12,050] {dagbag.py:508} INFO - Filling up the DagBag from /home/airflow/.local/lib/python3.7/site-packages/airflow/example_dags/tutorial.py
[2022-08-22 22:23:12,059] {processor.py:651} INFO - DAG(s) dict_keys(['tutorial']) retrieved from /home/airflow/.local/lib/python3.7/site-packages/airflow/example_dags/tutorial.py
[2022-08-22 22:23:12,080] {logging_mixin.py:115} INFO - [2022-08-22 22:23:12,080] {dag.py:2420} INFO - Sync 1 DAGs
[2022-08-22 22:23:12,098] {logging_mixin.py:115} INFO - [2022-08-22 22:23:12,098] {dag.py:2972} INFO - Setting next_dagrun for tutorial to 2022-08-21T22:23:12.098491+00:00, run_after=2022-08-22T22:23:12.098491+00:00
[2022-08-22 22:23:12,108] {processor.py:161} INFO - Processing /home/airflow/.local/lib/python3.7/site-packages/airflow/example_dags/tutorial.py took 0.061 seconds
[2022-08-22 22:23:42,746] {processor.py:153} INFO - Started process (PID=3503) to work on /home/airflow/.local/lib/python3.7/site-packages/airflow/example_dags/tutorial.py
[2022-08-22 22:23:42,753] {processor.py:641} INFO - Processing file /home/airflow/.local/lib/python3.7/site-packages/airflow/example_dags/tutorial.py for tasks to queue
[2022-08-22 22:23:42,754] {logging_mixin.py:115} INFO - [2022-08-22 22:23:42,754] {dagbag.py:508} INFO - Filling up the DagBag from /home/airflow/.local/lib/python3.7/site-packages/airflow/example_dags/tutorial.py
[2022-08-22 22:23:42,761] {processor.py:651} INFO - DAG(s) dict_keys(['tutorial']) retrieved from /home/airflow/.local/lib/python3.7/site-packages/airflow/example_dags/tutorial.py
[2022-08-22 22:23:42,815] {logging_mixin.py:115} INFO - [2022-08-22 22:23:42,815] {dag.py:2420} INFO - Sync 1 DAGs
[2022-08-22 22:23:42,833] {logging_mixin.py:115} INFO - [2022-08-22 22:23:42,833] {dag.py:2972} INFO - Setting next_dagrun for tutorial to 2022-08-21T22:23:42.833575+00:00, run_after=2022-08-22T22:23:42.833575+00:00
[2022-08-22 22:23:42,843] {processor.py:161} INFO - Processing /home/airflow/.local/lib/python3.7/site-packages/airflow/example_dags/tutorial.py took 0.099 seconds
[2022-08-22 22:24:13,475] {processor.py:153} INFO - Started process (PID=3564) to work on /home/airflow/.local/lib/python3.7/site-packages/airflow/example_dags/tutorial.py
[2022-08-22 22:24:13,481] {processor.py:641} INFO - Processing file /home/airflow/.local/lib/python3.7/site-packages/airflow/example_dags/tutorial.py for tasks to queue
[2022-08-22 22:24:13,481] {logging_mixin.py:115} INFO - [2022-08-22 22:24:13,481] {dagbag.py:508} INFO - Filling up the DagBag from /home/airflow/.local/lib/python3.7/site-packages/airflow/example_dags/tutorial.py
[2022-08-22 22:24:13,489] {processor.py:651} INFO - DAG(s) dict_keys(['tutorial']) retrieved from /home/airflow/.local/lib/python3.7/site-packages/airflow/example_dags/tutorial.py
[2022-08-22 22:24:13,512] {logging_mixin.py:115} INFO - [2022-08-22 22:24:13,512] {dag.py:2420} INFO - Sync 1 DAGs
[2022-08-22 22:24:13,529] {logging_mixin.py:115} INFO - [2022-08-22 22:24:13,529] {dag.py:2972} INFO - Setting next_dagrun for tutorial to 2022-08-21T22:24:13.528898+00:00, run_after=2022-08-22T22:24:13.528898+00:00
[2022-08-22 22:24:13,538] {processor.py:161} INFO - Processing /home/airflow/.local/lib/python3.7/site-packages/airflow/example_dags/tutorial.py took 0.067 seconds
[2022-08-22 22:24:44,249] {processor.py:153} INFO - Started process (PID=3625) to work on /home/airflow/.local/lib/python3.7/site-packages/airflow/example_dags/tutorial.py
[2022-08-22 22:24:44,250] {processor.py:641} INFO - Processing file /home/airflow/.local/lib/python3.7/site-packages/airflow/example_dags/tutorial.py for tasks to queue
[2022-08-22 22:24:44,250] {logging_mixin.py:115} INFO - [2022-08-22 22:24:44,250] {dagbag.py:508} INFO - Filling up the DagBag from /home/airflow/.local/lib/python3.7/site-packages/airflow/example_dags/tutorial.py
[2022-08-22 22:24:44,257] {processor.py:651} INFO - DAG(s) dict_keys(['tutorial']) retrieved from /home/airflow/.local/lib/python3.7/site-packages/airflow/example_dags/tutorial.py
[2022-08-22 22:24:44,283] {logging_mixin.py:115} INFO - [2022-08-22 22:24:44,283] {dag.py:2420} INFO - Sync 1 DAGs
[2022-08-22 22:24:44,302] {logging_mixin.py:115} INFO - [2022-08-22 22:24:44,302] {dag.py:2972} INFO - Setting next_dagrun for tutorial to 2022-08-21T22:24:44.302480+00:00, run_after=2022-08-22T22:24:44.302480+00:00
[2022-08-22 22:24:44,313] {processor.py:161} INFO - Processing /home/airflow/.local/lib/python3.7/site-packages/airflow/example_dags/tutorial.py took 0.067 seconds
[2022-08-22 22:25:14,878] {processor.py:153} INFO - Started process (PID=3677) to work on /home/airflow/.local/lib/python3.7/site-packages/airflow/example_dags/tutorial.py
[2022-08-22 22:25:14,879] {processor.py:641} INFO - Processing file /home/airflow/.local/lib/python3.7/site-packages/airflow/example_dags/tutorial.py for tasks to queue
[2022-08-22 22:25:14,880] {logging_mixin.py:115} INFO - [2022-08-22 22:25:14,880] {dagbag.py:508} INFO - Filling up the DagBag from /home/airflow/.local/lib/python3.7/site-packages/airflow/example_dags/tutorial.py
[2022-08-22 22:25:14,889] {processor.py:651} INFO - DAG(s) dict_keys(['tutorial']) retrieved from /home/airflow/.local/lib/python3.7/site-packages/airflow/example_dags/tutorial.py
[2022-08-22 22:25:14,915] {logging_mixin.py:115} INFO - [2022-08-22 22:25:14,914] {dag.py:2420} INFO - Sync 1 DAGs
[2022-08-22 22:25:14,933] {logging_mixin.py:115} INFO - [2022-08-22 22:25:14,933] {dag.py:2972} INFO - Setting next_dagrun for tutorial to 2022-08-21T22:25:14.933016+00:00, run_after=2022-08-22T22:25:14.933016+00:00
[2022-08-22 22:25:14,943] {processor.py:161} INFO - Processing /home/airflow/.local/lib/python3.7/site-packages/airflow/example_dags/tutorial.py took 0.067 seconds
[2022-08-22 22:25:45,569] {processor.py:153} INFO - Started process (PID=3738) to work on /home/airflow/.local/lib/python3.7/site-packages/airflow/example_dags/tutorial.py
[2022-08-22 22:25:45,570] {processor.py:641} INFO - Processing file /home/airflow/.local/lib/python3.7/site-packages/airflow/example_dags/tutorial.py for tasks to queue
[2022-08-22 22:25:45,570] {logging_mixin.py:115} INFO - [2022-08-22 22:25:45,570] {dagbag.py:508} INFO - Filling up the DagBag from /home/airflow/.local/lib/python3.7/site-packages/airflow/example_dags/tutorial.py
[2022-08-22 22:25:45,576] {processor.py:651} INFO - DAG(s) dict_keys(['tutorial']) retrieved from /home/airflow/.local/lib/python3.7/site-packages/airflow/example_dags/tutorial.py
[2022-08-22 22:25:45,601] {logging_mixin.py:115} INFO - [2022-08-22 22:25:45,601] {dag.py:2420} INFO - Sync 1 DAGs
[2022-08-22 22:25:45,624] {logging_mixin.py:115} INFO - [2022-08-22 22:25:45,623] {dag.py:2972} INFO - Setting next_dagrun for tutorial to 2022-08-21T22:25:45.623727+00:00, run_after=2022-08-22T22:25:45.623727+00:00
[2022-08-22 22:25:45,638] {processor.py:161} INFO - Processing /home/airflow/.local/lib/python3.7/site-packages/airflow/example_dags/tutorial.py took 0.072 seconds
[2022-08-22 22:26:16,256] {processor.py:153} INFO - Started process (PID=3799) to work on /home/airflow/.local/lib/python3.7/site-packages/airflow/example_dags/tutorial.py
[2022-08-22 22:26:16,257] {processor.py:641} INFO - Processing file /home/airflow/.local/lib/python3.7/site-packages/airflow/example_dags/tutorial.py for tasks to queue
[2022-08-22 22:26:16,257] {logging_mixin.py:115} INFO - [2022-08-22 22:26:16,257] {dagbag.py:508} INFO - Filling up the DagBag from /home/airflow/.local/lib/python3.7/site-packages/airflow/example_dags/tutorial.py
[2022-08-22 22:26:16,261] {processor.py:651} INFO - DAG(s) dict_keys(['tutorial']) retrieved from /home/airflow/.local/lib/python3.7/site-packages/airflow/example_dags/tutorial.py
[2022-08-22 22:26:16,290] {logging_mixin.py:115} INFO - [2022-08-22 22:26:16,290] {dag.py:2420} INFO - Sync 1 DAGs
[2022-08-22 22:26:16,313] {logging_mixin.py:115} INFO - [2022-08-22 22:26:16,313] {dag.py:2972} INFO - Setting next_dagrun for tutorial to 2022-08-21T22:26:16.313168+00:00, run_after=2022-08-22T22:26:16.313168+00:00
[2022-08-22 22:26:16,325] {processor.py:161} INFO - Processing /home/airflow/.local/lib/python3.7/site-packages/airflow/example_dags/tutorial.py took 0.073 seconds
[2022-08-22 22:26:46,907] {processor.py:153} INFO - Started process (PID=3860) to work on /home/airflow/.local/lib/python3.7/site-packages/airflow/example_dags/tutorial.py
[2022-08-22 22:26:46,908] {processor.py:641} INFO - Processing file /home/airflow/.local/lib/python3.7/site-packages/airflow/example_dags/tutorial.py for tasks to queue
[2022-08-22 22:26:46,910] {logging_mixin.py:115} INFO - [2022-08-22 22:26:46,909] {dagbag.py:508} INFO - Filling up the DagBag from /home/airflow/.local/lib/python3.7/site-packages/airflow/example_dags/tutorial.py
[2022-08-22 22:26:46,916] {processor.py:651} INFO - DAG(s) dict_keys(['tutorial']) retrieved from /home/airflow/.local/lib/python3.7/site-packages/airflow/example_dags/tutorial.py
[2022-08-22 22:26:46,940] {logging_mixin.py:115} INFO - [2022-08-22 22:26:46,940] {dag.py:2420} INFO - Sync 1 DAGs
[2022-08-22 22:26:46,960] {logging_mixin.py:115} INFO - [2022-08-22 22:26:46,960] {dag.py:2972} INFO - Setting next_dagrun for tutorial to 2022-08-21T22:26:46.959921+00:00, run_after=2022-08-22T22:26:46.959921+00:00
[2022-08-22 22:26:46,973] {processor.py:161} INFO - Processing /home/airflow/.local/lib/python3.7/site-packages/airflow/example_dags/tutorial.py took 0.069 seconds
[2022-08-22 22:27:17,647] {processor.py:153} INFO - Started process (PID=3912) to work on /home/airflow/.local/lib/python3.7/site-packages/airflow/example_dags/tutorial.py
[2022-08-22 22:27:17,648] {processor.py:641} INFO - Processing file /home/airflow/.local/lib/python3.7/site-packages/airflow/example_dags/tutorial.py for tasks to queue
[2022-08-22 22:27:17,648] {logging_mixin.py:115} INFO - [2022-08-22 22:27:17,648] {dagbag.py:508} INFO - Filling up the DagBag from /home/airflow/.local/lib/python3.7/site-packages/airflow/example_dags/tutorial.py
[2022-08-22 22:27:17,657] {processor.py:651} INFO - DAG(s) dict_keys(['tutorial']) retrieved from /home/airflow/.local/lib/python3.7/site-packages/airflow/example_dags/tutorial.py
[2022-08-22 22:27:17,683] {logging_mixin.py:115} INFO - [2022-08-22 22:27:17,683] {dag.py:2420} INFO - Sync 1 DAGs
[2022-08-22 22:27:17,701] {logging_mixin.py:115} INFO - [2022-08-22 22:27:17,701] {dag.py:2972} INFO - Setting next_dagrun for tutorial to 2022-08-21T22:27:17.701397+00:00, run_after=2022-08-22T22:27:17.701397+00:00
[2022-08-22 22:27:17,712] {processor.py:161} INFO - Processing /home/airflow/.local/lib/python3.7/site-packages/airflow/example_dags/tutorial.py took 0.070 seconds
[2022-08-22 22:27:48,525] {processor.py:153} INFO - Started process (PID=3973) to work on /home/airflow/.local/lib/python3.7/site-packages/airflow/example_dags/tutorial.py
[2022-08-22 22:27:48,530] {processor.py:641} INFO - Processing file /home/airflow/.local/lib/python3.7/site-packages/airflow/example_dags/tutorial.py for tasks to queue
[2022-08-22 22:27:48,531] {logging_mixin.py:115} INFO - [2022-08-22 22:27:48,531] {dagbag.py:508} INFO - Filling up the DagBag from /home/airflow/.local/lib/python3.7/site-packages/airflow/example_dags/tutorial.py
[2022-08-22 22:27:48,539] {processor.py:651} INFO - DAG(s) dict_keys(['tutorial']) retrieved from /home/airflow/.local/lib/python3.7/site-packages/airflow/example_dags/tutorial.py
[2022-08-22 22:27:48,563] {logging_mixin.py:115} INFO - [2022-08-22 22:27:48,562] {dag.py:2420} INFO - Sync 1 DAGs
[2022-08-22 22:27:48,580] {logging_mixin.py:115} INFO - [2022-08-22 22:27:48,580] {dag.py:2972} INFO - Setting next_dagrun for tutorial to 2022-08-21T22:27:48.580597+00:00, run_after=2022-08-22T22:27:48.580597+00:00
[2022-08-22 22:27:48,591] {processor.py:161} INFO - Processing /home/airflow/.local/lib/python3.7/site-packages/airflow/example_dags/tutorial.py took 0.069 seconds
[2022-08-22 22:28:19,088] {processor.py:153} INFO - Started process (PID=4034) to work on /home/airflow/.local/lib/python3.7/site-packages/airflow/example_dags/tutorial.py
[2022-08-22 22:28:19,088] {processor.py:641} INFO - Processing file /home/airflow/.local/lib/python3.7/site-packages/airflow/example_dags/tutorial.py for tasks to queue
[2022-08-22 22:28:19,089] {logging_mixin.py:115} INFO - [2022-08-22 22:28:19,089] {dagbag.py:508} INFO - Filling up the DagBag from /home/airflow/.local/lib/python3.7/site-packages/airflow/example_dags/tutorial.py
[2022-08-22 22:28:19,098] {processor.py:651} INFO - DAG(s) dict_keys(['tutorial']) retrieved from /home/airflow/.local/lib/python3.7/site-packages/airflow/example_dags/tutorial.py
[2022-08-22 22:28:19,124] {logging_mixin.py:115} INFO - [2022-08-22 22:28:19,124] {dag.py:2420} INFO - Sync 1 DAGs
[2022-08-22 22:28:19,142] {logging_mixin.py:115} INFO - [2022-08-22 22:28:19,142] {dag.py:2972} INFO - Setting next_dagrun for tutorial to 2022-08-21T22:28:19.142583+00:00, run_after=2022-08-22T22:28:19.142583+00:00
[2022-08-22 22:28:19,152] {processor.py:161} INFO - Processing /home/airflow/.local/lib/python3.7/site-packages/airflow/example_dags/tutorial.py took 0.069 seconds
