[2022-08-22 21:53:33,276] {processor.py:153} INFO - Started process (PID=70) to work on /home/airflow/.local/lib/python3.7/site-packages/airflow/example_dags/tutorial_etl_dag.py
[2022-08-22 21:53:33,277] {processor.py:641} INFO - Processing file /home/airflow/.local/lib/python3.7/site-packages/airflow/example_dags/tutorial_etl_dag.py for tasks to queue
[2022-08-22 21:53:33,278] {logging_mixin.py:115} INFO - [2022-08-22 21:53:33,278] {dagbag.py:508} INFO - Filling up the DagBag from /home/airflow/.local/lib/python3.7/site-packages/airflow/example_dags/tutorial_etl_dag.py
[2022-08-22 21:53:33,298] {processor.py:651} INFO - DAG(s) dict_keys(['tutorial_etl_dag']) retrieved from /home/airflow/.local/lib/python3.7/site-packages/airflow/example_dags/tutorial_etl_dag.py
[2022-08-22 21:53:33,418] {logging_mixin.py:115} INFO - [2022-08-22 21:53:33,418] {manager.py:508} INFO - Created Permission View: can edit on DAG:tutorial_etl_dag
[2022-08-22 21:53:33,435] {logging_mixin.py:115} INFO - [2022-08-22 21:53:33,435] {manager.py:508} INFO - Created Permission View: can read on DAG:tutorial_etl_dag
[2022-08-22 21:53:33,450] {logging_mixin.py:115} INFO - [2022-08-22 21:53:33,449] {manager.py:508} INFO - Created Permission View: can delete on DAG:tutorial_etl_dag
[2022-08-22 21:53:33,450] {logging_mixin.py:115} INFO - [2022-08-22 21:53:33,450] {dag.py:2420} INFO - Sync 1 DAGs
[2022-08-22 21:53:33,461] {logging_mixin.py:115} INFO - [2022-08-22 21:53:33,461] {dag.py:2439} INFO - Creating ORM DAG for tutorial_etl_dag
[2022-08-22 21:53:33,477] {logging_mixin.py:115} INFO - [2022-08-22 21:53:33,476] {dag.py:2972} INFO - Setting next_dagrun for tutorial_etl_dag to None, run_after=None
[2022-08-22 21:53:33,503] {processor.py:161} INFO - Processing /home/airflow/.local/lib/python3.7/site-packages/airflow/example_dags/tutorial_etl_dag.py took 0.231 seconds
[2022-08-22 21:54:04,408] {processor.py:153} INFO - Started process (PID=122) to work on /home/airflow/.local/lib/python3.7/site-packages/airflow/example_dags/tutorial_etl_dag.py
[2022-08-22 21:54:04,410] {processor.py:641} INFO - Processing file /home/airflow/.local/lib/python3.7/site-packages/airflow/example_dags/tutorial_etl_dag.py for tasks to queue
[2022-08-22 21:54:04,411] {logging_mixin.py:115} INFO - [2022-08-22 21:54:04,411] {dagbag.py:508} INFO - Filling up the DagBag from /home/airflow/.local/lib/python3.7/site-packages/airflow/example_dags/tutorial_etl_dag.py
[2022-08-22 21:54:04,421] {processor.py:651} INFO - DAG(s) dict_keys(['tutorial_etl_dag']) retrieved from /home/airflow/.local/lib/python3.7/site-packages/airflow/example_dags/tutorial_etl_dag.py
[2022-08-22 21:54:04,445] {logging_mixin.py:115} INFO - [2022-08-22 21:54:04,445] {dag.py:2420} INFO - Sync 1 DAGs
[2022-08-22 21:54:04,465] {logging_mixin.py:115} INFO - [2022-08-22 21:54:04,465] {dag.py:2972} INFO - Setting next_dagrun for tutorial_etl_dag to None, run_after=None
[2022-08-22 21:54:04,477] {processor.py:161} INFO - Processing /home/airflow/.local/lib/python3.7/site-packages/airflow/example_dags/tutorial_etl_dag.py took 0.073 seconds
[2022-08-22 21:54:35,334] {processor.py:153} INFO - Started process (PID=183) to work on /home/airflow/.local/lib/python3.7/site-packages/airflow/example_dags/tutorial_etl_dag.py
[2022-08-22 21:54:35,335] {processor.py:641} INFO - Processing file /home/airflow/.local/lib/python3.7/site-packages/airflow/example_dags/tutorial_etl_dag.py for tasks to queue
[2022-08-22 21:54:35,335] {logging_mixin.py:115} INFO - [2022-08-22 21:54:35,335] {dagbag.py:508} INFO - Filling up the DagBag from /home/airflow/.local/lib/python3.7/site-packages/airflow/example_dags/tutorial_etl_dag.py
[2022-08-22 21:54:35,342] {processor.py:651} INFO - DAG(s) dict_keys(['tutorial_etl_dag']) retrieved from /home/airflow/.local/lib/python3.7/site-packages/airflow/example_dags/tutorial_etl_dag.py
[2022-08-22 21:54:35,366] {logging_mixin.py:115} INFO - [2022-08-22 21:54:35,366] {dag.py:2420} INFO - Sync 1 DAGs
[2022-08-22 21:54:35,387] {logging_mixin.py:115} INFO - [2022-08-22 21:54:35,386] {dag.py:2972} INFO - Setting next_dagrun for tutorial_etl_dag to None, run_after=None
[2022-08-22 21:54:35,398] {processor.py:161} INFO - Processing /home/airflow/.local/lib/python3.7/site-packages/airflow/example_dags/tutorial_etl_dag.py took 0.067 seconds
[2022-08-22 21:55:06,146] {processor.py:153} INFO - Started process (PID=244) to work on /home/airflow/.local/lib/python3.7/site-packages/airflow/example_dags/tutorial_etl_dag.py
[2022-08-22 21:55:06,147] {processor.py:641} INFO - Processing file /home/airflow/.local/lib/python3.7/site-packages/airflow/example_dags/tutorial_etl_dag.py for tasks to queue
[2022-08-22 21:55:06,148] {logging_mixin.py:115} INFO - [2022-08-22 21:55:06,148] {dagbag.py:508} INFO - Filling up the DagBag from /home/airflow/.local/lib/python3.7/site-packages/airflow/example_dags/tutorial_etl_dag.py
[2022-08-22 21:55:06,155] {processor.py:651} INFO - DAG(s) dict_keys(['tutorial_etl_dag']) retrieved from /home/airflow/.local/lib/python3.7/site-packages/airflow/example_dags/tutorial_etl_dag.py
[2022-08-22 21:55:06,201] {logging_mixin.py:115} INFO - [2022-08-22 21:55:06,201] {dag.py:2420} INFO - Sync 1 DAGs
[2022-08-22 21:55:06,221] {logging_mixin.py:115} INFO - [2022-08-22 21:55:06,221] {dag.py:2972} INFO - Setting next_dagrun for tutorial_etl_dag to None, run_after=None
[2022-08-22 21:55:06,233] {processor.py:161} INFO - Processing /home/airflow/.local/lib/python3.7/site-packages/airflow/example_dags/tutorial_etl_dag.py took 0.091 seconds
[2022-08-22 21:55:36,953] {processor.py:153} INFO - Started process (PID=306) to work on /home/airflow/.local/lib/python3.7/site-packages/airflow/example_dags/tutorial_etl_dag.py
[2022-08-22 21:55:36,957] {processor.py:641} INFO - Processing file /home/airflow/.local/lib/python3.7/site-packages/airflow/example_dags/tutorial_etl_dag.py for tasks to queue
[2022-08-22 21:55:36,959] {logging_mixin.py:115} INFO - [2022-08-22 21:55:36,958] {dagbag.py:508} INFO - Filling up the DagBag from /home/airflow/.local/lib/python3.7/site-packages/airflow/example_dags/tutorial_etl_dag.py
[2022-08-22 21:55:36,966] {processor.py:651} INFO - DAG(s) dict_keys(['tutorial_etl_dag']) retrieved from /home/airflow/.local/lib/python3.7/site-packages/airflow/example_dags/tutorial_etl_dag.py
[2022-08-22 21:55:36,998] {logging_mixin.py:115} INFO - [2022-08-22 21:55:36,998] {dag.py:2420} INFO - Sync 1 DAGs
[2022-08-22 21:55:37,021] {logging_mixin.py:115} INFO - [2022-08-22 21:55:37,021] {dag.py:2972} INFO - Setting next_dagrun for tutorial_etl_dag to None, run_after=None
[2022-08-22 21:55:37,037] {processor.py:161} INFO - Processing /home/airflow/.local/lib/python3.7/site-packages/airflow/example_dags/tutorial_etl_dag.py took 0.086 seconds
[2022-08-22 21:56:07,824] {processor.py:153} INFO - Started process (PID=358) to work on /home/airflow/.local/lib/python3.7/site-packages/airflow/example_dags/tutorial_etl_dag.py
[2022-08-22 21:56:07,825] {processor.py:641} INFO - Processing file /home/airflow/.local/lib/python3.7/site-packages/airflow/example_dags/tutorial_etl_dag.py for tasks to queue
[2022-08-22 21:56:07,826] {logging_mixin.py:115} INFO - [2022-08-22 21:56:07,825] {dagbag.py:508} INFO - Filling up the DagBag from /home/airflow/.local/lib/python3.7/site-packages/airflow/example_dags/tutorial_etl_dag.py
[2022-08-22 21:56:07,835] {processor.py:651} INFO - DAG(s) dict_keys(['tutorial_etl_dag']) retrieved from /home/airflow/.local/lib/python3.7/site-packages/airflow/example_dags/tutorial_etl_dag.py
[2022-08-22 21:56:07,872] {logging_mixin.py:115} INFO - [2022-08-22 21:56:07,872] {dag.py:2420} INFO - Sync 1 DAGs
[2022-08-22 21:56:07,900] {logging_mixin.py:115} INFO - [2022-08-22 21:56:07,899] {dag.py:2972} INFO - Setting next_dagrun for tutorial_etl_dag to None, run_after=None
[2022-08-22 21:56:07,913] {processor.py:161} INFO - Processing /home/airflow/.local/lib/python3.7/site-packages/airflow/example_dags/tutorial_etl_dag.py took 0.093 seconds
[2022-08-22 21:56:38,576] {processor.py:153} INFO - Started process (PID=419) to work on /home/airflow/.local/lib/python3.7/site-packages/airflow/example_dags/tutorial_etl_dag.py
[2022-08-22 21:56:38,579] {processor.py:641} INFO - Processing file /home/airflow/.local/lib/python3.7/site-packages/airflow/example_dags/tutorial_etl_dag.py for tasks to queue
[2022-08-22 21:56:38,580] {logging_mixin.py:115} INFO - [2022-08-22 21:56:38,579] {dagbag.py:508} INFO - Filling up the DagBag from /home/airflow/.local/lib/python3.7/site-packages/airflow/example_dags/tutorial_etl_dag.py
[2022-08-22 21:56:38,587] {processor.py:651} INFO - DAG(s) dict_keys(['tutorial_etl_dag']) retrieved from /home/airflow/.local/lib/python3.7/site-packages/airflow/example_dags/tutorial_etl_dag.py
[2022-08-22 21:56:38,611] {logging_mixin.py:115} INFO - [2022-08-22 21:56:38,611] {dag.py:2420} INFO - Sync 1 DAGs
[2022-08-22 21:56:38,631] {logging_mixin.py:115} INFO - [2022-08-22 21:56:38,631] {dag.py:2972} INFO - Setting next_dagrun for tutorial_etl_dag to None, run_after=None
[2022-08-22 21:56:38,643] {processor.py:161} INFO - Processing /home/airflow/.local/lib/python3.7/site-packages/airflow/example_dags/tutorial_etl_dag.py took 0.070 seconds
[2022-08-22 21:57:09,492] {processor.py:153} INFO - Started process (PID=480) to work on /home/airflow/.local/lib/python3.7/site-packages/airflow/example_dags/tutorial_etl_dag.py
[2022-08-22 21:57:09,494] {processor.py:641} INFO - Processing file /home/airflow/.local/lib/python3.7/site-packages/airflow/example_dags/tutorial_etl_dag.py for tasks to queue
[2022-08-22 21:57:09,494] {logging_mixin.py:115} INFO - [2022-08-22 21:57:09,494] {dagbag.py:508} INFO - Filling up the DagBag from /home/airflow/.local/lib/python3.7/site-packages/airflow/example_dags/tutorial_etl_dag.py
[2022-08-22 21:57:09,503] {processor.py:651} INFO - DAG(s) dict_keys(['tutorial_etl_dag']) retrieved from /home/airflow/.local/lib/python3.7/site-packages/airflow/example_dags/tutorial_etl_dag.py
[2022-08-22 21:57:09,526] {logging_mixin.py:115} INFO - [2022-08-22 21:57:09,526] {dag.py:2420} INFO - Sync 1 DAGs
[2022-08-22 21:57:09,553] {logging_mixin.py:115} INFO - [2022-08-22 21:57:09,552] {dag.py:2972} INFO - Setting next_dagrun for tutorial_etl_dag to None, run_after=None
[2022-08-22 21:57:09,568] {processor.py:161} INFO - Processing /home/airflow/.local/lib/python3.7/site-packages/airflow/example_dags/tutorial_etl_dag.py took 0.080 seconds
[2022-08-22 21:57:40,350] {processor.py:153} INFO - Started process (PID=532) to work on /home/airflow/.local/lib/python3.7/site-packages/airflow/example_dags/tutorial_etl_dag.py
[2022-08-22 21:57:40,351] {processor.py:641} INFO - Processing file /home/airflow/.local/lib/python3.7/site-packages/airflow/example_dags/tutorial_etl_dag.py for tasks to queue
[2022-08-22 21:57:40,352] {logging_mixin.py:115} INFO - [2022-08-22 21:57:40,352] {dagbag.py:508} INFO - Filling up the DagBag from /home/airflow/.local/lib/python3.7/site-packages/airflow/example_dags/tutorial_etl_dag.py
[2022-08-22 21:57:40,363] {processor.py:651} INFO - DAG(s) dict_keys(['tutorial_etl_dag']) retrieved from /home/airflow/.local/lib/python3.7/site-packages/airflow/example_dags/tutorial_etl_dag.py
[2022-08-22 21:57:40,391] {logging_mixin.py:115} INFO - [2022-08-22 21:57:40,391] {dag.py:2420} INFO - Sync 1 DAGs
[2022-08-22 21:57:40,415] {logging_mixin.py:115} INFO - [2022-08-22 21:57:40,414] {dag.py:2972} INFO - Setting next_dagrun for tutorial_etl_dag to None, run_after=None
[2022-08-22 21:57:40,427] {processor.py:161} INFO - Processing /home/airflow/.local/lib/python3.7/site-packages/airflow/example_dags/tutorial_etl_dag.py took 0.080 seconds
[2022-08-22 21:58:11,159] {processor.py:153} INFO - Started process (PID=593) to work on /home/airflow/.local/lib/python3.7/site-packages/airflow/example_dags/tutorial_etl_dag.py
[2022-08-22 21:58:11,160] {processor.py:641} INFO - Processing file /home/airflow/.local/lib/python3.7/site-packages/airflow/example_dags/tutorial_etl_dag.py for tasks to queue
[2022-08-22 21:58:11,160] {logging_mixin.py:115} INFO - [2022-08-22 21:58:11,160] {dagbag.py:508} INFO - Filling up the DagBag from /home/airflow/.local/lib/python3.7/site-packages/airflow/example_dags/tutorial_etl_dag.py
[2022-08-22 21:58:11,165] {processor.py:651} INFO - DAG(s) dict_keys(['tutorial_etl_dag']) retrieved from /home/airflow/.local/lib/python3.7/site-packages/airflow/example_dags/tutorial_etl_dag.py
[2022-08-22 21:58:11,190] {logging_mixin.py:115} INFO - [2022-08-22 21:58:11,190] {dag.py:2420} INFO - Sync 1 DAGs
[2022-08-22 21:58:11,210] {logging_mixin.py:115} INFO - [2022-08-22 21:58:11,210] {dag.py:2972} INFO - Setting next_dagrun for tutorial_etl_dag to None, run_after=None
[2022-08-22 21:58:11,222] {processor.py:161} INFO - Processing /home/airflow/.local/lib/python3.7/site-packages/airflow/example_dags/tutorial_etl_dag.py took 0.065 seconds
[2022-08-22 21:58:42,007] {processor.py:153} INFO - Started process (PID=654) to work on /home/airflow/.local/lib/python3.7/site-packages/airflow/example_dags/tutorial_etl_dag.py
[2022-08-22 21:58:42,007] {processor.py:641} INFO - Processing file /home/airflow/.local/lib/python3.7/site-packages/airflow/example_dags/tutorial_etl_dag.py for tasks to queue
[2022-08-22 21:58:42,008] {logging_mixin.py:115} INFO - [2022-08-22 21:58:42,008] {dagbag.py:508} INFO - Filling up the DagBag from /home/airflow/.local/lib/python3.7/site-packages/airflow/example_dags/tutorial_etl_dag.py
[2022-08-22 21:58:42,018] {processor.py:651} INFO - DAG(s) dict_keys(['tutorial_etl_dag']) retrieved from /home/airflow/.local/lib/python3.7/site-packages/airflow/example_dags/tutorial_etl_dag.py
[2022-08-22 21:58:42,043] {logging_mixin.py:115} INFO - [2022-08-22 21:58:42,043] {dag.py:2420} INFO - Sync 1 DAGs
[2022-08-22 21:58:42,063] {logging_mixin.py:115} INFO - [2022-08-22 21:58:42,062] {dag.py:2972} INFO - Setting next_dagrun for tutorial_etl_dag to None, run_after=None
[2022-08-22 21:58:42,077] {processor.py:161} INFO - Processing /home/airflow/.local/lib/python3.7/site-packages/airflow/example_dags/tutorial_etl_dag.py took 0.075 seconds
[2022-08-22 21:59:12,726] {processor.py:153} INFO - Started process (PID=713) to work on /home/airflow/.local/lib/python3.7/site-packages/airflow/example_dags/tutorial_etl_dag.py
[2022-08-22 21:59:12,730] {processor.py:641} INFO - Processing file /home/airflow/.local/lib/python3.7/site-packages/airflow/example_dags/tutorial_etl_dag.py for tasks to queue
[2022-08-22 21:59:12,731] {logging_mixin.py:115} INFO - [2022-08-22 21:59:12,731] {dagbag.py:508} INFO - Filling up the DagBag from /home/airflow/.local/lib/python3.7/site-packages/airflow/example_dags/tutorial_etl_dag.py
[2022-08-22 21:59:12,738] {processor.py:651} INFO - DAG(s) dict_keys(['tutorial_etl_dag']) retrieved from /home/airflow/.local/lib/python3.7/site-packages/airflow/example_dags/tutorial_etl_dag.py
[2022-08-22 21:59:12,761] {logging_mixin.py:115} INFO - [2022-08-22 21:59:12,761] {dag.py:2420} INFO - Sync 1 DAGs
[2022-08-22 21:59:12,785] {logging_mixin.py:115} INFO - [2022-08-22 21:59:12,785] {dag.py:2972} INFO - Setting next_dagrun for tutorial_etl_dag to None, run_after=None
[2022-08-22 21:59:12,800] {processor.py:161} INFO - Processing /home/airflow/.local/lib/python3.7/site-packages/airflow/example_dags/tutorial_etl_dag.py took 0.077 seconds
[2022-08-22 21:59:43,623] {processor.py:153} INFO - Started process (PID=767) to work on /home/airflow/.local/lib/python3.7/site-packages/airflow/example_dags/tutorial_etl_dag.py
[2022-08-22 21:59:43,623] {processor.py:641} INFO - Processing file /home/airflow/.local/lib/python3.7/site-packages/airflow/example_dags/tutorial_etl_dag.py for tasks to queue
[2022-08-22 21:59:43,624] {logging_mixin.py:115} INFO - [2022-08-22 21:59:43,624] {dagbag.py:508} INFO - Filling up the DagBag from /home/airflow/.local/lib/python3.7/site-packages/airflow/example_dags/tutorial_etl_dag.py
[2022-08-22 21:59:43,629] {processor.py:651} INFO - DAG(s) dict_keys(['tutorial_etl_dag']) retrieved from /home/airflow/.local/lib/python3.7/site-packages/airflow/example_dags/tutorial_etl_dag.py
[2022-08-22 21:59:43,654] {logging_mixin.py:115} INFO - [2022-08-22 21:59:43,654] {dag.py:2420} INFO - Sync 1 DAGs
[2022-08-22 21:59:43,675] {logging_mixin.py:115} INFO - [2022-08-22 21:59:43,675] {dag.py:2972} INFO - Setting next_dagrun for tutorial_etl_dag to None, run_after=None
[2022-08-22 21:59:43,686] {processor.py:161} INFO - Processing /home/airflow/.local/lib/python3.7/site-packages/airflow/example_dags/tutorial_etl_dag.py took 0.066 seconds
[2022-08-22 22:00:14,296] {processor.py:153} INFO - Started process (PID=828) to work on /home/airflow/.local/lib/python3.7/site-packages/airflow/example_dags/tutorial_etl_dag.py
[2022-08-22 22:00:14,296] {processor.py:641} INFO - Processing file /home/airflow/.local/lib/python3.7/site-packages/airflow/example_dags/tutorial_etl_dag.py for tasks to queue
[2022-08-22 22:00:14,297] {logging_mixin.py:115} INFO - [2022-08-22 22:00:14,297] {dagbag.py:508} INFO - Filling up the DagBag from /home/airflow/.local/lib/python3.7/site-packages/airflow/example_dags/tutorial_etl_dag.py
[2022-08-22 22:00:14,304] {processor.py:651} INFO - DAG(s) dict_keys(['tutorial_etl_dag']) retrieved from /home/airflow/.local/lib/python3.7/site-packages/airflow/example_dags/tutorial_etl_dag.py
[2022-08-22 22:00:14,324] {logging_mixin.py:115} INFO - [2022-08-22 22:00:14,324] {dag.py:2420} INFO - Sync 1 DAGs
[2022-08-22 22:00:14,345] {logging_mixin.py:115} INFO - [2022-08-22 22:00:14,345] {dag.py:2972} INFO - Setting next_dagrun for tutorial_etl_dag to None, run_after=None
[2022-08-22 22:00:14,355] {processor.py:161} INFO - Processing /home/airflow/.local/lib/python3.7/site-packages/airflow/example_dags/tutorial_etl_dag.py took 0.063 seconds
[2022-08-22 22:00:45,175] {processor.py:153} INFO - Started process (PID=889) to work on /home/airflow/.local/lib/python3.7/site-packages/airflow/example_dags/tutorial_etl_dag.py
[2022-08-22 22:00:45,176] {processor.py:641} INFO - Processing file /home/airflow/.local/lib/python3.7/site-packages/airflow/example_dags/tutorial_etl_dag.py for tasks to queue
[2022-08-22 22:00:45,177] {logging_mixin.py:115} INFO - [2022-08-22 22:00:45,177] {dagbag.py:508} INFO - Filling up the DagBag from /home/airflow/.local/lib/python3.7/site-packages/airflow/example_dags/tutorial_etl_dag.py
[2022-08-22 22:00:45,189] {processor.py:651} INFO - DAG(s) dict_keys(['tutorial_etl_dag']) retrieved from /home/airflow/.local/lib/python3.7/site-packages/airflow/example_dags/tutorial_etl_dag.py
[2022-08-22 22:00:45,222] {logging_mixin.py:115} INFO - [2022-08-22 22:00:45,222] {dag.py:2420} INFO - Sync 1 DAGs
[2022-08-22 22:00:45,245] {logging_mixin.py:115} INFO - [2022-08-22 22:00:45,245] {dag.py:2972} INFO - Setting next_dagrun for tutorial_etl_dag to None, run_after=None
[2022-08-22 22:00:45,258] {processor.py:161} INFO - Processing /home/airflow/.local/lib/python3.7/site-packages/airflow/example_dags/tutorial_etl_dag.py took 0.087 seconds
[2022-08-22 22:01:15,913] {processor.py:153} INFO - Started process (PID=941) to work on /home/airflow/.local/lib/python3.7/site-packages/airflow/example_dags/tutorial_etl_dag.py
[2022-08-22 22:01:15,915] {processor.py:641} INFO - Processing file /home/airflow/.local/lib/python3.7/site-packages/airflow/example_dags/tutorial_etl_dag.py for tasks to queue
[2022-08-22 22:01:15,915] {logging_mixin.py:115} INFO - [2022-08-22 22:01:15,915] {dagbag.py:508} INFO - Filling up the DagBag from /home/airflow/.local/lib/python3.7/site-packages/airflow/example_dags/tutorial_etl_dag.py
[2022-08-22 22:01:15,925] {processor.py:651} INFO - DAG(s) dict_keys(['tutorial_etl_dag']) retrieved from /home/airflow/.local/lib/python3.7/site-packages/airflow/example_dags/tutorial_etl_dag.py
[2022-08-22 22:01:15,954] {logging_mixin.py:115} INFO - [2022-08-22 22:01:15,954] {dag.py:2420} INFO - Sync 1 DAGs
[2022-08-22 22:01:15,978] {logging_mixin.py:115} INFO - [2022-08-22 22:01:15,978] {dag.py:2972} INFO - Setting next_dagrun for tutorial_etl_dag to None, run_after=None
[2022-08-22 22:01:15,991] {processor.py:161} INFO - Processing /home/airflow/.local/lib/python3.7/site-packages/airflow/example_dags/tutorial_etl_dag.py took 0.081 seconds
[2022-08-22 22:01:46,794] {processor.py:153} INFO - Started process (PID=1002) to work on /home/airflow/.local/lib/python3.7/site-packages/airflow/example_dags/tutorial_etl_dag.py
[2022-08-22 22:01:46,795] {processor.py:641} INFO - Processing file /home/airflow/.local/lib/python3.7/site-packages/airflow/example_dags/tutorial_etl_dag.py for tasks to queue
[2022-08-22 22:01:46,796] {logging_mixin.py:115} INFO - [2022-08-22 22:01:46,795] {dagbag.py:508} INFO - Filling up the DagBag from /home/airflow/.local/lib/python3.7/site-packages/airflow/example_dags/tutorial_etl_dag.py
[2022-08-22 22:01:46,806] {processor.py:651} INFO - DAG(s) dict_keys(['tutorial_etl_dag']) retrieved from /home/airflow/.local/lib/python3.7/site-packages/airflow/example_dags/tutorial_etl_dag.py
[2022-08-22 22:01:46,830] {logging_mixin.py:115} INFO - [2022-08-22 22:01:46,830] {dag.py:2420} INFO - Sync 1 DAGs
[2022-08-22 22:01:46,850] {logging_mixin.py:115} INFO - [2022-08-22 22:01:46,850] {dag.py:2972} INFO - Setting next_dagrun for tutorial_etl_dag to None, run_after=None
[2022-08-22 22:01:46,861] {processor.py:161} INFO - Processing /home/airflow/.local/lib/python3.7/site-packages/airflow/example_dags/tutorial_etl_dag.py took 0.071 seconds
[2022-08-22 22:02:17,731] {processor.py:153} INFO - Started process (PID=1063) to work on /home/airflow/.local/lib/python3.7/site-packages/airflow/example_dags/tutorial_etl_dag.py
[2022-08-22 22:02:17,732] {processor.py:641} INFO - Processing file /home/airflow/.local/lib/python3.7/site-packages/airflow/example_dags/tutorial_etl_dag.py for tasks to queue
[2022-08-22 22:02:17,733] {logging_mixin.py:115} INFO - [2022-08-22 22:02:17,733] {dagbag.py:508} INFO - Filling up the DagBag from /home/airflow/.local/lib/python3.7/site-packages/airflow/example_dags/tutorial_etl_dag.py
[2022-08-22 22:02:17,743] {processor.py:651} INFO - DAG(s) dict_keys(['tutorial_etl_dag']) retrieved from /home/airflow/.local/lib/python3.7/site-packages/airflow/example_dags/tutorial_etl_dag.py
[2022-08-22 22:02:17,768] {logging_mixin.py:115} INFO - [2022-08-22 22:02:17,767] {dag.py:2420} INFO - Sync 1 DAGs
[2022-08-22 22:02:17,787] {logging_mixin.py:115} INFO - [2022-08-22 22:02:17,787] {dag.py:2972} INFO - Setting next_dagrun for tutorial_etl_dag to None, run_after=None
[2022-08-22 22:02:17,798] {processor.py:161} INFO - Processing /home/airflow/.local/lib/python3.7/site-packages/airflow/example_dags/tutorial_etl_dag.py took 0.071 seconds
[2022-08-22 22:02:48,470] {processor.py:153} INFO - Started process (PID=1115) to work on /home/airflow/.local/lib/python3.7/site-packages/airflow/example_dags/tutorial_etl_dag.py
[2022-08-22 22:02:48,473] {processor.py:641} INFO - Processing file /home/airflow/.local/lib/python3.7/site-packages/airflow/example_dags/tutorial_etl_dag.py for tasks to queue
[2022-08-22 22:02:48,473] {logging_mixin.py:115} INFO - [2022-08-22 22:02:48,473] {dagbag.py:508} INFO - Filling up the DagBag from /home/airflow/.local/lib/python3.7/site-packages/airflow/example_dags/tutorial_etl_dag.py
[2022-08-22 22:02:48,480] {processor.py:651} INFO - DAG(s) dict_keys(['tutorial_etl_dag']) retrieved from /home/airflow/.local/lib/python3.7/site-packages/airflow/example_dags/tutorial_etl_dag.py
[2022-08-22 22:02:48,506] {logging_mixin.py:115} INFO - [2022-08-22 22:02:48,506] {dag.py:2420} INFO - Sync 1 DAGs
[2022-08-22 22:02:48,532] {logging_mixin.py:115} INFO - [2022-08-22 22:02:48,532] {dag.py:2972} INFO - Setting next_dagrun for tutorial_etl_dag to None, run_after=None
[2022-08-22 22:02:48,544] {processor.py:161} INFO - Processing /home/airflow/.local/lib/python3.7/site-packages/airflow/example_dags/tutorial_etl_dag.py took 0.078 seconds
[2022-08-22 22:03:19,409] {processor.py:153} INFO - Started process (PID=1176) to work on /home/airflow/.local/lib/python3.7/site-packages/airflow/example_dags/tutorial_etl_dag.py
[2022-08-22 22:03:19,410] {processor.py:641} INFO - Processing file /home/airflow/.local/lib/python3.7/site-packages/airflow/example_dags/tutorial_etl_dag.py for tasks to queue
[2022-08-22 22:03:19,411] {logging_mixin.py:115} INFO - [2022-08-22 22:03:19,410] {dagbag.py:508} INFO - Filling up the DagBag from /home/airflow/.local/lib/python3.7/site-packages/airflow/example_dags/tutorial_etl_dag.py
[2022-08-22 22:03:19,421] {processor.py:651} INFO - DAG(s) dict_keys(['tutorial_etl_dag']) retrieved from /home/airflow/.local/lib/python3.7/site-packages/airflow/example_dags/tutorial_etl_dag.py
[2022-08-22 22:03:19,449] {logging_mixin.py:115} INFO - [2022-08-22 22:03:19,449] {dag.py:2420} INFO - Sync 1 DAGs
[2022-08-22 22:03:19,472] {logging_mixin.py:115} INFO - [2022-08-22 22:03:19,472] {dag.py:2972} INFO - Setting next_dagrun for tutorial_etl_dag to None, run_after=None
[2022-08-22 22:03:19,485] {processor.py:161} INFO - Processing /home/airflow/.local/lib/python3.7/site-packages/airflow/example_dags/tutorial_etl_dag.py took 0.081 seconds
[2022-08-22 22:03:50,321] {processor.py:153} INFO - Started process (PID=1237) to work on /home/airflow/.local/lib/python3.7/site-packages/airflow/example_dags/tutorial_etl_dag.py
[2022-08-22 22:03:50,329] {processor.py:641} INFO - Processing file /home/airflow/.local/lib/python3.7/site-packages/airflow/example_dags/tutorial_etl_dag.py for tasks to queue
[2022-08-22 22:03:50,329] {logging_mixin.py:115} INFO - [2022-08-22 22:03:50,329] {dagbag.py:508} INFO - Filling up the DagBag from /home/airflow/.local/lib/python3.7/site-packages/airflow/example_dags/tutorial_etl_dag.py
[2022-08-22 22:03:50,335] {processor.py:651} INFO - DAG(s) dict_keys(['tutorial_etl_dag']) retrieved from /home/airflow/.local/lib/python3.7/site-packages/airflow/example_dags/tutorial_etl_dag.py
[2022-08-22 22:03:50,378] {logging_mixin.py:115} INFO - [2022-08-22 22:03:50,378] {dag.py:2420} INFO - Sync 1 DAGs
[2022-08-22 22:03:50,409] {logging_mixin.py:115} INFO - [2022-08-22 22:03:50,409] {dag.py:2972} INFO - Setting next_dagrun for tutorial_etl_dag to None, run_after=None
[2022-08-22 22:03:50,421] {processor.py:161} INFO - Processing /home/airflow/.local/lib/python3.7/site-packages/airflow/example_dags/tutorial_etl_dag.py took 0.101 seconds
[2022-08-22 22:04:21,097] {processor.py:153} INFO - Started process (PID=1298) to work on /home/airflow/.local/lib/python3.7/site-packages/airflow/example_dags/tutorial_etl_dag.py
[2022-08-22 22:04:21,098] {processor.py:641} INFO - Processing file /home/airflow/.local/lib/python3.7/site-packages/airflow/example_dags/tutorial_etl_dag.py for tasks to queue
[2022-08-22 22:04:21,098] {logging_mixin.py:115} INFO - [2022-08-22 22:04:21,098] {dagbag.py:508} INFO - Filling up the DagBag from /home/airflow/.local/lib/python3.7/site-packages/airflow/example_dags/tutorial_etl_dag.py
[2022-08-22 22:04:21,104] {processor.py:651} INFO - DAG(s) dict_keys(['tutorial_etl_dag']) retrieved from /home/airflow/.local/lib/python3.7/site-packages/airflow/example_dags/tutorial_etl_dag.py
[2022-08-22 22:04:21,126] {logging_mixin.py:115} INFO - [2022-08-22 22:04:21,126] {dag.py:2420} INFO - Sync 1 DAGs
[2022-08-22 22:04:21,146] {logging_mixin.py:115} INFO - [2022-08-22 22:04:21,146] {dag.py:2972} INFO - Setting next_dagrun for tutorial_etl_dag to None, run_after=None
[2022-08-22 22:04:21,157] {processor.py:161} INFO - Processing /home/airflow/.local/lib/python3.7/site-packages/airflow/example_dags/tutorial_etl_dag.py took 0.063 seconds
[2022-08-22 22:04:51,599] {processor.py:153} INFO - Started process (PID=1350) to work on /home/airflow/.local/lib/python3.7/site-packages/airflow/example_dags/tutorial_etl_dag.py
[2022-08-22 22:04:51,600] {processor.py:641} INFO - Processing file /home/airflow/.local/lib/python3.7/site-packages/airflow/example_dags/tutorial_etl_dag.py for tasks to queue
[2022-08-22 22:04:51,600] {logging_mixin.py:115} INFO - [2022-08-22 22:04:51,600] {dagbag.py:508} INFO - Filling up the DagBag from /home/airflow/.local/lib/python3.7/site-packages/airflow/example_dags/tutorial_etl_dag.py
[2022-08-22 22:04:51,608] {processor.py:651} INFO - DAG(s) dict_keys(['tutorial_etl_dag']) retrieved from /home/airflow/.local/lib/python3.7/site-packages/airflow/example_dags/tutorial_etl_dag.py
[2022-08-22 22:04:51,629] {logging_mixin.py:115} INFO - [2022-08-22 22:04:51,629] {dag.py:2420} INFO - Sync 1 DAGs
[2022-08-22 22:04:51,648] {logging_mixin.py:115} INFO - [2022-08-22 22:04:51,647] {dag.py:2972} INFO - Setting next_dagrun for tutorial_etl_dag to None, run_after=None
[2022-08-22 22:04:51,658] {processor.py:161} INFO - Processing /home/airflow/.local/lib/python3.7/site-packages/airflow/example_dags/tutorial_etl_dag.py took 0.064 seconds
[2022-08-22 22:05:22,107] {processor.py:153} INFO - Started process (PID=1411) to work on /home/airflow/.local/lib/python3.7/site-packages/airflow/example_dags/tutorial_etl_dag.py
[2022-08-22 22:05:22,110] {processor.py:641} INFO - Processing file /home/airflow/.local/lib/python3.7/site-packages/airflow/example_dags/tutorial_etl_dag.py for tasks to queue
[2022-08-22 22:05:22,110] {logging_mixin.py:115} INFO - [2022-08-22 22:05:22,110] {dagbag.py:508} INFO - Filling up the DagBag from /home/airflow/.local/lib/python3.7/site-packages/airflow/example_dags/tutorial_etl_dag.py
[2022-08-22 22:05:22,122] {processor.py:651} INFO - DAG(s) dict_keys(['tutorial_etl_dag']) retrieved from /home/airflow/.local/lib/python3.7/site-packages/airflow/example_dags/tutorial_etl_dag.py
[2022-08-22 22:05:22,165] {logging_mixin.py:115} INFO - [2022-08-22 22:05:22,165] {dag.py:2420} INFO - Sync 1 DAGs
[2022-08-22 22:05:22,184] {logging_mixin.py:115} INFO - [2022-08-22 22:05:22,184] {dag.py:2972} INFO - Setting next_dagrun for tutorial_etl_dag to None, run_after=None
[2022-08-22 22:05:22,195] {processor.py:161} INFO - Processing /home/airflow/.local/lib/python3.7/site-packages/airflow/example_dags/tutorial_etl_dag.py took 0.092 seconds
[2022-08-22 22:05:52,932] {processor.py:153} INFO - Started process (PID=1472) to work on /home/airflow/.local/lib/python3.7/site-packages/airflow/example_dags/tutorial_etl_dag.py
[2022-08-22 22:05:52,936] {processor.py:641} INFO - Processing file /home/airflow/.local/lib/python3.7/site-packages/airflow/example_dags/tutorial_etl_dag.py for tasks to queue
[2022-08-22 22:05:52,937] {logging_mixin.py:115} INFO - [2022-08-22 22:05:52,937] {dagbag.py:508} INFO - Filling up the DagBag from /home/airflow/.local/lib/python3.7/site-packages/airflow/example_dags/tutorial_etl_dag.py
[2022-08-22 22:05:52,946] {processor.py:651} INFO - DAG(s) dict_keys(['tutorial_etl_dag']) retrieved from /home/airflow/.local/lib/python3.7/site-packages/airflow/example_dags/tutorial_etl_dag.py
[2022-08-22 22:05:52,969] {logging_mixin.py:115} INFO - [2022-08-22 22:05:52,969] {dag.py:2420} INFO - Sync 1 DAGs
[2022-08-22 22:05:52,987] {logging_mixin.py:115} INFO - [2022-08-22 22:05:52,987] {dag.py:2972} INFO - Setting next_dagrun for tutorial_etl_dag to None, run_after=None
[2022-08-22 22:05:52,997] {processor.py:161} INFO - Processing /home/airflow/.local/lib/python3.7/site-packages/airflow/example_dags/tutorial_etl_dag.py took 0.068 seconds
[2022-08-22 22:06:23,550] {processor.py:153} INFO - Started process (PID=1533) to work on /home/airflow/.local/lib/python3.7/site-packages/airflow/example_dags/tutorial_etl_dag.py
[2022-08-22 22:06:23,551] {processor.py:641} INFO - Processing file /home/airflow/.local/lib/python3.7/site-packages/airflow/example_dags/tutorial_etl_dag.py for tasks to queue
[2022-08-22 22:06:23,552] {logging_mixin.py:115} INFO - [2022-08-22 22:06:23,551] {dagbag.py:508} INFO - Filling up the DagBag from /home/airflow/.local/lib/python3.7/site-packages/airflow/example_dags/tutorial_etl_dag.py
[2022-08-22 22:06:23,561] {processor.py:651} INFO - DAG(s) dict_keys(['tutorial_etl_dag']) retrieved from /home/airflow/.local/lib/python3.7/site-packages/airflow/example_dags/tutorial_etl_dag.py
[2022-08-22 22:06:23,587] {logging_mixin.py:115} INFO - [2022-08-22 22:06:23,587] {dag.py:2420} INFO - Sync 1 DAGs
[2022-08-22 22:06:23,607] {logging_mixin.py:115} INFO - [2022-08-22 22:06:23,607] {dag.py:2972} INFO - Setting next_dagrun for tutorial_etl_dag to None, run_after=None
[2022-08-22 22:06:23,618] {processor.py:161} INFO - Processing /home/airflow/.local/lib/python3.7/site-packages/airflow/example_dags/tutorial_etl_dag.py took 0.072 seconds
[2022-08-22 22:06:54,224] {processor.py:153} INFO - Started process (PID=1585) to work on /home/airflow/.local/lib/python3.7/site-packages/airflow/example_dags/tutorial_etl_dag.py
[2022-08-22 22:06:54,230] {processor.py:641} INFO - Processing file /home/airflow/.local/lib/python3.7/site-packages/airflow/example_dags/tutorial_etl_dag.py for tasks to queue
[2022-08-22 22:06:54,232] {logging_mixin.py:115} INFO - [2022-08-22 22:06:54,231] {dagbag.py:508} INFO - Filling up the DagBag from /home/airflow/.local/lib/python3.7/site-packages/airflow/example_dags/tutorial_etl_dag.py
[2022-08-22 22:06:54,237] {processor.py:651} INFO - DAG(s) dict_keys(['tutorial_etl_dag']) retrieved from /home/airflow/.local/lib/python3.7/site-packages/airflow/example_dags/tutorial_etl_dag.py
[2022-08-22 22:06:54,262] {logging_mixin.py:115} INFO - [2022-08-22 22:06:54,262] {dag.py:2420} INFO - Sync 1 DAGs
[2022-08-22 22:06:54,280] {logging_mixin.py:115} INFO - [2022-08-22 22:06:54,280] {dag.py:2972} INFO - Setting next_dagrun for tutorial_etl_dag to None, run_after=None
[2022-08-22 22:06:54,289] {processor.py:161} INFO - Processing /home/airflow/.local/lib/python3.7/site-packages/airflow/example_dags/tutorial_etl_dag.py took 0.068 seconds
[2022-08-22 22:07:24,812] {processor.py:153} INFO - Started process (PID=1646) to work on /home/airflow/.local/lib/python3.7/site-packages/airflow/example_dags/tutorial_etl_dag.py
[2022-08-22 22:07:24,815] {processor.py:641} INFO - Processing file /home/airflow/.local/lib/python3.7/site-packages/airflow/example_dags/tutorial_etl_dag.py for tasks to queue
[2022-08-22 22:07:24,816] {logging_mixin.py:115} INFO - [2022-08-22 22:07:24,816] {dagbag.py:508} INFO - Filling up the DagBag from /home/airflow/.local/lib/python3.7/site-packages/airflow/example_dags/tutorial_etl_dag.py
[2022-08-22 22:07:24,826] {processor.py:651} INFO - DAG(s) dict_keys(['tutorial_etl_dag']) retrieved from /home/airflow/.local/lib/python3.7/site-packages/airflow/example_dags/tutorial_etl_dag.py
[2022-08-22 22:07:24,849] {logging_mixin.py:115} INFO - [2022-08-22 22:07:24,849] {dag.py:2420} INFO - Sync 1 DAGs
[2022-08-22 22:07:24,867] {logging_mixin.py:115} INFO - [2022-08-22 22:07:24,867] {dag.py:2972} INFO - Setting next_dagrun for tutorial_etl_dag to None, run_after=None
[2022-08-22 22:07:24,877] {processor.py:161} INFO - Processing /home/airflow/.local/lib/python3.7/site-packages/airflow/example_dags/tutorial_etl_dag.py took 0.070 seconds
[2022-08-22 22:07:55,597] {processor.py:153} INFO - Started process (PID=1707) to work on /home/airflow/.local/lib/python3.7/site-packages/airflow/example_dags/tutorial_etl_dag.py
[2022-08-22 22:07:55,602] {processor.py:641} INFO - Processing file /home/airflow/.local/lib/python3.7/site-packages/airflow/example_dags/tutorial_etl_dag.py for tasks to queue
[2022-08-22 22:07:55,603] {logging_mixin.py:115} INFO - [2022-08-22 22:07:55,602] {dagbag.py:508} INFO - Filling up the DagBag from /home/airflow/.local/lib/python3.7/site-packages/airflow/example_dags/tutorial_etl_dag.py
[2022-08-22 22:07:55,613] {processor.py:651} INFO - DAG(s) dict_keys(['tutorial_etl_dag']) retrieved from /home/airflow/.local/lib/python3.7/site-packages/airflow/example_dags/tutorial_etl_dag.py
[2022-08-22 22:07:55,638] {logging_mixin.py:115} INFO - [2022-08-22 22:07:55,638] {dag.py:2420} INFO - Sync 1 DAGs
[2022-08-22 22:07:55,655] {logging_mixin.py:115} INFO - [2022-08-22 22:07:55,655] {dag.py:2972} INFO - Setting next_dagrun for tutorial_etl_dag to None, run_after=None
[2022-08-22 22:07:55,665] {processor.py:161} INFO - Processing /home/airflow/.local/lib/python3.7/site-packages/airflow/example_dags/tutorial_etl_dag.py took 0.071 seconds
[2022-08-22 22:08:26,121] {processor.py:153} INFO - Started process (PID=1759) to work on /home/airflow/.local/lib/python3.7/site-packages/airflow/example_dags/tutorial_etl_dag.py
[2022-08-22 22:08:26,124] {processor.py:641} INFO - Processing file /home/airflow/.local/lib/python3.7/site-packages/airflow/example_dags/tutorial_etl_dag.py for tasks to queue
[2022-08-22 22:08:26,125] {logging_mixin.py:115} INFO - [2022-08-22 22:08:26,124] {dagbag.py:508} INFO - Filling up the DagBag from /home/airflow/.local/lib/python3.7/site-packages/airflow/example_dags/tutorial_etl_dag.py
[2022-08-22 22:08:26,136] {processor.py:651} INFO - DAG(s) dict_keys(['tutorial_etl_dag']) retrieved from /home/airflow/.local/lib/python3.7/site-packages/airflow/example_dags/tutorial_etl_dag.py
[2022-08-22 22:08:26,165] {logging_mixin.py:115} INFO - [2022-08-22 22:08:26,165] {dag.py:2420} INFO - Sync 1 DAGs
[2022-08-22 22:08:26,184] {logging_mixin.py:115} INFO - [2022-08-22 22:08:26,184] {dag.py:2972} INFO - Setting next_dagrun for tutorial_etl_dag to None, run_after=None
[2022-08-22 22:08:26,194] {processor.py:161} INFO - Processing /home/airflow/.local/lib/python3.7/site-packages/airflow/example_dags/tutorial_etl_dag.py took 0.078 seconds
[2022-08-22 22:08:57,017] {processor.py:153} INFO - Started process (PID=1820) to work on /home/airflow/.local/lib/python3.7/site-packages/airflow/example_dags/tutorial_etl_dag.py
[2022-08-22 22:08:57,018] {processor.py:641} INFO - Processing file /home/airflow/.local/lib/python3.7/site-packages/airflow/example_dags/tutorial_etl_dag.py for tasks to queue
[2022-08-22 22:08:57,019] {logging_mixin.py:115} INFO - [2022-08-22 22:08:57,019] {dagbag.py:508} INFO - Filling up the DagBag from /home/airflow/.local/lib/python3.7/site-packages/airflow/example_dags/tutorial_etl_dag.py
[2022-08-22 22:08:57,028] {processor.py:651} INFO - DAG(s) dict_keys(['tutorial_etl_dag']) retrieved from /home/airflow/.local/lib/python3.7/site-packages/airflow/example_dags/tutorial_etl_dag.py
[2022-08-22 22:08:57,050] {logging_mixin.py:115} INFO - [2022-08-22 22:08:57,050] {dag.py:2420} INFO - Sync 1 DAGs
[2022-08-22 22:08:57,069] {logging_mixin.py:115} INFO - [2022-08-22 22:08:57,069] {dag.py:2972} INFO - Setting next_dagrun for tutorial_etl_dag to None, run_after=None
[2022-08-22 22:08:57,078] {processor.py:161} INFO - Processing /home/airflow/.local/lib/python3.7/site-packages/airflow/example_dags/tutorial_etl_dag.py took 0.064 seconds
[2022-08-22 22:09:27,535] {processor.py:153} INFO - Started process (PID=1881) to work on /home/airflow/.local/lib/python3.7/site-packages/airflow/example_dags/tutorial_etl_dag.py
[2022-08-22 22:09:27,539] {processor.py:641} INFO - Processing file /home/airflow/.local/lib/python3.7/site-packages/airflow/example_dags/tutorial_etl_dag.py for tasks to queue
[2022-08-22 22:09:27,540] {logging_mixin.py:115} INFO - [2022-08-22 22:09:27,540] {dagbag.py:508} INFO - Filling up the DagBag from /home/airflow/.local/lib/python3.7/site-packages/airflow/example_dags/tutorial_etl_dag.py
[2022-08-22 22:09:27,551] {processor.py:651} INFO - DAG(s) dict_keys(['tutorial_etl_dag']) retrieved from /home/airflow/.local/lib/python3.7/site-packages/airflow/example_dags/tutorial_etl_dag.py
[2022-08-22 22:09:27,583] {logging_mixin.py:115} INFO - [2022-08-22 22:09:27,583] {dag.py:2420} INFO - Sync 1 DAGs
[2022-08-22 22:09:27,607] {logging_mixin.py:115} INFO - [2022-08-22 22:09:27,607] {dag.py:2972} INFO - Setting next_dagrun for tutorial_etl_dag to None, run_after=None
[2022-08-22 22:09:27,616] {processor.py:161} INFO - Processing /home/airflow/.local/lib/python3.7/site-packages/airflow/example_dags/tutorial_etl_dag.py took 0.085 seconds
[2022-08-22 22:09:58,219] {processor.py:153} INFO - Started process (PID=1942) to work on /home/airflow/.local/lib/python3.7/site-packages/airflow/example_dags/tutorial_etl_dag.py
[2022-08-22 22:09:58,220] {processor.py:641} INFO - Processing file /home/airflow/.local/lib/python3.7/site-packages/airflow/example_dags/tutorial_etl_dag.py for tasks to queue
[2022-08-22 22:09:58,221] {logging_mixin.py:115} INFO - [2022-08-22 22:09:58,221] {dagbag.py:508} INFO - Filling up the DagBag from /home/airflow/.local/lib/python3.7/site-packages/airflow/example_dags/tutorial_etl_dag.py
[2022-08-22 22:09:58,230] {processor.py:651} INFO - DAG(s) dict_keys(['tutorial_etl_dag']) retrieved from /home/airflow/.local/lib/python3.7/site-packages/airflow/example_dags/tutorial_etl_dag.py
[2022-08-22 22:09:58,263] {logging_mixin.py:115} INFO - [2022-08-22 22:09:58,263] {dag.py:2420} INFO - Sync 1 DAGs
[2022-08-22 22:09:58,284] {logging_mixin.py:115} INFO - [2022-08-22 22:09:58,284] {dag.py:2972} INFO - Setting next_dagrun for tutorial_etl_dag to None, run_after=None
[2022-08-22 22:09:58,294] {processor.py:161} INFO - Processing /home/airflow/.local/lib/python3.7/site-packages/airflow/example_dags/tutorial_etl_dag.py took 0.079 seconds
[2022-08-22 22:10:28,978] {processor.py:153} INFO - Started process (PID=1994) to work on /home/airflow/.local/lib/python3.7/site-packages/airflow/example_dags/tutorial_etl_dag.py
[2022-08-22 22:10:28,981] {processor.py:641} INFO - Processing file /home/airflow/.local/lib/python3.7/site-packages/airflow/example_dags/tutorial_etl_dag.py for tasks to queue
[2022-08-22 22:10:28,982] {logging_mixin.py:115} INFO - [2022-08-22 22:10:28,982] {dagbag.py:508} INFO - Filling up the DagBag from /home/airflow/.local/lib/python3.7/site-packages/airflow/example_dags/tutorial_etl_dag.py
[2022-08-22 22:10:28,992] {processor.py:651} INFO - DAG(s) dict_keys(['tutorial_etl_dag']) retrieved from /home/airflow/.local/lib/python3.7/site-packages/airflow/example_dags/tutorial_etl_dag.py
[2022-08-22 22:10:29,015] {logging_mixin.py:115} INFO - [2022-08-22 22:10:29,014] {dag.py:2420} INFO - Sync 1 DAGs
[2022-08-22 22:10:29,033] {logging_mixin.py:115} INFO - [2022-08-22 22:10:29,033] {dag.py:2972} INFO - Setting next_dagrun for tutorial_etl_dag to None, run_after=None
[2022-08-22 22:10:29,044] {processor.py:161} INFO - Processing /home/airflow/.local/lib/python3.7/site-packages/airflow/example_dags/tutorial_etl_dag.py took 0.070 seconds
[2022-08-22 22:10:59,664] {processor.py:153} INFO - Started process (PID=2055) to work on /home/airflow/.local/lib/python3.7/site-packages/airflow/example_dags/tutorial_etl_dag.py
[2022-08-22 22:10:59,664] {processor.py:641} INFO - Processing file /home/airflow/.local/lib/python3.7/site-packages/airflow/example_dags/tutorial_etl_dag.py for tasks to queue
[2022-08-22 22:10:59,665] {logging_mixin.py:115} INFO - [2022-08-22 22:10:59,665] {dagbag.py:508} INFO - Filling up the DagBag from /home/airflow/.local/lib/python3.7/site-packages/airflow/example_dags/tutorial_etl_dag.py
[2022-08-22 22:10:59,673] {processor.py:651} INFO - DAG(s) dict_keys(['tutorial_etl_dag']) retrieved from /home/airflow/.local/lib/python3.7/site-packages/airflow/example_dags/tutorial_etl_dag.py
[2022-08-22 22:10:59,705] {logging_mixin.py:115} INFO - [2022-08-22 22:10:59,705] {dag.py:2420} INFO - Sync 1 DAGs
[2022-08-22 22:10:59,729] {logging_mixin.py:115} INFO - [2022-08-22 22:10:59,729] {dag.py:2972} INFO - Setting next_dagrun for tutorial_etl_dag to None, run_after=None
[2022-08-22 22:10:59,739] {processor.py:161} INFO - Processing /home/airflow/.local/lib/python3.7/site-packages/airflow/example_dags/tutorial_etl_dag.py took 0.077 seconds
[2022-08-22 22:11:30,234] {processor.py:153} INFO - Started process (PID=2115) to work on /home/airflow/.local/lib/python3.7/site-packages/airflow/example_dags/tutorial_etl_dag.py
[2022-08-22 22:11:30,236] {processor.py:641} INFO - Processing file /home/airflow/.local/lib/python3.7/site-packages/airflow/example_dags/tutorial_etl_dag.py for tasks to queue
[2022-08-22 22:11:30,237] {logging_mixin.py:115} INFO - [2022-08-22 22:11:30,237] {dagbag.py:508} INFO - Filling up the DagBag from /home/airflow/.local/lib/python3.7/site-packages/airflow/example_dags/tutorial_etl_dag.py
[2022-08-22 22:11:30,249] {processor.py:651} INFO - DAG(s) dict_keys(['tutorial_etl_dag']) retrieved from /home/airflow/.local/lib/python3.7/site-packages/airflow/example_dags/tutorial_etl_dag.py
[2022-08-22 22:11:30,286] {logging_mixin.py:115} INFO - [2022-08-22 22:11:30,286] {dag.py:2420} INFO - Sync 1 DAGs
[2022-08-22 22:11:30,305] {logging_mixin.py:115} INFO - [2022-08-22 22:11:30,305] {dag.py:2972} INFO - Setting next_dagrun for tutorial_etl_dag to None, run_after=None
[2022-08-22 22:11:30,315] {processor.py:161} INFO - Processing /home/airflow/.local/lib/python3.7/site-packages/airflow/example_dags/tutorial_etl_dag.py took 0.086 seconds
[2022-08-22 22:12:00,755] {processor.py:153} INFO - Started process (PID=2176) to work on /home/airflow/.local/lib/python3.7/site-packages/airflow/example_dags/tutorial_etl_dag.py
[2022-08-22 22:12:00,760] {processor.py:641} INFO - Processing file /home/airflow/.local/lib/python3.7/site-packages/airflow/example_dags/tutorial_etl_dag.py for tasks to queue
[2022-08-22 22:12:00,761] {logging_mixin.py:115} INFO - [2022-08-22 22:12:00,761] {dagbag.py:508} INFO - Filling up the DagBag from /home/airflow/.local/lib/python3.7/site-packages/airflow/example_dags/tutorial_etl_dag.py
[2022-08-22 22:12:00,771] {processor.py:651} INFO - DAG(s) dict_keys(['tutorial_etl_dag']) retrieved from /home/airflow/.local/lib/python3.7/site-packages/airflow/example_dags/tutorial_etl_dag.py
[2022-08-22 22:12:00,801] {logging_mixin.py:115} INFO - [2022-08-22 22:12:00,801] {dag.py:2420} INFO - Sync 1 DAGs
[2022-08-22 22:12:00,827] {logging_mixin.py:115} INFO - [2022-08-22 22:12:00,827] {dag.py:2972} INFO - Setting next_dagrun for tutorial_etl_dag to None, run_after=None
[2022-08-22 22:12:00,840] {processor.py:161} INFO - Processing /home/airflow/.local/lib/python3.7/site-packages/airflow/example_dags/tutorial_etl_dag.py took 0.088 seconds
[2022-08-22 22:12:31,335] {processor.py:153} INFO - Started process (PID=2228) to work on /home/airflow/.local/lib/python3.7/site-packages/airflow/example_dags/tutorial_etl_dag.py
[2022-08-22 22:12:31,335] {processor.py:641} INFO - Processing file /home/airflow/.local/lib/python3.7/site-packages/airflow/example_dags/tutorial_etl_dag.py for tasks to queue
[2022-08-22 22:12:31,336] {logging_mixin.py:115} INFO - [2022-08-22 22:12:31,336] {dagbag.py:508} INFO - Filling up the DagBag from /home/airflow/.local/lib/python3.7/site-packages/airflow/example_dags/tutorial_etl_dag.py
[2022-08-22 22:12:31,345] {processor.py:651} INFO - DAG(s) dict_keys(['tutorial_etl_dag']) retrieved from /home/airflow/.local/lib/python3.7/site-packages/airflow/example_dags/tutorial_etl_dag.py
[2022-08-22 22:12:31,372] {logging_mixin.py:115} INFO - [2022-08-22 22:12:31,372] {dag.py:2420} INFO - Sync 1 DAGs
[2022-08-22 22:12:31,389] {logging_mixin.py:115} INFO - [2022-08-22 22:12:31,389] {dag.py:2972} INFO - Setting next_dagrun for tutorial_etl_dag to None, run_after=None
[2022-08-22 22:12:31,399] {processor.py:161} INFO - Processing /home/airflow/.local/lib/python3.7/site-packages/airflow/example_dags/tutorial_etl_dag.py took 0.068 seconds
[2022-08-22 22:13:01,913] {processor.py:153} INFO - Started process (PID=2289) to work on /home/airflow/.local/lib/python3.7/site-packages/airflow/example_dags/tutorial_etl_dag.py
[2022-08-22 22:13:01,919] {processor.py:641} INFO - Processing file /home/airflow/.local/lib/python3.7/site-packages/airflow/example_dags/tutorial_etl_dag.py for tasks to queue
[2022-08-22 22:13:01,920] {logging_mixin.py:115} INFO - [2022-08-22 22:13:01,919] {dagbag.py:508} INFO - Filling up the DagBag from /home/airflow/.local/lib/python3.7/site-packages/airflow/example_dags/tutorial_etl_dag.py
[2022-08-22 22:13:01,929] {processor.py:651} INFO - DAG(s) dict_keys(['tutorial_etl_dag']) retrieved from /home/airflow/.local/lib/python3.7/site-packages/airflow/example_dags/tutorial_etl_dag.py
[2022-08-22 22:13:01,954] {logging_mixin.py:115} INFO - [2022-08-22 22:13:01,954] {dag.py:2420} INFO - Sync 1 DAGs
[2022-08-22 22:13:01,973] {logging_mixin.py:115} INFO - [2022-08-22 22:13:01,973] {dag.py:2972} INFO - Setting next_dagrun for tutorial_etl_dag to None, run_after=None
[2022-08-22 22:13:01,984] {processor.py:161} INFO - Processing /home/airflow/.local/lib/python3.7/site-packages/airflow/example_dags/tutorial_etl_dag.py took 0.074 seconds
[2022-08-22 22:13:32,580] {processor.py:153} INFO - Started process (PID=2350) to work on /home/airflow/.local/lib/python3.7/site-packages/airflow/example_dags/tutorial_etl_dag.py
[2022-08-22 22:13:32,580] {processor.py:641} INFO - Processing file /home/airflow/.local/lib/python3.7/site-packages/airflow/example_dags/tutorial_etl_dag.py for tasks to queue
[2022-08-22 22:13:32,581] {logging_mixin.py:115} INFO - [2022-08-22 22:13:32,581] {dagbag.py:508} INFO - Filling up the DagBag from /home/airflow/.local/lib/python3.7/site-packages/airflow/example_dags/tutorial_etl_dag.py
[2022-08-22 22:13:32,589] {processor.py:651} INFO - DAG(s) dict_keys(['tutorial_etl_dag']) retrieved from /home/airflow/.local/lib/python3.7/site-packages/airflow/example_dags/tutorial_etl_dag.py
[2022-08-22 22:13:32,612] {logging_mixin.py:115} INFO - [2022-08-22 22:13:32,612] {dag.py:2420} INFO - Sync 1 DAGs
[2022-08-22 22:13:32,630] {logging_mixin.py:115} INFO - [2022-08-22 22:13:32,630] {dag.py:2972} INFO - Setting next_dagrun for tutorial_etl_dag to None, run_after=None
[2022-08-22 22:13:32,640] {processor.py:161} INFO - Processing /home/airflow/.local/lib/python3.7/site-packages/airflow/example_dags/tutorial_etl_dag.py took 0.064 seconds
[2022-08-22 22:14:03,251] {processor.py:153} INFO - Started process (PID=2409) to work on /home/airflow/.local/lib/python3.7/site-packages/airflow/example_dags/tutorial_etl_dag.py
[2022-08-22 22:14:03,252] {processor.py:641} INFO - Processing file /home/airflow/.local/lib/python3.7/site-packages/airflow/example_dags/tutorial_etl_dag.py for tasks to queue
[2022-08-22 22:14:03,252] {logging_mixin.py:115} INFO - [2022-08-22 22:14:03,252] {dagbag.py:508} INFO - Filling up the DagBag from /home/airflow/.local/lib/python3.7/site-packages/airflow/example_dags/tutorial_etl_dag.py
[2022-08-22 22:14:03,261] {processor.py:651} INFO - DAG(s) dict_keys(['tutorial_etl_dag']) retrieved from /home/airflow/.local/lib/python3.7/site-packages/airflow/example_dags/tutorial_etl_dag.py
[2022-08-22 22:14:03,282] {logging_mixin.py:115} INFO - [2022-08-22 22:14:03,282] {dag.py:2420} INFO - Sync 1 DAGs
[2022-08-22 22:14:03,300] {logging_mixin.py:115} INFO - [2022-08-22 22:14:03,300] {dag.py:2972} INFO - Setting next_dagrun for tutorial_etl_dag to None, run_after=None
[2022-08-22 22:14:03,312] {processor.py:161} INFO - Processing /home/airflow/.local/lib/python3.7/site-packages/airflow/example_dags/tutorial_etl_dag.py took 0.065 seconds
[2022-08-22 22:14:33,840] {processor.py:153} INFO - Started process (PID=2463) to work on /home/airflow/.local/lib/python3.7/site-packages/airflow/example_dags/tutorial_etl_dag.py
[2022-08-22 22:14:33,847] {processor.py:641} INFO - Processing file /home/airflow/.local/lib/python3.7/site-packages/airflow/example_dags/tutorial_etl_dag.py for tasks to queue
[2022-08-22 22:14:33,848] {logging_mixin.py:115} INFO - [2022-08-22 22:14:33,848] {dagbag.py:508} INFO - Filling up the DagBag from /home/airflow/.local/lib/python3.7/site-packages/airflow/example_dags/tutorial_etl_dag.py
[2022-08-22 22:14:33,853] {processor.py:651} INFO - DAG(s) dict_keys(['tutorial_etl_dag']) retrieved from /home/airflow/.local/lib/python3.7/site-packages/airflow/example_dags/tutorial_etl_dag.py
[2022-08-22 22:14:33,873] {logging_mixin.py:115} INFO - [2022-08-22 22:14:33,873] {dag.py:2420} INFO - Sync 1 DAGs
[2022-08-22 22:14:33,891] {logging_mixin.py:115} INFO - [2022-08-22 22:14:33,891] {dag.py:2972} INFO - Setting next_dagrun for tutorial_etl_dag to None, run_after=None
[2022-08-22 22:14:33,901] {processor.py:161} INFO - Processing /home/airflow/.local/lib/python3.7/site-packages/airflow/example_dags/tutorial_etl_dag.py took 0.063 seconds
[2022-08-22 22:15:04,425] {processor.py:153} INFO - Started process (PID=2524) to work on /home/airflow/.local/lib/python3.7/site-packages/airflow/example_dags/tutorial_etl_dag.py
[2022-08-22 22:15:04,426] {processor.py:641} INFO - Processing file /home/airflow/.local/lib/python3.7/site-packages/airflow/example_dags/tutorial_etl_dag.py for tasks to queue
[2022-08-22 22:15:04,427] {logging_mixin.py:115} INFO - [2022-08-22 22:15:04,427] {dagbag.py:508} INFO - Filling up the DagBag from /home/airflow/.local/lib/python3.7/site-packages/airflow/example_dags/tutorial_etl_dag.py
[2022-08-22 22:15:04,436] {processor.py:651} INFO - DAG(s) dict_keys(['tutorial_etl_dag']) retrieved from /home/airflow/.local/lib/python3.7/site-packages/airflow/example_dags/tutorial_etl_dag.py
[2022-08-22 22:15:04,466] {logging_mixin.py:115} INFO - [2022-08-22 22:15:04,466] {dag.py:2420} INFO - Sync 1 DAGs
[2022-08-22 22:15:04,497] {logging_mixin.py:115} INFO - [2022-08-22 22:15:04,497] {dag.py:2972} INFO - Setting next_dagrun for tutorial_etl_dag to None, run_after=None
[2022-08-22 22:15:04,508] {processor.py:161} INFO - Processing /home/airflow/.local/lib/python3.7/site-packages/airflow/example_dags/tutorial_etl_dag.py took 0.085 seconds
[2022-08-22 22:15:35,125] {processor.py:153} INFO - Started process (PID=2585) to work on /home/airflow/.local/lib/python3.7/site-packages/airflow/example_dags/tutorial_etl_dag.py
[2022-08-22 22:15:35,127] {processor.py:641} INFO - Processing file /home/airflow/.local/lib/python3.7/site-packages/airflow/example_dags/tutorial_etl_dag.py for tasks to queue
[2022-08-22 22:15:35,128] {logging_mixin.py:115} INFO - [2022-08-22 22:15:35,128] {dagbag.py:508} INFO - Filling up the DagBag from /home/airflow/.local/lib/python3.7/site-packages/airflow/example_dags/tutorial_etl_dag.py
[2022-08-22 22:15:35,139] {processor.py:651} INFO - DAG(s) dict_keys(['tutorial_etl_dag']) retrieved from /home/airflow/.local/lib/python3.7/site-packages/airflow/example_dags/tutorial_etl_dag.py
[2022-08-22 22:15:35,165] {logging_mixin.py:115} INFO - [2022-08-22 22:15:35,165] {dag.py:2420} INFO - Sync 1 DAGs
[2022-08-22 22:15:35,183] {logging_mixin.py:115} INFO - [2022-08-22 22:15:35,183] {dag.py:2972} INFO - Setting next_dagrun for tutorial_etl_dag to None, run_after=None
[2022-08-22 22:15:35,192] {processor.py:161} INFO - Processing /home/airflow/.local/lib/python3.7/site-packages/airflow/example_dags/tutorial_etl_dag.py took 0.072 seconds
[2022-08-22 22:16:05,691] {processor.py:153} INFO - Started process (PID=2637) to work on /home/airflow/.local/lib/python3.7/site-packages/airflow/example_dags/tutorial_etl_dag.py
[2022-08-22 22:16:05,695] {processor.py:641} INFO - Processing file /home/airflow/.local/lib/python3.7/site-packages/airflow/example_dags/tutorial_etl_dag.py for tasks to queue
[2022-08-22 22:16:05,695] {logging_mixin.py:115} INFO - [2022-08-22 22:16:05,695] {dagbag.py:508} INFO - Filling up the DagBag from /home/airflow/.local/lib/python3.7/site-packages/airflow/example_dags/tutorial_etl_dag.py
[2022-08-22 22:16:05,704] {processor.py:651} INFO - DAG(s) dict_keys(['tutorial_etl_dag']) retrieved from /home/airflow/.local/lib/python3.7/site-packages/airflow/example_dags/tutorial_etl_dag.py
[2022-08-22 22:16:05,738] {logging_mixin.py:115} INFO - [2022-08-22 22:16:05,738] {dag.py:2420} INFO - Sync 1 DAGs
[2022-08-22 22:16:05,761] {logging_mixin.py:115} INFO - [2022-08-22 22:16:05,761] {dag.py:2972} INFO - Setting next_dagrun for tutorial_etl_dag to None, run_after=None
[2022-08-22 22:16:05,772] {processor.py:161} INFO - Processing /home/airflow/.local/lib/python3.7/site-packages/airflow/example_dags/tutorial_etl_dag.py took 0.085 seconds
[2022-08-22 22:16:36,373] {processor.py:153} INFO - Started process (PID=2698) to work on /home/airflow/.local/lib/python3.7/site-packages/airflow/example_dags/tutorial_etl_dag.py
[2022-08-22 22:16:36,374] {processor.py:641} INFO - Processing file /home/airflow/.local/lib/python3.7/site-packages/airflow/example_dags/tutorial_etl_dag.py for tasks to queue
[2022-08-22 22:16:36,375] {logging_mixin.py:115} INFO - [2022-08-22 22:16:36,375] {dagbag.py:508} INFO - Filling up the DagBag from /home/airflow/.local/lib/python3.7/site-packages/airflow/example_dags/tutorial_etl_dag.py
[2022-08-22 22:16:36,386] {processor.py:651} INFO - DAG(s) dict_keys(['tutorial_etl_dag']) retrieved from /home/airflow/.local/lib/python3.7/site-packages/airflow/example_dags/tutorial_etl_dag.py
[2022-08-22 22:16:36,411] {logging_mixin.py:115} INFO - [2022-08-22 22:16:36,411] {dag.py:2420} INFO - Sync 1 DAGs
[2022-08-22 22:16:36,430] {logging_mixin.py:115} INFO - [2022-08-22 22:16:36,430] {dag.py:2972} INFO - Setting next_dagrun for tutorial_etl_dag to None, run_after=None
[2022-08-22 22:16:36,442] {processor.py:161} INFO - Processing /home/airflow/.local/lib/python3.7/site-packages/airflow/example_dags/tutorial_etl_dag.py took 0.074 seconds
[2022-08-22 22:17:07,078] {processor.py:153} INFO - Started process (PID=2759) to work on /home/airflow/.local/lib/python3.7/site-packages/airflow/example_dags/tutorial_etl_dag.py
[2022-08-22 22:17:07,078] {processor.py:641} INFO - Processing file /home/airflow/.local/lib/python3.7/site-packages/airflow/example_dags/tutorial_etl_dag.py for tasks to queue
[2022-08-22 22:17:07,079] {logging_mixin.py:115} INFO - [2022-08-22 22:17:07,079] {dagbag.py:508} INFO - Filling up the DagBag from /home/airflow/.local/lib/python3.7/site-packages/airflow/example_dags/tutorial_etl_dag.py
[2022-08-22 22:17:07,091] {processor.py:651} INFO - DAG(s) dict_keys(['tutorial_etl_dag']) retrieved from /home/airflow/.local/lib/python3.7/site-packages/airflow/example_dags/tutorial_etl_dag.py
[2022-08-22 22:17:07,124] {logging_mixin.py:115} INFO - [2022-08-22 22:17:07,124] {dag.py:2420} INFO - Sync 1 DAGs
[2022-08-22 22:17:07,143] {logging_mixin.py:115} INFO - [2022-08-22 22:17:07,143] {dag.py:2972} INFO - Setting next_dagrun for tutorial_etl_dag to None, run_after=None
[2022-08-22 22:17:07,154] {processor.py:161} INFO - Processing /home/airflow/.local/lib/python3.7/site-packages/airflow/example_dags/tutorial_etl_dag.py took 0.081 seconds
[2022-08-22 22:17:37,588] {processor.py:153} INFO - Started process (PID=2820) to work on /home/airflow/.local/lib/python3.7/site-packages/airflow/example_dags/tutorial_etl_dag.py
[2022-08-22 22:17:37,589] {processor.py:641} INFO - Processing file /home/airflow/.local/lib/python3.7/site-packages/airflow/example_dags/tutorial_etl_dag.py for tasks to queue
[2022-08-22 22:17:37,590] {logging_mixin.py:115} INFO - [2022-08-22 22:17:37,590] {dagbag.py:508} INFO - Filling up the DagBag from /home/airflow/.local/lib/python3.7/site-packages/airflow/example_dags/tutorial_etl_dag.py
[2022-08-22 22:17:37,598] {processor.py:651} INFO - DAG(s) dict_keys(['tutorial_etl_dag']) retrieved from /home/airflow/.local/lib/python3.7/site-packages/airflow/example_dags/tutorial_etl_dag.py
[2022-08-22 22:17:37,631] {logging_mixin.py:115} INFO - [2022-08-22 22:17:37,631] {dag.py:2420} INFO - Sync 1 DAGs
[2022-08-22 22:17:37,654] {logging_mixin.py:115} INFO - [2022-08-22 22:17:37,654] {dag.py:2972} INFO - Setting next_dagrun for tutorial_etl_dag to None, run_after=None
[2022-08-22 22:17:37,664] {processor.py:161} INFO - Processing /home/airflow/.local/lib/python3.7/site-packages/airflow/example_dags/tutorial_etl_dag.py took 0.081 seconds
[2022-08-22 22:18:08,165] {processor.py:153} INFO - Started process (PID=2872) to work on /home/airflow/.local/lib/python3.7/site-packages/airflow/example_dags/tutorial_etl_dag.py
[2022-08-22 22:18:08,172] {processor.py:641} INFO - Processing file /home/airflow/.local/lib/python3.7/site-packages/airflow/example_dags/tutorial_etl_dag.py for tasks to queue
[2022-08-22 22:18:08,172] {logging_mixin.py:115} INFO - [2022-08-22 22:18:08,172] {dagbag.py:508} INFO - Filling up the DagBag from /home/airflow/.local/lib/python3.7/site-packages/airflow/example_dags/tutorial_etl_dag.py
[2022-08-22 22:18:08,177] {processor.py:651} INFO - DAG(s) dict_keys(['tutorial_etl_dag']) retrieved from /home/airflow/.local/lib/python3.7/site-packages/airflow/example_dags/tutorial_etl_dag.py
[2022-08-22 22:18:08,206] {logging_mixin.py:115} INFO - [2022-08-22 22:18:08,206] {dag.py:2420} INFO - Sync 1 DAGs
[2022-08-22 22:18:08,231] {logging_mixin.py:115} INFO - [2022-08-22 22:18:08,231] {dag.py:2972} INFO - Setting next_dagrun for tutorial_etl_dag to None, run_after=None
[2022-08-22 22:18:08,240] {processor.py:161} INFO - Processing /home/airflow/.local/lib/python3.7/site-packages/airflow/example_dags/tutorial_etl_dag.py took 0.076 seconds
[2022-08-22 22:18:38,842] {processor.py:153} INFO - Started process (PID=2933) to work on /home/airflow/.local/lib/python3.7/site-packages/airflow/example_dags/tutorial_etl_dag.py
[2022-08-22 22:18:38,845] {processor.py:641} INFO - Processing file /home/airflow/.local/lib/python3.7/site-packages/airflow/example_dags/tutorial_etl_dag.py for tasks to queue
[2022-08-22 22:18:38,846] {logging_mixin.py:115} INFO - [2022-08-22 22:18:38,846] {dagbag.py:508} INFO - Filling up the DagBag from /home/airflow/.local/lib/python3.7/site-packages/airflow/example_dags/tutorial_etl_dag.py
[2022-08-22 22:18:38,857] {processor.py:651} INFO - DAG(s) dict_keys(['tutorial_etl_dag']) retrieved from /home/airflow/.local/lib/python3.7/site-packages/airflow/example_dags/tutorial_etl_dag.py
[2022-08-22 22:18:38,887] {logging_mixin.py:115} INFO - [2022-08-22 22:18:38,887] {dag.py:2420} INFO - Sync 1 DAGs
[2022-08-22 22:18:38,907] {logging_mixin.py:115} INFO - [2022-08-22 22:18:38,907] {dag.py:2972} INFO - Setting next_dagrun for tutorial_etl_dag to None, run_after=None
[2022-08-22 22:18:38,918] {processor.py:161} INFO - Processing /home/airflow/.local/lib/python3.7/site-packages/airflow/example_dags/tutorial_etl_dag.py took 0.080 seconds
[2022-08-22 22:19:09,524] {processor.py:153} INFO - Started process (PID=2995) to work on /home/airflow/.local/lib/python3.7/site-packages/airflow/example_dags/tutorial_etl_dag.py
[2022-08-22 22:19:09,528] {processor.py:641} INFO - Processing file /home/airflow/.local/lib/python3.7/site-packages/airflow/example_dags/tutorial_etl_dag.py for tasks to queue
[2022-08-22 22:19:09,529] {logging_mixin.py:115} INFO - [2022-08-22 22:19:09,529] {dagbag.py:508} INFO - Filling up the DagBag from /home/airflow/.local/lib/python3.7/site-packages/airflow/example_dags/tutorial_etl_dag.py
[2022-08-22 22:19:09,541] {processor.py:651} INFO - DAG(s) dict_keys(['tutorial_etl_dag']) retrieved from /home/airflow/.local/lib/python3.7/site-packages/airflow/example_dags/tutorial_etl_dag.py
[2022-08-22 22:19:09,574] {logging_mixin.py:115} INFO - [2022-08-22 22:19:09,574] {dag.py:2420} INFO - Sync 1 DAGs
[2022-08-22 22:19:09,592] {logging_mixin.py:115} INFO - [2022-08-22 22:19:09,592] {dag.py:2972} INFO - Setting next_dagrun for tutorial_etl_dag to None, run_after=None
[2022-08-22 22:19:09,601] {processor.py:161} INFO - Processing /home/airflow/.local/lib/python3.7/site-packages/airflow/example_dags/tutorial_etl_dag.py took 0.081 seconds
[2022-08-22 22:19:40,250] {processor.py:153} INFO - Started process (PID=3056) to work on /home/airflow/.local/lib/python3.7/site-packages/airflow/example_dags/tutorial_etl_dag.py
[2022-08-22 22:19:40,254] {processor.py:641} INFO - Processing file /home/airflow/.local/lib/python3.7/site-packages/airflow/example_dags/tutorial_etl_dag.py for tasks to queue
[2022-08-22 22:19:40,255] {logging_mixin.py:115} INFO - [2022-08-22 22:19:40,255] {dagbag.py:508} INFO - Filling up the DagBag from /home/airflow/.local/lib/python3.7/site-packages/airflow/example_dags/tutorial_etl_dag.py
[2022-08-22 22:19:40,268] {processor.py:651} INFO - DAG(s) dict_keys(['tutorial_etl_dag']) retrieved from /home/airflow/.local/lib/python3.7/site-packages/airflow/example_dags/tutorial_etl_dag.py
[2022-08-22 22:19:40,293] {logging_mixin.py:115} INFO - [2022-08-22 22:19:40,293] {dag.py:2420} INFO - Sync 1 DAGs
[2022-08-22 22:19:40,317] {logging_mixin.py:115} INFO - [2022-08-22 22:19:40,316] {dag.py:2972} INFO - Setting next_dagrun for tutorial_etl_dag to None, run_after=None
[2022-08-22 22:19:40,328] {processor.py:161} INFO - Processing /home/airflow/.local/lib/python3.7/site-packages/airflow/example_dags/tutorial_etl_dag.py took 0.081 seconds
[2022-08-22 22:20:10,930] {processor.py:153} INFO - Started process (PID=3108) to work on /home/airflow/.local/lib/python3.7/site-packages/airflow/example_dags/tutorial_etl_dag.py
[2022-08-22 22:20:10,930] {processor.py:641} INFO - Processing file /home/airflow/.local/lib/python3.7/site-packages/airflow/example_dags/tutorial_etl_dag.py for tasks to queue
[2022-08-22 22:20:10,931] {logging_mixin.py:115} INFO - [2022-08-22 22:20:10,931] {dagbag.py:508} INFO - Filling up the DagBag from /home/airflow/.local/lib/python3.7/site-packages/airflow/example_dags/tutorial_etl_dag.py
[2022-08-22 22:20:10,940] {processor.py:651} INFO - DAG(s) dict_keys(['tutorial_etl_dag']) retrieved from /home/airflow/.local/lib/python3.7/site-packages/airflow/example_dags/tutorial_etl_dag.py
[2022-08-22 22:20:10,969] {logging_mixin.py:115} INFO - [2022-08-22 22:20:10,969] {dag.py:2420} INFO - Sync 1 DAGs
[2022-08-22 22:20:10,986] {logging_mixin.py:115} INFO - [2022-08-22 22:20:10,986] {dag.py:2972} INFO - Setting next_dagrun for tutorial_etl_dag to None, run_after=None
[2022-08-22 22:20:10,995] {processor.py:161} INFO - Processing /home/airflow/.local/lib/python3.7/site-packages/airflow/example_dags/tutorial_etl_dag.py took 0.069 seconds
[2022-08-22 22:20:41,649] {processor.py:153} INFO - Started process (PID=3169) to work on /home/airflow/.local/lib/python3.7/site-packages/airflow/example_dags/tutorial_etl_dag.py
[2022-08-22 22:20:41,652] {processor.py:641} INFO - Processing file /home/airflow/.local/lib/python3.7/site-packages/airflow/example_dags/tutorial_etl_dag.py for tasks to queue
[2022-08-22 22:20:41,653] {logging_mixin.py:115} INFO - [2022-08-22 22:20:41,653] {dagbag.py:508} INFO - Filling up the DagBag from /home/airflow/.local/lib/python3.7/site-packages/airflow/example_dags/tutorial_etl_dag.py
[2022-08-22 22:20:41,663] {processor.py:651} INFO - DAG(s) dict_keys(['tutorial_etl_dag']) retrieved from /home/airflow/.local/lib/python3.7/site-packages/airflow/example_dags/tutorial_etl_dag.py
[2022-08-22 22:20:41,690] {logging_mixin.py:115} INFO - [2022-08-22 22:20:41,690] {dag.py:2420} INFO - Sync 1 DAGs
[2022-08-22 22:20:41,709] {logging_mixin.py:115} INFO - [2022-08-22 22:20:41,709] {dag.py:2972} INFO - Setting next_dagrun for tutorial_etl_dag to None, run_after=None
[2022-08-22 22:20:41,720] {processor.py:161} INFO - Processing /home/airflow/.local/lib/python3.7/site-packages/airflow/example_dags/tutorial_etl_dag.py took 0.073 seconds
[2022-08-22 22:21:12,154] {processor.py:153} INFO - Started process (PID=3230) to work on /home/airflow/.local/lib/python3.7/site-packages/airflow/example_dags/tutorial_etl_dag.py
[2022-08-22 22:21:12,162] {processor.py:641} INFO - Processing file /home/airflow/.local/lib/python3.7/site-packages/airflow/example_dags/tutorial_etl_dag.py for tasks to queue
[2022-08-22 22:21:12,163] {logging_mixin.py:115} INFO - [2022-08-22 22:21:12,163] {dagbag.py:508} INFO - Filling up the DagBag from /home/airflow/.local/lib/python3.7/site-packages/airflow/example_dags/tutorial_etl_dag.py
[2022-08-22 22:21:12,175] {processor.py:651} INFO - DAG(s) dict_keys(['tutorial_etl_dag']) retrieved from /home/airflow/.local/lib/python3.7/site-packages/airflow/example_dags/tutorial_etl_dag.py
[2022-08-22 22:21:12,200] {logging_mixin.py:115} INFO - [2022-08-22 22:21:12,200] {dag.py:2420} INFO - Sync 1 DAGs
[2022-08-22 22:21:12,218] {logging_mixin.py:115} INFO - [2022-08-22 22:21:12,218] {dag.py:2972} INFO - Setting next_dagrun for tutorial_etl_dag to None, run_after=None
[2022-08-22 22:21:12,228] {processor.py:161} INFO - Processing /home/airflow/.local/lib/python3.7/site-packages/airflow/example_dags/tutorial_etl_dag.py took 0.078 seconds
[2022-08-22 22:21:42,746] {processor.py:153} INFO - Started process (PID=3289) to work on /home/airflow/.local/lib/python3.7/site-packages/airflow/example_dags/tutorial_etl_dag.py
[2022-08-22 22:21:42,751] {processor.py:641} INFO - Processing file /home/airflow/.local/lib/python3.7/site-packages/airflow/example_dags/tutorial_etl_dag.py for tasks to queue
[2022-08-22 22:21:42,751] {logging_mixin.py:115} INFO - [2022-08-22 22:21:42,751] {dagbag.py:508} INFO - Filling up the DagBag from /home/airflow/.local/lib/python3.7/site-packages/airflow/example_dags/tutorial_etl_dag.py
[2022-08-22 22:21:42,761] {processor.py:651} INFO - DAG(s) dict_keys(['tutorial_etl_dag']) retrieved from /home/airflow/.local/lib/python3.7/site-packages/airflow/example_dags/tutorial_etl_dag.py
[2022-08-22 22:21:42,793] {logging_mixin.py:115} INFO - [2022-08-22 22:21:42,793] {dag.py:2420} INFO - Sync 1 DAGs
[2022-08-22 22:21:42,814] {logging_mixin.py:115} INFO - [2022-08-22 22:21:42,814] {dag.py:2972} INFO - Setting next_dagrun for tutorial_etl_dag to None, run_after=None
[2022-08-22 22:21:42,827] {processor.py:161} INFO - Processing /home/airflow/.local/lib/python3.7/site-packages/airflow/example_dags/tutorial_etl_dag.py took 0.085 seconds
[2022-08-22 22:22:13,442] {processor.py:153} INFO - Started process (PID=3343) to work on /home/airflow/.local/lib/python3.7/site-packages/airflow/example_dags/tutorial_etl_dag.py
[2022-08-22 22:22:13,443] {processor.py:641} INFO - Processing file /home/airflow/.local/lib/python3.7/site-packages/airflow/example_dags/tutorial_etl_dag.py for tasks to queue
[2022-08-22 22:22:13,444] {logging_mixin.py:115} INFO - [2022-08-22 22:22:13,444] {dagbag.py:508} INFO - Filling up the DagBag from /home/airflow/.local/lib/python3.7/site-packages/airflow/example_dags/tutorial_etl_dag.py
[2022-08-22 22:22:13,453] {processor.py:651} INFO - DAG(s) dict_keys(['tutorial_etl_dag']) retrieved from /home/airflow/.local/lib/python3.7/site-packages/airflow/example_dags/tutorial_etl_dag.py
[2022-08-22 22:22:13,478] {logging_mixin.py:115} INFO - [2022-08-22 22:22:13,478] {dag.py:2420} INFO - Sync 1 DAGs
[2022-08-22 22:22:13,498] {logging_mixin.py:115} INFO - [2022-08-22 22:22:13,498] {dag.py:2972} INFO - Setting next_dagrun for tutorial_etl_dag to None, run_after=None
[2022-08-22 22:22:13,508] {processor.py:161} INFO - Processing /home/airflow/.local/lib/python3.7/site-packages/airflow/example_dags/tutorial_etl_dag.py took 0.071 seconds
[2022-08-22 22:22:44,109] {processor.py:153} INFO - Started process (PID=3404) to work on /home/airflow/.local/lib/python3.7/site-packages/airflow/example_dags/tutorial_etl_dag.py
[2022-08-22 22:22:44,110] {processor.py:641} INFO - Processing file /home/airflow/.local/lib/python3.7/site-packages/airflow/example_dags/tutorial_etl_dag.py for tasks to queue
[2022-08-22 22:22:44,111] {logging_mixin.py:115} INFO - [2022-08-22 22:22:44,110] {dagbag.py:508} INFO - Filling up the DagBag from /home/airflow/.local/lib/python3.7/site-packages/airflow/example_dags/tutorial_etl_dag.py
[2022-08-22 22:22:44,120] {processor.py:651} INFO - DAG(s) dict_keys(['tutorial_etl_dag']) retrieved from /home/airflow/.local/lib/python3.7/site-packages/airflow/example_dags/tutorial_etl_dag.py
[2022-08-22 22:22:44,155] {logging_mixin.py:115} INFO - [2022-08-22 22:22:44,155] {dag.py:2420} INFO - Sync 1 DAGs
[2022-08-22 22:22:44,193] {logging_mixin.py:115} INFO - [2022-08-22 22:22:44,193] {dag.py:2972} INFO - Setting next_dagrun for tutorial_etl_dag to None, run_after=None
[2022-08-22 22:22:44,210] {processor.py:161} INFO - Processing /home/airflow/.local/lib/python3.7/site-packages/airflow/example_dags/tutorial_etl_dag.py took 0.103 seconds
[2022-08-22 22:23:14,733] {processor.py:153} INFO - Started process (PID=3465) to work on /home/airflow/.local/lib/python3.7/site-packages/airflow/example_dags/tutorial_etl_dag.py
[2022-08-22 22:23:14,738] {processor.py:641} INFO - Processing file /home/airflow/.local/lib/python3.7/site-packages/airflow/example_dags/tutorial_etl_dag.py for tasks to queue
[2022-08-22 22:23:14,739] {logging_mixin.py:115} INFO - [2022-08-22 22:23:14,739] {dagbag.py:508} INFO - Filling up the DagBag from /home/airflow/.local/lib/python3.7/site-packages/airflow/example_dags/tutorial_etl_dag.py
[2022-08-22 22:23:14,749] {processor.py:651} INFO - DAG(s) dict_keys(['tutorial_etl_dag']) retrieved from /home/airflow/.local/lib/python3.7/site-packages/airflow/example_dags/tutorial_etl_dag.py
[2022-08-22 22:23:14,772] {logging_mixin.py:115} INFO - [2022-08-22 22:23:14,772] {dag.py:2420} INFO - Sync 1 DAGs
[2022-08-22 22:23:14,790] {logging_mixin.py:115} INFO - [2022-08-22 22:23:14,790] {dag.py:2972} INFO - Setting next_dagrun for tutorial_etl_dag to None, run_after=None
[2022-08-22 22:23:14,800] {processor.py:161} INFO - Processing /home/airflow/.local/lib/python3.7/site-packages/airflow/example_dags/tutorial_etl_dag.py took 0.071 seconds
[2022-08-22 22:23:45,459] {processor.py:153} INFO - Started process (PID=3517) to work on /home/airflow/.local/lib/python3.7/site-packages/airflow/example_dags/tutorial_etl_dag.py
[2022-08-22 22:23:45,463] {processor.py:641} INFO - Processing file /home/airflow/.local/lib/python3.7/site-packages/airflow/example_dags/tutorial_etl_dag.py for tasks to queue
[2022-08-22 22:23:45,464] {logging_mixin.py:115} INFO - [2022-08-22 22:23:45,463] {dagbag.py:508} INFO - Filling up the DagBag from /home/airflow/.local/lib/python3.7/site-packages/airflow/example_dags/tutorial_etl_dag.py
[2022-08-22 22:23:45,472] {processor.py:651} INFO - DAG(s) dict_keys(['tutorial_etl_dag']) retrieved from /home/airflow/.local/lib/python3.7/site-packages/airflow/example_dags/tutorial_etl_dag.py
[2022-08-22 22:23:45,507] {logging_mixin.py:115} INFO - [2022-08-22 22:23:45,507] {dag.py:2420} INFO - Sync 1 DAGs
[2022-08-22 22:23:45,539] {logging_mixin.py:115} INFO - [2022-08-22 22:23:45,539] {dag.py:2972} INFO - Setting next_dagrun for tutorial_etl_dag to None, run_after=None
[2022-08-22 22:23:45,550] {processor.py:161} INFO - Processing /home/airflow/.local/lib/python3.7/site-packages/airflow/example_dags/tutorial_etl_dag.py took 0.093 seconds
[2022-08-22 22:24:16,208] {processor.py:153} INFO - Started process (PID=3578) to work on /home/airflow/.local/lib/python3.7/site-packages/airflow/example_dags/tutorial_etl_dag.py
[2022-08-22 22:24:16,215] {processor.py:641} INFO - Processing file /home/airflow/.local/lib/python3.7/site-packages/airflow/example_dags/tutorial_etl_dag.py for tasks to queue
[2022-08-22 22:24:16,216] {logging_mixin.py:115} INFO - [2022-08-22 22:24:16,216] {dagbag.py:508} INFO - Filling up the DagBag from /home/airflow/.local/lib/python3.7/site-packages/airflow/example_dags/tutorial_etl_dag.py
[2022-08-22 22:24:16,225] {processor.py:651} INFO - DAG(s) dict_keys(['tutorial_etl_dag']) retrieved from /home/airflow/.local/lib/python3.7/site-packages/airflow/example_dags/tutorial_etl_dag.py
[2022-08-22 22:24:16,258] {logging_mixin.py:115} INFO - [2022-08-22 22:24:16,258] {dag.py:2420} INFO - Sync 1 DAGs
[2022-08-22 22:24:16,286] {logging_mixin.py:115} INFO - [2022-08-22 22:24:16,286] {dag.py:2972} INFO - Setting next_dagrun for tutorial_etl_dag to None, run_after=None
[2022-08-22 22:24:16,297] {processor.py:161} INFO - Processing /home/airflow/.local/lib/python3.7/site-packages/airflow/example_dags/tutorial_etl_dag.py took 0.093 seconds
[2022-08-22 22:24:46,935] {processor.py:153} INFO - Started process (PID=3639) to work on /home/airflow/.local/lib/python3.7/site-packages/airflow/example_dags/tutorial_etl_dag.py
[2022-08-22 22:24:46,936] {processor.py:641} INFO - Processing file /home/airflow/.local/lib/python3.7/site-packages/airflow/example_dags/tutorial_etl_dag.py for tasks to queue
[2022-08-22 22:24:46,937] {logging_mixin.py:115} INFO - [2022-08-22 22:24:46,937] {dagbag.py:508} INFO - Filling up the DagBag from /home/airflow/.local/lib/python3.7/site-packages/airflow/example_dags/tutorial_etl_dag.py
[2022-08-22 22:24:46,945] {processor.py:651} INFO - DAG(s) dict_keys(['tutorial_etl_dag']) retrieved from /home/airflow/.local/lib/python3.7/site-packages/airflow/example_dags/tutorial_etl_dag.py
[2022-08-22 22:24:46,974] {logging_mixin.py:115} INFO - [2022-08-22 22:24:46,974] {dag.py:2420} INFO - Sync 1 DAGs
[2022-08-22 22:24:46,991] {logging_mixin.py:115} INFO - [2022-08-22 22:24:46,991] {dag.py:2972} INFO - Setting next_dagrun for tutorial_etl_dag to None, run_after=None
[2022-08-22 22:24:47,000] {processor.py:161} INFO - Processing /home/airflow/.local/lib/python3.7/site-packages/airflow/example_dags/tutorial_etl_dag.py took 0.070 seconds
[2022-08-22 22:25:17,573] {processor.py:153} INFO - Started process (PID=3700) to work on /home/airflow/.local/lib/python3.7/site-packages/airflow/example_dags/tutorial_etl_dag.py
[2022-08-22 22:25:17,580] {processor.py:641} INFO - Processing file /home/airflow/.local/lib/python3.7/site-packages/airflow/example_dags/tutorial_etl_dag.py for tasks to queue
[2022-08-22 22:25:17,581] {logging_mixin.py:115} INFO - [2022-08-22 22:25:17,581] {dagbag.py:508} INFO - Filling up the DagBag from /home/airflow/.local/lib/python3.7/site-packages/airflow/example_dags/tutorial_etl_dag.py
[2022-08-22 22:25:17,586] {processor.py:651} INFO - DAG(s) dict_keys(['tutorial_etl_dag']) retrieved from /home/airflow/.local/lib/python3.7/site-packages/airflow/example_dags/tutorial_etl_dag.py
[2022-08-22 22:25:17,617] {logging_mixin.py:115} INFO - [2022-08-22 22:25:17,617] {dag.py:2420} INFO - Sync 1 DAGs
[2022-08-22 22:25:17,643] {logging_mixin.py:115} INFO - [2022-08-22 22:25:17,643] {dag.py:2972} INFO - Setting next_dagrun for tutorial_etl_dag to None, run_after=None
[2022-08-22 22:25:17,653] {processor.py:161} INFO - Processing /home/airflow/.local/lib/python3.7/site-packages/airflow/example_dags/tutorial_etl_dag.py took 0.082 seconds
[2022-08-22 22:25:48,272] {processor.py:153} INFO - Started process (PID=3752) to work on /home/airflow/.local/lib/python3.7/site-packages/airflow/example_dags/tutorial_etl_dag.py
[2022-08-22 22:25:48,273] {processor.py:641} INFO - Processing file /home/airflow/.local/lib/python3.7/site-packages/airflow/example_dags/tutorial_etl_dag.py for tasks to queue
[2022-08-22 22:25:48,274] {logging_mixin.py:115} INFO - [2022-08-22 22:25:48,274] {dagbag.py:508} INFO - Filling up the DagBag from /home/airflow/.local/lib/python3.7/site-packages/airflow/example_dags/tutorial_etl_dag.py
[2022-08-22 22:25:48,286] {processor.py:651} INFO - DAG(s) dict_keys(['tutorial_etl_dag']) retrieved from /home/airflow/.local/lib/python3.7/site-packages/airflow/example_dags/tutorial_etl_dag.py
[2022-08-22 22:25:48,310] {logging_mixin.py:115} INFO - [2022-08-22 22:25:48,310] {dag.py:2420} INFO - Sync 1 DAGs
[2022-08-22 22:25:48,329] {logging_mixin.py:115} INFO - [2022-08-22 22:25:48,328] {dag.py:2972} INFO - Setting next_dagrun for tutorial_etl_dag to None, run_after=None
[2022-08-22 22:25:48,338] {processor.py:161} INFO - Processing /home/airflow/.local/lib/python3.7/site-packages/airflow/example_dags/tutorial_etl_dag.py took 0.071 seconds
[2022-08-22 22:26:18,927] {processor.py:153} INFO - Started process (PID=3813) to work on /home/airflow/.local/lib/python3.7/site-packages/airflow/example_dags/tutorial_etl_dag.py
[2022-08-22 22:26:18,933] {processor.py:641} INFO - Processing file /home/airflow/.local/lib/python3.7/site-packages/airflow/example_dags/tutorial_etl_dag.py for tasks to queue
[2022-08-22 22:26:18,933] {logging_mixin.py:115} INFO - [2022-08-22 22:26:18,933] {dagbag.py:508} INFO - Filling up the DagBag from /home/airflow/.local/lib/python3.7/site-packages/airflow/example_dags/tutorial_etl_dag.py
[2022-08-22 22:26:18,942] {processor.py:651} INFO - DAG(s) dict_keys(['tutorial_etl_dag']) retrieved from /home/airflow/.local/lib/python3.7/site-packages/airflow/example_dags/tutorial_etl_dag.py
[2022-08-22 22:26:18,970] {logging_mixin.py:115} INFO - [2022-08-22 22:26:18,970] {dag.py:2420} INFO - Sync 1 DAGs
[2022-08-22 22:26:18,988] {logging_mixin.py:115} INFO - [2022-08-22 22:26:18,988] {dag.py:2972} INFO - Setting next_dagrun for tutorial_etl_dag to None, run_after=None
[2022-08-22 22:26:18,998] {processor.py:161} INFO - Processing /home/airflow/.local/lib/python3.7/site-packages/airflow/example_dags/tutorial_etl_dag.py took 0.074 seconds
[2022-08-22 22:26:49,596] {processor.py:153} INFO - Started process (PID=3874) to work on /home/airflow/.local/lib/python3.7/site-packages/airflow/example_dags/tutorial_etl_dag.py
[2022-08-22 22:26:49,599] {processor.py:641} INFO - Processing file /home/airflow/.local/lib/python3.7/site-packages/airflow/example_dags/tutorial_etl_dag.py for tasks to queue
[2022-08-22 22:26:49,600] {logging_mixin.py:115} INFO - [2022-08-22 22:26:49,599] {dagbag.py:508} INFO - Filling up the DagBag from /home/airflow/.local/lib/python3.7/site-packages/airflow/example_dags/tutorial_etl_dag.py
[2022-08-22 22:26:49,611] {processor.py:651} INFO - DAG(s) dict_keys(['tutorial_etl_dag']) retrieved from /home/airflow/.local/lib/python3.7/site-packages/airflow/example_dags/tutorial_etl_dag.py
[2022-08-22 22:26:49,637] {logging_mixin.py:115} INFO - [2022-08-22 22:26:49,637] {dag.py:2420} INFO - Sync 1 DAGs
[2022-08-22 22:26:49,656] {logging_mixin.py:115} INFO - [2022-08-22 22:26:49,656] {dag.py:2972} INFO - Setting next_dagrun for tutorial_etl_dag to None, run_after=None
[2022-08-22 22:26:49,666] {processor.py:161} INFO - Processing /home/airflow/.local/lib/python3.7/site-packages/airflow/example_dags/tutorial_etl_dag.py took 0.074 seconds
[2022-08-22 22:27:20,361] {processor.py:153} INFO - Started process (PID=3935) to work on /home/airflow/.local/lib/python3.7/site-packages/airflow/example_dags/tutorial_etl_dag.py
[2022-08-22 22:27:20,368] {processor.py:641} INFO - Processing file /home/airflow/.local/lib/python3.7/site-packages/airflow/example_dags/tutorial_etl_dag.py for tasks to queue
[2022-08-22 22:27:20,368] {logging_mixin.py:115} INFO - [2022-08-22 22:27:20,368] {dagbag.py:508} INFO - Filling up the DagBag from /home/airflow/.local/lib/python3.7/site-packages/airflow/example_dags/tutorial_etl_dag.py
[2022-08-22 22:27:20,379] {processor.py:651} INFO - DAG(s) dict_keys(['tutorial_etl_dag']) retrieved from /home/airflow/.local/lib/python3.7/site-packages/airflow/example_dags/tutorial_etl_dag.py
[2022-08-22 22:27:20,403] {logging_mixin.py:115} INFO - [2022-08-22 22:27:20,403] {dag.py:2420} INFO - Sync 1 DAGs
[2022-08-22 22:27:20,422] {logging_mixin.py:115} INFO - [2022-08-22 22:27:20,422] {dag.py:2972} INFO - Setting next_dagrun for tutorial_etl_dag to None, run_after=None
[2022-08-22 22:27:20,432] {processor.py:161} INFO - Processing /home/airflow/.local/lib/python3.7/site-packages/airflow/example_dags/tutorial_etl_dag.py took 0.073 seconds
[2022-08-22 22:27:51,212] {processor.py:153} INFO - Started process (PID=3987) to work on /home/airflow/.local/lib/python3.7/site-packages/airflow/example_dags/tutorial_etl_dag.py
[2022-08-22 22:27:51,213] {processor.py:641} INFO - Processing file /home/airflow/.local/lib/python3.7/site-packages/airflow/example_dags/tutorial_etl_dag.py for tasks to queue
[2022-08-22 22:27:51,214] {logging_mixin.py:115} INFO - [2022-08-22 22:27:51,214] {dagbag.py:508} INFO - Filling up the DagBag from /home/airflow/.local/lib/python3.7/site-packages/airflow/example_dags/tutorial_etl_dag.py
[2022-08-22 22:27:51,225] {processor.py:651} INFO - DAG(s) dict_keys(['tutorial_etl_dag']) retrieved from /home/airflow/.local/lib/python3.7/site-packages/airflow/example_dags/tutorial_etl_dag.py
[2022-08-22 22:27:51,266] {logging_mixin.py:115} INFO - [2022-08-22 22:27:51,266] {dag.py:2420} INFO - Sync 1 DAGs
[2022-08-22 22:27:51,288] {logging_mixin.py:115} INFO - [2022-08-22 22:27:51,288] {dag.py:2972} INFO - Setting next_dagrun for tutorial_etl_dag to None, run_after=None
[2022-08-22 22:27:51,299] {processor.py:161} INFO - Processing /home/airflow/.local/lib/python3.7/site-packages/airflow/example_dags/tutorial_etl_dag.py took 0.092 seconds
[2022-08-22 22:28:21,739] {processor.py:153} INFO - Started process (PID=4048) to work on /home/airflow/.local/lib/python3.7/site-packages/airflow/example_dags/tutorial_etl_dag.py
[2022-08-22 22:28:21,746] {processor.py:641} INFO - Processing file /home/airflow/.local/lib/python3.7/site-packages/airflow/example_dags/tutorial_etl_dag.py for tasks to queue
[2022-08-22 22:28:21,747] {logging_mixin.py:115} INFO - [2022-08-22 22:28:21,747] {dagbag.py:508} INFO - Filling up the DagBag from /home/airflow/.local/lib/python3.7/site-packages/airflow/example_dags/tutorial_etl_dag.py
[2022-08-22 22:28:21,752] {processor.py:651} INFO - DAG(s) dict_keys(['tutorial_etl_dag']) retrieved from /home/airflow/.local/lib/python3.7/site-packages/airflow/example_dags/tutorial_etl_dag.py
[2022-08-22 22:28:21,775] {logging_mixin.py:115} INFO - [2022-08-22 22:28:21,775] {dag.py:2420} INFO - Sync 1 DAGs
[2022-08-22 22:28:21,796] {logging_mixin.py:115} INFO - [2022-08-22 22:28:21,796] {dag.py:2972} INFO - Setting next_dagrun for tutorial_etl_dag to None, run_after=None
[2022-08-22 22:28:21,809] {processor.py:161} INFO - Processing /home/airflow/.local/lib/python3.7/site-packages/airflow/example_dags/tutorial_etl_dag.py took 0.072 seconds
