[2022-08-23 11:59:30,287] {processor.py:153} INFO - Started process (PID=70) to work on /home/airflow/.local/lib/python3.7/site-packages/airflow/example_dags/example_latest_only.py
[2022-08-23 11:59:30,287] {processor.py:641} INFO - Processing file /home/airflow/.local/lib/python3.7/site-packages/airflow/example_dags/example_latest_only.py for tasks to queue
[2022-08-23 11:59:30,287] {logging_mixin.py:115} INFO - [2022-08-23 11:59:30,287] {dagbag.py:508} INFO - Filling up the DagBag from /home/airflow/.local/lib/python3.7/site-packages/airflow/example_dags/example_latest_only.py
[2022-08-23 11:59:30,290] {processor.py:651} INFO - DAG(s) dict_keys(['latest_only']) retrieved from /home/airflow/.local/lib/python3.7/site-packages/airflow/example_dags/example_latest_only.py
[2022-08-23 11:59:30,317] {logging_mixin.py:115} INFO - [2022-08-23 11:59:30,316] {dag.py:2420} INFO - Sync 1 DAGs
[2022-08-23 11:59:30,435] {logging_mixin.py:115} INFO - [2022-08-23 11:59:30,435] {dag.py:2972} INFO - Setting next_dagrun for latest_only to 2022-08-23T07:59:30.435468+00:00, run_after=2022-08-23T11:59:30.435468+00:00
[2022-08-23 11:59:30,445] {processor.py:161} INFO - Processing /home/airflow/.local/lib/python3.7/site-packages/airflow/example_dags/example_latest_only.py took 0.161 seconds
[2022-08-23 12:00:01,336] {processor.py:153} INFO - Started process (PID=131) to work on /home/airflow/.local/lib/python3.7/site-packages/airflow/example_dags/example_latest_only.py
[2022-08-23 12:00:01,337] {processor.py:641} INFO - Processing file /home/airflow/.local/lib/python3.7/site-packages/airflow/example_dags/example_latest_only.py for tasks to queue
[2022-08-23 12:00:01,338] {logging_mixin.py:115} INFO - [2022-08-23 12:00:01,337] {dagbag.py:508} INFO - Filling up the DagBag from /home/airflow/.local/lib/python3.7/site-packages/airflow/example_dags/example_latest_only.py
[2022-08-23 12:00:01,344] {processor.py:651} INFO - DAG(s) dict_keys(['latest_only']) retrieved from /home/airflow/.local/lib/python3.7/site-packages/airflow/example_dags/example_latest_only.py
[2022-08-23 12:00:01,379] {logging_mixin.py:115} INFO - [2022-08-23 12:00:01,379] {dag.py:2420} INFO - Sync 1 DAGs
[2022-08-23 12:00:01,495] {logging_mixin.py:115} INFO - [2022-08-23 12:00:01,495] {dag.py:2972} INFO - Setting next_dagrun for latest_only to 2022-08-23T08:00:01.495585+00:00, run_after=2022-08-23T12:00:01.495585+00:00
[2022-08-23 12:00:01,505] {processor.py:161} INFO - Processing /home/airflow/.local/lib/python3.7/site-packages/airflow/example_dags/example_latest_only.py took 0.173 seconds
[2022-08-23 12:00:32,341] {processor.py:153} INFO - Started process (PID=192) to work on /home/airflow/.local/lib/python3.7/site-packages/airflow/example_dags/example_latest_only.py
[2022-08-23 12:00:32,342] {processor.py:641} INFO - Processing file /home/airflow/.local/lib/python3.7/site-packages/airflow/example_dags/example_latest_only.py for tasks to queue
[2022-08-23 12:00:32,342] {logging_mixin.py:115} INFO - [2022-08-23 12:00:32,342] {dagbag.py:508} INFO - Filling up the DagBag from /home/airflow/.local/lib/python3.7/site-packages/airflow/example_dags/example_latest_only.py
[2022-08-23 12:00:32,346] {processor.py:651} INFO - DAG(s) dict_keys(['latest_only']) retrieved from /home/airflow/.local/lib/python3.7/site-packages/airflow/example_dags/example_latest_only.py
[2022-08-23 12:00:32,370] {logging_mixin.py:115} INFO - [2022-08-23 12:00:32,370] {dag.py:2420} INFO - Sync 1 DAGs
[2022-08-23 12:00:32,514] {logging_mixin.py:115} INFO - [2022-08-23 12:00:32,513] {dag.py:2972} INFO - Setting next_dagrun for latest_only to 2022-08-23T08:00:32.513368+00:00, run_after=2022-08-23T12:00:32.513368+00:00
[2022-08-23 12:00:32,525] {processor.py:161} INFO - Processing /home/airflow/.local/lib/python3.7/site-packages/airflow/example_dags/example_latest_only.py took 0.186 seconds
[2022-08-23 12:01:02,738] {processor.py:153} INFO - Started process (PID=244) to work on /home/airflow/.local/lib/python3.7/site-packages/airflow/example_dags/example_latest_only.py
[2022-08-23 12:01:02,739] {processor.py:641} INFO - Processing file /home/airflow/.local/lib/python3.7/site-packages/airflow/example_dags/example_latest_only.py for tasks to queue
[2022-08-23 12:01:02,739] {logging_mixin.py:115} INFO - [2022-08-23 12:01:02,739] {dagbag.py:508} INFO - Filling up the DagBag from /home/airflow/.local/lib/python3.7/site-packages/airflow/example_dags/example_latest_only.py
[2022-08-23 12:01:02,744] {processor.py:651} INFO - DAG(s) dict_keys(['latest_only']) retrieved from /home/airflow/.local/lib/python3.7/site-packages/airflow/example_dags/example_latest_only.py
[2022-08-23 12:01:02,764] {logging_mixin.py:115} INFO - [2022-08-23 12:01:02,764] {dag.py:2420} INFO - Sync 1 DAGs
[2022-08-23 12:01:02,919] {logging_mixin.py:115} INFO - [2022-08-23 12:01:02,919] {dag.py:2972} INFO - Setting next_dagrun for latest_only to 2022-08-23T08:01:02.919008+00:00, run_after=2022-08-23T12:01:02.919008+00:00
[2022-08-23 12:01:02,935] {processor.py:161} INFO - Processing /home/airflow/.local/lib/python3.7/site-packages/airflow/example_dags/example_latest_only.py took 0.201 seconds
[2022-08-23 12:01:34,020] {processor.py:153} INFO - Started process (PID=305) to work on /home/airflow/.local/lib/python3.7/site-packages/airflow/example_dags/example_latest_only.py
[2022-08-23 12:01:34,020] {processor.py:641} INFO - Processing file /home/airflow/.local/lib/python3.7/site-packages/airflow/example_dags/example_latest_only.py for tasks to queue
[2022-08-23 12:01:34,021] {logging_mixin.py:115} INFO - [2022-08-23 12:01:34,020] {dagbag.py:508} INFO - Filling up the DagBag from /home/airflow/.local/lib/python3.7/site-packages/airflow/example_dags/example_latest_only.py
[2022-08-23 12:01:34,024] {processor.py:651} INFO - DAG(s) dict_keys(['latest_only']) retrieved from /home/airflow/.local/lib/python3.7/site-packages/airflow/example_dags/example_latest_only.py
[2022-08-23 12:01:34,052] {logging_mixin.py:115} INFO - [2022-08-23 12:01:34,052] {dag.py:2420} INFO - Sync 1 DAGs
[2022-08-23 12:01:34,289] {logging_mixin.py:115} INFO - [2022-08-23 12:01:34,289] {dag.py:2972} INFO - Setting next_dagrun for latest_only to 2022-08-23T08:01:34.289496+00:00, run_after=2022-08-23T12:01:34.289496+00:00
[2022-08-23 12:01:34,302] {processor.py:161} INFO - Processing /home/airflow/.local/lib/python3.7/site-packages/airflow/example_dags/example_latest_only.py took 0.285 seconds
[2022-08-23 12:02:10,054] {processor.py:153} INFO - Started process (PID=365) to work on /home/airflow/.local/lib/python3.7/site-packages/airflow/example_dags/example_latest_only.py
[2022-08-23 12:02:10,056] {processor.py:641} INFO - Processing file /home/airflow/.local/lib/python3.7/site-packages/airflow/example_dags/example_latest_only.py for tasks to queue
[2022-08-23 12:02:10,057] {logging_mixin.py:115} INFO - [2022-08-23 12:02:10,056] {dagbag.py:508} INFO - Filling up the DagBag from /home/airflow/.local/lib/python3.7/site-packages/airflow/example_dags/example_latest_only.py
[2022-08-23 12:02:10,071] {processor.py:651} INFO - DAG(s) dict_keys(['latest_only']) retrieved from /home/airflow/.local/lib/python3.7/site-packages/airflow/example_dags/example_latest_only.py
[2022-08-23 12:02:10,129] {logging_mixin.py:115} INFO - [2022-08-23 12:02:10,129] {dag.py:2420} INFO - Sync 1 DAGs
[2022-08-23 12:02:10,523] {logging_mixin.py:115} INFO - [2022-08-23 12:02:10,523] {dag.py:2972} INFO - Setting next_dagrun for latest_only to 2022-08-23T08:02:10.522764+00:00, run_after=2022-08-23T12:02:10.522764+00:00
[2022-08-23 12:02:10,560] {processor.py:161} INFO - Processing /home/airflow/.local/lib/python3.7/site-packages/airflow/example_dags/example_latest_only.py took 0.515 seconds
[2022-08-23 12:02:40,632] {processor.py:153} INFO - Started process (PID=417) to work on /home/airflow/.local/lib/python3.7/site-packages/airflow/example_dags/example_latest_only.py
[2022-08-23 12:02:40,633] {processor.py:641} INFO - Processing file /home/airflow/.local/lib/python3.7/site-packages/airflow/example_dags/example_latest_only.py for tasks to queue
[2022-08-23 12:02:40,633] {logging_mixin.py:115} INFO - [2022-08-23 12:02:40,633] {dagbag.py:508} INFO - Filling up the DagBag from /home/airflow/.local/lib/python3.7/site-packages/airflow/example_dags/example_latest_only.py
[2022-08-23 12:02:40,638] {processor.py:651} INFO - DAG(s) dict_keys(['latest_only']) retrieved from /home/airflow/.local/lib/python3.7/site-packages/airflow/example_dags/example_latest_only.py
[2022-08-23 12:02:40,674] {logging_mixin.py:115} INFO - [2022-08-23 12:02:40,674] {dag.py:2420} INFO - Sync 1 DAGs
[2022-08-23 12:02:40,833] {logging_mixin.py:115} INFO - [2022-08-23 12:02:40,833] {dag.py:2972} INFO - Setting next_dagrun for latest_only to 2022-08-23T08:02:40.833343+00:00, run_after=2022-08-23T12:02:40.833343+00:00
[2022-08-23 12:02:40,842] {processor.py:161} INFO - Processing /home/airflow/.local/lib/python3.7/site-packages/airflow/example_dags/example_latest_only.py took 0.212 seconds
[2022-08-23 12:03:11,050] {processor.py:153} INFO - Started process (PID=478) to work on /home/airflow/.local/lib/python3.7/site-packages/airflow/example_dags/example_latest_only.py
[2022-08-23 12:03:11,051] {processor.py:641} INFO - Processing file /home/airflow/.local/lib/python3.7/site-packages/airflow/example_dags/example_latest_only.py for tasks to queue
[2022-08-23 12:03:11,052] {logging_mixin.py:115} INFO - [2022-08-23 12:03:11,051] {dagbag.py:508} INFO - Filling up the DagBag from /home/airflow/.local/lib/python3.7/site-packages/airflow/example_dags/example_latest_only.py
[2022-08-23 12:03:11,056] {processor.py:651} INFO - DAG(s) dict_keys(['latest_only']) retrieved from /home/airflow/.local/lib/python3.7/site-packages/airflow/example_dags/example_latest_only.py
[2022-08-23 12:03:11,080] {logging_mixin.py:115} INFO - [2022-08-23 12:03:11,080] {dag.py:2420} INFO - Sync 1 DAGs
[2022-08-23 12:03:11,265] {logging_mixin.py:115} INFO - [2022-08-23 12:03:11,265] {dag.py:2972} INFO - Setting next_dagrun for latest_only to 2022-08-23T08:03:11.265660+00:00, run_after=2022-08-23T12:03:11.265660+00:00
[2022-08-23 12:03:11,278] {processor.py:161} INFO - Processing /home/airflow/.local/lib/python3.7/site-packages/airflow/example_dags/example_latest_only.py took 0.231 seconds
[2022-08-23 12:03:41,576] {processor.py:153} INFO - Started process (PID=539) to work on /home/airflow/.local/lib/python3.7/site-packages/airflow/example_dags/example_latest_only.py
[2022-08-23 12:03:41,577] {processor.py:641} INFO - Processing file /home/airflow/.local/lib/python3.7/site-packages/airflow/example_dags/example_latest_only.py for tasks to queue
[2022-08-23 12:03:41,577] {logging_mixin.py:115} INFO - [2022-08-23 12:03:41,577] {dagbag.py:508} INFO - Filling up the DagBag from /home/airflow/.local/lib/python3.7/site-packages/airflow/example_dags/example_latest_only.py
[2022-08-23 12:03:41,583] {processor.py:651} INFO - DAG(s) dict_keys(['latest_only']) retrieved from /home/airflow/.local/lib/python3.7/site-packages/airflow/example_dags/example_latest_only.py
[2022-08-23 12:03:41,606] {logging_mixin.py:115} INFO - [2022-08-23 12:03:41,606] {dag.py:2420} INFO - Sync 1 DAGs
[2022-08-23 12:03:41,785] {logging_mixin.py:115} INFO - [2022-08-23 12:03:41,785] {dag.py:2972} INFO - Setting next_dagrun for latest_only to 2022-08-23T08:03:41.785592+00:00, run_after=2022-08-23T12:03:41.785592+00:00
[2022-08-23 12:03:41,795] {processor.py:161} INFO - Processing /home/airflow/.local/lib/python3.7/site-packages/airflow/example_dags/example_latest_only.py took 0.221 seconds
[2022-08-23 12:04:11,987] {processor.py:153} INFO - Started process (PID=591) to work on /home/airflow/.local/lib/python3.7/site-packages/airflow/example_dags/example_latest_only.py
[2022-08-23 12:04:11,988] {processor.py:641} INFO - Processing file /home/airflow/.local/lib/python3.7/site-packages/airflow/example_dags/example_latest_only.py for tasks to queue
[2022-08-23 12:04:11,988] {logging_mixin.py:115} INFO - [2022-08-23 12:04:11,988] {dagbag.py:508} INFO - Filling up the DagBag from /home/airflow/.local/lib/python3.7/site-packages/airflow/example_dags/example_latest_only.py
[2022-08-23 12:04:11,992] {processor.py:651} INFO - DAG(s) dict_keys(['latest_only']) retrieved from /home/airflow/.local/lib/python3.7/site-packages/airflow/example_dags/example_latest_only.py
[2022-08-23 12:04:12,020] {logging_mixin.py:115} INFO - [2022-08-23 12:04:12,019] {dag.py:2420} INFO - Sync 1 DAGs
[2022-08-23 12:04:12,200] {logging_mixin.py:115} INFO - [2022-08-23 12:04:12,199] {dag.py:2972} INFO - Setting next_dagrun for latest_only to 2022-08-23T08:04:12.199708+00:00, run_after=2022-08-23T12:04:12.199708+00:00
[2022-08-23 12:04:12,214] {processor.py:161} INFO - Processing /home/airflow/.local/lib/python3.7/site-packages/airflow/example_dags/example_latest_only.py took 0.229 seconds
[2022-08-23 12:04:43,005] {processor.py:153} INFO - Started process (PID=652) to work on /home/airflow/.local/lib/python3.7/site-packages/airflow/example_dags/example_latest_only.py
[2022-08-23 12:04:43,006] {processor.py:641} INFO - Processing file /home/airflow/.local/lib/python3.7/site-packages/airflow/example_dags/example_latest_only.py for tasks to queue
[2022-08-23 12:04:43,006] {logging_mixin.py:115} INFO - [2022-08-23 12:04:43,006] {dagbag.py:508} INFO - Filling up the DagBag from /home/airflow/.local/lib/python3.7/site-packages/airflow/example_dags/example_latest_only.py
[2022-08-23 12:04:43,013] {processor.py:651} INFO - DAG(s) dict_keys(['latest_only']) retrieved from /home/airflow/.local/lib/python3.7/site-packages/airflow/example_dags/example_latest_only.py
[2022-08-23 12:04:43,043] {logging_mixin.py:115} INFO - [2022-08-23 12:04:43,043] {dag.py:2420} INFO - Sync 1 DAGs
[2022-08-23 12:04:43,241] {logging_mixin.py:115} INFO - [2022-08-23 12:04:43,241] {dag.py:2972} INFO - Setting next_dagrun for latest_only to 2022-08-23T08:04:43.240879+00:00, run_after=2022-08-23T12:04:43.240879+00:00
[2022-08-23 12:04:43,253] {processor.py:161} INFO - Processing /home/airflow/.local/lib/python3.7/site-packages/airflow/example_dags/example_latest_only.py took 0.252 seconds
[2022-08-23 12:05:13,345] {processor.py:153} INFO - Started process (PID=704) to work on /home/airflow/.local/lib/python3.7/site-packages/airflow/example_dags/example_latest_only.py
[2022-08-23 12:05:13,346] {processor.py:641} INFO - Processing file /home/airflow/.local/lib/python3.7/site-packages/airflow/example_dags/example_latest_only.py for tasks to queue
[2022-08-23 12:05:13,346] {logging_mixin.py:115} INFO - [2022-08-23 12:05:13,346] {dagbag.py:508} INFO - Filling up the DagBag from /home/airflow/.local/lib/python3.7/site-packages/airflow/example_dags/example_latest_only.py
[2022-08-23 12:05:13,354] {processor.py:651} INFO - DAG(s) dict_keys(['latest_only']) retrieved from /home/airflow/.local/lib/python3.7/site-packages/airflow/example_dags/example_latest_only.py
[2022-08-23 12:05:13,402] {logging_mixin.py:115} INFO - [2022-08-23 12:05:13,402] {dag.py:2420} INFO - Sync 1 DAGs
[2022-08-23 12:05:13,840] {logging_mixin.py:115} INFO - [2022-08-23 12:05:13,840] {dag.py:2972} INFO - Setting next_dagrun for latest_only to 2022-08-23T08:05:13.839581+00:00, run_after=2022-08-23T12:05:13.839581+00:00
[2022-08-23 12:05:13,863] {processor.py:161} INFO - Processing /home/airflow/.local/lib/python3.7/site-packages/airflow/example_dags/example_latest_only.py took 0.522 seconds
[2022-08-23 12:05:44,854] {processor.py:153} INFO - Started process (PID=765) to work on /home/airflow/.local/lib/python3.7/site-packages/airflow/example_dags/example_latest_only.py
[2022-08-23 12:05:44,854] {processor.py:641} INFO - Processing file /home/airflow/.local/lib/python3.7/site-packages/airflow/example_dags/example_latest_only.py for tasks to queue
[2022-08-23 12:05:44,854] {logging_mixin.py:115} INFO - [2022-08-23 12:05:44,854] {dagbag.py:508} INFO - Filling up the DagBag from /home/airflow/.local/lib/python3.7/site-packages/airflow/example_dags/example_latest_only.py
[2022-08-23 12:05:44,859] {processor.py:651} INFO - DAG(s) dict_keys(['latest_only']) retrieved from /home/airflow/.local/lib/python3.7/site-packages/airflow/example_dags/example_latest_only.py
[2022-08-23 12:05:44,888] {logging_mixin.py:115} INFO - [2022-08-23 12:05:44,887] {dag.py:2420} INFO - Sync 1 DAGs
[2022-08-23 12:05:45,068] {logging_mixin.py:115} INFO - [2022-08-23 12:05:45,067] {dag.py:2972} INFO - Setting next_dagrun for latest_only to 2022-08-23T08:05:45.067291+00:00, run_after=2022-08-23T12:05:45.067291+00:00
[2022-08-23 12:05:45,086] {processor.py:161} INFO - Processing /home/airflow/.local/lib/python3.7/site-packages/airflow/example_dags/example_latest_only.py took 0.236 seconds
[2022-08-23 12:06:15,228] {processor.py:153} INFO - Started process (PID=826) to work on /home/airflow/.local/lib/python3.7/site-packages/airflow/example_dags/example_latest_only.py
[2022-08-23 12:06:15,229] {processor.py:641} INFO - Processing file /home/airflow/.local/lib/python3.7/site-packages/airflow/example_dags/example_latest_only.py for tasks to queue
[2022-08-23 12:06:15,230] {logging_mixin.py:115} INFO - [2022-08-23 12:06:15,230] {dagbag.py:508} INFO - Filling up the DagBag from /home/airflow/.local/lib/python3.7/site-packages/airflow/example_dags/example_latest_only.py
[2022-08-23 12:06:15,242] {processor.py:651} INFO - DAG(s) dict_keys(['latest_only']) retrieved from /home/airflow/.local/lib/python3.7/site-packages/airflow/example_dags/example_latest_only.py
[2022-08-23 12:06:15,304] {logging_mixin.py:115} INFO - [2022-08-23 12:06:15,304] {dag.py:2420} INFO - Sync 1 DAGs
[2022-08-23 12:06:15,678] {logging_mixin.py:115} INFO - [2022-08-23 12:06:15,677] {dag.py:2972} INFO - Setting next_dagrun for latest_only to 2022-08-23T08:06:15.677539+00:00, run_after=2022-08-23T12:06:15.677539+00:00
[2022-08-23 12:06:15,702] {processor.py:161} INFO - Processing /home/airflow/.local/lib/python3.7/site-packages/airflow/example_dags/example_latest_only.py took 0.483 seconds
[2022-08-23 12:06:45,878] {processor.py:153} INFO - Started process (PID=878) to work on /home/airflow/.local/lib/python3.7/site-packages/airflow/example_dags/example_latest_only.py
[2022-08-23 12:06:45,878] {processor.py:641} INFO - Processing file /home/airflow/.local/lib/python3.7/site-packages/airflow/example_dags/example_latest_only.py for tasks to queue
[2022-08-23 12:06:45,878] {logging_mixin.py:115} INFO - [2022-08-23 12:06:45,878] {dagbag.py:508} INFO - Filling up the DagBag from /home/airflow/.local/lib/python3.7/site-packages/airflow/example_dags/example_latest_only.py
[2022-08-23 12:06:45,883] {processor.py:651} INFO - DAG(s) dict_keys(['latest_only']) retrieved from /home/airflow/.local/lib/python3.7/site-packages/airflow/example_dags/example_latest_only.py
[2022-08-23 12:06:45,907] {logging_mixin.py:115} INFO - [2022-08-23 12:06:45,907] {dag.py:2420} INFO - Sync 1 DAGs
[2022-08-23 12:06:46,031] {logging_mixin.py:115} INFO - [2022-08-23 12:06:46,031] {dag.py:2972} INFO - Setting next_dagrun for latest_only to 2022-08-23T08:06:46.031101+00:00, run_after=2022-08-23T12:06:46.031101+00:00
[2022-08-23 12:06:46,040] {processor.py:161} INFO - Processing /home/airflow/.local/lib/python3.7/site-packages/airflow/example_dags/example_latest_only.py took 0.165 seconds
[2022-08-23 12:07:16,626] {processor.py:153} INFO - Started process (PID=939) to work on /home/airflow/.local/lib/python3.7/site-packages/airflow/example_dags/example_latest_only.py
[2022-08-23 12:07:16,627] {processor.py:641} INFO - Processing file /home/airflow/.local/lib/python3.7/site-packages/airflow/example_dags/example_latest_only.py for tasks to queue
[2022-08-23 12:07:16,628] {logging_mixin.py:115} INFO - [2022-08-23 12:07:16,628] {dagbag.py:508} INFO - Filling up the DagBag from /home/airflow/.local/lib/python3.7/site-packages/airflow/example_dags/example_latest_only.py
[2022-08-23 12:07:16,633] {processor.py:651} INFO - DAG(s) dict_keys(['latest_only']) retrieved from /home/airflow/.local/lib/python3.7/site-packages/airflow/example_dags/example_latest_only.py
[2022-08-23 12:07:16,664] {logging_mixin.py:115} INFO - [2022-08-23 12:07:16,663] {dag.py:2420} INFO - Sync 1 DAGs
[2022-08-23 12:07:16,841] {logging_mixin.py:115} INFO - [2022-08-23 12:07:16,841] {dag.py:2972} INFO - Setting next_dagrun for latest_only to 2022-08-23T08:07:16.841371+00:00, run_after=2022-08-23T12:07:16.841371+00:00
[2022-08-23 12:07:16,852] {processor.py:161} INFO - Processing /home/airflow/.local/lib/python3.7/site-packages/airflow/example_dags/example_latest_only.py took 0.227 seconds
[2022-08-23 12:07:47,452] {processor.py:153} INFO - Started process (PID=1000) to work on /home/airflow/.local/lib/python3.7/site-packages/airflow/example_dags/example_latest_only.py
[2022-08-23 12:07:47,453] {processor.py:641} INFO - Processing file /home/airflow/.local/lib/python3.7/site-packages/airflow/example_dags/example_latest_only.py for tasks to queue
[2022-08-23 12:07:47,453] {logging_mixin.py:115} INFO - [2022-08-23 12:07:47,453] {dagbag.py:508} INFO - Filling up the DagBag from /home/airflow/.local/lib/python3.7/site-packages/airflow/example_dags/example_latest_only.py
[2022-08-23 12:07:47,458] {processor.py:651} INFO - DAG(s) dict_keys(['latest_only']) retrieved from /home/airflow/.local/lib/python3.7/site-packages/airflow/example_dags/example_latest_only.py
[2022-08-23 12:07:47,496] {logging_mixin.py:115} INFO - [2022-08-23 12:07:47,496] {dag.py:2420} INFO - Sync 1 DAGs
[2022-08-23 12:07:47,639] {logging_mixin.py:115} INFO - [2022-08-23 12:07:47,639] {dag.py:2972} INFO - Setting next_dagrun for latest_only to 2022-08-23T08:07:47.639381+00:00, run_after=2022-08-23T12:07:47.639381+00:00
[2022-08-23 12:07:47,660] {processor.py:161} INFO - Processing /home/airflow/.local/lib/python3.7/site-packages/airflow/example_dags/example_latest_only.py took 0.210 seconds
[2022-08-23 12:08:18,213] {processor.py:153} INFO - Started process (PID=1052) to work on /home/airflow/.local/lib/python3.7/site-packages/airflow/example_dags/example_latest_only.py
[2022-08-23 12:08:18,214] {processor.py:641} INFO - Processing file /home/airflow/.local/lib/python3.7/site-packages/airflow/example_dags/example_latest_only.py for tasks to queue
[2022-08-23 12:08:18,214] {logging_mixin.py:115} INFO - [2022-08-23 12:08:18,214] {dagbag.py:508} INFO - Filling up the DagBag from /home/airflow/.local/lib/python3.7/site-packages/airflow/example_dags/example_latest_only.py
[2022-08-23 12:08:18,223] {processor.py:651} INFO - DAG(s) dict_keys(['latest_only']) retrieved from /home/airflow/.local/lib/python3.7/site-packages/airflow/example_dags/example_latest_only.py
[2022-08-23 12:08:18,256] {logging_mixin.py:115} INFO - [2022-08-23 12:08:18,256] {dag.py:2420} INFO - Sync 1 DAGs
[2022-08-23 12:08:18,426] {logging_mixin.py:115} INFO - [2022-08-23 12:08:18,426] {dag.py:2972} INFO - Setting next_dagrun for latest_only to 2022-08-23T08:08:18.426659+00:00, run_after=2022-08-23T12:08:18.426659+00:00
[2022-08-23 12:08:18,448] {processor.py:161} INFO - Processing /home/airflow/.local/lib/python3.7/site-packages/airflow/example_dags/example_latest_only.py took 0.241 seconds
[2022-08-23 12:08:48,789] {processor.py:153} INFO - Started process (PID=1113) to work on /home/airflow/.local/lib/python3.7/site-packages/airflow/example_dags/example_latest_only.py
[2022-08-23 12:08:48,790] {processor.py:641} INFO - Processing file /home/airflow/.local/lib/python3.7/site-packages/airflow/example_dags/example_latest_only.py for tasks to queue
[2022-08-23 12:08:48,790] {logging_mixin.py:115} INFO - [2022-08-23 12:08:48,790] {dagbag.py:508} INFO - Filling up the DagBag from /home/airflow/.local/lib/python3.7/site-packages/airflow/example_dags/example_latest_only.py
[2022-08-23 12:08:48,795] {processor.py:651} INFO - DAG(s) dict_keys(['latest_only']) retrieved from /home/airflow/.local/lib/python3.7/site-packages/airflow/example_dags/example_latest_only.py
[2022-08-23 12:08:48,840] {logging_mixin.py:115} INFO - [2022-08-23 12:08:48,840] {dag.py:2420} INFO - Sync 1 DAGs
[2022-08-23 12:08:49,021] {logging_mixin.py:115} INFO - [2022-08-23 12:08:49,021] {dag.py:2972} INFO - Setting next_dagrun for latest_only to 2022-08-23T08:08:49.021360+00:00, run_after=2022-08-23T12:08:49.021360+00:00
[2022-08-23 12:08:49,042] {processor.py:161} INFO - Processing /home/airflow/.local/lib/python3.7/site-packages/airflow/example_dags/example_latest_only.py took 0.256 seconds
[2022-08-23 12:09:19,956] {processor.py:153} INFO - Started process (PID=1174) to work on /home/airflow/.local/lib/python3.7/site-packages/airflow/example_dags/example_latest_only.py
[2022-08-23 12:09:19,956] {processor.py:641} INFO - Processing file /home/airflow/.local/lib/python3.7/site-packages/airflow/example_dags/example_latest_only.py for tasks to queue
[2022-08-23 12:09:19,957] {logging_mixin.py:115} INFO - [2022-08-23 12:09:19,956] {dagbag.py:508} INFO - Filling up the DagBag from /home/airflow/.local/lib/python3.7/site-packages/airflow/example_dags/example_latest_only.py
[2022-08-23 12:09:19,964] {processor.py:651} INFO - DAG(s) dict_keys(['latest_only']) retrieved from /home/airflow/.local/lib/python3.7/site-packages/airflow/example_dags/example_latest_only.py
[2022-08-23 12:09:20,006] {logging_mixin.py:115} INFO - [2022-08-23 12:09:20,005] {dag.py:2420} INFO - Sync 1 DAGs
[2022-08-23 12:09:20,190] {logging_mixin.py:115} INFO - [2022-08-23 12:09:20,190] {dag.py:2972} INFO - Setting next_dagrun for latest_only to 2022-08-23T08:09:20.190656+00:00, run_after=2022-08-23T12:09:20.190656+00:00
[2022-08-23 12:09:20,202] {processor.py:161} INFO - Processing /home/airflow/.local/lib/python3.7/site-packages/airflow/example_dags/example_latest_only.py took 0.249 seconds
[2022-08-23 12:09:51,119] {processor.py:153} INFO - Started process (PID=1226) to work on /home/airflow/.local/lib/python3.7/site-packages/airflow/example_dags/example_latest_only.py
[2022-08-23 12:09:51,120] {processor.py:641} INFO - Processing file /home/airflow/.local/lib/python3.7/site-packages/airflow/example_dags/example_latest_only.py for tasks to queue
[2022-08-23 12:09:51,120] {logging_mixin.py:115} INFO - [2022-08-23 12:09:51,120] {dagbag.py:508} INFO - Filling up the DagBag from /home/airflow/.local/lib/python3.7/site-packages/airflow/example_dags/example_latest_only.py
[2022-08-23 12:09:51,127] {processor.py:651} INFO - DAG(s) dict_keys(['latest_only']) retrieved from /home/airflow/.local/lib/python3.7/site-packages/airflow/example_dags/example_latest_only.py
[2022-08-23 12:09:51,167] {logging_mixin.py:115} INFO - [2022-08-23 12:09:51,166] {dag.py:2420} INFO - Sync 1 DAGs
[2022-08-23 12:09:51,466] {logging_mixin.py:115} INFO - [2022-08-23 12:09:51,465] {dag.py:2972} INFO - Setting next_dagrun for latest_only to 2022-08-23T08:09:51.465789+00:00, run_after=2022-08-23T12:09:51.465789+00:00
[2022-08-23 12:09:51,493] {processor.py:161} INFO - Processing /home/airflow/.local/lib/python3.7/site-packages/airflow/example_dags/example_latest_only.py took 0.378 seconds
[2022-08-23 12:10:22,161] {processor.py:153} INFO - Started process (PID=1287) to work on /home/airflow/.local/lib/python3.7/site-packages/airflow/example_dags/example_latest_only.py
[2022-08-23 12:10:22,162] {processor.py:641} INFO - Processing file /home/airflow/.local/lib/python3.7/site-packages/airflow/example_dags/example_latest_only.py for tasks to queue
[2022-08-23 12:10:22,163] {logging_mixin.py:115} INFO - [2022-08-23 12:10:22,162] {dagbag.py:508} INFO - Filling up the DagBag from /home/airflow/.local/lib/python3.7/site-packages/airflow/example_dags/example_latest_only.py
[2022-08-23 12:10:22,171] {processor.py:651} INFO - DAG(s) dict_keys(['latest_only']) retrieved from /home/airflow/.local/lib/python3.7/site-packages/airflow/example_dags/example_latest_only.py
[2022-08-23 12:10:22,202] {logging_mixin.py:115} INFO - [2022-08-23 12:10:22,201] {dag.py:2420} INFO - Sync 1 DAGs
[2022-08-23 12:10:22,377] {logging_mixin.py:115} INFO - [2022-08-23 12:10:22,377] {dag.py:2972} INFO - Setting next_dagrun for latest_only to 2022-08-23T08:10:22.377172+00:00, run_after=2022-08-23T12:10:22.377172+00:00
[2022-08-23 12:10:22,388] {processor.py:161} INFO - Processing /home/airflow/.local/lib/python3.7/site-packages/airflow/example_dags/example_latest_only.py took 0.231 seconds
[2022-08-23 12:10:52,677] {processor.py:153} INFO - Started process (PID=1348) to work on /home/airflow/.local/lib/python3.7/site-packages/airflow/example_dags/example_latest_only.py
[2022-08-23 12:10:52,678] {processor.py:641} INFO - Processing file /home/airflow/.local/lib/python3.7/site-packages/airflow/example_dags/example_latest_only.py for tasks to queue
[2022-08-23 12:10:52,678] {logging_mixin.py:115} INFO - [2022-08-23 12:10:52,678] {dagbag.py:508} INFO - Filling up the DagBag from /home/airflow/.local/lib/python3.7/site-packages/airflow/example_dags/example_latest_only.py
[2022-08-23 12:10:52,682] {processor.py:651} INFO - DAG(s) dict_keys(['latest_only']) retrieved from /home/airflow/.local/lib/python3.7/site-packages/airflow/example_dags/example_latest_only.py
[2022-08-23 12:10:52,707] {logging_mixin.py:115} INFO - [2022-08-23 12:10:52,707] {dag.py:2420} INFO - Sync 1 DAGs
[2022-08-23 12:10:52,850] {logging_mixin.py:115} INFO - [2022-08-23 12:10:52,849] {dag.py:2972} INFO - Setting next_dagrun for latest_only to 2022-08-23T08:10:52.849757+00:00, run_after=2022-08-23T12:10:52.849757+00:00
[2022-08-23 12:10:52,870] {processor.py:161} INFO - Processing /home/airflow/.local/lib/python3.7/site-packages/airflow/example_dags/example_latest_only.py took 0.195 seconds
[2022-08-23 12:11:23,189] {processor.py:153} INFO - Started process (PID=1400) to work on /home/airflow/.local/lib/python3.7/site-packages/airflow/example_dags/example_latest_only.py
[2022-08-23 12:11:23,190] {processor.py:641} INFO - Processing file /home/airflow/.local/lib/python3.7/site-packages/airflow/example_dags/example_latest_only.py for tasks to queue
[2022-08-23 12:11:23,190] {logging_mixin.py:115} INFO - [2022-08-23 12:11:23,190] {dagbag.py:508} INFO - Filling up the DagBag from /home/airflow/.local/lib/python3.7/site-packages/airflow/example_dags/example_latest_only.py
[2022-08-23 12:11:23,199] {processor.py:651} INFO - DAG(s) dict_keys(['latest_only']) retrieved from /home/airflow/.local/lib/python3.7/site-packages/airflow/example_dags/example_latest_only.py
[2022-08-23 12:11:23,228] {logging_mixin.py:115} INFO - [2022-08-23 12:11:23,227] {dag.py:2420} INFO - Sync 1 DAGs
[2022-08-23 12:11:23,421] {logging_mixin.py:115} INFO - [2022-08-23 12:11:23,421] {dag.py:2972} INFO - Setting next_dagrun for latest_only to 2022-08-23T08:11:23.421082+00:00, run_after=2022-08-23T12:11:23.421082+00:00
[2022-08-23 12:11:23,434] {processor.py:161} INFO - Processing /home/airflow/.local/lib/python3.7/site-packages/airflow/example_dags/example_latest_only.py took 0.250 seconds
[2022-08-23 12:11:53,824] {processor.py:153} INFO - Started process (PID=1461) to work on /home/airflow/.local/lib/python3.7/site-packages/airflow/example_dags/example_latest_only.py
[2022-08-23 12:11:53,825] {processor.py:641} INFO - Processing file /home/airflow/.local/lib/python3.7/site-packages/airflow/example_dags/example_latest_only.py for tasks to queue
[2022-08-23 12:11:53,825] {logging_mixin.py:115} INFO - [2022-08-23 12:11:53,825] {dagbag.py:508} INFO - Filling up the DagBag from /home/airflow/.local/lib/python3.7/site-packages/airflow/example_dags/example_latest_only.py
[2022-08-23 12:11:53,830] {processor.py:651} INFO - DAG(s) dict_keys(['latest_only']) retrieved from /home/airflow/.local/lib/python3.7/site-packages/airflow/example_dags/example_latest_only.py
[2022-08-23 12:11:53,858] {logging_mixin.py:115} INFO - [2022-08-23 12:11:53,858] {dag.py:2420} INFO - Sync 1 DAGs
[2022-08-23 12:11:54,032] {logging_mixin.py:115} INFO - [2022-08-23 12:11:54,032] {dag.py:2972} INFO - Setting next_dagrun for latest_only to 2022-08-23T08:11:54.032433+00:00, run_after=2022-08-23T12:11:54.032433+00:00
[2022-08-23 12:11:54,052] {processor.py:161} INFO - Processing /home/airflow/.local/lib/python3.7/site-packages/airflow/example_dags/example_latest_only.py took 0.231 seconds
[2022-08-23 12:12:24,366] {processor.py:153} INFO - Started process (PID=1522) to work on /home/airflow/.local/lib/python3.7/site-packages/airflow/example_dags/example_latest_only.py
[2022-08-23 12:12:24,366] {processor.py:641} INFO - Processing file /home/airflow/.local/lib/python3.7/site-packages/airflow/example_dags/example_latest_only.py for tasks to queue
[2022-08-23 12:12:24,367] {logging_mixin.py:115} INFO - [2022-08-23 12:12:24,367] {dagbag.py:508} INFO - Filling up the DagBag from /home/airflow/.local/lib/python3.7/site-packages/airflow/example_dags/example_latest_only.py
[2022-08-23 12:12:24,376] {processor.py:651} INFO - DAG(s) dict_keys(['latest_only']) retrieved from /home/airflow/.local/lib/python3.7/site-packages/airflow/example_dags/example_latest_only.py
[2022-08-23 12:12:24,414] {logging_mixin.py:115} INFO - [2022-08-23 12:12:24,414] {dag.py:2420} INFO - Sync 1 DAGs
[2022-08-23 12:12:24,590] {logging_mixin.py:115} INFO - [2022-08-23 12:12:24,590] {dag.py:2972} INFO - Setting next_dagrun for latest_only to 2022-08-23T08:12:24.590209+00:00, run_after=2022-08-23T12:12:24.590209+00:00
[2022-08-23 12:12:24,611] {processor.py:161} INFO - Processing /home/airflow/.local/lib/python3.7/site-packages/airflow/example_dags/example_latest_only.py took 0.250 seconds
[2022-08-23 12:12:55,311] {processor.py:153} INFO - Started process (PID=1574) to work on /home/airflow/.local/lib/python3.7/site-packages/airflow/example_dags/example_latest_only.py
[2022-08-23 12:12:55,311] {processor.py:641} INFO - Processing file /home/airflow/.local/lib/python3.7/site-packages/airflow/example_dags/example_latest_only.py for tasks to queue
[2022-08-23 12:12:55,312] {logging_mixin.py:115} INFO - [2022-08-23 12:12:55,312] {dagbag.py:508} INFO - Filling up the DagBag from /home/airflow/.local/lib/python3.7/site-packages/airflow/example_dags/example_latest_only.py
[2022-08-23 12:12:55,316] {processor.py:651} INFO - DAG(s) dict_keys(['latest_only']) retrieved from /home/airflow/.local/lib/python3.7/site-packages/airflow/example_dags/example_latest_only.py
[2022-08-23 12:12:55,343] {logging_mixin.py:115} INFO - [2022-08-23 12:12:55,343] {dag.py:2420} INFO - Sync 1 DAGs
[2022-08-23 12:12:55,526] {logging_mixin.py:115} INFO - [2022-08-23 12:12:55,525] {dag.py:2972} INFO - Setting next_dagrun for latest_only to 2022-08-23T08:12:55.525730+00:00, run_after=2022-08-23T12:12:55.525730+00:00
[2022-08-23 12:12:55,537] {processor.py:161} INFO - Processing /home/airflow/.local/lib/python3.7/site-packages/airflow/example_dags/example_latest_only.py took 0.230 seconds
[2022-08-23 12:13:26,131] {processor.py:153} INFO - Started process (PID=1635) to work on /home/airflow/.local/lib/python3.7/site-packages/airflow/example_dags/example_latest_only.py
[2022-08-23 12:13:26,131] {processor.py:641} INFO - Processing file /home/airflow/.local/lib/python3.7/site-packages/airflow/example_dags/example_latest_only.py for tasks to queue
[2022-08-23 12:13:26,132] {logging_mixin.py:115} INFO - [2022-08-23 12:13:26,132] {dagbag.py:508} INFO - Filling up the DagBag from /home/airflow/.local/lib/python3.7/site-packages/airflow/example_dags/example_latest_only.py
[2022-08-23 12:13:26,137] {processor.py:651} INFO - DAG(s) dict_keys(['latest_only']) retrieved from /home/airflow/.local/lib/python3.7/site-packages/airflow/example_dags/example_latest_only.py
[2022-08-23 12:13:26,175] {logging_mixin.py:115} INFO - [2022-08-23 12:13:26,175] {dag.py:2420} INFO - Sync 1 DAGs
[2022-08-23 12:13:26,368] {logging_mixin.py:115} INFO - [2022-08-23 12:13:26,368] {dag.py:2972} INFO - Setting next_dagrun for latest_only to 2022-08-23T08:13:26.367792+00:00, run_after=2022-08-23T12:13:26.367792+00:00
[2022-08-23 12:13:26,392] {processor.py:161} INFO - Processing /home/airflow/.local/lib/python3.7/site-packages/airflow/example_dags/example_latest_only.py took 0.265 seconds
