[2022-08-23 11:59:29,631] {processor.py:153} INFO - Started process (PID=66) to work on /home/airflow/.local/lib/python3.7/site-packages/airflow/example_dags/example_trigger_controller_dag.py
[2022-08-23 11:59:29,632] {processor.py:641} INFO - Processing file /home/airflow/.local/lib/python3.7/site-packages/airflow/example_dags/example_trigger_controller_dag.py for tasks to queue
[2022-08-23 11:59:29,633] {logging_mixin.py:115} INFO - [2022-08-23 11:59:29,633] {dagbag.py:508} INFO - Filling up the DagBag from /home/airflow/.local/lib/python3.7/site-packages/airflow/example_dags/example_trigger_controller_dag.py
[2022-08-23 11:59:29,635] {processor.py:651} INFO - DAG(s) dict_keys(['example_trigger_controller_dag']) retrieved from /home/airflow/.local/lib/python3.7/site-packages/airflow/example_dags/example_trigger_controller_dag.py
[2022-08-23 11:59:29,660] {logging_mixin.py:115} INFO - [2022-08-23 11:59:29,659] {dag.py:2420} INFO - Sync 1 DAGs
[2022-08-23 11:59:29,845] {logging_mixin.py:115} INFO - [2022-08-23 11:59:29,845] {dag.py:2972} INFO - Setting next_dagrun for example_trigger_controller_dag to 2021-01-01T00:00:00+00:00, run_after=2021-01-01T00:00:00+00:00
[2022-08-23 11:59:29,856] {processor.py:161} INFO - Processing /home/airflow/.local/lib/python3.7/site-packages/airflow/example_dags/example_trigger_controller_dag.py took 0.228 seconds
[2022-08-23 11:59:59,893] {processor.py:153} INFO - Started process (PID=127) to work on /home/airflow/.local/lib/python3.7/site-packages/airflow/example_dags/example_trigger_controller_dag.py
[2022-08-23 11:59:59,893] {processor.py:641} INFO - Processing file /home/airflow/.local/lib/python3.7/site-packages/airflow/example_dags/example_trigger_controller_dag.py for tasks to queue
[2022-08-23 11:59:59,894] {logging_mixin.py:115} INFO - [2022-08-23 11:59:59,893] {dagbag.py:508} INFO - Filling up the DagBag from /home/airflow/.local/lib/python3.7/site-packages/airflow/example_dags/example_trigger_controller_dag.py
[2022-08-23 11:59:59,895] {processor.py:651} INFO - DAG(s) dict_keys(['example_trigger_controller_dag']) retrieved from /home/airflow/.local/lib/python3.7/site-packages/airflow/example_dags/example_trigger_controller_dag.py
[2022-08-23 11:59:59,925] {logging_mixin.py:115} INFO - [2022-08-23 11:59:59,925] {dag.py:2420} INFO - Sync 1 DAGs
[2022-08-23 12:00:00,054] {logging_mixin.py:115} INFO - [2022-08-23 12:00:00,054] {dag.py:2972} INFO - Setting next_dagrun for example_trigger_controller_dag to 2021-01-01T00:00:00+00:00, run_after=2021-01-01T00:00:00+00:00
[2022-08-23 12:00:00,063] {processor.py:161} INFO - Processing /home/airflow/.local/lib/python3.7/site-packages/airflow/example_dags/example_trigger_controller_dag.py took 0.173 seconds
[2022-08-23 12:00:31,808] {processor.py:153} INFO - Started process (PID=188) to work on /home/airflow/.local/lib/python3.7/site-packages/airflow/example_dags/example_trigger_controller_dag.py
[2022-08-23 12:00:31,809] {processor.py:641} INFO - Processing file /home/airflow/.local/lib/python3.7/site-packages/airflow/example_dags/example_trigger_controller_dag.py for tasks to queue
[2022-08-23 12:00:31,810] {logging_mixin.py:115} INFO - [2022-08-23 12:00:31,810] {dagbag.py:508} INFO - Filling up the DagBag from /home/airflow/.local/lib/python3.7/site-packages/airflow/example_dags/example_trigger_controller_dag.py
[2022-08-23 12:00:31,814] {processor.py:651} INFO - DAG(s) dict_keys(['example_trigger_controller_dag']) retrieved from /home/airflow/.local/lib/python3.7/site-packages/airflow/example_dags/example_trigger_controller_dag.py
[2022-08-23 12:00:31,845] {logging_mixin.py:115} INFO - [2022-08-23 12:00:31,845] {dag.py:2420} INFO - Sync 1 DAGs
[2022-08-23 12:00:32,038] {logging_mixin.py:115} INFO - [2022-08-23 12:00:32,038] {dag.py:2972} INFO - Setting next_dagrun for example_trigger_controller_dag to 2021-01-01T00:00:00+00:00, run_after=2021-01-01T00:00:00+00:00
[2022-08-23 12:00:32,050] {processor.py:161} INFO - Processing /home/airflow/.local/lib/python3.7/site-packages/airflow/example_dags/example_trigger_controller_dag.py took 0.247 seconds
[2022-08-23 12:01:02,155] {processor.py:153} INFO - Started process (PID=240) to work on /home/airflow/.local/lib/python3.7/site-packages/airflow/example_dags/example_trigger_controller_dag.py
[2022-08-23 12:01:02,156] {processor.py:641} INFO - Processing file /home/airflow/.local/lib/python3.7/site-packages/airflow/example_dags/example_trigger_controller_dag.py for tasks to queue
[2022-08-23 12:01:02,156] {logging_mixin.py:115} INFO - [2022-08-23 12:01:02,156] {dagbag.py:508} INFO - Filling up the DagBag from /home/airflow/.local/lib/python3.7/site-packages/airflow/example_dags/example_trigger_controller_dag.py
[2022-08-23 12:01:02,161] {processor.py:651} INFO - DAG(s) dict_keys(['example_trigger_controller_dag']) retrieved from /home/airflow/.local/lib/python3.7/site-packages/airflow/example_dags/example_trigger_controller_dag.py
[2022-08-23 12:01:02,184] {logging_mixin.py:115} INFO - [2022-08-23 12:01:02,184] {dag.py:2420} INFO - Sync 1 DAGs
[2022-08-23 12:01:02,296] {logging_mixin.py:115} INFO - [2022-08-23 12:01:02,296] {dag.py:2972} INFO - Setting next_dagrun for example_trigger_controller_dag to 2021-01-01T00:00:00+00:00, run_after=2021-01-01T00:00:00+00:00
[2022-08-23 12:01:02,305] {processor.py:161} INFO - Processing /home/airflow/.local/lib/python3.7/site-packages/airflow/example_dags/example_trigger_controller_dag.py took 0.155 seconds
[2022-08-23 12:01:33,203] {processor.py:153} INFO - Started process (PID=301) to work on /home/airflow/.local/lib/python3.7/site-packages/airflow/example_dags/example_trigger_controller_dag.py
[2022-08-23 12:01:33,204] {processor.py:641} INFO - Processing file /home/airflow/.local/lib/python3.7/site-packages/airflow/example_dags/example_trigger_controller_dag.py for tasks to queue
[2022-08-23 12:01:33,204] {logging_mixin.py:115} INFO - [2022-08-23 12:01:33,204] {dagbag.py:508} INFO - Filling up the DagBag from /home/airflow/.local/lib/python3.7/site-packages/airflow/example_dags/example_trigger_controller_dag.py
[2022-08-23 12:01:33,207] {processor.py:651} INFO - DAG(s) dict_keys(['example_trigger_controller_dag']) retrieved from /home/airflow/.local/lib/python3.7/site-packages/airflow/example_dags/example_trigger_controller_dag.py
[2022-08-23 12:01:33,239] {logging_mixin.py:115} INFO - [2022-08-23 12:01:33,239] {dag.py:2420} INFO - Sync 1 DAGs
[2022-08-23 12:01:33,557] {logging_mixin.py:115} INFO - [2022-08-23 12:01:33,557] {dag.py:2972} INFO - Setting next_dagrun for example_trigger_controller_dag to 2021-01-01T00:00:00+00:00, run_after=2021-01-01T00:00:00+00:00
[2022-08-23 12:01:33,573] {processor.py:161} INFO - Processing /home/airflow/.local/lib/python3.7/site-packages/airflow/example_dags/example_trigger_controller_dag.py took 0.373 seconds
[2022-08-23 12:02:08,815] {processor.py:153} INFO - Started process (PID=361) to work on /home/airflow/.local/lib/python3.7/site-packages/airflow/example_dags/example_trigger_controller_dag.py
[2022-08-23 12:02:08,816] {processor.py:641} INFO - Processing file /home/airflow/.local/lib/python3.7/site-packages/airflow/example_dags/example_trigger_controller_dag.py for tasks to queue
[2022-08-23 12:02:08,818] {logging_mixin.py:115} INFO - [2022-08-23 12:02:08,818] {dagbag.py:508} INFO - Filling up the DagBag from /home/airflow/.local/lib/python3.7/site-packages/airflow/example_dags/example_trigger_controller_dag.py
[2022-08-23 12:02:08,827] {processor.py:651} INFO - DAG(s) dict_keys(['example_trigger_controller_dag']) retrieved from /home/airflow/.local/lib/python3.7/site-packages/airflow/example_dags/example_trigger_controller_dag.py
[2022-08-23 12:02:08,912] {logging_mixin.py:115} INFO - [2022-08-23 12:02:08,912] {dag.py:2420} INFO - Sync 1 DAGs
[2022-08-23 12:02:09,349] {logging_mixin.py:115} INFO - [2022-08-23 12:02:09,349] {dag.py:2972} INFO - Setting next_dagrun for example_trigger_controller_dag to 2021-01-01T00:00:00+00:00, run_after=2021-01-01T00:00:00+00:00
[2022-08-23 12:02:09,378] {processor.py:161} INFO - Processing /home/airflow/.local/lib/python3.7/site-packages/airflow/example_dags/example_trigger_controller_dag.py took 0.579 seconds
[2022-08-23 12:02:40,081] {processor.py:153} INFO - Started process (PID=413) to work on /home/airflow/.local/lib/python3.7/site-packages/airflow/example_dags/example_trigger_controller_dag.py
[2022-08-23 12:02:40,082] {processor.py:641} INFO - Processing file /home/airflow/.local/lib/python3.7/site-packages/airflow/example_dags/example_trigger_controller_dag.py for tasks to queue
[2022-08-23 12:02:40,082] {logging_mixin.py:115} INFO - [2022-08-23 12:02:40,082] {dagbag.py:508} INFO - Filling up the DagBag from /home/airflow/.local/lib/python3.7/site-packages/airflow/example_dags/example_trigger_controller_dag.py
[2022-08-23 12:02:40,086] {processor.py:651} INFO - DAG(s) dict_keys(['example_trigger_controller_dag']) retrieved from /home/airflow/.local/lib/python3.7/site-packages/airflow/example_dags/example_trigger_controller_dag.py
[2022-08-23 12:02:40,117] {logging_mixin.py:115} INFO - [2022-08-23 12:02:40,117] {dag.py:2420} INFO - Sync 1 DAGs
[2022-08-23 12:02:40,313] {logging_mixin.py:115} INFO - [2022-08-23 12:02:40,313] {dag.py:2972} INFO - Setting next_dagrun for example_trigger_controller_dag to 2021-01-01T00:00:00+00:00, run_after=2021-01-01T00:00:00+00:00
[2022-08-23 12:02:40,326] {processor.py:161} INFO - Processing /home/airflow/.local/lib/python3.7/site-packages/airflow/example_dags/example_trigger_controller_dag.py took 0.248 seconds
[2022-08-23 12:03:10,536] {processor.py:153} INFO - Started process (PID=474) to work on /home/airflow/.local/lib/python3.7/site-packages/airflow/example_dags/example_trigger_controller_dag.py
[2022-08-23 12:03:10,536] {processor.py:641} INFO - Processing file /home/airflow/.local/lib/python3.7/site-packages/airflow/example_dags/example_trigger_controller_dag.py for tasks to queue
[2022-08-23 12:03:10,537] {logging_mixin.py:115} INFO - [2022-08-23 12:03:10,537] {dagbag.py:508} INFO - Filling up the DagBag from /home/airflow/.local/lib/python3.7/site-packages/airflow/example_dags/example_trigger_controller_dag.py
[2022-08-23 12:03:10,539] {processor.py:651} INFO - DAG(s) dict_keys(['example_trigger_controller_dag']) retrieved from /home/airflow/.local/lib/python3.7/site-packages/airflow/example_dags/example_trigger_controller_dag.py
[2022-08-23 12:03:10,567] {logging_mixin.py:115} INFO - [2022-08-23 12:03:10,567] {dag.py:2420} INFO - Sync 1 DAGs
[2022-08-23 12:03:10,746] {logging_mixin.py:115} INFO - [2022-08-23 12:03:10,746] {dag.py:2972} INFO - Setting next_dagrun for example_trigger_controller_dag to 2021-01-01T00:00:00+00:00, run_after=2021-01-01T00:00:00+00:00
[2022-08-23 12:03:10,762] {processor.py:161} INFO - Processing /home/airflow/.local/lib/python3.7/site-packages/airflow/example_dags/example_trigger_controller_dag.py took 0.228 seconds
[2022-08-23 12:03:40,970] {processor.py:153} INFO - Started process (PID=535) to work on /home/airflow/.local/lib/python3.7/site-packages/airflow/example_dags/example_trigger_controller_dag.py
[2022-08-23 12:03:40,971] {processor.py:641} INFO - Processing file /home/airflow/.local/lib/python3.7/site-packages/airflow/example_dags/example_trigger_controller_dag.py for tasks to queue
[2022-08-23 12:03:40,972] {logging_mixin.py:115} INFO - [2022-08-23 12:03:40,972] {dagbag.py:508} INFO - Filling up the DagBag from /home/airflow/.local/lib/python3.7/site-packages/airflow/example_dags/example_trigger_controller_dag.py
[2022-08-23 12:03:40,976] {processor.py:651} INFO - DAG(s) dict_keys(['example_trigger_controller_dag']) retrieved from /home/airflow/.local/lib/python3.7/site-packages/airflow/example_dags/example_trigger_controller_dag.py
[2022-08-23 12:03:41,013] {logging_mixin.py:115} INFO - [2022-08-23 12:03:41,013] {dag.py:2420} INFO - Sync 1 DAGs
[2022-08-23 12:03:41,252] {logging_mixin.py:115} INFO - [2022-08-23 12:03:41,252] {dag.py:2972} INFO - Setting next_dagrun for example_trigger_controller_dag to 2021-01-01T00:00:00+00:00, run_after=2021-01-01T00:00:00+00:00
[2022-08-23 12:03:41,268] {processor.py:161} INFO - Processing /home/airflow/.local/lib/python3.7/site-packages/airflow/example_dags/example_trigger_controller_dag.py took 0.303 seconds
[2022-08-23 12:04:11,454] {processor.py:153} INFO - Started process (PID=587) to work on /home/airflow/.local/lib/python3.7/site-packages/airflow/example_dags/example_trigger_controller_dag.py
[2022-08-23 12:04:11,456] {processor.py:641} INFO - Processing file /home/airflow/.local/lib/python3.7/site-packages/airflow/example_dags/example_trigger_controller_dag.py for tasks to queue
[2022-08-23 12:04:11,456] {logging_mixin.py:115} INFO - [2022-08-23 12:04:11,456] {dagbag.py:508} INFO - Filling up the DagBag from /home/airflow/.local/lib/python3.7/site-packages/airflow/example_dags/example_trigger_controller_dag.py
[2022-08-23 12:04:11,461] {processor.py:651} INFO - DAG(s) dict_keys(['example_trigger_controller_dag']) retrieved from /home/airflow/.local/lib/python3.7/site-packages/airflow/example_dags/example_trigger_controller_dag.py
[2022-08-23 12:04:11,504] {logging_mixin.py:115} INFO - [2022-08-23 12:04:11,504] {dag.py:2420} INFO - Sync 1 DAGs
[2022-08-23 12:04:11,674] {logging_mixin.py:115} INFO - [2022-08-23 12:04:11,674] {dag.py:2972} INFO - Setting next_dagrun for example_trigger_controller_dag to 2021-01-01T00:00:00+00:00, run_after=2021-01-01T00:00:00+00:00
[2022-08-23 12:04:11,695] {processor.py:161} INFO - Processing /home/airflow/.local/lib/python3.7/site-packages/airflow/example_dags/example_trigger_controller_dag.py took 0.245 seconds
[2022-08-23 12:04:42,353] {processor.py:153} INFO - Started process (PID=648) to work on /home/airflow/.local/lib/python3.7/site-packages/airflow/example_dags/example_trigger_controller_dag.py
[2022-08-23 12:04:42,355] {processor.py:641} INFO - Processing file /home/airflow/.local/lib/python3.7/site-packages/airflow/example_dags/example_trigger_controller_dag.py for tasks to queue
[2022-08-23 12:04:42,356] {logging_mixin.py:115} INFO - [2022-08-23 12:04:42,356] {dagbag.py:508} INFO - Filling up the DagBag from /home/airflow/.local/lib/python3.7/site-packages/airflow/example_dags/example_trigger_controller_dag.py
[2022-08-23 12:04:42,362] {processor.py:651} INFO - DAG(s) dict_keys(['example_trigger_controller_dag']) retrieved from /home/airflow/.local/lib/python3.7/site-packages/airflow/example_dags/example_trigger_controller_dag.py
[2022-08-23 12:04:42,429] {logging_mixin.py:115} INFO - [2022-08-23 12:04:42,429] {dag.py:2420} INFO - Sync 1 DAGs
[2022-08-23 12:04:42,667] {logging_mixin.py:115} INFO - [2022-08-23 12:04:42,666] {dag.py:2972} INFO - Setting next_dagrun for example_trigger_controller_dag to 2021-01-01T00:00:00+00:00, run_after=2021-01-01T00:00:00+00:00
[2022-08-23 12:04:42,677] {processor.py:161} INFO - Processing /home/airflow/.local/lib/python3.7/site-packages/airflow/example_dags/example_trigger_controller_dag.py took 0.330 seconds
[2022-08-23 12:05:12,788] {processor.py:153} INFO - Started process (PID=700) to work on /home/airflow/.local/lib/python3.7/site-packages/airflow/example_dags/example_trigger_controller_dag.py
[2022-08-23 12:05:12,790] {processor.py:641} INFO - Processing file /home/airflow/.local/lib/python3.7/site-packages/airflow/example_dags/example_trigger_controller_dag.py for tasks to queue
[2022-08-23 12:05:12,790] {logging_mixin.py:115} INFO - [2022-08-23 12:05:12,790] {dagbag.py:508} INFO - Filling up the DagBag from /home/airflow/.local/lib/python3.7/site-packages/airflow/example_dags/example_trigger_controller_dag.py
[2022-08-23 12:05:12,793] {processor.py:651} INFO - DAG(s) dict_keys(['example_trigger_controller_dag']) retrieved from /home/airflow/.local/lib/python3.7/site-packages/airflow/example_dags/example_trigger_controller_dag.py
[2022-08-23 12:05:12,826] {logging_mixin.py:115} INFO - [2022-08-23 12:05:12,825] {dag.py:2420} INFO - Sync 1 DAGs
[2022-08-23 12:05:13,030] {logging_mixin.py:115} INFO - [2022-08-23 12:05:13,030] {dag.py:2972} INFO - Setting next_dagrun for example_trigger_controller_dag to 2021-01-01T00:00:00+00:00, run_after=2021-01-01T00:00:00+00:00
[2022-08-23 12:05:13,042] {processor.py:161} INFO - Processing /home/airflow/.local/lib/python3.7/site-packages/airflow/example_dags/example_trigger_controller_dag.py took 0.257 seconds
[2022-08-23 12:05:44,313] {processor.py:153} INFO - Started process (PID=761) to work on /home/airflow/.local/lib/python3.7/site-packages/airflow/example_dags/example_trigger_controller_dag.py
[2022-08-23 12:05:44,313] {processor.py:641} INFO - Processing file /home/airflow/.local/lib/python3.7/site-packages/airflow/example_dags/example_trigger_controller_dag.py for tasks to queue
[2022-08-23 12:05:44,314] {logging_mixin.py:115} INFO - [2022-08-23 12:05:44,314] {dagbag.py:508} INFO - Filling up the DagBag from /home/airflow/.local/lib/python3.7/site-packages/airflow/example_dags/example_trigger_controller_dag.py
[2022-08-23 12:05:44,317] {processor.py:651} INFO - DAG(s) dict_keys(['example_trigger_controller_dag']) retrieved from /home/airflow/.local/lib/python3.7/site-packages/airflow/example_dags/example_trigger_controller_dag.py
[2022-08-23 12:05:44,345] {logging_mixin.py:115} INFO - [2022-08-23 12:05:44,345] {dag.py:2420} INFO - Sync 1 DAGs
[2022-08-23 12:05:44,536] {logging_mixin.py:115} INFO - [2022-08-23 12:05:44,536] {dag.py:2972} INFO - Setting next_dagrun for example_trigger_controller_dag to 2021-01-01T00:00:00+00:00, run_after=2021-01-01T00:00:00+00:00
[2022-08-23 12:05:44,547] {processor.py:161} INFO - Processing /home/airflow/.local/lib/python3.7/site-packages/airflow/example_dags/example_trigger_controller_dag.py took 0.237 seconds
[2022-08-23 12:06:14,584] {processor.py:153} INFO - Started process (PID=822) to work on /home/airflow/.local/lib/python3.7/site-packages/airflow/example_dags/example_trigger_controller_dag.py
[2022-08-23 12:06:14,585] {processor.py:641} INFO - Processing file /home/airflow/.local/lib/python3.7/site-packages/airflow/example_dags/example_trigger_controller_dag.py for tasks to queue
[2022-08-23 12:06:14,585] {logging_mixin.py:115} INFO - [2022-08-23 12:06:14,585] {dagbag.py:508} INFO - Filling up the DagBag from /home/airflow/.local/lib/python3.7/site-packages/airflow/example_dags/example_trigger_controller_dag.py
[2022-08-23 12:06:14,588] {processor.py:651} INFO - DAG(s) dict_keys(['example_trigger_controller_dag']) retrieved from /home/airflow/.local/lib/python3.7/site-packages/airflow/example_dags/example_trigger_controller_dag.py
[2022-08-23 12:06:14,615] {logging_mixin.py:115} INFO - [2022-08-23 12:06:14,615] {dag.py:2420} INFO - Sync 1 DAGs
[2022-08-23 12:06:14,781] {logging_mixin.py:115} INFO - [2022-08-23 12:06:14,781] {dag.py:2972} INFO - Setting next_dagrun for example_trigger_controller_dag to 2021-01-01T00:00:00+00:00, run_after=2021-01-01T00:00:00+00:00
[2022-08-23 12:06:14,803] {processor.py:161} INFO - Processing /home/airflow/.local/lib/python3.7/site-packages/airflow/example_dags/example_trigger_controller_dag.py took 0.222 seconds
[2022-08-23 12:06:45,421] {processor.py:153} INFO - Started process (PID=874) to work on /home/airflow/.local/lib/python3.7/site-packages/airflow/example_dags/example_trigger_controller_dag.py
[2022-08-23 12:06:45,422] {processor.py:641} INFO - Processing file /home/airflow/.local/lib/python3.7/site-packages/airflow/example_dags/example_trigger_controller_dag.py for tasks to queue
[2022-08-23 12:06:45,422] {logging_mixin.py:115} INFO - [2022-08-23 12:06:45,422] {dagbag.py:508} INFO - Filling up the DagBag from /home/airflow/.local/lib/python3.7/site-packages/airflow/example_dags/example_trigger_controller_dag.py
[2022-08-23 12:06:45,425] {processor.py:651} INFO - DAG(s) dict_keys(['example_trigger_controller_dag']) retrieved from /home/airflow/.local/lib/python3.7/site-packages/airflow/example_dags/example_trigger_controller_dag.py
[2022-08-23 12:06:45,457] {logging_mixin.py:115} INFO - [2022-08-23 12:06:45,457] {dag.py:2420} INFO - Sync 1 DAGs
[2022-08-23 12:06:45,647] {logging_mixin.py:115} INFO - [2022-08-23 12:06:45,646] {dag.py:2972} INFO - Setting next_dagrun for example_trigger_controller_dag to 2021-01-01T00:00:00+00:00, run_after=2021-01-01T00:00:00+00:00
[2022-08-23 12:06:45,657] {processor.py:161} INFO - Processing /home/airflow/.local/lib/python3.7/site-packages/airflow/example_dags/example_trigger_controller_dag.py took 0.239 seconds
[2022-08-23 12:07:16,094] {processor.py:153} INFO - Started process (PID=935) to work on /home/airflow/.local/lib/python3.7/site-packages/airflow/example_dags/example_trigger_controller_dag.py
[2022-08-23 12:07:16,095] {processor.py:641} INFO - Processing file /home/airflow/.local/lib/python3.7/site-packages/airflow/example_dags/example_trigger_controller_dag.py for tasks to queue
[2022-08-23 12:07:16,096] {logging_mixin.py:115} INFO - [2022-08-23 12:07:16,095] {dagbag.py:508} INFO - Filling up the DagBag from /home/airflow/.local/lib/python3.7/site-packages/airflow/example_dags/example_trigger_controller_dag.py
[2022-08-23 12:07:16,098] {processor.py:651} INFO - DAG(s) dict_keys(['example_trigger_controller_dag']) retrieved from /home/airflow/.local/lib/python3.7/site-packages/airflow/example_dags/example_trigger_controller_dag.py
[2022-08-23 12:07:16,127] {logging_mixin.py:115} INFO - [2022-08-23 12:07:16,127] {dag.py:2420} INFO - Sync 1 DAGs
[2022-08-23 12:07:16,305] {logging_mixin.py:115} INFO - [2022-08-23 12:07:16,304] {dag.py:2972} INFO - Setting next_dagrun for example_trigger_controller_dag to 2021-01-01T00:00:00+00:00, run_after=2021-01-01T00:00:00+00:00
[2022-08-23 12:07:16,326] {processor.py:161} INFO - Processing /home/airflow/.local/lib/python3.7/site-packages/airflow/example_dags/example_trigger_controller_dag.py took 0.235 seconds
[2022-08-23 12:07:46,733] {processor.py:153} INFO - Started process (PID=996) to work on /home/airflow/.local/lib/python3.7/site-packages/airflow/example_dags/example_trigger_controller_dag.py
[2022-08-23 12:07:46,733] {processor.py:641} INFO - Processing file /home/airflow/.local/lib/python3.7/site-packages/airflow/example_dags/example_trigger_controller_dag.py for tasks to queue
[2022-08-23 12:07:46,734] {logging_mixin.py:115} INFO - [2022-08-23 12:07:46,734] {dagbag.py:508} INFO - Filling up the DagBag from /home/airflow/.local/lib/python3.7/site-packages/airflow/example_dags/example_trigger_controller_dag.py
[2022-08-23 12:07:46,739] {processor.py:651} INFO - DAG(s) dict_keys(['example_trigger_controller_dag']) retrieved from /home/airflow/.local/lib/python3.7/site-packages/airflow/example_dags/example_trigger_controller_dag.py
[2022-08-23 12:07:46,771] {logging_mixin.py:115} INFO - [2022-08-23 12:07:46,771] {dag.py:2420} INFO - Sync 1 DAGs
[2022-08-23 12:07:46,932] {logging_mixin.py:115} INFO - [2022-08-23 12:07:46,932] {dag.py:2972} INFO - Setting next_dagrun for example_trigger_controller_dag to 2021-01-01T00:00:00+00:00, run_after=2021-01-01T00:00:00+00:00
[2022-08-23 12:07:46,953] {processor.py:161} INFO - Processing /home/airflow/.local/lib/python3.7/site-packages/airflow/example_dags/example_trigger_controller_dag.py took 0.224 seconds
[2022-08-23 12:08:17,697] {processor.py:153} INFO - Started process (PID=1048) to work on /home/airflow/.local/lib/python3.7/site-packages/airflow/example_dags/example_trigger_controller_dag.py
[2022-08-23 12:08:17,698] {processor.py:641} INFO - Processing file /home/airflow/.local/lib/python3.7/site-packages/airflow/example_dags/example_trigger_controller_dag.py for tasks to queue
[2022-08-23 12:08:17,699] {logging_mixin.py:115} INFO - [2022-08-23 12:08:17,699] {dagbag.py:508} INFO - Filling up the DagBag from /home/airflow/.local/lib/python3.7/site-packages/airflow/example_dags/example_trigger_controller_dag.py
[2022-08-23 12:08:17,704] {processor.py:651} INFO - DAG(s) dict_keys(['example_trigger_controller_dag']) retrieved from /home/airflow/.local/lib/python3.7/site-packages/airflow/example_dags/example_trigger_controller_dag.py
[2022-08-23 12:08:17,735] {logging_mixin.py:115} INFO - [2022-08-23 12:08:17,734] {dag.py:2420} INFO - Sync 1 DAGs
[2022-08-23 12:08:17,917] {logging_mixin.py:115} INFO - [2022-08-23 12:08:17,917] {dag.py:2972} INFO - Setting next_dagrun for example_trigger_controller_dag to 2021-01-01T00:00:00+00:00, run_after=2021-01-01T00:00:00+00:00
[2022-08-23 12:08:17,928] {processor.py:161} INFO - Processing /home/airflow/.local/lib/python3.7/site-packages/airflow/example_dags/example_trigger_controller_dag.py took 0.236 seconds
[2022-08-23 12:08:48,203] {processor.py:153} INFO - Started process (PID=1109) to work on /home/airflow/.local/lib/python3.7/site-packages/airflow/example_dags/example_trigger_controller_dag.py
[2022-08-23 12:08:48,204] {processor.py:641} INFO - Processing file /home/airflow/.local/lib/python3.7/site-packages/airflow/example_dags/example_trigger_controller_dag.py for tasks to queue
[2022-08-23 12:08:48,204] {logging_mixin.py:115} INFO - [2022-08-23 12:08:48,204] {dagbag.py:508} INFO - Filling up the DagBag from /home/airflow/.local/lib/python3.7/site-packages/airflow/example_dags/example_trigger_controller_dag.py
[2022-08-23 12:08:48,208] {processor.py:651} INFO - DAG(s) dict_keys(['example_trigger_controller_dag']) retrieved from /home/airflow/.local/lib/python3.7/site-packages/airflow/example_dags/example_trigger_controller_dag.py
[2022-08-23 12:08:48,257] {logging_mixin.py:115} INFO - [2022-08-23 12:08:48,256] {dag.py:2420} INFO - Sync 1 DAGs
[2022-08-23 12:08:48,468] {logging_mixin.py:115} INFO - [2022-08-23 12:08:48,468] {dag.py:2972} INFO - Setting next_dagrun for example_trigger_controller_dag to 2021-01-01T00:00:00+00:00, run_after=2021-01-01T00:00:00+00:00
[2022-08-23 12:08:48,489] {processor.py:161} INFO - Processing /home/airflow/.local/lib/python3.7/site-packages/airflow/example_dags/example_trigger_controller_dag.py took 0.292 seconds
[2022-08-23 12:09:19,334] {processor.py:153} INFO - Started process (PID=1170) to work on /home/airflow/.local/lib/python3.7/site-packages/airflow/example_dags/example_trigger_controller_dag.py
[2022-08-23 12:09:19,335] {processor.py:641} INFO - Processing file /home/airflow/.local/lib/python3.7/site-packages/airflow/example_dags/example_trigger_controller_dag.py for tasks to queue
[2022-08-23 12:09:19,336] {logging_mixin.py:115} INFO - [2022-08-23 12:09:19,336] {dagbag.py:508} INFO - Filling up the DagBag from /home/airflow/.local/lib/python3.7/site-packages/airflow/example_dags/example_trigger_controller_dag.py
[2022-08-23 12:09:19,339] {processor.py:651} INFO - DAG(s) dict_keys(['example_trigger_controller_dag']) retrieved from /home/airflow/.local/lib/python3.7/site-packages/airflow/example_dags/example_trigger_controller_dag.py
[2022-08-23 12:09:19,382] {logging_mixin.py:115} INFO - [2022-08-23 12:09:19,382] {dag.py:2420} INFO - Sync 1 DAGs
[2022-08-23 12:09:19,618] {logging_mixin.py:115} INFO - [2022-08-23 12:09:19,618] {dag.py:2972} INFO - Setting next_dagrun for example_trigger_controller_dag to 2021-01-01T00:00:00+00:00, run_after=2021-01-01T00:00:00+00:00
[2022-08-23 12:09:19,632] {processor.py:161} INFO - Processing /home/airflow/.local/lib/python3.7/site-packages/airflow/example_dags/example_trigger_controller_dag.py took 0.302 seconds
[2022-08-23 12:09:50,351] {processor.py:153} INFO - Started process (PID=1222) to work on /home/airflow/.local/lib/python3.7/site-packages/airflow/example_dags/example_trigger_controller_dag.py
[2022-08-23 12:09:50,352] {processor.py:641} INFO - Processing file /home/airflow/.local/lib/python3.7/site-packages/airflow/example_dags/example_trigger_controller_dag.py for tasks to queue
[2022-08-23 12:09:50,352] {logging_mixin.py:115} INFO - [2022-08-23 12:09:50,352] {dagbag.py:508} INFO - Filling up the DagBag from /home/airflow/.local/lib/python3.7/site-packages/airflow/example_dags/example_trigger_controller_dag.py
[2022-08-23 12:09:50,355] {processor.py:651} INFO - DAG(s) dict_keys(['example_trigger_controller_dag']) retrieved from /home/airflow/.local/lib/python3.7/site-packages/airflow/example_dags/example_trigger_controller_dag.py
[2022-08-23 12:09:50,390] {logging_mixin.py:115} INFO - [2022-08-23 12:09:50,390] {dag.py:2420} INFO - Sync 1 DAGs
[2022-08-23 12:09:50,646] {logging_mixin.py:115} INFO - [2022-08-23 12:09:50,645] {dag.py:2972} INFO - Setting next_dagrun for example_trigger_controller_dag to 2021-01-01T00:00:00+00:00, run_after=2021-01-01T00:00:00+00:00
[2022-08-23 12:09:50,666] {processor.py:161} INFO - Processing /home/airflow/.local/lib/python3.7/site-packages/airflow/example_dags/example_trigger_controller_dag.py took 0.319 seconds
[2022-08-23 12:10:21,375] {processor.py:153} INFO - Started process (PID=1283) to work on /home/airflow/.local/lib/python3.7/site-packages/airflow/example_dags/example_trigger_controller_dag.py
[2022-08-23 12:10:21,376] {processor.py:641} INFO - Processing file /home/airflow/.local/lib/python3.7/site-packages/airflow/example_dags/example_trigger_controller_dag.py for tasks to queue
[2022-08-23 12:10:21,377] {logging_mixin.py:115} INFO - [2022-08-23 12:10:21,377] {dagbag.py:508} INFO - Filling up the DagBag from /home/airflow/.local/lib/python3.7/site-packages/airflow/example_dags/example_trigger_controller_dag.py
[2022-08-23 12:10:21,381] {processor.py:651} INFO - DAG(s) dict_keys(['example_trigger_controller_dag']) retrieved from /home/airflow/.local/lib/python3.7/site-packages/airflow/example_dags/example_trigger_controller_dag.py
[2022-08-23 12:10:21,420] {logging_mixin.py:115} INFO - [2022-08-23 12:10:21,420] {dag.py:2420} INFO - Sync 1 DAGs
[2022-08-23 12:10:21,565] {logging_mixin.py:115} INFO - [2022-08-23 12:10:21,564] {dag.py:2972} INFO - Setting next_dagrun for example_trigger_controller_dag to 2021-01-01T00:00:00+00:00, run_after=2021-01-01T00:00:00+00:00
[2022-08-23 12:10:21,590] {processor.py:161} INFO - Processing /home/airflow/.local/lib/python3.7/site-packages/airflow/example_dags/example_trigger_controller_dag.py took 0.218 seconds
[2022-08-23 12:10:51,903] {processor.py:153} INFO - Started process (PID=1344) to work on /home/airflow/.local/lib/python3.7/site-packages/airflow/example_dags/example_trigger_controller_dag.py
[2022-08-23 12:10:51,904] {processor.py:641} INFO - Processing file /home/airflow/.local/lib/python3.7/site-packages/airflow/example_dags/example_trigger_controller_dag.py for tasks to queue
[2022-08-23 12:10:51,905] {logging_mixin.py:115} INFO - [2022-08-23 12:10:51,905] {dagbag.py:508} INFO - Filling up the DagBag from /home/airflow/.local/lib/python3.7/site-packages/airflow/example_dags/example_trigger_controller_dag.py
[2022-08-23 12:10:51,909] {processor.py:651} INFO - DAG(s) dict_keys(['example_trigger_controller_dag']) retrieved from /home/airflow/.local/lib/python3.7/site-packages/airflow/example_dags/example_trigger_controller_dag.py
[2022-08-23 12:10:51,949] {logging_mixin.py:115} INFO - [2022-08-23 12:10:51,949] {dag.py:2420} INFO - Sync 1 DAGs
[2022-08-23 12:10:52,094] {logging_mixin.py:115} INFO - [2022-08-23 12:10:52,094] {dag.py:2972} INFO - Setting next_dagrun for example_trigger_controller_dag to 2021-01-01T00:00:00+00:00, run_after=2021-01-01T00:00:00+00:00
[2022-08-23 12:10:52,118] {processor.py:161} INFO - Processing /home/airflow/.local/lib/python3.7/site-packages/airflow/example_dags/example_trigger_controller_dag.py took 0.218 seconds
[2022-08-23 12:11:22,677] {processor.py:153} INFO - Started process (PID=1396) to work on /home/airflow/.local/lib/python3.7/site-packages/airflow/example_dags/example_trigger_controller_dag.py
[2022-08-23 12:11:22,678] {processor.py:641} INFO - Processing file /home/airflow/.local/lib/python3.7/site-packages/airflow/example_dags/example_trigger_controller_dag.py for tasks to queue
[2022-08-23 12:11:22,678] {logging_mixin.py:115} INFO - [2022-08-23 12:11:22,678] {dagbag.py:508} INFO - Filling up the DagBag from /home/airflow/.local/lib/python3.7/site-packages/airflow/example_dags/example_trigger_controller_dag.py
[2022-08-23 12:11:22,681] {processor.py:651} INFO - DAG(s) dict_keys(['example_trigger_controller_dag']) retrieved from /home/airflow/.local/lib/python3.7/site-packages/airflow/example_dags/example_trigger_controller_dag.py
[2022-08-23 12:11:22,708] {logging_mixin.py:115} INFO - [2022-08-23 12:11:22,708] {dag.py:2420} INFO - Sync 1 DAGs
[2022-08-23 12:11:22,873] {logging_mixin.py:115} INFO - [2022-08-23 12:11:22,873] {dag.py:2972} INFO - Setting next_dagrun for example_trigger_controller_dag to 2021-01-01T00:00:00+00:00, run_after=2021-01-01T00:00:00+00:00
[2022-08-23 12:11:22,894] {processor.py:161} INFO - Processing /home/airflow/.local/lib/python3.7/site-packages/airflow/example_dags/example_trigger_controller_dag.py took 0.219 seconds
[2022-08-23 12:11:53,318] {processor.py:153} INFO - Started process (PID=1457) to work on /home/airflow/.local/lib/python3.7/site-packages/airflow/example_dags/example_trigger_controller_dag.py
[2022-08-23 12:11:53,318] {processor.py:641} INFO - Processing file /home/airflow/.local/lib/python3.7/site-packages/airflow/example_dags/example_trigger_controller_dag.py for tasks to queue
[2022-08-23 12:11:53,319] {logging_mixin.py:115} INFO - [2022-08-23 12:11:53,319] {dagbag.py:508} INFO - Filling up the DagBag from /home/airflow/.local/lib/python3.7/site-packages/airflow/example_dags/example_trigger_controller_dag.py
[2022-08-23 12:11:53,323] {processor.py:651} INFO - DAG(s) dict_keys(['example_trigger_controller_dag']) retrieved from /home/airflow/.local/lib/python3.7/site-packages/airflow/example_dags/example_trigger_controller_dag.py
[2022-08-23 12:11:53,352] {logging_mixin.py:115} INFO - [2022-08-23 12:11:53,351] {dag.py:2420} INFO - Sync 1 DAGs
[2022-08-23 12:11:53,520] {logging_mixin.py:115} INFO - [2022-08-23 12:11:53,520] {dag.py:2972} INFO - Setting next_dagrun for example_trigger_controller_dag to 2021-01-01T00:00:00+00:00, run_after=2021-01-01T00:00:00+00:00
[2022-08-23 12:11:53,531] {processor.py:161} INFO - Processing /home/airflow/.local/lib/python3.7/site-packages/airflow/example_dags/example_trigger_controller_dag.py took 0.216 seconds
[2022-08-23 12:12:23,742] {processor.py:153} INFO - Started process (PID=1518) to work on /home/airflow/.local/lib/python3.7/site-packages/airflow/example_dags/example_trigger_controller_dag.py
[2022-08-23 12:12:23,743] {processor.py:641} INFO - Processing file /home/airflow/.local/lib/python3.7/site-packages/airflow/example_dags/example_trigger_controller_dag.py for tasks to queue
[2022-08-23 12:12:23,743] {logging_mixin.py:115} INFO - [2022-08-23 12:12:23,743] {dagbag.py:508} INFO - Filling up the DagBag from /home/airflow/.local/lib/python3.7/site-packages/airflow/example_dags/example_trigger_controller_dag.py
[2022-08-23 12:12:23,746] {processor.py:651} INFO - DAG(s) dict_keys(['example_trigger_controller_dag']) retrieved from /home/airflow/.local/lib/python3.7/site-packages/airflow/example_dags/example_trigger_controller_dag.py
[2022-08-23 12:12:23,774] {logging_mixin.py:115} INFO - [2022-08-23 12:12:23,774] {dag.py:2420} INFO - Sync 1 DAGs
[2022-08-23 12:12:24,003] {logging_mixin.py:115} INFO - [2022-08-23 12:12:24,003] {dag.py:2972} INFO - Setting next_dagrun for example_trigger_controller_dag to 2021-01-01T00:00:00+00:00, run_after=2021-01-01T00:00:00+00:00
[2022-08-23 12:12:24,017] {processor.py:161} INFO - Processing /home/airflow/.local/lib/python3.7/site-packages/airflow/example_dags/example_trigger_controller_dag.py took 0.278 seconds
[2022-08-23 12:12:54,475] {processor.py:153} INFO - Started process (PID=1570) to work on /home/airflow/.local/lib/python3.7/site-packages/airflow/example_dags/example_trigger_controller_dag.py
[2022-08-23 12:12:54,476] {processor.py:641} INFO - Processing file /home/airflow/.local/lib/python3.7/site-packages/airflow/example_dags/example_trigger_controller_dag.py for tasks to queue
[2022-08-23 12:12:54,476] {logging_mixin.py:115} INFO - [2022-08-23 12:12:54,476] {dagbag.py:508} INFO - Filling up the DagBag from /home/airflow/.local/lib/python3.7/site-packages/airflow/example_dags/example_trigger_controller_dag.py
[2022-08-23 12:12:54,484] {processor.py:651} INFO - DAG(s) dict_keys(['example_trigger_controller_dag']) retrieved from /home/airflow/.local/lib/python3.7/site-packages/airflow/example_dags/example_trigger_controller_dag.py
[2022-08-23 12:12:54,540] {logging_mixin.py:115} INFO - [2022-08-23 12:12:54,540] {dag.py:2420} INFO - Sync 1 DAGs
[2022-08-23 12:12:54,696] {logging_mixin.py:115} INFO - [2022-08-23 12:12:54,696] {dag.py:2972} INFO - Setting next_dagrun for example_trigger_controller_dag to 2021-01-01T00:00:00+00:00, run_after=2021-01-01T00:00:00+00:00
[2022-08-23 12:12:54,705] {processor.py:161} INFO - Processing /home/airflow/.local/lib/python3.7/site-packages/airflow/example_dags/example_trigger_controller_dag.py took 0.235 seconds
[2022-08-23 12:13:25,631] {processor.py:153} INFO - Started process (PID=1631) to work on /home/airflow/.local/lib/python3.7/site-packages/airflow/example_dags/example_trigger_controller_dag.py
[2022-08-23 12:13:25,631] {processor.py:641} INFO - Processing file /home/airflow/.local/lib/python3.7/site-packages/airflow/example_dags/example_trigger_controller_dag.py for tasks to queue
[2022-08-23 12:13:25,632] {logging_mixin.py:115} INFO - [2022-08-23 12:13:25,632] {dagbag.py:508} INFO - Filling up the DagBag from /home/airflow/.local/lib/python3.7/site-packages/airflow/example_dags/example_trigger_controller_dag.py
[2022-08-23 12:13:25,635] {processor.py:651} INFO - DAG(s) dict_keys(['example_trigger_controller_dag']) retrieved from /home/airflow/.local/lib/python3.7/site-packages/airflow/example_dags/example_trigger_controller_dag.py
[2022-08-23 12:13:25,665] {logging_mixin.py:115} INFO - [2022-08-23 12:13:25,665] {dag.py:2420} INFO - Sync 1 DAGs
[2022-08-23 12:13:25,840] {logging_mixin.py:115} INFO - [2022-08-23 12:13:25,840] {dag.py:2972} INFO - Setting next_dagrun for example_trigger_controller_dag to 2021-01-01T00:00:00+00:00, run_after=2021-01-01T00:00:00+00:00
[2022-08-23 12:13:25,854] {processor.py:161} INFO - Processing /home/airflow/.local/lib/python3.7/site-packages/airflow/example_dags/example_trigger_controller_dag.py took 0.227 seconds
