[2022-08-23 11:59:31,081] {processor.py:153} INFO - Started process (PID=82) to work on /home/airflow/.local/lib/python3.7/site-packages/airflow/example_dags/example_sla_dag.py
[2022-08-23 11:59:31,081] {processor.py:641} INFO - Processing file /home/airflow/.local/lib/python3.7/site-packages/airflow/example_dags/example_sla_dag.py for tasks to queue
[2022-08-23 11:59:31,082] {logging_mixin.py:115} INFO - [2022-08-23 11:59:31,082] {dagbag.py:508} INFO - Filling up the DagBag from /home/airflow/.local/lib/python3.7/site-packages/airflow/example_dags/example_sla_dag.py
[2022-08-23 11:59:31,097] {processor.py:651} INFO - DAG(s) dict_keys(['example_sla_dag']) retrieved from /home/airflow/.local/lib/python3.7/site-packages/airflow/example_dags/example_sla_dag.py
[2022-08-23 11:59:31,285] {logging_mixin.py:115} INFO - [2022-08-23 11:59:31,285] {dag.py:2420} INFO - Sync 1 DAGs
[2022-08-23 11:59:31,307] {logging_mixin.py:115} INFO - [2022-08-23 11:59:31,307] {dag.py:2972} INFO - Setting next_dagrun for example_sla_dag to 2022-08-23T11:56:00+00:00, run_after=2022-08-23T11:58:00+00:00
[2022-08-23 11:59:31,319] {processor.py:161} INFO - Processing /home/airflow/.local/lib/python3.7/site-packages/airflow/example_dags/example_sla_dag.py took 0.241 seconds
[2022-08-23 12:00:01,880] {processor.py:153} INFO - Started process (PID=136) to work on /home/airflow/.local/lib/python3.7/site-packages/airflow/example_dags/example_sla_dag.py
[2022-08-23 12:00:01,881] {processor.py:641} INFO - Processing file /home/airflow/.local/lib/python3.7/site-packages/airflow/example_dags/example_sla_dag.py for tasks to queue
[2022-08-23 12:00:01,881] {logging_mixin.py:115} INFO - [2022-08-23 12:00:01,881] {dagbag.py:508} INFO - Filling up the DagBag from /home/airflow/.local/lib/python3.7/site-packages/airflow/example_dags/example_sla_dag.py
[2022-08-23 12:00:01,892] {processor.py:651} INFO - DAG(s) dict_keys(['example_sla_dag']) retrieved from /home/airflow/.local/lib/python3.7/site-packages/airflow/example_dags/example_sla_dag.py
[2022-08-23 12:00:01,994] {logging_mixin.py:115} INFO - [2022-08-23 12:00:01,994] {dag.py:2420} INFO - Sync 1 DAGs
[2022-08-23 12:00:02,012] {logging_mixin.py:115} INFO - [2022-08-23 12:00:02,012] {dag.py:2972} INFO - Setting next_dagrun for example_sla_dag to 2022-08-23T11:58:00+00:00, run_after=2022-08-23T12:00:00+00:00
[2022-08-23 12:00:02,032] {processor.py:161} INFO - Processing /home/airflow/.local/lib/python3.7/site-packages/airflow/example_dags/example_sla_dag.py took 0.153 seconds
[2022-08-23 12:00:33,404] {processor.py:153} INFO - Started process (PID=197) to work on /home/airflow/.local/lib/python3.7/site-packages/airflow/example_dags/example_sla_dag.py
[2022-08-23 12:00:33,405] {processor.py:641} INFO - Processing file /home/airflow/.local/lib/python3.7/site-packages/airflow/example_dags/example_sla_dag.py for tasks to queue
[2022-08-23 12:00:33,405] {logging_mixin.py:115} INFO - [2022-08-23 12:00:33,405] {dagbag.py:508} INFO - Filling up the DagBag from /home/airflow/.local/lib/python3.7/site-packages/airflow/example_dags/example_sla_dag.py
[2022-08-23 12:00:33,433] {processor.py:651} INFO - DAG(s) dict_keys(['example_sla_dag']) retrieved from /home/airflow/.local/lib/python3.7/site-packages/airflow/example_dags/example_sla_dag.py
[2022-08-23 12:00:33,621] {logging_mixin.py:115} INFO - [2022-08-23 12:00:33,621] {dag.py:2420} INFO - Sync 1 DAGs
[2022-08-23 12:00:33,651] {logging_mixin.py:115} INFO - [2022-08-23 12:00:33,650] {dag.py:2972} INFO - Setting next_dagrun for example_sla_dag to 2022-08-23T11:58:00+00:00, run_after=2022-08-23T12:00:00+00:00
[2022-08-23 12:00:33,664] {processor.py:161} INFO - Processing /home/airflow/.local/lib/python3.7/site-packages/airflow/example_dags/example_sla_dag.py took 0.266 seconds
[2022-08-23 12:01:04,174] {processor.py:153} INFO - Started process (PID=258) to work on /home/airflow/.local/lib/python3.7/site-packages/airflow/example_dags/example_sla_dag.py
[2022-08-23 12:01:04,181] {processor.py:641} INFO - Processing file /home/airflow/.local/lib/python3.7/site-packages/airflow/example_dags/example_sla_dag.py for tasks to queue
[2022-08-23 12:01:04,182] {logging_mixin.py:115} INFO - [2022-08-23 12:01:04,182] {dagbag.py:508} INFO - Filling up the DagBag from /home/airflow/.local/lib/python3.7/site-packages/airflow/example_dags/example_sla_dag.py
[2022-08-23 12:01:04,208] {processor.py:651} INFO - DAG(s) dict_keys(['example_sla_dag']) retrieved from /home/airflow/.local/lib/python3.7/site-packages/airflow/example_dags/example_sla_dag.py
[2022-08-23 12:01:04,348] {logging_mixin.py:115} INFO - [2022-08-23 12:01:04,348] {dag.py:2420} INFO - Sync 1 DAGs
[2022-08-23 12:01:04,370] {logging_mixin.py:115} INFO - [2022-08-23 12:01:04,370] {dag.py:2972} INFO - Setting next_dagrun for example_sla_dag to 2022-08-23T11:58:00+00:00, run_after=2022-08-23T12:00:00+00:00
[2022-08-23 12:01:04,390] {processor.py:161} INFO - Processing /home/airflow/.local/lib/python3.7/site-packages/airflow/example_dags/example_sla_dag.py took 0.219 seconds
[2022-08-23 12:01:34,754] {processor.py:153} INFO - Started process (PID=310) to work on /home/airflow/.local/lib/python3.7/site-packages/airflow/example_dags/example_sla_dag.py
[2022-08-23 12:01:34,755] {processor.py:641} INFO - Processing file /home/airflow/.local/lib/python3.7/site-packages/airflow/example_dags/example_sla_dag.py for tasks to queue
[2022-08-23 12:01:34,755] {logging_mixin.py:115} INFO - [2022-08-23 12:01:34,755] {dagbag.py:508} INFO - Filling up the DagBag from /home/airflow/.local/lib/python3.7/site-packages/airflow/example_dags/example_sla_dag.py
[2022-08-23 12:01:34,777] {processor.py:651} INFO - DAG(s) dict_keys(['example_sla_dag']) retrieved from /home/airflow/.local/lib/python3.7/site-packages/airflow/example_dags/example_sla_dag.py
[2022-08-23 12:01:35,043] {logging_mixin.py:115} INFO - [2022-08-23 12:01:35,043] {dag.py:2420} INFO - Sync 1 DAGs
[2022-08-23 12:01:35,070] {logging_mixin.py:115} INFO - [2022-08-23 12:01:35,070] {dag.py:2972} INFO - Setting next_dagrun for example_sla_dag to 2022-08-23T11:58:00+00:00, run_after=2022-08-23T12:00:00+00:00
[2022-08-23 12:01:35,082] {processor.py:161} INFO - Processing /home/airflow/.local/lib/python3.7/site-packages/airflow/example_dags/example_sla_dag.py took 0.331 seconds
[2022-08-23 12:02:11,343] {processor.py:153} INFO - Started process (PID=370) to work on /home/airflow/.local/lib/python3.7/site-packages/airflow/example_dags/example_sla_dag.py
[2022-08-23 12:02:11,345] {processor.py:641} INFO - Processing file /home/airflow/.local/lib/python3.7/site-packages/airflow/example_dags/example_sla_dag.py for tasks to queue
[2022-08-23 12:02:11,347] {logging_mixin.py:115} INFO - [2022-08-23 12:02:11,346] {dagbag.py:508} INFO - Filling up the DagBag from /home/airflow/.local/lib/python3.7/site-packages/airflow/example_dags/example_sla_dag.py
[2022-08-23 12:02:11,397] {processor.py:651} INFO - DAG(s) dict_keys(['example_sla_dag']) retrieved from /home/airflow/.local/lib/python3.7/site-packages/airflow/example_dags/example_sla_dag.py
[2022-08-23 12:02:11,898] {logging_mixin.py:115} INFO - [2022-08-23 12:02:11,897] {dag.py:2420} INFO - Sync 1 DAGs
[2022-08-23 12:02:11,952] {logging_mixin.py:115} INFO - [2022-08-23 12:02:11,951] {dag.py:2972} INFO - Setting next_dagrun for example_sla_dag to 2022-08-23T12:00:00+00:00, run_after=2022-08-23T12:02:00+00:00
[2022-08-23 12:02:11,986] {processor.py:161} INFO - Processing /home/airflow/.local/lib/python3.7/site-packages/airflow/example_dags/example_sla_dag.py took 0.652 seconds
[2022-08-23 12:02:42,181] {processor.py:153} INFO - Started process (PID=422) to work on /home/airflow/.local/lib/python3.7/site-packages/airflow/example_dags/example_sla_dag.py
[2022-08-23 12:02:42,182] {processor.py:641} INFO - Processing file /home/airflow/.local/lib/python3.7/site-packages/airflow/example_dags/example_sla_dag.py for tasks to queue
[2022-08-23 12:02:42,182] {logging_mixin.py:115} INFO - [2022-08-23 12:02:42,182] {dagbag.py:508} INFO - Filling up the DagBag from /home/airflow/.local/lib/python3.7/site-packages/airflow/example_dags/example_sla_dag.py
[2022-08-23 12:02:42,198] {processor.py:651} INFO - DAG(s) dict_keys(['example_sla_dag']) retrieved from /home/airflow/.local/lib/python3.7/site-packages/airflow/example_dags/example_sla_dag.py
[2022-08-23 12:02:42,421] {logging_mixin.py:115} INFO - [2022-08-23 12:02:42,421] {dag.py:2420} INFO - Sync 1 DAGs
[2022-08-23 12:02:42,445] {logging_mixin.py:115} INFO - [2022-08-23 12:02:42,445] {dag.py:2972} INFO - Setting next_dagrun for example_sla_dag to 2022-08-23T12:00:00+00:00, run_after=2022-08-23T12:02:00+00:00
[2022-08-23 12:02:42,462] {processor.py:161} INFO - Processing /home/airflow/.local/lib/python3.7/site-packages/airflow/example_dags/example_sla_dag.py took 0.283 seconds
[2022-08-23 12:03:12,816] {processor.py:153} INFO - Started process (PID=483) to work on /home/airflow/.local/lib/python3.7/site-packages/airflow/example_dags/example_sla_dag.py
[2022-08-23 12:03:12,816] {processor.py:641} INFO - Processing file /home/airflow/.local/lib/python3.7/site-packages/airflow/example_dags/example_sla_dag.py for tasks to queue
[2022-08-23 12:03:12,817] {logging_mixin.py:115} INFO - [2022-08-23 12:03:12,817] {dagbag.py:508} INFO - Filling up the DagBag from /home/airflow/.local/lib/python3.7/site-packages/airflow/example_dags/example_sla_dag.py
[2022-08-23 12:03:12,835] {processor.py:651} INFO - DAG(s) dict_keys(['example_sla_dag']) retrieved from /home/airflow/.local/lib/python3.7/site-packages/airflow/example_dags/example_sla_dag.py
[2022-08-23 12:03:13,003] {logging_mixin.py:115} INFO - [2022-08-23 12:03:13,003] {dag.py:2420} INFO - Sync 1 DAGs
[2022-08-23 12:03:13,025] {logging_mixin.py:115} INFO - [2022-08-23 12:03:13,025] {dag.py:2972} INFO - Setting next_dagrun for example_sla_dag to 2022-08-23T12:00:00+00:00, run_after=2022-08-23T12:02:00+00:00
[2022-08-23 12:03:13,038] {processor.py:161} INFO - Processing /home/airflow/.local/lib/python3.7/site-packages/airflow/example_dags/example_sla_dag.py took 0.225 seconds
[2022-08-23 12:03:43,119] {processor.py:153} INFO - Started process (PID=544) to work on /home/airflow/.local/lib/python3.7/site-packages/airflow/example_dags/example_sla_dag.py
[2022-08-23 12:03:43,119] {processor.py:641} INFO - Processing file /home/airflow/.local/lib/python3.7/site-packages/airflow/example_dags/example_sla_dag.py for tasks to queue
[2022-08-23 12:03:43,120] {logging_mixin.py:115} INFO - [2022-08-23 12:03:43,120] {dagbag.py:508} INFO - Filling up the DagBag from /home/airflow/.local/lib/python3.7/site-packages/airflow/example_dags/example_sla_dag.py
[2022-08-23 12:03:43,137] {processor.py:651} INFO - DAG(s) dict_keys(['example_sla_dag']) retrieved from /home/airflow/.local/lib/python3.7/site-packages/airflow/example_dags/example_sla_dag.py
[2022-08-23 12:03:43,335] {logging_mixin.py:115} INFO - [2022-08-23 12:03:43,335] {dag.py:2420} INFO - Sync 1 DAGs
[2022-08-23 12:03:43,362] {logging_mixin.py:115} INFO - [2022-08-23 12:03:43,362] {dag.py:2972} INFO - Setting next_dagrun for example_sla_dag to 2022-08-23T12:00:00+00:00, run_after=2022-08-23T12:02:00+00:00
[2022-08-23 12:03:43,373] {processor.py:161} INFO - Processing /home/airflow/.local/lib/python3.7/site-packages/airflow/example_dags/example_sla_dag.py took 0.258 seconds
[2022-08-23 12:04:13,940] {processor.py:153} INFO - Started process (PID=596) to work on /home/airflow/.local/lib/python3.7/site-packages/airflow/example_dags/example_sla_dag.py
[2022-08-23 12:04:13,941] {processor.py:641} INFO - Processing file /home/airflow/.local/lib/python3.7/site-packages/airflow/example_dags/example_sla_dag.py for tasks to queue
[2022-08-23 12:04:13,941] {logging_mixin.py:115} INFO - [2022-08-23 12:04:13,941] {dagbag.py:508} INFO - Filling up the DagBag from /home/airflow/.local/lib/python3.7/site-packages/airflow/example_dags/example_sla_dag.py
[2022-08-23 12:04:13,958] {processor.py:651} INFO - DAG(s) dict_keys(['example_sla_dag']) retrieved from /home/airflow/.local/lib/python3.7/site-packages/airflow/example_dags/example_sla_dag.py
[2022-08-23 12:04:14,189] {logging_mixin.py:115} INFO - [2022-08-23 12:04:14,189] {dag.py:2420} INFO - Sync 1 DAGs
[2022-08-23 12:04:14,213] {logging_mixin.py:115} INFO - [2022-08-23 12:04:14,213] {dag.py:2972} INFO - Setting next_dagrun for example_sla_dag to 2022-08-23T12:02:00+00:00, run_after=2022-08-23T12:04:00+00:00
[2022-08-23 12:04:14,228] {processor.py:161} INFO - Processing /home/airflow/.local/lib/python3.7/site-packages/airflow/example_dags/example_sla_dag.py took 0.292 seconds
[2022-08-23 12:04:44,546] {processor.py:153} INFO - Started process (PID=657) to work on /home/airflow/.local/lib/python3.7/site-packages/airflow/example_dags/example_sla_dag.py
[2022-08-23 12:04:44,546] {processor.py:641} INFO - Processing file /home/airflow/.local/lib/python3.7/site-packages/airflow/example_dags/example_sla_dag.py for tasks to queue
[2022-08-23 12:04:44,547] {logging_mixin.py:115} INFO - [2022-08-23 12:04:44,547] {dagbag.py:508} INFO - Filling up the DagBag from /home/airflow/.local/lib/python3.7/site-packages/airflow/example_dags/example_sla_dag.py
[2022-08-23 12:04:44,566] {processor.py:651} INFO - DAG(s) dict_keys(['example_sla_dag']) retrieved from /home/airflow/.local/lib/python3.7/site-packages/airflow/example_dags/example_sla_dag.py
[2022-08-23 12:04:44,741] {logging_mixin.py:115} INFO - [2022-08-23 12:04:44,741] {dag.py:2420} INFO - Sync 1 DAGs
[2022-08-23 12:04:44,761] {logging_mixin.py:115} INFO - [2022-08-23 12:04:44,761] {dag.py:2972} INFO - Setting next_dagrun for example_sla_dag to 2022-08-23T12:02:00+00:00, run_after=2022-08-23T12:04:00+00:00
[2022-08-23 12:04:44,779] {processor.py:161} INFO - Processing /home/airflow/.local/lib/python3.7/site-packages/airflow/example_dags/example_sla_dag.py took 0.236 seconds
[2022-08-23 12:05:15,497] {processor.py:153} INFO - Started process (PID=718) to work on /home/airflow/.local/lib/python3.7/site-packages/airflow/example_dags/example_sla_dag.py
[2022-08-23 12:05:15,497] {processor.py:641} INFO - Processing file /home/airflow/.local/lib/python3.7/site-packages/airflow/example_dags/example_sla_dag.py for tasks to queue
[2022-08-23 12:05:15,498] {logging_mixin.py:115} INFO - [2022-08-23 12:05:15,498] {dagbag.py:508} INFO - Filling up the DagBag from /home/airflow/.local/lib/python3.7/site-packages/airflow/example_dags/example_sla_dag.py
[2022-08-23 12:05:15,517] {processor.py:651} INFO - DAG(s) dict_keys(['example_sla_dag']) retrieved from /home/airflow/.local/lib/python3.7/site-packages/airflow/example_dags/example_sla_dag.py
[2022-08-23 12:05:15,672] {logging_mixin.py:115} INFO - [2022-08-23 12:05:15,671] {dag.py:2420} INFO - Sync 1 DAGs
[2022-08-23 12:05:15,692] {logging_mixin.py:115} INFO - [2022-08-23 12:05:15,692] {dag.py:2972} INFO - Setting next_dagrun for example_sla_dag to 2022-08-23T12:02:00+00:00, run_after=2022-08-23T12:04:00+00:00
[2022-08-23 12:05:15,715] {processor.py:161} INFO - Processing /home/airflow/.local/lib/python3.7/site-packages/airflow/example_dags/example_sla_dag.py took 0.221 seconds
[2022-08-23 12:05:45,804] {processor.py:153} INFO - Started process (PID=772) to work on /home/airflow/.local/lib/python3.7/site-packages/airflow/example_dags/example_sla_dag.py
[2022-08-23 12:05:45,805] {processor.py:641} INFO - Processing file /home/airflow/.local/lib/python3.7/site-packages/airflow/example_dags/example_sla_dag.py for tasks to queue
[2022-08-23 12:05:45,805] {logging_mixin.py:115} INFO - [2022-08-23 12:05:45,805] {dagbag.py:508} INFO - Filling up the DagBag from /home/airflow/.local/lib/python3.7/site-packages/airflow/example_dags/example_sla_dag.py
[2022-08-23 12:05:45,826] {processor.py:651} INFO - DAG(s) dict_keys(['example_sla_dag']) retrieved from /home/airflow/.local/lib/python3.7/site-packages/airflow/example_dags/example_sla_dag.py
[2022-08-23 12:05:45,980] {logging_mixin.py:115} INFO - [2022-08-23 12:05:45,980] {dag.py:2420} INFO - Sync 1 DAGs
[2022-08-23 12:05:46,001] {logging_mixin.py:115} INFO - [2022-08-23 12:05:46,000] {dag.py:2972} INFO - Setting next_dagrun for example_sla_dag to 2022-08-23T12:02:00+00:00, run_after=2022-08-23T12:04:00+00:00
[2022-08-23 12:05:46,011] {processor.py:161} INFO - Processing /home/airflow/.local/lib/python3.7/site-packages/airflow/example_dags/example_sla_dag.py took 0.210 seconds
[2022-08-23 12:06:16,377] {processor.py:153} INFO - Started process (PID=831) to work on /home/airflow/.local/lib/python3.7/site-packages/airflow/example_dags/example_sla_dag.py
[2022-08-23 12:06:16,377] {processor.py:641} INFO - Processing file /home/airflow/.local/lib/python3.7/site-packages/airflow/example_dags/example_sla_dag.py for tasks to queue
[2022-08-23 12:06:16,377] {logging_mixin.py:115} INFO - [2022-08-23 12:06:16,377] {dagbag.py:508} INFO - Filling up the DagBag from /home/airflow/.local/lib/python3.7/site-packages/airflow/example_dags/example_sla_dag.py
[2022-08-23 12:06:16,399] {processor.py:651} INFO - DAG(s) dict_keys(['example_sla_dag']) retrieved from /home/airflow/.local/lib/python3.7/site-packages/airflow/example_dags/example_sla_dag.py
[2022-08-23 12:06:16,549] {logging_mixin.py:115} INFO - [2022-08-23 12:06:16,549] {dag.py:2420} INFO - Sync 1 DAGs
[2022-08-23 12:06:16,569] {logging_mixin.py:115} INFO - [2022-08-23 12:06:16,569] {dag.py:2972} INFO - Setting next_dagrun for example_sla_dag to 2022-08-23T12:04:00+00:00, run_after=2022-08-23T12:06:00+00:00
[2022-08-23 12:06:16,590] {processor.py:161} INFO - Processing /home/airflow/.local/lib/python3.7/site-packages/airflow/example_dags/example_sla_dag.py took 0.217 seconds
[2022-08-23 12:06:47,660] {processor.py:153} INFO - Started process (PID=892) to work on /home/airflow/.local/lib/python3.7/site-packages/airflow/example_dags/example_sla_dag.py
[2022-08-23 12:06:47,661] {processor.py:641} INFO - Processing file /home/airflow/.local/lib/python3.7/site-packages/airflow/example_dags/example_sla_dag.py for tasks to queue
[2022-08-23 12:06:47,661] {logging_mixin.py:115} INFO - [2022-08-23 12:06:47,661] {dagbag.py:508} INFO - Filling up the DagBag from /home/airflow/.local/lib/python3.7/site-packages/airflow/example_dags/example_sla_dag.py
[2022-08-23 12:06:47,684] {processor.py:651} INFO - DAG(s) dict_keys(['example_sla_dag']) retrieved from /home/airflow/.local/lib/python3.7/site-packages/airflow/example_dags/example_sla_dag.py
[2022-08-23 12:06:47,871] {logging_mixin.py:115} INFO - [2022-08-23 12:06:47,871] {dag.py:2420} INFO - Sync 1 DAGs
[2022-08-23 12:06:47,894] {logging_mixin.py:115} INFO - [2022-08-23 12:06:47,894] {dag.py:2972} INFO - Setting next_dagrun for example_sla_dag to 2022-08-23T12:04:00+00:00, run_after=2022-08-23T12:06:00+00:00
[2022-08-23 12:06:47,907] {processor.py:161} INFO - Processing /home/airflow/.local/lib/python3.7/site-packages/airflow/example_dags/example_sla_dag.py took 0.251 seconds
[2022-08-23 12:07:18,230] {processor.py:153} INFO - Started process (PID=944) to work on /home/airflow/.local/lib/python3.7/site-packages/airflow/example_dags/example_sla_dag.py
[2022-08-23 12:07:18,231] {processor.py:641} INFO - Processing file /home/airflow/.local/lib/python3.7/site-packages/airflow/example_dags/example_sla_dag.py for tasks to queue
[2022-08-23 12:07:18,232] {logging_mixin.py:115} INFO - [2022-08-23 12:07:18,232] {dagbag.py:508} INFO - Filling up the DagBag from /home/airflow/.local/lib/python3.7/site-packages/airflow/example_dags/example_sla_dag.py
[2022-08-23 12:07:18,252] {processor.py:651} INFO - DAG(s) dict_keys(['example_sla_dag']) retrieved from /home/airflow/.local/lib/python3.7/site-packages/airflow/example_dags/example_sla_dag.py
[2022-08-23 12:07:18,426] {logging_mixin.py:115} INFO - [2022-08-23 12:07:18,426] {dag.py:2420} INFO - Sync 1 DAGs
[2022-08-23 12:07:18,450] {logging_mixin.py:115} INFO - [2022-08-23 12:07:18,450] {dag.py:2972} INFO - Setting next_dagrun for example_sla_dag to 2022-08-23T12:04:00+00:00, run_after=2022-08-23T12:06:00+00:00
[2022-08-23 12:07:18,460] {processor.py:161} INFO - Processing /home/airflow/.local/lib/python3.7/site-packages/airflow/example_dags/example_sla_dag.py took 0.233 seconds
[2022-08-23 12:07:49,217] {processor.py:153} INFO - Started process (PID=1005) to work on /home/airflow/.local/lib/python3.7/site-packages/airflow/example_dags/example_sla_dag.py
[2022-08-23 12:07:49,218] {processor.py:641} INFO - Processing file /home/airflow/.local/lib/python3.7/site-packages/airflow/example_dags/example_sla_dag.py for tasks to queue
[2022-08-23 12:07:49,218] {logging_mixin.py:115} INFO - [2022-08-23 12:07:49,218] {dagbag.py:508} INFO - Filling up the DagBag from /home/airflow/.local/lib/python3.7/site-packages/airflow/example_dags/example_sla_dag.py
[2022-08-23 12:07:49,258] {processor.py:651} INFO - DAG(s) dict_keys(['example_sla_dag']) retrieved from /home/airflow/.local/lib/python3.7/site-packages/airflow/example_dags/example_sla_dag.py
[2022-08-23 12:07:49,474] {logging_mixin.py:115} INFO - [2022-08-23 12:07:49,474] {dag.py:2420} INFO - Sync 1 DAGs
[2022-08-23 12:07:49,498] {logging_mixin.py:115} INFO - [2022-08-23 12:07:49,498] {dag.py:2972} INFO - Setting next_dagrun for example_sla_dag to 2022-08-23T12:04:00+00:00, run_after=2022-08-23T12:06:00+00:00
[2022-08-23 12:07:49,510] {processor.py:161} INFO - Processing /home/airflow/.local/lib/python3.7/site-packages/airflow/example_dags/example_sla_dag.py took 0.299 seconds
[2022-08-23 12:08:19,867] {processor.py:153} INFO - Started process (PID=1066) to work on /home/airflow/.local/lib/python3.7/site-packages/airflow/example_dags/example_sla_dag.py
[2022-08-23 12:08:19,867] {processor.py:641} INFO - Processing file /home/airflow/.local/lib/python3.7/site-packages/airflow/example_dags/example_sla_dag.py for tasks to queue
[2022-08-23 12:08:19,868] {logging_mixin.py:115} INFO - [2022-08-23 12:08:19,868] {dagbag.py:508} INFO - Filling up the DagBag from /home/airflow/.local/lib/python3.7/site-packages/airflow/example_dags/example_sla_dag.py
[2022-08-23 12:08:19,887] {processor.py:651} INFO - DAG(s) dict_keys(['example_sla_dag']) retrieved from /home/airflow/.local/lib/python3.7/site-packages/airflow/example_dags/example_sla_dag.py
[2022-08-23 12:08:20,067] {logging_mixin.py:115} INFO - [2022-08-23 12:08:20,067] {dag.py:2420} INFO - Sync 1 DAGs
[2022-08-23 12:08:20,092] {logging_mixin.py:115} INFO - [2022-08-23 12:08:20,092] {dag.py:2972} INFO - Setting next_dagrun for example_sla_dag to 2022-08-23T12:06:00+00:00, run_after=2022-08-23T12:08:00+00:00
[2022-08-23 12:08:20,111] {processor.py:161} INFO - Processing /home/airflow/.local/lib/python3.7/site-packages/airflow/example_dags/example_sla_dag.py took 0.247 seconds
[2022-08-23 12:08:50,377] {processor.py:153} INFO - Started process (PID=1120) to work on /home/airflow/.local/lib/python3.7/site-packages/airflow/example_dags/example_sla_dag.py
[2022-08-23 12:08:50,378] {processor.py:641} INFO - Processing file /home/airflow/.local/lib/python3.7/site-packages/airflow/example_dags/example_sla_dag.py for tasks to queue
[2022-08-23 12:08:50,378] {logging_mixin.py:115} INFO - [2022-08-23 12:08:50,378] {dagbag.py:508} INFO - Filling up the DagBag from /home/airflow/.local/lib/python3.7/site-packages/airflow/example_dags/example_sla_dag.py
[2022-08-23 12:08:50,399] {processor.py:651} INFO - DAG(s) dict_keys(['example_sla_dag']) retrieved from /home/airflow/.local/lib/python3.7/site-packages/airflow/example_dags/example_sla_dag.py
[2022-08-23 12:08:50,596] {logging_mixin.py:115} INFO - [2022-08-23 12:08:50,595] {dag.py:2420} INFO - Sync 1 DAGs
[2022-08-23 12:08:50,619] {logging_mixin.py:115} INFO - [2022-08-23 12:08:50,619] {dag.py:2972} INFO - Setting next_dagrun for example_sla_dag to 2022-08-23T12:06:00+00:00, run_after=2022-08-23T12:08:00+00:00
[2022-08-23 12:08:50,640] {processor.py:161} INFO - Processing /home/airflow/.local/lib/python3.7/site-packages/airflow/example_dags/example_sla_dag.py took 0.267 seconds
[2022-08-23 12:09:20,766] {processor.py:153} INFO - Started process (PID=1181) to work on /home/airflow/.local/lib/python3.7/site-packages/airflow/example_dags/example_sla_dag.py
[2022-08-23 12:09:20,767] {processor.py:641} INFO - Processing file /home/airflow/.local/lib/python3.7/site-packages/airflow/example_dags/example_sla_dag.py for tasks to queue
[2022-08-23 12:09:20,767] {logging_mixin.py:115} INFO - [2022-08-23 12:09:20,767] {dagbag.py:508} INFO - Filling up the DagBag from /home/airflow/.local/lib/python3.7/site-packages/airflow/example_dags/example_sla_dag.py
[2022-08-23 12:09:20,787] {processor.py:651} INFO - DAG(s) dict_keys(['example_sla_dag']) retrieved from /home/airflow/.local/lib/python3.7/site-packages/airflow/example_dags/example_sla_dag.py
[2022-08-23 12:09:20,942] {logging_mixin.py:115} INFO - [2022-08-23 12:09:20,942] {dag.py:2420} INFO - Sync 1 DAGs
[2022-08-23 12:09:20,963] {logging_mixin.py:115} INFO - [2022-08-23 12:09:20,963] {dag.py:2972} INFO - Setting next_dagrun for example_sla_dag to 2022-08-23T12:06:00+00:00, run_after=2022-08-23T12:08:00+00:00
[2022-08-23 12:09:20,973] {processor.py:161} INFO - Processing /home/airflow/.local/lib/python3.7/site-packages/airflow/example_dags/example_sla_dag.py took 0.210 seconds
[2022-08-23 12:09:51,827] {processor.py:153} INFO - Started process (PID=1231) to work on /home/airflow/.local/lib/python3.7/site-packages/airflow/example_dags/example_sla_dag.py
[2022-08-23 12:09:51,827] {processor.py:641} INFO - Processing file /home/airflow/.local/lib/python3.7/site-packages/airflow/example_dags/example_sla_dag.py for tasks to queue
[2022-08-23 12:09:51,828] {logging_mixin.py:115} INFO - [2022-08-23 12:09:51,828] {dagbag.py:508} INFO - Filling up the DagBag from /home/airflow/.local/lib/python3.7/site-packages/airflow/example_dags/example_sla_dag.py
[2022-08-23 12:09:51,851] {processor.py:651} INFO - DAG(s) dict_keys(['example_sla_dag']) retrieved from /home/airflow/.local/lib/python3.7/site-packages/airflow/example_dags/example_sla_dag.py
[2022-08-23 12:09:52,038] {logging_mixin.py:115} INFO - [2022-08-23 12:09:52,038] {dag.py:2420} INFO - Sync 1 DAGs
[2022-08-23 12:09:52,062] {logging_mixin.py:115} INFO - [2022-08-23 12:09:52,061] {dag.py:2972} INFO - Setting next_dagrun for example_sla_dag to 2022-08-23T12:06:00+00:00, run_after=2022-08-23T12:08:00+00:00
[2022-08-23 12:09:52,075] {processor.py:161} INFO - Processing /home/airflow/.local/lib/python3.7/site-packages/airflow/example_dags/example_sla_dag.py took 0.251 seconds
[2022-08-23 12:10:22,863] {processor.py:153} INFO - Started process (PID=1292) to work on /home/airflow/.local/lib/python3.7/site-packages/airflow/example_dags/example_sla_dag.py
[2022-08-23 12:10:22,864] {processor.py:641} INFO - Processing file /home/airflow/.local/lib/python3.7/site-packages/airflow/example_dags/example_sla_dag.py for tasks to queue
[2022-08-23 12:10:22,864] {logging_mixin.py:115} INFO - [2022-08-23 12:10:22,864] {dagbag.py:508} INFO - Filling up the DagBag from /home/airflow/.local/lib/python3.7/site-packages/airflow/example_dags/example_sla_dag.py
[2022-08-23 12:10:22,900] {processor.py:651} INFO - DAG(s) dict_keys(['example_sla_dag']) retrieved from /home/airflow/.local/lib/python3.7/site-packages/airflow/example_dags/example_sla_dag.py
[2022-08-23 12:10:23,069] {logging_mixin.py:115} INFO - [2022-08-23 12:10:23,069] {dag.py:2420} INFO - Sync 1 DAGs
[2022-08-23 12:10:23,094] {logging_mixin.py:115} INFO - [2022-08-23 12:10:23,094] {dag.py:2972} INFO - Setting next_dagrun for example_sla_dag to 2022-08-23T12:08:00+00:00, run_after=2022-08-23T12:10:00+00:00
[2022-08-23 12:10:23,103] {processor.py:161} INFO - Processing /home/airflow/.local/lib/python3.7/site-packages/airflow/example_dags/example_sla_dag.py took 0.245 seconds
[2022-08-23 12:10:53,625] {processor.py:153} INFO - Started process (PID=1353) to work on /home/airflow/.local/lib/python3.7/site-packages/airflow/example_dags/example_sla_dag.py
[2022-08-23 12:10:53,626] {processor.py:641} INFO - Processing file /home/airflow/.local/lib/python3.7/site-packages/airflow/example_dags/example_sla_dag.py for tasks to queue
[2022-08-23 12:10:53,626] {logging_mixin.py:115} INFO - [2022-08-23 12:10:53,626] {dagbag.py:508} INFO - Filling up the DagBag from /home/airflow/.local/lib/python3.7/site-packages/airflow/example_dags/example_sla_dag.py
[2022-08-23 12:10:53,647] {processor.py:651} INFO - DAG(s) dict_keys(['example_sla_dag']) retrieved from /home/airflow/.local/lib/python3.7/site-packages/airflow/example_dags/example_sla_dag.py
[2022-08-23 12:10:53,821] {logging_mixin.py:115} INFO - [2022-08-23 12:10:53,821] {dag.py:2420} INFO - Sync 1 DAGs
[2022-08-23 12:10:53,840] {logging_mixin.py:115} INFO - [2022-08-23 12:10:53,840] {dag.py:2972} INFO - Setting next_dagrun for example_sla_dag to 2022-08-23T12:08:00+00:00, run_after=2022-08-23T12:10:00+00:00
[2022-08-23 12:10:53,862] {processor.py:161} INFO - Processing /home/airflow/.local/lib/python3.7/site-packages/airflow/example_dags/example_sla_dag.py took 0.239 seconds
[2022-08-23 12:11:24,025] {processor.py:153} INFO - Started process (PID=1405) to work on /home/airflow/.local/lib/python3.7/site-packages/airflow/example_dags/example_sla_dag.py
[2022-08-23 12:11:24,026] {processor.py:641} INFO - Processing file /home/airflow/.local/lib/python3.7/site-packages/airflow/example_dags/example_sla_dag.py for tasks to queue
[2022-08-23 12:11:24,026] {logging_mixin.py:115} INFO - [2022-08-23 12:11:24,026] {dagbag.py:508} INFO - Filling up the DagBag from /home/airflow/.local/lib/python3.7/site-packages/airflow/example_dags/example_sla_dag.py
[2022-08-23 12:11:24,047] {processor.py:651} INFO - DAG(s) dict_keys(['example_sla_dag']) retrieved from /home/airflow/.local/lib/python3.7/site-packages/airflow/example_dags/example_sla_dag.py
[2022-08-23 12:11:24,272] {logging_mixin.py:115} INFO - [2022-08-23 12:11:24,272] {dag.py:2420} INFO - Sync 1 DAGs
[2022-08-23 12:11:24,296] {logging_mixin.py:115} INFO - [2022-08-23 12:11:24,296] {dag.py:2972} INFO - Setting next_dagrun for example_sla_dag to 2022-08-23T12:08:00+00:00, run_after=2022-08-23T12:10:00+00:00
[2022-08-23 12:11:24,316] {processor.py:161} INFO - Processing /home/airflow/.local/lib/python3.7/site-packages/airflow/example_dags/example_sla_dag.py took 0.293 seconds
[2022-08-23 12:11:54,353] {processor.py:153} INFO - Started process (PID=1466) to work on /home/airflow/.local/lib/python3.7/site-packages/airflow/example_dags/example_sla_dag.py
[2022-08-23 12:11:54,354] {processor.py:641} INFO - Processing file /home/airflow/.local/lib/python3.7/site-packages/airflow/example_dags/example_sla_dag.py for tasks to queue
[2022-08-23 12:11:54,354] {logging_mixin.py:115} INFO - [2022-08-23 12:11:54,354] {dagbag.py:508} INFO - Filling up the DagBag from /home/airflow/.local/lib/python3.7/site-packages/airflow/example_dags/example_sla_dag.py
[2022-08-23 12:11:54,372] {processor.py:651} INFO - DAG(s) dict_keys(['example_sla_dag']) retrieved from /home/airflow/.local/lib/python3.7/site-packages/airflow/example_dags/example_sla_dag.py
[2022-08-23 12:11:54,538] {logging_mixin.py:115} INFO - [2022-08-23 12:11:54,538] {dag.py:2420} INFO - Sync 1 DAGs
[2022-08-23 12:11:54,558] {logging_mixin.py:115} INFO - [2022-08-23 12:11:54,558] {dag.py:2972} INFO - Setting next_dagrun for example_sla_dag to 2022-08-23T12:08:00+00:00, run_after=2022-08-23T12:10:00+00:00
[2022-08-23 12:11:54,569] {processor.py:161} INFO - Processing /home/airflow/.local/lib/python3.7/site-packages/airflow/example_dags/example_sla_dag.py took 0.218 seconds
[2022-08-23 12:12:24,926] {processor.py:153} INFO - Started process (PID=1527) to work on /home/airflow/.local/lib/python3.7/site-packages/airflow/example_dags/example_sla_dag.py
[2022-08-23 12:12:24,926] {processor.py:641} INFO - Processing file /home/airflow/.local/lib/python3.7/site-packages/airflow/example_dags/example_sla_dag.py for tasks to queue
[2022-08-23 12:12:24,927] {logging_mixin.py:115} INFO - [2022-08-23 12:12:24,927] {dagbag.py:508} INFO - Filling up the DagBag from /home/airflow/.local/lib/python3.7/site-packages/airflow/example_dags/example_sla_dag.py
[2022-08-23 12:12:24,945] {processor.py:651} INFO - DAG(s) dict_keys(['example_sla_dag']) retrieved from /home/airflow/.local/lib/python3.7/site-packages/airflow/example_dags/example_sla_dag.py
[2022-08-23 12:12:25,110] {logging_mixin.py:115} INFO - [2022-08-23 12:12:25,110] {dag.py:2420} INFO - Sync 1 DAGs
[2022-08-23 12:12:25,134] {logging_mixin.py:115} INFO - [2022-08-23 12:12:25,134] {dag.py:2972} INFO - Setting next_dagrun for example_sla_dag to 2022-08-23T12:10:00+00:00, run_after=2022-08-23T12:12:00+00:00
[2022-08-23 12:12:25,145] {processor.py:161} INFO - Processing /home/airflow/.local/lib/python3.7/site-packages/airflow/example_dags/example_sla_dag.py took 0.222 seconds
[2022-08-23 12:12:56,073] {processor.py:153} INFO - Started process (PID=1579) to work on /home/airflow/.local/lib/python3.7/site-packages/airflow/example_dags/example_sla_dag.py
[2022-08-23 12:12:56,073] {processor.py:641} INFO - Processing file /home/airflow/.local/lib/python3.7/site-packages/airflow/example_dags/example_sla_dag.py for tasks to queue
[2022-08-23 12:12:56,074] {logging_mixin.py:115} INFO - [2022-08-23 12:12:56,073] {dagbag.py:508} INFO - Filling up the DagBag from /home/airflow/.local/lib/python3.7/site-packages/airflow/example_dags/example_sla_dag.py
[2022-08-23 12:12:56,092] {processor.py:651} INFO - DAG(s) dict_keys(['example_sla_dag']) retrieved from /home/airflow/.local/lib/python3.7/site-packages/airflow/example_dags/example_sla_dag.py
[2022-08-23 12:12:56,236] {logging_mixin.py:115} INFO - [2022-08-23 12:12:56,236] {dag.py:2420} INFO - Sync 1 DAGs
[2022-08-23 12:12:56,256] {logging_mixin.py:115} INFO - [2022-08-23 12:12:56,256] {dag.py:2972} INFO - Setting next_dagrun for example_sla_dag to 2022-08-23T12:10:00+00:00, run_after=2022-08-23T12:12:00+00:00
[2022-08-23 12:12:56,266] {processor.py:161} INFO - Processing /home/airflow/.local/lib/python3.7/site-packages/airflow/example_dags/example_sla_dag.py took 0.195 seconds
[2022-08-23 12:13:26,698] {processor.py:153} INFO - Started process (PID=1640) to work on /home/airflow/.local/lib/python3.7/site-packages/airflow/example_dags/example_sla_dag.py
[2022-08-23 12:13:26,699] {processor.py:641} INFO - Processing file /home/airflow/.local/lib/python3.7/site-packages/airflow/example_dags/example_sla_dag.py for tasks to queue
[2022-08-23 12:13:26,700] {logging_mixin.py:115} INFO - [2022-08-23 12:13:26,700] {dagbag.py:508} INFO - Filling up the DagBag from /home/airflow/.local/lib/python3.7/site-packages/airflow/example_dags/example_sla_dag.py
[2022-08-23 12:13:26,721] {processor.py:651} INFO - DAG(s) dict_keys(['example_sla_dag']) retrieved from /home/airflow/.local/lib/python3.7/site-packages/airflow/example_dags/example_sla_dag.py
[2022-08-23 12:13:26,896] {logging_mixin.py:115} INFO - [2022-08-23 12:13:26,896] {dag.py:2420} INFO - Sync 1 DAGs
[2022-08-23 12:13:26,917] {logging_mixin.py:115} INFO - [2022-08-23 12:13:26,917] {dag.py:2972} INFO - Setting next_dagrun for example_sla_dag to 2022-08-23T12:10:00+00:00, run_after=2022-08-23T12:12:00+00:00
[2022-08-23 12:13:26,927] {processor.py:161} INFO - Processing /home/airflow/.local/lib/python3.7/site-packages/airflow/example_dags/example_sla_dag.py took 0.232 seconds
