[2022-08-23 11:59:28,788] {processor.py:153} INFO - Started process (PID=61) to work on /home/airflow/.local/lib/python3.7/site-packages/airflow/example_dags/example_complex.py
[2022-08-23 11:59:28,788] {processor.py:641} INFO - Processing file /home/airflow/.local/lib/python3.7/site-packages/airflow/example_dags/example_complex.py for tasks to queue
[2022-08-23 11:59:28,789] {logging_mixin.py:115} INFO - [2022-08-23 11:59:28,789] {dagbag.py:508} INFO - Filling up the DagBag from /home/airflow/.local/lib/python3.7/site-packages/airflow/example_dags/example_complex.py
[2022-08-23 11:59:28,799] {processor.py:651} INFO - DAG(s) dict_keys(['example_complex']) retrieved from /home/airflow/.local/lib/python3.7/site-packages/airflow/example_dags/example_complex.py
[2022-08-23 11:59:28,837] {logging_mixin.py:115} INFO - [2022-08-23 11:59:28,837] {dag.py:2420} INFO - Sync 1 DAGs
[2022-08-23 11:59:29,001] {logging_mixin.py:115} INFO - [2022-08-23 11:59:29,001] {dag.py:2972} INFO - Setting next_dagrun for example_complex to None, run_after=None
[2022-08-23 11:59:29,016] {processor.py:161} INFO - Processing /home/airflow/.local/lib/python3.7/site-packages/airflow/example_dags/example_complex.py took 0.231 seconds
[2022-08-23 11:59:59,342] {processor.py:153} INFO - Started process (PID=122) to work on /home/airflow/.local/lib/python3.7/site-packages/airflow/example_dags/example_complex.py
[2022-08-23 11:59:59,342] {processor.py:641} INFO - Processing file /home/airflow/.local/lib/python3.7/site-packages/airflow/example_dags/example_complex.py for tasks to queue
[2022-08-23 11:59:59,342] {logging_mixin.py:115} INFO - [2022-08-23 11:59:59,342] {dagbag.py:508} INFO - Filling up the DagBag from /home/airflow/.local/lib/python3.7/site-packages/airflow/example_dags/example_complex.py
[2022-08-23 11:59:59,351] {processor.py:651} INFO - DAG(s) dict_keys(['example_complex']) retrieved from /home/airflow/.local/lib/python3.7/site-packages/airflow/example_dags/example_complex.py
[2022-08-23 11:59:59,375] {logging_mixin.py:115} INFO - [2022-08-23 11:59:59,375] {dag.py:2420} INFO - Sync 1 DAGs
[2022-08-23 11:59:59,472] {logging_mixin.py:115} INFO - [2022-08-23 11:59:59,472] {dag.py:2972} INFO - Setting next_dagrun for example_complex to None, run_after=None
[2022-08-23 11:59:59,491] {processor.py:161} INFO - Processing /home/airflow/.local/lib/python3.7/site-packages/airflow/example_dags/example_complex.py took 0.151 seconds
[2022-08-23 12:00:31,107] {processor.py:153} INFO - Started process (PID=183) to work on /home/airflow/.local/lib/python3.7/site-packages/airflow/example_dags/example_complex.py
[2022-08-23 12:00:31,108] {processor.py:641} INFO - Processing file /home/airflow/.local/lib/python3.7/site-packages/airflow/example_dags/example_complex.py for tasks to queue
[2022-08-23 12:00:31,110] {logging_mixin.py:115} INFO - [2022-08-23 12:00:31,109] {dagbag.py:508} INFO - Filling up the DagBag from /home/airflow/.local/lib/python3.7/site-packages/airflow/example_dags/example_complex.py
[2022-08-23 12:00:31,136] {processor.py:651} INFO - DAG(s) dict_keys(['example_complex']) retrieved from /home/airflow/.local/lib/python3.7/site-packages/airflow/example_dags/example_complex.py
[2022-08-23 12:00:31,189] {logging_mixin.py:115} INFO - [2022-08-23 12:00:31,189] {dag.py:2420} INFO - Sync 1 DAGs
[2022-08-23 12:00:31,451] {logging_mixin.py:115} INFO - [2022-08-23 12:00:31,451] {dag.py:2972} INFO - Setting next_dagrun for example_complex to None, run_after=None
[2022-08-23 12:00:31,473] {processor.py:161} INFO - Processing /home/airflow/.local/lib/python3.7/site-packages/airflow/example_dags/example_complex.py took 0.369 seconds
[2022-08-23 12:01:01,534] {processor.py:153} INFO - Started process (PID=235) to work on /home/airflow/.local/lib/python3.7/site-packages/airflow/example_dags/example_complex.py
[2022-08-23 12:01:01,535] {processor.py:641} INFO - Processing file /home/airflow/.local/lib/python3.7/site-packages/airflow/example_dags/example_complex.py for tasks to queue
[2022-08-23 12:01:01,535] {logging_mixin.py:115} INFO - [2022-08-23 12:01:01,535] {dagbag.py:508} INFO - Filling up the DagBag from /home/airflow/.local/lib/python3.7/site-packages/airflow/example_dags/example_complex.py
[2022-08-23 12:01:01,558] {processor.py:651} INFO - DAG(s) dict_keys(['example_complex']) retrieved from /home/airflow/.local/lib/python3.7/site-packages/airflow/example_dags/example_complex.py
[2022-08-23 12:01:01,597] {logging_mixin.py:115} INFO - [2022-08-23 12:01:01,597] {dag.py:2420} INFO - Sync 1 DAGs
[2022-08-23 12:01:01,710] {logging_mixin.py:115} INFO - [2022-08-23 12:01:01,710] {dag.py:2972} INFO - Setting next_dagrun for example_complex to None, run_after=None
[2022-08-23 12:01:01,730] {processor.py:161} INFO - Processing /home/airflow/.local/lib/python3.7/site-packages/airflow/example_dags/example_complex.py took 0.200 seconds
[2022-08-23 12:01:32,265] {processor.py:153} INFO - Started process (PID=296) to work on /home/airflow/.local/lib/python3.7/site-packages/airflow/example_dags/example_complex.py
[2022-08-23 12:01:32,265] {processor.py:641} INFO - Processing file /home/airflow/.local/lib/python3.7/site-packages/airflow/example_dags/example_complex.py for tasks to queue
[2022-08-23 12:01:32,266] {logging_mixin.py:115} INFO - [2022-08-23 12:01:32,266] {dagbag.py:508} INFO - Filling up the DagBag from /home/airflow/.local/lib/python3.7/site-packages/airflow/example_dags/example_complex.py
[2022-08-23 12:01:32,281] {processor.py:651} INFO - DAG(s) dict_keys(['example_complex']) retrieved from /home/airflow/.local/lib/python3.7/site-packages/airflow/example_dags/example_complex.py
[2022-08-23 12:01:32,323] {logging_mixin.py:115} INFO - [2022-08-23 12:01:32,323] {dag.py:2420} INFO - Sync 1 DAGs
[2022-08-23 12:01:32,506] {logging_mixin.py:115} INFO - [2022-08-23 12:01:32,506] {dag.py:2972} INFO - Setting next_dagrun for example_complex to None, run_after=None
[2022-08-23 12:01:32,523] {processor.py:161} INFO - Processing /home/airflow/.local/lib/python3.7/site-packages/airflow/example_dags/example_complex.py took 0.261 seconds
[2022-08-23 12:02:06,578] {processor.py:153} INFO - Started process (PID=356) to work on /home/airflow/.local/lib/python3.7/site-packages/airflow/example_dags/example_complex.py
[2022-08-23 12:02:06,580] {processor.py:641} INFO - Processing file /home/airflow/.local/lib/python3.7/site-packages/airflow/example_dags/example_complex.py for tasks to queue
[2022-08-23 12:02:06,582] {logging_mixin.py:115} INFO - [2022-08-23 12:02:06,581] {dagbag.py:508} INFO - Filling up the DagBag from /home/airflow/.local/lib/python3.7/site-packages/airflow/example_dags/example_complex.py
[2022-08-23 12:02:06,603] {processor.py:651} INFO - DAG(s) dict_keys(['example_complex']) retrieved from /home/airflow/.local/lib/python3.7/site-packages/airflow/example_dags/example_complex.py
[2022-08-23 12:02:06,702] {logging_mixin.py:115} INFO - [2022-08-23 12:02:06,701] {dag.py:2420} INFO - Sync 1 DAGs
[2022-08-23 12:02:07,192] {logging_mixin.py:115} INFO - [2022-08-23 12:02:07,192] {dag.py:2972} INFO - Setting next_dagrun for example_complex to None, run_after=None
[2022-08-23 12:02:07,221] {processor.py:161} INFO - Processing /home/airflow/.local/lib/python3.7/site-packages/airflow/example_dags/example_complex.py took 0.650 seconds
[2022-08-23 12:02:37,299] {processor.py:153} INFO - Started process (PID=408) to work on /home/airflow/.local/lib/python3.7/site-packages/airflow/example_dags/example_complex.py
[2022-08-23 12:02:37,299] {processor.py:641} INFO - Processing file /home/airflow/.local/lib/python3.7/site-packages/airflow/example_dags/example_complex.py for tasks to queue
[2022-08-23 12:02:37,300] {logging_mixin.py:115} INFO - [2022-08-23 12:02:37,300] {dagbag.py:508} INFO - Filling up the DagBag from /home/airflow/.local/lib/python3.7/site-packages/airflow/example_dags/example_complex.py
[2022-08-23 12:02:37,316] {processor.py:651} INFO - DAG(s) dict_keys(['example_complex']) retrieved from /home/airflow/.local/lib/python3.7/site-packages/airflow/example_dags/example_complex.py
[2022-08-23 12:02:37,349] {logging_mixin.py:115} INFO - [2022-08-23 12:02:37,349] {dag.py:2420} INFO - Sync 1 DAGs
[2022-08-23 12:02:37,513] {logging_mixin.py:115} INFO - [2022-08-23 12:02:37,513] {dag.py:2972} INFO - Setting next_dagrun for example_complex to None, run_after=None
[2022-08-23 12:02:37,525] {processor.py:161} INFO - Processing /home/airflow/.local/lib/python3.7/site-packages/airflow/example_dags/example_complex.py took 0.230 seconds
[2022-08-23 12:03:07,943] {processor.py:153} INFO - Started process (PID=469) to work on /home/airflow/.local/lib/python3.7/site-packages/airflow/example_dags/example_complex.py
[2022-08-23 12:03:07,943] {processor.py:641} INFO - Processing file /home/airflow/.local/lib/python3.7/site-packages/airflow/example_dags/example_complex.py for tasks to queue
[2022-08-23 12:03:07,943] {logging_mixin.py:115} INFO - [2022-08-23 12:03:07,943] {dagbag.py:508} INFO - Filling up the DagBag from /home/airflow/.local/lib/python3.7/site-packages/airflow/example_dags/example_complex.py
[2022-08-23 12:03:07,954] {processor.py:651} INFO - DAG(s) dict_keys(['example_complex']) retrieved from /home/airflow/.local/lib/python3.7/site-packages/airflow/example_dags/example_complex.py
[2022-08-23 12:03:07,990] {logging_mixin.py:115} INFO - [2022-08-23 12:03:07,990] {dag.py:2420} INFO - Sync 1 DAGs
[2022-08-23 12:03:08,168] {logging_mixin.py:115} INFO - [2022-08-23 12:03:08,168] {dag.py:2972} INFO - Setting next_dagrun for example_complex to None, run_after=None
[2022-08-23 12:03:08,182] {processor.py:161} INFO - Processing /home/airflow/.local/lib/python3.7/site-packages/airflow/example_dags/example_complex.py took 0.242 seconds
[2022-08-23 12:03:38,450] {processor.py:153} INFO - Started process (PID=521) to work on /home/airflow/.local/lib/python3.7/site-packages/airflow/example_dags/example_complex.py
[2022-08-23 12:03:38,450] {processor.py:641} INFO - Processing file /home/airflow/.local/lib/python3.7/site-packages/airflow/example_dags/example_complex.py for tasks to queue
[2022-08-23 12:03:38,451] {logging_mixin.py:115} INFO - [2022-08-23 12:03:38,451] {dagbag.py:508} INFO - Filling up the DagBag from /home/airflow/.local/lib/python3.7/site-packages/airflow/example_dags/example_complex.py
[2022-08-23 12:03:38,462] {processor.py:651} INFO - DAG(s) dict_keys(['example_complex']) retrieved from /home/airflow/.local/lib/python3.7/site-packages/airflow/example_dags/example_complex.py
[2022-08-23 12:03:38,493] {logging_mixin.py:115} INFO - [2022-08-23 12:03:38,493] {dag.py:2420} INFO - Sync 1 DAGs
[2022-08-23 12:03:38,634] {logging_mixin.py:115} INFO - [2022-08-23 12:03:38,634] {dag.py:2972} INFO - Setting next_dagrun for example_complex to None, run_after=None
[2022-08-23 12:03:38,643] {processor.py:161} INFO - Processing /home/airflow/.local/lib/python3.7/site-packages/airflow/example_dags/example_complex.py took 0.196 seconds
[2022-08-23 12:04:08,912] {processor.py:153} INFO - Started process (PID=582) to work on /home/airflow/.local/lib/python3.7/site-packages/airflow/example_dags/example_complex.py
[2022-08-23 12:04:08,913] {processor.py:641} INFO - Processing file /home/airflow/.local/lib/python3.7/site-packages/airflow/example_dags/example_complex.py for tasks to queue
[2022-08-23 12:04:08,914] {logging_mixin.py:115} INFO - [2022-08-23 12:04:08,914] {dagbag.py:508} INFO - Filling up the DagBag from /home/airflow/.local/lib/python3.7/site-packages/airflow/example_dags/example_complex.py
[2022-08-23 12:04:08,924] {processor.py:651} INFO - DAG(s) dict_keys(['example_complex']) retrieved from /home/airflow/.local/lib/python3.7/site-packages/airflow/example_dags/example_complex.py
[2022-08-23 12:04:08,955] {logging_mixin.py:115} INFO - [2022-08-23 12:04:08,955] {dag.py:2420} INFO - Sync 1 DAGs
[2022-08-23 12:04:09,100] {logging_mixin.py:115} INFO - [2022-08-23 12:04:09,100] {dag.py:2972} INFO - Setting next_dagrun for example_complex to None, run_after=None
[2022-08-23 12:04:09,121] {processor.py:161} INFO - Processing /home/airflow/.local/lib/python3.7/site-packages/airflow/example_dags/example_complex.py took 0.211 seconds
[2022-08-23 12:04:39,821] {processor.py:153} INFO - Started process (PID=643) to work on /home/airflow/.local/lib/python3.7/site-packages/airflow/example_dags/example_complex.py
[2022-08-23 12:04:39,822] {processor.py:641} INFO - Processing file /home/airflow/.local/lib/python3.7/site-packages/airflow/example_dags/example_complex.py for tasks to queue
[2022-08-23 12:04:39,822] {logging_mixin.py:115} INFO - [2022-08-23 12:04:39,822] {dagbag.py:508} INFO - Filling up the DagBag from /home/airflow/.local/lib/python3.7/site-packages/airflow/example_dags/example_complex.py
[2022-08-23 12:04:39,834] {processor.py:651} INFO - DAG(s) dict_keys(['example_complex']) retrieved from /home/airflow/.local/lib/python3.7/site-packages/airflow/example_dags/example_complex.py
[2022-08-23 12:04:39,864] {logging_mixin.py:115} INFO - [2022-08-23 12:04:39,864] {dag.py:2420} INFO - Sync 1 DAGs
[2022-08-23 12:04:40,008] {logging_mixin.py:115} INFO - [2022-08-23 12:04:40,008] {dag.py:2972} INFO - Setting next_dagrun for example_complex to None, run_after=None
[2022-08-23 12:04:40,019] {processor.py:161} INFO - Processing /home/airflow/.local/lib/python3.7/site-packages/airflow/example_dags/example_complex.py took 0.202 seconds
[2022-08-23 12:05:10,250] {processor.py:153} INFO - Started process (PID=695) to work on /home/airflow/.local/lib/python3.7/site-packages/airflow/example_dags/example_complex.py
[2022-08-23 12:05:10,251] {processor.py:641} INFO - Processing file /home/airflow/.local/lib/python3.7/site-packages/airflow/example_dags/example_complex.py for tasks to queue
[2022-08-23 12:05:10,252] {logging_mixin.py:115} INFO - [2022-08-23 12:05:10,252] {dagbag.py:508} INFO - Filling up the DagBag from /home/airflow/.local/lib/python3.7/site-packages/airflow/example_dags/example_complex.py
[2022-08-23 12:05:10,275] {processor.py:651} INFO - DAG(s) dict_keys(['example_complex']) retrieved from /home/airflow/.local/lib/python3.7/site-packages/airflow/example_dags/example_complex.py
[2022-08-23 12:05:10,319] {logging_mixin.py:115} INFO - [2022-08-23 12:05:10,319] {dag.py:2420} INFO - Sync 1 DAGs
[2022-08-23 12:05:10,475] {logging_mixin.py:115} INFO - [2022-08-23 12:05:10,474] {dag.py:2972} INFO - Setting next_dagrun for example_complex to None, run_after=None
[2022-08-23 12:05:10,484] {processor.py:161} INFO - Processing /home/airflow/.local/lib/python3.7/site-packages/airflow/example_dags/example_complex.py took 0.239 seconds
[2022-08-23 12:05:42,818] {processor.py:153} INFO - Started process (PID=756) to work on /home/airflow/.local/lib/python3.7/site-packages/airflow/example_dags/example_complex.py
[2022-08-23 12:05:42,819] {processor.py:641} INFO - Processing file /home/airflow/.local/lib/python3.7/site-packages/airflow/example_dags/example_complex.py for tasks to queue
[2022-08-23 12:05:42,825] {logging_mixin.py:115} INFO - [2022-08-23 12:05:42,824] {dagbag.py:508} INFO - Filling up the DagBag from /home/airflow/.local/lib/python3.7/site-packages/airflow/example_dags/example_complex.py
[2022-08-23 12:05:42,855] {processor.py:651} INFO - DAG(s) dict_keys(['example_complex']) retrieved from /home/airflow/.local/lib/python3.7/site-packages/airflow/example_dags/example_complex.py
[2022-08-23 12:05:42,931] {logging_mixin.py:115} INFO - [2022-08-23 12:05:42,931] {dag.py:2420} INFO - Sync 1 DAGs
[2022-08-23 12:05:43,668] {logging_mixin.py:115} INFO - [2022-08-23 12:05:43,667] {dag.py:2972} INFO - Setting next_dagrun for example_complex to None, run_after=None
[2022-08-23 12:05:43,691] {processor.py:161} INFO - Processing /home/airflow/.local/lib/python3.7/site-packages/airflow/example_dags/example_complex.py took 0.879 seconds
[2022-08-23 12:06:13,804] {processor.py:153} INFO - Started process (PID=817) to work on /home/airflow/.local/lib/python3.7/site-packages/airflow/example_dags/example_complex.py
[2022-08-23 12:06:13,812] {processor.py:641} INFO - Processing file /home/airflow/.local/lib/python3.7/site-packages/airflow/example_dags/example_complex.py for tasks to queue
[2022-08-23 12:06:13,813] {logging_mixin.py:115} INFO - [2022-08-23 12:06:13,812] {dagbag.py:508} INFO - Filling up the DagBag from /home/airflow/.local/lib/python3.7/site-packages/airflow/example_dags/example_complex.py
[2022-08-23 12:06:13,823] {processor.py:651} INFO - DAG(s) dict_keys(['example_complex']) retrieved from /home/airflow/.local/lib/python3.7/site-packages/airflow/example_dags/example_complex.py
[2022-08-23 12:06:13,857] {logging_mixin.py:115} INFO - [2022-08-23 12:06:13,857] {dag.py:2420} INFO - Sync 1 DAGs
[2022-08-23 12:06:14,059] {logging_mixin.py:115} INFO - [2022-08-23 12:06:14,059] {dag.py:2972} INFO - Setting next_dagrun for example_complex to None, run_after=None
[2022-08-23 12:06:14,073] {processor.py:161} INFO - Processing /home/airflow/.local/lib/python3.7/site-packages/airflow/example_dags/example_complex.py took 0.273 seconds
[2022-08-23 12:06:44,712] {processor.py:153} INFO - Started process (PID=869) to work on /home/airflow/.local/lib/python3.7/site-packages/airflow/example_dags/example_complex.py
[2022-08-23 12:06:44,712] {processor.py:641} INFO - Processing file /home/airflow/.local/lib/python3.7/site-packages/airflow/example_dags/example_complex.py for tasks to queue
[2022-08-23 12:06:44,713] {logging_mixin.py:115} INFO - [2022-08-23 12:06:44,713] {dagbag.py:508} INFO - Filling up the DagBag from /home/airflow/.local/lib/python3.7/site-packages/airflow/example_dags/example_complex.py
[2022-08-23 12:06:44,740] {processor.py:651} INFO - DAG(s) dict_keys(['example_complex']) retrieved from /home/airflow/.local/lib/python3.7/site-packages/airflow/example_dags/example_complex.py
[2022-08-23 12:06:44,782] {logging_mixin.py:115} INFO - [2022-08-23 12:06:44,782] {dag.py:2420} INFO - Sync 1 DAGs
[2022-08-23 12:06:44,905] {logging_mixin.py:115} INFO - [2022-08-23 12:06:44,905] {dag.py:2972} INFO - Setting next_dagrun for example_complex to None, run_after=None
[2022-08-23 12:06:44,916] {processor.py:161} INFO - Processing /home/airflow/.local/lib/python3.7/site-packages/airflow/example_dags/example_complex.py took 0.209 seconds
[2022-08-23 12:07:15,327] {processor.py:153} INFO - Started process (PID=930) to work on /home/airflow/.local/lib/python3.7/site-packages/airflow/example_dags/example_complex.py
[2022-08-23 12:07:15,328] {processor.py:641} INFO - Processing file /home/airflow/.local/lib/python3.7/site-packages/airflow/example_dags/example_complex.py for tasks to queue
[2022-08-23 12:07:15,328] {logging_mixin.py:115} INFO - [2022-08-23 12:07:15,328] {dagbag.py:508} INFO - Filling up the DagBag from /home/airflow/.local/lib/python3.7/site-packages/airflow/example_dags/example_complex.py
[2022-08-23 12:07:15,352] {processor.py:651} INFO - DAG(s) dict_keys(['example_complex']) retrieved from /home/airflow/.local/lib/python3.7/site-packages/airflow/example_dags/example_complex.py
[2022-08-23 12:07:15,393] {logging_mixin.py:115} INFO - [2022-08-23 12:07:15,392] {dag.py:2420} INFO - Sync 1 DAGs
[2022-08-23 12:07:15,556] {logging_mixin.py:115} INFO - [2022-08-23 12:07:15,556] {dag.py:2972} INFO - Setting next_dagrun for example_complex to None, run_after=None
[2022-08-23 12:07:15,570] {processor.py:161} INFO - Processing /home/airflow/.local/lib/python3.7/site-packages/airflow/example_dags/example_complex.py took 0.247 seconds
[2022-08-23 12:07:45,820] {processor.py:153} INFO - Started process (PID=991) to work on /home/airflow/.local/lib/python3.7/site-packages/airflow/example_dags/example_complex.py
[2022-08-23 12:07:45,822] {processor.py:641} INFO - Processing file /home/airflow/.local/lib/python3.7/site-packages/airflow/example_dags/example_complex.py for tasks to queue
[2022-08-23 12:07:45,823] {logging_mixin.py:115} INFO - [2022-08-23 12:07:45,823] {dagbag.py:508} INFO - Filling up the DagBag from /home/airflow/.local/lib/python3.7/site-packages/airflow/example_dags/example_complex.py
[2022-08-23 12:07:45,836] {processor.py:651} INFO - DAG(s) dict_keys(['example_complex']) retrieved from /home/airflow/.local/lib/python3.7/site-packages/airflow/example_dags/example_complex.py
[2022-08-23 12:07:45,880] {logging_mixin.py:115} INFO - [2022-08-23 12:07:45,880] {dag.py:2420} INFO - Sync 1 DAGs
[2022-08-23 12:07:46,095] {logging_mixin.py:115} INFO - [2022-08-23 12:07:46,094] {dag.py:2972} INFO - Setting next_dagrun for example_complex to None, run_after=None
[2022-08-23 12:07:46,107] {processor.py:161} INFO - Processing /home/airflow/.local/lib/python3.7/site-packages/airflow/example_dags/example_complex.py took 0.293 seconds
[2022-08-23 12:08:16,659] {processor.py:153} INFO - Started process (PID=1043) to work on /home/airflow/.local/lib/python3.7/site-packages/airflow/example_dags/example_complex.py
[2022-08-23 12:08:16,660] {processor.py:641} INFO - Processing file /home/airflow/.local/lib/python3.7/site-packages/airflow/example_dags/example_complex.py for tasks to queue
[2022-08-23 12:08:16,660] {logging_mixin.py:115} INFO - [2022-08-23 12:08:16,660] {dagbag.py:508} INFO - Filling up the DagBag from /home/airflow/.local/lib/python3.7/site-packages/airflow/example_dags/example_complex.py
[2022-08-23 12:08:16,671] {processor.py:651} INFO - DAG(s) dict_keys(['example_complex']) retrieved from /home/airflow/.local/lib/python3.7/site-packages/airflow/example_dags/example_complex.py
[2022-08-23 12:08:16,705] {logging_mixin.py:115} INFO - [2022-08-23 12:08:16,705] {dag.py:2420} INFO - Sync 1 DAGs
[2022-08-23 12:08:16,922] {logging_mixin.py:115} INFO - [2022-08-23 12:08:16,922] {dag.py:2972} INFO - Setting next_dagrun for example_complex to None, run_after=None
[2022-08-23 12:08:16,944] {processor.py:161} INFO - Processing /home/airflow/.local/lib/python3.7/site-packages/airflow/example_dags/example_complex.py took 0.288 seconds
[2022-08-23 12:08:47,017] {processor.py:153} INFO - Started process (PID=1104) to work on /home/airflow/.local/lib/python3.7/site-packages/airflow/example_dags/example_complex.py
[2022-08-23 12:08:47,018] {processor.py:641} INFO - Processing file /home/airflow/.local/lib/python3.7/site-packages/airflow/example_dags/example_complex.py for tasks to queue
[2022-08-23 12:08:47,018] {logging_mixin.py:115} INFO - [2022-08-23 12:08:47,018] {dagbag.py:508} INFO - Filling up the DagBag from /home/airflow/.local/lib/python3.7/site-packages/airflow/example_dags/example_complex.py
[2022-08-23 12:08:47,035] {processor.py:651} INFO - DAG(s) dict_keys(['example_complex']) retrieved from /home/airflow/.local/lib/python3.7/site-packages/airflow/example_dags/example_complex.py
[2022-08-23 12:08:47,077] {logging_mixin.py:115} INFO - [2022-08-23 12:08:47,076] {dag.py:2420} INFO - Sync 1 DAGs
[2022-08-23 12:08:47,329] {logging_mixin.py:115} INFO - [2022-08-23 12:08:47,329] {dag.py:2972} INFO - Setting next_dagrun for example_complex to None, run_after=None
[2022-08-23 12:08:47,346] {processor.py:161} INFO - Processing /home/airflow/.local/lib/python3.7/site-packages/airflow/example_dags/example_complex.py took 0.335 seconds
[2022-08-23 12:09:18,249] {processor.py:153} INFO - Started process (PID=1165) to work on /home/airflow/.local/lib/python3.7/site-packages/airflow/example_dags/example_complex.py
[2022-08-23 12:09:18,250] {processor.py:641} INFO - Processing file /home/airflow/.local/lib/python3.7/site-packages/airflow/example_dags/example_complex.py for tasks to queue
[2022-08-23 12:09:18,251] {logging_mixin.py:115} INFO - [2022-08-23 12:09:18,251] {dagbag.py:508} INFO - Filling up the DagBag from /home/airflow/.local/lib/python3.7/site-packages/airflow/example_dags/example_complex.py
[2022-08-23 12:09:18,269] {processor.py:651} INFO - DAG(s) dict_keys(['example_complex']) retrieved from /home/airflow/.local/lib/python3.7/site-packages/airflow/example_dags/example_complex.py
[2022-08-23 12:09:18,332] {logging_mixin.py:115} INFO - [2022-08-23 12:09:18,332] {dag.py:2420} INFO - Sync 1 DAGs
[2022-08-23 12:09:18,597] {logging_mixin.py:115} INFO - [2022-08-23 12:09:18,597] {dag.py:2972} INFO - Setting next_dagrun for example_complex to None, run_after=None
[2022-08-23 12:09:18,616] {processor.py:161} INFO - Processing /home/airflow/.local/lib/python3.7/site-packages/airflow/example_dags/example_complex.py took 0.372 seconds
[2022-08-23 12:09:49,350] {processor.py:153} INFO - Started process (PID=1217) to work on /home/airflow/.local/lib/python3.7/site-packages/airflow/example_dags/example_complex.py
[2022-08-23 12:09:49,351] {processor.py:641} INFO - Processing file /home/airflow/.local/lib/python3.7/site-packages/airflow/example_dags/example_complex.py for tasks to queue
[2022-08-23 12:09:49,351] {logging_mixin.py:115} INFO - [2022-08-23 12:09:49,351] {dagbag.py:508} INFO - Filling up the DagBag from /home/airflow/.local/lib/python3.7/site-packages/airflow/example_dags/example_complex.py
[2022-08-23 12:09:49,366] {processor.py:651} INFO - DAG(s) dict_keys(['example_complex']) retrieved from /home/airflow/.local/lib/python3.7/site-packages/airflow/example_dags/example_complex.py
[2022-08-23 12:09:49,573] {logging_mixin.py:115} INFO - [2022-08-23 12:09:49,573] {dag.py:2420} INFO - Sync 1 DAGs
[2022-08-23 12:09:49,592] {logging_mixin.py:115} INFO - [2022-08-23 12:09:49,592] {dag.py:2972} INFO - Setting next_dagrun for example_complex to None, run_after=None
[2022-08-23 12:09:49,606] {processor.py:161} INFO - Processing /home/airflow/.local/lib/python3.7/site-packages/airflow/example_dags/example_complex.py took 0.258 seconds
[2022-08-23 12:10:19,839] {processor.py:153} INFO - Started process (PID=1278) to work on /home/airflow/.local/lib/python3.7/site-packages/airflow/example_dags/example_complex.py
[2022-08-23 12:10:19,839] {processor.py:641} INFO - Processing file /home/airflow/.local/lib/python3.7/site-packages/airflow/example_dags/example_complex.py for tasks to queue
[2022-08-23 12:10:19,840] {logging_mixin.py:115} INFO - [2022-08-23 12:10:19,840] {dagbag.py:508} INFO - Filling up the DagBag from /home/airflow/.local/lib/python3.7/site-packages/airflow/example_dags/example_complex.py
[2022-08-23 12:10:19,850] {processor.py:651} INFO - DAG(s) dict_keys(['example_complex']) retrieved from /home/airflow/.local/lib/python3.7/site-packages/airflow/example_dags/example_complex.py
[2022-08-23 12:10:20,032] {logging_mixin.py:115} INFO - [2022-08-23 12:10:20,032] {dag.py:2420} INFO - Sync 1 DAGs
[2022-08-23 12:10:20,051] {logging_mixin.py:115} INFO - [2022-08-23 12:10:20,051] {dag.py:2972} INFO - Setting next_dagrun for example_complex to None, run_after=None
[2022-08-23 12:10:20,061] {processor.py:161} INFO - Processing /home/airflow/.local/lib/python3.7/site-packages/airflow/example_dags/example_complex.py took 0.224 seconds
[2022-08-23 12:10:50,298] {processor.py:153} INFO - Started process (PID=1337) to work on /home/airflow/.local/lib/python3.7/site-packages/airflow/example_dags/example_complex.py
[2022-08-23 12:10:50,298] {processor.py:641} INFO - Processing file /home/airflow/.local/lib/python3.7/site-packages/airflow/example_dags/example_complex.py for tasks to queue
[2022-08-23 12:10:50,299] {logging_mixin.py:115} INFO - [2022-08-23 12:10:50,299] {dagbag.py:508} INFO - Filling up the DagBag from /home/airflow/.local/lib/python3.7/site-packages/airflow/example_dags/example_complex.py
[2022-08-23 12:10:50,312] {processor.py:651} INFO - DAG(s) dict_keys(['example_complex']) retrieved from /home/airflow/.local/lib/python3.7/site-packages/airflow/example_dags/example_complex.py
[2022-08-23 12:10:50,554] {logging_mixin.py:115} INFO - [2022-08-23 12:10:50,554] {dag.py:2420} INFO - Sync 1 DAGs
[2022-08-23 12:10:50,574] {logging_mixin.py:115} INFO - [2022-08-23 12:10:50,574] {dag.py:2972} INFO - Setting next_dagrun for example_complex to None, run_after=None
[2022-08-23 12:10:50,597] {processor.py:161} INFO - Processing /home/airflow/.local/lib/python3.7/site-packages/airflow/example_dags/example_complex.py took 0.304 seconds
[2022-08-23 12:11:21,097] {processor.py:153} INFO - Started process (PID=1391) to work on /home/airflow/.local/lib/python3.7/site-packages/airflow/example_dags/example_complex.py
[2022-08-23 12:11:21,098] {processor.py:641} INFO - Processing file /home/airflow/.local/lib/python3.7/site-packages/airflow/example_dags/example_complex.py for tasks to queue
[2022-08-23 12:11:21,098] {logging_mixin.py:115} INFO - [2022-08-23 12:11:21,098] {dagbag.py:508} INFO - Filling up the DagBag from /home/airflow/.local/lib/python3.7/site-packages/airflow/example_dags/example_complex.py
[2022-08-23 12:11:21,113] {processor.py:651} INFO - DAG(s) dict_keys(['example_complex']) retrieved from /home/airflow/.local/lib/python3.7/site-packages/airflow/example_dags/example_complex.py
[2022-08-23 12:11:21,365] {logging_mixin.py:115} INFO - [2022-08-23 12:11:21,365] {dag.py:2420} INFO - Sync 1 DAGs
[2022-08-23 12:11:21,386] {logging_mixin.py:115} INFO - [2022-08-23 12:11:21,385] {dag.py:2972} INFO - Setting next_dagrun for example_complex to None, run_after=None
[2022-08-23 12:11:21,404] {processor.py:161} INFO - Processing /home/airflow/.local/lib/python3.7/site-packages/airflow/example_dags/example_complex.py took 0.309 seconds
[2022-08-23 12:11:51,770] {processor.py:153} INFO - Started process (PID=1452) to work on /home/airflow/.local/lib/python3.7/site-packages/airflow/example_dags/example_complex.py
[2022-08-23 12:11:51,770] {processor.py:641} INFO - Processing file /home/airflow/.local/lib/python3.7/site-packages/airflow/example_dags/example_complex.py for tasks to queue
[2022-08-23 12:11:51,771] {logging_mixin.py:115} INFO - [2022-08-23 12:11:51,771] {dagbag.py:508} INFO - Filling up the DagBag from /home/airflow/.local/lib/python3.7/site-packages/airflow/example_dags/example_complex.py
[2022-08-23 12:11:51,781] {processor.py:651} INFO - DAG(s) dict_keys(['example_complex']) retrieved from /home/airflow/.local/lib/python3.7/site-packages/airflow/example_dags/example_complex.py
[2022-08-23 12:11:51,961] {logging_mixin.py:115} INFO - [2022-08-23 12:11:51,961] {dag.py:2420} INFO - Sync 1 DAGs
[2022-08-23 12:11:51,979] {logging_mixin.py:115} INFO - [2022-08-23 12:11:51,979] {dag.py:2972} INFO - Setting next_dagrun for example_complex to None, run_after=None
[2022-08-23 12:11:52,000] {processor.py:161} INFO - Processing /home/airflow/.local/lib/python3.7/site-packages/airflow/example_dags/example_complex.py took 0.232 seconds
[2022-08-23 12:12:22,155] {processor.py:153} INFO - Started process (PID=1504) to work on /home/airflow/.local/lib/python3.7/site-packages/airflow/example_dags/example_complex.py
[2022-08-23 12:12:22,156] {processor.py:641} INFO - Processing file /home/airflow/.local/lib/python3.7/site-packages/airflow/example_dags/example_complex.py for tasks to queue
[2022-08-23 12:12:22,157] {logging_mixin.py:115} INFO - [2022-08-23 12:12:22,156] {dagbag.py:508} INFO - Filling up the DagBag from /home/airflow/.local/lib/python3.7/site-packages/airflow/example_dags/example_complex.py
[2022-08-23 12:12:22,183] {processor.py:651} INFO - DAG(s) dict_keys(['example_complex']) retrieved from /home/airflow/.local/lib/python3.7/site-packages/airflow/example_dags/example_complex.py
[2022-08-23 12:12:22,386] {logging_mixin.py:115} INFO - [2022-08-23 12:12:22,386] {dag.py:2420} INFO - Sync 1 DAGs
[2022-08-23 12:12:22,406] {logging_mixin.py:115} INFO - [2022-08-23 12:12:22,406] {dag.py:2972} INFO - Setting next_dagrun for example_complex to None, run_after=None
[2022-08-23 12:12:22,416] {processor.py:161} INFO - Processing /home/airflow/.local/lib/python3.7/site-packages/airflow/example_dags/example_complex.py took 0.265 seconds
[2022-08-23 12:12:52,553] {processor.py:153} INFO - Started process (PID=1565) to work on /home/airflow/.local/lib/python3.7/site-packages/airflow/example_dags/example_complex.py
[2022-08-23 12:12:52,553] {processor.py:641} INFO - Processing file /home/airflow/.local/lib/python3.7/site-packages/airflow/example_dags/example_complex.py for tasks to queue
[2022-08-23 12:12:52,554] {logging_mixin.py:115} INFO - [2022-08-23 12:12:52,554] {dagbag.py:508} INFO - Filling up the DagBag from /home/airflow/.local/lib/python3.7/site-packages/airflow/example_dags/example_complex.py
[2022-08-23 12:12:52,566] {processor.py:651} INFO - DAG(s) dict_keys(['example_complex']) retrieved from /home/airflow/.local/lib/python3.7/site-packages/airflow/example_dags/example_complex.py
[2022-08-23 12:12:52,757] {logging_mixin.py:115} INFO - [2022-08-23 12:12:52,756] {dag.py:2420} INFO - Sync 1 DAGs
[2022-08-23 12:12:52,774] {logging_mixin.py:115} INFO - [2022-08-23 12:12:52,774] {dag.py:2972} INFO - Setting next_dagrun for example_complex to None, run_after=None
[2022-08-23 12:12:52,794] {processor.py:161} INFO - Processing /home/airflow/.local/lib/python3.7/site-packages/airflow/example_dags/example_complex.py took 0.244 seconds
[2022-08-23 12:13:22,882] {processor.py:153} INFO - Started process (PID=1626) to work on /home/airflow/.local/lib/python3.7/site-packages/airflow/example_dags/example_complex.py
[2022-08-23 12:13:22,883] {processor.py:641} INFO - Processing file /home/airflow/.local/lib/python3.7/site-packages/airflow/example_dags/example_complex.py for tasks to queue
[2022-08-23 12:13:22,884] {logging_mixin.py:115} INFO - [2022-08-23 12:13:22,884] {dagbag.py:508} INFO - Filling up the DagBag from /home/airflow/.local/lib/python3.7/site-packages/airflow/example_dags/example_complex.py
[2022-08-23 12:13:22,896] {processor.py:651} INFO - DAG(s) dict_keys(['example_complex']) retrieved from /home/airflow/.local/lib/python3.7/site-packages/airflow/example_dags/example_complex.py
[2022-08-23 12:13:23,076] {logging_mixin.py:115} INFO - [2022-08-23 12:13:23,076] {dag.py:2420} INFO - Sync 1 DAGs
[2022-08-23 12:13:23,096] {logging_mixin.py:115} INFO - [2022-08-23 12:13:23,096] {dag.py:2972} INFO - Setting next_dagrun for example_complex to None, run_after=None
[2022-08-23 12:13:23,108] {processor.py:161} INFO - Processing /home/airflow/.local/lib/python3.7/site-packages/airflow/example_dags/example_complex.py took 0.231 seconds
