[2022-08-23 11:59:29,295] {processor.py:153} INFO - Started process (PID=63) to work on /home/airflow/.local/lib/python3.7/site-packages/airflow/example_dags/example_branch_python_dop_operator_3.py
[2022-08-23 11:59:29,295] {processor.py:641} INFO - Processing file /home/airflow/.local/lib/python3.7/site-packages/airflow/example_dags/example_branch_python_dop_operator_3.py for tasks to queue
[2022-08-23 11:59:29,296] {logging_mixin.py:115} INFO - [2022-08-23 11:59:29,296] {dagbag.py:508} INFO - Filling up the DagBag from /home/airflow/.local/lib/python3.7/site-packages/airflow/example_dags/example_branch_python_dop_operator_3.py
[2022-08-23 11:59:29,310] {processor.py:651} INFO - DAG(s) dict_keys(['example_branch_dop_operator_v3']) retrieved from /home/airflow/.local/lib/python3.7/site-packages/airflow/example_dags/example_branch_python_dop_operator_3.py
[2022-08-23 11:59:29,340] {logging_mixin.py:115} INFO - [2022-08-23 11:59:29,340] {dag.py:2420} INFO - Sync 1 DAGs
[2022-08-23 11:59:29,557] {logging_mixin.py:115} INFO - [2022-08-23 11:59:29,557] {dag.py:2972} INFO - Setting next_dagrun for example_branch_dop_operator_v3 to 2022-08-23T11:58:00+00:00, run_after=2022-08-23T11:59:00+00:00
[2022-08-23 11:59:29,579] {processor.py:161} INFO - Processing /home/airflow/.local/lib/python3.7/site-packages/airflow/example_dags/example_branch_python_dop_operator_3.py took 0.288 seconds
[2022-08-23 11:59:59,678] {processor.py:153} INFO - Started process (PID=124) to work on /home/airflow/.local/lib/python3.7/site-packages/airflow/example_dags/example_branch_python_dop_operator_3.py
[2022-08-23 11:59:59,679] {processor.py:641} INFO - Processing file /home/airflow/.local/lib/python3.7/site-packages/airflow/example_dags/example_branch_python_dop_operator_3.py for tasks to queue
[2022-08-23 11:59:59,680] {logging_mixin.py:115} INFO - [2022-08-23 11:59:59,680] {dagbag.py:508} INFO - Filling up the DagBag from /home/airflow/.local/lib/python3.7/site-packages/airflow/example_dags/example_branch_python_dop_operator_3.py
[2022-08-23 11:59:59,693] {processor.py:651} INFO - DAG(s) dict_keys(['example_branch_dop_operator_v3']) retrieved from /home/airflow/.local/lib/python3.7/site-packages/airflow/example_dags/example_branch_python_dop_operator_3.py
[2022-08-23 11:59:59,727] {logging_mixin.py:115} INFO - [2022-08-23 11:59:59,727] {dag.py:2420} INFO - Sync 1 DAGs
[2022-08-23 11:59:59,845] {logging_mixin.py:115} INFO - [2022-08-23 11:59:59,845] {dag.py:2972} INFO - Setting next_dagrun for example_branch_dop_operator_v3 to 2022-08-23T11:58:00+00:00, run_after=2022-08-23T11:59:00+00:00
[2022-08-23 11:59:59,864] {processor.py:161} INFO - Processing /home/airflow/.local/lib/python3.7/site-packages/airflow/example_dags/example_branch_python_dop_operator_3.py took 0.190 seconds
[2022-08-23 12:00:31,508] {processor.py:153} INFO - Started process (PID=185) to work on /home/airflow/.local/lib/python3.7/site-packages/airflow/example_dags/example_branch_python_dop_operator_3.py
[2022-08-23 12:00:31,508] {processor.py:641} INFO - Processing file /home/airflow/.local/lib/python3.7/site-packages/airflow/example_dags/example_branch_python_dop_operator_3.py for tasks to queue
[2022-08-23 12:00:31,509] {logging_mixin.py:115} INFO - [2022-08-23 12:00:31,509] {dagbag.py:508} INFO - Filling up the DagBag from /home/airflow/.local/lib/python3.7/site-packages/airflow/example_dags/example_branch_python_dop_operator_3.py
[2022-08-23 12:00:31,523] {processor.py:651} INFO - DAG(s) dict_keys(['example_branch_dop_operator_v3']) retrieved from /home/airflow/.local/lib/python3.7/site-packages/airflow/example_dags/example_branch_python_dop_operator_3.py
[2022-08-23 12:00:31,562] {logging_mixin.py:115} INFO - [2022-08-23 12:00:31,562] {dag.py:2420} INFO - Sync 1 DAGs
[2022-08-23 12:00:31,732] {logging_mixin.py:115} INFO - [2022-08-23 12:00:31,732] {dag.py:2972} INFO - Setting next_dagrun for example_branch_dop_operator_v3 to 2022-08-23T11:59:00+00:00, run_after=2022-08-23T12:00:00+00:00
[2022-08-23 12:00:31,742] {processor.py:161} INFO - Processing /home/airflow/.local/lib/python3.7/site-packages/airflow/example_dags/example_branch_python_dop_operator_3.py took 0.239 seconds
[2022-08-23 12:01:01,910] {processor.py:153} INFO - Started process (PID=237) to work on /home/airflow/.local/lib/python3.7/site-packages/airflow/example_dags/example_branch_python_dop_operator_3.py
[2022-08-23 12:01:01,911] {processor.py:641} INFO - Processing file /home/airflow/.local/lib/python3.7/site-packages/airflow/example_dags/example_branch_python_dop_operator_3.py for tasks to queue
[2022-08-23 12:01:01,911] {logging_mixin.py:115} INFO - [2022-08-23 12:01:01,911] {dagbag.py:508} INFO - Filling up the DagBag from /home/airflow/.local/lib/python3.7/site-packages/airflow/example_dags/example_branch_python_dop_operator_3.py
[2022-08-23 12:01:01,926] {processor.py:651} INFO - DAG(s) dict_keys(['example_branch_dop_operator_v3']) retrieved from /home/airflow/.local/lib/python3.7/site-packages/airflow/example_dags/example_branch_python_dop_operator_3.py
[2022-08-23 12:01:01,952] {logging_mixin.py:115} INFO - [2022-08-23 12:01:01,952] {dag.py:2420} INFO - Sync 1 DAGs
[2022-08-23 12:01:02,085] {logging_mixin.py:115} INFO - [2022-08-23 12:01:02,085] {dag.py:2972} INFO - Setting next_dagrun for example_branch_dop_operator_v3 to 2022-08-23T12:00:00+00:00, run_after=2022-08-23T12:01:00+00:00
[2022-08-23 12:01:02,104] {processor.py:161} INFO - Processing /home/airflow/.local/lib/python3.7/site-packages/airflow/example_dags/example_branch_python_dop_operator_3.py took 0.198 seconds
[2022-08-23 12:01:32,544] {processor.py:153} INFO - Started process (PID=298) to work on /home/airflow/.local/lib/python3.7/site-packages/airflow/example_dags/example_branch_python_dop_operator_3.py
[2022-08-23 12:01:32,544] {processor.py:641} INFO - Processing file /home/airflow/.local/lib/python3.7/site-packages/airflow/example_dags/example_branch_python_dop_operator_3.py for tasks to queue
[2022-08-23 12:01:32,545] {logging_mixin.py:115} INFO - [2022-08-23 12:01:32,545] {dagbag.py:508} INFO - Filling up the DagBag from /home/airflow/.local/lib/python3.7/site-packages/airflow/example_dags/example_branch_python_dop_operator_3.py
[2022-08-23 12:01:32,555] {processor.py:651} INFO - DAG(s) dict_keys(['example_branch_dop_operator_v3']) retrieved from /home/airflow/.local/lib/python3.7/site-packages/airflow/example_dags/example_branch_python_dop_operator_3.py
[2022-08-23 12:01:32,587] {logging_mixin.py:115} INFO - [2022-08-23 12:01:32,587] {dag.py:2420} INFO - Sync 1 DAGs
[2022-08-23 12:01:32,813] {logging_mixin.py:115} INFO - [2022-08-23 12:01:32,813] {dag.py:2972} INFO - Setting next_dagrun for example_branch_dop_operator_v3 to 2022-08-23T12:00:00+00:00, run_after=2022-08-23T12:01:00+00:00
[2022-08-23 12:01:32,835] {processor.py:161} INFO - Processing /home/airflow/.local/lib/python3.7/site-packages/airflow/example_dags/example_branch_python_dop_operator_3.py took 0.294 seconds
[2022-08-23 12:02:07,294] {processor.py:153} INFO - Started process (PID=358) to work on /home/airflow/.local/lib/python3.7/site-packages/airflow/example_dags/example_branch_python_dop_operator_3.py
[2022-08-23 12:02:07,296] {processor.py:641} INFO - Processing file /home/airflow/.local/lib/python3.7/site-packages/airflow/example_dags/example_branch_python_dop_operator_3.py for tasks to queue
[2022-08-23 12:02:07,298] {logging_mixin.py:115} INFO - [2022-08-23 12:02:07,298] {dagbag.py:508} INFO - Filling up the DagBag from /home/airflow/.local/lib/python3.7/site-packages/airflow/example_dags/example_branch_python_dop_operator_3.py
[2022-08-23 12:02:07,337] {processor.py:651} INFO - DAG(s) dict_keys(['example_branch_dop_operator_v3']) retrieved from /home/airflow/.local/lib/python3.7/site-packages/airflow/example_dags/example_branch_python_dop_operator_3.py
[2022-08-23 12:02:07,433] {logging_mixin.py:115} INFO - [2022-08-23 12:02:07,433] {dag.py:2420} INFO - Sync 1 DAGs
[2022-08-23 12:02:07,936] {logging_mixin.py:115} INFO - [2022-08-23 12:02:07,936] {dag.py:2972} INFO - Setting next_dagrun for example_branch_dop_operator_v3 to 2022-08-23T12:01:00+00:00, run_after=2022-08-23T12:02:00+00:00
[2022-08-23 12:02:07,965] {processor.py:161} INFO - Processing /home/airflow/.local/lib/python3.7/site-packages/airflow/example_dags/example_branch_python_dop_operator_3.py took 0.685 seconds
[2022-08-23 12:02:38,542] {processor.py:153} INFO - Started process (PID=410) to work on /home/airflow/.local/lib/python3.7/site-packages/airflow/example_dags/example_branch_python_dop_operator_3.py
[2022-08-23 12:02:38,543] {processor.py:641} INFO - Processing file /home/airflow/.local/lib/python3.7/site-packages/airflow/example_dags/example_branch_python_dop_operator_3.py for tasks to queue
[2022-08-23 12:02:38,543] {logging_mixin.py:115} INFO - [2022-08-23 12:02:38,543] {dagbag.py:508} INFO - Filling up the DagBag from /home/airflow/.local/lib/python3.7/site-packages/airflow/example_dags/example_branch_python_dop_operator_3.py
[2022-08-23 12:02:38,557] {processor.py:651} INFO - DAG(s) dict_keys(['example_branch_dop_operator_v3']) retrieved from /home/airflow/.local/lib/python3.7/site-packages/airflow/example_dags/example_branch_python_dop_operator_3.py
[2022-08-23 12:02:38,593] {logging_mixin.py:115} INFO - [2022-08-23 12:02:38,593] {dag.py:2420} INFO - Sync 1 DAGs
[2022-08-23 12:02:38,776] {logging_mixin.py:115} INFO - [2022-08-23 12:02:38,776] {dag.py:2972} INFO - Setting next_dagrun for example_branch_dop_operator_v3 to 2022-08-23T12:01:00+00:00, run_after=2022-08-23T12:02:00+00:00
[2022-08-23 12:02:38,796] {processor.py:161} INFO - Processing /home/airflow/.local/lib/python3.7/site-packages/airflow/example_dags/example_branch_python_dop_operator_3.py took 0.257 seconds
[2022-08-23 12:03:08,958] {processor.py:153} INFO - Started process (PID=471) to work on /home/airflow/.local/lib/python3.7/site-packages/airflow/example_dags/example_branch_python_dop_operator_3.py
[2022-08-23 12:03:08,959] {processor.py:641} INFO - Processing file /home/airflow/.local/lib/python3.7/site-packages/airflow/example_dags/example_branch_python_dop_operator_3.py for tasks to queue
[2022-08-23 12:03:08,959] {logging_mixin.py:115} INFO - [2022-08-23 12:03:08,959] {dagbag.py:508} INFO - Filling up the DagBag from /home/airflow/.local/lib/python3.7/site-packages/airflow/example_dags/example_branch_python_dop_operator_3.py
[2022-08-23 12:03:08,973] {processor.py:651} INFO - DAG(s) dict_keys(['example_branch_dop_operator_v3']) retrieved from /home/airflow/.local/lib/python3.7/site-packages/airflow/example_dags/example_branch_python_dop_operator_3.py
[2022-08-23 12:03:09,002] {logging_mixin.py:115} INFO - [2022-08-23 12:03:09,002] {dag.py:2420} INFO - Sync 1 DAGs
[2022-08-23 12:03:09,218] {logging_mixin.py:115} INFO - [2022-08-23 12:03:09,218] {dag.py:2972} INFO - Setting next_dagrun for example_branch_dop_operator_v3 to 2022-08-23T12:02:00+00:00, run_after=2022-08-23T12:03:00+00:00
[2022-08-23 12:03:09,233] {processor.py:161} INFO - Processing /home/airflow/.local/lib/python3.7/site-packages/airflow/example_dags/example_branch_python_dop_operator_3.py took 0.281 seconds
[2022-08-23 12:03:39,458] {processor.py:153} INFO - Started process (PID=523) to work on /home/airflow/.local/lib/python3.7/site-packages/airflow/example_dags/example_branch_python_dop_operator_3.py
[2022-08-23 12:03:39,459] {processor.py:641} INFO - Processing file /home/airflow/.local/lib/python3.7/site-packages/airflow/example_dags/example_branch_python_dop_operator_3.py for tasks to queue
[2022-08-23 12:03:39,459] {logging_mixin.py:115} INFO - [2022-08-23 12:03:39,459] {dagbag.py:508} INFO - Filling up the DagBag from /home/airflow/.local/lib/python3.7/site-packages/airflow/example_dags/example_branch_python_dop_operator_3.py
[2022-08-23 12:03:39,470] {processor.py:651} INFO - DAG(s) dict_keys(['example_branch_dop_operator_v3']) retrieved from /home/airflow/.local/lib/python3.7/site-packages/airflow/example_dags/example_branch_python_dop_operator_3.py
[2022-08-23 12:03:39,497] {logging_mixin.py:115} INFO - [2022-08-23 12:03:39,497] {dag.py:2420} INFO - Sync 1 DAGs
[2022-08-23 12:03:39,670] {logging_mixin.py:115} INFO - [2022-08-23 12:03:39,669] {dag.py:2972} INFO - Setting next_dagrun for example_branch_dop_operator_v3 to 2022-08-23T12:02:00+00:00, run_after=2022-08-23T12:03:00+00:00
[2022-08-23 12:03:39,681] {processor.py:161} INFO - Processing /home/airflow/.local/lib/python3.7/site-packages/airflow/example_dags/example_branch_python_dop_operator_3.py took 0.225 seconds
[2022-08-23 12:04:09,927] {processor.py:153} INFO - Started process (PID=584) to work on /home/airflow/.local/lib/python3.7/site-packages/airflow/example_dags/example_branch_python_dop_operator_3.py
[2022-08-23 12:04:09,931] {processor.py:641} INFO - Processing file /home/airflow/.local/lib/python3.7/site-packages/airflow/example_dags/example_branch_python_dop_operator_3.py for tasks to queue
[2022-08-23 12:04:09,932] {logging_mixin.py:115} INFO - [2022-08-23 12:04:09,932] {dagbag.py:508} INFO - Filling up the DagBag from /home/airflow/.local/lib/python3.7/site-packages/airflow/example_dags/example_branch_python_dop_operator_3.py
[2022-08-23 12:04:09,945] {processor.py:651} INFO - DAG(s) dict_keys(['example_branch_dop_operator_v3']) retrieved from /home/airflow/.local/lib/python3.7/site-packages/airflow/example_dags/example_branch_python_dop_operator_3.py
[2022-08-23 12:04:09,977] {logging_mixin.py:115} INFO - [2022-08-23 12:04:09,976] {dag.py:2420} INFO - Sync 1 DAGs
[2022-08-23 12:04:10,148] {logging_mixin.py:115} INFO - [2022-08-23 12:04:10,148] {dag.py:2972} INFO - Setting next_dagrun for example_branch_dop_operator_v3 to 2022-08-23T12:03:00+00:00, run_after=2022-08-23T12:04:00+00:00
[2022-08-23 12:04:10,163] {processor.py:161} INFO - Processing /home/airflow/.local/lib/python3.7/site-packages/airflow/example_dags/example_branch_python_dop_operator_3.py took 0.239 seconds
[2022-08-23 12:04:40,834] {processor.py:153} INFO - Started process (PID=645) to work on /home/airflow/.local/lib/python3.7/site-packages/airflow/example_dags/example_branch_python_dop_operator_3.py
[2022-08-23 12:04:40,836] {processor.py:641} INFO - Processing file /home/airflow/.local/lib/python3.7/site-packages/airflow/example_dags/example_branch_python_dop_operator_3.py for tasks to queue
[2022-08-23 12:04:40,836] {logging_mixin.py:115} INFO - [2022-08-23 12:04:40,836] {dagbag.py:508} INFO - Filling up the DagBag from /home/airflow/.local/lib/python3.7/site-packages/airflow/example_dags/example_branch_python_dop_operator_3.py
[2022-08-23 12:04:40,845] {processor.py:651} INFO - DAG(s) dict_keys(['example_branch_dop_operator_v3']) retrieved from /home/airflow/.local/lib/python3.7/site-packages/airflow/example_dags/example_branch_python_dop_operator_3.py
[2022-08-23 12:04:40,872] {logging_mixin.py:115} INFO - [2022-08-23 12:04:40,872] {dag.py:2420} INFO - Sync 1 DAGs
[2022-08-23 12:04:41,048] {logging_mixin.py:115} INFO - [2022-08-23 12:04:41,048] {dag.py:2972} INFO - Setting next_dagrun for example_branch_dop_operator_v3 to 2022-08-23T12:03:00+00:00, run_after=2022-08-23T12:04:00+00:00
[2022-08-23 12:04:41,060] {processor.py:161} INFO - Processing /home/airflow/.local/lib/python3.7/site-packages/airflow/example_dags/example_branch_python_dop_operator_3.py took 0.231 seconds
[2022-08-23 12:05:11,256] {processor.py:153} INFO - Started process (PID=697) to work on /home/airflow/.local/lib/python3.7/site-packages/airflow/example_dags/example_branch_python_dop_operator_3.py
[2022-08-23 12:05:11,265] {processor.py:641} INFO - Processing file /home/airflow/.local/lib/python3.7/site-packages/airflow/example_dags/example_branch_python_dop_operator_3.py for tasks to queue
[2022-08-23 12:05:11,266] {logging_mixin.py:115} INFO - [2022-08-23 12:05:11,266] {dagbag.py:508} INFO - Filling up the DagBag from /home/airflow/.local/lib/python3.7/site-packages/airflow/example_dags/example_branch_python_dop_operator_3.py
[2022-08-23 12:05:11,273] {processor.py:651} INFO - DAG(s) dict_keys(['example_branch_dop_operator_v3']) retrieved from /home/airflow/.local/lib/python3.7/site-packages/airflow/example_dags/example_branch_python_dop_operator_3.py
[2022-08-23 12:05:11,302] {logging_mixin.py:115} INFO - [2022-08-23 12:05:11,302] {dag.py:2420} INFO - Sync 1 DAGs
[2022-08-23 12:05:11,493] {logging_mixin.py:115} INFO - [2022-08-23 12:05:11,493] {dag.py:2972} INFO - Setting next_dagrun for example_branch_dop_operator_v3 to 2022-08-23T12:04:00+00:00, run_after=2022-08-23T12:05:00+00:00
[2022-08-23 12:05:11,513] {processor.py:161} INFO - Processing /home/airflow/.local/lib/python3.7/site-packages/airflow/example_dags/example_branch_python_dop_operator_3.py took 0.260 seconds
[2022-08-23 12:05:43,720] {processor.py:153} INFO - Started process (PID=758) to work on /home/airflow/.local/lib/python3.7/site-packages/airflow/example_dags/example_branch_python_dop_operator_3.py
[2022-08-23 12:05:43,721] {processor.py:641} INFO - Processing file /home/airflow/.local/lib/python3.7/site-packages/airflow/example_dags/example_branch_python_dop_operator_3.py for tasks to queue
[2022-08-23 12:05:43,722] {logging_mixin.py:115} INFO - [2022-08-23 12:05:43,721] {dagbag.py:508} INFO - Filling up the DagBag from /home/airflow/.local/lib/python3.7/site-packages/airflow/example_dags/example_branch_python_dop_operator_3.py
[2022-08-23 12:05:43,740] {processor.py:651} INFO - DAG(s) dict_keys(['example_branch_dop_operator_v3']) retrieved from /home/airflow/.local/lib/python3.7/site-packages/airflow/example_dags/example_branch_python_dop_operator_3.py
[2022-08-23 12:05:43,776] {logging_mixin.py:115} INFO - [2022-08-23 12:05:43,776] {dag.py:2420} INFO - Sync 1 DAGs
[2022-08-23 12:05:44,008] {logging_mixin.py:115} INFO - [2022-08-23 12:05:44,007] {dag.py:2972} INFO - Setting next_dagrun for example_branch_dop_operator_v3 to 2022-08-23T12:04:00+00:00, run_after=2022-08-23T12:05:00+00:00
[2022-08-23 12:05:44,023] {processor.py:161} INFO - Processing /home/airflow/.local/lib/python3.7/site-packages/airflow/example_dags/example_branch_python_dop_operator_3.py took 0.306 seconds
[2022-08-23 12:06:14,094] {processor.py:153} INFO - Started process (PID=819) to work on /home/airflow/.local/lib/python3.7/site-packages/airflow/example_dags/example_branch_python_dop_operator_3.py
[2022-08-23 12:06:14,095] {processor.py:641} INFO - Processing file /home/airflow/.local/lib/python3.7/site-packages/airflow/example_dags/example_branch_python_dop_operator_3.py for tasks to queue
[2022-08-23 12:06:14,095] {logging_mixin.py:115} INFO - [2022-08-23 12:06:14,095] {dagbag.py:508} INFO - Filling up the DagBag from /home/airflow/.local/lib/python3.7/site-packages/airflow/example_dags/example_branch_python_dop_operator_3.py
[2022-08-23 12:06:14,104] {processor.py:651} INFO - DAG(s) dict_keys(['example_branch_dop_operator_v3']) retrieved from /home/airflow/.local/lib/python3.7/site-packages/airflow/example_dags/example_branch_python_dop_operator_3.py
[2022-08-23 12:06:14,132] {logging_mixin.py:115} INFO - [2022-08-23 12:06:14,132] {dag.py:2420} INFO - Sync 1 DAGs
[2022-08-23 12:06:14,297] {logging_mixin.py:115} INFO - [2022-08-23 12:06:14,297] {dag.py:2972} INFO - Setting next_dagrun for example_branch_dop_operator_v3 to 2022-08-23T12:05:00+00:00, run_after=2022-08-23T12:06:00+00:00
[2022-08-23 12:06:14,307] {processor.py:161} INFO - Processing /home/airflow/.local/lib/python3.7/site-packages/airflow/example_dags/example_branch_python_dop_operator_3.py took 0.215 seconds
[2022-08-23 12:06:44,939] {processor.py:153} INFO - Started process (PID=871) to work on /home/airflow/.local/lib/python3.7/site-packages/airflow/example_dags/example_branch_python_dop_operator_3.py
[2022-08-23 12:06:44,940] {processor.py:641} INFO - Processing file /home/airflow/.local/lib/python3.7/site-packages/airflow/example_dags/example_branch_python_dop_operator_3.py for tasks to queue
[2022-08-23 12:06:44,941] {logging_mixin.py:115} INFO - [2022-08-23 12:06:44,940] {dagbag.py:508} INFO - Filling up the DagBag from /home/airflow/.local/lib/python3.7/site-packages/airflow/example_dags/example_branch_python_dop_operator_3.py
[2022-08-23 12:06:44,957] {processor.py:651} INFO - DAG(s) dict_keys(['example_branch_dop_operator_v3']) retrieved from /home/airflow/.local/lib/python3.7/site-packages/airflow/example_dags/example_branch_python_dop_operator_3.py
[2022-08-23 12:06:44,997] {logging_mixin.py:115} INFO - [2022-08-23 12:06:44,997] {dag.py:2420} INFO - Sync 1 DAGs
[2022-08-23 12:06:45,193] {logging_mixin.py:115} INFO - [2022-08-23 12:06:45,193] {dag.py:2972} INFO - Setting next_dagrun for example_branch_dop_operator_v3 to 2022-08-23T12:05:00+00:00, run_after=2022-08-23T12:06:00+00:00
[2022-08-23 12:06:45,207] {processor.py:161} INFO - Processing /home/airflow/.local/lib/python3.7/site-packages/airflow/example_dags/example_branch_python_dop_operator_3.py took 0.272 seconds
[2022-08-23 12:07:15,595] {processor.py:153} INFO - Started process (PID=932) to work on /home/airflow/.local/lib/python3.7/site-packages/airflow/example_dags/example_branch_python_dop_operator_3.py
[2022-08-23 12:07:15,596] {processor.py:641} INFO - Processing file /home/airflow/.local/lib/python3.7/site-packages/airflow/example_dags/example_branch_python_dop_operator_3.py for tasks to queue
[2022-08-23 12:07:15,597] {logging_mixin.py:115} INFO - [2022-08-23 12:07:15,597] {dagbag.py:508} INFO - Filling up the DagBag from /home/airflow/.local/lib/python3.7/site-packages/airflow/example_dags/example_branch_python_dop_operator_3.py
[2022-08-23 12:07:15,612] {processor.py:651} INFO - DAG(s) dict_keys(['example_branch_dop_operator_v3']) retrieved from /home/airflow/.local/lib/python3.7/site-packages/airflow/example_dags/example_branch_python_dop_operator_3.py
[2022-08-23 12:07:15,646] {logging_mixin.py:115} INFO - [2022-08-23 12:07:15,646] {dag.py:2420} INFO - Sync 1 DAGs
[2022-08-23 12:07:15,812] {logging_mixin.py:115} INFO - [2022-08-23 12:07:15,812] {dag.py:2972} INFO - Setting next_dagrun for example_branch_dop_operator_v3 to 2022-08-23T12:06:00+00:00, run_after=2022-08-23T12:07:00+00:00
[2022-08-23 12:07:15,824] {processor.py:161} INFO - Processing /home/airflow/.local/lib/python3.7/site-packages/airflow/example_dags/example_branch_python_dop_operator_3.py took 0.234 seconds
[2022-08-23 12:07:46,133] {processor.py:153} INFO - Started process (PID=993) to work on /home/airflow/.local/lib/python3.7/site-packages/airflow/example_dags/example_branch_python_dop_operator_3.py
[2022-08-23 12:07:46,133] {processor.py:641} INFO - Processing file /home/airflow/.local/lib/python3.7/site-packages/airflow/example_dags/example_branch_python_dop_operator_3.py for tasks to queue
[2022-08-23 12:07:46,134] {logging_mixin.py:115} INFO - [2022-08-23 12:07:46,134] {dagbag.py:508} INFO - Filling up the DagBag from /home/airflow/.local/lib/python3.7/site-packages/airflow/example_dags/example_branch_python_dop_operator_3.py
[2022-08-23 12:07:46,145] {processor.py:651} INFO - DAG(s) dict_keys(['example_branch_dop_operator_v3']) retrieved from /home/airflow/.local/lib/python3.7/site-packages/airflow/example_dags/example_branch_python_dop_operator_3.py
[2022-08-23 12:07:46,184] {logging_mixin.py:115} INFO - [2022-08-23 12:07:46,184] {dag.py:2420} INFO - Sync 1 DAGs
[2022-08-23 12:07:46,387] {logging_mixin.py:115} INFO - [2022-08-23 12:07:46,387] {dag.py:2972} INFO - Setting next_dagrun for example_branch_dop_operator_v3 to 2022-08-23T12:06:00+00:00, run_after=2022-08-23T12:07:00+00:00
[2022-08-23 12:07:46,402] {processor.py:161} INFO - Processing /home/airflow/.local/lib/python3.7/site-packages/airflow/example_dags/example_branch_python_dop_operator_3.py took 0.273 seconds
[2022-08-23 12:08:17,175] {processor.py:153} INFO - Started process (PID=1045) to work on /home/airflow/.local/lib/python3.7/site-packages/airflow/example_dags/example_branch_python_dop_operator_3.py
[2022-08-23 12:08:17,176] {processor.py:641} INFO - Processing file /home/airflow/.local/lib/python3.7/site-packages/airflow/example_dags/example_branch_python_dop_operator_3.py for tasks to queue
[2022-08-23 12:08:17,176] {logging_mixin.py:115} INFO - [2022-08-23 12:08:17,176] {dagbag.py:508} INFO - Filling up the DagBag from /home/airflow/.local/lib/python3.7/site-packages/airflow/example_dags/example_branch_python_dop_operator_3.py
[2022-08-23 12:08:17,185] {processor.py:651} INFO - DAG(s) dict_keys(['example_branch_dop_operator_v3']) retrieved from /home/airflow/.local/lib/python3.7/site-packages/airflow/example_dags/example_branch_python_dop_operator_3.py
[2022-08-23 12:08:17,225] {logging_mixin.py:115} INFO - [2022-08-23 12:08:17,225] {dag.py:2420} INFO - Sync 1 DAGs
[2022-08-23 12:08:17,375] {logging_mixin.py:115} INFO - [2022-08-23 12:08:17,375] {dag.py:2972} INFO - Setting next_dagrun for example_branch_dop_operator_v3 to 2022-08-23T12:07:00+00:00, run_after=2022-08-23T12:08:00+00:00
[2022-08-23 12:08:17,397] {processor.py:161} INFO - Processing /home/airflow/.local/lib/python3.7/site-packages/airflow/example_dags/example_branch_python_dop_operator_3.py took 0.225 seconds
[2022-08-23 12:08:47,654] {processor.py:153} INFO - Started process (PID=1106) to work on /home/airflow/.local/lib/python3.7/site-packages/airflow/example_dags/example_branch_python_dop_operator_3.py
[2022-08-23 12:08:47,655] {processor.py:641} INFO - Processing file /home/airflow/.local/lib/python3.7/site-packages/airflow/example_dags/example_branch_python_dop_operator_3.py for tasks to queue
[2022-08-23 12:08:47,656] {logging_mixin.py:115} INFO - [2022-08-23 12:08:47,656] {dagbag.py:508} INFO - Filling up the DagBag from /home/airflow/.local/lib/python3.7/site-packages/airflow/example_dags/example_branch_python_dop_operator_3.py
[2022-08-23 12:08:47,672] {processor.py:651} INFO - DAG(s) dict_keys(['example_branch_dop_operator_v3']) retrieved from /home/airflow/.local/lib/python3.7/site-packages/airflow/example_dags/example_branch_python_dop_operator_3.py
[2022-08-23 12:08:47,701] {logging_mixin.py:115} INFO - [2022-08-23 12:08:47,701] {dag.py:2420} INFO - Sync 1 DAGs
[2022-08-23 12:08:47,863] {logging_mixin.py:115} INFO - [2022-08-23 12:08:47,863] {dag.py:2972} INFO - Setting next_dagrun for example_branch_dop_operator_v3 to 2022-08-23T12:07:00+00:00, run_after=2022-08-23T12:08:00+00:00
[2022-08-23 12:08:47,873] {processor.py:161} INFO - Processing /home/airflow/.local/lib/python3.7/site-packages/airflow/example_dags/example_branch_python_dop_operator_3.py took 0.224 seconds
[2022-08-23 12:09:18,644] {processor.py:153} INFO - Started process (PID=1167) to work on /home/airflow/.local/lib/python3.7/site-packages/airflow/example_dags/example_branch_python_dop_operator_3.py
[2022-08-23 12:09:18,645] {processor.py:641} INFO - Processing file /home/airflow/.local/lib/python3.7/site-packages/airflow/example_dags/example_branch_python_dop_operator_3.py for tasks to queue
[2022-08-23 12:09:18,647] {logging_mixin.py:115} INFO - [2022-08-23 12:09:18,646] {dagbag.py:508} INFO - Filling up the DagBag from /home/airflow/.local/lib/python3.7/site-packages/airflow/example_dags/example_branch_python_dop_operator_3.py
[2022-08-23 12:09:18,674] {processor.py:651} INFO - DAG(s) dict_keys(['example_branch_dop_operator_v3']) retrieved from /home/airflow/.local/lib/python3.7/site-packages/airflow/example_dags/example_branch_python_dop_operator_3.py
[2022-08-23 12:09:18,721] {logging_mixin.py:115} INFO - [2022-08-23 12:09:18,721] {dag.py:2420} INFO - Sync 1 DAGs
[2022-08-23 12:09:18,946] {logging_mixin.py:115} INFO - [2022-08-23 12:09:18,946] {dag.py:2972} INFO - Setting next_dagrun for example_branch_dop_operator_v3 to 2022-08-23T12:08:00+00:00, run_after=2022-08-23T12:09:00+00:00
[2022-08-23 12:09:18,959] {processor.py:161} INFO - Processing /home/airflow/.local/lib/python3.7/site-packages/airflow/example_dags/example_branch_python_dop_operator_3.py took 0.319 seconds
[2022-08-23 12:09:49,628] {processor.py:153} INFO - Started process (PID=1219) to work on /home/airflow/.local/lib/python3.7/site-packages/airflow/example_dags/example_branch_python_dop_operator_3.py
[2022-08-23 12:09:49,629] {processor.py:641} INFO - Processing file /home/airflow/.local/lib/python3.7/site-packages/airflow/example_dags/example_branch_python_dop_operator_3.py for tasks to queue
[2022-08-23 12:09:49,629] {logging_mixin.py:115} INFO - [2022-08-23 12:09:49,629] {dagbag.py:508} INFO - Filling up the DagBag from /home/airflow/.local/lib/python3.7/site-packages/airflow/example_dags/example_branch_python_dop_operator_3.py
[2022-08-23 12:09:49,640] {processor.py:651} INFO - DAG(s) dict_keys(['example_branch_dop_operator_v3']) retrieved from /home/airflow/.local/lib/python3.7/site-packages/airflow/example_dags/example_branch_python_dop_operator_3.py
[2022-08-23 12:09:49,670] {logging_mixin.py:115} INFO - [2022-08-23 12:09:49,669] {dag.py:2420} INFO - Sync 1 DAGs
[2022-08-23 12:09:49,865] {logging_mixin.py:115} INFO - [2022-08-23 12:09:49,865] {dag.py:2972} INFO - Setting next_dagrun for example_branch_dop_operator_v3 to 2022-08-23T12:08:00+00:00, run_after=2022-08-23T12:09:00+00:00
[2022-08-23 12:09:49,880] {processor.py:161} INFO - Processing /home/airflow/.local/lib/python3.7/site-packages/airflow/example_dags/example_branch_python_dop_operator_3.py took 0.254 seconds
[2022-08-23 12:10:20,082] {processor.py:153} INFO - Started process (PID=1280) to work on /home/airflow/.local/lib/python3.7/site-packages/airflow/example_dags/example_branch_python_dop_operator_3.py
[2022-08-23 12:10:20,083] {processor.py:641} INFO - Processing file /home/airflow/.local/lib/python3.7/site-packages/airflow/example_dags/example_branch_python_dop_operator_3.py for tasks to queue
[2022-08-23 12:10:20,084] {logging_mixin.py:115} INFO - [2022-08-23 12:10:20,083] {dagbag.py:508} INFO - Filling up the DagBag from /home/airflow/.local/lib/python3.7/site-packages/airflow/example_dags/example_branch_python_dop_operator_3.py
[2022-08-23 12:10:20,093] {processor.py:651} INFO - DAG(s) dict_keys(['example_branch_dop_operator_v3']) retrieved from /home/airflow/.local/lib/python3.7/site-packages/airflow/example_dags/example_branch_python_dop_operator_3.py
[2022-08-23 12:10:20,124] {logging_mixin.py:115} INFO - [2022-08-23 12:10:20,124] {dag.py:2420} INFO - Sync 1 DAGs
[2022-08-23 12:10:20,274] {logging_mixin.py:115} INFO - [2022-08-23 12:10:20,274] {dag.py:2972} INFO - Setting next_dagrun for example_branch_dop_operator_v3 to 2022-08-23T12:09:00+00:00, run_after=2022-08-23T12:10:00+00:00
[2022-08-23 12:10:20,286] {processor.py:161} INFO - Processing /home/airflow/.local/lib/python3.7/site-packages/airflow/example_dags/example_branch_python_dop_operator_3.py took 0.206 seconds
[2022-08-23 12:10:50,620] {processor.py:153} INFO - Started process (PID=1341) to work on /home/airflow/.local/lib/python3.7/site-packages/airflow/example_dags/example_branch_python_dop_operator_3.py
[2022-08-23 12:10:50,621] {processor.py:641} INFO - Processing file /home/airflow/.local/lib/python3.7/site-packages/airflow/example_dags/example_branch_python_dop_operator_3.py for tasks to queue
[2022-08-23 12:10:50,621] {logging_mixin.py:115} INFO - [2022-08-23 12:10:50,621] {dagbag.py:508} INFO - Filling up the DagBag from /home/airflow/.local/lib/python3.7/site-packages/airflow/example_dags/example_branch_python_dop_operator_3.py
[2022-08-23 12:10:50,630] {processor.py:651} INFO - DAG(s) dict_keys(['example_branch_dop_operator_v3']) retrieved from /home/airflow/.local/lib/python3.7/site-packages/airflow/example_dags/example_branch_python_dop_operator_3.py
[2022-08-23 12:10:50,660] {logging_mixin.py:115} INFO - [2022-08-23 12:10:50,660] {dag.py:2420} INFO - Sync 1 DAGs
[2022-08-23 12:10:50,848] {logging_mixin.py:115} INFO - [2022-08-23 12:10:50,848] {dag.py:2972} INFO - Setting next_dagrun for example_branch_dop_operator_v3 to 2022-08-23T12:09:00+00:00, run_after=2022-08-23T12:10:00+00:00
[2022-08-23 12:10:50,864] {processor.py:161} INFO - Processing /home/airflow/.local/lib/python3.7/site-packages/airflow/example_dags/example_branch_python_dop_operator_3.py took 0.247 seconds
[2022-08-23 12:11:21,427] {processor.py:153} INFO - Started process (PID=1393) to work on /home/airflow/.local/lib/python3.7/site-packages/airflow/example_dags/example_branch_python_dop_operator_3.py
[2022-08-23 12:11:21,427] {processor.py:641} INFO - Processing file /home/airflow/.local/lib/python3.7/site-packages/airflow/example_dags/example_branch_python_dop_operator_3.py for tasks to queue
[2022-08-23 12:11:21,428] {logging_mixin.py:115} INFO - [2022-08-23 12:11:21,428] {dagbag.py:508} INFO - Filling up the DagBag from /home/airflow/.local/lib/python3.7/site-packages/airflow/example_dags/example_branch_python_dop_operator_3.py
[2022-08-23 12:11:21,437] {processor.py:651} INFO - DAG(s) dict_keys(['example_branch_dop_operator_v3']) retrieved from /home/airflow/.local/lib/python3.7/site-packages/airflow/example_dags/example_branch_python_dop_operator_3.py
[2022-08-23 12:11:21,467] {logging_mixin.py:115} INFO - [2022-08-23 12:11:21,466] {dag.py:2420} INFO - Sync 1 DAGs
[2022-08-23 12:11:21,630] {logging_mixin.py:115} INFO - [2022-08-23 12:11:21,630] {dag.py:2972} INFO - Setting next_dagrun for example_branch_dop_operator_v3 to 2022-08-23T12:10:00+00:00, run_after=2022-08-23T12:11:00+00:00
[2022-08-23 12:11:21,642] {processor.py:161} INFO - Processing /home/airflow/.local/lib/python3.7/site-packages/airflow/example_dags/example_branch_python_dop_operator_3.py took 0.218 seconds
[2022-08-23 12:11:52,019] {processor.py:153} INFO - Started process (PID=1454) to work on /home/airflow/.local/lib/python3.7/site-packages/airflow/example_dags/example_branch_python_dop_operator_3.py
[2022-08-23 12:11:52,020] {processor.py:641} INFO - Processing file /home/airflow/.local/lib/python3.7/site-packages/airflow/example_dags/example_branch_python_dop_operator_3.py for tasks to queue
[2022-08-23 12:11:52,021] {logging_mixin.py:115} INFO - [2022-08-23 12:11:52,021] {dagbag.py:508} INFO - Filling up the DagBag from /home/airflow/.local/lib/python3.7/site-packages/airflow/example_dags/example_branch_python_dop_operator_3.py
[2022-08-23 12:11:52,030] {processor.py:651} INFO - DAG(s) dict_keys(['example_branch_dop_operator_v3']) retrieved from /home/airflow/.local/lib/python3.7/site-packages/airflow/example_dags/example_branch_python_dop_operator_3.py
[2022-08-23 12:11:52,053] {logging_mixin.py:115} INFO - [2022-08-23 12:11:52,053] {dag.py:2420} INFO - Sync 1 DAGs
[2022-08-23 12:11:52,205] {logging_mixin.py:115} INFO - [2022-08-23 12:11:52,205] {dag.py:2972} INFO - Setting next_dagrun for example_branch_dop_operator_v3 to 2022-08-23T12:10:00+00:00, run_after=2022-08-23T12:11:00+00:00
[2022-08-23 12:11:52,215] {processor.py:161} INFO - Processing /home/airflow/.local/lib/python3.7/site-packages/airflow/example_dags/example_branch_python_dop_operator_3.py took 0.200 seconds
[2022-08-23 12:12:22,436] {processor.py:153} INFO - Started process (PID=1506) to work on /home/airflow/.local/lib/python3.7/site-packages/airflow/example_dags/example_branch_python_dop_operator_3.py
[2022-08-23 12:12:22,437] {processor.py:641} INFO - Processing file /home/airflow/.local/lib/python3.7/site-packages/airflow/example_dags/example_branch_python_dop_operator_3.py for tasks to queue
[2022-08-23 12:12:22,438] {logging_mixin.py:115} INFO - [2022-08-23 12:12:22,437] {dagbag.py:508} INFO - Filling up the DagBag from /home/airflow/.local/lib/python3.7/site-packages/airflow/example_dags/example_branch_python_dop_operator_3.py
[2022-08-23 12:12:22,448] {processor.py:651} INFO - DAG(s) dict_keys(['example_branch_dop_operator_v3']) retrieved from /home/airflow/.local/lib/python3.7/site-packages/airflow/example_dags/example_branch_python_dop_operator_3.py
[2022-08-23 12:12:22,484] {logging_mixin.py:115} INFO - [2022-08-23 12:12:22,483] {dag.py:2420} INFO - Sync 1 DAGs
[2022-08-23 12:12:22,680] {logging_mixin.py:115} INFO - [2022-08-23 12:12:22,680] {dag.py:2972} INFO - Setting next_dagrun for example_branch_dop_operator_v3 to 2022-08-23T12:11:00+00:00, run_after=2022-08-23T12:12:00+00:00
[2022-08-23 12:12:22,704] {processor.py:161} INFO - Processing /home/airflow/.local/lib/python3.7/site-packages/airflow/example_dags/example_branch_python_dop_operator_3.py took 0.271 seconds
[2022-08-23 12:12:52,814] {processor.py:153} INFO - Started process (PID=1567) to work on /home/airflow/.local/lib/python3.7/site-packages/airflow/example_dags/example_branch_python_dop_operator_3.py
[2022-08-23 12:12:52,815] {processor.py:641} INFO - Processing file /home/airflow/.local/lib/python3.7/site-packages/airflow/example_dags/example_branch_python_dop_operator_3.py for tasks to queue
[2022-08-23 12:12:52,815] {logging_mixin.py:115} INFO - [2022-08-23 12:12:52,815] {dagbag.py:508} INFO - Filling up the DagBag from /home/airflow/.local/lib/python3.7/site-packages/airflow/example_dags/example_branch_python_dop_operator_3.py
[2022-08-23 12:12:52,824] {processor.py:651} INFO - DAG(s) dict_keys(['example_branch_dop_operator_v3']) retrieved from /home/airflow/.local/lib/python3.7/site-packages/airflow/example_dags/example_branch_python_dop_operator_3.py
[2022-08-23 12:12:52,850] {logging_mixin.py:115} INFO - [2022-08-23 12:12:52,850] {dag.py:2420} INFO - Sync 1 DAGs
[2022-08-23 12:12:53,011] {logging_mixin.py:115} INFO - [2022-08-23 12:12:53,011] {dag.py:2972} INFO - Setting next_dagrun for example_branch_dop_operator_v3 to 2022-08-23T12:11:00+00:00, run_after=2022-08-23T12:12:00+00:00
[2022-08-23 12:12:53,021] {processor.py:161} INFO - Processing /home/airflow/.local/lib/python3.7/site-packages/airflow/example_dags/example_branch_python_dop_operator_3.py took 0.210 seconds
[2022-08-23 12:13:23,133] {processor.py:153} INFO - Started process (PID=1628) to work on /home/airflow/.local/lib/python3.7/site-packages/airflow/example_dags/example_branch_python_dop_operator_3.py
[2022-08-23 12:13:23,133] {processor.py:641} INFO - Processing file /home/airflow/.local/lib/python3.7/site-packages/airflow/example_dags/example_branch_python_dop_operator_3.py for tasks to queue
[2022-08-23 12:13:23,134] {logging_mixin.py:115} INFO - [2022-08-23 12:13:23,134] {dagbag.py:508} INFO - Filling up the DagBag from /home/airflow/.local/lib/python3.7/site-packages/airflow/example_dags/example_branch_python_dop_operator_3.py
[2022-08-23 12:13:23,152] {processor.py:651} INFO - DAG(s) dict_keys(['example_branch_dop_operator_v3']) retrieved from /home/airflow/.local/lib/python3.7/site-packages/airflow/example_dags/example_branch_python_dop_operator_3.py
[2022-08-23 12:13:23,185] {logging_mixin.py:115} INFO - [2022-08-23 12:13:23,185] {dag.py:2420} INFO - Sync 1 DAGs
[2022-08-23 12:13:23,343] {logging_mixin.py:115} INFO - [2022-08-23 12:13:23,343] {dag.py:2972} INFO - Setting next_dagrun for example_branch_dop_operator_v3 to 2022-08-23T12:12:00+00:00, run_after=2022-08-23T12:13:00+00:00
[2022-08-23 12:13:23,354] {processor.py:161} INFO - Processing /home/airflow/.local/lib/python3.7/site-packages/airflow/example_dags/example_branch_python_dop_operator_3.py took 0.226 seconds
