[2022-08-23 11:59:30,095] {processor.py:153} INFO - Started process (PID=69) to work on /home/airflow/.local/lib/python3.7/site-packages/airflow/example_dags/example_task_group.py
[2022-08-23 11:59:30,096] {processor.py:641} INFO - Processing file /home/airflow/.local/lib/python3.7/site-packages/airflow/example_dags/example_task_group.py for tasks to queue
[2022-08-23 11:59:30,097] {logging_mixin.py:115} INFO - [2022-08-23 11:59:30,097] {dagbag.py:508} INFO - Filling up the DagBag from /home/airflow/.local/lib/python3.7/site-packages/airflow/example_dags/example_task_group.py
[2022-08-23 11:59:30,107] {processor.py:651} INFO - DAG(s) dict_keys(['example_task_group']) retrieved from /home/airflow/.local/lib/python3.7/site-packages/airflow/example_dags/example_task_group.py
[2022-08-23 11:59:30,138] {logging_mixin.py:115} INFO - [2022-08-23 11:59:30,138] {dag.py:2420} INFO - Sync 1 DAGs
[2022-08-23 11:59:30,263] {logging_mixin.py:115} INFO - [2022-08-23 11:59:30,262] {dag.py:2972} INFO - Setting next_dagrun for example_task_group to 2022-08-22T11:59:30.262841+00:00, run_after=2022-08-23T11:59:30.262841+00:00
[2022-08-23 11:59:30,271] {processor.py:161} INFO - Processing /home/airflow/.local/lib/python3.7/site-packages/airflow/example_dags/example_task_group.py took 0.180 seconds
[2022-08-23 12:00:01,283] {processor.py:153} INFO - Started process (PID=130) to work on /home/airflow/.local/lib/python3.7/site-packages/airflow/example_dags/example_task_group.py
[2022-08-23 12:00:01,284] {processor.py:641} INFO - Processing file /home/airflow/.local/lib/python3.7/site-packages/airflow/example_dags/example_task_group.py for tasks to queue
[2022-08-23 12:00:01,284] {logging_mixin.py:115} INFO - [2022-08-23 12:00:01,284] {dagbag.py:508} INFO - Filling up the DagBag from /home/airflow/.local/lib/python3.7/site-packages/airflow/example_dags/example_task_group.py
[2022-08-23 12:00:01,293] {processor.py:651} INFO - DAG(s) dict_keys(['example_task_group']) retrieved from /home/airflow/.local/lib/python3.7/site-packages/airflow/example_dags/example_task_group.py
[2022-08-23 12:00:01,328] {logging_mixin.py:115} INFO - [2022-08-23 12:00:01,328] {dag.py:2420} INFO - Sync 1 DAGs
[2022-08-23 12:00:01,450] {logging_mixin.py:115} INFO - [2022-08-23 12:00:01,450] {dag.py:2972} INFO - Setting next_dagrun for example_task_group to 2022-08-22T12:00:01.450713+00:00, run_after=2022-08-23T12:00:01.450713+00:00
[2022-08-23 12:00:01,459] {processor.py:161} INFO - Processing /home/airflow/.local/lib/python3.7/site-packages/airflow/example_dags/example_task_group.py took 0.179 seconds
[2022-08-23 12:00:32,319] {processor.py:153} INFO - Started process (PID=191) to work on /home/airflow/.local/lib/python3.7/site-packages/airflow/example_dags/example_task_group.py
[2022-08-23 12:00:32,319] {processor.py:641} INFO - Processing file /home/airflow/.local/lib/python3.7/site-packages/airflow/example_dags/example_task_group.py for tasks to queue
[2022-08-23 12:00:32,320] {logging_mixin.py:115} INFO - [2022-08-23 12:00:32,320] {dagbag.py:508} INFO - Filling up the DagBag from /home/airflow/.local/lib/python3.7/site-packages/airflow/example_dags/example_task_group.py
[2022-08-23 12:00:32,325] {processor.py:651} INFO - DAG(s) dict_keys(['example_task_group']) retrieved from /home/airflow/.local/lib/python3.7/site-packages/airflow/example_dags/example_task_group.py
[2022-08-23 12:00:32,360] {logging_mixin.py:115} INFO - [2022-08-23 12:00:32,360] {dag.py:2420} INFO - Sync 1 DAGs
[2022-08-23 12:00:32,511] {logging_mixin.py:115} INFO - [2022-08-23 12:00:32,511] {dag.py:2972} INFO - Setting next_dagrun for example_task_group to 2022-08-22T12:00:32.511057+00:00, run_after=2022-08-23T12:00:32.511057+00:00
[2022-08-23 12:00:32,522] {processor.py:161} INFO - Processing /home/airflow/.local/lib/python3.7/site-packages/airflow/example_dags/example_task_group.py took 0.206 seconds
[2022-08-23 12:01:02,736] {processor.py:153} INFO - Started process (PID=243) to work on /home/airflow/.local/lib/python3.7/site-packages/airflow/example_dags/example_task_group.py
[2022-08-23 12:01:02,736] {processor.py:641} INFO - Processing file /home/airflow/.local/lib/python3.7/site-packages/airflow/example_dags/example_task_group.py for tasks to queue
[2022-08-23 12:01:02,737] {logging_mixin.py:115} INFO - [2022-08-23 12:01:02,737] {dagbag.py:508} INFO - Filling up the DagBag from /home/airflow/.local/lib/python3.7/site-packages/airflow/example_dags/example_task_group.py
[2022-08-23 12:01:02,749] {processor.py:651} INFO - DAG(s) dict_keys(['example_task_group']) retrieved from /home/airflow/.local/lib/python3.7/site-packages/airflow/example_dags/example_task_group.py
[2022-08-23 12:01:02,789] {logging_mixin.py:115} INFO - [2022-08-23 12:01:02,789] {dag.py:2420} INFO - Sync 1 DAGs
[2022-08-23 12:01:02,924] {logging_mixin.py:115} INFO - [2022-08-23 12:01:02,924] {dag.py:2972} INFO - Setting next_dagrun for example_task_group to 2022-08-22T12:01:02.924227+00:00, run_after=2022-08-23T12:01:02.924227+00:00
[2022-08-23 12:01:02,935] {processor.py:161} INFO - Processing /home/airflow/.local/lib/python3.7/site-packages/airflow/example_dags/example_task_group.py took 0.204 seconds
[2022-08-23 12:01:33,772] {processor.py:153} INFO - Started process (PID=304) to work on /home/airflow/.local/lib/python3.7/site-packages/airflow/example_dags/example_task_group.py
[2022-08-23 12:01:33,773] {processor.py:641} INFO - Processing file /home/airflow/.local/lib/python3.7/site-packages/airflow/example_dags/example_task_group.py for tasks to queue
[2022-08-23 12:01:33,774] {logging_mixin.py:115} INFO - [2022-08-23 12:01:33,774] {dagbag.py:508} INFO - Filling up the DagBag from /home/airflow/.local/lib/python3.7/site-packages/airflow/example_dags/example_task_group.py
[2022-08-23 12:01:33,782] {processor.py:651} INFO - DAG(s) dict_keys(['example_task_group']) retrieved from /home/airflow/.local/lib/python3.7/site-packages/airflow/example_dags/example_task_group.py
[2022-08-23 12:01:33,831] {logging_mixin.py:115} INFO - [2022-08-23 12:01:33,831] {dag.py:2420} INFO - Sync 1 DAGs
[2022-08-23 12:01:34,080] {logging_mixin.py:115} INFO - [2022-08-23 12:01:34,080] {dag.py:2972} INFO - Setting next_dagrun for example_task_group to 2022-08-22T12:01:34.080297+00:00, run_after=2022-08-23T12:01:34.080297+00:00
[2022-08-23 12:01:34,101] {processor.py:161} INFO - Processing /home/airflow/.local/lib/python3.7/site-packages/airflow/example_dags/example_task_group.py took 0.333 seconds
[2022-08-23 12:02:09,555] {processor.py:153} INFO - Started process (PID=364) to work on /home/airflow/.local/lib/python3.7/site-packages/airflow/example_dags/example_task_group.py
[2022-08-23 12:02:09,557] {processor.py:641} INFO - Processing file /home/airflow/.local/lib/python3.7/site-packages/airflow/example_dags/example_task_group.py for tasks to queue
[2022-08-23 12:02:09,558] {logging_mixin.py:115} INFO - [2022-08-23 12:02:09,558] {dagbag.py:508} INFO - Filling up the DagBag from /home/airflow/.local/lib/python3.7/site-packages/airflow/example_dags/example_task_group.py
[2022-08-23 12:02:09,577] {processor.py:651} INFO - DAG(s) dict_keys(['example_task_group']) retrieved from /home/airflow/.local/lib/python3.7/site-packages/airflow/example_dags/example_task_group.py
[2022-08-23 12:02:09,649] {logging_mixin.py:115} INFO - [2022-08-23 12:02:09,649] {dag.py:2420} INFO - Sync 1 DAGs
[2022-08-23 12:02:10,085] {logging_mixin.py:115} INFO - [2022-08-23 12:02:10,084] {dag.py:2972} INFO - Setting next_dagrun for example_task_group to 2022-08-22T12:02:10.084470+00:00, run_after=2022-08-23T12:02:10.084470+00:00
[2022-08-23 12:02:10,115] {processor.py:161} INFO - Processing /home/airflow/.local/lib/python3.7/site-packages/airflow/example_dags/example_task_group.py took 0.569 seconds
[2022-08-23 12:02:40,419] {processor.py:153} INFO - Started process (PID=416) to work on /home/airflow/.local/lib/python3.7/site-packages/airflow/example_dags/example_task_group.py
[2022-08-23 12:02:40,420] {processor.py:641} INFO - Processing file /home/airflow/.local/lib/python3.7/site-packages/airflow/example_dags/example_task_group.py for tasks to queue
[2022-08-23 12:02:40,420] {logging_mixin.py:115} INFO - [2022-08-23 12:02:40,420] {dagbag.py:508} INFO - Filling up the DagBag from /home/airflow/.local/lib/python3.7/site-packages/airflow/example_dags/example_task_group.py
[2022-08-23 12:02:40,429] {processor.py:651} INFO - DAG(s) dict_keys(['example_task_group']) retrieved from /home/airflow/.local/lib/python3.7/site-packages/airflow/example_dags/example_task_group.py
[2022-08-23 12:02:40,461] {logging_mixin.py:115} INFO - [2022-08-23 12:02:40,461] {dag.py:2420} INFO - Sync 1 DAGs
[2022-08-23 12:02:40,630] {logging_mixin.py:115} INFO - [2022-08-23 12:02:40,630] {dag.py:2972} INFO - Setting next_dagrun for example_task_group to 2022-08-22T12:02:40.630170+00:00, run_after=2022-08-23T12:02:40.630170+00:00
[2022-08-23 12:02:40,641] {processor.py:161} INFO - Processing /home/airflow/.local/lib/python3.7/site-packages/airflow/example_dags/example_task_group.py took 0.225 seconds
[2022-08-23 12:03:10,854] {processor.py:153} INFO - Started process (PID=477) to work on /home/airflow/.local/lib/python3.7/site-packages/airflow/example_dags/example_task_group.py
[2022-08-23 12:03:10,854] {processor.py:641} INFO - Processing file /home/airflow/.local/lib/python3.7/site-packages/airflow/example_dags/example_task_group.py for tasks to queue
[2022-08-23 12:03:10,855] {logging_mixin.py:115} INFO - [2022-08-23 12:03:10,855] {dagbag.py:508} INFO - Filling up the DagBag from /home/airflow/.local/lib/python3.7/site-packages/airflow/example_dags/example_task_group.py
[2022-08-23 12:03:10,863] {processor.py:651} INFO - DAG(s) dict_keys(['example_task_group']) retrieved from /home/airflow/.local/lib/python3.7/site-packages/airflow/example_dags/example_task_group.py
[2022-08-23 12:03:10,902] {logging_mixin.py:115} INFO - [2022-08-23 12:03:10,902] {dag.py:2420} INFO - Sync 1 DAGs
[2022-08-23 12:03:11,068] {logging_mixin.py:115} INFO - [2022-08-23 12:03:11,068] {dag.py:2972} INFO - Setting next_dagrun for example_task_group to 2022-08-22T12:03:11.068065+00:00, run_after=2022-08-23T12:03:11.068065+00:00
[2022-08-23 12:03:11,079] {processor.py:161} INFO - Processing /home/airflow/.local/lib/python3.7/site-packages/airflow/example_dags/example_task_group.py took 0.228 seconds
[2022-08-23 12:03:41,377] {processor.py:153} INFO - Started process (PID=538) to work on /home/airflow/.local/lib/python3.7/site-packages/airflow/example_dags/example_task_group.py
[2022-08-23 12:03:41,378] {processor.py:641} INFO - Processing file /home/airflow/.local/lib/python3.7/site-packages/airflow/example_dags/example_task_group.py for tasks to queue
[2022-08-23 12:03:41,378] {logging_mixin.py:115} INFO - [2022-08-23 12:03:41,378] {dagbag.py:508} INFO - Filling up the DagBag from /home/airflow/.local/lib/python3.7/site-packages/airflow/example_dags/example_task_group.py
[2022-08-23 12:03:41,386] {processor.py:651} INFO - DAG(s) dict_keys(['example_task_group']) retrieved from /home/airflow/.local/lib/python3.7/site-packages/airflow/example_dags/example_task_group.py
[2022-08-23 12:03:41,424] {logging_mixin.py:115} INFO - [2022-08-23 12:03:41,424] {dag.py:2420} INFO - Sync 1 DAGs
[2022-08-23 12:03:41,583] {logging_mixin.py:115} INFO - [2022-08-23 12:03:41,583] {dag.py:2972} INFO - Setting next_dagrun for example_task_group to 2022-08-22T12:03:41.582974+00:00, run_after=2022-08-23T12:03:41.582974+00:00
[2022-08-23 12:03:41,595] {processor.py:161} INFO - Processing /home/airflow/.local/lib/python3.7/site-packages/airflow/example_dags/example_task_group.py took 0.223 seconds
[2022-08-23 12:04:11,752] {processor.py:153} INFO - Started process (PID=590) to work on /home/airflow/.local/lib/python3.7/site-packages/airflow/example_dags/example_task_group.py
[2022-08-23 12:04:11,753] {processor.py:641} INFO - Processing file /home/airflow/.local/lib/python3.7/site-packages/airflow/example_dags/example_task_group.py for tasks to queue
[2022-08-23 12:04:11,753] {logging_mixin.py:115} INFO - [2022-08-23 12:04:11,753] {dagbag.py:508} INFO - Filling up the DagBag from /home/airflow/.local/lib/python3.7/site-packages/airflow/example_dags/example_task_group.py
[2022-08-23 12:04:11,763] {processor.py:651} INFO - DAG(s) dict_keys(['example_task_group']) retrieved from /home/airflow/.local/lib/python3.7/site-packages/airflow/example_dags/example_task_group.py
[2022-08-23 12:04:11,795] {logging_mixin.py:115} INFO - [2022-08-23 12:04:11,795] {dag.py:2420} INFO - Sync 1 DAGs
[2022-08-23 12:04:11,968] {logging_mixin.py:115} INFO - [2022-08-23 12:04:11,968] {dag.py:2972} INFO - Setting next_dagrun for example_task_group to 2022-08-22T12:04:11.968673+00:00, run_after=2022-08-23T12:04:11.968673+00:00
[2022-08-23 12:04:11,982] {processor.py:161} INFO - Processing /home/airflow/.local/lib/python3.7/site-packages/airflow/example_dags/example_task_group.py took 0.233 seconds
[2022-08-23 12:04:42,762] {processor.py:153} INFO - Started process (PID=651) to work on /home/airflow/.local/lib/python3.7/site-packages/airflow/example_dags/example_task_group.py
[2022-08-23 12:04:42,762] {processor.py:641} INFO - Processing file /home/airflow/.local/lib/python3.7/site-packages/airflow/example_dags/example_task_group.py for tasks to queue
[2022-08-23 12:04:42,763] {logging_mixin.py:115} INFO - [2022-08-23 12:04:42,763] {dagbag.py:508} INFO - Filling up the DagBag from /home/airflow/.local/lib/python3.7/site-packages/airflow/example_dags/example_task_group.py
[2022-08-23 12:04:42,770] {processor.py:651} INFO - DAG(s) dict_keys(['example_task_group']) retrieved from /home/airflow/.local/lib/python3.7/site-packages/airflow/example_dags/example_task_group.py
[2022-08-23 12:04:42,801] {logging_mixin.py:115} INFO - [2022-08-23 12:04:42,801] {dag.py:2420} INFO - Sync 1 DAGs
[2022-08-23 12:04:42,987] {logging_mixin.py:115} INFO - [2022-08-23 12:04:42,987] {dag.py:2972} INFO - Setting next_dagrun for example_task_group to 2022-08-22T12:04:42.986759+00:00, run_after=2022-08-23T12:04:42.986759+00:00
[2022-08-23 12:04:42,999] {processor.py:161} INFO - Processing /home/airflow/.local/lib/python3.7/site-packages/airflow/example_dags/example_task_group.py took 0.240 seconds
[2022-08-23 12:05:13,137] {processor.py:153} INFO - Started process (PID=703) to work on /home/airflow/.local/lib/python3.7/site-packages/airflow/example_dags/example_task_group.py
[2022-08-23 12:05:13,137] {processor.py:641} INFO - Processing file /home/airflow/.local/lib/python3.7/site-packages/airflow/example_dags/example_task_group.py for tasks to queue
[2022-08-23 12:05:13,138] {logging_mixin.py:115} INFO - [2022-08-23 12:05:13,138] {dagbag.py:508} INFO - Filling up the DagBag from /home/airflow/.local/lib/python3.7/site-packages/airflow/example_dags/example_task_group.py
[2022-08-23 12:05:13,145] {processor.py:651} INFO - DAG(s) dict_keys(['example_task_group']) retrieved from /home/airflow/.local/lib/python3.7/site-packages/airflow/example_dags/example_task_group.py
[2022-08-23 12:05:13,178] {logging_mixin.py:115} INFO - [2022-08-23 12:05:13,178] {dag.py:2420} INFO - Sync 1 DAGs
[2022-08-23 12:05:13,358] {logging_mixin.py:115} INFO - [2022-08-23 12:05:13,357] {dag.py:2972} INFO - Setting next_dagrun for example_task_group to 2022-08-22T12:05:13.357367+00:00, run_after=2022-08-23T12:05:13.357367+00:00
[2022-08-23 12:05:13,377] {processor.py:161} INFO - Processing /home/airflow/.local/lib/python3.7/site-packages/airflow/example_dags/example_task_group.py took 0.243 seconds
[2022-08-23 12:05:44,745] {processor.py:153} INFO - Started process (PID=764) to work on /home/airflow/.local/lib/python3.7/site-packages/airflow/example_dags/example_task_group.py
[2022-08-23 12:05:44,746] {processor.py:641} INFO - Processing file /home/airflow/.local/lib/python3.7/site-packages/airflow/example_dags/example_task_group.py for tasks to queue
[2022-08-23 12:05:44,747] {logging_mixin.py:115} INFO - [2022-08-23 12:05:44,747] {dagbag.py:508} INFO - Filling up the DagBag from /home/airflow/.local/lib/python3.7/site-packages/airflow/example_dags/example_task_group.py
[2022-08-23 12:05:44,755] {processor.py:651} INFO - DAG(s) dict_keys(['example_task_group']) retrieved from /home/airflow/.local/lib/python3.7/site-packages/airflow/example_dags/example_task_group.py
[2022-08-23 12:05:44,788] {logging_mixin.py:115} INFO - [2022-08-23 12:05:44,788] {dag.py:2420} INFO - Sync 1 DAGs
[2022-08-23 12:05:44,966] {logging_mixin.py:115} INFO - [2022-08-23 12:05:44,966] {dag.py:2972} INFO - Setting next_dagrun for example_task_group to 2022-08-22T12:05:44.966420+00:00, run_after=2022-08-23T12:05:44.966420+00:00
[2022-08-23 12:05:44,976] {processor.py:161} INFO - Processing /home/airflow/.local/lib/python3.7/site-packages/airflow/example_dags/example_task_group.py took 0.238 seconds
[2022-08-23 12:06:15,173] {processor.py:153} INFO - Started process (PID=825) to work on /home/airflow/.local/lib/python3.7/site-packages/airflow/example_dags/example_task_group.py
[2022-08-23 12:06:15,174] {processor.py:641} INFO - Processing file /home/airflow/.local/lib/python3.7/site-packages/airflow/example_dags/example_task_group.py for tasks to queue
[2022-08-23 12:06:15,174] {logging_mixin.py:115} INFO - [2022-08-23 12:06:15,174] {dagbag.py:508} INFO - Filling up the DagBag from /home/airflow/.local/lib/python3.7/site-packages/airflow/example_dags/example_task_group.py
[2022-08-23 12:06:15,184] {processor.py:651} INFO - DAG(s) dict_keys(['example_task_group']) retrieved from /home/airflow/.local/lib/python3.7/site-packages/airflow/example_dags/example_task_group.py
[2022-08-23 12:06:15,254] {logging_mixin.py:115} INFO - [2022-08-23 12:06:15,253] {dag.py:2420} INFO - Sync 1 DAGs
[2022-08-23 12:06:15,632] {logging_mixin.py:115} INFO - [2022-08-23 12:06:15,631] {dag.py:2972} INFO - Setting next_dagrun for example_task_group to 2022-08-22T12:06:15.631278+00:00, run_after=2022-08-23T12:06:15.631278+00:00
[2022-08-23 12:06:15,653] {processor.py:161} INFO - Processing /home/airflow/.local/lib/python3.7/site-packages/airflow/example_dags/example_task_group.py took 0.483 seconds
[2022-08-23 12:06:45,781] {processor.py:153} INFO - Started process (PID=877) to work on /home/airflow/.local/lib/python3.7/site-packages/airflow/example_dags/example_task_group.py
[2022-08-23 12:06:45,782] {processor.py:641} INFO - Processing file /home/airflow/.local/lib/python3.7/site-packages/airflow/example_dags/example_task_group.py for tasks to queue
[2022-08-23 12:06:45,783] {logging_mixin.py:115} INFO - [2022-08-23 12:06:45,782] {dagbag.py:508} INFO - Filling up the DagBag from /home/airflow/.local/lib/python3.7/site-packages/airflow/example_dags/example_task_group.py
[2022-08-23 12:06:45,793] {processor.py:651} INFO - DAG(s) dict_keys(['example_task_group']) retrieved from /home/airflow/.local/lib/python3.7/site-packages/airflow/example_dags/example_task_group.py
[2022-08-23 12:06:45,831] {logging_mixin.py:115} INFO - [2022-08-23 12:06:45,831] {dag.py:2420} INFO - Sync 1 DAGs
[2022-08-23 12:06:45,967] {logging_mixin.py:115} INFO - [2022-08-23 12:06:45,967] {dag.py:2972} INFO - Setting next_dagrun for example_task_group to 2022-08-22T12:06:45.967280+00:00, run_after=2022-08-23T12:06:45.967280+00:00
[2022-08-23 12:06:45,976] {processor.py:161} INFO - Processing /home/airflow/.local/lib/python3.7/site-packages/airflow/example_dags/example_task_group.py took 0.200 seconds
[2022-08-23 12:07:16,419] {processor.py:153} INFO - Started process (PID=938) to work on /home/airflow/.local/lib/python3.7/site-packages/airflow/example_dags/example_task_group.py
[2022-08-23 12:07:16,420] {processor.py:641} INFO - Processing file /home/airflow/.local/lib/python3.7/site-packages/airflow/example_dags/example_task_group.py for tasks to queue
[2022-08-23 12:07:16,420] {logging_mixin.py:115} INFO - [2022-08-23 12:07:16,420] {dagbag.py:508} INFO - Filling up the DagBag from /home/airflow/.local/lib/python3.7/site-packages/airflow/example_dags/example_task_group.py
[2022-08-23 12:07:16,427] {processor.py:651} INFO - DAG(s) dict_keys(['example_task_group']) retrieved from /home/airflow/.local/lib/python3.7/site-packages/airflow/example_dags/example_task_group.py
[2022-08-23 12:07:16,458] {logging_mixin.py:115} INFO - [2022-08-23 12:07:16,458] {dag.py:2420} INFO - Sync 1 DAGs
[2022-08-23 12:07:16,616] {logging_mixin.py:115} INFO - [2022-08-23 12:07:16,616] {dag.py:2972} INFO - Setting next_dagrun for example_task_group to 2022-08-22T12:07:16.615574+00:00, run_after=2022-08-23T12:07:16.615574+00:00
[2022-08-23 12:07:16,627] {processor.py:161} INFO - Processing /home/airflow/.local/lib/python3.7/site-packages/airflow/example_dags/example_task_group.py took 0.211 seconds
[2022-08-23 12:07:47,220] {processor.py:153} INFO - Started process (PID=999) to work on /home/airflow/.local/lib/python3.7/site-packages/airflow/example_dags/example_task_group.py
[2022-08-23 12:07:47,221] {processor.py:641} INFO - Processing file /home/airflow/.local/lib/python3.7/site-packages/airflow/example_dags/example_task_group.py for tasks to queue
[2022-08-23 12:07:47,221] {logging_mixin.py:115} INFO - [2022-08-23 12:07:47,221] {dagbag.py:508} INFO - Filling up the DagBag from /home/airflow/.local/lib/python3.7/site-packages/airflow/example_dags/example_task_group.py
[2022-08-23 12:07:47,229] {processor.py:651} INFO - DAG(s) dict_keys(['example_task_group']) retrieved from /home/airflow/.local/lib/python3.7/site-packages/airflow/example_dags/example_task_group.py
[2022-08-23 12:07:47,257] {logging_mixin.py:115} INFO - [2022-08-23 12:07:47,257] {dag.py:2420} INFO - Sync 1 DAGs
[2022-08-23 12:07:47,422] {logging_mixin.py:115} INFO - [2022-08-23 12:07:47,422] {dag.py:2972} INFO - Setting next_dagrun for example_task_group to 2022-08-22T12:07:47.422061+00:00, run_after=2022-08-23T12:07:47.422061+00:00
[2022-08-23 12:07:47,433] {processor.py:161} INFO - Processing /home/airflow/.local/lib/python3.7/site-packages/airflow/example_dags/example_task_group.py took 0.215 seconds
[2022-08-23 12:08:18,035] {processor.py:153} INFO - Started process (PID=1051) to work on /home/airflow/.local/lib/python3.7/site-packages/airflow/example_dags/example_task_group.py
[2022-08-23 12:08:18,035] {processor.py:641} INFO - Processing file /home/airflow/.local/lib/python3.7/site-packages/airflow/example_dags/example_task_group.py for tasks to queue
[2022-08-23 12:08:18,036] {logging_mixin.py:115} INFO - [2022-08-23 12:08:18,036] {dagbag.py:508} INFO - Filling up the DagBag from /home/airflow/.local/lib/python3.7/site-packages/airflow/example_dags/example_task_group.py
[2022-08-23 12:08:18,042] {processor.py:651} INFO - DAG(s) dict_keys(['example_task_group']) retrieved from /home/airflow/.local/lib/python3.7/site-packages/airflow/example_dags/example_task_group.py
[2022-08-23 12:08:18,078] {logging_mixin.py:115} INFO - [2022-08-23 12:08:18,078] {dag.py:2420} INFO - Sync 1 DAGs
[2022-08-23 12:08:18,243] {logging_mixin.py:115} INFO - [2022-08-23 12:08:18,243] {dag.py:2972} INFO - Setting next_dagrun for example_task_group to 2022-08-22T12:08:18.243011+00:00, run_after=2022-08-23T12:08:18.243011+00:00
[2022-08-23 12:08:18,256] {processor.py:161} INFO - Processing /home/airflow/.local/lib/python3.7/site-packages/airflow/example_dags/example_task_group.py took 0.224 seconds
[2022-08-23 12:08:48,576] {processor.py:153} INFO - Started process (PID=1112) to work on /home/airflow/.local/lib/python3.7/site-packages/airflow/example_dags/example_task_group.py
[2022-08-23 12:08:48,576] {processor.py:641} INFO - Processing file /home/airflow/.local/lib/python3.7/site-packages/airflow/example_dags/example_task_group.py for tasks to queue
[2022-08-23 12:08:48,577] {logging_mixin.py:115} INFO - [2022-08-23 12:08:48,577] {dagbag.py:508} INFO - Filling up the DagBag from /home/airflow/.local/lib/python3.7/site-packages/airflow/example_dags/example_task_group.py
[2022-08-23 12:08:48,583] {processor.py:651} INFO - DAG(s) dict_keys(['example_task_group']) retrieved from /home/airflow/.local/lib/python3.7/site-packages/airflow/example_dags/example_task_group.py
[2022-08-23 12:08:48,616] {logging_mixin.py:115} INFO - [2022-08-23 12:08:48,616] {dag.py:2420} INFO - Sync 1 DAGs
[2022-08-23 12:08:48,785] {logging_mixin.py:115} INFO - [2022-08-23 12:08:48,785] {dag.py:2972} INFO - Setting next_dagrun for example_task_group to 2022-08-22T12:08:48.784727+00:00, run_after=2022-08-23T12:08:48.784727+00:00
[2022-08-23 12:08:48,797] {processor.py:161} INFO - Processing /home/airflow/.local/lib/python3.7/site-packages/airflow/example_dags/example_task_group.py took 0.224 seconds
[2022-08-23 12:09:19,751] {processor.py:153} INFO - Started process (PID=1173) to work on /home/airflow/.local/lib/python3.7/site-packages/airflow/example_dags/example_task_group.py
[2022-08-23 12:09:19,753] {processor.py:641} INFO - Processing file /home/airflow/.local/lib/python3.7/site-packages/airflow/example_dags/example_task_group.py for tasks to queue
[2022-08-23 12:09:19,753] {logging_mixin.py:115} INFO - [2022-08-23 12:09:19,753] {dagbag.py:508} INFO - Filling up the DagBag from /home/airflow/.local/lib/python3.7/site-packages/airflow/example_dags/example_task_group.py
[2022-08-23 12:09:19,764] {processor.py:651} INFO - DAG(s) dict_keys(['example_task_group']) retrieved from /home/airflow/.local/lib/python3.7/site-packages/airflow/example_dags/example_task_group.py
[2022-08-23 12:09:19,808] {logging_mixin.py:115} INFO - [2022-08-23 12:09:19,808] {dag.py:2420} INFO - Sync 1 DAGs
[2022-08-23 12:09:19,977] {logging_mixin.py:115} INFO - [2022-08-23 12:09:19,977] {dag.py:2972} INFO - Setting next_dagrun for example_task_group to 2022-08-22T12:09:19.977176+00:00, run_after=2022-08-23T12:09:19.977176+00:00
[2022-08-23 12:09:19,993] {processor.py:161} INFO - Processing /home/airflow/.local/lib/python3.7/site-packages/airflow/example_dags/example_task_group.py took 0.245 seconds
[2022-08-23 12:09:50,838] {processor.py:153} INFO - Started process (PID=1225) to work on /home/airflow/.local/lib/python3.7/site-packages/airflow/example_dags/example_task_group.py
[2022-08-23 12:09:50,839] {processor.py:641} INFO - Processing file /home/airflow/.local/lib/python3.7/site-packages/airflow/example_dags/example_task_group.py for tasks to queue
[2022-08-23 12:09:50,840] {logging_mixin.py:115} INFO - [2022-08-23 12:09:50,840] {dagbag.py:508} INFO - Filling up the DagBag from /home/airflow/.local/lib/python3.7/site-packages/airflow/example_dags/example_task_group.py
[2022-08-23 12:09:50,850] {processor.py:651} INFO - DAG(s) dict_keys(['example_task_group']) retrieved from /home/airflow/.local/lib/python3.7/site-packages/airflow/example_dags/example_task_group.py
[2022-08-23 12:09:50,896] {logging_mixin.py:115} INFO - [2022-08-23 12:09:50,896] {dag.py:2420} INFO - Sync 1 DAGs
[2022-08-23 12:09:51,169] {logging_mixin.py:115} INFO - [2022-08-23 12:09:51,169] {dag.py:2972} INFO - Setting next_dagrun for example_task_group to 2022-08-22T12:09:51.168825+00:00, run_after=2022-08-23T12:09:51.168825+00:00
[2022-08-23 12:09:51,191] {processor.py:161} INFO - Processing /home/airflow/.local/lib/python3.7/site-packages/airflow/example_dags/example_task_group.py took 0.359 seconds
[2022-08-23 12:10:21,928] {processor.py:153} INFO - Started process (PID=1286) to work on /home/airflow/.local/lib/python3.7/site-packages/airflow/example_dags/example_task_group.py
[2022-08-23 12:10:21,929] {processor.py:641} INFO - Processing file /home/airflow/.local/lib/python3.7/site-packages/airflow/example_dags/example_task_group.py for tasks to queue
[2022-08-23 12:10:21,929] {logging_mixin.py:115} INFO - [2022-08-23 12:10:21,929] {dagbag.py:508} INFO - Filling up the DagBag from /home/airflow/.local/lib/python3.7/site-packages/airflow/example_dags/example_task_group.py
[2022-08-23 12:10:21,936] {processor.py:651} INFO - DAG(s) dict_keys(['example_task_group']) retrieved from /home/airflow/.local/lib/python3.7/site-packages/airflow/example_dags/example_task_group.py
[2022-08-23 12:10:21,963] {logging_mixin.py:115} INFO - [2022-08-23 12:10:21,963] {dag.py:2420} INFO - Sync 1 DAGs
[2022-08-23 12:10:22,134] {logging_mixin.py:115} INFO - [2022-08-23 12:10:22,134] {dag.py:2972} INFO - Setting next_dagrun for example_task_group to 2022-08-22T12:10:22.133859+00:00, run_after=2022-08-23T12:10:22.133859+00:00
[2022-08-23 12:10:22,145] {processor.py:161} INFO - Processing /home/airflow/.local/lib/python3.7/site-packages/airflow/example_dags/example_task_group.py took 0.219 seconds
[2022-08-23 12:10:52,424] {processor.py:153} INFO - Started process (PID=1347) to work on /home/airflow/.local/lib/python3.7/site-packages/airflow/example_dags/example_task_group.py
[2022-08-23 12:10:52,425] {processor.py:641} INFO - Processing file /home/airflow/.local/lib/python3.7/site-packages/airflow/example_dags/example_task_group.py for tasks to queue
[2022-08-23 12:10:52,425] {logging_mixin.py:115} INFO - [2022-08-23 12:10:52,425] {dagbag.py:508} INFO - Filling up the DagBag from /home/airflow/.local/lib/python3.7/site-packages/airflow/example_dags/example_task_group.py
[2022-08-23 12:10:52,432] {processor.py:651} INFO - DAG(s) dict_keys(['example_task_group']) retrieved from /home/airflow/.local/lib/python3.7/site-packages/airflow/example_dags/example_task_group.py
[2022-08-23 12:10:52,468] {logging_mixin.py:115} INFO - [2022-08-23 12:10:52,467] {dag.py:2420} INFO - Sync 1 DAGs
[2022-08-23 12:10:52,640] {logging_mixin.py:115} INFO - [2022-08-23 12:10:52,639] {dag.py:2972} INFO - Setting next_dagrun for example_task_group to 2022-08-22T12:10:52.639730+00:00, run_after=2022-08-23T12:10:52.639730+00:00
[2022-08-23 12:10:52,658] {processor.py:161} INFO - Processing /home/airflow/.local/lib/python3.7/site-packages/airflow/example_dags/example_task_group.py took 0.236 seconds
[2022-08-23 12:11:23,016] {processor.py:153} INFO - Started process (PID=1399) to work on /home/airflow/.local/lib/python3.7/site-packages/airflow/example_dags/example_task_group.py
[2022-08-23 12:11:23,017] {processor.py:641} INFO - Processing file /home/airflow/.local/lib/python3.7/site-packages/airflow/example_dags/example_task_group.py for tasks to queue
[2022-08-23 12:11:23,018] {logging_mixin.py:115} INFO - [2022-08-23 12:11:23,018] {dagbag.py:508} INFO - Filling up the DagBag from /home/airflow/.local/lib/python3.7/site-packages/airflow/example_dags/example_task_group.py
[2022-08-23 12:11:23,025] {processor.py:651} INFO - DAG(s) dict_keys(['example_task_group']) retrieved from /home/airflow/.local/lib/python3.7/site-packages/airflow/example_dags/example_task_group.py
[2022-08-23 12:11:23,054] {logging_mixin.py:115} INFO - [2022-08-23 12:11:23,054] {dag.py:2420} INFO - Sync 1 DAGs
[2022-08-23 12:11:23,224] {logging_mixin.py:115} INFO - [2022-08-23 12:11:23,224] {dag.py:2972} INFO - Setting next_dagrun for example_task_group to 2022-08-22T12:11:23.224379+00:00, run_after=2022-08-23T12:11:23.224379+00:00
[2022-08-23 12:11:23,236] {processor.py:161} INFO - Processing /home/airflow/.local/lib/python3.7/site-packages/airflow/example_dags/example_task_group.py took 0.224 seconds
[2022-08-23 12:11:53,619] {processor.py:153} INFO - Started process (PID=1460) to work on /home/airflow/.local/lib/python3.7/site-packages/airflow/example_dags/example_task_group.py
[2022-08-23 12:11:53,620] {processor.py:641} INFO - Processing file /home/airflow/.local/lib/python3.7/site-packages/airflow/example_dags/example_task_group.py for tasks to queue
[2022-08-23 12:11:53,621] {logging_mixin.py:115} INFO - [2022-08-23 12:11:53,621] {dagbag.py:508} INFO - Filling up the DagBag from /home/airflow/.local/lib/python3.7/site-packages/airflow/example_dags/example_task_group.py
[2022-08-23 12:11:53,627] {processor.py:651} INFO - DAG(s) dict_keys(['example_task_group']) retrieved from /home/airflow/.local/lib/python3.7/site-packages/airflow/example_dags/example_task_group.py
[2022-08-23 12:11:53,658] {logging_mixin.py:115} INFO - [2022-08-23 12:11:53,658] {dag.py:2420} INFO - Sync 1 DAGs
[2022-08-23 12:11:53,815] {logging_mixin.py:115} INFO - [2022-08-23 12:11:53,814] {dag.py:2972} INFO - Setting next_dagrun for example_task_group to 2022-08-22T12:11:53.814648+00:00, run_after=2022-08-23T12:11:53.814648+00:00
[2022-08-23 12:11:53,828] {processor.py:161} INFO - Processing /home/airflow/.local/lib/python3.7/site-packages/airflow/example_dags/example_task_group.py took 0.212 seconds
[2022-08-23 12:12:24,174] {processor.py:153} INFO - Started process (PID=1521) to work on /home/airflow/.local/lib/python3.7/site-packages/airflow/example_dags/example_task_group.py
[2022-08-23 12:12:24,174] {processor.py:641} INFO - Processing file /home/airflow/.local/lib/python3.7/site-packages/airflow/example_dags/example_task_group.py for tasks to queue
[2022-08-23 12:12:24,175] {logging_mixin.py:115} INFO - [2022-08-23 12:12:24,175] {dagbag.py:508} INFO - Filling up the DagBag from /home/airflow/.local/lib/python3.7/site-packages/airflow/example_dags/example_task_group.py
[2022-08-23 12:12:24,187] {processor.py:651} INFO - DAG(s) dict_keys(['example_task_group']) retrieved from /home/airflow/.local/lib/python3.7/site-packages/airflow/example_dags/example_task_group.py
[2022-08-23 12:12:24,223] {logging_mixin.py:115} INFO - [2022-08-23 12:12:24,223] {dag.py:2420} INFO - Sync 1 DAGs
[2022-08-23 12:12:24,427] {logging_mixin.py:115} INFO - [2022-08-23 12:12:24,427] {dag.py:2972} INFO - Setting next_dagrun for example_task_group to 2022-08-22T12:12:24.426934+00:00, run_after=2022-08-23T12:12:24.426934+00:00
[2022-08-23 12:12:24,442] {processor.py:161} INFO - Processing /home/airflow/.local/lib/python3.7/site-packages/airflow/example_dags/example_task_group.py took 0.272 seconds
[2022-08-23 12:12:55,258] {processor.py:153} INFO - Started process (PID=1573) to work on /home/airflow/.local/lib/python3.7/site-packages/airflow/example_dags/example_task_group.py
[2022-08-23 12:12:55,260] {processor.py:641} INFO - Processing file /home/airflow/.local/lib/python3.7/site-packages/airflow/example_dags/example_task_group.py for tasks to queue
[2022-08-23 12:12:55,261] {logging_mixin.py:115} INFO - [2022-08-23 12:12:55,261] {dagbag.py:508} INFO - Filling up the DagBag from /home/airflow/.local/lib/python3.7/site-packages/airflow/example_dags/example_task_group.py
[2022-08-23 12:12:55,272] {processor.py:651} INFO - DAG(s) dict_keys(['example_task_group']) retrieved from /home/airflow/.local/lib/python3.7/site-packages/airflow/example_dags/example_task_group.py
[2022-08-23 12:12:55,307] {logging_mixin.py:115} INFO - [2022-08-23 12:12:55,307] {dag.py:2420} INFO - Sync 1 DAGs
[2022-08-23 12:12:55,518] {logging_mixin.py:115} INFO - [2022-08-23 12:12:55,518] {dag.py:2972} INFO - Setting next_dagrun for example_task_group to 2022-08-22T12:12:55.518198+00:00, run_after=2022-08-23T12:12:55.518198+00:00
[2022-08-23 12:12:55,529] {processor.py:161} INFO - Processing /home/airflow/.local/lib/python3.7/site-packages/airflow/example_dags/example_task_group.py took 0.277 seconds
[2022-08-23 12:13:25,956] {processor.py:153} INFO - Started process (PID=1634) to work on /home/airflow/.local/lib/python3.7/site-packages/airflow/example_dags/example_task_group.py
[2022-08-23 12:13:25,957] {processor.py:641} INFO - Processing file /home/airflow/.local/lib/python3.7/site-packages/airflow/example_dags/example_task_group.py for tasks to queue
[2022-08-23 12:13:25,958] {logging_mixin.py:115} INFO - [2022-08-23 12:13:25,958] {dagbag.py:508} INFO - Filling up the DagBag from /home/airflow/.local/lib/python3.7/site-packages/airflow/example_dags/example_task_group.py
[2022-08-23 12:13:25,971] {processor.py:651} INFO - DAG(s) dict_keys(['example_task_group']) retrieved from /home/airflow/.local/lib/python3.7/site-packages/airflow/example_dags/example_task_group.py
[2022-08-23 12:13:26,003] {logging_mixin.py:115} INFO - [2022-08-23 12:13:26,003] {dag.py:2420} INFO - Sync 1 DAGs
[2022-08-23 12:13:26,175] {logging_mixin.py:115} INFO - [2022-08-23 12:13:26,175] {dag.py:2972} INFO - Setting next_dagrun for example_task_group to 2022-08-22T12:13:26.175471+00:00, run_after=2022-08-23T12:13:26.175471+00:00
[2022-08-23 12:13:26,192] {processor.py:161} INFO - Processing /home/airflow/.local/lib/python3.7/site-packages/airflow/example_dags/example_task_group.py took 0.241 seconds
