[2022-08-23 11:59:27,721] {processor.py:153} INFO - Started process (PID=53) to work on /home/airflow/.local/lib/python3.7/site-packages/airflow/example_dags/example_xcomargs.py
[2022-08-23 11:59:27,722] {processor.py:641} INFO - Processing file /home/airflow/.local/lib/python3.7/site-packages/airflow/example_dags/example_xcomargs.py for tasks to queue
[2022-08-23 11:59:27,722] {logging_mixin.py:115} INFO - [2022-08-23 11:59:27,722] {dagbag.py:508} INFO - Filling up the DagBag from /home/airflow/.local/lib/python3.7/site-packages/airflow/example_dags/example_xcomargs.py
[2022-08-23 11:59:27,736] {processor.py:651} INFO - DAG(s) dict_keys(['example_xcom_args', 'example_xcom_args_with_operators']) retrieved from /home/airflow/.local/lib/python3.7/site-packages/airflow/example_dags/example_xcomargs.py
[2022-08-23 11:59:27,927] {logging_mixin.py:115} INFO - [2022-08-23 11:59:27,927] {dag.py:2420} INFO - Sync 2 DAGs
[2022-08-23 11:59:27,945] {logging_mixin.py:115} INFO - [2022-08-23 11:59:27,944] {dag.py:2972} INFO - Setting next_dagrun for example_xcom_args to None, run_after=None
[2022-08-23 11:59:27,945] {logging_mixin.py:115} INFO - [2022-08-23 11:59:27,945] {dag.py:2972} INFO - Setting next_dagrun for example_xcom_args_with_operators to None, run_after=None
[2022-08-23 11:59:27,957] {processor.py:161} INFO - Processing /home/airflow/.local/lib/python3.7/site-packages/airflow/example_dags/example_xcomargs.py took 0.238 seconds
[2022-08-23 11:59:58,192] {processor.py:153} INFO - Started process (PID=114) to work on /home/airflow/.local/lib/python3.7/site-packages/airflow/example_dags/example_xcomargs.py
[2022-08-23 11:59:58,192] {processor.py:641} INFO - Processing file /home/airflow/.local/lib/python3.7/site-packages/airflow/example_dags/example_xcomargs.py for tasks to queue
[2022-08-23 11:59:58,192] {logging_mixin.py:115} INFO - [2022-08-23 11:59:58,192] {dagbag.py:508} INFO - Filling up the DagBag from /home/airflow/.local/lib/python3.7/site-packages/airflow/example_dags/example_xcomargs.py
[2022-08-23 11:59:58,206] {processor.py:651} INFO - DAG(s) dict_keys(['example_xcom_args', 'example_xcom_args_with_operators']) retrieved from /home/airflow/.local/lib/python3.7/site-packages/airflow/example_dags/example_xcomargs.py
[2022-08-23 11:59:58,338] {logging_mixin.py:115} INFO - [2022-08-23 11:59:58,338] {dag.py:2420} INFO - Sync 2 DAGs
[2022-08-23 11:59:58,355] {logging_mixin.py:115} INFO - [2022-08-23 11:59:58,355] {dag.py:2972} INFO - Setting next_dagrun for example_xcom_args to None, run_after=None
[2022-08-23 11:59:58,355] {logging_mixin.py:115} INFO - [2022-08-23 11:59:58,355] {dag.py:2972} INFO - Setting next_dagrun for example_xcom_args_with_operators to None, run_after=None
[2022-08-23 11:59:58,376] {processor.py:161} INFO - Processing /home/airflow/.local/lib/python3.7/site-packages/airflow/example_dags/example_xcomargs.py took 0.186 seconds
[2022-08-23 12:00:29,710] {processor.py:153} INFO - Started process (PID=175) to work on /home/airflow/.local/lib/python3.7/site-packages/airflow/example_dags/example_xcomargs.py
[2022-08-23 12:00:29,711] {processor.py:641} INFO - Processing file /home/airflow/.local/lib/python3.7/site-packages/airflow/example_dags/example_xcomargs.py for tasks to queue
[2022-08-23 12:00:29,711] {logging_mixin.py:115} INFO - [2022-08-23 12:00:29,711] {dagbag.py:508} INFO - Filling up the DagBag from /home/airflow/.local/lib/python3.7/site-packages/airflow/example_dags/example_xcomargs.py
[2022-08-23 12:00:29,754] {processor.py:651} INFO - DAG(s) dict_keys(['example_xcom_args', 'example_xcom_args_with_operators']) retrieved from /home/airflow/.local/lib/python3.7/site-packages/airflow/example_dags/example_xcomargs.py
[2022-08-23 12:00:30,065] {logging_mixin.py:115} INFO - [2022-08-23 12:00:30,065] {dag.py:2420} INFO - Sync 2 DAGs
[2022-08-23 12:00:30,083] {logging_mixin.py:115} INFO - [2022-08-23 12:00:30,082] {dag.py:2972} INFO - Setting next_dagrun for example_xcom_args to None, run_after=None
[2022-08-23 12:00:30,083] {logging_mixin.py:115} INFO - [2022-08-23 12:00:30,083] {dag.py:2972} INFO - Setting next_dagrun for example_xcom_args_with_operators to None, run_after=None
[2022-08-23 12:00:30,102] {processor.py:161} INFO - Processing /home/airflow/.local/lib/python3.7/site-packages/airflow/example_dags/example_xcomargs.py took 0.397 seconds
[2022-08-23 12:01:00,689] {processor.py:153} INFO - Started process (PID=227) to work on /home/airflow/.local/lib/python3.7/site-packages/airflow/example_dags/example_xcomargs.py
[2022-08-23 12:01:00,689] {processor.py:641} INFO - Processing file /home/airflow/.local/lib/python3.7/site-packages/airflow/example_dags/example_xcomargs.py for tasks to queue
[2022-08-23 12:01:00,690] {logging_mixin.py:115} INFO - [2022-08-23 12:01:00,689] {dagbag.py:508} INFO - Filling up the DagBag from /home/airflow/.local/lib/python3.7/site-packages/airflow/example_dags/example_xcomargs.py
[2022-08-23 12:01:00,708] {processor.py:651} INFO - DAG(s) dict_keys(['example_xcom_args', 'example_xcom_args_with_operators']) retrieved from /home/airflow/.local/lib/python3.7/site-packages/airflow/example_dags/example_xcomargs.py
[2022-08-23 12:01:00,873] {logging_mixin.py:115} INFO - [2022-08-23 12:01:00,873] {dag.py:2420} INFO - Sync 2 DAGs
[2022-08-23 12:01:00,888] {logging_mixin.py:115} INFO - [2022-08-23 12:01:00,888] {dag.py:2972} INFO - Setting next_dagrun for example_xcom_args to None, run_after=None
[2022-08-23 12:01:00,889] {logging_mixin.py:115} INFO - [2022-08-23 12:01:00,889] {dag.py:2972} INFO - Setting next_dagrun for example_xcom_args_with_operators to None, run_after=None
[2022-08-23 12:01:00,899] {processor.py:161} INFO - Processing /home/airflow/.local/lib/python3.7/site-packages/airflow/example_dags/example_xcomargs.py took 0.213 seconds
[2022-08-23 12:01:31,126] {processor.py:153} INFO - Started process (PID=288) to work on /home/airflow/.local/lib/python3.7/site-packages/airflow/example_dags/example_xcomargs.py
[2022-08-23 12:01:31,127] {processor.py:641} INFO - Processing file /home/airflow/.local/lib/python3.7/site-packages/airflow/example_dags/example_xcomargs.py for tasks to queue
[2022-08-23 12:01:31,127] {logging_mixin.py:115} INFO - [2022-08-23 12:01:31,127] {dagbag.py:508} INFO - Filling up the DagBag from /home/airflow/.local/lib/python3.7/site-packages/airflow/example_dags/example_xcomargs.py
[2022-08-23 12:01:31,146] {processor.py:651} INFO - DAG(s) dict_keys(['example_xcom_args', 'example_xcom_args_with_operators']) retrieved from /home/airflow/.local/lib/python3.7/site-packages/airflow/example_dags/example_xcomargs.py
[2022-08-23 12:01:31,345] {logging_mixin.py:115} INFO - [2022-08-23 12:01:31,345] {dag.py:2420} INFO - Sync 2 DAGs
[2022-08-23 12:01:31,362] {logging_mixin.py:115} INFO - [2022-08-23 12:01:31,362] {dag.py:2972} INFO - Setting next_dagrun for example_xcom_args to None, run_after=None
[2022-08-23 12:01:31,363] {logging_mixin.py:115} INFO - [2022-08-23 12:01:31,363] {dag.py:2972} INFO - Setting next_dagrun for example_xcom_args_with_operators to None, run_after=None
[2022-08-23 12:01:31,381] {processor.py:161} INFO - Processing /home/airflow/.local/lib/python3.7/site-packages/airflow/example_dags/example_xcomargs.py took 0.258 seconds
[2022-08-23 12:02:03,756] {processor.py:153} INFO - Started process (PID=340) to work on /home/airflow/.local/lib/python3.7/site-packages/airflow/example_dags/example_xcomargs.py
[2022-08-23 12:02:03,757] {processor.py:641} INFO - Processing file /home/airflow/.local/lib/python3.7/site-packages/airflow/example_dags/example_xcomargs.py for tasks to queue
[2022-08-23 12:02:03,759] {logging_mixin.py:115} INFO - [2022-08-23 12:02:03,759] {dagbag.py:508} INFO - Filling up the DagBag from /home/airflow/.local/lib/python3.7/site-packages/airflow/example_dags/example_xcomargs.py
[2022-08-23 12:02:03,818] {processor.py:651} INFO - DAG(s) dict_keys(['example_xcom_args', 'example_xcom_args_with_operators']) retrieved from /home/airflow/.local/lib/python3.7/site-packages/airflow/example_dags/example_xcomargs.py
[2022-08-23 12:02:04,343] {logging_mixin.py:115} INFO - [2022-08-23 12:02:04,342] {dag.py:2420} INFO - Sync 2 DAGs
[2022-08-23 12:02:04,383] {logging_mixin.py:115} INFO - [2022-08-23 12:02:04,383] {dag.py:2972} INFO - Setting next_dagrun for example_xcom_args to None, run_after=None
[2022-08-23 12:02:04,384] {logging_mixin.py:115} INFO - [2022-08-23 12:02:04,384] {dag.py:2972} INFO - Setting next_dagrun for example_xcom_args_with_operators to None, run_after=None
[2022-08-23 12:02:04,412] {processor.py:161} INFO - Processing /home/airflow/.local/lib/python3.7/site-packages/airflow/example_dags/example_xcomargs.py took 0.663 seconds
[2022-08-23 12:02:35,191] {processor.py:153} INFO - Started process (PID=400) to work on /home/airflow/.local/lib/python3.7/site-packages/airflow/example_dags/example_xcomargs.py
[2022-08-23 12:02:35,191] {processor.py:641} INFO - Processing file /home/airflow/.local/lib/python3.7/site-packages/airflow/example_dags/example_xcomargs.py for tasks to queue
[2022-08-23 12:02:35,192] {logging_mixin.py:115} INFO - [2022-08-23 12:02:35,192] {dagbag.py:508} INFO - Filling up the DagBag from /home/airflow/.local/lib/python3.7/site-packages/airflow/example_dags/example_xcomargs.py
[2022-08-23 12:02:35,218] {processor.py:651} INFO - DAG(s) dict_keys(['example_xcom_args', 'example_xcom_args_with_operators']) retrieved from /home/airflow/.local/lib/python3.7/site-packages/airflow/example_dags/example_xcomargs.py
[2022-08-23 12:02:35,442] {logging_mixin.py:115} INFO - [2022-08-23 12:02:35,442] {dag.py:2420} INFO - Sync 2 DAGs
[2022-08-23 12:02:35,461] {logging_mixin.py:115} INFO - [2022-08-23 12:02:35,461] {dag.py:2972} INFO - Setting next_dagrun for example_xcom_args to None, run_after=None
[2022-08-23 12:02:35,462] {logging_mixin.py:115} INFO - [2022-08-23 12:02:35,462] {dag.py:2972} INFO - Setting next_dagrun for example_xcom_args_with_operators to None, run_after=None
[2022-08-23 12:02:35,477] {processor.py:161} INFO - Processing /home/airflow/.local/lib/python3.7/site-packages/airflow/example_dags/example_xcomargs.py took 0.289 seconds
[2022-08-23 12:03:05,589] {processor.py:153} INFO - Started process (PID=461) to work on /home/airflow/.local/lib/python3.7/site-packages/airflow/example_dags/example_xcomargs.py
[2022-08-23 12:03:05,590] {processor.py:641} INFO - Processing file /home/airflow/.local/lib/python3.7/site-packages/airflow/example_dags/example_xcomargs.py for tasks to queue
[2022-08-23 12:03:05,590] {logging_mixin.py:115} INFO - [2022-08-23 12:03:05,590] {dagbag.py:508} INFO - Filling up the DagBag from /home/airflow/.local/lib/python3.7/site-packages/airflow/example_dags/example_xcomargs.py
[2022-08-23 12:03:05,621] {processor.py:651} INFO - DAG(s) dict_keys(['example_xcom_args', 'example_xcom_args_with_operators']) retrieved from /home/airflow/.local/lib/python3.7/site-packages/airflow/example_dags/example_xcomargs.py
[2022-08-23 12:03:05,885] {logging_mixin.py:115} INFO - [2022-08-23 12:03:05,884] {dag.py:2420} INFO - Sync 2 DAGs
[2022-08-23 12:03:05,907] {logging_mixin.py:115} INFO - [2022-08-23 12:03:05,907] {dag.py:2972} INFO - Setting next_dagrun for example_xcom_args to None, run_after=None
[2022-08-23 12:03:05,907] {logging_mixin.py:115} INFO - [2022-08-23 12:03:05,907] {dag.py:2972} INFO - Setting next_dagrun for example_xcom_args_with_operators to None, run_after=None
[2022-08-23 12:03:05,924] {processor.py:161} INFO - Processing /home/airflow/.local/lib/python3.7/site-packages/airflow/example_dags/example_xcomargs.py took 0.337 seconds
[2022-08-23 12:03:35,965] {processor.py:153} INFO - Started process (PID=513) to work on /home/airflow/.local/lib/python3.7/site-packages/airflow/example_dags/example_xcomargs.py
[2022-08-23 12:03:35,965] {processor.py:641} INFO - Processing file /home/airflow/.local/lib/python3.7/site-packages/airflow/example_dags/example_xcomargs.py for tasks to queue
[2022-08-23 12:03:35,966] {logging_mixin.py:115} INFO - [2022-08-23 12:03:35,966] {dagbag.py:508} INFO - Filling up the DagBag from /home/airflow/.local/lib/python3.7/site-packages/airflow/example_dags/example_xcomargs.py
[2022-08-23 12:03:36,001] {processor.py:651} INFO - DAG(s) dict_keys(['example_xcom_args', 'example_xcom_args_with_operators']) retrieved from /home/airflow/.local/lib/python3.7/site-packages/airflow/example_dags/example_xcomargs.py
[2022-08-23 12:03:36,178] {logging_mixin.py:115} INFO - [2022-08-23 12:03:36,178] {dag.py:2420} INFO - Sync 2 DAGs
[2022-08-23 12:03:36,198] {logging_mixin.py:115} INFO - [2022-08-23 12:03:36,198] {dag.py:2972} INFO - Setting next_dagrun for example_xcom_args to None, run_after=None
[2022-08-23 12:03:36,198] {logging_mixin.py:115} INFO - [2022-08-23 12:03:36,198] {dag.py:2972} INFO - Setting next_dagrun for example_xcom_args_with_operators to None, run_after=None
[2022-08-23 12:03:36,215] {processor.py:161} INFO - Processing /home/airflow/.local/lib/python3.7/site-packages/airflow/example_dags/example_xcomargs.py took 0.256 seconds
[2022-08-23 12:04:06,332] {processor.py:153} INFO - Started process (PID=574) to work on /home/airflow/.local/lib/python3.7/site-packages/airflow/example_dags/example_xcomargs.py
[2022-08-23 12:04:06,333] {processor.py:641} INFO - Processing file /home/airflow/.local/lib/python3.7/site-packages/airflow/example_dags/example_xcomargs.py for tasks to queue
[2022-08-23 12:04:06,333] {logging_mixin.py:115} INFO - [2022-08-23 12:04:06,333] {dagbag.py:508} INFO - Filling up the DagBag from /home/airflow/.local/lib/python3.7/site-packages/airflow/example_dags/example_xcomargs.py
[2022-08-23 12:04:06,376] {processor.py:651} INFO - DAG(s) dict_keys(['example_xcom_args', 'example_xcom_args_with_operators']) retrieved from /home/airflow/.local/lib/python3.7/site-packages/airflow/example_dags/example_xcomargs.py
[2022-08-23 12:04:06,581] {logging_mixin.py:115} INFO - [2022-08-23 12:04:06,581] {dag.py:2420} INFO - Sync 2 DAGs
[2022-08-23 12:04:06,603] {logging_mixin.py:115} INFO - [2022-08-23 12:04:06,603] {dag.py:2972} INFO - Setting next_dagrun for example_xcom_args to None, run_after=None
[2022-08-23 12:04:06,603] {logging_mixin.py:115} INFO - [2022-08-23 12:04:06,603] {dag.py:2972} INFO - Setting next_dagrun for example_xcom_args_with_operators to None, run_after=None
[2022-08-23 12:04:06,617] {processor.py:161} INFO - Processing /home/airflow/.local/lib/python3.7/site-packages/airflow/example_dags/example_xcomargs.py took 0.289 seconds
[2022-08-23 12:04:36,771] {processor.py:153} INFO - Started process (PID=626) to work on /home/airflow/.local/lib/python3.7/site-packages/airflow/example_dags/example_xcomargs.py
[2022-08-23 12:04:36,772] {processor.py:641} INFO - Processing file /home/airflow/.local/lib/python3.7/site-packages/airflow/example_dags/example_xcomargs.py for tasks to queue
[2022-08-23 12:04:36,784] {logging_mixin.py:115} INFO - [2022-08-23 12:04:36,784] {dagbag.py:508} INFO - Filling up the DagBag from /home/airflow/.local/lib/python3.7/site-packages/airflow/example_dags/example_xcomargs.py
[2022-08-23 12:04:36,809] {processor.py:651} INFO - DAG(s) dict_keys(['example_xcom_args', 'example_xcom_args_with_operators']) retrieved from /home/airflow/.local/lib/python3.7/site-packages/airflow/example_dags/example_xcomargs.py
[2022-08-23 12:04:37,052] {logging_mixin.py:115} INFO - [2022-08-23 12:04:37,052] {dag.py:2420} INFO - Sync 2 DAGs
[2022-08-23 12:04:37,072] {logging_mixin.py:115} INFO - [2022-08-23 12:04:37,072] {dag.py:2972} INFO - Setting next_dagrun for example_xcom_args to None, run_after=None
[2022-08-23 12:04:37,072] {logging_mixin.py:115} INFO - [2022-08-23 12:04:37,072] {dag.py:2972} INFO - Setting next_dagrun for example_xcom_args_with_operators to None, run_after=None
[2022-08-23 12:04:37,086] {processor.py:161} INFO - Processing /home/airflow/.local/lib/python3.7/site-packages/airflow/example_dags/example_xcomargs.py took 0.319 seconds
[2022-08-23 12:05:07,134] {processor.py:153} INFO - Started process (PID=687) to work on /home/airflow/.local/lib/python3.7/site-packages/airflow/example_dags/example_xcomargs.py
[2022-08-23 12:05:07,135] {processor.py:641} INFO - Processing file /home/airflow/.local/lib/python3.7/site-packages/airflow/example_dags/example_xcomargs.py for tasks to queue
[2022-08-23 12:05:07,135] {logging_mixin.py:115} INFO - [2022-08-23 12:05:07,135] {dagbag.py:508} INFO - Filling up the DagBag from /home/airflow/.local/lib/python3.7/site-packages/airflow/example_dags/example_xcomargs.py
[2022-08-23 12:05:07,159] {processor.py:651} INFO - DAG(s) dict_keys(['example_xcom_args', 'example_xcom_args_with_operators']) retrieved from /home/airflow/.local/lib/python3.7/site-packages/airflow/example_dags/example_xcomargs.py
[2022-08-23 12:05:07,433] {logging_mixin.py:115} INFO - [2022-08-23 12:05:07,432] {dag.py:2420} INFO - Sync 2 DAGs
[2022-08-23 12:05:07,453] {logging_mixin.py:115} INFO - [2022-08-23 12:05:07,453] {dag.py:2972} INFO - Setting next_dagrun for example_xcom_args to None, run_after=None
[2022-08-23 12:05:07,453] {logging_mixin.py:115} INFO - [2022-08-23 12:05:07,453] {dag.py:2972} INFO - Setting next_dagrun for example_xcom_args_with_operators to None, run_after=None
[2022-08-23 12:05:07,468] {processor.py:161} INFO - Processing /home/airflow/.local/lib/python3.7/site-packages/airflow/example_dags/example_xcomargs.py took 0.338 seconds
[2022-08-23 12:05:38,011] {processor.py:153} INFO - Started process (PID=748) to work on /home/airflow/.local/lib/python3.7/site-packages/airflow/example_dags/example_xcomargs.py
[2022-08-23 12:05:38,012] {processor.py:641} INFO - Processing file /home/airflow/.local/lib/python3.7/site-packages/airflow/example_dags/example_xcomargs.py for tasks to queue
[2022-08-23 12:05:38,013] {logging_mixin.py:115} INFO - [2022-08-23 12:05:38,013] {dagbag.py:508} INFO - Filling up the DagBag from /home/airflow/.local/lib/python3.7/site-packages/airflow/example_dags/example_xcomargs.py
[2022-08-23 12:05:38,043] {processor.py:651} INFO - DAG(s) dict_keys(['example_xcom_args', 'example_xcom_args_with_operators']) retrieved from /home/airflow/.local/lib/python3.7/site-packages/airflow/example_dags/example_xcomargs.py
[2022-08-23 12:05:38,395] {logging_mixin.py:115} INFO - [2022-08-23 12:05:38,394] {dag.py:2420} INFO - Sync 2 DAGs
[2022-08-23 12:05:38,421] {logging_mixin.py:115} INFO - [2022-08-23 12:05:38,421] {dag.py:2972} INFO - Setting next_dagrun for example_xcom_args to None, run_after=None
[2022-08-23 12:05:38,421] {logging_mixin.py:115} INFO - [2022-08-23 12:05:38,421] {dag.py:2972} INFO - Setting next_dagrun for example_xcom_args_with_operators to None, run_after=None
[2022-08-23 12:05:38,442] {processor.py:161} INFO - Processing /home/airflow/.local/lib/python3.7/site-packages/airflow/example_dags/example_xcomargs.py took 0.435 seconds
[2022-08-23 12:06:08,928] {processor.py:153} INFO - Started process (PID=800) to work on /home/airflow/.local/lib/python3.7/site-packages/airflow/example_dags/example_xcomargs.py
[2022-08-23 12:06:08,929] {processor.py:641} INFO - Processing file /home/airflow/.local/lib/python3.7/site-packages/airflow/example_dags/example_xcomargs.py for tasks to queue
[2022-08-23 12:06:08,929] {logging_mixin.py:115} INFO - [2022-08-23 12:06:08,929] {dagbag.py:508} INFO - Filling up the DagBag from /home/airflow/.local/lib/python3.7/site-packages/airflow/example_dags/example_xcomargs.py
[2022-08-23 12:06:08,953] {processor.py:651} INFO - DAG(s) dict_keys(['example_xcom_args', 'example_xcom_args_with_operators']) retrieved from /home/airflow/.local/lib/python3.7/site-packages/airflow/example_dags/example_xcomargs.py
[2022-08-23 12:06:09,179] {logging_mixin.py:115} INFO - [2022-08-23 12:06:09,179] {dag.py:2420} INFO - Sync 2 DAGs
[2022-08-23 12:06:09,197] {logging_mixin.py:115} INFO - [2022-08-23 12:06:09,197] {dag.py:2972} INFO - Setting next_dagrun for example_xcom_args to None, run_after=None
[2022-08-23 12:06:09,197] {logging_mixin.py:115} INFO - [2022-08-23 12:06:09,197] {dag.py:2972} INFO - Setting next_dagrun for example_xcom_args_with_operators to None, run_after=None
[2022-08-23 12:06:09,209] {processor.py:161} INFO - Processing /home/airflow/.local/lib/python3.7/site-packages/airflow/example_dags/example_xcomargs.py took 0.284 seconds
[2022-08-23 12:06:39,788] {processor.py:153} INFO - Started process (PID=861) to work on /home/airflow/.local/lib/python3.7/site-packages/airflow/example_dags/example_xcomargs.py
[2022-08-23 12:06:39,790] {processor.py:641} INFO - Processing file /home/airflow/.local/lib/python3.7/site-packages/airflow/example_dags/example_xcomargs.py for tasks to queue
[2022-08-23 12:06:39,790] {logging_mixin.py:115} INFO - [2022-08-23 12:06:39,790] {dagbag.py:508} INFO - Filling up the DagBag from /home/airflow/.local/lib/python3.7/site-packages/airflow/example_dags/example_xcomargs.py
[2022-08-23 12:06:39,814] {processor.py:651} INFO - DAG(s) dict_keys(['example_xcom_args', 'example_xcom_args_with_operators']) retrieved from /home/airflow/.local/lib/python3.7/site-packages/airflow/example_dags/example_xcomargs.py
[2022-08-23 12:06:39,993] {logging_mixin.py:115} INFO - [2022-08-23 12:06:39,993] {dag.py:2420} INFO - Sync 2 DAGs
[2022-08-23 12:06:40,017] {logging_mixin.py:115} INFO - [2022-08-23 12:06:40,017] {dag.py:2972} INFO - Setting next_dagrun for example_xcom_args to None, run_after=None
[2022-08-23 12:06:40,017] {logging_mixin.py:115} INFO - [2022-08-23 12:06:40,017] {dag.py:2972} INFO - Setting next_dagrun for example_xcom_args_with_operators to None, run_after=None
[2022-08-23 12:06:40,036] {processor.py:161} INFO - Processing /home/airflow/.local/lib/python3.7/site-packages/airflow/example_dags/example_xcomargs.py took 0.250 seconds
[2022-08-23 12:07:10,116] {processor.py:153} INFO - Started process (PID=913) to work on /home/airflow/.local/lib/python3.7/site-packages/airflow/example_dags/example_xcomargs.py
[2022-08-23 12:07:10,117] {processor.py:641} INFO - Processing file /home/airflow/.local/lib/python3.7/site-packages/airflow/example_dags/example_xcomargs.py for tasks to queue
[2022-08-23 12:07:10,118] {logging_mixin.py:115} INFO - [2022-08-23 12:07:10,118] {dagbag.py:508} INFO - Filling up the DagBag from /home/airflow/.local/lib/python3.7/site-packages/airflow/example_dags/example_xcomargs.py
[2022-08-23 12:07:10,157] {processor.py:651} INFO - DAG(s) dict_keys(['example_xcom_args', 'example_xcom_args_with_operators']) retrieved from /home/airflow/.local/lib/python3.7/site-packages/airflow/example_dags/example_xcomargs.py
[2022-08-23 12:07:10,396] {logging_mixin.py:115} INFO - [2022-08-23 12:07:10,396] {dag.py:2420} INFO - Sync 2 DAGs
[2022-08-23 12:07:10,415] {logging_mixin.py:115} INFO - [2022-08-23 12:07:10,415] {dag.py:2972} INFO - Setting next_dagrun for example_xcom_args to None, run_after=None
[2022-08-23 12:07:10,416] {logging_mixin.py:115} INFO - [2022-08-23 12:07:10,416] {dag.py:2972} INFO - Setting next_dagrun for example_xcom_args_with_operators to None, run_after=None
[2022-08-23 12:07:10,432] {processor.py:161} INFO - Processing /home/airflow/.local/lib/python3.7/site-packages/airflow/example_dags/example_xcomargs.py took 0.322 seconds
[2022-08-23 12:07:40,656] {processor.py:153} INFO - Started process (PID=974) to work on /home/airflow/.local/lib/python3.7/site-packages/airflow/example_dags/example_xcomargs.py
[2022-08-23 12:07:40,657] {processor.py:641} INFO - Processing file /home/airflow/.local/lib/python3.7/site-packages/airflow/example_dags/example_xcomargs.py for tasks to queue
[2022-08-23 12:07:40,657] {logging_mixin.py:115} INFO - [2022-08-23 12:07:40,657] {dagbag.py:508} INFO - Filling up the DagBag from /home/airflow/.local/lib/python3.7/site-packages/airflow/example_dags/example_xcomargs.py
[2022-08-23 12:07:40,682] {processor.py:651} INFO - DAG(s) dict_keys(['example_xcom_args', 'example_xcom_args_with_operators']) retrieved from /home/airflow/.local/lib/python3.7/site-packages/airflow/example_dags/example_xcomargs.py
[2022-08-23 12:07:40,894] {logging_mixin.py:115} INFO - [2022-08-23 12:07:40,894] {dag.py:2420} INFO - Sync 2 DAGs
[2022-08-23 12:07:40,916] {logging_mixin.py:115} INFO - [2022-08-23 12:07:40,916] {dag.py:2972} INFO - Setting next_dagrun for example_xcom_args to None, run_after=None
[2022-08-23 12:07:40,916] {logging_mixin.py:115} INFO - [2022-08-23 12:07:40,916] {dag.py:2972} INFO - Setting next_dagrun for example_xcom_args_with_operators to None, run_after=None
[2022-08-23 12:07:40,940] {processor.py:161} INFO - Processing /home/airflow/.local/lib/python3.7/site-packages/airflow/example_dags/example_xcomargs.py took 0.287 seconds
[2022-08-23 12:08:11,768] {processor.py:153} INFO - Started process (PID=1035) to work on /home/airflow/.local/lib/python3.7/site-packages/airflow/example_dags/example_xcomargs.py
[2022-08-23 12:08:11,779] {processor.py:641} INFO - Processing file /home/airflow/.local/lib/python3.7/site-packages/airflow/example_dags/example_xcomargs.py for tasks to queue
[2022-08-23 12:08:11,779] {logging_mixin.py:115} INFO - [2022-08-23 12:08:11,779] {dagbag.py:508} INFO - Filling up the DagBag from /home/airflow/.local/lib/python3.7/site-packages/airflow/example_dags/example_xcomargs.py
[2022-08-23 12:08:11,806] {processor.py:651} INFO - DAG(s) dict_keys(['example_xcom_args', 'example_xcom_args_with_operators']) retrieved from /home/airflow/.local/lib/python3.7/site-packages/airflow/example_dags/example_xcomargs.py
[2022-08-23 12:08:12,016] {logging_mixin.py:115} INFO - [2022-08-23 12:08:12,016] {dag.py:2420} INFO - Sync 2 DAGs
[2022-08-23 12:08:12,033] {logging_mixin.py:115} INFO - [2022-08-23 12:08:12,033] {dag.py:2972} INFO - Setting next_dagrun for example_xcom_args to None, run_after=None
[2022-08-23 12:08:12,033] {logging_mixin.py:115} INFO - [2022-08-23 12:08:12,033] {dag.py:2972} INFO - Setting next_dagrun for example_xcom_args_with_operators to None, run_after=None
[2022-08-23 12:08:12,047] {processor.py:161} INFO - Processing /home/airflow/.local/lib/python3.7/site-packages/airflow/example_dags/example_xcomargs.py took 0.281 seconds
[2022-08-23 12:08:42,245] {processor.py:153} INFO - Started process (PID=1087) to work on /home/airflow/.local/lib/python3.7/site-packages/airflow/example_dags/example_xcomargs.py
[2022-08-23 12:08:42,255] {processor.py:641} INFO - Processing file /home/airflow/.local/lib/python3.7/site-packages/airflow/example_dags/example_xcomargs.py for tasks to queue
[2022-08-23 12:08:42,256] {logging_mixin.py:115} INFO - [2022-08-23 12:08:42,256] {dagbag.py:508} INFO - Filling up the DagBag from /home/airflow/.local/lib/python3.7/site-packages/airflow/example_dags/example_xcomargs.py
[2022-08-23 12:08:42,289] {processor.py:651} INFO - DAG(s) dict_keys(['example_xcom_args', 'example_xcom_args_with_operators']) retrieved from /home/airflow/.local/lib/python3.7/site-packages/airflow/example_dags/example_xcomargs.py
[2022-08-23 12:08:42,519] {logging_mixin.py:115} INFO - [2022-08-23 12:08:42,518] {dag.py:2420} INFO - Sync 2 DAGs
[2022-08-23 12:08:42,536] {logging_mixin.py:115} INFO - [2022-08-23 12:08:42,536] {dag.py:2972} INFO - Setting next_dagrun for example_xcom_args to None, run_after=None
[2022-08-23 12:08:42,537] {logging_mixin.py:115} INFO - [2022-08-23 12:08:42,537] {dag.py:2972} INFO - Setting next_dagrun for example_xcom_args_with_operators to None, run_after=None
[2022-08-23 12:08:42,550] {processor.py:161} INFO - Processing /home/airflow/.local/lib/python3.7/site-packages/airflow/example_dags/example_xcomargs.py took 0.310 seconds
[2022-08-23 12:09:12,722] {processor.py:153} INFO - Started process (PID=1148) to work on /home/airflow/.local/lib/python3.7/site-packages/airflow/example_dags/example_xcomargs.py
[2022-08-23 12:09:12,723] {processor.py:641} INFO - Processing file /home/airflow/.local/lib/python3.7/site-packages/airflow/example_dags/example_xcomargs.py for tasks to queue
[2022-08-23 12:09:12,724] {logging_mixin.py:115} INFO - [2022-08-23 12:09:12,724] {dagbag.py:508} INFO - Filling up the DagBag from /home/airflow/.local/lib/python3.7/site-packages/airflow/example_dags/example_xcomargs.py
[2022-08-23 12:09:12,763] {processor.py:651} INFO - DAG(s) dict_keys(['example_xcom_args', 'example_xcom_args_with_operators']) retrieved from /home/airflow/.local/lib/python3.7/site-packages/airflow/example_dags/example_xcomargs.py
[2022-08-23 12:09:12,935] {logging_mixin.py:115} INFO - [2022-08-23 12:09:12,935] {dag.py:2420} INFO - Sync 2 DAGs
[2022-08-23 12:09:12,960] {logging_mixin.py:115} INFO - [2022-08-23 12:09:12,960] {dag.py:2972} INFO - Setting next_dagrun for example_xcom_args to None, run_after=None
[2022-08-23 12:09:12,961] {logging_mixin.py:115} INFO - [2022-08-23 12:09:12,961] {dag.py:2972} INFO - Setting next_dagrun for example_xcom_args_with_operators to None, run_after=None
[2022-08-23 12:09:12,981] {processor.py:161} INFO - Processing /home/airflow/.local/lib/python3.7/site-packages/airflow/example_dags/example_xcomargs.py took 0.263 seconds
[2022-08-23 12:09:43,218] {processor.py:153} INFO - Started process (PID=1209) to work on /home/airflow/.local/lib/python3.7/site-packages/airflow/example_dags/example_xcomargs.py
[2022-08-23 12:09:43,219] {processor.py:641} INFO - Processing file /home/airflow/.local/lib/python3.7/site-packages/airflow/example_dags/example_xcomargs.py for tasks to queue
[2022-08-23 12:09:43,220] {logging_mixin.py:115} INFO - [2022-08-23 12:09:43,219] {dagbag.py:508} INFO - Filling up the DagBag from /home/airflow/.local/lib/python3.7/site-packages/airflow/example_dags/example_xcomargs.py
[2022-08-23 12:09:43,266] {processor.py:651} INFO - DAG(s) dict_keys(['example_xcom_args', 'example_xcom_args_with_operators']) retrieved from /home/airflow/.local/lib/python3.7/site-packages/airflow/example_dags/example_xcomargs.py
[2022-08-23 12:09:43,484] {logging_mixin.py:115} INFO - [2022-08-23 12:09:43,484] {dag.py:2420} INFO - Sync 2 DAGs
[2022-08-23 12:09:43,501] {logging_mixin.py:115} INFO - [2022-08-23 12:09:43,501] {dag.py:2972} INFO - Setting next_dagrun for example_xcom_args to None, run_after=None
[2022-08-23 12:09:43,501] {logging_mixin.py:115} INFO - [2022-08-23 12:09:43,501] {dag.py:2972} INFO - Setting next_dagrun for example_xcom_args_with_operators to None, run_after=None
[2022-08-23 12:09:43,516] {processor.py:161} INFO - Processing /home/airflow/.local/lib/python3.7/site-packages/airflow/example_dags/example_xcomargs.py took 0.303 seconds
[2022-08-23 12:10:13,710] {processor.py:153} INFO - Started process (PID=1261) to work on /home/airflow/.local/lib/python3.7/site-packages/airflow/example_dags/example_xcomargs.py
[2022-08-23 12:10:13,720] {processor.py:641} INFO - Processing file /home/airflow/.local/lib/python3.7/site-packages/airflow/example_dags/example_xcomargs.py for tasks to queue
[2022-08-23 12:10:13,720] {logging_mixin.py:115} INFO - [2022-08-23 12:10:13,720] {dagbag.py:508} INFO - Filling up the DagBag from /home/airflow/.local/lib/python3.7/site-packages/airflow/example_dags/example_xcomargs.py
[2022-08-23 12:10:13,742] {processor.py:651} INFO - DAG(s) dict_keys(['example_xcom_args', 'example_xcom_args_with_operators']) retrieved from /home/airflow/.local/lib/python3.7/site-packages/airflow/example_dags/example_xcomargs.py
[2022-08-23 12:10:13,937] {logging_mixin.py:115} INFO - [2022-08-23 12:10:13,937] {dag.py:2420} INFO - Sync 2 DAGs
[2022-08-23 12:10:13,958] {logging_mixin.py:115} INFO - [2022-08-23 12:10:13,958] {dag.py:2972} INFO - Setting next_dagrun for example_xcom_args to None, run_after=None
[2022-08-23 12:10:13,958] {logging_mixin.py:115} INFO - [2022-08-23 12:10:13,958] {dag.py:2972} INFO - Setting next_dagrun for example_xcom_args_with_operators to None, run_after=None
[2022-08-23 12:10:13,969] {processor.py:161} INFO - Processing /home/airflow/.local/lib/python3.7/site-packages/airflow/example_dags/example_xcomargs.py took 0.262 seconds
[2022-08-23 12:10:44,055] {processor.py:153} INFO - Started process (PID=1322) to work on /home/airflow/.local/lib/python3.7/site-packages/airflow/example_dags/example_xcomargs.py
[2022-08-23 12:10:44,065] {processor.py:641} INFO - Processing file /home/airflow/.local/lib/python3.7/site-packages/airflow/example_dags/example_xcomargs.py for tasks to queue
[2022-08-23 12:10:44,066] {logging_mixin.py:115} INFO - [2022-08-23 12:10:44,066] {dagbag.py:508} INFO - Filling up the DagBag from /home/airflow/.local/lib/python3.7/site-packages/airflow/example_dags/example_xcomargs.py
[2022-08-23 12:10:44,086] {processor.py:651} INFO - DAG(s) dict_keys(['example_xcom_args', 'example_xcom_args_with_operators']) retrieved from /home/airflow/.local/lib/python3.7/site-packages/airflow/example_dags/example_xcomargs.py
[2022-08-23 12:10:44,258] {logging_mixin.py:115} INFO - [2022-08-23 12:10:44,258] {dag.py:2420} INFO - Sync 2 DAGs
[2022-08-23 12:10:44,278] {logging_mixin.py:115} INFO - [2022-08-23 12:10:44,278] {dag.py:2972} INFO - Setting next_dagrun for example_xcom_args to None, run_after=None
[2022-08-23 12:10:44,278] {logging_mixin.py:115} INFO - [2022-08-23 12:10:44,278] {dag.py:2972} INFO - Setting next_dagrun for example_xcom_args_with_operators to None, run_after=None
[2022-08-23 12:10:44,298] {processor.py:161} INFO - Processing /home/airflow/.local/lib/python3.7/site-packages/airflow/example_dags/example_xcomargs.py took 0.248 seconds
[2022-08-23 12:11:15,058] {processor.py:153} INFO - Started process (PID=1383) to work on /home/airflow/.local/lib/python3.7/site-packages/airflow/example_dags/example_xcomargs.py
[2022-08-23 12:11:15,068] {processor.py:641} INFO - Processing file /home/airflow/.local/lib/python3.7/site-packages/airflow/example_dags/example_xcomargs.py for tasks to queue
[2022-08-23 12:11:15,069] {logging_mixin.py:115} INFO - [2022-08-23 12:11:15,069] {dagbag.py:508} INFO - Filling up the DagBag from /home/airflow/.local/lib/python3.7/site-packages/airflow/example_dags/example_xcomargs.py
[2022-08-23 12:11:15,094] {processor.py:651} INFO - DAG(s) dict_keys(['example_xcom_args', 'example_xcom_args_with_operators']) retrieved from /home/airflow/.local/lib/python3.7/site-packages/airflow/example_dags/example_xcomargs.py
[2022-08-23 12:11:15,296] {logging_mixin.py:115} INFO - [2022-08-23 12:11:15,296] {dag.py:2420} INFO - Sync 2 DAGs
[2022-08-23 12:11:15,316] {logging_mixin.py:115} INFO - [2022-08-23 12:11:15,316] {dag.py:2972} INFO - Setting next_dagrun for example_xcom_args to None, run_after=None
[2022-08-23 12:11:15,317] {logging_mixin.py:115} INFO - [2022-08-23 12:11:15,317] {dag.py:2972} INFO - Setting next_dagrun for example_xcom_args_with_operators to None, run_after=None
[2022-08-23 12:11:15,328] {processor.py:161} INFO - Processing /home/airflow/.local/lib/python3.7/site-packages/airflow/example_dags/example_xcomargs.py took 0.273 seconds
[2022-08-23 12:11:45,575] {processor.py:153} INFO - Started process (PID=1435) to work on /home/airflow/.local/lib/python3.7/site-packages/airflow/example_dags/example_xcomargs.py
[2022-08-23 12:11:45,576] {processor.py:641} INFO - Processing file /home/airflow/.local/lib/python3.7/site-packages/airflow/example_dags/example_xcomargs.py for tasks to queue
[2022-08-23 12:11:45,577] {logging_mixin.py:115} INFO - [2022-08-23 12:11:45,577] {dagbag.py:508} INFO - Filling up the DagBag from /home/airflow/.local/lib/python3.7/site-packages/airflow/example_dags/example_xcomargs.py
[2022-08-23 12:11:45,598] {processor.py:651} INFO - DAG(s) dict_keys(['example_xcom_args', 'example_xcom_args_with_operators']) retrieved from /home/airflow/.local/lib/python3.7/site-packages/airflow/example_dags/example_xcomargs.py
[2022-08-23 12:11:45,833] {logging_mixin.py:115} INFO - [2022-08-23 12:11:45,833] {dag.py:2420} INFO - Sync 2 DAGs
[2022-08-23 12:11:45,853] {logging_mixin.py:115} INFO - [2022-08-23 12:11:45,853] {dag.py:2972} INFO - Setting next_dagrun for example_xcom_args to None, run_after=None
[2022-08-23 12:11:45,853] {logging_mixin.py:115} INFO - [2022-08-23 12:11:45,853] {dag.py:2972} INFO - Setting next_dagrun for example_xcom_args_with_operators to None, run_after=None
[2022-08-23 12:11:45,863] {processor.py:161} INFO - Processing /home/airflow/.local/lib/python3.7/site-packages/airflow/example_dags/example_xcomargs.py took 0.294 seconds
[2022-08-23 12:12:15,910] {processor.py:153} INFO - Started process (PID=1496) to work on /home/airflow/.local/lib/python3.7/site-packages/airflow/example_dags/example_xcomargs.py
[2022-08-23 12:12:15,921] {processor.py:641} INFO - Processing file /home/airflow/.local/lib/python3.7/site-packages/airflow/example_dags/example_xcomargs.py for tasks to queue
[2022-08-23 12:12:15,921] {logging_mixin.py:115} INFO - [2022-08-23 12:12:15,921] {dagbag.py:508} INFO - Filling up the DagBag from /home/airflow/.local/lib/python3.7/site-packages/airflow/example_dags/example_xcomargs.py
[2022-08-23 12:12:15,948] {processor.py:651} INFO - DAG(s) dict_keys(['example_xcom_args', 'example_xcom_args_with_operators']) retrieved from /home/airflow/.local/lib/python3.7/site-packages/airflow/example_dags/example_xcomargs.py
[2022-08-23 12:12:16,224] {logging_mixin.py:115} INFO - [2022-08-23 12:12:16,224] {dag.py:2420} INFO - Sync 2 DAGs
[2022-08-23 12:12:16,248] {logging_mixin.py:115} INFO - [2022-08-23 12:12:16,248] {dag.py:2972} INFO - Setting next_dagrun for example_xcom_args to None, run_after=None
[2022-08-23 12:12:16,248] {logging_mixin.py:115} INFO - [2022-08-23 12:12:16,248] {dag.py:2972} INFO - Setting next_dagrun for example_xcom_args_with_operators to None, run_after=None
[2022-08-23 12:12:16,266] {processor.py:161} INFO - Processing /home/airflow/.local/lib/python3.7/site-packages/airflow/example_dags/example_xcomargs.py took 0.361 seconds
[2022-08-23 12:12:46,390] {processor.py:153} INFO - Started process (PID=1557) to work on /home/airflow/.local/lib/python3.7/site-packages/airflow/example_dags/example_xcomargs.py
[2022-08-23 12:12:46,390] {processor.py:641} INFO - Processing file /home/airflow/.local/lib/python3.7/site-packages/airflow/example_dags/example_xcomargs.py for tasks to queue
[2022-08-23 12:12:46,391] {logging_mixin.py:115} INFO - [2022-08-23 12:12:46,391] {dagbag.py:508} INFO - Filling up the DagBag from /home/airflow/.local/lib/python3.7/site-packages/airflow/example_dags/example_xcomargs.py
[2022-08-23 12:12:46,412] {processor.py:651} INFO - DAG(s) dict_keys(['example_xcom_args', 'example_xcom_args_with_operators']) retrieved from /home/airflow/.local/lib/python3.7/site-packages/airflow/example_dags/example_xcomargs.py
[2022-08-23 12:12:46,622] {logging_mixin.py:115} INFO - [2022-08-23 12:12:46,622] {dag.py:2420} INFO - Sync 2 DAGs
[2022-08-23 12:12:46,646] {logging_mixin.py:115} INFO - [2022-08-23 12:12:46,646] {dag.py:2972} INFO - Setting next_dagrun for example_xcom_args to None, run_after=None
[2022-08-23 12:12:46,647] {logging_mixin.py:115} INFO - [2022-08-23 12:12:46,646] {dag.py:2972} INFO - Setting next_dagrun for example_xcom_args_with_operators to None, run_after=None
[2022-08-23 12:12:46,658] {processor.py:161} INFO - Processing /home/airflow/.local/lib/python3.7/site-packages/airflow/example_dags/example_xcomargs.py took 0.272 seconds
[2022-08-23 12:13:16,868] {processor.py:153} INFO - Started process (PID=1609) to work on /home/airflow/.local/lib/python3.7/site-packages/airflow/example_dags/example_xcomargs.py
[2022-08-23 12:13:16,868] {processor.py:641} INFO - Processing file /home/airflow/.local/lib/python3.7/site-packages/airflow/example_dags/example_xcomargs.py for tasks to queue
[2022-08-23 12:13:16,869] {logging_mixin.py:115} INFO - [2022-08-23 12:13:16,869] {dagbag.py:508} INFO - Filling up the DagBag from /home/airflow/.local/lib/python3.7/site-packages/airflow/example_dags/example_xcomargs.py
[2022-08-23 12:13:16,892] {processor.py:651} INFO - DAG(s) dict_keys(['example_xcom_args', 'example_xcom_args_with_operators']) retrieved from /home/airflow/.local/lib/python3.7/site-packages/airflow/example_dags/example_xcomargs.py
[2022-08-23 12:13:17,128] {logging_mixin.py:115} INFO - [2022-08-23 12:13:17,128] {dag.py:2420} INFO - Sync 2 DAGs
[2022-08-23 12:13:17,149] {logging_mixin.py:115} INFO - [2022-08-23 12:13:17,149] {dag.py:2972} INFO - Setting next_dagrun for example_xcom_args to None, run_after=None
[2022-08-23 12:13:17,149] {logging_mixin.py:115} INFO - [2022-08-23 12:13:17,149] {dag.py:2972} INFO - Setting next_dagrun for example_xcom_args_with_operators to None, run_after=None
[2022-08-23 12:13:17,163] {processor.py:161} INFO - Processing /home/airflow/.local/lib/python3.7/site-packages/airflow/example_dags/example_xcomargs.py took 0.298 seconds
[2022-08-23 12:13:47,297] {processor.py:153} INFO - Started process (PID=1670) to work on /home/airflow/.local/lib/python3.7/site-packages/airflow/example_dags/example_xcomargs.py
[2022-08-23 12:13:47,308] {processor.py:641} INFO - Processing file /home/airflow/.local/lib/python3.7/site-packages/airflow/example_dags/example_xcomargs.py for tasks to queue
[2022-08-23 12:13:47,309] {logging_mixin.py:115} INFO - [2022-08-23 12:13:47,308] {dagbag.py:508} INFO - Filling up the DagBag from /home/airflow/.local/lib/python3.7/site-packages/airflow/example_dags/example_xcomargs.py
[2022-08-23 12:13:47,330] {processor.py:651} INFO - DAG(s) dict_keys(['example_xcom_args', 'example_xcom_args_with_operators']) retrieved from /home/airflow/.local/lib/python3.7/site-packages/airflow/example_dags/example_xcomargs.py
[2022-08-23 12:13:47,507] {logging_mixin.py:115} INFO - [2022-08-23 12:13:47,507] {dag.py:2420} INFO - Sync 2 DAGs
[2022-08-23 12:13:47,526] {logging_mixin.py:115} INFO - [2022-08-23 12:13:47,526] {dag.py:2972} INFO - Setting next_dagrun for example_xcom_args to None, run_after=None
[2022-08-23 12:13:47,526] {logging_mixin.py:115} INFO - [2022-08-23 12:13:47,526] {dag.py:2972} INFO - Setting next_dagrun for example_xcom_args_with_operators to None, run_after=None
[2022-08-23 12:13:47,539] {processor.py:161} INFO - Processing /home/airflow/.local/lib/python3.7/site-packages/airflow/example_dags/example_xcomargs.py took 0.245 seconds
