[2022-08-23 11:59:30,765] {processor.py:153} INFO - Started process (PID=80) to work on /home/airflow/.local/lib/python3.7/site-packages/airflow/example_dags/example_nested_branch_dag.py
[2022-08-23 11:59:30,766] {processor.py:641} INFO - Processing file /home/airflow/.local/lib/python3.7/site-packages/airflow/example_dags/example_nested_branch_dag.py for tasks to queue
[2022-08-23 11:59:30,768] {logging_mixin.py:115} INFO - [2022-08-23 11:59:30,767] {dagbag.py:508} INFO - Filling up the DagBag from /home/airflow/.local/lib/python3.7/site-packages/airflow/example_dags/example_nested_branch_dag.py
[2022-08-23 11:59:30,783] {processor.py:651} INFO - DAG(s) dict_keys(['example_nested_branch_dag']) retrieved from /home/airflow/.local/lib/python3.7/site-packages/airflow/example_dags/example_nested_branch_dag.py
[2022-08-23 11:59:30,815] {logging_mixin.py:115} INFO - [2022-08-23 11:59:30,815] {dag.py:2420} INFO - Sync 1 DAGs
[2022-08-23 11:59:31,044] {logging_mixin.py:115} INFO - [2022-08-23 11:59:31,044] {dag.py:2972} INFO - Setting next_dagrun for example_nested_branch_dag to 2022-08-22T00:00:00+00:00, run_after=2022-08-23T00:00:00+00:00
[2022-08-23 11:59:31,057] {processor.py:161} INFO - Processing /home/airflow/.local/lib/python3.7/site-packages/airflow/example_dags/example_nested_branch_dag.py took 0.297 seconds
[2022-08-23 12:00:01,678] {processor.py:153} INFO - Started process (PID=134) to work on /home/airflow/.local/lib/python3.7/site-packages/airflow/example_dags/example_nested_branch_dag.py
[2022-08-23 12:00:01,679] {processor.py:641} INFO - Processing file /home/airflow/.local/lib/python3.7/site-packages/airflow/example_dags/example_nested_branch_dag.py for tasks to queue
[2022-08-23 12:00:01,679] {logging_mixin.py:115} INFO - [2022-08-23 12:00:01,679] {dagbag.py:508} INFO - Filling up the DagBag from /home/airflow/.local/lib/python3.7/site-packages/airflow/example_dags/example_nested_branch_dag.py
[2022-08-23 12:00:01,692] {processor.py:651} INFO - DAG(s) dict_keys(['example_nested_branch_dag']) retrieved from /home/airflow/.local/lib/python3.7/site-packages/airflow/example_dags/example_nested_branch_dag.py
[2022-08-23 12:00:01,731] {logging_mixin.py:115} INFO - [2022-08-23 12:00:01,731] {dag.py:2420} INFO - Sync 1 DAGs
[2022-08-23 12:00:01,847] {logging_mixin.py:115} INFO - [2022-08-23 12:00:01,847] {dag.py:2972} INFO - Setting next_dagrun for example_nested_branch_dag to 2022-08-22T00:00:00+00:00, run_after=2022-08-23T00:00:00+00:00
[2022-08-23 12:00:01,866] {processor.py:161} INFO - Processing /home/airflow/.local/lib/python3.7/site-packages/airflow/example_dags/example_nested_branch_dag.py took 0.191 seconds
[2022-08-23 12:00:32,808] {processor.py:153} INFO - Started process (PID=195) to work on /home/airflow/.local/lib/python3.7/site-packages/airflow/example_dags/example_nested_branch_dag.py
[2022-08-23 12:00:32,808] {processor.py:641} INFO - Processing file /home/airflow/.local/lib/python3.7/site-packages/airflow/example_dags/example_nested_branch_dag.py for tasks to queue
[2022-08-23 12:00:32,809] {logging_mixin.py:115} INFO - [2022-08-23 12:00:32,809] {dagbag.py:508} INFO - Filling up the DagBag from /home/airflow/.local/lib/python3.7/site-packages/airflow/example_dags/example_nested_branch_dag.py
[2022-08-23 12:00:32,820] {processor.py:651} INFO - DAG(s) dict_keys(['example_nested_branch_dag']) retrieved from /home/airflow/.local/lib/python3.7/site-packages/airflow/example_dags/example_nested_branch_dag.py
[2022-08-23 12:00:32,853] {logging_mixin.py:115} INFO - [2022-08-23 12:00:32,853] {dag.py:2420} INFO - Sync 1 DAGs
[2022-08-23 12:00:33,109] {logging_mixin.py:115} INFO - [2022-08-23 12:00:33,109] {dag.py:2972} INFO - Setting next_dagrun for example_nested_branch_dag to 2022-08-22T00:00:00+00:00, run_after=2022-08-23T00:00:00+00:00
[2022-08-23 12:00:33,125] {processor.py:161} INFO - Processing /home/airflow/.local/lib/python3.7/site-packages/airflow/example_dags/example_nested_branch_dag.py took 0.320 seconds
[2022-08-23 12:01:03,161] {processor.py:153} INFO - Started process (PID=256) to work on /home/airflow/.local/lib/python3.7/site-packages/airflow/example_dags/example_nested_branch_dag.py
[2022-08-23 12:01:03,162] {processor.py:641} INFO - Processing file /home/airflow/.local/lib/python3.7/site-packages/airflow/example_dags/example_nested_branch_dag.py for tasks to queue
[2022-08-23 12:01:03,162] {logging_mixin.py:115} INFO - [2022-08-23 12:01:03,162] {dagbag.py:508} INFO - Filling up the DagBag from /home/airflow/.local/lib/python3.7/site-packages/airflow/example_dags/example_nested_branch_dag.py
[2022-08-23 12:01:03,176] {processor.py:651} INFO - DAG(s) dict_keys(['example_nested_branch_dag']) retrieved from /home/airflow/.local/lib/python3.7/site-packages/airflow/example_dags/example_nested_branch_dag.py
[2022-08-23 12:01:03,213] {logging_mixin.py:115} INFO - [2022-08-23 12:01:03,213] {dag.py:2420} INFO - Sync 1 DAGs
[2022-08-23 12:01:03,342] {logging_mixin.py:115} INFO - [2022-08-23 12:01:03,342] {dag.py:2972} INFO - Setting next_dagrun for example_nested_branch_dag to 2022-08-22T00:00:00+00:00, run_after=2022-08-23T00:00:00+00:00
[2022-08-23 12:01:03,357] {processor.py:161} INFO - Processing /home/airflow/.local/lib/python3.7/site-packages/airflow/example_dags/example_nested_branch_dag.py took 0.199 seconds
[2022-08-23 12:01:34,466] {processor.py:153} INFO - Started process (PID=308) to work on /home/airflow/.local/lib/python3.7/site-packages/airflow/example_dags/example_nested_branch_dag.py
[2022-08-23 12:01:34,466] {processor.py:641} INFO - Processing file /home/airflow/.local/lib/python3.7/site-packages/airflow/example_dags/example_nested_branch_dag.py for tasks to queue
[2022-08-23 12:01:34,467] {logging_mixin.py:115} INFO - [2022-08-23 12:01:34,467] {dagbag.py:508} INFO - Filling up the DagBag from /home/airflow/.local/lib/python3.7/site-packages/airflow/example_dags/example_nested_branch_dag.py
[2022-08-23 12:01:34,479] {processor.py:651} INFO - DAG(s) dict_keys(['example_nested_branch_dag']) retrieved from /home/airflow/.local/lib/python3.7/site-packages/airflow/example_dags/example_nested_branch_dag.py
[2022-08-23 12:01:34,511] {logging_mixin.py:115} INFO - [2022-08-23 12:01:34,511] {dag.py:2420} INFO - Sync 1 DAGs
[2022-08-23 12:01:34,715] {logging_mixin.py:115} INFO - [2022-08-23 12:01:34,715] {dag.py:2972} INFO - Setting next_dagrun for example_nested_branch_dag to 2022-08-22T00:00:00+00:00, run_after=2022-08-23T00:00:00+00:00
[2022-08-23 12:01:34,729] {processor.py:161} INFO - Processing /home/airflow/.local/lib/python3.7/site-packages/airflow/example_dags/example_nested_branch_dag.py took 0.266 seconds
[2022-08-23 12:02:10,724] {processor.py:153} INFO - Started process (PID=368) to work on /home/airflow/.local/lib/python3.7/site-packages/airflow/example_dags/example_nested_branch_dag.py
[2022-08-23 12:02:10,725] {processor.py:641} INFO - Processing file /home/airflow/.local/lib/python3.7/site-packages/airflow/example_dags/example_nested_branch_dag.py for tasks to queue
[2022-08-23 12:02:10,726] {logging_mixin.py:115} INFO - [2022-08-23 12:02:10,726] {dagbag.py:508} INFO - Filling up the DagBag from /home/airflow/.local/lib/python3.7/site-packages/airflow/example_dags/example_nested_branch_dag.py
[2022-08-23 12:02:10,748] {processor.py:651} INFO - DAG(s) dict_keys(['example_nested_branch_dag']) retrieved from /home/airflow/.local/lib/python3.7/site-packages/airflow/example_dags/example_nested_branch_dag.py
[2022-08-23 12:02:10,829] {logging_mixin.py:115} INFO - [2022-08-23 12:02:10,828] {dag.py:2420} INFO - Sync 1 DAGs
[2022-08-23 12:02:11,271] {logging_mixin.py:115} INFO - [2022-08-23 12:02:11,271] {dag.py:2972} INFO - Setting next_dagrun for example_nested_branch_dag to 2022-08-22T00:00:00+00:00, run_after=2022-08-23T00:00:00+00:00
[2022-08-23 12:02:11,294] {processor.py:161} INFO - Processing /home/airflow/.local/lib/python3.7/site-packages/airflow/example_dags/example_nested_branch_dag.py took 0.577 seconds
[2022-08-23 12:02:41,879] {processor.py:153} INFO - Started process (PID=420) to work on /home/airflow/.local/lib/python3.7/site-packages/airflow/example_dags/example_nested_branch_dag.py
[2022-08-23 12:02:41,880] {processor.py:641} INFO - Processing file /home/airflow/.local/lib/python3.7/site-packages/airflow/example_dags/example_nested_branch_dag.py for tasks to queue
[2022-08-23 12:02:41,881] {logging_mixin.py:115} INFO - [2022-08-23 12:02:41,880] {dagbag.py:508} INFO - Filling up the DagBag from /home/airflow/.local/lib/python3.7/site-packages/airflow/example_dags/example_nested_branch_dag.py
[2022-08-23 12:02:41,894] {processor.py:651} INFO - DAG(s) dict_keys(['example_nested_branch_dag']) retrieved from /home/airflow/.local/lib/python3.7/site-packages/airflow/example_dags/example_nested_branch_dag.py
[2022-08-23 12:02:41,953] {logging_mixin.py:115} INFO - [2022-08-23 12:02:41,953] {dag.py:2420} INFO - Sync 1 DAGs
[2022-08-23 12:02:42,151] {logging_mixin.py:115} INFO - [2022-08-23 12:02:42,150] {dag.py:2972} INFO - Setting next_dagrun for example_nested_branch_dag to 2022-08-22T00:00:00+00:00, run_after=2022-08-23T00:00:00+00:00
[2022-08-23 12:02:42,160] {processor.py:161} INFO - Processing /home/airflow/.local/lib/python3.7/site-packages/airflow/example_dags/example_nested_branch_dag.py took 0.284 seconds
[2022-08-23 12:03:12,308] {processor.py:153} INFO - Started process (PID=481) to work on /home/airflow/.local/lib/python3.7/site-packages/airflow/example_dags/example_nested_branch_dag.py
[2022-08-23 12:03:12,309] {processor.py:641} INFO - Processing file /home/airflow/.local/lib/python3.7/site-packages/airflow/example_dags/example_nested_branch_dag.py for tasks to queue
[2022-08-23 12:03:12,309] {logging_mixin.py:115} INFO - [2022-08-23 12:03:12,309] {dagbag.py:508} INFO - Filling up the DagBag from /home/airflow/.local/lib/python3.7/site-packages/airflow/example_dags/example_nested_branch_dag.py
[2022-08-23 12:03:12,327] {processor.py:651} INFO - DAG(s) dict_keys(['example_nested_branch_dag']) retrieved from /home/airflow/.local/lib/python3.7/site-packages/airflow/example_dags/example_nested_branch_dag.py
[2022-08-23 12:03:12,360] {logging_mixin.py:115} INFO - [2022-08-23 12:03:12,360] {dag.py:2420} INFO - Sync 1 DAGs
[2022-08-23 12:03:12,529] {logging_mixin.py:115} INFO - [2022-08-23 12:03:12,529] {dag.py:2972} INFO - Setting next_dagrun for example_nested_branch_dag to 2022-08-22T00:00:00+00:00, run_after=2022-08-23T00:00:00+00:00
[2022-08-23 12:03:12,542] {processor.py:161} INFO - Processing /home/airflow/.local/lib/python3.7/site-packages/airflow/example_dags/example_nested_branch_dag.py took 0.239 seconds
[2022-08-23 12:03:42,829] {processor.py:153} INFO - Started process (PID=542) to work on /home/airflow/.local/lib/python3.7/site-packages/airflow/example_dags/example_nested_branch_dag.py
[2022-08-23 12:03:42,830] {processor.py:641} INFO - Processing file /home/airflow/.local/lib/python3.7/site-packages/airflow/example_dags/example_nested_branch_dag.py for tasks to queue
[2022-08-23 12:03:42,831] {logging_mixin.py:115} INFO - [2022-08-23 12:03:42,831] {dagbag.py:508} INFO - Filling up the DagBag from /home/airflow/.local/lib/python3.7/site-packages/airflow/example_dags/example_nested_branch_dag.py
[2022-08-23 12:03:42,851] {processor.py:651} INFO - DAG(s) dict_keys(['example_nested_branch_dag']) retrieved from /home/airflow/.local/lib/python3.7/site-packages/airflow/example_dags/example_nested_branch_dag.py
[2022-08-23 12:03:42,890] {logging_mixin.py:115} INFO - [2022-08-23 12:03:42,889] {dag.py:2420} INFO - Sync 1 DAGs
[2022-08-23 12:03:43,081] {logging_mixin.py:115} INFO - [2022-08-23 12:03:43,080] {dag.py:2972} INFO - Setting next_dagrun for example_nested_branch_dag to 2022-08-22T00:00:00+00:00, run_after=2022-08-23T00:00:00+00:00
[2022-08-23 12:03:43,092] {processor.py:161} INFO - Processing /home/airflow/.local/lib/python3.7/site-packages/airflow/example_dags/example_nested_branch_dag.py took 0.268 seconds
[2022-08-23 12:04:13,251] {processor.py:153} INFO - Started process (PID=594) to work on /home/airflow/.local/lib/python3.7/site-packages/airflow/example_dags/example_nested_branch_dag.py
[2022-08-23 12:04:13,252] {processor.py:641} INFO - Processing file /home/airflow/.local/lib/python3.7/site-packages/airflow/example_dags/example_nested_branch_dag.py for tasks to queue
[2022-08-23 12:04:13,253] {logging_mixin.py:115} INFO - [2022-08-23 12:04:13,253] {dagbag.py:508} INFO - Filling up the DagBag from /home/airflow/.local/lib/python3.7/site-packages/airflow/example_dags/example_nested_branch_dag.py
[2022-08-23 12:04:13,270] {processor.py:651} INFO - DAG(s) dict_keys(['example_nested_branch_dag']) retrieved from /home/airflow/.local/lib/python3.7/site-packages/airflow/example_dags/example_nested_branch_dag.py
[2022-08-23 12:04:13,333] {logging_mixin.py:115} INFO - [2022-08-23 12:04:13,332] {dag.py:2420} INFO - Sync 1 DAGs
[2022-08-23 12:04:13,599] {logging_mixin.py:115} INFO - [2022-08-23 12:04:13,598] {dag.py:2972} INFO - Setting next_dagrun for example_nested_branch_dag to 2022-08-22T00:00:00+00:00, run_after=2022-08-23T00:00:00+00:00
[2022-08-23 12:04:13,615] {processor.py:161} INFO - Processing /home/airflow/.local/lib/python3.7/site-packages/airflow/example_dags/example_nested_branch_dag.py took 0.370 seconds
[2022-08-23 12:04:44,294] {processor.py:153} INFO - Started process (PID=655) to work on /home/airflow/.local/lib/python3.7/site-packages/airflow/example_dags/example_nested_branch_dag.py
[2022-08-23 12:04:44,295] {processor.py:641} INFO - Processing file /home/airflow/.local/lib/python3.7/site-packages/airflow/example_dags/example_nested_branch_dag.py for tasks to queue
[2022-08-23 12:04:44,295] {logging_mixin.py:115} INFO - [2022-08-23 12:04:44,295] {dagbag.py:508} INFO - Filling up the DagBag from /home/airflow/.local/lib/python3.7/site-packages/airflow/example_dags/example_nested_branch_dag.py
[2022-08-23 12:04:44,316] {processor.py:651} INFO - DAG(s) dict_keys(['example_nested_branch_dag']) retrieved from /home/airflow/.local/lib/python3.7/site-packages/airflow/example_dags/example_nested_branch_dag.py
[2022-08-23 12:04:44,348] {logging_mixin.py:115} INFO - [2022-08-23 12:04:44,348] {dag.py:2420} INFO - Sync 1 DAGs
[2022-08-23 12:04:44,511] {logging_mixin.py:115} INFO - [2022-08-23 12:04:44,511] {dag.py:2972} INFO - Setting next_dagrun for example_nested_branch_dag to 2022-08-22T00:00:00+00:00, run_after=2022-08-23T00:00:00+00:00
[2022-08-23 12:04:44,522] {processor.py:161} INFO - Processing /home/airflow/.local/lib/python3.7/site-packages/airflow/example_dags/example_nested_branch_dag.py took 0.233 seconds
[2022-08-23 12:05:14,906] {processor.py:153} INFO - Started process (PID=716) to work on /home/airflow/.local/lib/python3.7/site-packages/airflow/example_dags/example_nested_branch_dag.py
[2022-08-23 12:05:14,911] {processor.py:641} INFO - Processing file /home/airflow/.local/lib/python3.7/site-packages/airflow/example_dags/example_nested_branch_dag.py for tasks to queue
[2022-08-23 12:05:14,912] {logging_mixin.py:115} INFO - [2022-08-23 12:05:14,912] {dagbag.py:508} INFO - Filling up the DagBag from /home/airflow/.local/lib/python3.7/site-packages/airflow/example_dags/example_nested_branch_dag.py
[2022-08-23 12:05:14,933] {processor.py:651} INFO - DAG(s) dict_keys(['example_nested_branch_dag']) retrieved from /home/airflow/.local/lib/python3.7/site-packages/airflow/example_dags/example_nested_branch_dag.py
[2022-08-23 12:05:14,971] {logging_mixin.py:115} INFO - [2022-08-23 12:05:14,971] {dag.py:2420} INFO - Sync 1 DAGs
[2022-08-23 12:05:15,181] {logging_mixin.py:115} INFO - [2022-08-23 12:05:15,181] {dag.py:2972} INFO - Setting next_dagrun for example_nested_branch_dag to 2022-08-22T00:00:00+00:00, run_after=2022-08-23T00:00:00+00:00
[2022-08-23 12:05:15,195] {processor.py:161} INFO - Processing /home/airflow/.local/lib/python3.7/site-packages/airflow/example_dags/example_nested_branch_dag.py took 0.294 seconds
[2022-08-23 12:05:45,220] {processor.py:153} INFO - Started process (PID=767) to work on /home/airflow/.local/lib/python3.7/site-packages/airflow/example_dags/example_nested_branch_dag.py
[2022-08-23 12:05:45,220] {processor.py:641} INFO - Processing file /home/airflow/.local/lib/python3.7/site-packages/airflow/example_dags/example_nested_branch_dag.py for tasks to queue
[2022-08-23 12:05:45,221] {logging_mixin.py:115} INFO - [2022-08-23 12:05:45,221] {dagbag.py:508} INFO - Filling up the DagBag from /home/airflow/.local/lib/python3.7/site-packages/airflow/example_dags/example_nested_branch_dag.py
[2022-08-23 12:05:45,230] {processor.py:651} INFO - DAG(s) dict_keys(['example_nested_branch_dag']) retrieved from /home/airflow/.local/lib/python3.7/site-packages/airflow/example_dags/example_nested_branch_dag.py
[2022-08-23 12:05:45,257] {logging_mixin.py:115} INFO - [2022-08-23 12:05:45,257] {dag.py:2420} INFO - Sync 1 DAGs
[2022-08-23 12:05:45,425] {logging_mixin.py:115} INFO - [2022-08-23 12:05:45,425] {dag.py:2972} INFO - Setting next_dagrun for example_nested_branch_dag to 2022-08-22T00:00:00+00:00, run_after=2022-08-23T00:00:00+00:00
[2022-08-23 12:05:45,436] {processor.py:161} INFO - Processing /home/airflow/.local/lib/python3.7/site-packages/airflow/example_dags/example_nested_branch_dag.py took 0.218 seconds
[2022-08-23 12:06:15,731] {processor.py:153} INFO - Started process (PID=828) to work on /home/airflow/.local/lib/python3.7/site-packages/airflow/example_dags/example_nested_branch_dag.py
[2022-08-23 12:06:15,732] {processor.py:641} INFO - Processing file /home/airflow/.local/lib/python3.7/site-packages/airflow/example_dags/example_nested_branch_dag.py for tasks to queue
[2022-08-23 12:06:15,733] {logging_mixin.py:115} INFO - [2022-08-23 12:06:15,733] {dagbag.py:508} INFO - Filling up the DagBag from /home/airflow/.local/lib/python3.7/site-packages/airflow/example_dags/example_nested_branch_dag.py
[2022-08-23 12:06:15,748] {processor.py:651} INFO - DAG(s) dict_keys(['example_nested_branch_dag']) retrieved from /home/airflow/.local/lib/python3.7/site-packages/airflow/example_dags/example_nested_branch_dag.py
[2022-08-23 12:06:15,795] {logging_mixin.py:115} INFO - [2022-08-23 12:06:15,795] {dag.py:2420} INFO - Sync 1 DAGs
[2022-08-23 12:06:16,022] {logging_mixin.py:115} INFO - [2022-08-23 12:06:16,022] {dag.py:2972} INFO - Setting next_dagrun for example_nested_branch_dag to 2022-08-22T00:00:00+00:00, run_after=2022-08-23T00:00:00+00:00
[2022-08-23 12:06:16,032] {processor.py:161} INFO - Processing /home/airflow/.local/lib/python3.7/site-packages/airflow/example_dags/example_nested_branch_dag.py took 0.304 seconds
[2022-08-23 12:06:46,089] {processor.py:153} INFO - Started process (PID=880) to work on /home/airflow/.local/lib/python3.7/site-packages/airflow/example_dags/example_nested_branch_dag.py
[2022-08-23 12:06:46,090] {processor.py:641} INFO - Processing file /home/airflow/.local/lib/python3.7/site-packages/airflow/example_dags/example_nested_branch_dag.py for tasks to queue
[2022-08-23 12:06:46,090] {logging_mixin.py:115} INFO - [2022-08-23 12:06:46,090] {dagbag.py:508} INFO - Filling up the DagBag from /home/airflow/.local/lib/python3.7/site-packages/airflow/example_dags/example_nested_branch_dag.py
[2022-08-23 12:06:46,100] {processor.py:651} INFO - DAG(s) dict_keys(['example_nested_branch_dag']) retrieved from /home/airflow/.local/lib/python3.7/site-packages/airflow/example_dags/example_nested_branch_dag.py
[2022-08-23 12:06:46,124] {logging_mixin.py:115} INFO - [2022-08-23 12:06:46,123] {dag.py:2420} INFO - Sync 1 DAGs
[2022-08-23 12:06:46,272] {logging_mixin.py:115} INFO - [2022-08-23 12:06:46,272] {dag.py:2972} INFO - Setting next_dagrun for example_nested_branch_dag to 2022-08-22T00:00:00+00:00, run_after=2022-08-23T00:00:00+00:00
[2022-08-23 12:06:46,282] {processor.py:161} INFO - Processing /home/airflow/.local/lib/python3.7/site-packages/airflow/example_dags/example_nested_branch_dag.py took 0.195 seconds
[2022-08-23 12:07:16,871] {processor.py:153} INFO - Started process (PID=941) to work on /home/airflow/.local/lib/python3.7/site-packages/airflow/example_dags/example_nested_branch_dag.py
[2022-08-23 12:07:16,872] {processor.py:641} INFO - Processing file /home/airflow/.local/lib/python3.7/site-packages/airflow/example_dags/example_nested_branch_dag.py for tasks to queue
[2022-08-23 12:07:16,872] {logging_mixin.py:115} INFO - [2022-08-23 12:07:16,872] {dagbag.py:508} INFO - Filling up the DagBag from /home/airflow/.local/lib/python3.7/site-packages/airflow/example_dags/example_nested_branch_dag.py
[2022-08-23 12:07:16,880] {processor.py:651} INFO - DAG(s) dict_keys(['example_nested_branch_dag']) retrieved from /home/airflow/.local/lib/python3.7/site-packages/airflow/example_dags/example_nested_branch_dag.py
[2022-08-23 12:07:16,906] {logging_mixin.py:115} INFO - [2022-08-23 12:07:16,906] {dag.py:2420} INFO - Sync 1 DAGs
[2022-08-23 12:07:17,052] {logging_mixin.py:115} INFO - [2022-08-23 12:07:17,052] {dag.py:2972} INFO - Setting next_dagrun for example_nested_branch_dag to 2022-08-22T00:00:00+00:00, run_after=2022-08-23T00:00:00+00:00
[2022-08-23 12:07:17,072] {processor.py:161} INFO - Processing /home/airflow/.local/lib/python3.7/site-packages/airflow/example_dags/example_nested_branch_dag.py took 0.204 seconds
[2022-08-23 12:07:47,685] {processor.py:153} INFO - Started process (PID=1002) to work on /home/airflow/.local/lib/python3.7/site-packages/airflow/example_dags/example_nested_branch_dag.py
[2022-08-23 12:07:47,686] {processor.py:641} INFO - Processing file /home/airflow/.local/lib/python3.7/site-packages/airflow/example_dags/example_nested_branch_dag.py for tasks to queue
[2022-08-23 12:07:47,686] {logging_mixin.py:115} INFO - [2022-08-23 12:07:47,686] {dagbag.py:508} INFO - Filling up the DagBag from /home/airflow/.local/lib/python3.7/site-packages/airflow/example_dags/example_nested_branch_dag.py
[2022-08-23 12:07:47,707] {processor.py:651} INFO - DAG(s) dict_keys(['example_nested_branch_dag']) retrieved from /home/airflow/.local/lib/python3.7/site-packages/airflow/example_dags/example_nested_branch_dag.py
[2022-08-23 12:07:47,739] {logging_mixin.py:115} INFO - [2022-08-23 12:07:47,739] {dag.py:2420} INFO - Sync 1 DAGs
[2022-08-23 12:07:47,910] {logging_mixin.py:115} INFO - [2022-08-23 12:07:47,910] {dag.py:2972} INFO - Setting next_dagrun for example_nested_branch_dag to 2022-08-22T00:00:00+00:00, run_after=2022-08-23T00:00:00+00:00
[2022-08-23 12:07:47,923] {processor.py:161} INFO - Processing /home/airflow/.local/lib/python3.7/site-packages/airflow/example_dags/example_nested_branch_dag.py took 0.242 seconds
[2022-08-23 12:08:18,471] {processor.py:153} INFO - Started process (PID=1054) to work on /home/airflow/.local/lib/python3.7/site-packages/airflow/example_dags/example_nested_branch_dag.py
[2022-08-23 12:08:18,472] {processor.py:641} INFO - Processing file /home/airflow/.local/lib/python3.7/site-packages/airflow/example_dags/example_nested_branch_dag.py for tasks to queue
[2022-08-23 12:08:18,472] {logging_mixin.py:115} INFO - [2022-08-23 12:08:18,472] {dagbag.py:508} INFO - Filling up the DagBag from /home/airflow/.local/lib/python3.7/site-packages/airflow/example_dags/example_nested_branch_dag.py
[2022-08-23 12:08:18,483] {processor.py:651} INFO - DAG(s) dict_keys(['example_nested_branch_dag']) retrieved from /home/airflow/.local/lib/python3.7/site-packages/airflow/example_dags/example_nested_branch_dag.py
[2022-08-23 12:08:18,510] {logging_mixin.py:115} INFO - [2022-08-23 12:08:18,510] {dag.py:2420} INFO - Sync 1 DAGs
[2022-08-23 12:08:18,649] {logging_mixin.py:115} INFO - [2022-08-23 12:08:18,648] {dag.py:2972} INFO - Setting next_dagrun for example_nested_branch_dag to 2022-08-22T00:00:00+00:00, run_after=2022-08-23T00:00:00+00:00
[2022-08-23 12:08:18,667] {processor.py:161} INFO - Processing /home/airflow/.local/lib/python3.7/site-packages/airflow/example_dags/example_nested_branch_dag.py took 0.199 seconds
[2022-08-23 12:08:49,063] {processor.py:153} INFO - Started process (PID=1115) to work on /home/airflow/.local/lib/python3.7/site-packages/airflow/example_dags/example_nested_branch_dag.py
[2022-08-23 12:08:49,063] {processor.py:641} INFO - Processing file /home/airflow/.local/lib/python3.7/site-packages/airflow/example_dags/example_nested_branch_dag.py for tasks to queue
[2022-08-23 12:08:49,064] {logging_mixin.py:115} INFO - [2022-08-23 12:08:49,064] {dagbag.py:508} INFO - Filling up the DagBag from /home/airflow/.local/lib/python3.7/site-packages/airflow/example_dags/example_nested_branch_dag.py
[2022-08-23 12:08:49,076] {processor.py:651} INFO - DAG(s) dict_keys(['example_nested_branch_dag']) retrieved from /home/airflow/.local/lib/python3.7/site-packages/airflow/example_dags/example_nested_branch_dag.py
[2022-08-23 12:08:49,102] {logging_mixin.py:115} INFO - [2022-08-23 12:08:49,102] {dag.py:2420} INFO - Sync 1 DAGs
[2022-08-23 12:08:49,253] {logging_mixin.py:115} INFO - [2022-08-23 12:08:49,252] {dag.py:2972} INFO - Setting next_dagrun for example_nested_branch_dag to 2022-08-22T00:00:00+00:00, run_after=2022-08-23T00:00:00+00:00
[2022-08-23 12:08:49,279] {processor.py:161} INFO - Processing /home/airflow/.local/lib/python3.7/site-packages/airflow/example_dags/example_nested_branch_dag.py took 0.220 seconds
[2022-08-23 12:09:20,226] {processor.py:153} INFO - Started process (PID=1176) to work on /home/airflow/.local/lib/python3.7/site-packages/airflow/example_dags/example_nested_branch_dag.py
[2022-08-23 12:09:20,226] {processor.py:641} INFO - Processing file /home/airflow/.local/lib/python3.7/site-packages/airflow/example_dags/example_nested_branch_dag.py for tasks to queue
[2022-08-23 12:09:20,226] {logging_mixin.py:115} INFO - [2022-08-23 12:09:20,226] {dagbag.py:508} INFO - Filling up the DagBag from /home/airflow/.local/lib/python3.7/site-packages/airflow/example_dags/example_nested_branch_dag.py
[2022-08-23 12:09:20,236] {processor.py:651} INFO - DAG(s) dict_keys(['example_nested_branch_dag']) retrieved from /home/airflow/.local/lib/python3.7/site-packages/airflow/example_dags/example_nested_branch_dag.py
[2022-08-23 12:09:20,262] {logging_mixin.py:115} INFO - [2022-08-23 12:09:20,262] {dag.py:2420} INFO - Sync 1 DAGs
[2022-08-23 12:09:20,420] {logging_mixin.py:115} INFO - [2022-08-23 12:09:20,420] {dag.py:2972} INFO - Setting next_dagrun for example_nested_branch_dag to 2022-08-22T00:00:00+00:00, run_after=2022-08-23T00:00:00+00:00
[2022-08-23 12:09:20,432] {processor.py:161} INFO - Processing /home/airflow/.local/lib/python3.7/site-packages/airflow/example_dags/example_nested_branch_dag.py took 0.209 seconds
[2022-08-23 12:09:51,588] {processor.py:153} INFO - Started process (PID=1229) to work on /home/airflow/.local/lib/python3.7/site-packages/airflow/example_dags/example_nested_branch_dag.py
[2022-08-23 12:09:51,589] {processor.py:641} INFO - Processing file /home/airflow/.local/lib/python3.7/site-packages/airflow/example_dags/example_nested_branch_dag.py for tasks to queue
[2022-08-23 12:09:51,589] {logging_mixin.py:115} INFO - [2022-08-23 12:09:51,589] {dagbag.py:508} INFO - Filling up the DagBag from /home/airflow/.local/lib/python3.7/site-packages/airflow/example_dags/example_nested_branch_dag.py
[2022-08-23 12:09:51,602] {processor.py:651} INFO - DAG(s) dict_keys(['example_nested_branch_dag']) retrieved from /home/airflow/.local/lib/python3.7/site-packages/airflow/example_dags/example_nested_branch_dag.py
[2022-08-23 12:09:51,631] {logging_mixin.py:115} INFO - [2022-08-23 12:09:51,631] {dag.py:2420} INFO - Sync 1 DAGs
[2022-08-23 12:09:51,795] {logging_mixin.py:115} INFO - [2022-08-23 12:09:51,795] {dag.py:2972} INFO - Setting next_dagrun for example_nested_branch_dag to 2022-08-22T00:00:00+00:00, run_after=2022-08-23T00:00:00+00:00
[2022-08-23 12:09:51,806] {processor.py:161} INFO - Processing /home/airflow/.local/lib/python3.7/site-packages/airflow/example_dags/example_nested_branch_dag.py took 0.222 seconds
[2022-08-23 12:10:22,629] {processor.py:153} INFO - Started process (PID=1290) to work on /home/airflow/.local/lib/python3.7/site-packages/airflow/example_dags/example_nested_branch_dag.py
[2022-08-23 12:10:22,629] {processor.py:641} INFO - Processing file /home/airflow/.local/lib/python3.7/site-packages/airflow/example_dags/example_nested_branch_dag.py for tasks to queue
[2022-08-23 12:10:22,630] {logging_mixin.py:115} INFO - [2022-08-23 12:10:22,630] {dagbag.py:508} INFO - Filling up the DagBag from /home/airflow/.local/lib/python3.7/site-packages/airflow/example_dags/example_nested_branch_dag.py
[2022-08-23 12:10:22,638] {processor.py:651} INFO - DAG(s) dict_keys(['example_nested_branch_dag']) retrieved from /home/airflow/.local/lib/python3.7/site-packages/airflow/example_dags/example_nested_branch_dag.py
[2022-08-23 12:10:22,667] {logging_mixin.py:115} INFO - [2022-08-23 12:10:22,667] {dag.py:2420} INFO - Sync 1 DAGs
[2022-08-23 12:10:22,816] {logging_mixin.py:115} INFO - [2022-08-23 12:10:22,816] {dag.py:2972} INFO - Setting next_dagrun for example_nested_branch_dag to 2022-08-22T00:00:00+00:00, run_after=2022-08-23T00:00:00+00:00
[2022-08-23 12:10:22,837] {processor.py:161} INFO - Processing /home/airflow/.local/lib/python3.7/site-packages/airflow/example_dags/example_nested_branch_dag.py took 0.211 seconds
[2022-08-23 12:10:53,127] {processor.py:153} INFO - Started process (PID=1351) to work on /home/airflow/.local/lib/python3.7/site-packages/airflow/example_dags/example_nested_branch_dag.py
[2022-08-23 12:10:53,128] {processor.py:641} INFO - Processing file /home/airflow/.local/lib/python3.7/site-packages/airflow/example_dags/example_nested_branch_dag.py for tasks to queue
[2022-08-23 12:10:53,128] {logging_mixin.py:115} INFO - [2022-08-23 12:10:53,128] {dagbag.py:508} INFO - Filling up the DagBag from /home/airflow/.local/lib/python3.7/site-packages/airflow/example_dags/example_nested_branch_dag.py
[2022-08-23 12:10:53,145] {processor.py:651} INFO - DAG(s) dict_keys(['example_nested_branch_dag']) retrieved from /home/airflow/.local/lib/python3.7/site-packages/airflow/example_dags/example_nested_branch_dag.py
[2022-08-23 12:10:53,187] {logging_mixin.py:115} INFO - [2022-08-23 12:10:53,187] {dag.py:2420} INFO - Sync 1 DAGs
[2022-08-23 12:10:53,349] {logging_mixin.py:115} INFO - [2022-08-23 12:10:53,349] {dag.py:2972} INFO - Setting next_dagrun for example_nested_branch_dag to 2022-08-22T00:00:00+00:00, run_after=2022-08-23T00:00:00+00:00
[2022-08-23 12:10:53,367] {processor.py:161} INFO - Processing /home/airflow/.local/lib/python3.7/site-packages/airflow/example_dags/example_nested_branch_dag.py took 0.245 seconds
[2022-08-23 12:11:23,523] {processor.py:153} INFO - Started process (PID=1403) to work on /home/airflow/.local/lib/python3.7/site-packages/airflow/example_dags/example_nested_branch_dag.py
[2022-08-23 12:11:23,523] {processor.py:641} INFO - Processing file /home/airflow/.local/lib/python3.7/site-packages/airflow/example_dags/example_nested_branch_dag.py for tasks to queue
[2022-08-23 12:11:23,524] {logging_mixin.py:115} INFO - [2022-08-23 12:11:23,524] {dagbag.py:508} INFO - Filling up the DagBag from /home/airflow/.local/lib/python3.7/site-packages/airflow/example_dags/example_nested_branch_dag.py
[2022-08-23 12:11:23,534] {processor.py:651} INFO - DAG(s) dict_keys(['example_nested_branch_dag']) retrieved from /home/airflow/.local/lib/python3.7/site-packages/airflow/example_dags/example_nested_branch_dag.py
[2022-08-23 12:11:23,563] {logging_mixin.py:115} INFO - [2022-08-23 12:11:23,563] {dag.py:2420} INFO - Sync 1 DAGs
[2022-08-23 12:11:23,745] {logging_mixin.py:115} INFO - [2022-08-23 12:11:23,745] {dag.py:2972} INFO - Setting next_dagrun for example_nested_branch_dag to 2022-08-22T00:00:00+00:00, run_after=2022-08-23T00:00:00+00:00
[2022-08-23 12:11:23,759] {processor.py:161} INFO - Processing /home/airflow/.local/lib/python3.7/site-packages/airflow/example_dags/example_nested_branch_dag.py took 0.240 seconds
[2022-08-23 12:11:54,085] {processor.py:153} INFO - Started process (PID=1464) to work on /home/airflow/.local/lib/python3.7/site-packages/airflow/example_dags/example_nested_branch_dag.py
[2022-08-23 12:11:54,085] {processor.py:641} INFO - Processing file /home/airflow/.local/lib/python3.7/site-packages/airflow/example_dags/example_nested_branch_dag.py for tasks to queue
[2022-08-23 12:11:54,085] {logging_mixin.py:115} INFO - [2022-08-23 12:11:54,085] {dagbag.py:508} INFO - Filling up the DagBag from /home/airflow/.local/lib/python3.7/site-packages/airflow/example_dags/example_nested_branch_dag.py
[2022-08-23 12:11:54,094] {processor.py:651} INFO - DAG(s) dict_keys(['example_nested_branch_dag']) retrieved from /home/airflow/.local/lib/python3.7/site-packages/airflow/example_dags/example_nested_branch_dag.py
[2022-08-23 12:11:54,121] {logging_mixin.py:115} INFO - [2022-08-23 12:11:54,120] {dag.py:2420} INFO - Sync 1 DAGs
[2022-08-23 12:11:54,304] {logging_mixin.py:115} INFO - [2022-08-23 12:11:54,304] {dag.py:2972} INFO - Setting next_dagrun for example_nested_branch_dag to 2022-08-22T00:00:00+00:00, run_after=2022-08-23T00:00:00+00:00
[2022-08-23 12:11:54,315] {processor.py:161} INFO - Processing /home/airflow/.local/lib/python3.7/site-packages/airflow/example_dags/example_nested_branch_dag.py took 0.233 seconds
[2022-08-23 12:12:24,694] {processor.py:153} INFO - Started process (PID=1525) to work on /home/airflow/.local/lib/python3.7/site-packages/airflow/example_dags/example_nested_branch_dag.py
[2022-08-23 12:12:24,694] {processor.py:641} INFO - Processing file /home/airflow/.local/lib/python3.7/site-packages/airflow/example_dags/example_nested_branch_dag.py for tasks to queue
[2022-08-23 12:12:24,695] {logging_mixin.py:115} INFO - [2022-08-23 12:12:24,695] {dagbag.py:508} INFO - Filling up the DagBag from /home/airflow/.local/lib/python3.7/site-packages/airflow/example_dags/example_nested_branch_dag.py
[2022-08-23 12:12:24,707] {processor.py:651} INFO - DAG(s) dict_keys(['example_nested_branch_dag']) retrieved from /home/airflow/.local/lib/python3.7/site-packages/airflow/example_dags/example_nested_branch_dag.py
[2022-08-23 12:12:24,736] {logging_mixin.py:115} INFO - [2022-08-23 12:12:24,736] {dag.py:2420} INFO - Sync 1 DAGs
[2022-08-23 12:12:24,894] {logging_mixin.py:115} INFO - [2022-08-23 12:12:24,894] {dag.py:2972} INFO - Setting next_dagrun for example_nested_branch_dag to 2022-08-22T00:00:00+00:00, run_after=2022-08-23T00:00:00+00:00
[2022-08-23 12:12:24,904] {processor.py:161} INFO - Processing /home/airflow/.local/lib/python3.7/site-packages/airflow/example_dags/example_nested_branch_dag.py took 0.212 seconds
[2022-08-23 12:12:55,820] {processor.py:153} INFO - Started process (PID=1577) to work on /home/airflow/.local/lib/python3.7/site-packages/airflow/example_dags/example_nested_branch_dag.py
[2022-08-23 12:12:55,821] {processor.py:641} INFO - Processing file /home/airflow/.local/lib/python3.7/site-packages/airflow/example_dags/example_nested_branch_dag.py for tasks to queue
[2022-08-23 12:12:55,822] {logging_mixin.py:115} INFO - [2022-08-23 12:12:55,822] {dagbag.py:508} INFO - Filling up the DagBag from /home/airflow/.local/lib/python3.7/site-packages/airflow/example_dags/example_nested_branch_dag.py
[2022-08-23 12:12:55,831] {processor.py:651} INFO - DAG(s) dict_keys(['example_nested_branch_dag']) retrieved from /home/airflow/.local/lib/python3.7/site-packages/airflow/example_dags/example_nested_branch_dag.py
[2022-08-23 12:12:55,859] {logging_mixin.py:115} INFO - [2022-08-23 12:12:55,859] {dag.py:2420} INFO - Sync 1 DAGs
[2022-08-23 12:12:56,033] {logging_mixin.py:115} INFO - [2022-08-23 12:12:56,033] {dag.py:2972} INFO - Setting next_dagrun for example_nested_branch_dag to 2022-08-22T00:00:00+00:00, run_after=2022-08-23T00:00:00+00:00
[2022-08-23 12:12:56,053] {processor.py:161} INFO - Processing /home/airflow/.local/lib/python3.7/site-packages/airflow/example_dags/example_nested_branch_dag.py took 0.237 seconds
[2022-08-23 12:13:26,458] {processor.py:153} INFO - Started process (PID=1638) to work on /home/airflow/.local/lib/python3.7/site-packages/airflow/example_dags/example_nested_branch_dag.py
[2022-08-23 12:13:26,459] {processor.py:641} INFO - Processing file /home/airflow/.local/lib/python3.7/site-packages/airflow/example_dags/example_nested_branch_dag.py for tasks to queue
[2022-08-23 12:13:26,460] {logging_mixin.py:115} INFO - [2022-08-23 12:13:26,459] {dagbag.py:508} INFO - Filling up the DagBag from /home/airflow/.local/lib/python3.7/site-packages/airflow/example_dags/example_nested_branch_dag.py
[2022-08-23 12:13:26,472] {processor.py:651} INFO - DAG(s) dict_keys(['example_nested_branch_dag']) retrieved from /home/airflow/.local/lib/python3.7/site-packages/airflow/example_dags/example_nested_branch_dag.py
[2022-08-23 12:13:26,501] {logging_mixin.py:115} INFO - [2022-08-23 12:13:26,501] {dag.py:2420} INFO - Sync 1 DAGs
[2022-08-23 12:13:26,661] {logging_mixin.py:115} INFO - [2022-08-23 12:13:26,661] {dag.py:2972} INFO - Setting next_dagrun for example_nested_branch_dag to 2022-08-22T00:00:00+00:00, run_after=2022-08-23T00:00:00+00:00
[2022-08-23 12:13:26,672] {processor.py:161} INFO - Processing /home/airflow/.local/lib/python3.7/site-packages/airflow/example_dags/example_nested_branch_dag.py took 0.218 seconds
