[2022-08-23 11:59:27,240] {processor.py:153} INFO - Started process (PID=49) to work on /home/airflow/.local/lib/python3.7/site-packages/airflow/example_dags/example_external_task_marker_dag.py
[2022-08-23 11:59:27,240] {processor.py:641} INFO - Processing file /home/airflow/.local/lib/python3.7/site-packages/airflow/example_dags/example_external_task_marker_dag.py for tasks to queue
[2022-08-23 11:59:27,240] {logging_mixin.py:115} INFO - [2022-08-23 11:59:27,240] {dagbag.py:508} INFO - Filling up the DagBag from /home/airflow/.local/lib/python3.7/site-packages/airflow/example_dags/example_external_task_marker_dag.py
[2022-08-23 11:59:27,243] {processor.py:651} INFO - DAG(s) dict_keys(['example_external_task_marker_parent', 'example_external_task_marker_child']) retrieved from /home/airflow/.local/lib/python3.7/site-packages/airflow/example_dags/example_external_task_marker_dag.py
[2022-08-23 11:59:27,299] {logging_mixin.py:115} INFO - [2022-08-23 11:59:27,298] {dag.py:2420} INFO - Sync 2 DAGs
[2022-08-23 11:59:27,430] {logging_mixin.py:115} INFO - [2022-08-23 11:59:27,429] {dag.py:2972} INFO - Setting next_dagrun for example_external_task_marker_child to None, run_after=None
[2022-08-23 11:59:27,430] {logging_mixin.py:115} INFO - [2022-08-23 11:59:27,430] {dag.py:2972} INFO - Setting next_dagrun for example_external_task_marker_parent to None, run_after=None
[2022-08-23 11:59:27,440] {processor.py:161} INFO - Processing /home/airflow/.local/lib/python3.7/site-packages/airflow/example_dags/example_external_task_marker_dag.py took 0.202 seconds
[2022-08-23 11:59:57,693] {processor.py:153} INFO - Started process (PID=110) to work on /home/airflow/.local/lib/python3.7/site-packages/airflow/example_dags/example_external_task_marker_dag.py
[2022-08-23 11:59:57,694] {processor.py:641} INFO - Processing file /home/airflow/.local/lib/python3.7/site-packages/airflow/example_dags/example_external_task_marker_dag.py for tasks to queue
[2022-08-23 11:59:57,694] {logging_mixin.py:115} INFO - [2022-08-23 11:59:57,694] {dagbag.py:508} INFO - Filling up the DagBag from /home/airflow/.local/lib/python3.7/site-packages/airflow/example_dags/example_external_task_marker_dag.py
[2022-08-23 11:59:57,697] {processor.py:651} INFO - DAG(s) dict_keys(['example_external_task_marker_parent', 'example_external_task_marker_child']) retrieved from /home/airflow/.local/lib/python3.7/site-packages/airflow/example_dags/example_external_task_marker_dag.py
[2022-08-23 11:59:57,731] {logging_mixin.py:115} INFO - [2022-08-23 11:59:57,731] {dag.py:2420} INFO - Sync 2 DAGs
[2022-08-23 11:59:57,831] {logging_mixin.py:115} INFO - [2022-08-23 11:59:57,831] {dag.py:2972} INFO - Setting next_dagrun for example_external_task_marker_child to None, run_after=None
[2022-08-23 11:59:57,831] {logging_mixin.py:115} INFO - [2022-08-23 11:59:57,831] {dag.py:2972} INFO - Setting next_dagrun for example_external_task_marker_parent to None, run_after=None
[2022-08-23 11:59:57,841] {processor.py:161} INFO - Processing /home/airflow/.local/lib/python3.7/site-packages/airflow/example_dags/example_external_task_marker_dag.py took 0.149 seconds
[2022-08-23 12:00:28,742] {processor.py:153} INFO - Started process (PID=171) to work on /home/airflow/.local/lib/python3.7/site-packages/airflow/example_dags/example_external_task_marker_dag.py
[2022-08-23 12:00:28,742] {processor.py:641} INFO - Processing file /home/airflow/.local/lib/python3.7/site-packages/airflow/example_dags/example_external_task_marker_dag.py for tasks to queue
[2022-08-23 12:00:28,743] {logging_mixin.py:115} INFO - [2022-08-23 12:00:28,742] {dagbag.py:508} INFO - Filling up the DagBag from /home/airflow/.local/lib/python3.7/site-packages/airflow/example_dags/example_external_task_marker_dag.py
[2022-08-23 12:00:28,747] {processor.py:651} INFO - DAG(s) dict_keys(['example_external_task_marker_parent', 'example_external_task_marker_child']) retrieved from /home/airflow/.local/lib/python3.7/site-packages/airflow/example_dags/example_external_task_marker_dag.py
[2022-08-23 12:00:28,799] {logging_mixin.py:115} INFO - [2022-08-23 12:00:28,799] {dag.py:2420} INFO - Sync 2 DAGs
[2022-08-23 12:00:29,133] {logging_mixin.py:115} INFO - [2022-08-23 12:00:29,133] {dag.py:2972} INFO - Setting next_dagrun for example_external_task_marker_child to None, run_after=None
[2022-08-23 12:00:29,133] {logging_mixin.py:115} INFO - [2022-08-23 12:00:29,133] {dag.py:2972} INFO - Setting next_dagrun for example_external_task_marker_parent to None, run_after=None
[2022-08-23 12:00:29,152] {processor.py:161} INFO - Processing /home/airflow/.local/lib/python3.7/site-packages/airflow/example_dags/example_external_task_marker_dag.py took 0.413 seconds
[2022-08-23 12:00:59,453] {processor.py:153} INFO - Started process (PID=223) to work on /home/airflow/.local/lib/python3.7/site-packages/airflow/example_dags/example_external_task_marker_dag.py
[2022-08-23 12:00:59,454] {processor.py:641} INFO - Processing file /home/airflow/.local/lib/python3.7/site-packages/airflow/example_dags/example_external_task_marker_dag.py for tasks to queue
[2022-08-23 12:00:59,455] {logging_mixin.py:115} INFO - [2022-08-23 12:00:59,454] {dagbag.py:508} INFO - Filling up the DagBag from /home/airflow/.local/lib/python3.7/site-packages/airflow/example_dags/example_external_task_marker_dag.py
[2022-08-23 12:00:59,461] {processor.py:651} INFO - DAG(s) dict_keys(['example_external_task_marker_parent', 'example_external_task_marker_child']) retrieved from /home/airflow/.local/lib/python3.7/site-packages/airflow/example_dags/example_external_task_marker_dag.py
[2022-08-23 12:00:59,523] {logging_mixin.py:115} INFO - [2022-08-23 12:00:59,523] {dag.py:2420} INFO - Sync 2 DAGs
[2022-08-23 12:00:59,641] {logging_mixin.py:115} INFO - [2022-08-23 12:00:59,641] {dag.py:2972} INFO - Setting next_dagrun for example_external_task_marker_child to None, run_after=None
[2022-08-23 12:00:59,641] {logging_mixin.py:115} INFO - [2022-08-23 12:00:59,641] {dag.py:2972} INFO - Setting next_dagrun for example_external_task_marker_parent to None, run_after=None
[2022-08-23 12:00:59,661] {processor.py:161} INFO - Processing /home/airflow/.local/lib/python3.7/site-packages/airflow/example_dags/example_external_task_marker_dag.py took 0.212 seconds
[2022-08-23 12:01:30,384] {processor.py:153} INFO - Started process (PID=284) to work on /home/airflow/.local/lib/python3.7/site-packages/airflow/example_dags/example_external_task_marker_dag.py
[2022-08-23 12:01:30,385] {processor.py:641} INFO - Processing file /home/airflow/.local/lib/python3.7/site-packages/airflow/example_dags/example_external_task_marker_dag.py for tasks to queue
[2022-08-23 12:01:30,385] {logging_mixin.py:115} INFO - [2022-08-23 12:01:30,385] {dagbag.py:508} INFO - Filling up the DagBag from /home/airflow/.local/lib/python3.7/site-packages/airflow/example_dags/example_external_task_marker_dag.py
[2022-08-23 12:01:30,388] {processor.py:651} INFO - DAG(s) dict_keys(['example_external_task_marker_parent', 'example_external_task_marker_child']) retrieved from /home/airflow/.local/lib/python3.7/site-packages/airflow/example_dags/example_external_task_marker_dag.py
[2022-08-23 12:01:30,429] {logging_mixin.py:115} INFO - [2022-08-23 12:01:30,428] {dag.py:2420} INFO - Sync 2 DAGs
[2022-08-23 12:01:30,569] {logging_mixin.py:115} INFO - [2022-08-23 12:01:30,569] {dag.py:2972} INFO - Setting next_dagrun for example_external_task_marker_child to None, run_after=None
[2022-08-23 12:01:30,569] {logging_mixin.py:115} INFO - [2022-08-23 12:01:30,569] {dag.py:2972} INFO - Setting next_dagrun for example_external_task_marker_parent to None, run_after=None
[2022-08-23 12:01:30,579] {processor.py:161} INFO - Processing /home/airflow/.local/lib/python3.7/site-packages/airflow/example_dags/example_external_task_marker_dag.py took 0.198 seconds
[2022-08-23 12:02:02,412] {processor.py:153} INFO - Started process (PID=336) to work on /home/airflow/.local/lib/python3.7/site-packages/airflow/example_dags/example_external_task_marker_dag.py
[2022-08-23 12:02:02,412] {processor.py:641} INFO - Processing file /home/airflow/.local/lib/python3.7/site-packages/airflow/example_dags/example_external_task_marker_dag.py for tasks to queue
[2022-08-23 12:02:02,413] {logging_mixin.py:115} INFO - [2022-08-23 12:02:02,412] {dagbag.py:508} INFO - Filling up the DagBag from /home/airflow/.local/lib/python3.7/site-packages/airflow/example_dags/example_external_task_marker_dag.py
[2022-08-23 12:02:02,418] {processor.py:651} INFO - DAG(s) dict_keys(['example_external_task_marker_parent', 'example_external_task_marker_child']) retrieved from /home/airflow/.local/lib/python3.7/site-packages/airflow/example_dags/example_external_task_marker_dag.py
[2022-08-23 12:02:02,495] {logging_mixin.py:115} INFO - [2022-08-23 12:02:02,495] {dag.py:2420} INFO - Sync 2 DAGs
[2022-08-23 12:02:02,946] {logging_mixin.py:115} INFO - [2022-08-23 12:02:02,946] {dag.py:2972} INFO - Setting next_dagrun for example_external_task_marker_child to None, run_after=None
[2022-08-23 12:02:02,947] {logging_mixin.py:115} INFO - [2022-08-23 12:02:02,947] {dag.py:2972} INFO - Setting next_dagrun for example_external_task_marker_parent to None, run_after=None
[2022-08-23 12:02:02,981] {processor.py:161} INFO - Processing /home/airflow/.local/lib/python3.7/site-packages/airflow/example_dags/example_external_task_marker_dag.py took 0.577 seconds
[2022-08-23 12:02:33,588] {processor.py:153} INFO - Started process (PID=396) to work on /home/airflow/.local/lib/python3.7/site-packages/airflow/example_dags/example_external_task_marker_dag.py
[2022-08-23 12:02:33,589] {processor.py:641} INFO - Processing file /home/airflow/.local/lib/python3.7/site-packages/airflow/example_dags/example_external_task_marker_dag.py for tasks to queue
[2022-08-23 12:02:33,590] {logging_mixin.py:115} INFO - [2022-08-23 12:02:33,589] {dagbag.py:508} INFO - Filling up the DagBag from /home/airflow/.local/lib/python3.7/site-packages/airflow/example_dags/example_external_task_marker_dag.py
[2022-08-23 12:02:33,593] {processor.py:651} INFO - DAG(s) dict_keys(['example_external_task_marker_parent', 'example_external_task_marker_child']) retrieved from /home/airflow/.local/lib/python3.7/site-packages/airflow/example_dags/example_external_task_marker_dag.py
[2022-08-23 12:02:33,645] {logging_mixin.py:115} INFO - [2022-08-23 12:02:33,645] {dag.py:2420} INFO - Sync 2 DAGs
[2022-08-23 12:02:33,830] {logging_mixin.py:115} INFO - [2022-08-23 12:02:33,830] {dag.py:2972} INFO - Setting next_dagrun for example_external_task_marker_child to None, run_after=None
[2022-08-23 12:02:33,830] {logging_mixin.py:115} INFO - [2022-08-23 12:02:33,830] {dag.py:2972} INFO - Setting next_dagrun for example_external_task_marker_parent to None, run_after=None
[2022-08-23 12:02:33,843] {processor.py:161} INFO - Processing /home/airflow/.local/lib/python3.7/site-packages/airflow/example_dags/example_external_task_marker_dag.py took 0.258 seconds
[2022-08-23 12:03:04,078] {processor.py:153} INFO - Started process (PID=448) to work on /home/airflow/.local/lib/python3.7/site-packages/airflow/example_dags/example_external_task_marker_dag.py
[2022-08-23 12:03:04,080] {processor.py:641} INFO - Processing file /home/airflow/.local/lib/python3.7/site-packages/airflow/example_dags/example_external_task_marker_dag.py for tasks to queue
[2022-08-23 12:03:04,081] {logging_mixin.py:115} INFO - [2022-08-23 12:03:04,081] {dagbag.py:508} INFO - Filling up the DagBag from /home/airflow/.local/lib/python3.7/site-packages/airflow/example_dags/example_external_task_marker_dag.py
[2022-08-23 12:03:04,087] {processor.py:651} INFO - DAG(s) dict_keys(['example_external_task_marker_parent', 'example_external_task_marker_child']) retrieved from /home/airflow/.local/lib/python3.7/site-packages/airflow/example_dags/example_external_task_marker_dag.py
[2022-08-23 12:03:04,139] {logging_mixin.py:115} INFO - [2022-08-23 12:03:04,139] {dag.py:2420} INFO - Sync 2 DAGs
[2022-08-23 12:03:04,289] {logging_mixin.py:115} INFO - [2022-08-23 12:03:04,289] {dag.py:2972} INFO - Setting next_dagrun for example_external_task_marker_child to None, run_after=None
[2022-08-23 12:03:04,289] {logging_mixin.py:115} INFO - [2022-08-23 12:03:04,289] {dag.py:2972} INFO - Setting next_dagrun for example_external_task_marker_parent to None, run_after=None
[2022-08-23 12:03:04,302] {processor.py:161} INFO - Processing /home/airflow/.local/lib/python3.7/site-packages/airflow/example_dags/example_external_task_marker_dag.py took 0.229 seconds
[2022-08-23 12:03:34,448] {processor.py:153} INFO - Started process (PID=509) to work on /home/airflow/.local/lib/python3.7/site-packages/airflow/example_dags/example_external_task_marker_dag.py
[2022-08-23 12:03:34,454] {processor.py:641} INFO - Processing file /home/airflow/.local/lib/python3.7/site-packages/airflow/example_dags/example_external_task_marker_dag.py for tasks to queue
[2022-08-23 12:03:34,455] {logging_mixin.py:115} INFO - [2022-08-23 12:03:34,454] {dagbag.py:508} INFO - Filling up the DagBag from /home/airflow/.local/lib/python3.7/site-packages/airflow/example_dags/example_external_task_marker_dag.py
[2022-08-23 12:03:34,461] {processor.py:651} INFO - DAG(s) dict_keys(['example_external_task_marker_parent', 'example_external_task_marker_child']) retrieved from /home/airflow/.local/lib/python3.7/site-packages/airflow/example_dags/example_external_task_marker_dag.py
[2022-08-23 12:03:34,510] {logging_mixin.py:115} INFO - [2022-08-23 12:03:34,509] {dag.py:2420} INFO - Sync 2 DAGs
[2022-08-23 12:03:34,677] {logging_mixin.py:115} INFO - [2022-08-23 12:03:34,677] {dag.py:2972} INFO - Setting next_dagrun for example_external_task_marker_child to None, run_after=None
[2022-08-23 12:03:34,677] {logging_mixin.py:115} INFO - [2022-08-23 12:03:34,677] {dag.py:2972} INFO - Setting next_dagrun for example_external_task_marker_parent to None, run_after=None
[2022-08-23 12:03:34,690] {processor.py:161} INFO - Processing /home/airflow/.local/lib/python3.7/site-packages/airflow/example_dags/example_external_task_marker_dag.py took 0.247 seconds
[2022-08-23 12:04:04,822] {processor.py:153} INFO - Started process (PID=570) to work on /home/airflow/.local/lib/python3.7/site-packages/airflow/example_dags/example_external_task_marker_dag.py
[2022-08-23 12:04:04,824] {processor.py:641} INFO - Processing file /home/airflow/.local/lib/python3.7/site-packages/airflow/example_dags/example_external_task_marker_dag.py for tasks to queue
[2022-08-23 12:04:04,825] {logging_mixin.py:115} INFO - [2022-08-23 12:04:04,825] {dagbag.py:508} INFO - Filling up the DagBag from /home/airflow/.local/lib/python3.7/site-packages/airflow/example_dags/example_external_task_marker_dag.py
[2022-08-23 12:04:04,829] {processor.py:651} INFO - DAG(s) dict_keys(['example_external_task_marker_parent', 'example_external_task_marker_child']) retrieved from /home/airflow/.local/lib/python3.7/site-packages/airflow/example_dags/example_external_task_marker_dag.py
[2022-08-23 12:04:04,871] {logging_mixin.py:115} INFO - [2022-08-23 12:04:04,871] {dag.py:2420} INFO - Sync 2 DAGs
[2022-08-23 12:04:05,043] {logging_mixin.py:115} INFO - [2022-08-23 12:04:05,042] {dag.py:2972} INFO - Setting next_dagrun for example_external_task_marker_child to None, run_after=None
[2022-08-23 12:04:05,043] {logging_mixin.py:115} INFO - [2022-08-23 12:04:05,043] {dag.py:2972} INFO - Setting next_dagrun for example_external_task_marker_parent to None, run_after=None
[2022-08-23 12:04:05,064] {processor.py:161} INFO - Processing /home/airflow/.local/lib/python3.7/site-packages/airflow/example_dags/example_external_task_marker_dag.py took 0.246 seconds
[2022-08-23 12:04:35,183] {processor.py:153} INFO - Started process (PID=622) to work on /home/airflow/.local/lib/python3.7/site-packages/airflow/example_dags/example_external_task_marker_dag.py
[2022-08-23 12:04:35,183] {processor.py:641} INFO - Processing file /home/airflow/.local/lib/python3.7/site-packages/airflow/example_dags/example_external_task_marker_dag.py for tasks to queue
[2022-08-23 12:04:35,184] {logging_mixin.py:115} INFO - [2022-08-23 12:04:35,184] {dagbag.py:508} INFO - Filling up the DagBag from /home/airflow/.local/lib/python3.7/site-packages/airflow/example_dags/example_external_task_marker_dag.py
[2022-08-23 12:04:35,189] {processor.py:651} INFO - DAG(s) dict_keys(['example_external_task_marker_parent', 'example_external_task_marker_child']) retrieved from /home/airflow/.local/lib/python3.7/site-packages/airflow/example_dags/example_external_task_marker_dag.py
[2022-08-23 12:04:35,237] {logging_mixin.py:115} INFO - [2022-08-23 12:04:35,237] {dag.py:2420} INFO - Sync 2 DAGs
[2022-08-23 12:04:35,453] {logging_mixin.py:115} INFO - [2022-08-23 12:04:35,452] {dag.py:2972} INFO - Setting next_dagrun for example_external_task_marker_child to None, run_after=None
[2022-08-23 12:04:35,453] {logging_mixin.py:115} INFO - [2022-08-23 12:04:35,453] {dag.py:2972} INFO - Setting next_dagrun for example_external_task_marker_parent to None, run_after=None
[2022-08-23 12:04:35,472] {processor.py:161} INFO - Processing /home/airflow/.local/lib/python3.7/site-packages/airflow/example_dags/example_external_task_marker_dag.py took 0.292 seconds
[2022-08-23 12:05:06,216] {processor.py:153} INFO - Started process (PID=683) to work on /home/airflow/.local/lib/python3.7/site-packages/airflow/example_dags/example_external_task_marker_dag.py
[2022-08-23 12:05:06,217] {processor.py:641} INFO - Processing file /home/airflow/.local/lib/python3.7/site-packages/airflow/example_dags/example_external_task_marker_dag.py for tasks to queue
[2022-08-23 12:05:06,218] {logging_mixin.py:115} INFO - [2022-08-23 12:05:06,218] {dagbag.py:508} INFO - Filling up the DagBag from /home/airflow/.local/lib/python3.7/site-packages/airflow/example_dags/example_external_task_marker_dag.py
[2022-08-23 12:05:06,223] {processor.py:651} INFO - DAG(s) dict_keys(['example_external_task_marker_parent', 'example_external_task_marker_child']) retrieved from /home/airflow/.local/lib/python3.7/site-packages/airflow/example_dags/example_external_task_marker_dag.py
[2022-08-23 12:05:06,268] {logging_mixin.py:115} INFO - [2022-08-23 12:05:06,268] {dag.py:2420} INFO - Sync 2 DAGs
[2022-08-23 12:05:06,457] {logging_mixin.py:115} INFO - [2022-08-23 12:05:06,457] {dag.py:2972} INFO - Setting next_dagrun for example_external_task_marker_child to None, run_after=None
[2022-08-23 12:05:06,457] {logging_mixin.py:115} INFO - [2022-08-23 12:05:06,457] {dag.py:2972} INFO - Setting next_dagrun for example_external_task_marker_parent to None, run_after=None
[2022-08-23 12:05:06,475] {processor.py:161} INFO - Processing /home/airflow/.local/lib/python3.7/site-packages/airflow/example_dags/example_external_task_marker_dag.py took 0.264 seconds
[2022-08-23 12:05:37,066] {processor.py:153} INFO - Started process (PID=742) to work on /home/airflow/.local/lib/python3.7/site-packages/airflow/example_dags/example_external_task_marker_dag.py
[2022-08-23 12:05:37,068] {processor.py:641} INFO - Processing file /home/airflow/.local/lib/python3.7/site-packages/airflow/example_dags/example_external_task_marker_dag.py for tasks to queue
[2022-08-23 12:05:37,069] {logging_mixin.py:115} INFO - [2022-08-23 12:05:37,069] {dagbag.py:508} INFO - Filling up the DagBag from /home/airflow/.local/lib/python3.7/site-packages/airflow/example_dags/example_external_task_marker_dag.py
[2022-08-23 12:05:37,077] {processor.py:651} INFO - DAG(s) dict_keys(['example_external_task_marker_parent', 'example_external_task_marker_child']) retrieved from /home/airflow/.local/lib/python3.7/site-packages/airflow/example_dags/example_external_task_marker_dag.py
[2022-08-23 12:05:37,144] {logging_mixin.py:115} INFO - [2022-08-23 12:05:37,143] {dag.py:2420} INFO - Sync 2 DAGs
[2022-08-23 12:05:37,482] {logging_mixin.py:115} INFO - [2022-08-23 12:05:37,482] {dag.py:2972} INFO - Setting next_dagrun for example_external_task_marker_child to None, run_after=None
[2022-08-23 12:05:37,482] {logging_mixin.py:115} INFO - [2022-08-23 12:05:37,482] {dag.py:2972} INFO - Setting next_dagrun for example_external_task_marker_parent to None, run_after=None
[2022-08-23 12:05:37,510] {processor.py:161} INFO - Processing /home/airflow/.local/lib/python3.7/site-packages/airflow/example_dags/example_external_task_marker_dag.py took 0.450 seconds
[2022-08-23 12:06:07,636] {processor.py:153} INFO - Started process (PID=796) to work on /home/airflow/.local/lib/python3.7/site-packages/airflow/example_dags/example_external_task_marker_dag.py
[2022-08-23 12:06:07,637] {processor.py:641} INFO - Processing file /home/airflow/.local/lib/python3.7/site-packages/airflow/example_dags/example_external_task_marker_dag.py for tasks to queue
[2022-08-23 12:06:07,638] {logging_mixin.py:115} INFO - [2022-08-23 12:06:07,638] {dagbag.py:508} INFO - Filling up the DagBag from /home/airflow/.local/lib/python3.7/site-packages/airflow/example_dags/example_external_task_marker_dag.py
[2022-08-23 12:06:07,642] {processor.py:651} INFO - DAG(s) dict_keys(['example_external_task_marker_parent', 'example_external_task_marker_child']) retrieved from /home/airflow/.local/lib/python3.7/site-packages/airflow/example_dags/example_external_task_marker_dag.py
[2022-08-23 12:06:07,693] {logging_mixin.py:115} INFO - [2022-08-23 12:06:07,692] {dag.py:2420} INFO - Sync 2 DAGs
[2022-08-23 12:06:07,879] {logging_mixin.py:115} INFO - [2022-08-23 12:06:07,879] {dag.py:2972} INFO - Setting next_dagrun for example_external_task_marker_child to None, run_after=None
[2022-08-23 12:06:07,879] {logging_mixin.py:115} INFO - [2022-08-23 12:06:07,879] {dag.py:2972} INFO - Setting next_dagrun for example_external_task_marker_parent to None, run_after=None
[2022-08-23 12:06:07,891] {processor.py:161} INFO - Processing /home/airflow/.local/lib/python3.7/site-packages/airflow/example_dags/example_external_task_marker_dag.py took 0.259 seconds
[2022-08-23 12:06:38,138] {processor.py:153} INFO - Started process (PID=857) to work on /home/airflow/.local/lib/python3.7/site-packages/airflow/example_dags/example_external_task_marker_dag.py
[2022-08-23 12:06:38,139] {processor.py:641} INFO - Processing file /home/airflow/.local/lib/python3.7/site-packages/airflow/example_dags/example_external_task_marker_dag.py for tasks to queue
[2022-08-23 12:06:38,140] {logging_mixin.py:115} INFO - [2022-08-23 12:06:38,139] {dagbag.py:508} INFO - Filling up the DagBag from /home/airflow/.local/lib/python3.7/site-packages/airflow/example_dags/example_external_task_marker_dag.py
[2022-08-23 12:06:38,149] {processor.py:651} INFO - DAG(s) dict_keys(['example_external_task_marker_parent', 'example_external_task_marker_child']) retrieved from /home/airflow/.local/lib/python3.7/site-packages/airflow/example_dags/example_external_task_marker_dag.py
[2022-08-23 12:06:38,200] {logging_mixin.py:115} INFO - [2022-08-23 12:06:38,200] {dag.py:2420} INFO - Sync 2 DAGs
[2022-08-23 12:06:38,369] {logging_mixin.py:115} INFO - [2022-08-23 12:06:38,369] {dag.py:2972} INFO - Setting next_dagrun for example_external_task_marker_child to None, run_after=None
[2022-08-23 12:06:38,370] {logging_mixin.py:115} INFO - [2022-08-23 12:06:38,370] {dag.py:2972} INFO - Setting next_dagrun for example_external_task_marker_parent to None, run_after=None
[2022-08-23 12:06:38,383] {processor.py:161} INFO - Processing /home/airflow/.local/lib/python3.7/site-packages/airflow/example_dags/example_external_task_marker_dag.py took 0.251 seconds
[2022-08-23 12:07:08,559] {processor.py:153} INFO - Started process (PID=909) to work on /home/airflow/.local/lib/python3.7/site-packages/airflow/example_dags/example_external_task_marker_dag.py
[2022-08-23 12:07:08,566] {processor.py:641} INFO - Processing file /home/airflow/.local/lib/python3.7/site-packages/airflow/example_dags/example_external_task_marker_dag.py for tasks to queue
[2022-08-23 12:07:08,566] {logging_mixin.py:115} INFO - [2022-08-23 12:07:08,566] {dagbag.py:508} INFO - Filling up the DagBag from /home/airflow/.local/lib/python3.7/site-packages/airflow/example_dags/example_external_task_marker_dag.py
[2022-08-23 12:07:08,570] {processor.py:651} INFO - DAG(s) dict_keys(['example_external_task_marker_parent', 'example_external_task_marker_child']) retrieved from /home/airflow/.local/lib/python3.7/site-packages/airflow/example_dags/example_external_task_marker_dag.py
[2022-08-23 12:07:08,620] {logging_mixin.py:115} INFO - [2022-08-23 12:07:08,620] {dag.py:2420} INFO - Sync 2 DAGs
[2022-08-23 12:07:08,779] {logging_mixin.py:115} INFO - [2022-08-23 12:07:08,779] {dag.py:2972} INFO - Setting next_dagrun for example_external_task_marker_child to None, run_after=None
[2022-08-23 12:07:08,779] {logging_mixin.py:115} INFO - [2022-08-23 12:07:08,779] {dag.py:2972} INFO - Setting next_dagrun for example_external_task_marker_parent to None, run_after=None
[2022-08-23 12:07:08,790] {processor.py:161} INFO - Processing /home/airflow/.local/lib/python3.7/site-packages/airflow/example_dags/example_external_task_marker_dag.py took 0.234 seconds
[2022-08-23 12:07:38,854] {processor.py:153} INFO - Started process (PID=970) to work on /home/airflow/.local/lib/python3.7/site-packages/airflow/example_dags/example_external_task_marker_dag.py
[2022-08-23 12:07:38,855] {processor.py:641} INFO - Processing file /home/airflow/.local/lib/python3.7/site-packages/airflow/example_dags/example_external_task_marker_dag.py for tasks to queue
[2022-08-23 12:07:38,857] {logging_mixin.py:115} INFO - [2022-08-23 12:07:38,856] {dagbag.py:508} INFO - Filling up the DagBag from /home/airflow/.local/lib/python3.7/site-packages/airflow/example_dags/example_external_task_marker_dag.py
[2022-08-23 12:07:38,861] {processor.py:651} INFO - DAG(s) dict_keys(['example_external_task_marker_parent', 'example_external_task_marker_child']) retrieved from /home/airflow/.local/lib/python3.7/site-packages/airflow/example_dags/example_external_task_marker_dag.py
[2022-08-23 12:07:38,906] {logging_mixin.py:115} INFO - [2022-08-23 12:07:38,906] {dag.py:2420} INFO - Sync 2 DAGs
[2022-08-23 12:07:39,090] {logging_mixin.py:115} INFO - [2022-08-23 12:07:39,090] {dag.py:2972} INFO - Setting next_dagrun for example_external_task_marker_child to None, run_after=None
[2022-08-23 12:07:39,090] {logging_mixin.py:115} INFO - [2022-08-23 12:07:39,090] {dag.py:2972} INFO - Setting next_dagrun for example_external_task_marker_parent to None, run_after=None
[2022-08-23 12:07:39,109] {processor.py:161} INFO - Processing /home/airflow/.local/lib/python3.7/site-packages/airflow/example_dags/example_external_task_marker_dag.py took 0.258 seconds
[2022-08-23 12:08:09,144] {processor.py:153} INFO - Started process (PID=1031) to work on /home/airflow/.local/lib/python3.7/site-packages/airflow/example_dags/example_external_task_marker_dag.py
[2022-08-23 12:08:09,145] {processor.py:641} INFO - Processing file /home/airflow/.local/lib/python3.7/site-packages/airflow/example_dags/example_external_task_marker_dag.py for tasks to queue
[2022-08-23 12:08:09,145] {logging_mixin.py:115} INFO - [2022-08-23 12:08:09,145] {dagbag.py:508} INFO - Filling up the DagBag from /home/airflow/.local/lib/python3.7/site-packages/airflow/example_dags/example_external_task_marker_dag.py
[2022-08-23 12:08:09,150] {processor.py:651} INFO - DAG(s) dict_keys(['example_external_task_marker_parent', 'example_external_task_marker_child']) retrieved from /home/airflow/.local/lib/python3.7/site-packages/airflow/example_dags/example_external_task_marker_dag.py
[2022-08-23 12:08:09,194] {logging_mixin.py:115} INFO - [2022-08-23 12:08:09,194] {dag.py:2420} INFO - Sync 2 DAGs
[2022-08-23 12:08:09,406] {logging_mixin.py:115} INFO - [2022-08-23 12:08:09,406] {dag.py:2972} INFO - Setting next_dagrun for example_external_task_marker_child to None, run_after=None
[2022-08-23 12:08:09,407] {logging_mixin.py:115} INFO - [2022-08-23 12:08:09,406] {dag.py:2972} INFO - Setting next_dagrun for example_external_task_marker_parent to None, run_after=None
[2022-08-23 12:08:09,420] {processor.py:161} INFO - Processing /home/airflow/.local/lib/python3.7/site-packages/airflow/example_dags/example_external_task_marker_dag.py took 0.279 seconds
[2022-08-23 12:08:39,755] {processor.py:153} INFO - Started process (PID=1083) to work on /home/airflow/.local/lib/python3.7/site-packages/airflow/example_dags/example_external_task_marker_dag.py
[2022-08-23 12:08:39,755] {processor.py:641} INFO - Processing file /home/airflow/.local/lib/python3.7/site-packages/airflow/example_dags/example_external_task_marker_dag.py for tasks to queue
[2022-08-23 12:08:39,756] {logging_mixin.py:115} INFO - [2022-08-23 12:08:39,756] {dagbag.py:508} INFO - Filling up the DagBag from /home/airflow/.local/lib/python3.7/site-packages/airflow/example_dags/example_external_task_marker_dag.py
[2022-08-23 12:08:39,759] {processor.py:651} INFO - DAG(s) dict_keys(['example_external_task_marker_parent', 'example_external_task_marker_child']) retrieved from /home/airflow/.local/lib/python3.7/site-packages/airflow/example_dags/example_external_task_marker_dag.py
[2022-08-23 12:08:39,802] {logging_mixin.py:115} INFO - [2022-08-23 12:08:39,802] {dag.py:2420} INFO - Sync 2 DAGs
[2022-08-23 12:08:39,956] {logging_mixin.py:115} INFO - [2022-08-23 12:08:39,956] {dag.py:2972} INFO - Setting next_dagrun for example_external_task_marker_child to None, run_after=None
[2022-08-23 12:08:39,956] {logging_mixin.py:115} INFO - [2022-08-23 12:08:39,956] {dag.py:2972} INFO - Setting next_dagrun for example_external_task_marker_parent to None, run_after=None
[2022-08-23 12:08:39,968] {processor.py:161} INFO - Processing /home/airflow/.local/lib/python3.7/site-packages/airflow/example_dags/example_external_task_marker_dag.py took 0.216 seconds
[2022-08-23 12:09:10,399] {processor.py:153} INFO - Started process (PID=1144) to work on /home/airflow/.local/lib/python3.7/site-packages/airflow/example_dags/example_external_task_marker_dag.py
[2022-08-23 12:09:10,400] {processor.py:641} INFO - Processing file /home/airflow/.local/lib/python3.7/site-packages/airflow/example_dags/example_external_task_marker_dag.py for tasks to queue
[2022-08-23 12:09:10,400] {logging_mixin.py:115} INFO - [2022-08-23 12:09:10,400] {dagbag.py:508} INFO - Filling up the DagBag from /home/airflow/.local/lib/python3.7/site-packages/airflow/example_dags/example_external_task_marker_dag.py
[2022-08-23 12:09:10,403] {processor.py:651} INFO - DAG(s) dict_keys(['example_external_task_marker_parent', 'example_external_task_marker_child']) retrieved from /home/airflow/.local/lib/python3.7/site-packages/airflow/example_dags/example_external_task_marker_dag.py
[2022-08-23 12:09:10,460] {logging_mixin.py:115} INFO - [2022-08-23 12:09:10,460] {dag.py:2420} INFO - Sync 2 DAGs
[2022-08-23 12:09:10,605] {logging_mixin.py:115} INFO - [2022-08-23 12:09:10,605] {dag.py:2972} INFO - Setting next_dagrun for example_external_task_marker_child to None, run_after=None
[2022-08-23 12:09:10,605] {logging_mixin.py:115} INFO - [2022-08-23 12:09:10,605] {dag.py:2972} INFO - Setting next_dagrun for example_external_task_marker_parent to None, run_after=None
[2022-08-23 12:09:10,616] {processor.py:161} INFO - Processing /home/airflow/.local/lib/python3.7/site-packages/airflow/example_dags/example_external_task_marker_dag.py took 0.221 seconds
[2022-08-23 12:09:40,821] {processor.py:153} INFO - Started process (PID=1196) to work on /home/airflow/.local/lib/python3.7/site-packages/airflow/example_dags/example_external_task_marker_dag.py
[2022-08-23 12:09:40,822] {processor.py:641} INFO - Processing file /home/airflow/.local/lib/python3.7/site-packages/airflow/example_dags/example_external_task_marker_dag.py for tasks to queue
[2022-08-23 12:09:40,823] {logging_mixin.py:115} INFO - [2022-08-23 12:09:40,823] {dagbag.py:508} INFO - Filling up the DagBag from /home/airflow/.local/lib/python3.7/site-packages/airflow/example_dags/example_external_task_marker_dag.py
[2022-08-23 12:09:40,830] {processor.py:651} INFO - DAG(s) dict_keys(['example_external_task_marker_parent', 'example_external_task_marker_child']) retrieved from /home/airflow/.local/lib/python3.7/site-packages/airflow/example_dags/example_external_task_marker_dag.py
[2022-08-23 12:09:41,004] {logging_mixin.py:115} INFO - [2022-08-23 12:09:41,004] {dag.py:2420} INFO - Sync 2 DAGs
[2022-08-23 12:09:41,025] {logging_mixin.py:115} INFO - [2022-08-23 12:09:41,025] {dag.py:2972} INFO - Setting next_dagrun for example_external_task_marker_child to None, run_after=None
[2022-08-23 12:09:41,025] {logging_mixin.py:115} INFO - [2022-08-23 12:09:41,025] {dag.py:2972} INFO - Setting next_dagrun for example_external_task_marker_parent to None, run_after=None
[2022-08-23 12:09:41,042] {processor.py:161} INFO - Processing /home/airflow/.local/lib/python3.7/site-packages/airflow/example_dags/example_external_task_marker_dag.py took 0.225 seconds
[2022-08-23 12:10:11,153] {processor.py:153} INFO - Started process (PID=1257) to work on /home/airflow/.local/lib/python3.7/site-packages/airflow/example_dags/example_external_task_marker_dag.py
[2022-08-23 12:10:11,153] {processor.py:641} INFO - Processing file /home/airflow/.local/lib/python3.7/site-packages/airflow/example_dags/example_external_task_marker_dag.py for tasks to queue
[2022-08-23 12:10:11,154] {logging_mixin.py:115} INFO - [2022-08-23 12:10:11,154] {dagbag.py:508} INFO - Filling up the DagBag from /home/airflow/.local/lib/python3.7/site-packages/airflow/example_dags/example_external_task_marker_dag.py
[2022-08-23 12:10:11,158] {processor.py:651} INFO - DAG(s) dict_keys(['example_external_task_marker_parent', 'example_external_task_marker_child']) retrieved from /home/airflow/.local/lib/python3.7/site-packages/airflow/example_dags/example_external_task_marker_dag.py
[2022-08-23 12:10:11,338] {logging_mixin.py:115} INFO - [2022-08-23 12:10:11,338] {dag.py:2420} INFO - Sync 2 DAGs
[2022-08-23 12:10:11,357] {logging_mixin.py:115} INFO - [2022-08-23 12:10:11,357] {dag.py:2972} INFO - Setting next_dagrun for example_external_task_marker_child to None, run_after=None
[2022-08-23 12:10:11,357] {logging_mixin.py:115} INFO - [2022-08-23 12:10:11,357] {dag.py:2972} INFO - Setting next_dagrun for example_external_task_marker_parent to None, run_after=None
[2022-08-23 12:10:11,378] {processor.py:161} INFO - Processing /home/airflow/.local/lib/python3.7/site-packages/airflow/example_dags/example_external_task_marker_dag.py took 0.228 seconds
[2022-08-23 12:10:41,757] {processor.py:153} INFO - Started process (PID=1318) to work on /home/airflow/.local/lib/python3.7/site-packages/airflow/example_dags/example_external_task_marker_dag.py
[2022-08-23 12:10:41,757] {processor.py:641} INFO - Processing file /home/airflow/.local/lib/python3.7/site-packages/airflow/example_dags/example_external_task_marker_dag.py for tasks to queue
[2022-08-23 12:10:41,758] {logging_mixin.py:115} INFO - [2022-08-23 12:10:41,757] {dagbag.py:508} INFO - Filling up the DagBag from /home/airflow/.local/lib/python3.7/site-packages/airflow/example_dags/example_external_task_marker_dag.py
[2022-08-23 12:10:41,761] {processor.py:651} INFO - DAG(s) dict_keys(['example_external_task_marker_parent', 'example_external_task_marker_child']) retrieved from /home/airflow/.local/lib/python3.7/site-packages/airflow/example_dags/example_external_task_marker_dag.py
[2022-08-23 12:10:41,930] {logging_mixin.py:115} INFO - [2022-08-23 12:10:41,930] {dag.py:2420} INFO - Sync 2 DAGs
[2022-08-23 12:10:41,948] {logging_mixin.py:115} INFO - [2022-08-23 12:10:41,948] {dag.py:2972} INFO - Setting next_dagrun for example_external_task_marker_child to None, run_after=None
[2022-08-23 12:10:41,948] {logging_mixin.py:115} INFO - [2022-08-23 12:10:41,948] {dag.py:2972} INFO - Setting next_dagrun for example_external_task_marker_parent to None, run_after=None
[2022-08-23 12:10:41,959] {processor.py:161} INFO - Processing /home/airflow/.local/lib/python3.7/site-packages/airflow/example_dags/example_external_task_marker_dag.py took 0.207 seconds
[2022-08-23 12:11:12,695] {processor.py:153} INFO - Started process (PID=1370) to work on /home/airflow/.local/lib/python3.7/site-packages/airflow/example_dags/example_external_task_marker_dag.py
[2022-08-23 12:11:12,695] {processor.py:641} INFO - Processing file /home/airflow/.local/lib/python3.7/site-packages/airflow/example_dags/example_external_task_marker_dag.py for tasks to queue
[2022-08-23 12:11:12,696] {logging_mixin.py:115} INFO - [2022-08-23 12:11:12,696] {dagbag.py:508} INFO - Filling up the DagBag from /home/airflow/.local/lib/python3.7/site-packages/airflow/example_dags/example_external_task_marker_dag.py
[2022-08-23 12:11:12,699] {processor.py:651} INFO - DAG(s) dict_keys(['example_external_task_marker_parent', 'example_external_task_marker_child']) retrieved from /home/airflow/.local/lib/python3.7/site-packages/airflow/example_dags/example_external_task_marker_dag.py
[2022-08-23 12:11:12,897] {logging_mixin.py:115} INFO - [2022-08-23 12:11:12,897] {dag.py:2420} INFO - Sync 2 DAGs
[2022-08-23 12:11:12,919] {logging_mixin.py:115} INFO - [2022-08-23 12:11:12,919] {dag.py:2972} INFO - Setting next_dagrun for example_external_task_marker_child to None, run_after=None
[2022-08-23 12:11:12,919] {logging_mixin.py:115} INFO - [2022-08-23 12:11:12,919] {dag.py:2972} INFO - Setting next_dagrun for example_external_task_marker_parent to None, run_after=None
[2022-08-23 12:11:12,934] {processor.py:161} INFO - Processing /home/airflow/.local/lib/python3.7/site-packages/airflow/example_dags/example_external_task_marker_dag.py took 0.243 seconds
[2022-08-23 12:11:43,950] {processor.py:153} INFO - Started process (PID=1431) to work on /home/airflow/.local/lib/python3.7/site-packages/airflow/example_dags/example_external_task_marker_dag.py
[2022-08-23 12:11:43,961] {processor.py:641} INFO - Processing file /home/airflow/.local/lib/python3.7/site-packages/airflow/example_dags/example_external_task_marker_dag.py for tasks to queue
[2022-08-23 12:11:43,962] {logging_mixin.py:115} INFO - [2022-08-23 12:11:43,962] {dagbag.py:508} INFO - Filling up the DagBag from /home/airflow/.local/lib/python3.7/site-packages/airflow/example_dags/example_external_task_marker_dag.py
[2022-08-23 12:11:43,968] {processor.py:651} INFO - DAG(s) dict_keys(['example_external_task_marker_parent', 'example_external_task_marker_child']) retrieved from /home/airflow/.local/lib/python3.7/site-packages/airflow/example_dags/example_external_task_marker_dag.py
[2022-08-23 12:11:44,182] {logging_mixin.py:115} INFO - [2022-08-23 12:11:44,182] {dag.py:2420} INFO - Sync 2 DAGs
[2022-08-23 12:11:44,208] {logging_mixin.py:115} INFO - [2022-08-23 12:11:44,208] {dag.py:2972} INFO - Setting next_dagrun for example_external_task_marker_child to None, run_after=None
[2022-08-23 12:11:44,208] {logging_mixin.py:115} INFO - [2022-08-23 12:11:44,208] {dag.py:2972} INFO - Setting next_dagrun for example_external_task_marker_parent to None, run_after=None
[2022-08-23 12:11:44,232] {processor.py:161} INFO - Processing /home/airflow/.local/lib/python3.7/site-packages/airflow/example_dags/example_external_task_marker_dag.py took 0.288 seconds
[2022-08-23 12:12:14,369] {processor.py:153} INFO - Started process (PID=1492) to work on /home/airflow/.local/lib/python3.7/site-packages/airflow/example_dags/example_external_task_marker_dag.py
[2022-08-23 12:12:14,379] {processor.py:641} INFO - Processing file /home/airflow/.local/lib/python3.7/site-packages/airflow/example_dags/example_external_task_marker_dag.py for tasks to queue
[2022-08-23 12:12:14,380] {logging_mixin.py:115} INFO - [2022-08-23 12:12:14,380] {dagbag.py:508} INFO - Filling up the DagBag from /home/airflow/.local/lib/python3.7/site-packages/airflow/example_dags/example_external_task_marker_dag.py
[2022-08-23 12:12:14,386] {processor.py:651} INFO - DAG(s) dict_keys(['example_external_task_marker_parent', 'example_external_task_marker_child']) retrieved from /home/airflow/.local/lib/python3.7/site-packages/airflow/example_dags/example_external_task_marker_dag.py
[2022-08-23 12:12:14,571] {logging_mixin.py:115} INFO - [2022-08-23 12:12:14,571] {dag.py:2420} INFO - Sync 2 DAGs
[2022-08-23 12:12:14,588] {logging_mixin.py:115} INFO - [2022-08-23 12:12:14,588] {dag.py:2972} INFO - Setting next_dagrun for example_external_task_marker_child to None, run_after=None
[2022-08-23 12:12:14,588] {logging_mixin.py:115} INFO - [2022-08-23 12:12:14,588] {dag.py:2972} INFO - Setting next_dagrun for example_external_task_marker_parent to None, run_after=None
[2022-08-23 12:12:14,607] {processor.py:161} INFO - Processing /home/airflow/.local/lib/python3.7/site-packages/airflow/example_dags/example_external_task_marker_dag.py took 0.243 seconds
[2022-08-23 12:12:44,785] {processor.py:153} INFO - Started process (PID=1544) to work on /home/airflow/.local/lib/python3.7/site-packages/airflow/example_dags/example_external_task_marker_dag.py
[2022-08-23 12:12:44,796] {processor.py:641} INFO - Processing file /home/airflow/.local/lib/python3.7/site-packages/airflow/example_dags/example_external_task_marker_dag.py for tasks to queue
[2022-08-23 12:12:44,796] {logging_mixin.py:115} INFO - [2022-08-23 12:12:44,796] {dagbag.py:508} INFO - Filling up the DagBag from /home/airflow/.local/lib/python3.7/site-packages/airflow/example_dags/example_external_task_marker_dag.py
[2022-08-23 12:12:44,801] {processor.py:651} INFO - DAG(s) dict_keys(['example_external_task_marker_parent', 'example_external_task_marker_child']) retrieved from /home/airflow/.local/lib/python3.7/site-packages/airflow/example_dags/example_external_task_marker_dag.py
[2022-08-23 12:12:45,036] {logging_mixin.py:115} INFO - [2022-08-23 12:12:45,036] {dag.py:2420} INFO - Sync 2 DAGs
[2022-08-23 12:12:45,058] {logging_mixin.py:115} INFO - [2022-08-23 12:12:45,058] {dag.py:2972} INFO - Setting next_dagrun for example_external_task_marker_child to None, run_after=None
[2022-08-23 12:12:45,058] {logging_mixin.py:115} INFO - [2022-08-23 12:12:45,058] {dag.py:2972} INFO - Setting next_dagrun for example_external_task_marker_parent to None, run_after=None
[2022-08-23 12:12:45,069] {processor.py:161} INFO - Processing /home/airflow/.local/lib/python3.7/site-packages/airflow/example_dags/example_external_task_marker_dag.py took 0.287 seconds
[2022-08-23 12:13:15,347] {processor.py:153} INFO - Started process (PID=1605) to work on /home/airflow/.local/lib/python3.7/site-packages/airflow/example_dags/example_external_task_marker_dag.py
[2022-08-23 12:13:15,347] {processor.py:641} INFO - Processing file /home/airflow/.local/lib/python3.7/site-packages/airflow/example_dags/example_external_task_marker_dag.py for tasks to queue
[2022-08-23 12:13:15,348] {logging_mixin.py:115} INFO - [2022-08-23 12:13:15,348] {dagbag.py:508} INFO - Filling up the DagBag from /home/airflow/.local/lib/python3.7/site-packages/airflow/example_dags/example_external_task_marker_dag.py
[2022-08-23 12:13:15,351] {processor.py:651} INFO - DAG(s) dict_keys(['example_external_task_marker_parent', 'example_external_task_marker_child']) retrieved from /home/airflow/.local/lib/python3.7/site-packages/airflow/example_dags/example_external_task_marker_dag.py
[2022-08-23 12:13:15,549] {logging_mixin.py:115} INFO - [2022-08-23 12:13:15,549] {dag.py:2420} INFO - Sync 2 DAGs
[2022-08-23 12:13:15,567] {logging_mixin.py:115} INFO - [2022-08-23 12:13:15,566] {dag.py:2972} INFO - Setting next_dagrun for example_external_task_marker_child to None, run_after=None
[2022-08-23 12:13:15,567] {logging_mixin.py:115} INFO - [2022-08-23 12:13:15,567] {dag.py:2972} INFO - Setting next_dagrun for example_external_task_marker_parent to None, run_after=None
[2022-08-23 12:13:15,577] {processor.py:161} INFO - Processing /home/airflow/.local/lib/python3.7/site-packages/airflow/example_dags/example_external_task_marker_dag.py took 0.233 seconds
[2022-08-23 12:13:45,749] {processor.py:153} INFO - Started process (PID=1666) to work on /home/airflow/.local/lib/python3.7/site-packages/airflow/example_dags/example_external_task_marker_dag.py
[2022-08-23 12:13:45,749] {processor.py:641} INFO - Processing file /home/airflow/.local/lib/python3.7/site-packages/airflow/example_dags/example_external_task_marker_dag.py for tasks to queue
[2022-08-23 12:13:45,750] {logging_mixin.py:115} INFO - [2022-08-23 12:13:45,750] {dagbag.py:508} INFO - Filling up the DagBag from /home/airflow/.local/lib/python3.7/site-packages/airflow/example_dags/example_external_task_marker_dag.py
[2022-08-23 12:13:45,755] {processor.py:651} INFO - DAG(s) dict_keys(['example_external_task_marker_parent', 'example_external_task_marker_child']) retrieved from /home/airflow/.local/lib/python3.7/site-packages/airflow/example_dags/example_external_task_marker_dag.py
[2022-08-23 12:13:45,976] {logging_mixin.py:115} INFO - [2022-08-23 12:13:45,976] {dag.py:2420} INFO - Sync 2 DAGs
[2022-08-23 12:13:45,993] {logging_mixin.py:115} INFO - [2022-08-23 12:13:45,993] {dag.py:2972} INFO - Setting next_dagrun for example_external_task_marker_child to None, run_after=None
[2022-08-23 12:13:45,993] {logging_mixin.py:115} INFO - [2022-08-23 12:13:45,993] {dag.py:2972} INFO - Setting next_dagrun for example_external_task_marker_parent to None, run_after=None
[2022-08-23 12:13:46,004] {processor.py:161} INFO - Processing /home/airflow/.local/lib/python3.7/site-packages/airflow/example_dags/example_external_task_marker_dag.py took 0.259 seconds
