[2022-08-23 11:59:27,053] {processor.py:153} INFO - Started process (PID=48) to work on /home/airflow/.local/lib/python3.7/site-packages/airflow/example_dags/example_latest_only_with_trigger.py
[2022-08-23 11:59:27,054] {processor.py:641} INFO - Processing file /home/airflow/.local/lib/python3.7/site-packages/airflow/example_dags/example_latest_only_with_trigger.py for tasks to queue
[2022-08-23 11:59:27,054] {logging_mixin.py:115} INFO - [2022-08-23 11:59:27,054] {dagbag.py:508} INFO - Filling up the DagBag from /home/airflow/.local/lib/python3.7/site-packages/airflow/example_dags/example_latest_only_with_trigger.py
[2022-08-23 11:59:27,058] {processor.py:651} INFO - DAG(s) dict_keys(['latest_only_with_trigger']) retrieved from /home/airflow/.local/lib/python3.7/site-packages/airflow/example_dags/example_latest_only_with_trigger.py
[2022-08-23 11:59:27,078] {logging_mixin.py:115} INFO - [2022-08-23 11:59:27,078] {dag.py:2420} INFO - Sync 1 DAGs
[2022-08-23 11:59:27,213] {logging_mixin.py:115} INFO - [2022-08-23 11:59:27,213] {dag.py:2972} INFO - Setting next_dagrun for latest_only_with_trigger to 2022-08-23T07:59:27.213214+00:00, run_after=2022-08-23T11:59:27.213214+00:00
[2022-08-23 11:59:27,224] {processor.py:161} INFO - Processing /home/airflow/.local/lib/python3.7/site-packages/airflow/example_dags/example_latest_only_with_trigger.py took 0.173 seconds
[2022-08-23 11:59:57,518] {processor.py:153} INFO - Started process (PID=109) to work on /home/airflow/.local/lib/python3.7/site-packages/airflow/example_dags/example_latest_only_with_trigger.py
[2022-08-23 11:59:57,518] {processor.py:641} INFO - Processing file /home/airflow/.local/lib/python3.7/site-packages/airflow/example_dags/example_latest_only_with_trigger.py for tasks to queue
[2022-08-23 11:59:57,519] {logging_mixin.py:115} INFO - [2022-08-23 11:59:57,519] {dagbag.py:508} INFO - Filling up the DagBag from /home/airflow/.local/lib/python3.7/site-packages/airflow/example_dags/example_latest_only_with_trigger.py
[2022-08-23 11:59:57,522] {processor.py:651} INFO - DAG(s) dict_keys(['latest_only_with_trigger']) retrieved from /home/airflow/.local/lib/python3.7/site-packages/airflow/example_dags/example_latest_only_with_trigger.py
[2022-08-23 11:59:57,546] {logging_mixin.py:115} INFO - [2022-08-23 11:59:57,546] {dag.py:2420} INFO - Sync 1 DAGs
[2022-08-23 11:59:57,658] {logging_mixin.py:115} INFO - [2022-08-23 11:59:57,657] {dag.py:2972} INFO - Setting next_dagrun for latest_only_with_trigger to 2022-08-23T07:59:57.657851+00:00, run_after=2022-08-23T11:59:57.657851+00:00
[2022-08-23 11:59:57,678] {processor.py:161} INFO - Processing /home/airflow/.local/lib/python3.7/site-packages/airflow/example_dags/example_latest_only_with_trigger.py took 0.161 seconds
[2022-08-23 12:00:28,456] {processor.py:153} INFO - Started process (PID=170) to work on /home/airflow/.local/lib/python3.7/site-packages/airflow/example_dags/example_latest_only_with_trigger.py
[2022-08-23 12:00:28,457] {processor.py:641} INFO - Processing file /home/airflow/.local/lib/python3.7/site-packages/airflow/example_dags/example_latest_only_with_trigger.py for tasks to queue
[2022-08-23 12:00:28,457] {logging_mixin.py:115} INFO - [2022-08-23 12:00:28,457] {dagbag.py:508} INFO - Filling up the DagBag from /home/airflow/.local/lib/python3.7/site-packages/airflow/example_dags/example_latest_only_with_trigger.py
[2022-08-23 12:00:28,462] {processor.py:651} INFO - DAG(s) dict_keys(['latest_only_with_trigger']) retrieved from /home/airflow/.local/lib/python3.7/site-packages/airflow/example_dags/example_latest_only_with_trigger.py
[2022-08-23 12:00:28,493] {logging_mixin.py:115} INFO - [2022-08-23 12:00:28,493] {dag.py:2420} INFO - Sync 1 DAGs
[2022-08-23 12:00:28,709] {logging_mixin.py:115} INFO - [2022-08-23 12:00:28,709] {dag.py:2972} INFO - Setting next_dagrun for latest_only_with_trigger to 2022-08-23T08:00:28.708976+00:00, run_after=2022-08-23T12:00:28.708976+00:00
[2022-08-23 12:00:28,720] {processor.py:161} INFO - Processing /home/airflow/.local/lib/python3.7/site-packages/airflow/example_dags/example_latest_only_with_trigger.py took 0.267 seconds
[2022-08-23 12:00:59,281] {processor.py:153} INFO - Started process (PID=222) to work on /home/airflow/.local/lib/python3.7/site-packages/airflow/example_dags/example_latest_only_with_trigger.py
[2022-08-23 12:00:59,282] {processor.py:641} INFO - Processing file /home/airflow/.local/lib/python3.7/site-packages/airflow/example_dags/example_latest_only_with_trigger.py for tasks to queue
[2022-08-23 12:00:59,282] {logging_mixin.py:115} INFO - [2022-08-23 12:00:59,282] {dagbag.py:508} INFO - Filling up the DagBag from /home/airflow/.local/lib/python3.7/site-packages/airflow/example_dags/example_latest_only_with_trigger.py
[2022-08-23 12:00:59,287] {processor.py:651} INFO - DAG(s) dict_keys(['latest_only_with_trigger']) retrieved from /home/airflow/.local/lib/python3.7/site-packages/airflow/example_dags/example_latest_only_with_trigger.py
[2022-08-23 12:00:59,310] {logging_mixin.py:115} INFO - [2022-08-23 12:00:59,310] {dag.py:2420} INFO - Sync 1 DAGs
[2022-08-23 12:00:59,414] {logging_mixin.py:115} INFO - [2022-08-23 12:00:59,413] {dag.py:2972} INFO - Setting next_dagrun for latest_only_with_trigger to 2022-08-23T08:00:59.413801+00:00, run_after=2022-08-23T12:00:59.413801+00:00
[2022-08-23 12:00:59,434] {processor.py:161} INFO - Processing /home/airflow/.local/lib/python3.7/site-packages/airflow/example_dags/example_latest_only_with_trigger.py took 0.155 seconds
[2022-08-23 12:01:30,135] {processor.py:153} INFO - Started process (PID=283) to work on /home/airflow/.local/lib/python3.7/site-packages/airflow/example_dags/example_latest_only_with_trigger.py
[2022-08-23 12:01:30,136] {processor.py:641} INFO - Processing file /home/airflow/.local/lib/python3.7/site-packages/airflow/example_dags/example_latest_only_with_trigger.py for tasks to queue
[2022-08-23 12:01:30,137] {logging_mixin.py:115} INFO - [2022-08-23 12:01:30,137] {dagbag.py:508} INFO - Filling up the DagBag from /home/airflow/.local/lib/python3.7/site-packages/airflow/example_dags/example_latest_only_with_trigger.py
[2022-08-23 12:01:30,144] {processor.py:651} INFO - DAG(s) dict_keys(['latest_only_with_trigger']) retrieved from /home/airflow/.local/lib/python3.7/site-packages/airflow/example_dags/example_latest_only_with_trigger.py
[2022-08-23 12:01:30,173] {logging_mixin.py:115} INFO - [2022-08-23 12:01:30,173] {dag.py:2420} INFO - Sync 1 DAGs
[2022-08-23 12:01:30,344] {logging_mixin.py:115} INFO - [2022-08-23 12:01:30,344] {dag.py:2972} INFO - Setting next_dagrun for latest_only_with_trigger to 2022-08-23T08:01:30.343944+00:00, run_after=2022-08-23T12:01:30.343944+00:00
[2022-08-23 12:01:30,365] {processor.py:161} INFO - Processing /home/airflow/.local/lib/python3.7/site-packages/airflow/example_dags/example_latest_only_with_trigger.py took 0.234 seconds
[2022-08-23 12:02:02,380] {processor.py:153} INFO - Started process (PID=335) to work on /home/airflow/.local/lib/python3.7/site-packages/airflow/example_dags/example_latest_only_with_trigger.py
[2022-08-23 12:02:02,384] {processor.py:641} INFO - Processing file /home/airflow/.local/lib/python3.7/site-packages/airflow/example_dags/example_latest_only_with_trigger.py for tasks to queue
[2022-08-23 12:02:02,385] {logging_mixin.py:115} INFO - [2022-08-23 12:02:02,385] {dagbag.py:508} INFO - Filling up the DagBag from /home/airflow/.local/lib/python3.7/site-packages/airflow/example_dags/example_latest_only_with_trigger.py
[2022-08-23 12:02:02,399] {processor.py:651} INFO - DAG(s) dict_keys(['latest_only_with_trigger']) retrieved from /home/airflow/.local/lib/python3.7/site-packages/airflow/example_dags/example_latest_only_with_trigger.py
[2022-08-23 12:02:02,456] {logging_mixin.py:115} INFO - [2022-08-23 12:02:02,456] {dag.py:2420} INFO - Sync 1 DAGs
[2022-08-23 12:02:02,916] {logging_mixin.py:115} INFO - [2022-08-23 12:02:02,915] {dag.py:2972} INFO - Setting next_dagrun for latest_only_with_trigger to 2022-08-23T08:02:02.915209+00:00, run_after=2022-08-23T12:02:02.915209+00:00
[2022-08-23 12:02:02,949] {processor.py:161} INFO - Processing /home/airflow/.local/lib/python3.7/site-packages/airflow/example_dags/example_latest_only_with_trigger.py took 0.581 seconds
[2022-08-23 12:02:33,585] {processor.py:153} INFO - Started process (PID=395) to work on /home/airflow/.local/lib/python3.7/site-packages/airflow/example_dags/example_latest_only_with_trigger.py
[2022-08-23 12:02:33,586] {processor.py:641} INFO - Processing file /home/airflow/.local/lib/python3.7/site-packages/airflow/example_dags/example_latest_only_with_trigger.py for tasks to queue
[2022-08-23 12:02:33,586] {logging_mixin.py:115} INFO - [2022-08-23 12:02:33,586] {dagbag.py:508} INFO - Filling up the DagBag from /home/airflow/.local/lib/python3.7/site-packages/airflow/example_dags/example_latest_only_with_trigger.py
[2022-08-23 12:02:33,592] {processor.py:651} INFO - DAG(s) dict_keys(['latest_only_with_trigger']) retrieved from /home/airflow/.local/lib/python3.7/site-packages/airflow/example_dags/example_latest_only_with_trigger.py
[2022-08-23 12:02:33,627] {logging_mixin.py:115} INFO - [2022-08-23 12:02:33,627] {dag.py:2420} INFO - Sync 1 DAGs
[2022-08-23 12:02:33,821] {logging_mixin.py:115} INFO - [2022-08-23 12:02:33,821] {dag.py:2972} INFO - Setting next_dagrun for latest_only_with_trigger to 2022-08-23T08:02:33.820838+00:00, run_after=2022-08-23T12:02:33.820838+00:00
[2022-08-23 12:02:33,835] {processor.py:161} INFO - Processing /home/airflow/.local/lib/python3.7/site-packages/airflow/example_dags/example_latest_only_with_trigger.py took 0.254 seconds
[2022-08-23 12:03:03,867] {processor.py:153} INFO - Started process (PID=447) to work on /home/airflow/.local/lib/python3.7/site-packages/airflow/example_dags/example_latest_only_with_trigger.py
[2022-08-23 12:03:03,868] {processor.py:641} INFO - Processing file /home/airflow/.local/lib/python3.7/site-packages/airflow/example_dags/example_latest_only_with_trigger.py for tasks to queue
[2022-08-23 12:03:03,869] {logging_mixin.py:115} INFO - [2022-08-23 12:03:03,868] {dagbag.py:508} INFO - Filling up the DagBag from /home/airflow/.local/lib/python3.7/site-packages/airflow/example_dags/example_latest_only_with_trigger.py
[2022-08-23 12:03:03,881] {processor.py:651} INFO - DAG(s) dict_keys(['latest_only_with_trigger']) retrieved from /home/airflow/.local/lib/python3.7/site-packages/airflow/example_dags/example_latest_only_with_trigger.py
[2022-08-23 12:03:03,914] {logging_mixin.py:115} INFO - [2022-08-23 12:03:03,914] {dag.py:2420} INFO - Sync 1 DAGs
[2022-08-23 12:03:04,065] {logging_mixin.py:115} INFO - [2022-08-23 12:03:04,065] {dag.py:2972} INFO - Setting next_dagrun for latest_only_with_trigger to 2022-08-23T08:03:04.064945+00:00, run_after=2022-08-23T12:03:04.064945+00:00
[2022-08-23 12:03:04,077] {processor.py:161} INFO - Processing /home/airflow/.local/lib/python3.7/site-packages/airflow/example_dags/example_latest_only_with_trigger.py took 0.214 seconds
[2022-08-23 12:03:34,445] {processor.py:153} INFO - Started process (PID=508) to work on /home/airflow/.local/lib/python3.7/site-packages/airflow/example_dags/example_latest_only_with_trigger.py
[2022-08-23 12:03:34,450] {processor.py:641} INFO - Processing file /home/airflow/.local/lib/python3.7/site-packages/airflow/example_dags/example_latest_only_with_trigger.py for tasks to queue
[2022-08-23 12:03:34,451] {logging_mixin.py:115} INFO - [2022-08-23 12:03:34,451] {dagbag.py:508} INFO - Filling up the DagBag from /home/airflow/.local/lib/python3.7/site-packages/airflow/example_dags/example_latest_only_with_trigger.py
[2022-08-23 12:03:34,460] {processor.py:651} INFO - DAG(s) dict_keys(['latest_only_with_trigger']) retrieved from /home/airflow/.local/lib/python3.7/site-packages/airflow/example_dags/example_latest_only_with_trigger.py
[2022-08-23 12:03:34,492] {logging_mixin.py:115} INFO - [2022-08-23 12:03:34,492] {dag.py:2420} INFO - Sync 1 DAGs
[2022-08-23 12:03:34,669] {logging_mixin.py:115} INFO - [2022-08-23 12:03:34,669] {dag.py:2972} INFO - Setting next_dagrun for latest_only_with_trigger to 2022-08-23T08:03:34.669734+00:00, run_after=2022-08-23T12:03:34.669734+00:00
[2022-08-23 12:03:34,679] {processor.py:161} INFO - Processing /home/airflow/.local/lib/python3.7/site-packages/airflow/example_dags/example_latest_only_with_trigger.py took 0.240 seconds
[2022-08-23 12:04:04,814] {processor.py:153} INFO - Started process (PID=569) to work on /home/airflow/.local/lib/python3.7/site-packages/airflow/example_dags/example_latest_only_with_trigger.py
[2022-08-23 12:04:04,824] {processor.py:641} INFO - Processing file /home/airflow/.local/lib/python3.7/site-packages/airflow/example_dags/example_latest_only_with_trigger.py for tasks to queue
[2022-08-23 12:04:04,825] {logging_mixin.py:115} INFO - [2022-08-23 12:04:04,825] {dagbag.py:508} INFO - Filling up the DagBag from /home/airflow/.local/lib/python3.7/site-packages/airflow/example_dags/example_latest_only_with_trigger.py
[2022-08-23 12:04:04,830] {processor.py:651} INFO - DAG(s) dict_keys(['latest_only_with_trigger']) retrieved from /home/airflow/.local/lib/python3.7/site-packages/airflow/example_dags/example_latest_only_with_trigger.py
[2022-08-23 12:04:04,869] {logging_mixin.py:115} INFO - [2022-08-23 12:04:04,869] {dag.py:2420} INFO - Sync 1 DAGs
[2022-08-23 12:04:05,043] {logging_mixin.py:115} INFO - [2022-08-23 12:04:05,043] {dag.py:2972} INFO - Setting next_dagrun for latest_only_with_trigger to 2022-08-23T08:04:05.043149+00:00, run_after=2022-08-23T12:04:05.043149+00:00
[2022-08-23 12:04:05,065] {processor.py:161} INFO - Processing /home/airflow/.local/lib/python3.7/site-packages/airflow/example_dags/example_latest_only_with_trigger.py took 0.253 seconds
[2022-08-23 12:04:35,179] {processor.py:153} INFO - Started process (PID=621) to work on /home/airflow/.local/lib/python3.7/site-packages/airflow/example_dags/example_latest_only_with_trigger.py
[2022-08-23 12:04:35,179] {processor.py:641} INFO - Processing file /home/airflow/.local/lib/python3.7/site-packages/airflow/example_dags/example_latest_only_with_trigger.py for tasks to queue
[2022-08-23 12:04:35,180] {logging_mixin.py:115} INFO - [2022-08-23 12:04:35,180] {dagbag.py:508} INFO - Filling up the DagBag from /home/airflow/.local/lib/python3.7/site-packages/airflow/example_dags/example_latest_only_with_trigger.py
[2022-08-23 12:04:35,185] {processor.py:651} INFO - DAG(s) dict_keys(['latest_only_with_trigger']) retrieved from /home/airflow/.local/lib/python3.7/site-packages/airflow/example_dags/example_latest_only_with_trigger.py
[2022-08-23 12:04:35,217] {logging_mixin.py:115} INFO - [2022-08-23 12:04:35,217] {dag.py:2420} INFO - Sync 1 DAGs
[2022-08-23 12:04:35,444] {logging_mixin.py:115} INFO - [2022-08-23 12:04:35,444] {dag.py:2972} INFO - Setting next_dagrun for latest_only_with_trigger to 2022-08-23T08:04:35.444355+00:00, run_after=2022-08-23T12:04:35.444355+00:00
[2022-08-23 12:04:35,461] {processor.py:161} INFO - Processing /home/airflow/.local/lib/python3.7/site-packages/airflow/example_dags/example_latest_only_with_trigger.py took 0.284 seconds
[2022-08-23 12:05:06,213] {processor.py:153} INFO - Started process (PID=682) to work on /home/airflow/.local/lib/python3.7/site-packages/airflow/example_dags/example_latest_only_with_trigger.py
[2022-08-23 12:05:06,214] {processor.py:641} INFO - Processing file /home/airflow/.local/lib/python3.7/site-packages/airflow/example_dags/example_latest_only_with_trigger.py for tasks to queue
[2022-08-23 12:05:06,215] {logging_mixin.py:115} INFO - [2022-08-23 12:05:06,215] {dagbag.py:508} INFO - Filling up the DagBag from /home/airflow/.local/lib/python3.7/site-packages/airflow/example_dags/example_latest_only_with_trigger.py
[2022-08-23 12:05:06,225] {processor.py:651} INFO - DAG(s) dict_keys(['latest_only_with_trigger']) retrieved from /home/airflow/.local/lib/python3.7/site-packages/airflow/example_dags/example_latest_only_with_trigger.py
[2022-08-23 12:05:06,273] {logging_mixin.py:115} INFO - [2022-08-23 12:05:06,273] {dag.py:2420} INFO - Sync 1 DAGs
[2022-08-23 12:05:06,453] {logging_mixin.py:115} INFO - [2022-08-23 12:05:06,453] {dag.py:2972} INFO - Setting next_dagrun for latest_only_with_trigger to 2022-08-23T08:05:06.453511+00:00, run_after=2022-08-23T12:05:06.453511+00:00
[2022-08-23 12:05:06,475] {processor.py:161} INFO - Processing /home/airflow/.local/lib/python3.7/site-packages/airflow/example_dags/example_latest_only_with_trigger.py took 0.268 seconds
[2022-08-23 12:05:37,059] {processor.py:153} INFO - Started process (PID=741) to work on /home/airflow/.local/lib/python3.7/site-packages/airflow/example_dags/example_latest_only_with_trigger.py
[2022-08-23 12:05:37,059] {processor.py:641} INFO - Processing file /home/airflow/.local/lib/python3.7/site-packages/airflow/example_dags/example_latest_only_with_trigger.py for tasks to queue
[2022-08-23 12:05:37,060] {logging_mixin.py:115} INFO - [2022-08-23 12:05:37,060] {dagbag.py:508} INFO - Filling up the DagBag from /home/airflow/.local/lib/python3.7/site-packages/airflow/example_dags/example_latest_only_with_trigger.py
[2022-08-23 12:05:37,070] {processor.py:651} INFO - DAG(s) dict_keys(['latest_only_with_trigger']) retrieved from /home/airflow/.local/lib/python3.7/site-packages/airflow/example_dags/example_latest_only_with_trigger.py
[2022-08-23 12:05:37,119] {logging_mixin.py:115} INFO - [2022-08-23 12:05:37,118] {dag.py:2420} INFO - Sync 1 DAGs
[2022-08-23 12:05:37,454] {logging_mixin.py:115} INFO - [2022-08-23 12:05:37,453] {dag.py:2972} INFO - Setting next_dagrun for latest_only_with_trigger to 2022-08-23T08:05:37.453454+00:00, run_after=2022-08-23T12:05:37.453454+00:00
[2022-08-23 12:05:37,483] {processor.py:161} INFO - Processing /home/airflow/.local/lib/python3.7/site-packages/airflow/example_dags/example_latest_only_with_trigger.py took 0.427 seconds
[2022-08-23 12:06:07,635] {processor.py:153} INFO - Started process (PID=795) to work on /home/airflow/.local/lib/python3.7/site-packages/airflow/example_dags/example_latest_only_with_trigger.py
[2022-08-23 12:06:07,636] {processor.py:641} INFO - Processing file /home/airflow/.local/lib/python3.7/site-packages/airflow/example_dags/example_latest_only_with_trigger.py for tasks to queue
[2022-08-23 12:06:07,637] {logging_mixin.py:115} INFO - [2022-08-23 12:06:07,637] {dagbag.py:508} INFO - Filling up the DagBag from /home/airflow/.local/lib/python3.7/site-packages/airflow/example_dags/example_latest_only_with_trigger.py
[2022-08-23 12:06:07,645] {processor.py:651} INFO - DAG(s) dict_keys(['latest_only_with_trigger']) retrieved from /home/airflow/.local/lib/python3.7/site-packages/airflow/example_dags/example_latest_only_with_trigger.py
[2022-08-23 12:06:07,683] {logging_mixin.py:115} INFO - [2022-08-23 12:06:07,683] {dag.py:2420} INFO - Sync 1 DAGs
[2022-08-23 12:06:07,879] {logging_mixin.py:115} INFO - [2022-08-23 12:06:07,879] {dag.py:2972} INFO - Setting next_dagrun for latest_only_with_trigger to 2022-08-23T08:06:07.879274+00:00, run_after=2022-08-23T12:06:07.879274+00:00
[2022-08-23 12:06:07,890] {processor.py:161} INFO - Processing /home/airflow/.local/lib/python3.7/site-packages/airflow/example_dags/example_latest_only_with_trigger.py took 0.261 seconds
[2022-08-23 12:06:38,131] {processor.py:153} INFO - Started process (PID=856) to work on /home/airflow/.local/lib/python3.7/site-packages/airflow/example_dags/example_latest_only_with_trigger.py
[2022-08-23 12:06:38,136] {processor.py:641} INFO - Processing file /home/airflow/.local/lib/python3.7/site-packages/airflow/example_dags/example_latest_only_with_trigger.py for tasks to queue
[2022-08-23 12:06:38,137] {logging_mixin.py:115} INFO - [2022-08-23 12:06:38,137] {dagbag.py:508} INFO - Filling up the DagBag from /home/airflow/.local/lib/python3.7/site-packages/airflow/example_dags/example_latest_only_with_trigger.py
[2022-08-23 12:06:38,150] {processor.py:651} INFO - DAG(s) dict_keys(['latest_only_with_trigger']) retrieved from /home/airflow/.local/lib/python3.7/site-packages/airflow/example_dags/example_latest_only_with_trigger.py
[2022-08-23 12:06:38,191] {logging_mixin.py:115} INFO - [2022-08-23 12:06:38,191] {dag.py:2420} INFO - Sync 1 DAGs
[2022-08-23 12:06:38,369] {logging_mixin.py:115} INFO - [2022-08-23 12:06:38,369] {dag.py:2972} INFO - Setting next_dagrun for latest_only_with_trigger to 2022-08-23T08:06:38.368906+00:00, run_after=2022-08-23T12:06:38.368906+00:00
[2022-08-23 12:06:38,382] {processor.py:161} INFO - Processing /home/airflow/.local/lib/python3.7/site-packages/airflow/example_dags/example_latest_only_with_trigger.py took 0.256 seconds
[2022-08-23 12:07:08,555] {processor.py:153} INFO - Started process (PID=908) to work on /home/airflow/.local/lib/python3.7/site-packages/airflow/example_dags/example_latest_only_with_trigger.py
[2022-08-23 12:07:08,566] {processor.py:641} INFO - Processing file /home/airflow/.local/lib/python3.7/site-packages/airflow/example_dags/example_latest_only_with_trigger.py for tasks to queue
[2022-08-23 12:07:08,566] {logging_mixin.py:115} INFO - [2022-08-23 12:07:08,566] {dagbag.py:508} INFO - Filling up the DagBag from /home/airflow/.local/lib/python3.7/site-packages/airflow/example_dags/example_latest_only_with_trigger.py
[2022-08-23 12:07:08,572] {processor.py:651} INFO - DAG(s) dict_keys(['latest_only_with_trigger']) retrieved from /home/airflow/.local/lib/python3.7/site-packages/airflow/example_dags/example_latest_only_with_trigger.py
[2022-08-23 12:07:08,602] {logging_mixin.py:115} INFO - [2022-08-23 12:07:08,602] {dag.py:2420} INFO - Sync 1 DAGs
[2022-08-23 12:07:08,766] {logging_mixin.py:115} INFO - [2022-08-23 12:07:08,766] {dag.py:2972} INFO - Setting next_dagrun for latest_only_with_trigger to 2022-08-23T08:07:08.766215+00:00, run_after=2022-08-23T12:07:08.766215+00:00
[2022-08-23 12:07:08,777] {processor.py:161} INFO - Processing /home/airflow/.local/lib/python3.7/site-packages/airflow/example_dags/example_latest_only_with_trigger.py took 0.226 seconds
[2022-08-23 12:07:38,849] {processor.py:153} INFO - Started process (PID=969) to work on /home/airflow/.local/lib/python3.7/site-packages/airflow/example_dags/example_latest_only_with_trigger.py
[2022-08-23 12:07:38,850] {processor.py:641} INFO - Processing file /home/airflow/.local/lib/python3.7/site-packages/airflow/example_dags/example_latest_only_with_trigger.py for tasks to queue
[2022-08-23 12:07:38,851] {logging_mixin.py:115} INFO - [2022-08-23 12:07:38,850] {dagbag.py:508} INFO - Filling up the DagBag from /home/airflow/.local/lib/python3.7/site-packages/airflow/example_dags/example_latest_only_with_trigger.py
[2022-08-23 12:07:38,858] {processor.py:651} INFO - DAG(s) dict_keys(['latest_only_with_trigger']) retrieved from /home/airflow/.local/lib/python3.7/site-packages/airflow/example_dags/example_latest_only_with_trigger.py
[2022-08-23 12:07:38,904] {logging_mixin.py:115} INFO - [2022-08-23 12:07:38,904] {dag.py:2420} INFO - Sync 1 DAGs
[2022-08-23 12:07:39,087] {logging_mixin.py:115} INFO - [2022-08-23 12:07:39,086] {dag.py:2972} INFO - Setting next_dagrun for latest_only_with_trigger to 2022-08-23T08:07:39.086823+00:00, run_after=2022-08-23T12:07:39.086823+00:00
[2022-08-23 12:07:39,108] {processor.py:161} INFO - Processing /home/airflow/.local/lib/python3.7/site-packages/airflow/example_dags/example_latest_only_with_trigger.py took 0.262 seconds
[2022-08-23 12:08:09,138] {processor.py:153} INFO - Started process (PID=1030) to work on /home/airflow/.local/lib/python3.7/site-packages/airflow/example_dags/example_latest_only_with_trigger.py
[2022-08-23 12:08:09,138] {processor.py:641} INFO - Processing file /home/airflow/.local/lib/python3.7/site-packages/airflow/example_dags/example_latest_only_with_trigger.py for tasks to queue
[2022-08-23 12:08:09,139] {logging_mixin.py:115} INFO - [2022-08-23 12:08:09,139] {dagbag.py:508} INFO - Filling up the DagBag from /home/airflow/.local/lib/python3.7/site-packages/airflow/example_dags/example_latest_only_with_trigger.py
[2022-08-23 12:08:09,144] {processor.py:651} INFO - DAG(s) dict_keys(['latest_only_with_trigger']) retrieved from /home/airflow/.local/lib/python3.7/site-packages/airflow/example_dags/example_latest_only_with_trigger.py
[2022-08-23 12:08:09,177] {logging_mixin.py:115} INFO - [2022-08-23 12:08:09,177] {dag.py:2420} INFO - Sync 1 DAGs
[2022-08-23 12:08:09,399] {logging_mixin.py:115} INFO - [2022-08-23 12:08:09,399] {dag.py:2972} INFO - Setting next_dagrun for latest_only_with_trigger to 2022-08-23T08:08:09.399146+00:00, run_after=2022-08-23T12:08:09.399146+00:00
[2022-08-23 12:08:09,420] {processor.py:161} INFO - Processing /home/airflow/.local/lib/python3.7/site-packages/airflow/example_dags/example_latest_only_with_trigger.py took 0.286 seconds
[2022-08-23 12:08:39,494] {processor.py:153} INFO - Started process (PID=1082) to work on /home/airflow/.local/lib/python3.7/site-packages/airflow/example_dags/example_latest_only_with_trigger.py
[2022-08-23 12:08:39,495] {processor.py:641} INFO - Processing file /home/airflow/.local/lib/python3.7/site-packages/airflow/example_dags/example_latest_only_with_trigger.py for tasks to queue
[2022-08-23 12:08:39,496] {logging_mixin.py:115} INFO - [2022-08-23 12:08:39,496] {dagbag.py:508} INFO - Filling up the DagBag from /home/airflow/.local/lib/python3.7/site-packages/airflow/example_dags/example_latest_only_with_trigger.py
[2022-08-23 12:08:39,504] {processor.py:651} INFO - DAG(s) dict_keys(['latest_only_with_trigger']) retrieved from /home/airflow/.local/lib/python3.7/site-packages/airflow/example_dags/example_latest_only_with_trigger.py
[2022-08-23 12:08:39,538] {logging_mixin.py:115} INFO - [2022-08-23 12:08:39,538] {dag.py:2420} INFO - Sync 1 DAGs
[2022-08-23 12:08:39,716] {logging_mixin.py:115} INFO - [2022-08-23 12:08:39,716] {dag.py:2972} INFO - Setting next_dagrun for latest_only_with_trigger to 2022-08-23T08:08:39.716308+00:00, run_after=2022-08-23T12:08:39.716308+00:00
[2022-08-23 12:08:39,735] {processor.py:161} INFO - Processing /home/airflow/.local/lib/python3.7/site-packages/airflow/example_dags/example_latest_only_with_trigger.py took 0.245 seconds
[2022-08-23 12:09:10,186] {processor.py:153} INFO - Started process (PID=1143) to work on /home/airflow/.local/lib/python3.7/site-packages/airflow/example_dags/example_latest_only_with_trigger.py
[2022-08-23 12:09:10,187] {processor.py:641} INFO - Processing file /home/airflow/.local/lib/python3.7/site-packages/airflow/example_dags/example_latest_only_with_trigger.py for tasks to queue
[2022-08-23 12:09:10,187] {logging_mixin.py:115} INFO - [2022-08-23 12:09:10,187] {dagbag.py:508} INFO - Filling up the DagBag from /home/airflow/.local/lib/python3.7/site-packages/airflow/example_dags/example_latest_only_with_trigger.py
[2022-08-23 12:09:10,191] {processor.py:651} INFO - DAG(s) dict_keys(['latest_only_with_trigger']) retrieved from /home/airflow/.local/lib/python3.7/site-packages/airflow/example_dags/example_latest_only_with_trigger.py
[2022-08-23 12:09:10,220] {logging_mixin.py:115} INFO - [2022-08-23 12:09:10,219] {dag.py:2420} INFO - Sync 1 DAGs
[2022-08-23 12:09:10,365] {logging_mixin.py:115} INFO - [2022-08-23 12:09:10,365] {dag.py:2972} INFO - Setting next_dagrun for latest_only_with_trigger to 2022-08-23T08:09:10.364883+00:00, run_after=2022-08-23T12:09:10.364883+00:00
[2022-08-23 12:09:10,376] {processor.py:161} INFO - Processing /home/airflow/.local/lib/python3.7/site-packages/airflow/example_dags/example_latest_only_with_trigger.py took 0.192 seconds
[2022-08-23 12:09:40,581] {processor.py:153} INFO - Started process (PID=1195) to work on /home/airflow/.local/lib/python3.7/site-packages/airflow/example_dags/example_latest_only_with_trigger.py
[2022-08-23 12:09:40,582] {processor.py:641} INFO - Processing file /home/airflow/.local/lib/python3.7/site-packages/airflow/example_dags/example_latest_only_with_trigger.py for tasks to queue
[2022-08-23 12:09:40,583] {logging_mixin.py:115} INFO - [2022-08-23 12:09:40,583] {dagbag.py:508} INFO - Filling up the DagBag from /home/airflow/.local/lib/python3.7/site-packages/airflow/example_dags/example_latest_only_with_trigger.py
[2022-08-23 12:09:40,593] {processor.py:651} INFO - DAG(s) dict_keys(['latest_only_with_trigger']) retrieved from /home/airflow/.local/lib/python3.7/site-packages/airflow/example_dags/example_latest_only_with_trigger.py
[2022-08-23 12:09:40,624] {logging_mixin.py:115} INFO - [2022-08-23 12:09:40,624] {dag.py:2420} INFO - Sync 1 DAGs
[2022-08-23 12:09:40,771] {logging_mixin.py:115} INFO - [2022-08-23 12:09:40,771] {dag.py:2972} INFO - Setting next_dagrun for latest_only_with_trigger to 2022-08-23T08:09:40.771696+00:00, run_after=2022-08-23T12:09:40.771696+00:00
[2022-08-23 12:09:40,794] {processor.py:161} INFO - Processing /home/airflow/.local/lib/python3.7/site-packages/airflow/example_dags/example_latest_only_with_trigger.py took 0.216 seconds
[2022-08-23 12:10:10,938] {processor.py:153} INFO - Started process (PID=1256) to work on /home/airflow/.local/lib/python3.7/site-packages/airflow/example_dags/example_latest_only_with_trigger.py
[2022-08-23 12:10:10,938] {processor.py:641} INFO - Processing file /home/airflow/.local/lib/python3.7/site-packages/airflow/example_dags/example_latest_only_with_trigger.py for tasks to queue
[2022-08-23 12:10:10,939] {logging_mixin.py:115} INFO - [2022-08-23 12:10:10,939] {dagbag.py:508} INFO - Filling up the DagBag from /home/airflow/.local/lib/python3.7/site-packages/airflow/example_dags/example_latest_only_with_trigger.py
[2022-08-23 12:10:10,943] {processor.py:651} INFO - DAG(s) dict_keys(['latest_only_with_trigger']) retrieved from /home/airflow/.local/lib/python3.7/site-packages/airflow/example_dags/example_latest_only_with_trigger.py
[2022-08-23 12:10:10,969] {logging_mixin.py:115} INFO - [2022-08-23 12:10:10,969] {dag.py:2420} INFO - Sync 1 DAGs
[2022-08-23 12:10:11,111] {logging_mixin.py:115} INFO - [2022-08-23 12:10:11,110] {dag.py:2972} INFO - Setting next_dagrun for latest_only_with_trigger to 2022-08-23T08:10:11.110781+00:00, run_after=2022-08-23T12:10:11.110781+00:00
[2022-08-23 12:10:11,131] {processor.py:161} INFO - Processing /home/airflow/.local/lib/python3.7/site-packages/airflow/example_dags/example_latest_only_with_trigger.py took 0.196 seconds
[2022-08-23 12:10:41,512] {processor.py:153} INFO - Started process (PID=1317) to work on /home/airflow/.local/lib/python3.7/site-packages/airflow/example_dags/example_latest_only_with_trigger.py
[2022-08-23 12:10:41,513] {processor.py:641} INFO - Processing file /home/airflow/.local/lib/python3.7/site-packages/airflow/example_dags/example_latest_only_with_trigger.py for tasks to queue
[2022-08-23 12:10:41,514] {logging_mixin.py:115} INFO - [2022-08-23 12:10:41,514] {dagbag.py:508} INFO - Filling up the DagBag from /home/airflow/.local/lib/python3.7/site-packages/airflow/example_dags/example_latest_only_with_trigger.py
[2022-08-23 12:10:41,519] {processor.py:651} INFO - DAG(s) dict_keys(['latest_only_with_trigger']) retrieved from /home/airflow/.local/lib/python3.7/site-packages/airflow/example_dags/example_latest_only_with_trigger.py
[2022-08-23 12:10:41,546] {logging_mixin.py:115} INFO - [2022-08-23 12:10:41,545] {dag.py:2420} INFO - Sync 1 DAGs
[2022-08-23 12:10:41,711] {logging_mixin.py:115} INFO - [2022-08-23 12:10:41,711] {dag.py:2972} INFO - Setting next_dagrun for latest_only_with_trigger to 2022-08-23T08:10:41.711343+00:00, run_after=2022-08-23T12:10:41.711343+00:00
[2022-08-23 12:10:41,734] {processor.py:161} INFO - Processing /home/airflow/.local/lib/python3.7/site-packages/airflow/example_dags/example_latest_only_with_trigger.py took 0.227 seconds
[2022-08-23 12:11:12,414] {processor.py:153} INFO - Started process (PID=1369) to work on /home/airflow/.local/lib/python3.7/site-packages/airflow/example_dags/example_latest_only_with_trigger.py
[2022-08-23 12:11:12,414] {processor.py:641} INFO - Processing file /home/airflow/.local/lib/python3.7/site-packages/airflow/example_dags/example_latest_only_with_trigger.py for tasks to queue
[2022-08-23 12:11:12,415] {logging_mixin.py:115} INFO - [2022-08-23 12:11:12,415] {dagbag.py:508} INFO - Filling up the DagBag from /home/airflow/.local/lib/python3.7/site-packages/airflow/example_dags/example_latest_only_with_trigger.py
[2022-08-23 12:11:12,441] {processor.py:651} INFO - DAG(s) dict_keys(['latest_only_with_trigger']) retrieved from /home/airflow/.local/lib/python3.7/site-packages/airflow/example_dags/example_latest_only_with_trigger.py
[2022-08-23 12:11:12,470] {logging_mixin.py:115} INFO - [2022-08-23 12:11:12,470] {dag.py:2420} INFO - Sync 1 DAGs
[2022-08-23 12:11:12,660] {logging_mixin.py:115} INFO - [2022-08-23 12:11:12,659] {dag.py:2972} INFO - Setting next_dagrun for latest_only_with_trigger to 2022-08-23T08:11:12.659746+00:00, run_after=2022-08-23T12:11:12.659746+00:00
[2022-08-23 12:11:12,672] {processor.py:161} INFO - Processing /home/airflow/.local/lib/python3.7/site-packages/airflow/example_dags/example_latest_only_with_trigger.py took 0.271 seconds
[2022-08-23 12:11:42,710] {processor.py:153} INFO - Started process (PID=1429) to work on /home/airflow/.local/lib/python3.7/site-packages/airflow/example_dags/example_latest_only_with_trigger.py
[2022-08-23 12:11:42,710] {processor.py:641} INFO - Processing file /home/airflow/.local/lib/python3.7/site-packages/airflow/example_dags/example_latest_only_with_trigger.py for tasks to queue
[2022-08-23 12:11:42,711] {logging_mixin.py:115} INFO - [2022-08-23 12:11:42,711] {dagbag.py:508} INFO - Filling up the DagBag from /home/airflow/.local/lib/python3.7/site-packages/airflow/example_dags/example_latest_only_with_trigger.py
[2022-08-23 12:11:42,717] {processor.py:651} INFO - DAG(s) dict_keys(['latest_only_with_trigger']) retrieved from /home/airflow/.local/lib/python3.7/site-packages/airflow/example_dags/example_latest_only_with_trigger.py
[2022-08-23 12:11:42,746] {logging_mixin.py:115} INFO - [2022-08-23 12:11:42,746] {dag.py:2420} INFO - Sync 1 DAGs
[2022-08-23 12:11:42,906] {logging_mixin.py:115} INFO - [2022-08-23 12:11:42,906] {dag.py:2972} INFO - Setting next_dagrun for latest_only_with_trigger to 2022-08-23T08:11:42.906729+00:00, run_after=2022-08-23T12:11:42.906729+00:00
[2022-08-23 12:11:42,918] {processor.py:161} INFO - Processing /home/airflow/.local/lib/python3.7/site-packages/airflow/example_dags/example_latest_only_with_trigger.py took 0.211 seconds
[2022-08-23 12:12:13,357] {processor.py:153} INFO - Started process (PID=1491) to work on /home/airflow/.local/lib/python3.7/site-packages/airflow/example_dags/example_latest_only_with_trigger.py
[2022-08-23 12:12:13,357] {processor.py:641} INFO - Processing file /home/airflow/.local/lib/python3.7/site-packages/airflow/example_dags/example_latest_only_with_trigger.py for tasks to queue
[2022-08-23 12:12:13,358] {logging_mixin.py:115} INFO - [2022-08-23 12:12:13,358] {dagbag.py:508} INFO - Filling up the DagBag from /home/airflow/.local/lib/python3.7/site-packages/airflow/example_dags/example_latest_only_with_trigger.py
[2022-08-23 12:12:13,364] {processor.py:651} INFO - DAG(s) dict_keys(['latest_only_with_trigger']) retrieved from /home/airflow/.local/lib/python3.7/site-packages/airflow/example_dags/example_latest_only_with_trigger.py
[2022-08-23 12:12:13,395] {logging_mixin.py:115} INFO - [2022-08-23 12:12:13,395] {dag.py:2420} INFO - Sync 1 DAGs
[2022-08-23 12:12:13,560] {logging_mixin.py:115} INFO - [2022-08-23 12:12:13,560] {dag.py:2972} INFO - Setting next_dagrun for latest_only_with_trigger to 2022-08-23T08:12:13.559953+00:00, run_after=2022-08-23T12:12:13.559953+00:00
[2022-08-23 12:12:13,575] {processor.py:161} INFO - Processing /home/airflow/.local/lib/python3.7/site-packages/airflow/example_dags/example_latest_only_with_trigger.py took 0.222 seconds
[2022-08-23 12:12:43,778] {processor.py:153} INFO - Started process (PID=1543) to work on /home/airflow/.local/lib/python3.7/site-packages/airflow/example_dags/example_latest_only_with_trigger.py
[2022-08-23 12:12:43,779] {processor.py:641} INFO - Processing file /home/airflow/.local/lib/python3.7/site-packages/airflow/example_dags/example_latest_only_with_trigger.py for tasks to queue
[2022-08-23 12:12:43,779] {logging_mixin.py:115} INFO - [2022-08-23 12:12:43,779] {dagbag.py:508} INFO - Filling up the DagBag from /home/airflow/.local/lib/python3.7/site-packages/airflow/example_dags/example_latest_only_with_trigger.py
[2022-08-23 12:12:43,783] {processor.py:651} INFO - DAG(s) dict_keys(['latest_only_with_trigger']) retrieved from /home/airflow/.local/lib/python3.7/site-packages/airflow/example_dags/example_latest_only_with_trigger.py
[2022-08-23 12:12:43,807] {logging_mixin.py:115} INFO - [2022-08-23 12:12:43,807] {dag.py:2420} INFO - Sync 1 DAGs
[2022-08-23 12:12:43,953] {logging_mixin.py:115} INFO - [2022-08-23 12:12:43,953] {dag.py:2972} INFO - Setting next_dagrun for latest_only_with_trigger to 2022-08-23T08:12:43.952865+00:00, run_after=2022-08-23T12:12:43.952865+00:00
[2022-08-23 12:12:43,966] {processor.py:161} INFO - Processing /home/airflow/.local/lib/python3.7/site-packages/airflow/example_dags/example_latest_only_with_trigger.py took 0.191 seconds
[2022-08-23 12:13:14,340] {processor.py:153} INFO - Started process (PID=1604) to work on /home/airflow/.local/lib/python3.7/site-packages/airflow/example_dags/example_latest_only_with_trigger.py
[2022-08-23 12:13:14,340] {processor.py:641} INFO - Processing file /home/airflow/.local/lib/python3.7/site-packages/airflow/example_dags/example_latest_only_with_trigger.py for tasks to queue
[2022-08-23 12:13:14,341] {logging_mixin.py:115} INFO - [2022-08-23 12:13:14,341] {dagbag.py:508} INFO - Filling up the DagBag from /home/airflow/.local/lib/python3.7/site-packages/airflow/example_dags/example_latest_only_with_trigger.py
[2022-08-23 12:13:14,346] {processor.py:651} INFO - DAG(s) dict_keys(['latest_only_with_trigger']) retrieved from /home/airflow/.local/lib/python3.7/site-packages/airflow/example_dags/example_latest_only_with_trigger.py
[2022-08-23 12:13:14,379] {logging_mixin.py:115} INFO - [2022-08-23 12:13:14,379] {dag.py:2420} INFO - Sync 1 DAGs
[2022-08-23 12:13:14,546] {logging_mixin.py:115} INFO - [2022-08-23 12:13:14,546] {dag.py:2972} INFO - Setting next_dagrun for latest_only_with_trigger to 2022-08-23T08:13:14.546182+00:00, run_after=2022-08-23T12:13:14.546182+00:00
[2022-08-23 12:13:14,556] {processor.py:161} INFO - Processing /home/airflow/.local/lib/python3.7/site-packages/airflow/example_dags/example_latest_only_with_trigger.py took 0.219 seconds
[2022-08-23 12:13:45,482] {processor.py:153} INFO - Started process (PID=1665) to work on /home/airflow/.local/lib/python3.7/site-packages/airflow/example_dags/example_latest_only_with_trigger.py
[2022-08-23 12:13:45,483] {processor.py:641} INFO - Processing file /home/airflow/.local/lib/python3.7/site-packages/airflow/example_dags/example_latest_only_with_trigger.py for tasks to queue
[2022-08-23 12:13:45,483] {logging_mixin.py:115} INFO - [2022-08-23 12:13:45,483] {dagbag.py:508} INFO - Filling up the DagBag from /home/airflow/.local/lib/python3.7/site-packages/airflow/example_dags/example_latest_only_with_trigger.py
[2022-08-23 12:13:45,488] {processor.py:651} INFO - DAG(s) dict_keys(['latest_only_with_trigger']) retrieved from /home/airflow/.local/lib/python3.7/site-packages/airflow/example_dags/example_latest_only_with_trigger.py
[2022-08-23 12:13:45,519] {logging_mixin.py:115} INFO - [2022-08-23 12:13:45,519] {dag.py:2420} INFO - Sync 1 DAGs
[2022-08-23 12:13:45,702] {logging_mixin.py:115} INFO - [2022-08-23 12:13:45,701] {dag.py:2972} INFO - Setting next_dagrun for latest_only_with_trigger to 2022-08-23T08:13:45.701479+00:00, run_after=2022-08-23T12:13:45.701479+00:00
[2022-08-23 12:13:45,725] {processor.py:161} INFO - Processing /home/airflow/.local/lib/python3.7/site-packages/airflow/example_dags/example_latest_only_with_trigger.py took 0.245 seconds
