[2022-08-23 11:59:27,043] {processor.py:153} INFO - Started process (PID=47) to work on /home/airflow/.local/lib/python3.7/site-packages/airflow/example_dags/example_trigger_target_dag.py
[2022-08-23 11:59:27,043] {processor.py:641} INFO - Processing file /home/airflow/.local/lib/python3.7/site-packages/airflow/example_dags/example_trigger_target_dag.py for tasks to queue
[2022-08-23 11:59:27,043] {logging_mixin.py:115} INFO - [2022-08-23 11:59:27,043] {dagbag.py:508} INFO - Filling up the DagBag from /home/airflow/.local/lib/python3.7/site-packages/airflow/example_dags/example_trigger_target_dag.py
[2022-08-23 11:59:27,055] {processor.py:651} INFO - DAG(s) dict_keys(['example_trigger_target_dag']) retrieved from /home/airflow/.local/lib/python3.7/site-packages/airflow/example_dags/example_trigger_target_dag.py
[2022-08-23 11:59:27,199] {logging_mixin.py:115} INFO - [2022-08-23 11:59:27,198] {dag.py:2420} INFO - Sync 1 DAGs
[2022-08-23 11:59:27,214] {logging_mixin.py:115} INFO - [2022-08-23 11:59:27,214] {dag.py:2972} INFO - Setting next_dagrun for example_trigger_target_dag to None, run_after=None
[2022-08-23 11:59:27,223] {processor.py:161} INFO - Processing /home/airflow/.local/lib/python3.7/site-packages/airflow/example_dags/example_trigger_target_dag.py took 0.183 seconds
[2022-08-23 11:59:57,493] {processor.py:153} INFO - Started process (PID=108) to work on /home/airflow/.local/lib/python3.7/site-packages/airflow/example_dags/example_trigger_target_dag.py
[2022-08-23 11:59:57,493] {processor.py:641} INFO - Processing file /home/airflow/.local/lib/python3.7/site-packages/airflow/example_dags/example_trigger_target_dag.py for tasks to queue
[2022-08-23 11:59:57,494] {logging_mixin.py:115} INFO - [2022-08-23 11:59:57,494] {dagbag.py:508} INFO - Filling up the DagBag from /home/airflow/.local/lib/python3.7/site-packages/airflow/example_dags/example_trigger_target_dag.py
[2022-08-23 11:59:57,504] {processor.py:651} INFO - DAG(s) dict_keys(['example_trigger_target_dag']) retrieved from /home/airflow/.local/lib/python3.7/site-packages/airflow/example_dags/example_trigger_target_dag.py
[2022-08-23 11:59:57,647] {logging_mixin.py:115} INFO - [2022-08-23 11:59:57,647] {dag.py:2420} INFO - Sync 1 DAGs
[2022-08-23 11:59:57,662] {logging_mixin.py:115} INFO - [2022-08-23 11:59:57,662] {dag.py:2972} INFO - Setting next_dagrun for example_trigger_target_dag to None, run_after=None
[2022-08-23 11:59:57,678] {processor.py:161} INFO - Processing /home/airflow/.local/lib/python3.7/site-packages/airflow/example_dags/example_trigger_target_dag.py took 0.187 seconds
[2022-08-23 12:00:28,448] {processor.py:153} INFO - Started process (PID=169) to work on /home/airflow/.local/lib/python3.7/site-packages/airflow/example_dags/example_trigger_target_dag.py
[2022-08-23 12:00:28,448] {processor.py:641} INFO - Processing file /home/airflow/.local/lib/python3.7/site-packages/airflow/example_dags/example_trigger_target_dag.py for tasks to queue
[2022-08-23 12:00:28,449] {logging_mixin.py:115} INFO - [2022-08-23 12:00:28,449] {dagbag.py:508} INFO - Filling up the DagBag from /home/airflow/.local/lib/python3.7/site-packages/airflow/example_dags/example_trigger_target_dag.py
[2022-08-23 12:00:28,468] {processor.py:651} INFO - DAG(s) dict_keys(['example_trigger_target_dag']) retrieved from /home/airflow/.local/lib/python3.7/site-packages/airflow/example_dags/example_trigger_target_dag.py
[2022-08-23 12:00:28,711] {logging_mixin.py:115} INFO - [2022-08-23 12:00:28,711] {dag.py:2420} INFO - Sync 1 DAGs
[2022-08-23 12:00:28,731] {logging_mixin.py:115} INFO - [2022-08-23 12:00:28,731] {dag.py:2972} INFO - Setting next_dagrun for example_trigger_target_dag to None, run_after=None
[2022-08-23 12:00:28,743] {processor.py:161} INFO - Processing /home/airflow/.local/lib/python3.7/site-packages/airflow/example_dags/example_trigger_target_dag.py took 0.298 seconds
[2022-08-23 12:00:59,083] {processor.py:153} INFO - Started process (PID=221) to work on /home/airflow/.local/lib/python3.7/site-packages/airflow/example_dags/example_trigger_target_dag.py
[2022-08-23 12:00:59,084] {processor.py:641} INFO - Processing file /home/airflow/.local/lib/python3.7/site-packages/airflow/example_dags/example_trigger_target_dag.py for tasks to queue
[2022-08-23 12:00:59,085] {logging_mixin.py:115} INFO - [2022-08-23 12:00:59,085] {dagbag.py:508} INFO - Filling up the DagBag from /home/airflow/.local/lib/python3.7/site-packages/airflow/example_dags/example_trigger_target_dag.py
[2022-08-23 12:00:59,106] {processor.py:651} INFO - DAG(s) dict_keys(['example_trigger_target_dag']) retrieved from /home/airflow/.local/lib/python3.7/site-packages/airflow/example_dags/example_trigger_target_dag.py
[2022-08-23 12:00:59,230] {logging_mixin.py:115} INFO - [2022-08-23 12:00:59,230] {dag.py:2420} INFO - Sync 1 DAGs
[2022-08-23 12:00:59,246] {logging_mixin.py:115} INFO - [2022-08-23 12:00:59,246] {dag.py:2972} INFO - Setting next_dagrun for example_trigger_target_dag to None, run_after=None
[2022-08-23 12:00:59,265] {processor.py:161} INFO - Processing /home/airflow/.local/lib/python3.7/site-packages/airflow/example_dags/example_trigger_target_dag.py took 0.185 seconds
[2022-08-23 12:01:30,128] {processor.py:153} INFO - Started process (PID=282) to work on /home/airflow/.local/lib/python3.7/site-packages/airflow/example_dags/example_trigger_target_dag.py
[2022-08-23 12:01:30,128] {processor.py:641} INFO - Processing file /home/airflow/.local/lib/python3.7/site-packages/airflow/example_dags/example_trigger_target_dag.py for tasks to queue
[2022-08-23 12:01:30,129] {logging_mixin.py:115} INFO - [2022-08-23 12:01:30,129] {dagbag.py:508} INFO - Filling up the DagBag from /home/airflow/.local/lib/python3.7/site-packages/airflow/example_dags/example_trigger_target_dag.py
[2022-08-23 12:01:30,145] {processor.py:651} INFO - DAG(s) dict_keys(['example_trigger_target_dag']) retrieved from /home/airflow/.local/lib/python3.7/site-packages/airflow/example_dags/example_trigger_target_dag.py
[2022-08-23 12:01:30,330] {logging_mixin.py:115} INFO - [2022-08-23 12:01:30,330] {dag.py:2420} INFO - Sync 1 DAGs
[2022-08-23 12:01:30,349] {logging_mixin.py:115} INFO - [2022-08-23 12:01:30,349] {dag.py:2972} INFO - Setting next_dagrun for example_trigger_target_dag to None, run_after=None
[2022-08-23 12:01:30,365] {processor.py:161} INFO - Processing /home/airflow/.local/lib/python3.7/site-packages/airflow/example_dags/example_trigger_target_dag.py took 0.239 seconds
[2022-08-23 12:02:01,854] {processor.py:153} INFO - Started process (PID=334) to work on /home/airflow/.local/lib/python3.7/site-packages/airflow/example_dags/example_trigger_target_dag.py
[2022-08-23 12:02:01,856] {processor.py:641} INFO - Processing file /home/airflow/.local/lib/python3.7/site-packages/airflow/example_dags/example_trigger_target_dag.py for tasks to queue
[2022-08-23 12:02:01,858] {logging_mixin.py:115} INFO - [2022-08-23 12:02:01,857] {dagbag.py:508} INFO - Filling up the DagBag from /home/airflow/.local/lib/python3.7/site-packages/airflow/example_dags/example_trigger_target_dag.py
[2022-08-23 12:02:01,914] {processor.py:651} INFO - DAG(s) dict_keys(['example_trigger_target_dag']) retrieved from /home/airflow/.local/lib/python3.7/site-packages/airflow/example_dags/example_trigger_target_dag.py
[2022-08-23 12:02:02,295] {logging_mixin.py:115} INFO - [2022-08-23 12:02:02,295] {dag.py:2420} INFO - Sync 1 DAGs
[2022-08-23 12:02:02,332] {logging_mixin.py:115} INFO - [2022-08-23 12:02:02,332] {dag.py:2972} INFO - Setting next_dagrun for example_trigger_target_dag to None, run_after=None
[2022-08-23 12:02:02,364] {processor.py:161} INFO - Processing /home/airflow/.local/lib/python3.7/site-packages/airflow/example_dags/example_trigger_target_dag.py took 0.523 seconds
[2022-08-23 12:02:32,570] {processor.py:153} INFO - Started process (PID=394) to work on /home/airflow/.local/lib/python3.7/site-packages/airflow/example_dags/example_trigger_target_dag.py
[2022-08-23 12:02:32,570] {processor.py:641} INFO - Processing file /home/airflow/.local/lib/python3.7/site-packages/airflow/example_dags/example_trigger_target_dag.py for tasks to queue
[2022-08-23 12:02:32,571] {logging_mixin.py:115} INFO - [2022-08-23 12:02:32,571] {dagbag.py:508} INFO - Filling up the DagBag from /home/airflow/.local/lib/python3.7/site-packages/airflow/example_dags/example_trigger_target_dag.py
[2022-08-23 12:02:32,587] {processor.py:651} INFO - DAG(s) dict_keys(['example_trigger_target_dag']) retrieved from /home/airflow/.local/lib/python3.7/site-packages/airflow/example_dags/example_trigger_target_dag.py
[2022-08-23 12:02:32,734] {logging_mixin.py:115} INFO - [2022-08-23 12:02:32,734] {dag.py:2420} INFO - Sync 1 DAGs
[2022-08-23 12:02:32,753] {logging_mixin.py:115} INFO - [2022-08-23 12:02:32,753] {dag.py:2972} INFO - Setting next_dagrun for example_trigger_target_dag to None, run_after=None
[2022-08-23 12:02:32,762] {processor.py:161} INFO - Processing /home/airflow/.local/lib/python3.7/site-packages/airflow/example_dags/example_trigger_target_dag.py took 0.195 seconds
[2022-08-23 12:03:02,855] {processor.py:153} INFO - Started process (PID=446) to work on /home/airflow/.local/lib/python3.7/site-packages/airflow/example_dags/example_trigger_target_dag.py
[2022-08-23 12:03:02,855] {processor.py:641} INFO - Processing file /home/airflow/.local/lib/python3.7/site-packages/airflow/example_dags/example_trigger_target_dag.py for tasks to queue
[2022-08-23 12:03:02,856] {logging_mixin.py:115} INFO - [2022-08-23 12:03:02,856] {dagbag.py:508} INFO - Filling up the DagBag from /home/airflow/.local/lib/python3.7/site-packages/airflow/example_dags/example_trigger_target_dag.py
[2022-08-23 12:03:02,873] {processor.py:651} INFO - DAG(s) dict_keys(['example_trigger_target_dag']) retrieved from /home/airflow/.local/lib/python3.7/site-packages/airflow/example_dags/example_trigger_target_dag.py
[2022-08-23 12:03:03,021] {logging_mixin.py:115} INFO - [2022-08-23 12:03:03,021] {dag.py:2420} INFO - Sync 1 DAGs
[2022-08-23 12:03:03,040] {logging_mixin.py:115} INFO - [2022-08-23 12:03:03,040] {dag.py:2972} INFO - Setting next_dagrun for example_trigger_target_dag to None, run_after=None
[2022-08-23 12:03:03,050] {processor.py:161} INFO - Processing /home/airflow/.local/lib/python3.7/site-packages/airflow/example_dags/example_trigger_target_dag.py took 0.199 seconds
[2022-08-23 12:03:33,410] {processor.py:153} INFO - Started process (PID=507) to work on /home/airflow/.local/lib/python3.7/site-packages/airflow/example_dags/example_trigger_target_dag.py
[2022-08-23 12:03:33,411] {processor.py:641} INFO - Processing file /home/airflow/.local/lib/python3.7/site-packages/airflow/example_dags/example_trigger_target_dag.py for tasks to queue
[2022-08-23 12:03:33,411] {logging_mixin.py:115} INFO - [2022-08-23 12:03:33,411] {dagbag.py:508} INFO - Filling up the DagBag from /home/airflow/.local/lib/python3.7/site-packages/airflow/example_dags/example_trigger_target_dag.py
[2022-08-23 12:03:33,429] {processor.py:651} INFO - DAG(s) dict_keys(['example_trigger_target_dag']) retrieved from /home/airflow/.local/lib/python3.7/site-packages/airflow/example_dags/example_trigger_target_dag.py
[2022-08-23 12:03:33,579] {logging_mixin.py:115} INFO - [2022-08-23 12:03:33,579] {dag.py:2420} INFO - Sync 1 DAGs
[2022-08-23 12:03:33,597] {logging_mixin.py:115} INFO - [2022-08-23 12:03:33,597] {dag.py:2972} INFO - Setting next_dagrun for example_trigger_target_dag to None, run_after=None
[2022-08-23 12:03:33,610] {processor.py:161} INFO - Processing /home/airflow/.local/lib/python3.7/site-packages/airflow/example_dags/example_trigger_target_dag.py took 0.203 seconds
[2022-08-23 12:04:03,787] {processor.py:153} INFO - Started process (PID=568) to work on /home/airflow/.local/lib/python3.7/site-packages/airflow/example_dags/example_trigger_target_dag.py
[2022-08-23 12:04:03,787] {processor.py:641} INFO - Processing file /home/airflow/.local/lib/python3.7/site-packages/airflow/example_dags/example_trigger_target_dag.py for tasks to queue
[2022-08-23 12:04:03,788] {logging_mixin.py:115} INFO - [2022-08-23 12:04:03,788] {dagbag.py:508} INFO - Filling up the DagBag from /home/airflow/.local/lib/python3.7/site-packages/airflow/example_dags/example_trigger_target_dag.py
[2022-08-23 12:04:03,811] {processor.py:651} INFO - DAG(s) dict_keys(['example_trigger_target_dag']) retrieved from /home/airflow/.local/lib/python3.7/site-packages/airflow/example_dags/example_trigger_target_dag.py
[2022-08-23 12:04:03,993] {logging_mixin.py:115} INFO - [2022-08-23 12:04:03,993] {dag.py:2420} INFO - Sync 1 DAGs
[2022-08-23 12:04:04,015] {logging_mixin.py:115} INFO - [2022-08-23 12:04:04,015] {dag.py:2972} INFO - Setting next_dagrun for example_trigger_target_dag to None, run_after=None
[2022-08-23 12:04:04,033] {processor.py:161} INFO - Processing /home/airflow/.local/lib/python3.7/site-packages/airflow/example_dags/example_trigger_target_dag.py took 0.250 seconds
[2022-08-23 12:04:34,736] {processor.py:153} INFO - Started process (PID=620) to work on /home/airflow/.local/lib/python3.7/site-packages/airflow/example_dags/example_trigger_target_dag.py
[2022-08-23 12:04:34,737] {processor.py:641} INFO - Processing file /home/airflow/.local/lib/python3.7/site-packages/airflow/example_dags/example_trigger_target_dag.py for tasks to queue
[2022-08-23 12:04:34,738] {logging_mixin.py:115} INFO - [2022-08-23 12:04:34,738] {dagbag.py:508} INFO - Filling up the DagBag from /home/airflow/.local/lib/python3.7/site-packages/airflow/example_dags/example_trigger_target_dag.py
[2022-08-23 12:04:34,788] {processor.py:651} INFO - DAG(s) dict_keys(['example_trigger_target_dag']) retrieved from /home/airflow/.local/lib/python3.7/site-packages/airflow/example_dags/example_trigger_target_dag.py
[2022-08-23 12:04:35,116] {logging_mixin.py:115} INFO - [2022-08-23 12:04:35,116] {dag.py:2420} INFO - Sync 1 DAGs
[2022-08-23 12:04:35,143] {logging_mixin.py:115} INFO - [2022-08-23 12:04:35,143] {dag.py:2972} INFO - Setting next_dagrun for example_trigger_target_dag to None, run_after=None
[2022-08-23 12:04:35,157] {processor.py:161} INFO - Processing /home/airflow/.local/lib/python3.7/site-packages/airflow/example_dags/example_trigger_target_dag.py took 0.423 seconds
[2022-08-23 12:05:05,208] {processor.py:153} INFO - Started process (PID=681) to work on /home/airflow/.local/lib/python3.7/site-packages/airflow/example_dags/example_trigger_target_dag.py
[2022-08-23 12:05:05,209] {processor.py:641} INFO - Processing file /home/airflow/.local/lib/python3.7/site-packages/airflow/example_dags/example_trigger_target_dag.py for tasks to queue
[2022-08-23 12:05:05,209] {logging_mixin.py:115} INFO - [2022-08-23 12:05:05,209] {dagbag.py:508} INFO - Filling up the DagBag from /home/airflow/.local/lib/python3.7/site-packages/airflow/example_dags/example_trigger_target_dag.py
[2022-08-23 12:05:05,244] {processor.py:651} INFO - DAG(s) dict_keys(['example_trigger_target_dag']) retrieved from /home/airflow/.local/lib/python3.7/site-packages/airflow/example_dags/example_trigger_target_dag.py
[2022-08-23 12:05:05,420] {logging_mixin.py:115} INFO - [2022-08-23 12:05:05,420] {dag.py:2420} INFO - Sync 1 DAGs
[2022-08-23 12:05:05,441] {logging_mixin.py:115} INFO - [2022-08-23 12:05:05,441] {dag.py:2972} INFO - Setting next_dagrun for example_trigger_target_dag to None, run_after=None
[2022-08-23 12:05:05,461] {processor.py:161} INFO - Processing /home/airflow/.local/lib/python3.7/site-packages/airflow/example_dags/example_trigger_target_dag.py took 0.260 seconds
[2022-08-23 12:05:36,050] {processor.py:153} INFO - Started process (PID=733) to work on /home/airflow/.local/lib/python3.7/site-packages/airflow/example_dags/example_trigger_target_dag.py
[2022-08-23 12:05:36,051] {processor.py:641} INFO - Processing file /home/airflow/.local/lib/python3.7/site-packages/airflow/example_dags/example_trigger_target_dag.py for tasks to queue
[2022-08-23 12:05:36,051] {logging_mixin.py:115} INFO - [2022-08-23 12:05:36,051] {dagbag.py:508} INFO - Filling up the DagBag from /home/airflow/.local/lib/python3.7/site-packages/airflow/example_dags/example_trigger_target_dag.py
[2022-08-23 12:05:36,067] {processor.py:651} INFO - DAG(s) dict_keys(['example_trigger_target_dag']) retrieved from /home/airflow/.local/lib/python3.7/site-packages/airflow/example_dags/example_trigger_target_dag.py
[2022-08-23 12:05:36,277] {logging_mixin.py:115} INFO - [2022-08-23 12:05:36,277] {dag.py:2420} INFO - Sync 1 DAGs
[2022-08-23 12:05:36,295] {logging_mixin.py:115} INFO - [2022-08-23 12:05:36,295] {dag.py:2972} INFO - Setting next_dagrun for example_trigger_target_dag to None, run_after=None
[2022-08-23 12:05:36,319] {processor.py:161} INFO - Processing /home/airflow/.local/lib/python3.7/site-packages/airflow/example_dags/example_trigger_target_dag.py took 0.272 seconds
[2022-08-23 12:06:06,355] {processor.py:153} INFO - Started process (PID=794) to work on /home/airflow/.local/lib/python3.7/site-packages/airflow/example_dags/example_trigger_target_dag.py
[2022-08-23 12:06:06,356] {processor.py:641} INFO - Processing file /home/airflow/.local/lib/python3.7/site-packages/airflow/example_dags/example_trigger_target_dag.py for tasks to queue
[2022-08-23 12:06:06,356] {logging_mixin.py:115} INFO - [2022-08-23 12:06:06,356] {dagbag.py:508} INFO - Filling up the DagBag from /home/airflow/.local/lib/python3.7/site-packages/airflow/example_dags/example_trigger_target_dag.py
[2022-08-23 12:06:06,394] {processor.py:651} INFO - DAG(s) dict_keys(['example_trigger_target_dag']) retrieved from /home/airflow/.local/lib/python3.7/site-packages/airflow/example_dags/example_trigger_target_dag.py
[2022-08-23 12:06:06,568] {logging_mixin.py:115} INFO - [2022-08-23 12:06:06,568] {dag.py:2420} INFO - Sync 1 DAGs
[2022-08-23 12:06:06,587] {logging_mixin.py:115} INFO - [2022-08-23 12:06:06,586] {dag.py:2972} INFO - Setting next_dagrun for example_trigger_target_dag to None, run_after=None
[2022-08-23 12:06:06,608] {processor.py:161} INFO - Processing /home/airflow/.local/lib/python3.7/site-packages/airflow/example_dags/example_trigger_target_dag.py took 0.259 seconds
[2022-08-23 12:06:37,131] {processor.py:153} INFO - Started process (PID=855) to work on /home/airflow/.local/lib/python3.7/site-packages/airflow/example_dags/example_trigger_target_dag.py
[2022-08-23 12:06:37,133] {processor.py:641} INFO - Processing file /home/airflow/.local/lib/python3.7/site-packages/airflow/example_dags/example_trigger_target_dag.py for tasks to queue
[2022-08-23 12:06:37,133] {logging_mixin.py:115} INFO - [2022-08-23 12:06:37,133] {dagbag.py:508} INFO - Filling up the DagBag from /home/airflow/.local/lib/python3.7/site-packages/airflow/example_dags/example_trigger_target_dag.py
[2022-08-23 12:06:37,173] {processor.py:651} INFO - DAG(s) dict_keys(['example_trigger_target_dag']) retrieved from /home/airflow/.local/lib/python3.7/site-packages/airflow/example_dags/example_trigger_target_dag.py
[2022-08-23 12:06:37,366] {logging_mixin.py:115} INFO - [2022-08-23 12:06:37,366] {dag.py:2420} INFO - Sync 1 DAGs
[2022-08-23 12:06:37,389] {logging_mixin.py:115} INFO - [2022-08-23 12:06:37,389] {dag.py:2972} INFO - Setting next_dagrun for example_trigger_target_dag to None, run_after=None
[2022-08-23 12:06:37,407] {processor.py:161} INFO - Processing /home/airflow/.local/lib/python3.7/site-packages/airflow/example_dags/example_trigger_target_dag.py took 0.287 seconds
[2022-08-23 12:07:07,545] {processor.py:153} INFO - Started process (PID=907) to work on /home/airflow/.local/lib/python3.7/site-packages/airflow/example_dags/example_trigger_target_dag.py
[2022-08-23 12:07:07,545] {processor.py:641} INFO - Processing file /home/airflow/.local/lib/python3.7/site-packages/airflow/example_dags/example_trigger_target_dag.py for tasks to queue
[2022-08-23 12:07:07,546] {logging_mixin.py:115} INFO - [2022-08-23 12:07:07,546] {dagbag.py:508} INFO - Filling up the DagBag from /home/airflow/.local/lib/python3.7/site-packages/airflow/example_dags/example_trigger_target_dag.py
[2022-08-23 12:07:07,566] {processor.py:651} INFO - DAG(s) dict_keys(['example_trigger_target_dag']) retrieved from /home/airflow/.local/lib/python3.7/site-packages/airflow/example_dags/example_trigger_target_dag.py
[2022-08-23 12:07:07,721] {logging_mixin.py:115} INFO - [2022-08-23 12:07:07,721] {dag.py:2420} INFO - Sync 1 DAGs
[2022-08-23 12:07:07,739] {logging_mixin.py:115} INFO - [2022-08-23 12:07:07,739] {dag.py:2972} INFO - Setting next_dagrun for example_trigger_target_dag to None, run_after=None
[2022-08-23 12:07:07,760] {processor.py:161} INFO - Processing /home/airflow/.local/lib/python3.7/site-packages/airflow/example_dags/example_trigger_target_dag.py took 0.219 seconds
[2022-08-23 12:07:37,842] {processor.py:153} INFO - Started process (PID=968) to work on /home/airflow/.local/lib/python3.7/site-packages/airflow/example_dags/example_trigger_target_dag.py
[2022-08-23 12:07:37,842] {processor.py:641} INFO - Processing file /home/airflow/.local/lib/python3.7/site-packages/airflow/example_dags/example_trigger_target_dag.py for tasks to queue
[2022-08-23 12:07:37,843] {logging_mixin.py:115} INFO - [2022-08-23 12:07:37,842] {dagbag.py:508} INFO - Filling up the DagBag from /home/airflow/.local/lib/python3.7/site-packages/airflow/example_dags/example_trigger_target_dag.py
[2022-08-23 12:07:37,860] {processor.py:651} INFO - DAG(s) dict_keys(['example_trigger_target_dag']) retrieved from /home/airflow/.local/lib/python3.7/site-packages/airflow/example_dags/example_trigger_target_dag.py
[2022-08-23 12:07:38,010] {logging_mixin.py:115} INFO - [2022-08-23 12:07:38,010] {dag.py:2420} INFO - Sync 1 DAGs
[2022-08-23 12:07:38,027] {logging_mixin.py:115} INFO - [2022-08-23 12:07:38,027] {dag.py:2972} INFO - Setting next_dagrun for example_trigger_target_dag to None, run_after=None
[2022-08-23 12:07:38,036] {processor.py:161} INFO - Processing /home/airflow/.local/lib/python3.7/site-packages/airflow/example_dags/example_trigger_target_dag.py took 0.197 seconds
[2022-08-23 12:08:08,880] {processor.py:153} INFO - Started process (PID=1029) to work on /home/airflow/.local/lib/python3.7/site-packages/airflow/example_dags/example_trigger_target_dag.py
[2022-08-23 12:08:08,880] {processor.py:641} INFO - Processing file /home/airflow/.local/lib/python3.7/site-packages/airflow/example_dags/example_trigger_target_dag.py for tasks to queue
[2022-08-23 12:08:08,880] {logging_mixin.py:115} INFO - [2022-08-23 12:08:08,880] {dagbag.py:508} INFO - Filling up the DagBag from /home/airflow/.local/lib/python3.7/site-packages/airflow/example_dags/example_trigger_target_dag.py
[2022-08-23 12:08:08,900] {processor.py:651} INFO - DAG(s) dict_keys(['example_trigger_target_dag']) retrieved from /home/airflow/.local/lib/python3.7/site-packages/airflow/example_dags/example_trigger_target_dag.py
[2022-08-23 12:08:09,081] {logging_mixin.py:115} INFO - [2022-08-23 12:08:09,081] {dag.py:2420} INFO - Sync 1 DAGs
[2022-08-23 12:08:09,102] {logging_mixin.py:115} INFO - [2022-08-23 12:08:09,102] {dag.py:2972} INFO - Setting next_dagrun for example_trigger_target_dag to None, run_after=None
[2022-08-23 12:08:09,113] {processor.py:161} INFO - Processing /home/airflow/.local/lib/python3.7/site-packages/airflow/example_dags/example_trigger_target_dag.py took 0.236 seconds
[2022-08-23 12:08:39,481] {processor.py:153} INFO - Started process (PID=1081) to work on /home/airflow/.local/lib/python3.7/site-packages/airflow/example_dags/example_trigger_target_dag.py
[2022-08-23 12:08:39,482] {processor.py:641} INFO - Processing file /home/airflow/.local/lib/python3.7/site-packages/airflow/example_dags/example_trigger_target_dag.py for tasks to queue
[2022-08-23 12:08:39,483] {logging_mixin.py:115} INFO - [2022-08-23 12:08:39,483] {dagbag.py:508} INFO - Filling up the DagBag from /home/airflow/.local/lib/python3.7/site-packages/airflow/example_dags/example_trigger_target_dag.py
[2022-08-23 12:08:39,500] {processor.py:651} INFO - DAG(s) dict_keys(['example_trigger_target_dag']) retrieved from /home/airflow/.local/lib/python3.7/site-packages/airflow/example_dags/example_trigger_target_dag.py
[2022-08-23 12:08:39,696] {logging_mixin.py:115} INFO - [2022-08-23 12:08:39,696] {dag.py:2420} INFO - Sync 1 DAGs
[2022-08-23 12:08:39,717] {logging_mixin.py:115} INFO - [2022-08-23 12:08:39,717] {dag.py:2972} INFO - Setting next_dagrun for example_trigger_target_dag to None, run_after=None
[2022-08-23 12:08:39,736] {processor.py:161} INFO - Processing /home/airflow/.local/lib/python3.7/site-packages/airflow/example_dags/example_trigger_target_dag.py took 0.258 seconds
[2022-08-23 12:09:09,954] {processor.py:153} INFO - Started process (PID=1142) to work on /home/airflow/.local/lib/python3.7/site-packages/airflow/example_dags/example_trigger_target_dag.py
[2022-08-23 12:09:09,955] {processor.py:641} INFO - Processing file /home/airflow/.local/lib/python3.7/site-packages/airflow/example_dags/example_trigger_target_dag.py for tasks to queue
[2022-08-23 12:09:09,956] {logging_mixin.py:115} INFO - [2022-08-23 12:09:09,956] {dagbag.py:508} INFO - Filling up the DagBag from /home/airflow/.local/lib/python3.7/site-packages/airflow/example_dags/example_trigger_target_dag.py
[2022-08-23 12:09:09,982] {processor.py:651} INFO - DAG(s) dict_keys(['example_trigger_target_dag']) retrieved from /home/airflow/.local/lib/python3.7/site-packages/airflow/example_dags/example_trigger_target_dag.py
[2022-08-23 12:09:10,127] {logging_mixin.py:115} INFO - [2022-08-23 12:09:10,127] {dag.py:2420} INFO - Sync 1 DAGs
[2022-08-23 12:09:10,147] {logging_mixin.py:115} INFO - [2022-08-23 12:09:10,147] {dag.py:2972} INFO - Setting next_dagrun for example_trigger_target_dag to None, run_after=None
[2022-08-23 12:09:10,168] {processor.py:161} INFO - Processing /home/airflow/.local/lib/python3.7/site-packages/airflow/example_dags/example_trigger_target_dag.py took 0.216 seconds
[2022-08-23 12:09:40,331] {processor.py:153} INFO - Started process (PID=1194) to work on /home/airflow/.local/lib/python3.7/site-packages/airflow/example_dags/example_trigger_target_dag.py
[2022-08-23 12:09:40,332] {processor.py:641} INFO - Processing file /home/airflow/.local/lib/python3.7/site-packages/airflow/example_dags/example_trigger_target_dag.py for tasks to queue
[2022-08-23 12:09:40,332] {logging_mixin.py:115} INFO - [2022-08-23 12:09:40,332] {dagbag.py:508} INFO - Filling up the DagBag from /home/airflow/.local/lib/python3.7/site-packages/airflow/example_dags/example_trigger_target_dag.py
[2022-08-23 12:09:40,350] {processor.py:651} INFO - DAG(s) dict_keys(['example_trigger_target_dag']) retrieved from /home/airflow/.local/lib/python3.7/site-packages/airflow/example_dags/example_trigger_target_dag.py
[2022-08-23 12:09:40,518] {logging_mixin.py:115} INFO - [2022-08-23 12:09:40,518] {dag.py:2420} INFO - Sync 1 DAGs
[2022-08-23 12:09:40,537] {logging_mixin.py:115} INFO - [2022-08-23 12:09:40,537] {dag.py:2972} INFO - Setting next_dagrun for example_trigger_target_dag to None, run_after=None
[2022-08-23 12:09:40,558] {processor.py:161} INFO - Processing /home/airflow/.local/lib/python3.7/site-packages/airflow/example_dags/example_trigger_target_dag.py took 0.230 seconds
[2022-08-23 12:10:10,711] {processor.py:153} INFO - Started process (PID=1255) to work on /home/airflow/.local/lib/python3.7/site-packages/airflow/example_dags/example_trigger_target_dag.py
[2022-08-23 12:10:10,712] {processor.py:641} INFO - Processing file /home/airflow/.local/lib/python3.7/site-packages/airflow/example_dags/example_trigger_target_dag.py for tasks to queue
[2022-08-23 12:10:10,712] {logging_mixin.py:115} INFO - [2022-08-23 12:10:10,712] {dagbag.py:508} INFO - Filling up the DagBag from /home/airflow/.local/lib/python3.7/site-packages/airflow/example_dags/example_trigger_target_dag.py
[2022-08-23 12:10:10,727] {processor.py:651} INFO - DAG(s) dict_keys(['example_trigger_target_dag']) retrieved from /home/airflow/.local/lib/python3.7/site-packages/airflow/example_dags/example_trigger_target_dag.py
[2022-08-23 12:10:10,871] {logging_mixin.py:115} INFO - [2022-08-23 12:10:10,871] {dag.py:2420} INFO - Sync 1 DAGs
[2022-08-23 12:10:10,892] {logging_mixin.py:115} INFO - [2022-08-23 12:10:10,892] {dag.py:2972} INFO - Setting next_dagrun for example_trigger_target_dag to None, run_after=None
[2022-08-23 12:10:10,916] {processor.py:161} INFO - Processing /home/airflow/.local/lib/python3.7/site-packages/airflow/example_dags/example_trigger_target_dag.py took 0.208 seconds
[2022-08-23 12:10:41,500] {processor.py:153} INFO - Started process (PID=1316) to work on /home/airflow/.local/lib/python3.7/site-packages/airflow/example_dags/example_trigger_target_dag.py
[2022-08-23 12:10:41,501] {processor.py:641} INFO - Processing file /home/airflow/.local/lib/python3.7/site-packages/airflow/example_dags/example_trigger_target_dag.py for tasks to queue
[2022-08-23 12:10:41,501] {logging_mixin.py:115} INFO - [2022-08-23 12:10:41,501] {dagbag.py:508} INFO - Filling up the DagBag from /home/airflow/.local/lib/python3.7/site-packages/airflow/example_dags/example_trigger_target_dag.py
[2022-08-23 12:10:41,518] {processor.py:651} INFO - DAG(s) dict_keys(['example_trigger_target_dag']) retrieved from /home/airflow/.local/lib/python3.7/site-packages/airflow/example_dags/example_trigger_target_dag.py
[2022-08-23 12:10:41,697] {logging_mixin.py:115} INFO - [2022-08-23 12:10:41,697] {dag.py:2420} INFO - Sync 1 DAGs
[2022-08-23 12:10:41,714] {logging_mixin.py:115} INFO - [2022-08-23 12:10:41,714] {dag.py:2972} INFO - Setting next_dagrun for example_trigger_target_dag to None, run_after=None
[2022-08-23 12:10:41,735] {processor.py:161} INFO - Processing /home/airflow/.local/lib/python3.7/site-packages/airflow/example_dags/example_trigger_target_dag.py took 0.238 seconds
[2022-08-23 12:11:12,411] {processor.py:153} INFO - Started process (PID=1368) to work on /home/airflow/.local/lib/python3.7/site-packages/airflow/example_dags/example_trigger_target_dag.py
[2022-08-23 12:11:12,412] {processor.py:641} INFO - Processing file /home/airflow/.local/lib/python3.7/site-packages/airflow/example_dags/example_trigger_target_dag.py for tasks to queue
[2022-08-23 12:11:12,413] {logging_mixin.py:115} INFO - [2022-08-23 12:11:12,413] {dagbag.py:508} INFO - Filling up the DagBag from /home/airflow/.local/lib/python3.7/site-packages/airflow/example_dags/example_trigger_target_dag.py
[2022-08-23 12:11:12,455] {processor.py:651} INFO - DAG(s) dict_keys(['example_trigger_target_dag']) retrieved from /home/airflow/.local/lib/python3.7/site-packages/airflow/example_dags/example_trigger_target_dag.py
[2022-08-23 12:11:12,654] {logging_mixin.py:115} INFO - [2022-08-23 12:11:12,654] {dag.py:2420} INFO - Sync 1 DAGs
[2022-08-23 12:11:12,677] {logging_mixin.py:115} INFO - [2022-08-23 12:11:12,677] {dag.py:2972} INFO - Setting next_dagrun for example_trigger_target_dag to None, run_after=None
[2022-08-23 12:11:12,686] {processor.py:161} INFO - Processing /home/airflow/.local/lib/python3.7/site-packages/airflow/example_dags/example_trigger_target_dag.py took 0.288 seconds
[2022-08-23 12:11:42,716] {processor.py:153} INFO - Started process (PID=1430) to work on /home/airflow/.local/lib/python3.7/site-packages/airflow/example_dags/example_trigger_target_dag.py
[2022-08-23 12:11:42,717] {processor.py:641} INFO - Processing file /home/airflow/.local/lib/python3.7/site-packages/airflow/example_dags/example_trigger_target_dag.py for tasks to queue
[2022-08-23 12:11:42,717] {logging_mixin.py:115} INFO - [2022-08-23 12:11:42,717] {dagbag.py:508} INFO - Filling up the DagBag from /home/airflow/.local/lib/python3.7/site-packages/airflow/example_dags/example_trigger_target_dag.py
[2022-08-23 12:11:42,738] {processor.py:651} INFO - DAG(s) dict_keys(['example_trigger_target_dag']) retrieved from /home/airflow/.local/lib/python3.7/site-packages/airflow/example_dags/example_trigger_target_dag.py
[2022-08-23 12:11:42,901] {logging_mixin.py:115} INFO - [2022-08-23 12:11:42,901] {dag.py:2420} INFO - Sync 1 DAGs
[2022-08-23 12:11:42,920] {logging_mixin.py:115} INFO - [2022-08-23 12:11:42,920] {dag.py:2972} INFO - Setting next_dagrun for example_trigger_target_dag to None, run_after=None
[2022-08-23 12:11:42,930] {processor.py:161} INFO - Processing /home/airflow/.local/lib/python3.7/site-packages/airflow/example_dags/example_trigger_target_dag.py took 0.218 seconds
[2022-08-23 12:12:13,131] {processor.py:153} INFO - Started process (PID=1490) to work on /home/airflow/.local/lib/python3.7/site-packages/airflow/example_dags/example_trigger_target_dag.py
[2022-08-23 12:12:13,131] {processor.py:641} INFO - Processing file /home/airflow/.local/lib/python3.7/site-packages/airflow/example_dags/example_trigger_target_dag.py for tasks to queue
[2022-08-23 12:12:13,131] {logging_mixin.py:115} INFO - [2022-08-23 12:12:13,131] {dagbag.py:508} INFO - Filling up the DagBag from /home/airflow/.local/lib/python3.7/site-packages/airflow/example_dags/example_trigger_target_dag.py
[2022-08-23 12:12:13,147] {processor.py:651} INFO - DAG(s) dict_keys(['example_trigger_target_dag']) retrieved from /home/airflow/.local/lib/python3.7/site-packages/airflow/example_dags/example_trigger_target_dag.py
[2022-08-23 12:12:13,294] {logging_mixin.py:115} INFO - [2022-08-23 12:12:13,294] {dag.py:2420} INFO - Sync 1 DAGs
[2022-08-23 12:12:13,313] {logging_mixin.py:115} INFO - [2022-08-23 12:12:13,313] {dag.py:2972} INFO - Setting next_dagrun for example_trigger_target_dag to None, run_after=None
[2022-08-23 12:12:13,333] {processor.py:161} INFO - Processing /home/airflow/.local/lib/python3.7/site-packages/airflow/example_dags/example_trigger_target_dag.py took 0.205 seconds
[2022-08-23 12:12:43,545] {processor.py:153} INFO - Started process (PID=1542) to work on /home/airflow/.local/lib/python3.7/site-packages/airflow/example_dags/example_trigger_target_dag.py
[2022-08-23 12:12:43,546] {processor.py:641} INFO - Processing file /home/airflow/.local/lib/python3.7/site-packages/airflow/example_dags/example_trigger_target_dag.py for tasks to queue
[2022-08-23 12:12:43,546] {logging_mixin.py:115} INFO - [2022-08-23 12:12:43,546] {dagbag.py:508} INFO - Filling up the DagBag from /home/airflow/.local/lib/python3.7/site-packages/airflow/example_dags/example_trigger_target_dag.py
[2022-08-23 12:12:43,578] {processor.py:651} INFO - DAG(s) dict_keys(['example_trigger_target_dag']) retrieved from /home/airflow/.local/lib/python3.7/site-packages/airflow/example_dags/example_trigger_target_dag.py
[2022-08-23 12:12:43,725] {logging_mixin.py:115} INFO - [2022-08-23 12:12:43,725] {dag.py:2420} INFO - Sync 1 DAGs
[2022-08-23 12:12:43,743] {logging_mixin.py:115} INFO - [2022-08-23 12:12:43,743] {dag.py:2972} INFO - Setting next_dagrun for example_trigger_target_dag to None, run_after=None
[2022-08-23 12:12:43,751] {processor.py:161} INFO - Processing /home/airflow/.local/lib/python3.7/site-packages/airflow/example_dags/example_trigger_target_dag.py took 0.210 seconds
[2022-08-23 12:13:14,334] {processor.py:153} INFO - Started process (PID=1603) to work on /home/airflow/.local/lib/python3.7/site-packages/airflow/example_dags/example_trigger_target_dag.py
[2022-08-23 12:13:14,335] {processor.py:641} INFO - Processing file /home/airflow/.local/lib/python3.7/site-packages/airflow/example_dags/example_trigger_target_dag.py for tasks to queue
[2022-08-23 12:13:14,335] {logging_mixin.py:115} INFO - [2022-08-23 12:13:14,335] {dagbag.py:508} INFO - Filling up the DagBag from /home/airflow/.local/lib/python3.7/site-packages/airflow/example_dags/example_trigger_target_dag.py
[2022-08-23 12:13:14,353] {processor.py:651} INFO - DAG(s) dict_keys(['example_trigger_target_dag']) retrieved from /home/airflow/.local/lib/python3.7/site-packages/airflow/example_dags/example_trigger_target_dag.py
[2022-08-23 12:13:14,527] {logging_mixin.py:115} INFO - [2022-08-23 12:13:14,526] {dag.py:2420} INFO - Sync 1 DAGs
[2022-08-23 12:13:14,546] {logging_mixin.py:115} INFO - [2022-08-23 12:13:14,546] {dag.py:2972} INFO - Setting next_dagrun for example_trigger_target_dag to None, run_after=None
[2022-08-23 12:13:14,556] {processor.py:161} INFO - Processing /home/airflow/.local/lib/python3.7/site-packages/airflow/example_dags/example_trigger_target_dag.py took 0.225 seconds
[2022-08-23 12:13:45,477] {processor.py:153} INFO - Started process (PID=1664) to work on /home/airflow/.local/lib/python3.7/site-packages/airflow/example_dags/example_trigger_target_dag.py
[2022-08-23 12:13:45,478] {processor.py:641} INFO - Processing file /home/airflow/.local/lib/python3.7/site-packages/airflow/example_dags/example_trigger_target_dag.py for tasks to queue
[2022-08-23 12:13:45,478] {logging_mixin.py:115} INFO - [2022-08-23 12:13:45,478] {dagbag.py:508} INFO - Filling up the DagBag from /home/airflow/.local/lib/python3.7/site-packages/airflow/example_dags/example_trigger_target_dag.py
[2022-08-23 12:13:45,496] {processor.py:651} INFO - DAG(s) dict_keys(['example_trigger_target_dag']) retrieved from /home/airflow/.local/lib/python3.7/site-packages/airflow/example_dags/example_trigger_target_dag.py
[2022-08-23 12:13:45,685] {logging_mixin.py:115} INFO - [2022-08-23 12:13:45,684] {dag.py:2420} INFO - Sync 1 DAGs
[2022-08-23 12:13:45,706] {logging_mixin.py:115} INFO - [2022-08-23 12:13:45,706] {dag.py:2972} INFO - Setting next_dagrun for example_trigger_target_dag to None, run_after=None
[2022-08-23 12:13:45,724] {processor.py:161} INFO - Processing /home/airflow/.local/lib/python3.7/site-packages/airflow/example_dags/example_trigger_target_dag.py took 0.251 seconds
