[2022-08-23 11:59:26,805] {processor.py:153} INFO - Started process (PID=45) to work on /home/airflow/.local/lib/python3.7/site-packages/airflow/example_dags/example_short_circuit_operator.py
[2022-08-23 11:59:26,806] {processor.py:641} INFO - Processing file /home/airflow/.local/lib/python3.7/site-packages/airflow/example_dags/example_short_circuit_operator.py for tasks to queue
[2022-08-23 11:59:26,807] {logging_mixin.py:115} INFO - [2022-08-23 11:59:26,807] {dagbag.py:508} INFO - Filling up the DagBag from /home/airflow/.local/lib/python3.7/site-packages/airflow/example_dags/example_short_circuit_operator.py
[2022-08-23 11:59:26,819] {processor.py:651} INFO - DAG(s) dict_keys(['example_short_circuit_operator']) retrieved from /home/airflow/.local/lib/python3.7/site-packages/airflow/example_dags/example_short_circuit_operator.py
[2022-08-23 11:59:26,846] {logging_mixin.py:115} INFO - [2022-08-23 11:59:26,846] {dag.py:2420} INFO - Sync 1 DAGs
[2022-08-23 11:59:27,024] {logging_mixin.py:115} INFO - [2022-08-23 11:59:27,024] {dag.py:2972} INFO - Setting next_dagrun for example_short_circuit_operator to 2022-08-22T11:59:27.024277+00:00, run_after=2022-08-23T11:59:27.024277+00:00
[2022-08-23 11:59:27,036] {processor.py:161} INFO - Processing /home/airflow/.local/lib/python3.7/site-packages/airflow/example_dags/example_short_circuit_operator.py took 0.234 seconds
[2022-08-23 11:59:57,322] {processor.py:153} INFO - Started process (PID=106) to work on /home/airflow/.local/lib/python3.7/site-packages/airflow/example_dags/example_short_circuit_operator.py
[2022-08-23 11:59:57,323] {processor.py:641} INFO - Processing file /home/airflow/.local/lib/python3.7/site-packages/airflow/example_dags/example_short_circuit_operator.py for tasks to queue
[2022-08-23 11:59:57,323] {logging_mixin.py:115} INFO - [2022-08-23 11:59:57,323] {dagbag.py:508} INFO - Filling up the DagBag from /home/airflow/.local/lib/python3.7/site-packages/airflow/example_dags/example_short_circuit_operator.py
[2022-08-23 11:59:57,337] {processor.py:651} INFO - DAG(s) dict_keys(['example_short_circuit_operator']) retrieved from /home/airflow/.local/lib/python3.7/site-packages/airflow/example_dags/example_short_circuit_operator.py
[2022-08-23 11:59:57,384] {logging_mixin.py:115} INFO - [2022-08-23 11:59:57,384] {dag.py:2420} INFO - Sync 1 DAGs
[2022-08-23 11:59:57,490] {logging_mixin.py:115} INFO - [2022-08-23 11:59:57,490] {dag.py:2972} INFO - Setting next_dagrun for example_short_circuit_operator to 2022-08-22T11:59:57.490241+00:00, run_after=2022-08-23T11:59:57.490241+00:00
[2022-08-23 11:59:57,502] {processor.py:161} INFO - Processing /home/airflow/.local/lib/python3.7/site-packages/airflow/example_dags/example_short_circuit_operator.py took 0.184 seconds
[2022-08-23 12:00:28,172] {processor.py:153} INFO - Started process (PID=167) to work on /home/airflow/.local/lib/python3.7/site-packages/airflow/example_dags/example_short_circuit_operator.py
[2022-08-23 12:00:28,173] {processor.py:641} INFO - Processing file /home/airflow/.local/lib/python3.7/site-packages/airflow/example_dags/example_short_circuit_operator.py for tasks to queue
[2022-08-23 12:00:28,174] {logging_mixin.py:115} INFO - [2022-08-23 12:00:28,174] {dagbag.py:508} INFO - Filling up the DagBag from /home/airflow/.local/lib/python3.7/site-packages/airflow/example_dags/example_short_circuit_operator.py
[2022-08-23 12:00:28,183] {processor.py:651} INFO - DAG(s) dict_keys(['example_short_circuit_operator']) retrieved from /home/airflow/.local/lib/python3.7/site-packages/airflow/example_dags/example_short_circuit_operator.py
[2022-08-23 12:00:28,211] {logging_mixin.py:115} INFO - [2022-08-23 12:00:28,211] {dag.py:2420} INFO - Sync 1 DAGs
[2022-08-23 12:00:28,416] {logging_mixin.py:115} INFO - [2022-08-23 12:00:28,416] {dag.py:2972} INFO - Setting next_dagrun for example_short_circuit_operator to 2022-08-22T12:00:28.416494+00:00, run_after=2022-08-23T12:00:28.416494+00:00
[2022-08-23 12:00:28,431] {processor.py:161} INFO - Processing /home/airflow/.local/lib/python3.7/site-packages/airflow/example_dags/example_short_circuit_operator.py took 0.261 seconds
[2022-08-23 12:00:58,809] {processor.py:153} INFO - Started process (PID=219) to work on /home/airflow/.local/lib/python3.7/site-packages/airflow/example_dags/example_short_circuit_operator.py
[2022-08-23 12:00:58,810] {processor.py:641} INFO - Processing file /home/airflow/.local/lib/python3.7/site-packages/airflow/example_dags/example_short_circuit_operator.py for tasks to queue
[2022-08-23 12:00:58,810] {logging_mixin.py:115} INFO - [2022-08-23 12:00:58,810] {dagbag.py:508} INFO - Filling up the DagBag from /home/airflow/.local/lib/python3.7/site-packages/airflow/example_dags/example_short_circuit_operator.py
[2022-08-23 12:00:58,821] {processor.py:651} INFO - DAG(s) dict_keys(['example_short_circuit_operator']) retrieved from /home/airflow/.local/lib/python3.7/site-packages/airflow/example_dags/example_short_circuit_operator.py
[2022-08-23 12:00:58,847] {logging_mixin.py:115} INFO - [2022-08-23 12:00:58,847] {dag.py:2420} INFO - Sync 1 DAGs
[2022-08-23 12:00:59,058] {logging_mixin.py:115} INFO - [2022-08-23 12:00:59,058] {dag.py:2972} INFO - Setting next_dagrun for example_short_circuit_operator to 2022-08-22T12:00:59.058410+00:00, run_after=2022-08-23T12:00:59.058410+00:00
[2022-08-23 12:00:59,068] {processor.py:161} INFO - Processing /home/airflow/.local/lib/python3.7/site-packages/airflow/example_dags/example_short_circuit_operator.py took 0.264 seconds
[2022-08-23 12:01:29,770] {processor.py:153} INFO - Started process (PID=280) to work on /home/airflow/.local/lib/python3.7/site-packages/airflow/example_dags/example_short_circuit_operator.py
[2022-08-23 12:01:29,771] {processor.py:641} INFO - Processing file /home/airflow/.local/lib/python3.7/site-packages/airflow/example_dags/example_short_circuit_operator.py for tasks to queue
[2022-08-23 12:01:29,772] {logging_mixin.py:115} INFO - [2022-08-23 12:01:29,772] {dagbag.py:508} INFO - Filling up the DagBag from /home/airflow/.local/lib/python3.7/site-packages/airflow/example_dags/example_short_circuit_operator.py
[2022-08-23 12:01:29,783] {processor.py:651} INFO - DAG(s) dict_keys(['example_short_circuit_operator']) retrieved from /home/airflow/.local/lib/python3.7/site-packages/airflow/example_dags/example_short_circuit_operator.py
[2022-08-23 12:01:29,819] {logging_mixin.py:115} INFO - [2022-08-23 12:01:29,819] {dag.py:2420} INFO - Sync 1 DAGs
[2022-08-23 12:01:30,093] {logging_mixin.py:115} INFO - [2022-08-23 12:01:30,093] {dag.py:2972} INFO - Setting next_dagrun for example_short_circuit_operator to 2022-08-22T12:01:30.092963+00:00, run_after=2022-08-23T12:01:30.092963+00:00
[2022-08-23 12:01:30,105] {processor.py:161} INFO - Processing /home/airflow/.local/lib/python3.7/site-packages/airflow/example_dags/example_short_circuit_operator.py took 0.339 seconds
[2022-08-23 12:02:00,370] {processor.py:153} INFO - Started process (PID=332) to work on /home/airflow/.local/lib/python3.7/site-packages/airflow/example_dags/example_short_circuit_operator.py
[2022-08-23 12:02:00,372] {processor.py:641} INFO - Processing file /home/airflow/.local/lib/python3.7/site-packages/airflow/example_dags/example_short_circuit_operator.py for tasks to queue
[2022-08-23 12:02:00,376] {logging_mixin.py:115} INFO - [2022-08-23 12:02:00,376] {dagbag.py:508} INFO - Filling up the DagBag from /home/airflow/.local/lib/python3.7/site-packages/airflow/example_dags/example_short_circuit_operator.py
[2022-08-23 12:02:00,448] {processor.py:651} INFO - DAG(s) dict_keys(['example_short_circuit_operator']) retrieved from /home/airflow/.local/lib/python3.7/site-packages/airflow/example_dags/example_short_circuit_operator.py
[2022-08-23 12:02:00,617] {logging_mixin.py:115} INFO - [2022-08-23 12:02:00,617] {dag.py:2420} INFO - Sync 1 DAGs
[2022-08-23 12:02:01,769] {logging_mixin.py:115} INFO - [2022-08-23 12:02:01,769] {dag.py:2972} INFO - Setting next_dagrun for example_short_circuit_operator to 2022-08-22T12:02:01.768907+00:00, run_after=2022-08-23T12:02:01.768907+00:00
[2022-08-23 12:02:01,795] {processor.py:161} INFO - Processing /home/airflow/.local/lib/python3.7/site-packages/airflow/example_dags/example_short_circuit_operator.py took 1.463 seconds
[2022-08-23 12:02:32,312] {processor.py:153} INFO - Started process (PID=392) to work on /home/airflow/.local/lib/python3.7/site-packages/airflow/example_dags/example_short_circuit_operator.py
[2022-08-23 12:02:32,312] {processor.py:641} INFO - Processing file /home/airflow/.local/lib/python3.7/site-packages/airflow/example_dags/example_short_circuit_operator.py for tasks to queue
[2022-08-23 12:02:32,313] {logging_mixin.py:115} INFO - [2022-08-23 12:02:32,313] {dagbag.py:508} INFO - Filling up the DagBag from /home/airflow/.local/lib/python3.7/site-packages/airflow/example_dags/example_short_circuit_operator.py
[2022-08-23 12:02:32,324] {processor.py:651} INFO - DAG(s) dict_keys(['example_short_circuit_operator']) retrieved from /home/airflow/.local/lib/python3.7/site-packages/airflow/example_dags/example_short_circuit_operator.py
[2022-08-23 12:02:32,355] {logging_mixin.py:115} INFO - [2022-08-23 12:02:32,355] {dag.py:2420} INFO - Sync 1 DAGs
[2022-08-23 12:02:32,545] {logging_mixin.py:115} INFO - [2022-08-23 12:02:32,545] {dag.py:2972} INFO - Setting next_dagrun for example_short_circuit_operator to 2022-08-22T12:02:32.545538+00:00, run_after=2022-08-23T12:02:32.545538+00:00
[2022-08-23 12:02:32,558] {processor.py:161} INFO - Processing /home/airflow/.local/lib/python3.7/site-packages/airflow/example_dags/example_short_circuit_operator.py took 0.250 seconds
[2022-08-23 12:03:02,610] {processor.py:153} INFO - Started process (PID=444) to work on /home/airflow/.local/lib/python3.7/site-packages/airflow/example_dags/example_short_circuit_operator.py
[2022-08-23 12:03:02,611] {processor.py:641} INFO - Processing file /home/airflow/.local/lib/python3.7/site-packages/airflow/example_dags/example_short_circuit_operator.py for tasks to queue
[2022-08-23 12:03:02,612] {logging_mixin.py:115} INFO - [2022-08-23 12:03:02,612] {dagbag.py:508} INFO - Filling up the DagBag from /home/airflow/.local/lib/python3.7/site-packages/airflow/example_dags/example_short_circuit_operator.py
[2022-08-23 12:03:02,626] {processor.py:651} INFO - DAG(s) dict_keys(['example_short_circuit_operator']) retrieved from /home/airflow/.local/lib/python3.7/site-packages/airflow/example_dags/example_short_circuit_operator.py
[2022-08-23 12:03:02,660] {logging_mixin.py:115} INFO - [2022-08-23 12:03:02,660] {dag.py:2420} INFO - Sync 1 DAGs
[2022-08-23 12:03:02,824] {logging_mixin.py:115} INFO - [2022-08-23 12:03:02,824] {dag.py:2972} INFO - Setting next_dagrun for example_short_circuit_operator to 2022-08-22T12:03:02.824066+00:00, run_after=2022-08-23T12:03:02.824066+00:00
[2022-08-23 12:03:02,834] {processor.py:161} INFO - Processing /home/airflow/.local/lib/python3.7/site-packages/airflow/example_dags/example_short_circuit_operator.py took 0.229 seconds
[2022-08-23 12:03:33,124] {processor.py:153} INFO - Started process (PID=505) to work on /home/airflow/.local/lib/python3.7/site-packages/airflow/example_dags/example_short_circuit_operator.py
[2022-08-23 12:03:33,125] {processor.py:641} INFO - Processing file /home/airflow/.local/lib/python3.7/site-packages/airflow/example_dags/example_short_circuit_operator.py for tasks to queue
[2022-08-23 12:03:33,126] {logging_mixin.py:115} INFO - [2022-08-23 12:03:33,126] {dagbag.py:508} INFO - Filling up the DagBag from /home/airflow/.local/lib/python3.7/site-packages/airflow/example_dags/example_short_circuit_operator.py
[2022-08-23 12:03:33,145] {processor.py:651} INFO - DAG(s) dict_keys(['example_short_circuit_operator']) retrieved from /home/airflow/.local/lib/python3.7/site-packages/airflow/example_dags/example_short_circuit_operator.py
[2022-08-23 12:03:33,187] {logging_mixin.py:115} INFO - [2022-08-23 12:03:33,187] {dag.py:2420} INFO - Sync 1 DAGs
[2022-08-23 12:03:33,405] {logging_mixin.py:115} INFO - [2022-08-23 12:03:33,405] {dag.py:2972} INFO - Setting next_dagrun for example_short_circuit_operator to 2022-08-22T12:03:33.405035+00:00, run_after=2022-08-23T12:03:33.405035+00:00
[2022-08-23 12:03:33,416] {processor.py:161} INFO - Processing /home/airflow/.local/lib/python3.7/site-packages/airflow/example_dags/example_short_circuit_operator.py took 0.298 seconds
[2022-08-23 12:04:03,498] {processor.py:153} INFO - Started process (PID=566) to work on /home/airflow/.local/lib/python3.7/site-packages/airflow/example_dags/example_short_circuit_operator.py
[2022-08-23 12:04:03,499] {processor.py:641} INFO - Processing file /home/airflow/.local/lib/python3.7/site-packages/airflow/example_dags/example_short_circuit_operator.py for tasks to queue
[2022-08-23 12:04:03,500] {logging_mixin.py:115} INFO - [2022-08-23 12:04:03,500] {dagbag.py:508} INFO - Filling up the DagBag from /home/airflow/.local/lib/python3.7/site-packages/airflow/example_dags/example_short_circuit_operator.py
[2022-08-23 12:04:03,519] {processor.py:651} INFO - DAG(s) dict_keys(['example_short_circuit_operator']) retrieved from /home/airflow/.local/lib/python3.7/site-packages/airflow/example_dags/example_short_circuit_operator.py
[2022-08-23 12:04:03,554] {logging_mixin.py:115} INFO - [2022-08-23 12:04:03,554] {dag.py:2420} INFO - Sync 1 DAGs
[2022-08-23 12:04:03,773] {logging_mixin.py:115} INFO - [2022-08-23 12:04:03,773] {dag.py:2972} INFO - Setting next_dagrun for example_short_circuit_operator to 2022-08-22T12:04:03.773332+00:00, run_after=2022-08-23T12:04:03.773332+00:00
[2022-08-23 12:04:03,786] {processor.py:161} INFO - Processing /home/airflow/.local/lib/python3.7/site-packages/airflow/example_dags/example_short_circuit_operator.py took 0.293 seconds
[2022-08-23 12:04:34,353] {processor.py:153} INFO - Started process (PID=618) to work on /home/airflow/.local/lib/python3.7/site-packages/airflow/example_dags/example_short_circuit_operator.py
[2022-08-23 12:04:34,354] {processor.py:641} INFO - Processing file /home/airflow/.local/lib/python3.7/site-packages/airflow/example_dags/example_short_circuit_operator.py for tasks to queue
[2022-08-23 12:04:34,356] {logging_mixin.py:115} INFO - [2022-08-23 12:04:34,355] {dagbag.py:508} INFO - Filling up the DagBag from /home/airflow/.local/lib/python3.7/site-packages/airflow/example_dags/example_short_circuit_operator.py
[2022-08-23 12:04:34,367] {processor.py:651} INFO - DAG(s) dict_keys(['example_short_circuit_operator']) retrieved from /home/airflow/.local/lib/python3.7/site-packages/airflow/example_dags/example_short_circuit_operator.py
[2022-08-23 12:04:34,414] {logging_mixin.py:115} INFO - [2022-08-23 12:04:34,414] {dag.py:2420} INFO - Sync 1 DAGs
[2022-08-23 12:04:34,712] {logging_mixin.py:115} INFO - [2022-08-23 12:04:34,711] {dag.py:2972} INFO - Setting next_dagrun for example_short_circuit_operator to 2022-08-22T12:04:34.711836+00:00, run_after=2022-08-23T12:04:34.711836+00:00
[2022-08-23 12:04:34,722] {processor.py:161} INFO - Processing /home/airflow/.local/lib/python3.7/site-packages/airflow/example_dags/example_short_circuit_operator.py took 0.374 seconds
[2022-08-23 12:05:04,905] {processor.py:153} INFO - Started process (PID=679) to work on /home/airflow/.local/lib/python3.7/site-packages/airflow/example_dags/example_short_circuit_operator.py
[2022-08-23 12:05:04,906] {processor.py:641} INFO - Processing file /home/airflow/.local/lib/python3.7/site-packages/airflow/example_dags/example_short_circuit_operator.py for tasks to queue
[2022-08-23 12:05:04,907] {logging_mixin.py:115} INFO - [2022-08-23 12:05:04,907] {dagbag.py:508} INFO - Filling up the DagBag from /home/airflow/.local/lib/python3.7/site-packages/airflow/example_dags/example_short_circuit_operator.py
[2022-08-23 12:05:04,921] {processor.py:651} INFO - DAG(s) dict_keys(['example_short_circuit_operator']) retrieved from /home/airflow/.local/lib/python3.7/site-packages/airflow/example_dags/example_short_circuit_operator.py
[2022-08-23 12:05:05,005] {logging_mixin.py:115} INFO - [2022-08-23 12:05:05,005] {dag.py:2420} INFO - Sync 1 DAGs
[2022-08-23 12:05:05,169] {logging_mixin.py:115} INFO - [2022-08-23 12:05:05,169] {dag.py:2972} INFO - Setting next_dagrun for example_short_circuit_operator to 2022-08-22T12:05:05.169653+00:00, run_after=2022-08-23T12:05:05.169653+00:00
[2022-08-23 12:05:05,179] {processor.py:161} INFO - Processing /home/airflow/.local/lib/python3.7/site-packages/airflow/example_dags/example_short_circuit_operator.py took 0.280 seconds
[2022-08-23 12:05:35,789] {processor.py:153} INFO - Started process (PID=731) to work on /home/airflow/.local/lib/python3.7/site-packages/airflow/example_dags/example_short_circuit_operator.py
[2022-08-23 12:05:35,799] {processor.py:641} INFO - Processing file /home/airflow/.local/lib/python3.7/site-packages/airflow/example_dags/example_short_circuit_operator.py for tasks to queue
[2022-08-23 12:05:35,800] {logging_mixin.py:115} INFO - [2022-08-23 12:05:35,800] {dagbag.py:508} INFO - Filling up the DagBag from /home/airflow/.local/lib/python3.7/site-packages/airflow/example_dags/example_short_circuit_operator.py
[2022-08-23 12:05:35,817] {processor.py:651} INFO - DAG(s) dict_keys(['example_short_circuit_operator']) retrieved from /home/airflow/.local/lib/python3.7/site-packages/airflow/example_dags/example_short_circuit_operator.py
[2022-08-23 12:05:35,854] {logging_mixin.py:115} INFO - [2022-08-23 12:05:35,854] {dag.py:2420} INFO - Sync 1 DAGs
[2022-08-23 12:05:36,019] {logging_mixin.py:115} INFO - [2022-08-23 12:05:36,019] {dag.py:2972} INFO - Setting next_dagrun for example_short_circuit_operator to 2022-08-22T12:05:36.018998+00:00, run_after=2022-08-23T12:05:36.018998+00:00
[2022-08-23 12:05:36,029] {processor.py:161} INFO - Processing /home/airflow/.local/lib/python3.7/site-packages/airflow/example_dags/example_short_circuit_operator.py took 0.247 seconds
[2022-08-23 12:06:06,073] {processor.py:153} INFO - Started process (PID=792) to work on /home/airflow/.local/lib/python3.7/site-packages/airflow/example_dags/example_short_circuit_operator.py
[2022-08-23 12:06:06,084] {processor.py:641} INFO - Processing file /home/airflow/.local/lib/python3.7/site-packages/airflow/example_dags/example_short_circuit_operator.py for tasks to queue
[2022-08-23 12:06:06,084] {logging_mixin.py:115} INFO - [2022-08-23 12:06:06,084] {dagbag.py:508} INFO - Filling up the DagBag from /home/airflow/.local/lib/python3.7/site-packages/airflow/example_dags/example_short_circuit_operator.py
[2022-08-23 12:06:06,092] {processor.py:651} INFO - DAG(s) dict_keys(['example_short_circuit_operator']) retrieved from /home/airflow/.local/lib/python3.7/site-packages/airflow/example_dags/example_short_circuit_operator.py
[2022-08-23 12:06:06,131] {logging_mixin.py:115} INFO - [2022-08-23 12:06:06,131] {dag.py:2420} INFO - Sync 1 DAGs
[2022-08-23 12:06:06,314] {logging_mixin.py:115} INFO - [2022-08-23 12:06:06,314] {dag.py:2972} INFO - Setting next_dagrun for example_short_circuit_operator to 2022-08-22T12:06:06.314232+00:00, run_after=2022-08-23T12:06:06.314232+00:00
[2022-08-23 12:06:06,327] {processor.py:161} INFO - Processing /home/airflow/.local/lib/python3.7/site-packages/airflow/example_dags/example_short_circuit_operator.py took 0.257 seconds
[2022-08-23 12:06:36,720] {processor.py:153} INFO - Started process (PID=853) to work on /home/airflow/.local/lib/python3.7/site-packages/airflow/example_dags/example_short_circuit_operator.py
[2022-08-23 12:06:36,721] {processor.py:641} INFO - Processing file /home/airflow/.local/lib/python3.7/site-packages/airflow/example_dags/example_short_circuit_operator.py for tasks to queue
[2022-08-23 12:06:36,721] {logging_mixin.py:115} INFO - [2022-08-23 12:06:36,721] {dagbag.py:508} INFO - Filling up the DagBag from /home/airflow/.local/lib/python3.7/site-packages/airflow/example_dags/example_short_circuit_operator.py
[2022-08-23 12:06:36,731] {processor.py:651} INFO - DAG(s) dict_keys(['example_short_circuit_operator']) retrieved from /home/airflow/.local/lib/python3.7/site-packages/airflow/example_dags/example_short_circuit_operator.py
[2022-08-23 12:06:36,784] {logging_mixin.py:115} INFO - [2022-08-23 12:06:36,784] {dag.py:2420} INFO - Sync 1 DAGs
[2022-08-23 12:06:37,081] {logging_mixin.py:115} INFO - [2022-08-23 12:06:37,081] {dag.py:2972} INFO - Setting next_dagrun for example_short_circuit_operator to 2022-08-22T12:06:37.081384+00:00, run_after=2022-08-23T12:06:37.081384+00:00
[2022-08-23 12:06:37,096] {processor.py:161} INFO - Processing /home/airflow/.local/lib/python3.7/site-packages/airflow/example_dags/example_short_circuit_operator.py took 0.379 seconds
[2022-08-23 12:07:07,276] {processor.py:153} INFO - Started process (PID=905) to work on /home/airflow/.local/lib/python3.7/site-packages/airflow/example_dags/example_short_circuit_operator.py
[2022-08-23 12:07:07,277] {processor.py:641} INFO - Processing file /home/airflow/.local/lib/python3.7/site-packages/airflow/example_dags/example_short_circuit_operator.py for tasks to queue
[2022-08-23 12:07:07,278] {logging_mixin.py:115} INFO - [2022-08-23 12:07:07,278] {dagbag.py:508} INFO - Filling up the DagBag from /home/airflow/.local/lib/python3.7/site-packages/airflow/example_dags/example_short_circuit_operator.py
[2022-08-23 12:07:07,287] {processor.py:651} INFO - DAG(s) dict_keys(['example_short_circuit_operator']) retrieved from /home/airflow/.local/lib/python3.7/site-packages/airflow/example_dags/example_short_circuit_operator.py
[2022-08-23 12:07:07,317] {logging_mixin.py:115} INFO - [2022-08-23 12:07:07,317] {dag.py:2420} INFO - Sync 1 DAGs
[2022-08-23 12:07:07,505] {logging_mixin.py:115} INFO - [2022-08-23 12:07:07,505] {dag.py:2972} INFO - Setting next_dagrun for example_short_circuit_operator to 2022-08-22T12:07:07.505306+00:00, run_after=2022-08-23T12:07:07.505306+00:00
[2022-08-23 12:07:07,520] {processor.py:161} INFO - Processing /home/airflow/.local/lib/python3.7/site-packages/airflow/example_dags/example_short_circuit_operator.py took 0.247 seconds
[2022-08-23 12:07:37,580] {processor.py:153} INFO - Started process (PID=966) to work on /home/airflow/.local/lib/python3.7/site-packages/airflow/example_dags/example_short_circuit_operator.py
[2022-08-23 12:07:37,581] {processor.py:641} INFO - Processing file /home/airflow/.local/lib/python3.7/site-packages/airflow/example_dags/example_short_circuit_operator.py for tasks to queue
[2022-08-23 12:07:37,581] {logging_mixin.py:115} INFO - [2022-08-23 12:07:37,581] {dagbag.py:508} INFO - Filling up the DagBag from /home/airflow/.local/lib/python3.7/site-packages/airflow/example_dags/example_short_circuit_operator.py
[2022-08-23 12:07:37,590] {processor.py:651} INFO - DAG(s) dict_keys(['example_short_circuit_operator']) retrieved from /home/airflow/.local/lib/python3.7/site-packages/airflow/example_dags/example_short_circuit_operator.py
[2022-08-23 12:07:37,624] {logging_mixin.py:115} INFO - [2022-08-23 12:07:37,624] {dag.py:2420} INFO - Sync 1 DAGs
[2022-08-23 12:07:37,810] {logging_mixin.py:115} INFO - [2022-08-23 12:07:37,810] {dag.py:2972} INFO - Setting next_dagrun for example_short_circuit_operator to 2022-08-22T12:07:37.810619+00:00, run_after=2022-08-23T12:07:37.810619+00:00
[2022-08-23 12:07:37,823] {processor.py:161} INFO - Processing /home/airflow/.local/lib/python3.7/site-packages/airflow/example_dags/example_short_circuit_operator.py took 0.246 seconds
[2022-08-23 12:08:08,590] {processor.py:153} INFO - Started process (PID=1027) to work on /home/airflow/.local/lib/python3.7/site-packages/airflow/example_dags/example_short_circuit_operator.py
[2022-08-23 12:08:08,600] {processor.py:641} INFO - Processing file /home/airflow/.local/lib/python3.7/site-packages/airflow/example_dags/example_short_circuit_operator.py for tasks to queue
[2022-08-23 12:08:08,600] {logging_mixin.py:115} INFO - [2022-08-23 12:08:08,600] {dagbag.py:508} INFO - Filling up the DagBag from /home/airflow/.local/lib/python3.7/site-packages/airflow/example_dags/example_short_circuit_operator.py
[2022-08-23 12:08:08,615] {processor.py:651} INFO - DAG(s) dict_keys(['example_short_circuit_operator']) retrieved from /home/airflow/.local/lib/python3.7/site-packages/airflow/example_dags/example_short_circuit_operator.py
[2022-08-23 12:08:08,653] {logging_mixin.py:115} INFO - [2022-08-23 12:08:08,652] {dag.py:2420} INFO - Sync 1 DAGs
[2022-08-23 12:08:08,844] {logging_mixin.py:115} INFO - [2022-08-23 12:08:08,844] {dag.py:2972} INFO - Setting next_dagrun for example_short_circuit_operator to 2022-08-22T12:08:08.843833+00:00, run_after=2022-08-23T12:08:08.843833+00:00
[2022-08-23 12:08:08,858] {processor.py:161} INFO - Processing /home/airflow/.local/lib/python3.7/site-packages/airflow/example_dags/example_short_circuit_operator.py took 0.273 seconds
[2022-08-23 12:08:39,190] {processor.py:153} INFO - Started process (PID=1079) to work on /home/airflow/.local/lib/python3.7/site-packages/airflow/example_dags/example_short_circuit_operator.py
[2022-08-23 12:08:39,200] {processor.py:641} INFO - Processing file /home/airflow/.local/lib/python3.7/site-packages/airflow/example_dags/example_short_circuit_operator.py for tasks to queue
[2022-08-23 12:08:39,201] {logging_mixin.py:115} INFO - [2022-08-23 12:08:39,201] {dagbag.py:508} INFO - Filling up the DagBag from /home/airflow/.local/lib/python3.7/site-packages/airflow/example_dags/example_short_circuit_operator.py
[2022-08-23 12:08:39,216] {processor.py:651} INFO - DAG(s) dict_keys(['example_short_circuit_operator']) retrieved from /home/airflow/.local/lib/python3.7/site-packages/airflow/example_dags/example_short_circuit_operator.py
[2022-08-23 12:08:39,255] {logging_mixin.py:115} INFO - [2022-08-23 12:08:39,255] {dag.py:2420} INFO - Sync 1 DAGs
[2022-08-23 12:08:39,453] {logging_mixin.py:115} INFO - [2022-08-23 12:08:39,453] {dag.py:2972} INFO - Setting next_dagrun for example_short_circuit_operator to 2022-08-22T12:08:39.452889+00:00, run_after=2022-08-23T12:08:39.452889+00:00
[2022-08-23 12:08:39,466] {processor.py:161} INFO - Processing /home/airflow/.local/lib/python3.7/site-packages/airflow/example_dags/example_short_circuit_operator.py took 0.281 seconds
[2022-08-23 12:09:09,713] {processor.py:153} INFO - Started process (PID=1140) to work on /home/airflow/.local/lib/python3.7/site-packages/airflow/example_dags/example_short_circuit_operator.py
[2022-08-23 12:09:09,723] {processor.py:641} INFO - Processing file /home/airflow/.local/lib/python3.7/site-packages/airflow/example_dags/example_short_circuit_operator.py for tasks to queue
[2022-08-23 12:09:09,724] {logging_mixin.py:115} INFO - [2022-08-23 12:09:09,724] {dagbag.py:508} INFO - Filling up the DagBag from /home/airflow/.local/lib/python3.7/site-packages/airflow/example_dags/example_short_circuit_operator.py
[2022-08-23 12:09:09,732] {processor.py:651} INFO - DAG(s) dict_keys(['example_short_circuit_operator']) retrieved from /home/airflow/.local/lib/python3.7/site-packages/airflow/example_dags/example_short_circuit_operator.py
[2022-08-23 12:09:09,761] {logging_mixin.py:115} INFO - [2022-08-23 12:09:09,761] {dag.py:2420} INFO - Sync 1 DAGs
[2022-08-23 12:09:09,924] {logging_mixin.py:115} INFO - [2022-08-23 12:09:09,924] {dag.py:2972} INFO - Setting next_dagrun for example_short_circuit_operator to 2022-08-22T12:09:09.923865+00:00, run_after=2022-08-23T12:09:09.923865+00:00
[2022-08-23 12:09:09,935] {processor.py:161} INFO - Processing /home/airflow/.local/lib/python3.7/site-packages/airflow/example_dags/example_short_circuit_operator.py took 0.228 seconds
[2022-08-23 12:09:40,056] {processor.py:153} INFO - Started process (PID=1192) to work on /home/airflow/.local/lib/python3.7/site-packages/airflow/example_dags/example_short_circuit_operator.py
[2022-08-23 12:09:40,057] {processor.py:641} INFO - Processing file /home/airflow/.local/lib/python3.7/site-packages/airflow/example_dags/example_short_circuit_operator.py for tasks to queue
[2022-08-23 12:09:40,058] {logging_mixin.py:115} INFO - [2022-08-23 12:09:40,057] {dagbag.py:508} INFO - Filling up the DagBag from /home/airflow/.local/lib/python3.7/site-packages/airflow/example_dags/example_short_circuit_operator.py
[2022-08-23 12:09:40,070] {processor.py:651} INFO - DAG(s) dict_keys(['example_short_circuit_operator']) retrieved from /home/airflow/.local/lib/python3.7/site-packages/airflow/example_dags/example_short_circuit_operator.py
[2022-08-23 12:09:40,278] {logging_mixin.py:115} INFO - [2022-08-23 12:09:40,278] {dag.py:2420} INFO - Sync 1 DAGs
[2022-08-23 12:09:40,299] {logging_mixin.py:115} INFO - [2022-08-23 12:09:40,298] {dag.py:2972} INFO - Setting next_dagrun for example_short_circuit_operator to 2022-08-22T12:09:40.298757+00:00, run_after=2022-08-23T12:09:40.298757+00:00
[2022-08-23 12:09:40,311] {processor.py:161} INFO - Processing /home/airflow/.local/lib/python3.7/site-packages/airflow/example_dags/example_short_circuit_operator.py took 0.258 seconds
[2022-08-23 12:10:10,456] {processor.py:153} INFO - Started process (PID=1253) to work on /home/airflow/.local/lib/python3.7/site-packages/airflow/example_dags/example_short_circuit_operator.py
[2022-08-23 12:10:10,456] {processor.py:641} INFO - Processing file /home/airflow/.local/lib/python3.7/site-packages/airflow/example_dags/example_short_circuit_operator.py for tasks to queue
[2022-08-23 12:10:10,457] {logging_mixin.py:115} INFO - [2022-08-23 12:10:10,457] {dagbag.py:508} INFO - Filling up the DagBag from /home/airflow/.local/lib/python3.7/site-packages/airflow/example_dags/example_short_circuit_operator.py
[2022-08-23 12:10:10,476] {processor.py:651} INFO - DAG(s) dict_keys(['example_short_circuit_operator']) retrieved from /home/airflow/.local/lib/python3.7/site-packages/airflow/example_dags/example_short_circuit_operator.py
[2022-08-23 12:10:10,656] {logging_mixin.py:115} INFO - [2022-08-23 12:10:10,656] {dag.py:2420} INFO - Sync 1 DAGs
[2022-08-23 12:10:10,675] {logging_mixin.py:115} INFO - [2022-08-23 12:10:10,675] {dag.py:2972} INFO - Setting next_dagrun for example_short_circuit_operator to 2022-08-22T12:10:10.675036+00:00, run_after=2022-08-23T12:10:10.675036+00:00
[2022-08-23 12:10:10,692] {processor.py:161} INFO - Processing /home/airflow/.local/lib/python3.7/site-packages/airflow/example_dags/example_short_circuit_operator.py took 0.243 seconds
[2022-08-23 12:10:41,248] {processor.py:153} INFO - Started process (PID=1314) to work on /home/airflow/.local/lib/python3.7/site-packages/airflow/example_dags/example_short_circuit_operator.py
[2022-08-23 12:10:41,258] {processor.py:641} INFO - Processing file /home/airflow/.local/lib/python3.7/site-packages/airflow/example_dags/example_short_circuit_operator.py for tasks to queue
[2022-08-23 12:10:41,259] {logging_mixin.py:115} INFO - [2022-08-23 12:10:41,258] {dagbag.py:508} INFO - Filling up the DagBag from /home/airflow/.local/lib/python3.7/site-packages/airflow/example_dags/example_short_circuit_operator.py
[2022-08-23 12:10:41,274] {processor.py:651} INFO - DAG(s) dict_keys(['example_short_circuit_operator']) retrieved from /home/airflow/.local/lib/python3.7/site-packages/airflow/example_dags/example_short_circuit_operator.py
[2022-08-23 12:10:41,456] {logging_mixin.py:115} INFO - [2022-08-23 12:10:41,455] {dag.py:2420} INFO - Sync 1 DAGs
[2022-08-23 12:10:41,475] {logging_mixin.py:115} INFO - [2022-08-23 12:10:41,475] {dag.py:2972} INFO - Setting next_dagrun for example_short_circuit_operator to 2022-08-22T12:10:41.475343+00:00, run_after=2022-08-23T12:10:41.475343+00:00
[2022-08-23 12:10:41,487] {processor.py:161} INFO - Processing /home/airflow/.local/lib/python3.7/site-packages/airflow/example_dags/example_short_circuit_operator.py took 0.244 seconds
[2022-08-23 12:11:11,973] {processor.py:153} INFO - Started process (PID=1366) to work on /home/airflow/.local/lib/python3.7/site-packages/airflow/example_dags/example_short_circuit_operator.py
[2022-08-23 12:11:11,973] {processor.py:641} INFO - Processing file /home/airflow/.local/lib/python3.7/site-packages/airflow/example_dags/example_short_circuit_operator.py for tasks to queue
[2022-08-23 12:11:11,973] {logging_mixin.py:115} INFO - [2022-08-23 12:11:11,973] {dagbag.py:508} INFO - Filling up the DagBag from /home/airflow/.local/lib/python3.7/site-packages/airflow/example_dags/example_short_circuit_operator.py
[2022-08-23 12:11:11,986] {processor.py:651} INFO - DAG(s) dict_keys(['example_short_circuit_operator']) retrieved from /home/airflow/.local/lib/python3.7/site-packages/airflow/example_dags/example_short_circuit_operator.py
[2022-08-23 12:11:12,326] {logging_mixin.py:115} INFO - [2022-08-23 12:11:12,326] {dag.py:2420} INFO - Sync 1 DAGs
[2022-08-23 12:11:12,345] {logging_mixin.py:115} INFO - [2022-08-23 12:11:12,345] {dag.py:2972} INFO - Setting next_dagrun for example_short_circuit_operator to 2022-08-22T12:11:12.345184+00:00, run_after=2022-08-23T12:11:12.345184+00:00
[2022-08-23 12:11:12,357] {processor.py:161} INFO - Processing /home/airflow/.local/lib/python3.7/site-packages/airflow/example_dags/example_short_circuit_operator.py took 0.388 seconds
[2022-08-23 12:11:42,426] {processor.py:153} INFO - Started process (PID=1427) to work on /home/airflow/.local/lib/python3.7/site-packages/airflow/example_dags/example_short_circuit_operator.py
[2022-08-23 12:11:42,427] {processor.py:641} INFO - Processing file /home/airflow/.local/lib/python3.7/site-packages/airflow/example_dags/example_short_circuit_operator.py for tasks to queue
[2022-08-23 12:11:42,428] {logging_mixin.py:115} INFO - [2022-08-23 12:11:42,428] {dagbag.py:508} INFO - Filling up the DagBag from /home/airflow/.local/lib/python3.7/site-packages/airflow/example_dags/example_short_circuit_operator.py
[2022-08-23 12:11:42,446] {processor.py:651} INFO - DAG(s) dict_keys(['example_short_circuit_operator']) retrieved from /home/airflow/.local/lib/python3.7/site-packages/airflow/example_dags/example_short_circuit_operator.py
[2022-08-23 12:11:42,667] {logging_mixin.py:115} INFO - [2022-08-23 12:11:42,666] {dag.py:2420} INFO - Sync 1 DAGs
[2022-08-23 12:11:42,685] {logging_mixin.py:115} INFO - [2022-08-23 12:11:42,685] {dag.py:2972} INFO - Setting next_dagrun for example_short_circuit_operator to 2022-08-22T12:11:42.684922+00:00, run_after=2022-08-23T12:11:42.684922+00:00
[2022-08-23 12:11:42,694] {processor.py:161} INFO - Processing /home/airflow/.local/lib/python3.7/site-packages/airflow/example_dags/example_short_circuit_operator.py took 0.274 seconds
[2022-08-23 12:12:12,878] {processor.py:153} INFO - Started process (PID=1488) to work on /home/airflow/.local/lib/python3.7/site-packages/airflow/example_dags/example_short_circuit_operator.py
[2022-08-23 12:12:12,879] {processor.py:641} INFO - Processing file /home/airflow/.local/lib/python3.7/site-packages/airflow/example_dags/example_short_circuit_operator.py for tasks to queue
[2022-08-23 12:12:12,879] {logging_mixin.py:115} INFO - [2022-08-23 12:12:12,879] {dagbag.py:508} INFO - Filling up the DagBag from /home/airflow/.local/lib/python3.7/site-packages/airflow/example_dags/example_short_circuit_operator.py
[2022-08-23 12:12:12,886] {processor.py:651} INFO - DAG(s) dict_keys(['example_short_circuit_operator']) retrieved from /home/airflow/.local/lib/python3.7/site-packages/airflow/example_dags/example_short_circuit_operator.py
[2022-08-23 12:12:13,073] {logging_mixin.py:115} INFO - [2022-08-23 12:12:13,073] {dag.py:2420} INFO - Sync 1 DAGs
[2022-08-23 12:12:13,092] {logging_mixin.py:115} INFO - [2022-08-23 12:12:13,092] {dag.py:2972} INFO - Setting next_dagrun for example_short_circuit_operator to 2022-08-22T12:12:13.092046+00:00, run_after=2022-08-23T12:12:13.092046+00:00
[2022-08-23 12:12:13,110] {processor.py:161} INFO - Processing /home/airflow/.local/lib/python3.7/site-packages/airflow/example_dags/example_short_circuit_operator.py took 0.235 seconds
[2022-08-23 12:12:43,294] {processor.py:153} INFO - Started process (PID=1540) to work on /home/airflow/.local/lib/python3.7/site-packages/airflow/example_dags/example_short_circuit_operator.py
[2022-08-23 12:12:43,295] {processor.py:641} INFO - Processing file /home/airflow/.local/lib/python3.7/site-packages/airflow/example_dags/example_short_circuit_operator.py for tasks to queue
[2022-08-23 12:12:43,295] {logging_mixin.py:115} INFO - [2022-08-23 12:12:43,295] {dagbag.py:508} INFO - Filling up the DagBag from /home/airflow/.local/lib/python3.7/site-packages/airflow/example_dags/example_short_circuit_operator.py
[2022-08-23 12:12:43,304] {processor.py:651} INFO - DAG(s) dict_keys(['example_short_circuit_operator']) retrieved from /home/airflow/.local/lib/python3.7/site-packages/airflow/example_dags/example_short_circuit_operator.py
[2022-08-23 12:12:43,492] {logging_mixin.py:115} INFO - [2022-08-23 12:12:43,492] {dag.py:2420} INFO - Sync 1 DAGs
[2022-08-23 12:12:43,510] {logging_mixin.py:115} INFO - [2022-08-23 12:12:43,509] {dag.py:2972} INFO - Setting next_dagrun for example_short_circuit_operator to 2022-08-22T12:12:43.509623+00:00, run_after=2022-08-23T12:12:43.509623+00:00
[2022-08-23 12:12:43,521] {processor.py:161} INFO - Processing /home/airflow/.local/lib/python3.7/site-packages/airflow/example_dags/example_short_circuit_operator.py took 0.230 seconds
[2022-08-23 12:13:13,641] {processor.py:153} INFO - Started process (PID=1601) to work on /home/airflow/.local/lib/python3.7/site-packages/airflow/example_dags/example_short_circuit_operator.py
[2022-08-23 12:13:13,642] {processor.py:641} INFO - Processing file /home/airflow/.local/lib/python3.7/site-packages/airflow/example_dags/example_short_circuit_operator.py for tasks to queue
[2022-08-23 12:13:13,643] {logging_mixin.py:115} INFO - [2022-08-23 12:13:13,643] {dagbag.py:508} INFO - Filling up the DagBag from /home/airflow/.local/lib/python3.7/site-packages/airflow/example_dags/example_short_circuit_operator.py
[2022-08-23 12:13:13,659] {processor.py:651} INFO - DAG(s) dict_keys(['example_short_circuit_operator']) retrieved from /home/airflow/.local/lib/python3.7/site-packages/airflow/example_dags/example_short_circuit_operator.py
[2022-08-23 12:13:14,287] {logging_mixin.py:115} INFO - [2022-08-23 12:13:14,287] {dag.py:2420} INFO - Sync 1 DAGs
[2022-08-23 12:13:14,306] {logging_mixin.py:115} INFO - [2022-08-23 12:13:14,306] {dag.py:2972} INFO - Setting next_dagrun for example_short_circuit_operator to 2022-08-22T12:13:14.306008+00:00, run_after=2022-08-23T12:13:14.306008+00:00
[2022-08-23 12:13:14,319] {processor.py:161} INFO - Processing /home/airflow/.local/lib/python3.7/site-packages/airflow/example_dags/example_short_circuit_operator.py took 0.686 seconds
[2022-08-23 12:13:45,063] {processor.py:153} INFO - Started process (PID=1662) to work on /home/airflow/.local/lib/python3.7/site-packages/airflow/example_dags/example_short_circuit_operator.py
[2022-08-23 12:13:45,064] {processor.py:641} INFO - Processing file /home/airflow/.local/lib/python3.7/site-packages/airflow/example_dags/example_short_circuit_operator.py for tasks to queue
[2022-08-23 12:13:45,065] {logging_mixin.py:115} INFO - [2022-08-23 12:13:45,065] {dagbag.py:508} INFO - Filling up the DagBag from /home/airflow/.local/lib/python3.7/site-packages/airflow/example_dags/example_short_circuit_operator.py
[2022-08-23 12:13:45,080] {processor.py:651} INFO - DAG(s) dict_keys(['example_short_circuit_operator']) retrieved from /home/airflow/.local/lib/python3.7/site-packages/airflow/example_dags/example_short_circuit_operator.py
[2022-08-23 12:13:45,416] {logging_mixin.py:115} INFO - [2022-08-23 12:13:45,416] {dag.py:2420} INFO - Sync 1 DAGs
[2022-08-23 12:13:45,439] {logging_mixin.py:115} INFO - [2022-08-23 12:13:45,439] {dag.py:2972} INFO - Setting next_dagrun for example_short_circuit_operator to 2022-08-22T12:13:45.438917+00:00, run_after=2022-08-23T12:13:45.438917+00:00
[2022-08-23 12:13:45,454] {processor.py:161} INFO - Processing /home/airflow/.local/lib/python3.7/site-packages/airflow/example_dags/example_short_circuit_operator.py took 0.396 seconds
