[2022-08-23 11:59:27,454] {processor.py:153} INFO - Started process (PID=50) to work on /home/airflow/.local/lib/python3.7/site-packages/airflow/example_dags/example_python_operator.py
[2022-08-23 11:59:27,454] {processor.py:641} INFO - Processing file /home/airflow/.local/lib/python3.7/site-packages/airflow/example_dags/example_python_operator.py for tasks to queue
[2022-08-23 11:59:27,455] {logging_mixin.py:115} INFO - [2022-08-23 11:59:27,455] {dagbag.py:508} INFO - Filling up the DagBag from /home/airflow/.local/lib/python3.7/site-packages/airflow/example_dags/example_python_operator.py
[2022-08-23 11:59:27,467] {processor.py:651} INFO - DAG(s) dict_keys(['example_python_operator']) retrieved from /home/airflow/.local/lib/python3.7/site-packages/airflow/example_dags/example_python_operator.py
[2022-08-23 11:59:27,494] {logging_mixin.py:115} INFO - [2022-08-23 11:59:27,493] {dag.py:2420} INFO - Sync 1 DAGs
[2022-08-23 11:59:27,642] {logging_mixin.py:115} INFO - [2022-08-23 11:59:27,642] {dag.py:2972} INFO - Setting next_dagrun for example_python_operator to None, run_after=None
[2022-08-23 11:59:27,654] {processor.py:161} INFO - Processing /home/airflow/.local/lib/python3.7/site-packages/airflow/example_dags/example_python_operator.py took 0.202 seconds
[2022-08-23 11:59:57,856] {processor.py:153} INFO - Started process (PID=111) to work on /home/airflow/.local/lib/python3.7/site-packages/airflow/example_dags/example_python_operator.py
[2022-08-23 11:59:57,857] {processor.py:641} INFO - Processing file /home/airflow/.local/lib/python3.7/site-packages/airflow/example_dags/example_python_operator.py for tasks to queue
[2022-08-23 11:59:57,857] {logging_mixin.py:115} INFO - [2022-08-23 11:59:57,857] {dagbag.py:508} INFO - Filling up the DagBag from /home/airflow/.local/lib/python3.7/site-packages/airflow/example_dags/example_python_operator.py
[2022-08-23 11:59:57,868] {processor.py:651} INFO - DAG(s) dict_keys(['example_python_operator']) retrieved from /home/airflow/.local/lib/python3.7/site-packages/airflow/example_dags/example_python_operator.py
[2022-08-23 11:59:57,972] {logging_mixin.py:115} INFO - [2022-08-23 11:59:57,972] {dag.py:2420} INFO - Sync 1 DAGs
[2022-08-23 11:59:57,988] {logging_mixin.py:115} INFO - [2022-08-23 11:59:57,988] {dag.py:2972} INFO - Setting next_dagrun for example_python_operator to None, run_after=None
[2022-08-23 11:59:57,997] {processor.py:161} INFO - Processing /home/airflow/.local/lib/python3.7/site-packages/airflow/example_dags/example_python_operator.py took 0.142 seconds
[2022-08-23 12:00:28,766] {processor.py:153} INFO - Started process (PID=172) to work on /home/airflow/.local/lib/python3.7/site-packages/airflow/example_dags/example_python_operator.py
[2022-08-23 12:00:28,767] {processor.py:641} INFO - Processing file /home/airflow/.local/lib/python3.7/site-packages/airflow/example_dags/example_python_operator.py for tasks to queue
[2022-08-23 12:00:28,768] {logging_mixin.py:115} INFO - [2022-08-23 12:00:28,767] {dagbag.py:508} INFO - Filling up the DagBag from /home/airflow/.local/lib/python3.7/site-packages/airflow/example_dags/example_python_operator.py
[2022-08-23 12:00:28,790] {processor.py:651} INFO - DAG(s) dict_keys(['example_python_operator']) retrieved from /home/airflow/.local/lib/python3.7/site-packages/airflow/example_dags/example_python_operator.py
[2022-08-23 12:00:29,122] {logging_mixin.py:115} INFO - [2022-08-23 12:00:29,121] {dag.py:2420} INFO - Sync 1 DAGs
[2022-08-23 12:00:29,149] {logging_mixin.py:115} INFO - [2022-08-23 12:00:29,149] {dag.py:2972} INFO - Setting next_dagrun for example_python_operator to None, run_after=None
[2022-08-23 12:00:29,170] {processor.py:161} INFO - Processing /home/airflow/.local/lib/python3.7/site-packages/airflow/example_dags/example_python_operator.py took 0.406 seconds
[2022-08-23 12:00:59,458] {processor.py:153} INFO - Started process (PID=224) to work on /home/airflow/.local/lib/python3.7/site-packages/airflow/example_dags/example_python_operator.py
[2022-08-23 12:00:59,459] {processor.py:641} INFO - Processing file /home/airflow/.local/lib/python3.7/site-packages/airflow/example_dags/example_python_operator.py for tasks to queue
[2022-08-23 12:00:59,460] {logging_mixin.py:115} INFO - [2022-08-23 12:00:59,460] {dagbag.py:508} INFO - Filling up the DagBag from /home/airflow/.local/lib/python3.7/site-packages/airflow/example_dags/example_python_operator.py
[2022-08-23 12:00:59,498] {processor.py:651} INFO - DAG(s) dict_keys(['example_python_operator']) retrieved from /home/airflow/.local/lib/python3.7/site-packages/airflow/example_dags/example_python_operator.py
[2022-08-23 12:00:59,624] {logging_mixin.py:115} INFO - [2022-08-23 12:00:59,624] {dag.py:2420} INFO - Sync 1 DAGs
[2022-08-23 12:00:59,640] {logging_mixin.py:115} INFO - [2022-08-23 12:00:59,640] {dag.py:2972} INFO - Setting next_dagrun for example_python_operator to None, run_after=None
[2022-08-23 12:00:59,661] {processor.py:161} INFO - Processing /home/airflow/.local/lib/python3.7/site-packages/airflow/example_dags/example_python_operator.py took 0.207 seconds
[2022-08-23 12:01:30,599] {processor.py:153} INFO - Started process (PID=285) to work on /home/airflow/.local/lib/python3.7/site-packages/airflow/example_dags/example_python_operator.py
[2022-08-23 12:01:30,600] {processor.py:641} INFO - Processing file /home/airflow/.local/lib/python3.7/site-packages/airflow/example_dags/example_python_operator.py for tasks to queue
[2022-08-23 12:01:30,601] {logging_mixin.py:115} INFO - [2022-08-23 12:01:30,600] {dagbag.py:508} INFO - Filling up the DagBag from /home/airflow/.local/lib/python3.7/site-packages/airflow/example_dags/example_python_operator.py
[2022-08-23 12:01:30,630] {processor.py:651} INFO - DAG(s) dict_keys(['example_python_operator']) retrieved from /home/airflow/.local/lib/python3.7/site-packages/airflow/example_dags/example_python_operator.py
[2022-08-23 12:01:30,786] {logging_mixin.py:115} INFO - [2022-08-23 12:01:30,786] {dag.py:2420} INFO - Sync 1 DAGs
[2022-08-23 12:01:30,808] {logging_mixin.py:115} INFO - [2022-08-23 12:01:30,807] {dag.py:2972} INFO - Setting next_dagrun for example_python_operator to None, run_after=None
[2022-08-23 12:01:30,825] {processor.py:161} INFO - Processing /home/airflow/.local/lib/python3.7/site-packages/airflow/example_dags/example_python_operator.py took 0.230 seconds
[2022-08-23 12:02:02,998] {processor.py:153} INFO - Started process (PID=337) to work on /home/airflow/.local/lib/python3.7/site-packages/airflow/example_dags/example_python_operator.py
[2022-08-23 12:02:02,999] {processor.py:641} INFO - Processing file /home/airflow/.local/lib/python3.7/site-packages/airflow/example_dags/example_python_operator.py for tasks to queue
[2022-08-23 12:02:02,999] {logging_mixin.py:115} INFO - [2022-08-23 12:02:02,999] {dagbag.py:508} INFO - Filling up the DagBag from /home/airflow/.local/lib/python3.7/site-packages/airflow/example_dags/example_python_operator.py
[2022-08-23 12:02:03,056] {processor.py:651} INFO - DAG(s) dict_keys(['example_python_operator']) retrieved from /home/airflow/.local/lib/python3.7/site-packages/airflow/example_dags/example_python_operator.py
[2022-08-23 12:02:03,528] {logging_mixin.py:115} INFO - [2022-08-23 12:02:03,528] {dag.py:2420} INFO - Sync 1 DAGs
[2022-08-23 12:02:03,569] {logging_mixin.py:115} INFO - [2022-08-23 12:02:03,569] {dag.py:2972} INFO - Setting next_dagrun for example_python_operator to None, run_after=None
[2022-08-23 12:02:03,598] {processor.py:161} INFO - Processing /home/airflow/.local/lib/python3.7/site-packages/airflow/example_dags/example_python_operator.py took 0.606 seconds
[2022-08-23 12:02:33,864] {processor.py:153} INFO - Started process (PID=397) to work on /home/airflow/.local/lib/python3.7/site-packages/airflow/example_dags/example_python_operator.py
[2022-08-23 12:02:33,865] {processor.py:641} INFO - Processing file /home/airflow/.local/lib/python3.7/site-packages/airflow/example_dags/example_python_operator.py for tasks to queue
[2022-08-23 12:02:33,866] {logging_mixin.py:115} INFO - [2022-08-23 12:02:33,866] {dagbag.py:508} INFO - Filling up the DagBag from /home/airflow/.local/lib/python3.7/site-packages/airflow/example_dags/example_python_operator.py
[2022-08-23 12:02:33,893] {processor.py:651} INFO - DAG(s) dict_keys(['example_python_operator']) retrieved from /home/airflow/.local/lib/python3.7/site-packages/airflow/example_dags/example_python_operator.py
[2022-08-23 12:02:34,101] {logging_mixin.py:115} INFO - [2022-08-23 12:02:34,101] {dag.py:2420} INFO - Sync 1 DAGs
[2022-08-23 12:02:34,123] {logging_mixin.py:115} INFO - [2022-08-23 12:02:34,123] {dag.py:2972} INFO - Setting next_dagrun for example_python_operator to None, run_after=None
[2022-08-23 12:02:34,134] {processor.py:161} INFO - Processing /home/airflow/.local/lib/python3.7/site-packages/airflow/example_dags/example_python_operator.py took 0.275 seconds
[2022-08-23 12:03:04,327] {processor.py:153} INFO - Started process (PID=449) to work on /home/airflow/.local/lib/python3.7/site-packages/airflow/example_dags/example_python_operator.py
[2022-08-23 12:03:04,327] {processor.py:641} INFO - Processing file /home/airflow/.local/lib/python3.7/site-packages/airflow/example_dags/example_python_operator.py for tasks to queue
[2022-08-23 12:03:04,328] {logging_mixin.py:115} INFO - [2022-08-23 12:03:04,328] {dagbag.py:508} INFO - Filling up the DagBag from /home/airflow/.local/lib/python3.7/site-packages/airflow/example_dags/example_python_operator.py
[2022-08-23 12:03:04,345] {processor.py:651} INFO - DAG(s) dict_keys(['example_python_operator']) retrieved from /home/airflow/.local/lib/python3.7/site-packages/airflow/example_dags/example_python_operator.py
[2022-08-23 12:03:04,526] {logging_mixin.py:115} INFO - [2022-08-23 12:03:04,526] {dag.py:2420} INFO - Sync 1 DAGs
[2022-08-23 12:03:04,545] {logging_mixin.py:115} INFO - [2022-08-23 12:03:04,545] {dag.py:2972} INFO - Setting next_dagrun for example_python_operator to None, run_after=None
[2022-08-23 12:03:04,558] {processor.py:161} INFO - Processing /home/airflow/.local/lib/python3.7/site-packages/airflow/example_dags/example_python_operator.py took 0.234 seconds
[2022-08-23 12:03:34,700] {processor.py:153} INFO - Started process (PID=510) to work on /home/airflow/.local/lib/python3.7/site-packages/airflow/example_dags/example_python_operator.py
[2022-08-23 12:03:34,701] {processor.py:641} INFO - Processing file /home/airflow/.local/lib/python3.7/site-packages/airflow/example_dags/example_python_operator.py for tasks to queue
[2022-08-23 12:03:34,702] {logging_mixin.py:115} INFO - [2022-08-23 12:03:34,701] {dagbag.py:508} INFO - Filling up the DagBag from /home/airflow/.local/lib/python3.7/site-packages/airflow/example_dags/example_python_operator.py
[2022-08-23 12:03:34,724] {processor.py:651} INFO - DAG(s) dict_keys(['example_python_operator']) retrieved from /home/airflow/.local/lib/python3.7/site-packages/airflow/example_dags/example_python_operator.py
[2022-08-23 12:03:34,906] {logging_mixin.py:115} INFO - [2022-08-23 12:03:34,906] {dag.py:2420} INFO - Sync 1 DAGs
[2022-08-23 12:03:34,926] {logging_mixin.py:115} INFO - [2022-08-23 12:03:34,926] {dag.py:2972} INFO - Setting next_dagrun for example_python_operator to None, run_after=None
[2022-08-23 12:03:34,936] {processor.py:161} INFO - Processing /home/airflow/.local/lib/python3.7/site-packages/airflow/example_dags/example_python_operator.py took 0.238 seconds
[2022-08-23 12:04:05,087] {processor.py:153} INFO - Started process (PID=571) to work on /home/airflow/.local/lib/python3.7/site-packages/airflow/example_dags/example_python_operator.py
[2022-08-23 12:04:05,088] {processor.py:641} INFO - Processing file /home/airflow/.local/lib/python3.7/site-packages/airflow/example_dags/example_python_operator.py for tasks to queue
[2022-08-23 12:04:05,088] {logging_mixin.py:115} INFO - [2022-08-23 12:04:05,088] {dagbag.py:508} INFO - Filling up the DagBag from /home/airflow/.local/lib/python3.7/site-packages/airflow/example_dags/example_python_operator.py
[2022-08-23 12:04:05,107] {processor.py:651} INFO - DAG(s) dict_keys(['example_python_operator']) retrieved from /home/airflow/.local/lib/python3.7/site-packages/airflow/example_dags/example_python_operator.py
[2022-08-23 12:04:05,258] {logging_mixin.py:115} INFO - [2022-08-23 12:04:05,258] {dag.py:2420} INFO - Sync 1 DAGs
[2022-08-23 12:04:05,277] {logging_mixin.py:115} INFO - [2022-08-23 12:04:05,277] {dag.py:2972} INFO - Setting next_dagrun for example_python_operator to None, run_after=None
[2022-08-23 12:04:05,297] {processor.py:161} INFO - Processing /home/airflow/.local/lib/python3.7/site-packages/airflow/example_dags/example_python_operator.py took 0.213 seconds
[2022-08-23 12:04:35,488] {processor.py:153} INFO - Started process (PID=623) to work on /home/airflow/.local/lib/python3.7/site-packages/airflow/example_dags/example_python_operator.py
[2022-08-23 12:04:35,489] {processor.py:641} INFO - Processing file /home/airflow/.local/lib/python3.7/site-packages/airflow/example_dags/example_python_operator.py for tasks to queue
[2022-08-23 12:04:35,489] {logging_mixin.py:115} INFO - [2022-08-23 12:04:35,489] {dagbag.py:508} INFO - Filling up the DagBag from /home/airflow/.local/lib/python3.7/site-packages/airflow/example_dags/example_python_operator.py
[2022-08-23 12:04:35,509] {processor.py:651} INFO - DAG(s) dict_keys(['example_python_operator']) retrieved from /home/airflow/.local/lib/python3.7/site-packages/airflow/example_dags/example_python_operator.py
[2022-08-23 12:04:35,697] {logging_mixin.py:115} INFO - [2022-08-23 12:04:35,697] {dag.py:2420} INFO - Sync 1 DAGs
[2022-08-23 12:04:35,718] {logging_mixin.py:115} INFO - [2022-08-23 12:04:35,718] {dag.py:2972} INFO - Setting next_dagrun for example_python_operator to None, run_after=None
[2022-08-23 12:04:35,732] {processor.py:161} INFO - Processing /home/airflow/.local/lib/python3.7/site-packages/airflow/example_dags/example_python_operator.py took 0.246 seconds
[2022-08-23 12:05:06,498] {processor.py:153} INFO - Started process (PID=684) to work on /home/airflow/.local/lib/python3.7/site-packages/airflow/example_dags/example_python_operator.py
[2022-08-23 12:05:06,499] {processor.py:641} INFO - Processing file /home/airflow/.local/lib/python3.7/site-packages/airflow/example_dags/example_python_operator.py for tasks to queue
[2022-08-23 12:05:06,499] {logging_mixin.py:115} INFO - [2022-08-23 12:05:06,499] {dagbag.py:508} INFO - Filling up the DagBag from /home/airflow/.local/lib/python3.7/site-packages/airflow/example_dags/example_python_operator.py
[2022-08-23 12:05:06,519] {processor.py:651} INFO - DAG(s) dict_keys(['example_python_operator']) retrieved from /home/airflow/.local/lib/python3.7/site-packages/airflow/example_dags/example_python_operator.py
[2022-08-23 12:05:06,699] {logging_mixin.py:115} INFO - [2022-08-23 12:05:06,699] {dag.py:2420} INFO - Sync 1 DAGs
[2022-08-23 12:05:06,718] {logging_mixin.py:115} INFO - [2022-08-23 12:05:06,718] {dag.py:2972} INFO - Setting next_dagrun for example_python_operator to None, run_after=None
[2022-08-23 12:05:06,745] {processor.py:161} INFO - Processing /home/airflow/.local/lib/python3.7/site-packages/airflow/example_dags/example_python_operator.py took 0.250 seconds
[2022-08-23 12:05:37,521] {processor.py:153} INFO - Started process (PID=745) to work on /home/airflow/.local/lib/python3.7/site-packages/airflow/example_dags/example_python_operator.py
[2022-08-23 12:05:37,522] {processor.py:641} INFO - Processing file /home/airflow/.local/lib/python3.7/site-packages/airflow/example_dags/example_python_operator.py for tasks to queue
[2022-08-23 12:05:37,522] {logging_mixin.py:115} INFO - [2022-08-23 12:05:37,522] {dagbag.py:508} INFO - Filling up the DagBag from /home/airflow/.local/lib/python3.7/site-packages/airflow/example_dags/example_python_operator.py
[2022-08-23 12:05:37,566] {processor.py:651} INFO - DAG(s) dict_keys(['example_python_operator']) retrieved from /home/airflow/.local/lib/python3.7/site-packages/airflow/example_dags/example_python_operator.py
[2022-08-23 12:05:37,895] {logging_mixin.py:115} INFO - [2022-08-23 12:05:37,895] {dag.py:2420} INFO - Sync 1 DAGs
[2022-08-23 12:05:37,918] {logging_mixin.py:115} INFO - [2022-08-23 12:05:37,918] {dag.py:2972} INFO - Setting next_dagrun for example_python_operator to None, run_after=None
[2022-08-23 12:05:37,933] {processor.py:161} INFO - Processing /home/airflow/.local/lib/python3.7/site-packages/airflow/example_dags/example_python_operator.py took 0.418 seconds
[2022-08-23 12:06:08,645] {processor.py:153} INFO - Started process (PID=797) to work on /home/airflow/.local/lib/python3.7/site-packages/airflow/example_dags/example_python_operator.py
[2022-08-23 12:06:08,646] {processor.py:641} INFO - Processing file /home/airflow/.local/lib/python3.7/site-packages/airflow/example_dags/example_python_operator.py for tasks to queue
[2022-08-23 12:06:08,647] {logging_mixin.py:115} INFO - [2022-08-23 12:06:08,647] {dagbag.py:508} INFO - Filling up the DagBag from /home/airflow/.local/lib/python3.7/site-packages/airflow/example_dags/example_python_operator.py
[2022-08-23 12:06:08,682] {processor.py:651} INFO - DAG(s) dict_keys(['example_python_operator']) retrieved from /home/airflow/.local/lib/python3.7/site-packages/airflow/example_dags/example_python_operator.py
[2022-08-23 12:06:08,860] {logging_mixin.py:115} INFO - [2022-08-23 12:06:08,860] {dag.py:2420} INFO - Sync 1 DAGs
[2022-08-23 12:06:08,876] {logging_mixin.py:115} INFO - [2022-08-23 12:06:08,876] {dag.py:2972} INFO - Setting next_dagrun for example_python_operator to None, run_after=None
[2022-08-23 12:06:08,888] {processor.py:161} INFO - Processing /home/airflow/.local/lib/python3.7/site-packages/airflow/example_dags/example_python_operator.py took 0.246 seconds
[2022-08-23 12:06:39,449] {processor.py:153} INFO - Started process (PID=858) to work on /home/airflow/.local/lib/python3.7/site-packages/airflow/example_dags/example_python_operator.py
[2022-08-23 12:06:39,450] {processor.py:641} INFO - Processing file /home/airflow/.local/lib/python3.7/site-packages/airflow/example_dags/example_python_operator.py for tasks to queue
[2022-08-23 12:06:39,451] {logging_mixin.py:115} INFO - [2022-08-23 12:06:39,451] {dagbag.py:508} INFO - Filling up the DagBag from /home/airflow/.local/lib/python3.7/site-packages/airflow/example_dags/example_python_operator.py
[2022-08-23 12:06:39,490] {processor.py:651} INFO - DAG(s) dict_keys(['example_python_operator']) retrieved from /home/airflow/.local/lib/python3.7/site-packages/airflow/example_dags/example_python_operator.py
[2022-08-23 12:06:39,725] {logging_mixin.py:115} INFO - [2022-08-23 12:06:39,725] {dag.py:2420} INFO - Sync 1 DAGs
[2022-08-23 12:06:39,743] {logging_mixin.py:115} INFO - [2022-08-23 12:06:39,743] {dag.py:2972} INFO - Setting next_dagrun for example_python_operator to None, run_after=None
[2022-08-23 12:06:39,754] {processor.py:161} INFO - Processing /home/airflow/.local/lib/python3.7/site-packages/airflow/example_dags/example_python_operator.py took 0.312 seconds
[2022-08-23 12:07:09,804] {processor.py:153} INFO - Started process (PID=910) to work on /home/airflow/.local/lib/python3.7/site-packages/airflow/example_dags/example_python_operator.py
[2022-08-23 12:07:09,814] {processor.py:641} INFO - Processing file /home/airflow/.local/lib/python3.7/site-packages/airflow/example_dags/example_python_operator.py for tasks to queue
[2022-08-23 12:07:09,815] {logging_mixin.py:115} INFO - [2022-08-23 12:07:09,815] {dagbag.py:508} INFO - Filling up the DagBag from /home/airflow/.local/lib/python3.7/site-packages/airflow/example_dags/example_python_operator.py
[2022-08-23 12:07:09,845] {processor.py:651} INFO - DAG(s) dict_keys(['example_python_operator']) retrieved from /home/airflow/.local/lib/python3.7/site-packages/airflow/example_dags/example_python_operator.py
[2022-08-23 12:07:10,035] {logging_mixin.py:115} INFO - [2022-08-23 12:07:10,035] {dag.py:2420} INFO - Sync 1 DAGs
[2022-08-23 12:07:10,056] {logging_mixin.py:115} INFO - [2022-08-23 12:07:10,056] {dag.py:2972} INFO - Setting next_dagrun for example_python_operator to None, run_after=None
[2022-08-23 12:07:10,077] {processor.py:161} INFO - Processing /home/airflow/.local/lib/python3.7/site-packages/airflow/example_dags/example_python_operator.py took 0.279 seconds
[2022-08-23 12:07:40,136] {processor.py:153} INFO - Started process (PID=971) to work on /home/airflow/.local/lib/python3.7/site-packages/airflow/example_dags/example_python_operator.py
[2022-08-23 12:07:40,147] {processor.py:641} INFO - Processing file /home/airflow/.local/lib/python3.7/site-packages/airflow/example_dags/example_python_operator.py for tasks to queue
[2022-08-23 12:07:40,147] {logging_mixin.py:115} INFO - [2022-08-23 12:07:40,147] {dagbag.py:508} INFO - Filling up the DagBag from /home/airflow/.local/lib/python3.7/site-packages/airflow/example_dags/example_python_operator.py
[2022-08-23 12:07:40,170] {processor.py:651} INFO - DAG(s) dict_keys(['example_python_operator']) retrieved from /home/airflow/.local/lib/python3.7/site-packages/airflow/example_dags/example_python_operator.py
[2022-08-23 12:07:40,351] {logging_mixin.py:115} INFO - [2022-08-23 12:07:40,351] {dag.py:2420} INFO - Sync 1 DAGs
[2022-08-23 12:07:40,370] {logging_mixin.py:115} INFO - [2022-08-23 12:07:40,370] {dag.py:2972} INFO - Setting next_dagrun for example_python_operator to None, run_after=None
[2022-08-23 12:07:40,392] {processor.py:161} INFO - Processing /home/airflow/.local/lib/python3.7/site-packages/airflow/example_dags/example_python_operator.py took 0.261 seconds
[2022-08-23 12:08:10,454] {processor.py:153} INFO - Started process (PID=1032) to work on /home/airflow/.local/lib/python3.7/site-packages/airflow/example_dags/example_python_operator.py
[2022-08-23 12:08:10,455] {processor.py:641} INFO - Processing file /home/airflow/.local/lib/python3.7/site-packages/airflow/example_dags/example_python_operator.py for tasks to queue
[2022-08-23 12:08:10,455] {logging_mixin.py:115} INFO - [2022-08-23 12:08:10,455] {dagbag.py:508} INFO - Filling up the DagBag from /home/airflow/.local/lib/python3.7/site-packages/airflow/example_dags/example_python_operator.py
[2022-08-23 12:08:10,477] {processor.py:651} INFO - DAG(s) dict_keys(['example_python_operator']) retrieved from /home/airflow/.local/lib/python3.7/site-packages/airflow/example_dags/example_python_operator.py
[2022-08-23 12:08:10,658] {logging_mixin.py:115} INFO - [2022-08-23 12:08:10,658] {dag.py:2420} INFO - Sync 1 DAGs
[2022-08-23 12:08:10,677] {logging_mixin.py:115} INFO - [2022-08-23 12:08:10,677] {dag.py:2972} INFO - Setting next_dagrun for example_python_operator to None, run_after=None
[2022-08-23 12:08:10,685] {processor.py:161} INFO - Processing /home/airflow/.local/lib/python3.7/site-packages/airflow/example_dags/example_python_operator.py took 0.235 seconds
[2022-08-23 12:08:40,760] {processor.py:153} INFO - Started process (PID=1084) to work on /home/airflow/.local/lib/python3.7/site-packages/airflow/example_dags/example_python_operator.py
[2022-08-23 12:08:40,760] {processor.py:641} INFO - Processing file /home/airflow/.local/lib/python3.7/site-packages/airflow/example_dags/example_python_operator.py for tasks to queue
[2022-08-23 12:08:40,761] {logging_mixin.py:115} INFO - [2022-08-23 12:08:40,761] {dagbag.py:508} INFO - Filling up the DagBag from /home/airflow/.local/lib/python3.7/site-packages/airflow/example_dags/example_python_operator.py
[2022-08-23 12:08:40,778] {processor.py:651} INFO - DAG(s) dict_keys(['example_python_operator']) retrieved from /home/airflow/.local/lib/python3.7/site-packages/airflow/example_dags/example_python_operator.py
[2022-08-23 12:08:40,922] {logging_mixin.py:115} INFO - [2022-08-23 12:08:40,922] {dag.py:2420} INFO - Sync 1 DAGs
[2022-08-23 12:08:40,941] {logging_mixin.py:115} INFO - [2022-08-23 12:08:40,941] {dag.py:2972} INFO - Setting next_dagrun for example_python_operator to None, run_after=None
[2022-08-23 12:08:40,962] {processor.py:161} INFO - Processing /home/airflow/.local/lib/python3.7/site-packages/airflow/example_dags/example_python_operator.py took 0.204 seconds
[2022-08-23 12:09:11,413] {processor.py:153} INFO - Started process (PID=1145) to work on /home/airflow/.local/lib/python3.7/site-packages/airflow/example_dags/example_python_operator.py
[2022-08-23 12:09:11,423] {processor.py:641} INFO - Processing file /home/airflow/.local/lib/python3.7/site-packages/airflow/example_dags/example_python_operator.py for tasks to queue
[2022-08-23 12:09:11,424] {logging_mixin.py:115} INFO - [2022-08-23 12:09:11,424] {dagbag.py:508} INFO - Filling up the DagBag from /home/airflow/.local/lib/python3.7/site-packages/airflow/example_dags/example_python_operator.py
[2022-08-23 12:09:11,452] {processor.py:651} INFO - DAG(s) dict_keys(['example_python_operator']) retrieved from /home/airflow/.local/lib/python3.7/site-packages/airflow/example_dags/example_python_operator.py
[2022-08-23 12:09:11,637] {logging_mixin.py:115} INFO - [2022-08-23 12:09:11,637] {dag.py:2420} INFO - Sync 1 DAGs
[2022-08-23 12:09:11,657] {logging_mixin.py:115} INFO - [2022-08-23 12:09:11,656] {dag.py:2972} INFO - Setting next_dagrun for example_python_operator to None, run_after=None
[2022-08-23 12:09:11,680] {processor.py:161} INFO - Processing /home/airflow/.local/lib/python3.7/site-packages/airflow/example_dags/example_python_operator.py took 0.273 seconds
[2022-08-23 12:09:41,832] {processor.py:153} INFO - Started process (PID=1206) to work on /home/airflow/.local/lib/python3.7/site-packages/airflow/example_dags/example_python_operator.py
[2022-08-23 12:09:41,843] {processor.py:641} INFO - Processing file /home/airflow/.local/lib/python3.7/site-packages/airflow/example_dags/example_python_operator.py for tasks to queue
[2022-08-23 12:09:41,843] {logging_mixin.py:115} INFO - [2022-08-23 12:09:41,843] {dagbag.py:508} INFO - Filling up the DagBag from /home/airflow/.local/lib/python3.7/site-packages/airflow/example_dags/example_python_operator.py
[2022-08-23 12:09:41,877] {processor.py:651} INFO - DAG(s) dict_keys(['example_python_operator']) retrieved from /home/airflow/.local/lib/python3.7/site-packages/airflow/example_dags/example_python_operator.py
[2022-08-23 12:09:42,114] {logging_mixin.py:115} INFO - [2022-08-23 12:09:42,114] {dag.py:2420} INFO - Sync 1 DAGs
[2022-08-23 12:09:42,138] {logging_mixin.py:115} INFO - [2022-08-23 12:09:42,137] {dag.py:2972} INFO - Setting next_dagrun for example_python_operator to None, run_after=None
[2022-08-23 12:09:42,155] {processor.py:161} INFO - Processing /home/airflow/.local/lib/python3.7/site-packages/airflow/example_dags/example_python_operator.py took 0.329 seconds
[2022-08-23 12:10:12,399] {processor.py:153} INFO - Started process (PID=1258) to work on /home/airflow/.local/lib/python3.7/site-packages/airflow/example_dags/example_python_operator.py
[2022-08-23 12:10:12,409] {processor.py:641} INFO - Processing file /home/airflow/.local/lib/python3.7/site-packages/airflow/example_dags/example_python_operator.py for tasks to queue
[2022-08-23 12:10:12,410] {logging_mixin.py:115} INFO - [2022-08-23 12:10:12,410] {dagbag.py:508} INFO - Filling up the DagBag from /home/airflow/.local/lib/python3.7/site-packages/airflow/example_dags/example_python_operator.py
[2022-08-23 12:10:12,428] {processor.py:651} INFO - DAG(s) dict_keys(['example_python_operator']) retrieved from /home/airflow/.local/lib/python3.7/site-packages/airflow/example_dags/example_python_operator.py
[2022-08-23 12:10:12,605] {logging_mixin.py:115} INFO - [2022-08-23 12:10:12,605] {dag.py:2420} INFO - Sync 1 DAGs
[2022-08-23 12:10:12,624] {logging_mixin.py:115} INFO - [2022-08-23 12:10:12,623] {dag.py:2972} INFO - Setting next_dagrun for example_python_operator to None, run_after=None
[2022-08-23 12:10:12,646] {processor.py:161} INFO - Processing /home/airflow/.local/lib/python3.7/site-packages/airflow/example_dags/example_python_operator.py took 0.250 seconds
[2022-08-23 12:10:42,764] {processor.py:153} INFO - Started process (PID=1319) to work on /home/airflow/.local/lib/python3.7/site-packages/airflow/example_dags/example_python_operator.py
[2022-08-23 12:10:42,774] {processor.py:641} INFO - Processing file /home/airflow/.local/lib/python3.7/site-packages/airflow/example_dags/example_python_operator.py for tasks to queue
[2022-08-23 12:10:42,775] {logging_mixin.py:115} INFO - [2022-08-23 12:10:42,775] {dagbag.py:508} INFO - Filling up the DagBag from /home/airflow/.local/lib/python3.7/site-packages/airflow/example_dags/example_python_operator.py
[2022-08-23 12:10:42,808] {processor.py:651} INFO - DAG(s) dict_keys(['example_python_operator']) retrieved from /home/airflow/.local/lib/python3.7/site-packages/airflow/example_dags/example_python_operator.py
[2022-08-23 12:10:42,986] {logging_mixin.py:115} INFO - [2022-08-23 12:10:42,986] {dag.py:2420} INFO - Sync 1 DAGs
[2022-08-23 12:10:43,004] {logging_mixin.py:115} INFO - [2022-08-23 12:10:43,004] {dag.py:2972} INFO - Setting next_dagrun for example_python_operator to None, run_after=None
[2022-08-23 12:10:43,023] {processor.py:161} INFO - Processing /home/airflow/.local/lib/python3.7/site-packages/airflow/example_dags/example_python_operator.py took 0.263 seconds
[2022-08-23 12:11:13,716] {processor.py:153} INFO - Started process (PID=1378) to work on /home/airflow/.local/lib/python3.7/site-packages/airflow/example_dags/example_python_operator.py
[2022-08-23 12:11:13,716] {processor.py:641} INFO - Processing file /home/airflow/.local/lib/python3.7/site-packages/airflow/example_dags/example_python_operator.py for tasks to queue
[2022-08-23 12:11:13,716] {logging_mixin.py:115} INFO - [2022-08-23 12:11:13,716] {dagbag.py:508} INFO - Filling up the DagBag from /home/airflow/.local/lib/python3.7/site-packages/airflow/example_dags/example_python_operator.py
[2022-08-23 12:11:13,739] {processor.py:651} INFO - DAG(s) dict_keys(['example_python_operator']) retrieved from /home/airflow/.local/lib/python3.7/site-packages/airflow/example_dags/example_python_operator.py
[2022-08-23 12:11:13,957] {logging_mixin.py:115} INFO - [2022-08-23 12:11:13,957] {dag.py:2420} INFO - Sync 1 DAGs
[2022-08-23 12:11:13,981] {logging_mixin.py:115} INFO - [2022-08-23 12:11:13,981] {dag.py:2972} INFO - Setting next_dagrun for example_python_operator to None, run_after=None
[2022-08-23 12:11:14,008] {processor.py:161} INFO - Processing /home/airflow/.local/lib/python3.7/site-packages/airflow/example_dags/example_python_operator.py took 0.297 seconds
[2022-08-23 12:11:44,261] {processor.py:153} INFO - Started process (PID=1432) to work on /home/airflow/.local/lib/python3.7/site-packages/airflow/example_dags/example_python_operator.py
[2022-08-23 12:11:44,262] {processor.py:641} INFO - Processing file /home/airflow/.local/lib/python3.7/site-packages/airflow/example_dags/example_python_operator.py for tasks to queue
[2022-08-23 12:11:44,262] {logging_mixin.py:115} INFO - [2022-08-23 12:11:44,262] {dagbag.py:508} INFO - Filling up the DagBag from /home/airflow/.local/lib/python3.7/site-packages/airflow/example_dags/example_python_operator.py
[2022-08-23 12:11:44,286] {processor.py:651} INFO - DAG(s) dict_keys(['example_python_operator']) retrieved from /home/airflow/.local/lib/python3.7/site-packages/airflow/example_dags/example_python_operator.py
[2022-08-23 12:11:44,479] {logging_mixin.py:115} INFO - [2022-08-23 12:11:44,479] {dag.py:2420} INFO - Sync 1 DAGs
[2022-08-23 12:11:44,497] {logging_mixin.py:115} INFO - [2022-08-23 12:11:44,497] {dag.py:2972} INFO - Setting next_dagrun for example_python_operator to None, run_after=None
[2022-08-23 12:11:44,519] {processor.py:161} INFO - Processing /home/airflow/.local/lib/python3.7/site-packages/airflow/example_dags/example_python_operator.py took 0.265 seconds
[2022-08-23 12:12:14,604] {processor.py:153} INFO - Started process (PID=1493) to work on /home/airflow/.local/lib/python3.7/site-packages/airflow/example_dags/example_python_operator.py
[2022-08-23 12:12:14,605] {processor.py:641} INFO - Processing file /home/airflow/.local/lib/python3.7/site-packages/airflow/example_dags/example_python_operator.py for tasks to queue
[2022-08-23 12:12:14,605] {logging_mixin.py:115} INFO - [2022-08-23 12:12:14,605] {dagbag.py:508} INFO - Filling up the DagBag from /home/airflow/.local/lib/python3.7/site-packages/airflow/example_dags/example_python_operator.py
[2022-08-23 12:12:14,625] {processor.py:651} INFO - DAG(s) dict_keys(['example_python_operator']) retrieved from /home/airflow/.local/lib/python3.7/site-packages/airflow/example_dags/example_python_operator.py
[2022-08-23 12:12:14,809] {logging_mixin.py:115} INFO - [2022-08-23 12:12:14,809] {dag.py:2420} INFO - Sync 1 DAGs
[2022-08-23 12:12:14,828] {logging_mixin.py:115} INFO - [2022-08-23 12:12:14,828] {dag.py:2972} INFO - Setting next_dagrun for example_python_operator to None, run_after=None
[2022-08-23 12:12:14,848] {processor.py:161} INFO - Processing /home/airflow/.local/lib/python3.7/site-packages/airflow/example_dags/example_python_operator.py took 0.247 seconds
[2022-08-23 12:12:44,993] {processor.py:153} INFO - Started process (PID=1545) to work on /home/airflow/.local/lib/python3.7/site-packages/airflow/example_dags/example_python_operator.py
[2022-08-23 12:12:45,004] {processor.py:641} INFO - Processing file /home/airflow/.local/lib/python3.7/site-packages/airflow/example_dags/example_python_operator.py for tasks to queue
[2022-08-23 12:12:45,004] {logging_mixin.py:115} INFO - [2022-08-23 12:12:45,004] {dagbag.py:508} INFO - Filling up the DagBag from /home/airflow/.local/lib/python3.7/site-packages/airflow/example_dags/example_python_operator.py
[2022-08-23 12:12:45,024] {processor.py:651} INFO - DAG(s) dict_keys(['example_python_operator']) retrieved from /home/airflow/.local/lib/python3.7/site-packages/airflow/example_dags/example_python_operator.py
[2022-08-23 12:12:45,234] {logging_mixin.py:115} INFO - [2022-08-23 12:12:45,233] {dag.py:2420} INFO - Sync 1 DAGs
[2022-08-23 12:12:45,255] {logging_mixin.py:115} INFO - [2022-08-23 12:12:45,255] {dag.py:2972} INFO - Setting next_dagrun for example_python_operator to None, run_after=None
[2022-08-23 12:12:45,268] {processor.py:161} INFO - Processing /home/airflow/.local/lib/python3.7/site-packages/airflow/example_dags/example_python_operator.py took 0.278 seconds
[2022-08-23 12:13:15,359] {processor.py:153} INFO - Started process (PID=1606) to work on /home/airflow/.local/lib/python3.7/site-packages/airflow/example_dags/example_python_operator.py
[2022-08-23 12:13:15,361] {processor.py:641} INFO - Processing file /home/airflow/.local/lib/python3.7/site-packages/airflow/example_dags/example_python_operator.py for tasks to queue
[2022-08-23 12:13:15,362] {logging_mixin.py:115} INFO - [2022-08-23 12:13:15,361] {dagbag.py:508} INFO - Filling up the DagBag from /home/airflow/.local/lib/python3.7/site-packages/airflow/example_dags/example_python_operator.py
[2022-08-23 12:13:15,401] {processor.py:651} INFO - DAG(s) dict_keys(['example_python_operator']) retrieved from /home/airflow/.local/lib/python3.7/site-packages/airflow/example_dags/example_python_operator.py
[2022-08-23 12:13:15,569] {logging_mixin.py:115} INFO - [2022-08-23 12:13:15,569] {dag.py:2420} INFO - Sync 1 DAGs
[2022-08-23 12:13:15,586] {logging_mixin.py:115} INFO - [2022-08-23 12:13:15,586] {dag.py:2972} INFO - Setting next_dagrun for example_python_operator to None, run_after=None
[2022-08-23 12:13:15,595] {processor.py:161} INFO - Processing /home/airflow/.local/lib/python3.7/site-packages/airflow/example_dags/example_python_operator.py took 0.242 seconds
[2022-08-23 12:13:45,754] {processor.py:153} INFO - Started process (PID=1667) to work on /home/airflow/.local/lib/python3.7/site-packages/airflow/example_dags/example_python_operator.py
[2022-08-23 12:13:45,755] {processor.py:641} INFO - Processing file /home/airflow/.local/lib/python3.7/site-packages/airflow/example_dags/example_python_operator.py for tasks to queue
[2022-08-23 12:13:45,756] {logging_mixin.py:115} INFO - [2022-08-23 12:13:45,756] {dagbag.py:508} INFO - Filling up the DagBag from /home/airflow/.local/lib/python3.7/site-packages/airflow/example_dags/example_python_operator.py
[2022-08-23 12:13:45,778] {processor.py:651} INFO - DAG(s) dict_keys(['example_python_operator']) retrieved from /home/airflow/.local/lib/python3.7/site-packages/airflow/example_dags/example_python_operator.py
[2022-08-23 12:13:45,982] {logging_mixin.py:115} INFO - [2022-08-23 12:13:45,982] {dag.py:2420} INFO - Sync 1 DAGs
[2022-08-23 12:13:46,000] {logging_mixin.py:115} INFO - [2022-08-23 12:13:46,000] {dag.py:2972} INFO - Setting next_dagrun for example_python_operator to None, run_after=None
[2022-08-23 12:13:46,009] {processor.py:161} INFO - Processing /home/airflow/.local/lib/python3.7/site-packages/airflow/example_dags/example_python_operator.py took 0.259 seconds
