[2022-08-23 11:59:28,226] {processor.py:153} INFO - Started process (PID=56) to work on /home/airflow/.local/lib/python3.7/site-packages/airflow/example_dags/example_branch_operator_decorator.py
[2022-08-23 11:59:28,227] {processor.py:641} INFO - Processing file /home/airflow/.local/lib/python3.7/site-packages/airflow/example_dags/example_branch_operator_decorator.py for tasks to queue
[2022-08-23 11:59:28,227] {logging_mixin.py:115} INFO - [2022-08-23 11:59:28,227] {dagbag.py:508} INFO - Filling up the DagBag from /home/airflow/.local/lib/python3.7/site-packages/airflow/example_dags/example_branch_operator_decorator.py
[2022-08-23 11:59:28,244] {processor.py:651} INFO - DAG(s) dict_keys(['example_branch_python_operator_decorator']) retrieved from /home/airflow/.local/lib/python3.7/site-packages/airflow/example_dags/example_branch_operator_decorator.py
[2022-08-23 11:59:28,433] {logging_mixin.py:115} INFO - [2022-08-23 11:59:28,433] {dag.py:2420} INFO - Sync 1 DAGs
[2022-08-23 11:59:28,454] {logging_mixin.py:115} INFO - [2022-08-23 11:59:28,454] {dag.py:2972} INFO - Setting next_dagrun for example_branch_python_operator_decorator to 2022-08-22T00:00:00+00:00, run_after=2022-08-23T00:00:00+00:00
[2022-08-23 11:59:28,465] {processor.py:161} INFO - Processing /home/airflow/.local/lib/python3.7/site-packages/airflow/example_dags/example_branch_operator_decorator.py took 0.242 seconds
[2022-08-23 11:59:58,622] {processor.py:153} INFO - Started process (PID=117) to work on /home/airflow/.local/lib/python3.7/site-packages/airflow/example_dags/example_branch_operator_decorator.py
[2022-08-23 11:59:58,623] {processor.py:641} INFO - Processing file /home/airflow/.local/lib/python3.7/site-packages/airflow/example_dags/example_branch_operator_decorator.py for tasks to queue
[2022-08-23 11:59:58,623] {logging_mixin.py:115} INFO - [2022-08-23 11:59:58,623] {dagbag.py:508} INFO - Filling up the DagBag from /home/airflow/.local/lib/python3.7/site-packages/airflow/example_dags/example_branch_operator_decorator.py
[2022-08-23 11:59:58,637] {processor.py:651} INFO - DAG(s) dict_keys(['example_branch_python_operator_decorator']) retrieved from /home/airflow/.local/lib/python3.7/site-packages/airflow/example_dags/example_branch_operator_decorator.py
[2022-08-23 11:59:58,738] {logging_mixin.py:115} INFO - [2022-08-23 11:59:58,738] {dag.py:2420} INFO - Sync 1 DAGs
[2022-08-23 11:59:58,755] {logging_mixin.py:115} INFO - [2022-08-23 11:59:58,755] {dag.py:2972} INFO - Setting next_dagrun for example_branch_python_operator_decorator to 2022-08-22T00:00:00+00:00, run_after=2022-08-23T00:00:00+00:00
[2022-08-23 11:59:58,774] {processor.py:161} INFO - Processing /home/airflow/.local/lib/python3.7/site-packages/airflow/example_dags/example_branch_operator_decorator.py took 0.154 seconds
[2022-08-23 12:00:30,135] {processor.py:153} INFO - Started process (PID=178) to work on /home/airflow/.local/lib/python3.7/site-packages/airflow/example_dags/example_branch_operator_decorator.py
[2022-08-23 12:00:30,136] {processor.py:641} INFO - Processing file /home/airflow/.local/lib/python3.7/site-packages/airflow/example_dags/example_branch_operator_decorator.py for tasks to queue
[2022-08-23 12:00:30,137] {logging_mixin.py:115} INFO - [2022-08-23 12:00:30,137] {dagbag.py:508} INFO - Filling up the DagBag from /home/airflow/.local/lib/python3.7/site-packages/airflow/example_dags/example_branch_operator_decorator.py
[2022-08-23 12:00:30,164] {processor.py:651} INFO - DAG(s) dict_keys(['example_branch_python_operator_decorator']) retrieved from /home/airflow/.local/lib/python3.7/site-packages/airflow/example_dags/example_branch_operator_decorator.py
[2022-08-23 12:00:30,370] {logging_mixin.py:115} INFO - [2022-08-23 12:00:30,370] {dag.py:2420} INFO - Sync 1 DAGs
[2022-08-23 12:00:30,394] {logging_mixin.py:115} INFO - [2022-08-23 12:00:30,394] {dag.py:2972} INFO - Setting next_dagrun for example_branch_python_operator_decorator to 2022-08-22T00:00:00+00:00, run_after=2022-08-23T00:00:00+00:00
[2022-08-23 12:00:30,411] {processor.py:161} INFO - Processing /home/airflow/.local/lib/python3.7/site-packages/airflow/example_dags/example_branch_operator_decorator.py took 0.281 seconds
[2022-08-23 12:01:00,916] {processor.py:153} INFO - Started process (PID=230) to work on /home/airflow/.local/lib/python3.7/site-packages/airflow/example_dags/example_branch_operator_decorator.py
[2022-08-23 12:01:00,917] {processor.py:641} INFO - Processing file /home/airflow/.local/lib/python3.7/site-packages/airflow/example_dags/example_branch_operator_decorator.py for tasks to queue
[2022-08-23 12:01:00,917] {logging_mixin.py:115} INFO - [2022-08-23 12:01:00,917] {dagbag.py:508} INFO - Filling up the DagBag from /home/airflow/.local/lib/python3.7/site-packages/airflow/example_dags/example_branch_operator_decorator.py
[2022-08-23 12:01:00,932] {processor.py:651} INFO - DAG(s) dict_keys(['example_branch_python_operator_decorator']) retrieved from /home/airflow/.local/lib/python3.7/site-packages/airflow/example_dags/example_branch_operator_decorator.py
[2022-08-23 12:01:01,060] {logging_mixin.py:115} INFO - [2022-08-23 12:01:01,060] {dag.py:2420} INFO - Sync 1 DAGs
[2022-08-23 12:01:01,077] {logging_mixin.py:115} INFO - [2022-08-23 12:01:01,077] {dag.py:2972} INFO - Setting next_dagrun for example_branch_python_operator_decorator to 2022-08-22T00:00:00+00:00, run_after=2022-08-23T00:00:00+00:00
[2022-08-23 12:01:01,097] {processor.py:161} INFO - Processing /home/airflow/.local/lib/python3.7/site-packages/airflow/example_dags/example_branch_operator_decorator.py took 0.182 seconds
[2022-08-23 12:01:31,407] {processor.py:153} INFO - Started process (PID=290) to work on /home/airflow/.local/lib/python3.7/site-packages/airflow/example_dags/example_branch_operator_decorator.py
[2022-08-23 12:01:31,408] {processor.py:641} INFO - Processing file /home/airflow/.local/lib/python3.7/site-packages/airflow/example_dags/example_branch_operator_decorator.py for tasks to queue
[2022-08-23 12:01:31,408] {logging_mixin.py:115} INFO - [2022-08-23 12:01:31,408] {dagbag.py:508} INFO - Filling up the DagBag from /home/airflow/.local/lib/python3.7/site-packages/airflow/example_dags/example_branch_operator_decorator.py
[2022-08-23 12:01:31,427] {processor.py:651} INFO - DAG(s) dict_keys(['example_branch_python_operator_decorator']) retrieved from /home/airflow/.local/lib/python3.7/site-packages/airflow/example_dags/example_branch_operator_decorator.py
[2022-08-23 12:01:31,627] {logging_mixin.py:115} INFO - [2022-08-23 12:01:31,627] {dag.py:2420} INFO - Sync 1 DAGs
[2022-08-23 12:01:31,647] {logging_mixin.py:115} INFO - [2022-08-23 12:01:31,647] {dag.py:2972} INFO - Setting next_dagrun for example_branch_python_operator_decorator to 2022-08-22T00:00:00+00:00, run_after=2022-08-23T00:00:00+00:00
[2022-08-23 12:01:31,661] {processor.py:161} INFO - Processing /home/airflow/.local/lib/python3.7/site-packages/airflow/example_dags/example_branch_operator_decorator.py took 0.257 seconds
[2022-08-23 12:02:04,988] {processor.py:153} INFO - Started process (PID=343) to work on /home/airflow/.local/lib/python3.7/site-packages/airflow/example_dags/example_branch_operator_decorator.py
[2022-08-23 12:02:04,993] {processor.py:641} INFO - Processing file /home/airflow/.local/lib/python3.7/site-packages/airflow/example_dags/example_branch_operator_decorator.py for tasks to queue
[2022-08-23 12:02:04,995] {logging_mixin.py:115} INFO - [2022-08-23 12:02:04,995] {dagbag.py:508} INFO - Filling up the DagBag from /home/airflow/.local/lib/python3.7/site-packages/airflow/example_dags/example_branch_operator_decorator.py
[2022-08-23 12:02:05,061] {processor.py:651} INFO - DAG(s) dict_keys(['example_branch_python_operator_decorator']) retrieved from /home/airflow/.local/lib/python3.7/site-packages/airflow/example_dags/example_branch_operator_decorator.py
[2022-08-23 12:02:05,663] {logging_mixin.py:115} INFO - [2022-08-23 12:02:05,662] {dag.py:2420} INFO - Sync 1 DAGs
[2022-08-23 12:02:05,725] {logging_mixin.py:115} INFO - [2022-08-23 12:02:05,724] {dag.py:2972} INFO - Setting next_dagrun for example_branch_python_operator_decorator to 2022-08-22T00:00:00+00:00, run_after=2022-08-23T00:00:00+00:00
[2022-08-23 12:02:05,758] {processor.py:161} INFO - Processing /home/airflow/.local/lib/python3.7/site-packages/airflow/example_dags/example_branch_operator_decorator.py took 0.789 seconds
[2022-08-23 12:02:36,769] {processor.py:153} INFO - Started process (PID=403) to work on /home/airflow/.local/lib/python3.7/site-packages/airflow/example_dags/example_branch_operator_decorator.py
[2022-08-23 12:02:36,770] {processor.py:641} INFO - Processing file /home/airflow/.local/lib/python3.7/site-packages/airflow/example_dags/example_branch_operator_decorator.py for tasks to queue
[2022-08-23 12:02:36,771] {logging_mixin.py:115} INFO - [2022-08-23 12:02:36,771] {dagbag.py:508} INFO - Filling up the DagBag from /home/airflow/.local/lib/python3.7/site-packages/airflow/example_dags/example_branch_operator_decorator.py
[2022-08-23 12:02:36,806] {processor.py:651} INFO - DAG(s) dict_keys(['example_branch_python_operator_decorator']) retrieved from /home/airflow/.local/lib/python3.7/site-packages/airflow/example_dags/example_branch_operator_decorator.py
[2022-08-23 12:02:36,984] {logging_mixin.py:115} INFO - [2022-08-23 12:02:36,984] {dag.py:2420} INFO - Sync 1 DAGs
[2022-08-23 12:02:37,003] {logging_mixin.py:115} INFO - [2022-08-23 12:02:37,003] {dag.py:2972} INFO - Setting next_dagrun for example_branch_python_operator_decorator to 2022-08-22T00:00:00+00:00, run_after=2022-08-23T00:00:00+00:00
[2022-08-23 12:02:37,016] {processor.py:161} INFO - Processing /home/airflow/.local/lib/python3.7/site-packages/airflow/example_dags/example_branch_operator_decorator.py took 0.253 seconds
[2022-08-23 12:03:07,199] {processor.py:153} INFO - Started process (PID=464) to work on /home/airflow/.local/lib/python3.7/site-packages/airflow/example_dags/example_branch_operator_decorator.py
[2022-08-23 12:03:07,200] {processor.py:641} INFO - Processing file /home/airflow/.local/lib/python3.7/site-packages/airflow/example_dags/example_branch_operator_decorator.py for tasks to queue
[2022-08-23 12:03:07,201] {logging_mixin.py:115} INFO - [2022-08-23 12:03:07,201] {dagbag.py:508} INFO - Filling up the DagBag from /home/airflow/.local/lib/python3.7/site-packages/airflow/example_dags/example_branch_operator_decorator.py
[2022-08-23 12:03:07,223] {processor.py:651} INFO - DAG(s) dict_keys(['example_branch_python_operator_decorator']) retrieved from /home/airflow/.local/lib/python3.7/site-packages/airflow/example_dags/example_branch_operator_decorator.py
[2022-08-23 12:03:07,411] {logging_mixin.py:115} INFO - [2022-08-23 12:03:07,411] {dag.py:2420} INFO - Sync 1 DAGs
[2022-08-23 12:03:07,430] {logging_mixin.py:115} INFO - [2022-08-23 12:03:07,430] {dag.py:2972} INFO - Setting next_dagrun for example_branch_python_operator_decorator to 2022-08-22T00:00:00+00:00, run_after=2022-08-23T00:00:00+00:00
[2022-08-23 12:03:07,447] {processor.py:161} INFO - Processing /home/airflow/.local/lib/python3.7/site-packages/airflow/example_dags/example_branch_operator_decorator.py took 0.250 seconds
[2022-08-23 12:03:37,717] {processor.py:153} INFO - Started process (PID=516) to work on /home/airflow/.local/lib/python3.7/site-packages/airflow/example_dags/example_branch_operator_decorator.py
[2022-08-23 12:03:37,718] {processor.py:641} INFO - Processing file /home/airflow/.local/lib/python3.7/site-packages/airflow/example_dags/example_branch_operator_decorator.py for tasks to queue
[2022-08-23 12:03:37,719] {logging_mixin.py:115} INFO - [2022-08-23 12:03:37,719] {dagbag.py:508} INFO - Filling up the DagBag from /home/airflow/.local/lib/python3.7/site-packages/airflow/example_dags/example_branch_operator_decorator.py
[2022-08-23 12:03:37,753] {processor.py:651} INFO - DAG(s) dict_keys(['example_branch_python_operator_decorator']) retrieved from /home/airflow/.local/lib/python3.7/site-packages/airflow/example_dags/example_branch_operator_decorator.py
[2022-08-23 12:03:37,934] {logging_mixin.py:115} INFO - [2022-08-23 12:03:37,934] {dag.py:2420} INFO - Sync 1 DAGs
[2022-08-23 12:03:37,961] {logging_mixin.py:115} INFO - [2022-08-23 12:03:37,961] {dag.py:2972} INFO - Setting next_dagrun for example_branch_python_operator_decorator to 2022-08-22T00:00:00+00:00, run_after=2022-08-23T00:00:00+00:00
[2022-08-23 12:03:37,978] {processor.py:161} INFO - Processing /home/airflow/.local/lib/python3.7/site-packages/airflow/example_dags/example_branch_operator_decorator.py took 0.265 seconds
[2022-08-23 12:04:08,178] {processor.py:153} INFO - Started process (PID=577) to work on /home/airflow/.local/lib/python3.7/site-packages/airflow/example_dags/example_branch_operator_decorator.py
[2022-08-23 12:04:08,179] {processor.py:641} INFO - Processing file /home/airflow/.local/lib/python3.7/site-packages/airflow/example_dags/example_branch_operator_decorator.py for tasks to queue
[2022-08-23 12:04:08,180] {logging_mixin.py:115} INFO - [2022-08-23 12:04:08,180] {dagbag.py:508} INFO - Filling up the DagBag from /home/airflow/.local/lib/python3.7/site-packages/airflow/example_dags/example_branch_operator_decorator.py
[2022-08-23 12:04:08,203] {processor.py:651} INFO - DAG(s) dict_keys(['example_branch_python_operator_decorator']) retrieved from /home/airflow/.local/lib/python3.7/site-packages/airflow/example_dags/example_branch_operator_decorator.py
[2022-08-23 12:04:08,385] {logging_mixin.py:115} INFO - [2022-08-23 12:04:08,385] {dag.py:2420} INFO - Sync 1 DAGs
[2022-08-23 12:04:08,406] {logging_mixin.py:115} INFO - [2022-08-23 12:04:08,406] {dag.py:2972} INFO - Setting next_dagrun for example_branch_python_operator_decorator to 2022-08-22T00:00:00+00:00, run_after=2022-08-23T00:00:00+00:00
[2022-08-23 12:04:08,417] {processor.py:161} INFO - Processing /home/airflow/.local/lib/python3.7/site-packages/airflow/example_dags/example_branch_operator_decorator.py took 0.242 seconds
[2022-08-23 12:04:38,675] {processor.py:153} INFO - Started process (PID=638) to work on /home/airflow/.local/lib/python3.7/site-packages/airflow/example_dags/example_branch_operator_decorator.py
[2022-08-23 12:04:38,676] {processor.py:641} INFO - Processing file /home/airflow/.local/lib/python3.7/site-packages/airflow/example_dags/example_branch_operator_decorator.py for tasks to queue
[2022-08-23 12:04:38,678] {logging_mixin.py:115} INFO - [2022-08-23 12:04:38,678] {dagbag.py:508} INFO - Filling up the DagBag from /home/airflow/.local/lib/python3.7/site-packages/airflow/example_dags/example_branch_operator_decorator.py
[2022-08-23 12:04:38,717] {processor.py:651} INFO - DAG(s) dict_keys(['example_branch_python_operator_decorator']) retrieved from /home/airflow/.local/lib/python3.7/site-packages/airflow/example_dags/example_branch_operator_decorator.py
[2022-08-23 12:04:38,995] {logging_mixin.py:115} INFO - [2022-08-23 12:04:38,995] {dag.py:2420} INFO - Sync 1 DAGs
[2022-08-23 12:04:39,016] {logging_mixin.py:115} INFO - [2022-08-23 12:04:39,016] {dag.py:2972} INFO - Setting next_dagrun for example_branch_python_operator_decorator to 2022-08-22T00:00:00+00:00, run_after=2022-08-23T00:00:00+00:00
[2022-08-23 12:04:39,034] {processor.py:161} INFO - Processing /home/airflow/.local/lib/python3.7/site-packages/airflow/example_dags/example_branch_operator_decorator.py took 0.364 seconds
[2022-08-23 12:05:09,720] {processor.py:153} INFO - Started process (PID=690) to work on /home/airflow/.local/lib/python3.7/site-packages/airflow/example_dags/example_branch_operator_decorator.py
[2022-08-23 12:05:09,721] {processor.py:641} INFO - Processing file /home/airflow/.local/lib/python3.7/site-packages/airflow/example_dags/example_branch_operator_decorator.py for tasks to queue
[2022-08-23 12:05:09,721] {logging_mixin.py:115} INFO - [2022-08-23 12:05:09,721] {dagbag.py:508} INFO - Filling up the DagBag from /home/airflow/.local/lib/python3.7/site-packages/airflow/example_dags/example_branch_operator_decorator.py
[2022-08-23 12:05:09,757] {processor.py:651} INFO - DAG(s) dict_keys(['example_branch_python_operator_decorator']) retrieved from /home/airflow/.local/lib/python3.7/site-packages/airflow/example_dags/example_branch_operator_decorator.py
[2022-08-23 12:05:09,941] {logging_mixin.py:115} INFO - [2022-08-23 12:05:09,941] {dag.py:2420} INFO - Sync 1 DAGs
[2022-08-23 12:05:09,963] {logging_mixin.py:115} INFO - [2022-08-23 12:05:09,963] {dag.py:2972} INFO - Setting next_dagrun for example_branch_python_operator_decorator to 2022-08-22T00:00:00+00:00, run_after=2022-08-23T00:00:00+00:00
[2022-08-23 12:05:09,974] {processor.py:161} INFO - Processing /home/airflow/.local/lib/python3.7/site-packages/airflow/example_dags/example_branch_operator_decorator.py took 0.259 seconds
[2022-08-23 12:05:40,716] {processor.py:153} INFO - Started process (PID=751) to work on /home/airflow/.local/lib/python3.7/site-packages/airflow/example_dags/example_branch_operator_decorator.py
[2022-08-23 12:05:40,718] {processor.py:641} INFO - Processing file /home/airflow/.local/lib/python3.7/site-packages/airflow/example_dags/example_branch_operator_decorator.py for tasks to queue
[2022-08-23 12:05:40,719] {logging_mixin.py:115} INFO - [2022-08-23 12:05:40,719] {dagbag.py:508} INFO - Filling up the DagBag from /home/airflow/.local/lib/python3.7/site-packages/airflow/example_dags/example_branch_operator_decorator.py
[2022-08-23 12:05:40,779] {processor.py:651} INFO - DAG(s) dict_keys(['example_branch_python_operator_decorator']) retrieved from /home/airflow/.local/lib/python3.7/site-packages/airflow/example_dags/example_branch_operator_decorator.py
[2022-08-23 12:05:41,729] {logging_mixin.py:115} INFO - [2022-08-23 12:05:41,729] {dag.py:2420} INFO - Sync 1 DAGs
[2022-08-23 12:05:41,754] {logging_mixin.py:115} INFO - [2022-08-23 12:05:41,753] {dag.py:2972} INFO - Setting next_dagrun for example_branch_python_operator_decorator to 2022-08-22T00:00:00+00:00, run_after=2022-08-23T00:00:00+00:00
[2022-08-23 12:05:41,770] {processor.py:161} INFO - Processing /home/airflow/.local/lib/python3.7/site-packages/airflow/example_dags/example_branch_operator_decorator.py took 1.059 seconds
[2022-08-23 12:06:12,463] {processor.py:153} INFO - Started process (PID=812) to work on /home/airflow/.local/lib/python3.7/site-packages/airflow/example_dags/example_branch_operator_decorator.py
[2022-08-23 12:06:12,473] {processor.py:641} INFO - Processing file /home/airflow/.local/lib/python3.7/site-packages/airflow/example_dags/example_branch_operator_decorator.py for tasks to queue
[2022-08-23 12:06:12,474] {logging_mixin.py:115} INFO - [2022-08-23 12:06:12,474] {dagbag.py:508} INFO - Filling up the DagBag from /home/airflow/.local/lib/python3.7/site-packages/airflow/example_dags/example_branch_operator_decorator.py
[2022-08-23 12:06:12,504] {processor.py:651} INFO - DAG(s) dict_keys(['example_branch_python_operator_decorator']) retrieved from /home/airflow/.local/lib/python3.7/site-packages/airflow/example_dags/example_branch_operator_decorator.py
[2022-08-23 12:06:12,721] {logging_mixin.py:115} INFO - [2022-08-23 12:06:12,721] {dag.py:2420} INFO - Sync 1 DAGs
[2022-08-23 12:06:12,743] {logging_mixin.py:115} INFO - [2022-08-23 12:06:12,743] {dag.py:2972} INFO - Setting next_dagrun for example_branch_python_operator_decorator to 2022-08-22T00:00:00+00:00, run_after=2022-08-23T00:00:00+00:00
[2022-08-23 12:06:12,758] {processor.py:161} INFO - Processing /home/airflow/.local/lib/python3.7/site-packages/airflow/example_dags/example_branch_operator_decorator.py took 0.298 seconds
[2022-08-23 12:06:43,249] {processor.py:153} INFO - Started process (PID=864) to work on /home/airflow/.local/lib/python3.7/site-packages/airflow/example_dags/example_branch_operator_decorator.py
[2022-08-23 12:06:43,250] {processor.py:641} INFO - Processing file /home/airflow/.local/lib/python3.7/site-packages/airflow/example_dags/example_branch_operator_decorator.py for tasks to queue
[2022-08-23 12:06:43,251] {logging_mixin.py:115} INFO - [2022-08-23 12:06:43,251] {dagbag.py:508} INFO - Filling up the DagBag from /home/airflow/.local/lib/python3.7/site-packages/airflow/example_dags/example_branch_operator_decorator.py
[2022-08-23 12:06:43,273] {processor.py:651} INFO - DAG(s) dict_keys(['example_branch_python_operator_decorator']) retrieved from /home/airflow/.local/lib/python3.7/site-packages/airflow/example_dags/example_branch_operator_decorator.py
[2022-08-23 12:06:43,441] {logging_mixin.py:115} INFO - [2022-08-23 12:06:43,440] {dag.py:2420} INFO - Sync 1 DAGs
[2022-08-23 12:06:43,460] {logging_mixin.py:115} INFO - [2022-08-23 12:06:43,460] {dag.py:2972} INFO - Setting next_dagrun for example_branch_python_operator_decorator to 2022-08-22T00:00:00+00:00, run_after=2022-08-23T00:00:00+00:00
[2022-08-23 12:06:43,470] {processor.py:161} INFO - Processing /home/airflow/.local/lib/python3.7/site-packages/airflow/example_dags/example_branch_operator_decorator.py took 0.223 seconds
[2022-08-23 12:07:13,793] {processor.py:153} INFO - Started process (PID=925) to work on /home/airflow/.local/lib/python3.7/site-packages/airflow/example_dags/example_branch_operator_decorator.py
[2022-08-23 12:07:13,793] {processor.py:641} INFO - Processing file /home/airflow/.local/lib/python3.7/site-packages/airflow/example_dags/example_branch_operator_decorator.py for tasks to queue
[2022-08-23 12:07:13,793] {logging_mixin.py:115} INFO - [2022-08-23 12:07:13,793] {dagbag.py:508} INFO - Filling up the DagBag from /home/airflow/.local/lib/python3.7/site-packages/airflow/example_dags/example_branch_operator_decorator.py
[2022-08-23 12:07:13,819] {processor.py:651} INFO - DAG(s) dict_keys(['example_branch_python_operator_decorator']) retrieved from /home/airflow/.local/lib/python3.7/site-packages/airflow/example_dags/example_branch_operator_decorator.py
[2022-08-23 12:07:14,004] {logging_mixin.py:115} INFO - [2022-08-23 12:07:14,004] {dag.py:2420} INFO - Sync 1 DAGs
[2022-08-23 12:07:14,026] {logging_mixin.py:115} INFO - [2022-08-23 12:07:14,026] {dag.py:2972} INFO - Setting next_dagrun for example_branch_python_operator_decorator to 2022-08-22T00:00:00+00:00, run_after=2022-08-23T00:00:00+00:00
[2022-08-23 12:07:14,038] {processor.py:161} INFO - Processing /home/airflow/.local/lib/python3.7/site-packages/airflow/example_dags/example_branch_operator_decorator.py took 0.265 seconds
[2022-08-23 12:07:44,291] {processor.py:153} INFO - Started process (PID=977) to work on /home/airflow/.local/lib/python3.7/site-packages/airflow/example_dags/example_branch_operator_decorator.py
[2022-08-23 12:07:44,302] {processor.py:641} INFO - Processing file /home/airflow/.local/lib/python3.7/site-packages/airflow/example_dags/example_branch_operator_decorator.py for tasks to queue
[2022-08-23 12:07:44,303] {logging_mixin.py:115} INFO - [2022-08-23 12:07:44,303] {dagbag.py:508} INFO - Filling up the DagBag from /home/airflow/.local/lib/python3.7/site-packages/airflow/example_dags/example_branch_operator_decorator.py
[2022-08-23 12:07:44,322] {processor.py:651} INFO - DAG(s) dict_keys(['example_branch_python_operator_decorator']) retrieved from /home/airflow/.local/lib/python3.7/site-packages/airflow/example_dags/example_branch_operator_decorator.py
[2022-08-23 12:07:44,497] {logging_mixin.py:115} INFO - [2022-08-23 12:07:44,497] {dag.py:2420} INFO - Sync 1 DAGs
[2022-08-23 12:07:44,517] {logging_mixin.py:115} INFO - [2022-08-23 12:07:44,517] {dag.py:2972} INFO - Setting next_dagrun for example_branch_python_operator_decorator to 2022-08-22T00:00:00+00:00, run_after=2022-08-23T00:00:00+00:00
[2022-08-23 12:07:44,538] {processor.py:161} INFO - Processing /home/airflow/.local/lib/python3.7/site-packages/airflow/example_dags/example_branch_operator_decorator.py took 0.249 seconds
[2022-08-23 12:08:15,080] {processor.py:153} INFO - Started process (PID=1038) to work on /home/airflow/.local/lib/python3.7/site-packages/airflow/example_dags/example_branch_operator_decorator.py
[2022-08-23 12:08:15,081] {processor.py:641} INFO - Processing file /home/airflow/.local/lib/python3.7/site-packages/airflow/example_dags/example_branch_operator_decorator.py for tasks to queue
[2022-08-23 12:08:15,081] {logging_mixin.py:115} INFO - [2022-08-23 12:08:15,081] {dagbag.py:508} INFO - Filling up the DagBag from /home/airflow/.local/lib/python3.7/site-packages/airflow/example_dags/example_branch_operator_decorator.py
[2022-08-23 12:08:15,107] {processor.py:651} INFO - DAG(s) dict_keys(['example_branch_python_operator_decorator']) retrieved from /home/airflow/.local/lib/python3.7/site-packages/airflow/example_dags/example_branch_operator_decorator.py
[2022-08-23 12:08:15,289] {logging_mixin.py:115} INFO - [2022-08-23 12:08:15,289] {dag.py:2420} INFO - Sync 1 DAGs
[2022-08-23 12:08:15,310] {logging_mixin.py:115} INFO - [2022-08-23 12:08:15,310] {dag.py:2972} INFO - Setting next_dagrun for example_branch_python_operator_decorator to 2022-08-22T00:00:00+00:00, run_after=2022-08-23T00:00:00+00:00
[2022-08-23 12:08:15,320] {processor.py:161} INFO - Processing /home/airflow/.local/lib/python3.7/site-packages/airflow/example_dags/example_branch_operator_decorator.py took 0.242 seconds
[2022-08-23 12:08:45,587] {processor.py:153} INFO - Started process (PID=1099) to work on /home/airflow/.local/lib/python3.7/site-packages/airflow/example_dags/example_branch_operator_decorator.py
[2022-08-23 12:08:45,598] {processor.py:641} INFO - Processing file /home/airflow/.local/lib/python3.7/site-packages/airflow/example_dags/example_branch_operator_decorator.py for tasks to queue
[2022-08-23 12:08:45,599] {logging_mixin.py:115} INFO - [2022-08-23 12:08:45,599] {dagbag.py:508} INFO - Filling up the DagBag from /home/airflow/.local/lib/python3.7/site-packages/airflow/example_dags/example_branch_operator_decorator.py
[2022-08-23 12:08:45,650] {processor.py:651} INFO - DAG(s) dict_keys(['example_branch_python_operator_decorator']) retrieved from /home/airflow/.local/lib/python3.7/site-packages/airflow/example_dags/example_branch_operator_decorator.py
[2022-08-23 12:08:45,917] {logging_mixin.py:115} INFO - [2022-08-23 12:08:45,917] {dag.py:2420} INFO - Sync 1 DAGs
[2022-08-23 12:08:45,947] {logging_mixin.py:115} INFO - [2022-08-23 12:08:45,947] {dag.py:2972} INFO - Setting next_dagrun for example_branch_python_operator_decorator to 2022-08-22T00:00:00+00:00, run_after=2022-08-23T00:00:00+00:00
[2022-08-23 12:08:45,968] {processor.py:161} INFO - Processing /home/airflow/.local/lib/python3.7/site-packages/airflow/example_dags/example_branch_operator_decorator.py took 0.386 seconds
[2022-08-23 12:09:16,021] {processor.py:153} INFO - Started process (PID=1151) to work on /home/airflow/.local/lib/python3.7/site-packages/airflow/example_dags/example_branch_operator_decorator.py
[2022-08-23 12:09:16,022] {processor.py:641} INFO - Processing file /home/airflow/.local/lib/python3.7/site-packages/airflow/example_dags/example_branch_operator_decorator.py for tasks to queue
[2022-08-23 12:09:16,023] {logging_mixin.py:115} INFO - [2022-08-23 12:09:16,022] {dagbag.py:508} INFO - Filling up the DagBag from /home/airflow/.local/lib/python3.7/site-packages/airflow/example_dags/example_branch_operator_decorator.py
[2022-08-23 12:09:16,062] {processor.py:651} INFO - DAG(s) dict_keys(['example_branch_python_operator_decorator']) retrieved from /home/airflow/.local/lib/python3.7/site-packages/airflow/example_dags/example_branch_operator_decorator.py
[2022-08-23 12:09:16,233] {logging_mixin.py:115} INFO - [2022-08-23 12:09:16,233] {dag.py:2420} INFO - Sync 1 DAGs
[2022-08-23 12:09:16,253] {logging_mixin.py:115} INFO - [2022-08-23 12:09:16,253] {dag.py:2972} INFO - Setting next_dagrun for example_branch_python_operator_decorator to 2022-08-22T00:00:00+00:00, run_after=2022-08-23T00:00:00+00:00
[2022-08-23 12:09:16,264] {processor.py:161} INFO - Processing /home/airflow/.local/lib/python3.7/site-packages/airflow/example_dags/example_branch_operator_decorator.py took 0.249 seconds
[2022-08-23 12:09:46,548] {processor.py:153} INFO - Started process (PID=1212) to work on /home/airflow/.local/lib/python3.7/site-packages/airflow/example_dags/example_branch_operator_decorator.py
[2022-08-23 12:09:46,559] {processor.py:641} INFO - Processing file /home/airflow/.local/lib/python3.7/site-packages/airflow/example_dags/example_branch_operator_decorator.py for tasks to queue
[2022-08-23 12:09:46,560] {logging_mixin.py:115} INFO - [2022-08-23 12:09:46,560] {dagbag.py:508} INFO - Filling up the DagBag from /home/airflow/.local/lib/python3.7/site-packages/airflow/example_dags/example_branch_operator_decorator.py
[2022-08-23 12:09:46,592] {processor.py:651} INFO - DAG(s) dict_keys(['example_branch_python_operator_decorator']) retrieved from /home/airflow/.local/lib/python3.7/site-packages/airflow/example_dags/example_branch_operator_decorator.py
[2022-08-23 12:09:46,800] {logging_mixin.py:115} INFO - [2022-08-23 12:09:46,799] {dag.py:2420} INFO - Sync 1 DAGs
[2022-08-23 12:09:46,819] {logging_mixin.py:115} INFO - [2022-08-23 12:09:46,819] {dag.py:2972} INFO - Setting next_dagrun for example_branch_python_operator_decorator to 2022-08-22T00:00:00+00:00, run_after=2022-08-23T00:00:00+00:00
[2022-08-23 12:09:46,830] {processor.py:161} INFO - Processing /home/airflow/.local/lib/python3.7/site-packages/airflow/example_dags/example_branch_operator_decorator.py took 0.284 seconds
[2022-08-23 12:10:17,054] {processor.py:153} INFO - Started process (PID=1273) to work on /home/airflow/.local/lib/python3.7/site-packages/airflow/example_dags/example_branch_operator_decorator.py
[2022-08-23 12:10:17,064] {processor.py:641} INFO - Processing file /home/airflow/.local/lib/python3.7/site-packages/airflow/example_dags/example_branch_operator_decorator.py for tasks to queue
[2022-08-23 12:10:17,065] {logging_mixin.py:115} INFO - [2022-08-23 12:10:17,065] {dagbag.py:508} INFO - Filling up the DagBag from /home/airflow/.local/lib/python3.7/site-packages/airflow/example_dags/example_branch_operator_decorator.py
[2022-08-23 12:10:17,089] {processor.py:651} INFO - DAG(s) dict_keys(['example_branch_python_operator_decorator']) retrieved from /home/airflow/.local/lib/python3.7/site-packages/airflow/example_dags/example_branch_operator_decorator.py
[2022-08-23 12:10:17,287] {logging_mixin.py:115} INFO - [2022-08-23 12:10:17,287] {dag.py:2420} INFO - Sync 1 DAGs
[2022-08-23 12:10:17,306] {logging_mixin.py:115} INFO - [2022-08-23 12:10:17,306] {dag.py:2972} INFO - Setting next_dagrun for example_branch_python_operator_decorator to 2022-08-22T00:00:00+00:00, run_after=2022-08-23T00:00:00+00:00
[2022-08-23 12:10:17,315] {processor.py:161} INFO - Processing /home/airflow/.local/lib/python3.7/site-packages/airflow/example_dags/example_branch_operator_decorator.py took 0.267 seconds
[2022-08-23 12:10:47,545] {processor.py:153} INFO - Started process (PID=1325) to work on /home/airflow/.local/lib/python3.7/site-packages/airflow/example_dags/example_branch_operator_decorator.py
[2022-08-23 12:10:47,546] {processor.py:641} INFO - Processing file /home/airflow/.local/lib/python3.7/site-packages/airflow/example_dags/example_branch_operator_decorator.py for tasks to queue
[2022-08-23 12:10:47,546] {logging_mixin.py:115} INFO - [2022-08-23 12:10:47,546] {dagbag.py:508} INFO - Filling up the DagBag from /home/airflow/.local/lib/python3.7/site-packages/airflow/example_dags/example_branch_operator_decorator.py
[2022-08-23 12:10:47,566] {processor.py:651} INFO - DAG(s) dict_keys(['example_branch_python_operator_decorator']) retrieved from /home/airflow/.local/lib/python3.7/site-packages/airflow/example_dags/example_branch_operator_decorator.py
[2022-08-23 12:10:47,743] {logging_mixin.py:115} INFO - [2022-08-23 12:10:47,743] {dag.py:2420} INFO - Sync 1 DAGs
[2022-08-23 12:10:47,764] {logging_mixin.py:115} INFO - [2022-08-23 12:10:47,764] {dag.py:2972} INFO - Setting next_dagrun for example_branch_python_operator_decorator to 2022-08-22T00:00:00+00:00, run_after=2022-08-23T00:00:00+00:00
[2022-08-23 12:10:47,776] {processor.py:161} INFO - Processing /home/airflow/.local/lib/python3.7/site-packages/airflow/example_dags/example_branch_operator_decorator.py took 0.233 seconds
[2022-08-23 12:11:18,366] {processor.py:153} INFO - Started process (PID=1386) to work on /home/airflow/.local/lib/python3.7/site-packages/airflow/example_dags/example_branch_operator_decorator.py
[2022-08-23 12:11:18,366] {processor.py:641} INFO - Processing file /home/airflow/.local/lib/python3.7/site-packages/airflow/example_dags/example_branch_operator_decorator.py for tasks to queue
[2022-08-23 12:11:18,367] {logging_mixin.py:115} INFO - [2022-08-23 12:11:18,367] {dagbag.py:508} INFO - Filling up the DagBag from /home/airflow/.local/lib/python3.7/site-packages/airflow/example_dags/example_branch_operator_decorator.py
[2022-08-23 12:11:18,392] {processor.py:651} INFO - DAG(s) dict_keys(['example_branch_python_operator_decorator']) retrieved from /home/airflow/.local/lib/python3.7/site-packages/airflow/example_dags/example_branch_operator_decorator.py
[2022-08-23 12:11:18,594] {logging_mixin.py:115} INFO - [2022-08-23 12:11:18,594] {dag.py:2420} INFO - Sync 1 DAGs
[2022-08-23 12:11:18,615] {logging_mixin.py:115} INFO - [2022-08-23 12:11:18,615] {dag.py:2972} INFO - Setting next_dagrun for example_branch_python_operator_decorator to 2022-08-22T00:00:00+00:00, run_after=2022-08-23T00:00:00+00:00
[2022-08-23 12:11:18,642] {processor.py:161} INFO - Processing /home/airflow/.local/lib/python3.7/site-packages/airflow/example_dags/example_branch_operator_decorator.py took 0.278 seconds
[2022-08-23 12:11:48,917] {processor.py:153} INFO - Started process (PID=1447) to work on /home/airflow/.local/lib/python3.7/site-packages/airflow/example_dags/example_branch_operator_decorator.py
[2022-08-23 12:11:48,918] {processor.py:641} INFO - Processing file /home/airflow/.local/lib/python3.7/site-packages/airflow/example_dags/example_branch_operator_decorator.py for tasks to queue
[2022-08-23 12:11:48,919] {logging_mixin.py:115} INFO - [2022-08-23 12:11:48,919] {dagbag.py:508} INFO - Filling up the DagBag from /home/airflow/.local/lib/python3.7/site-packages/airflow/example_dags/example_branch_operator_decorator.py
[2022-08-23 12:11:48,958] {processor.py:651} INFO - DAG(s) dict_keys(['example_branch_python_operator_decorator']) retrieved from /home/airflow/.local/lib/python3.7/site-packages/airflow/example_dags/example_branch_operator_decorator.py
[2022-08-23 12:11:49,176] {logging_mixin.py:115} INFO - [2022-08-23 12:11:49,176] {dag.py:2420} INFO - Sync 1 DAGs
[2022-08-23 12:11:49,196] {logging_mixin.py:115} INFO - [2022-08-23 12:11:49,196] {dag.py:2972} INFO - Setting next_dagrun for example_branch_python_operator_decorator to 2022-08-22T00:00:00+00:00, run_after=2022-08-23T00:00:00+00:00
[2022-08-23 12:11:49,211] {processor.py:161} INFO - Processing /home/airflow/.local/lib/python3.7/site-packages/airflow/example_dags/example_branch_operator_decorator.py took 0.300 seconds
[2022-08-23 12:12:19,314] {processor.py:153} INFO - Started process (PID=1499) to work on /home/airflow/.local/lib/python3.7/site-packages/airflow/example_dags/example_branch_operator_decorator.py
[2022-08-23 12:12:19,325] {processor.py:641} INFO - Processing file /home/airflow/.local/lib/python3.7/site-packages/airflow/example_dags/example_branch_operator_decorator.py for tasks to queue
[2022-08-23 12:12:19,325] {logging_mixin.py:115} INFO - [2022-08-23 12:12:19,325] {dagbag.py:508} INFO - Filling up the DagBag from /home/airflow/.local/lib/python3.7/site-packages/airflow/example_dags/example_branch_operator_decorator.py
[2022-08-23 12:12:19,356] {processor.py:651} INFO - DAG(s) dict_keys(['example_branch_python_operator_decorator']) retrieved from /home/airflow/.local/lib/python3.7/site-packages/airflow/example_dags/example_branch_operator_decorator.py
[2022-08-23 12:12:19,568] {logging_mixin.py:115} INFO - [2022-08-23 12:12:19,568] {dag.py:2420} INFO - Sync 1 DAGs
[2022-08-23 12:12:19,586] {logging_mixin.py:115} INFO - [2022-08-23 12:12:19,586] {dag.py:2972} INFO - Setting next_dagrun for example_branch_python_operator_decorator to 2022-08-22T00:00:00+00:00, run_after=2022-08-23T00:00:00+00:00
[2022-08-23 12:12:19,595] {processor.py:161} INFO - Processing /home/airflow/.local/lib/python3.7/site-packages/airflow/example_dags/example_branch_operator_decorator.py took 0.286 seconds
[2022-08-23 12:12:49,712] {processor.py:153} INFO - Started process (PID=1560) to work on /home/airflow/.local/lib/python3.7/site-packages/airflow/example_dags/example_branch_operator_decorator.py
[2022-08-23 12:12:49,722] {processor.py:641} INFO - Processing file /home/airflow/.local/lib/python3.7/site-packages/airflow/example_dags/example_branch_operator_decorator.py for tasks to queue
[2022-08-23 12:12:49,723] {logging_mixin.py:115} INFO - [2022-08-23 12:12:49,723] {dagbag.py:508} INFO - Filling up the DagBag from /home/airflow/.local/lib/python3.7/site-packages/airflow/example_dags/example_branch_operator_decorator.py
[2022-08-23 12:12:49,745] {processor.py:651} INFO - DAG(s) dict_keys(['example_branch_python_operator_decorator']) retrieved from /home/airflow/.local/lib/python3.7/site-packages/airflow/example_dags/example_branch_operator_decorator.py
[2022-08-23 12:12:49,913] {logging_mixin.py:115} INFO - [2022-08-23 12:12:49,913] {dag.py:2420} INFO - Sync 1 DAGs
[2022-08-23 12:12:49,932] {logging_mixin.py:115} INFO - [2022-08-23 12:12:49,932] {dag.py:2972} INFO - Setting next_dagrun for example_branch_python_operator_decorator to 2022-08-22T00:00:00+00:00, run_after=2022-08-23T00:00:00+00:00
[2022-08-23 12:12:49,942] {processor.py:161} INFO - Processing /home/airflow/.local/lib/python3.7/site-packages/airflow/example_dags/example_branch_operator_decorator.py took 0.236 seconds
[2022-08-23 12:13:20,212] {processor.py:153} INFO - Started process (PID=1619) to work on /home/airflow/.local/lib/python3.7/site-packages/airflow/example_dags/example_branch_operator_decorator.py
[2022-08-23 12:13:20,214] {processor.py:641} INFO - Processing file /home/airflow/.local/lib/python3.7/site-packages/airflow/example_dags/example_branch_operator_decorator.py for tasks to queue
[2022-08-23 12:13:20,214] {logging_mixin.py:115} INFO - [2022-08-23 12:13:20,214] {dagbag.py:508} INFO - Filling up the DagBag from /home/airflow/.local/lib/python3.7/site-packages/airflow/example_dags/example_branch_operator_decorator.py
[2022-08-23 12:13:20,248] {processor.py:651} INFO - DAG(s) dict_keys(['example_branch_python_operator_decorator']) retrieved from /home/airflow/.local/lib/python3.7/site-packages/airflow/example_dags/example_branch_operator_decorator.py
[2022-08-23 12:13:20,515] {logging_mixin.py:115} INFO - [2022-08-23 12:13:20,515] {dag.py:2420} INFO - Sync 1 DAGs
[2022-08-23 12:13:20,541] {logging_mixin.py:115} INFO - [2022-08-23 12:13:20,541] {dag.py:2972} INFO - Setting next_dagrun for example_branch_python_operator_decorator to 2022-08-22T00:00:00+00:00, run_after=2022-08-23T00:00:00+00:00
[2022-08-23 12:13:20,557] {processor.py:161} INFO - Processing /home/airflow/.local/lib/python3.7/site-packages/airflow/example_dags/example_branch_operator_decorator.py took 0.349 seconds
