[2022-08-23 11:59:29,874] {processor.py:153} INFO - Started process (PID=67) to work on /home/airflow/.local/lib/python3.7/site-packages/airflow/example_dags/example_task_group_decorator.py
[2022-08-23 11:59:29,875] {processor.py:641} INFO - Processing file /home/airflow/.local/lib/python3.7/site-packages/airflow/example_dags/example_task_group_decorator.py for tasks to queue
[2022-08-23 11:59:29,875] {logging_mixin.py:115} INFO - [2022-08-23 11:59:29,875] {dagbag.py:508} INFO - Filling up the DagBag from /home/airflow/.local/lib/python3.7/site-packages/airflow/example_dags/example_task_group_decorator.py
[2022-08-23 11:59:29,895] {processor.py:651} INFO - DAG(s) dict_keys(['example_task_group_decorator']) retrieved from /home/airflow/.local/lib/python3.7/site-packages/airflow/example_dags/example_task_group_decorator.py
[2022-08-23 11:59:30,035] {logging_mixin.py:115} INFO - [2022-08-23 11:59:30,035] {dag.py:2420} INFO - Sync 1 DAGs
[2022-08-23 11:59:30,051] {logging_mixin.py:115} INFO - [2022-08-23 11:59:30,051] {dag.py:2972} INFO - Setting next_dagrun for example_task_group_decorator to 2022-08-22T11:59:30.051218+00:00, run_after=2022-08-23T11:59:30.051218+00:00
[2022-08-23 11:59:30,073] {processor.py:161} INFO - Processing /home/airflow/.local/lib/python3.7/site-packages/airflow/example_dags/example_task_group_decorator.py took 0.201 seconds
[2022-08-23 12:00:01,085] {processor.py:153} INFO - Started process (PID=128) to work on /home/airflow/.local/lib/python3.7/site-packages/airflow/example_dags/example_task_group_decorator.py
[2022-08-23 12:00:01,096] {processor.py:641} INFO - Processing file /home/airflow/.local/lib/python3.7/site-packages/airflow/example_dags/example_task_group_decorator.py for tasks to queue
[2022-08-23 12:00:01,096] {logging_mixin.py:115} INFO - [2022-08-23 12:00:01,096] {dagbag.py:508} INFO - Filling up the DagBag from /home/airflow/.local/lib/python3.7/site-packages/airflow/example_dags/example_task_group_decorator.py
[2022-08-23 12:00:01,147] {processor.py:651} INFO - DAG(s) dict_keys(['example_task_group_decorator']) retrieved from /home/airflow/.local/lib/python3.7/site-packages/airflow/example_dags/example_task_group_decorator.py
[2022-08-23 12:00:01,290] {logging_mixin.py:115} INFO - [2022-08-23 12:00:01,290] {dag.py:2420} INFO - Sync 1 DAGs
[2022-08-23 12:00:01,307] {logging_mixin.py:115} INFO - [2022-08-23 12:00:01,306] {dag.py:2972} INFO - Setting next_dagrun for example_task_group_decorator to 2022-08-22T12:00:01.306831+00:00, run_after=2022-08-23T12:00:01.306831+00:00
[2022-08-23 12:00:01,318] {processor.py:161} INFO - Processing /home/airflow/.local/lib/python3.7/site-packages/airflow/example_dags/example_task_group_decorator.py took 0.237 seconds
[2022-08-23 12:00:32,045] {processor.py:153} INFO - Started process (PID=189) to work on /home/airflow/.local/lib/python3.7/site-packages/airflow/example_dags/example_task_group_decorator.py
[2022-08-23 12:00:32,045] {processor.py:641} INFO - Processing file /home/airflow/.local/lib/python3.7/site-packages/airflow/example_dags/example_task_group_decorator.py for tasks to queue
[2022-08-23 12:00:32,046] {logging_mixin.py:115} INFO - [2022-08-23 12:00:32,046] {dagbag.py:508} INFO - Filling up the DagBag from /home/airflow/.local/lib/python3.7/site-packages/airflow/example_dags/example_task_group_decorator.py
[2022-08-23 12:00:32,069] {processor.py:651} INFO - DAG(s) dict_keys(['example_task_group_decorator']) retrieved from /home/airflow/.local/lib/python3.7/site-packages/airflow/example_dags/example_task_group_decorator.py
[2022-08-23 12:00:32,289] {logging_mixin.py:115} INFO - [2022-08-23 12:00:32,289] {dag.py:2420} INFO - Sync 1 DAGs
[2022-08-23 12:00:32,310] {logging_mixin.py:115} INFO - [2022-08-23 12:00:32,310] {dag.py:2972} INFO - Setting next_dagrun for example_task_group_decorator to 2022-08-22T12:00:32.310600+00:00, run_after=2022-08-23T12:00:32.310600+00:00
[2022-08-23 12:00:32,324] {processor.py:161} INFO - Processing /home/airflow/.local/lib/python3.7/site-packages/airflow/example_dags/example_task_group_decorator.py took 0.282 seconds
[2022-08-23 12:01:02,507] {processor.py:153} INFO - Started process (PID=242) to work on /home/airflow/.local/lib/python3.7/site-packages/airflow/example_dags/example_task_group_decorator.py
[2022-08-23 12:01:02,508] {processor.py:641} INFO - Processing file /home/airflow/.local/lib/python3.7/site-packages/airflow/example_dags/example_task_group_decorator.py for tasks to queue
[2022-08-23 12:01:02,509] {logging_mixin.py:115} INFO - [2022-08-23 12:01:02,509] {dagbag.py:508} INFO - Filling up the DagBag from /home/airflow/.local/lib/python3.7/site-packages/airflow/example_dags/example_task_group_decorator.py
[2022-08-23 12:01:02,555] {processor.py:651} INFO - DAG(s) dict_keys(['example_task_group_decorator']) retrieved from /home/airflow/.local/lib/python3.7/site-packages/airflow/example_dags/example_task_group_decorator.py
[2022-08-23 12:01:02,693] {logging_mixin.py:115} INFO - [2022-08-23 12:01:02,693] {dag.py:2420} INFO - Sync 1 DAGs
[2022-08-23 12:01:02,708] {logging_mixin.py:115} INFO - [2022-08-23 12:01:02,708] {dag.py:2972} INFO - Setting next_dagrun for example_task_group_decorator to 2022-08-22T12:01:02.708341+00:00, run_after=2022-08-23T12:01:02.708341+00:00
[2022-08-23 12:01:02,718] {processor.py:161} INFO - Processing /home/airflow/.local/lib/python3.7/site-packages/airflow/example_dags/example_task_group_decorator.py took 0.215 seconds
[2022-08-23 12:01:33,242] {processor.py:153} INFO - Started process (PID=302) to work on /home/airflow/.local/lib/python3.7/site-packages/airflow/example_dags/example_task_group_decorator.py
[2022-08-23 12:01:33,243] {processor.py:641} INFO - Processing file /home/airflow/.local/lib/python3.7/site-packages/airflow/example_dags/example_task_group_decorator.py for tasks to queue
[2022-08-23 12:01:33,243] {logging_mixin.py:115} INFO - [2022-08-23 12:01:33,243] {dagbag.py:508} INFO - Filling up the DagBag from /home/airflow/.local/lib/python3.7/site-packages/airflow/example_dags/example_task_group_decorator.py
[2022-08-23 12:01:33,283] {processor.py:651} INFO - DAG(s) dict_keys(['example_task_group_decorator']) retrieved from /home/airflow/.local/lib/python3.7/site-packages/airflow/example_dags/example_task_group_decorator.py
[2022-08-23 12:01:33,694] {logging_mixin.py:115} INFO - [2022-08-23 12:01:33,694] {dag.py:2420} INFO - Sync 1 DAGs
[2022-08-23 12:01:33,726] {logging_mixin.py:115} INFO - [2022-08-23 12:01:33,726] {dag.py:2972} INFO - Setting next_dagrun for example_task_group_decorator to 2022-08-22T12:01:33.726429+00:00, run_after=2022-08-23T12:01:33.726429+00:00
[2022-08-23 12:01:33,745] {processor.py:161} INFO - Processing /home/airflow/.local/lib/python3.7/site-packages/airflow/example_dags/example_task_group_decorator.py took 0.505 seconds
[2022-08-23 12:02:08,836] {processor.py:153} INFO - Started process (PID=362) to work on /home/airflow/.local/lib/python3.7/site-packages/airflow/example_dags/example_task_group_decorator.py
[2022-08-23 12:02:08,839] {processor.py:641} INFO - Processing file /home/airflow/.local/lib/python3.7/site-packages/airflow/example_dags/example_task_group_decorator.py for tasks to queue
[2022-08-23 12:02:08,840] {logging_mixin.py:115} INFO - [2022-08-23 12:02:08,840] {dagbag.py:508} INFO - Filling up the DagBag from /home/airflow/.local/lib/python3.7/site-packages/airflow/example_dags/example_task_group_decorator.py
[2022-08-23 12:02:08,914] {processor.py:651} INFO - DAG(s) dict_keys(['example_task_group_decorator']) retrieved from /home/airflow/.local/lib/python3.7/site-packages/airflow/example_dags/example_task_group_decorator.py
[2022-08-23 12:02:09,418] {logging_mixin.py:115} INFO - [2022-08-23 12:02:09,418] {dag.py:2420} INFO - Sync 1 DAGs
[2022-08-23 12:02:09,464] {logging_mixin.py:115} INFO - [2022-08-23 12:02:09,464] {dag.py:2972} INFO - Setting next_dagrun for example_task_group_decorator to 2022-08-22T12:02:09.463832+00:00, run_after=2022-08-23T12:02:09.463832+00:00
[2022-08-23 12:02:09,504] {processor.py:161} INFO - Processing /home/airflow/.local/lib/python3.7/site-packages/airflow/example_dags/example_task_group_decorator.py took 0.676 seconds
[2022-08-23 12:02:40,091] {processor.py:153} INFO - Started process (PID=414) to work on /home/airflow/.local/lib/python3.7/site-packages/airflow/example_dags/example_task_group_decorator.py
[2022-08-23 12:02:40,092] {processor.py:641} INFO - Processing file /home/airflow/.local/lib/python3.7/site-packages/airflow/example_dags/example_task_group_decorator.py for tasks to queue
[2022-08-23 12:02:40,092] {logging_mixin.py:115} INFO - [2022-08-23 12:02:40,092] {dagbag.py:508} INFO - Filling up the DagBag from /home/airflow/.local/lib/python3.7/site-packages/airflow/example_dags/example_task_group_decorator.py
[2022-08-23 12:02:40,121] {processor.py:651} INFO - DAG(s) dict_keys(['example_task_group_decorator']) retrieved from /home/airflow/.local/lib/python3.7/site-packages/airflow/example_dags/example_task_group_decorator.py
[2022-08-23 12:02:40,359] {logging_mixin.py:115} INFO - [2022-08-23 12:02:40,359] {dag.py:2420} INFO - Sync 1 DAGs
[2022-08-23 12:02:40,381] {logging_mixin.py:115} INFO - [2022-08-23 12:02:40,381] {dag.py:2972} INFO - Setting next_dagrun for example_task_group_decorator to 2022-08-22T12:02:40.380869+00:00, run_after=2022-08-23T12:02:40.380869+00:00
[2022-08-23 12:02:40,394] {processor.py:161} INFO - Processing /home/airflow/.local/lib/python3.7/site-packages/airflow/example_dags/example_task_group_decorator.py took 0.309 seconds
[2022-08-23 12:03:10,543] {processor.py:153} INFO - Started process (PID=475) to work on /home/airflow/.local/lib/python3.7/site-packages/airflow/example_dags/example_task_group_decorator.py
[2022-08-23 12:03:10,544] {processor.py:641} INFO - Processing file /home/airflow/.local/lib/python3.7/site-packages/airflow/example_dags/example_task_group_decorator.py for tasks to queue
[2022-08-23 12:03:10,545] {logging_mixin.py:115} INFO - [2022-08-23 12:03:10,544] {dagbag.py:508} INFO - Filling up the DagBag from /home/airflow/.local/lib/python3.7/site-packages/airflow/example_dags/example_task_group_decorator.py
[2022-08-23 12:03:10,586] {processor.py:651} INFO - DAG(s) dict_keys(['example_task_group_decorator']) retrieved from /home/airflow/.local/lib/python3.7/site-packages/airflow/example_dags/example_task_group_decorator.py
[2022-08-23 12:03:10,796] {logging_mixin.py:115} INFO - [2022-08-23 12:03:10,796] {dag.py:2420} INFO - Sync 1 DAGs
[2022-08-23 12:03:10,814] {logging_mixin.py:115} INFO - [2022-08-23 12:03:10,814] {dag.py:2972} INFO - Setting next_dagrun for example_task_group_decorator to 2022-08-22T12:03:10.814174+00:00, run_after=2022-08-23T12:03:10.814174+00:00
[2022-08-23 12:03:10,829] {processor.py:161} INFO - Processing /home/airflow/.local/lib/python3.7/site-packages/airflow/example_dags/example_task_group_decorator.py took 0.290 seconds
[2022-08-23 12:03:40,976] {processor.py:153} INFO - Started process (PID=536) to work on /home/airflow/.local/lib/python3.7/site-packages/airflow/example_dags/example_task_group_decorator.py
[2022-08-23 12:03:40,976] {processor.py:641} INFO - Processing file /home/airflow/.local/lib/python3.7/site-packages/airflow/example_dags/example_task_group_decorator.py for tasks to queue
[2022-08-23 12:03:40,977] {logging_mixin.py:115} INFO - [2022-08-23 12:03:40,977] {dagbag.py:508} INFO - Filling up the DagBag from /home/airflow/.local/lib/python3.7/site-packages/airflow/example_dags/example_task_group_decorator.py
[2022-08-23 12:03:41,021] {processor.py:651} INFO - DAG(s) dict_keys(['example_task_group_decorator']) retrieved from /home/airflow/.local/lib/python3.7/site-packages/airflow/example_dags/example_task_group_decorator.py
[2022-08-23 12:03:41,308] {logging_mixin.py:115} INFO - [2022-08-23 12:03:41,308] {dag.py:2420} INFO - Sync 1 DAGs
[2022-08-23 12:03:41,331] {logging_mixin.py:115} INFO - [2022-08-23 12:03:41,330] {dag.py:2972} INFO - Setting next_dagrun for example_task_group_decorator to 2022-08-22T12:03:41.330557+00:00, run_after=2022-08-23T12:03:41.330557+00:00
[2022-08-23 12:03:41,348] {processor.py:161} INFO - Processing /home/airflow/.local/lib/python3.7/site-packages/airflow/example_dags/example_task_group_decorator.py took 0.377 seconds
[2022-08-23 12:04:11,457] {processor.py:153} INFO - Started process (PID=588) to work on /home/airflow/.local/lib/python3.7/site-packages/airflow/example_dags/example_task_group_decorator.py
[2022-08-23 12:04:11,457] {processor.py:641} INFO - Processing file /home/airflow/.local/lib/python3.7/site-packages/airflow/example_dags/example_task_group_decorator.py for tasks to queue
[2022-08-23 12:04:11,458] {logging_mixin.py:115} INFO - [2022-08-23 12:04:11,458] {dagbag.py:508} INFO - Filling up the DagBag from /home/airflow/.local/lib/python3.7/site-packages/airflow/example_dags/example_task_group_decorator.py
[2022-08-23 12:04:11,489] {processor.py:651} INFO - DAG(s) dict_keys(['example_task_group_decorator']) retrieved from /home/airflow/.local/lib/python3.7/site-packages/airflow/example_dags/example_task_group_decorator.py
[2022-08-23 12:04:11,698] {logging_mixin.py:115} INFO - [2022-08-23 12:04:11,698] {dag.py:2420} INFO - Sync 1 DAGs
[2022-08-23 12:04:11,718] {logging_mixin.py:115} INFO - [2022-08-23 12:04:11,717] {dag.py:2972} INFO - Setting next_dagrun for example_task_group_decorator to 2022-08-22T12:04:11.717744+00:00, run_after=2022-08-23T12:04:11.717744+00:00
[2022-08-23 12:04:11,731] {processor.py:161} INFO - Processing /home/airflow/.local/lib/python3.7/site-packages/airflow/example_dags/example_task_group_decorator.py took 0.277 seconds
[2022-08-23 12:04:42,358] {processor.py:153} INFO - Started process (PID=649) to work on /home/airflow/.local/lib/python3.7/site-packages/airflow/example_dags/example_task_group_decorator.py
[2022-08-23 12:04:42,359] {processor.py:641} INFO - Processing file /home/airflow/.local/lib/python3.7/site-packages/airflow/example_dags/example_task_group_decorator.py for tasks to queue
[2022-08-23 12:04:42,360] {logging_mixin.py:115} INFO - [2022-08-23 12:04:42,360] {dagbag.py:508} INFO - Filling up the DagBag from /home/airflow/.local/lib/python3.7/site-packages/airflow/example_dags/example_task_group_decorator.py
[2022-08-23 12:04:42,392] {processor.py:651} INFO - DAG(s) dict_keys(['example_task_group_decorator']) retrieved from /home/airflow/.local/lib/python3.7/site-packages/airflow/example_dags/example_task_group_decorator.py
[2022-08-23 12:04:42,701] {logging_mixin.py:115} INFO - [2022-08-23 12:04:42,701] {dag.py:2420} INFO - Sync 1 DAGs
[2022-08-23 12:04:42,720] {logging_mixin.py:115} INFO - [2022-08-23 12:04:42,720] {dag.py:2972} INFO - Setting next_dagrun for example_task_group_decorator to 2022-08-22T12:04:42.720477+00:00, run_after=2022-08-23T12:04:42.720477+00:00
[2022-08-23 12:04:42,737] {processor.py:161} INFO - Processing /home/airflow/.local/lib/python3.7/site-packages/airflow/example_dags/example_task_group_decorator.py took 0.385 seconds
[2022-08-23 12:05:12,792] {processor.py:153} INFO - Started process (PID=701) to work on /home/airflow/.local/lib/python3.7/site-packages/airflow/example_dags/example_task_group_decorator.py
[2022-08-23 12:05:12,793] {processor.py:641} INFO - Processing file /home/airflow/.local/lib/python3.7/site-packages/airflow/example_dags/example_task_group_decorator.py for tasks to queue
[2022-08-23 12:05:12,793] {logging_mixin.py:115} INFO - [2022-08-23 12:05:12,793] {dagbag.py:508} INFO - Filling up the DagBag from /home/airflow/.local/lib/python3.7/site-packages/airflow/example_dags/example_task_group_decorator.py
[2022-08-23 12:05:12,821] {processor.py:651} INFO - DAG(s) dict_keys(['example_task_group_decorator']) retrieved from /home/airflow/.local/lib/python3.7/site-packages/airflow/example_dags/example_task_group_decorator.py
[2022-08-23 12:05:13,070] {logging_mixin.py:115} INFO - [2022-08-23 12:05:13,070] {dag.py:2420} INFO - Sync 1 DAGs
[2022-08-23 12:05:13,090] {logging_mixin.py:115} INFO - [2022-08-23 12:05:13,089] {dag.py:2972} INFO - Setting next_dagrun for example_task_group_decorator to 2022-08-22T12:05:13.089847+00:00, run_after=2022-08-23T12:05:13.089847+00:00
[2022-08-23 12:05:13,108] {processor.py:161} INFO - Processing /home/airflow/.local/lib/python3.7/site-packages/airflow/example_dags/example_task_group_decorator.py took 0.319 seconds
[2022-08-23 12:05:44,337] {processor.py:153} INFO - Started process (PID=762) to work on /home/airflow/.local/lib/python3.7/site-packages/airflow/example_dags/example_task_group_decorator.py
[2022-08-23 12:05:44,338] {processor.py:641} INFO - Processing file /home/airflow/.local/lib/python3.7/site-packages/airflow/example_dags/example_task_group_decorator.py for tasks to queue
[2022-08-23 12:05:44,339] {logging_mixin.py:115} INFO - [2022-08-23 12:05:44,339] {dagbag.py:508} INFO - Filling up the DagBag from /home/airflow/.local/lib/python3.7/site-packages/airflow/example_dags/example_task_group_decorator.py
[2022-08-23 12:05:44,366] {processor.py:651} INFO - DAG(s) dict_keys(['example_task_group_decorator']) retrieved from /home/airflow/.local/lib/python3.7/site-packages/airflow/example_dags/example_task_group_decorator.py
[2022-08-23 12:05:44,606] {logging_mixin.py:115} INFO - [2022-08-23 12:05:44,606] {dag.py:2420} INFO - Sync 1 DAGs
[2022-08-23 12:05:44,627] {logging_mixin.py:115} INFO - [2022-08-23 12:05:44,627] {dag.py:2972} INFO - Setting next_dagrun for example_task_group_decorator to 2022-08-22T12:05:44.626893+00:00, run_after=2022-08-23T12:05:44.626893+00:00
[2022-08-23 12:05:44,648] {processor.py:161} INFO - Processing /home/airflow/.local/lib/python3.7/site-packages/airflow/example_dags/example_task_group_decorator.py took 0.317 seconds
[2022-08-23 12:06:14,832] {processor.py:153} INFO - Started process (PID=823) to work on /home/airflow/.local/lib/python3.7/site-packages/airflow/example_dags/example_task_group_decorator.py
[2022-08-23 12:06:14,833] {processor.py:641} INFO - Processing file /home/airflow/.local/lib/python3.7/site-packages/airflow/example_dags/example_task_group_decorator.py for tasks to queue
[2022-08-23 12:06:14,833] {logging_mixin.py:115} INFO - [2022-08-23 12:06:14,833] {dagbag.py:508} INFO - Filling up the DagBag from /home/airflow/.local/lib/python3.7/site-packages/airflow/example_dags/example_task_group_decorator.py
[2022-08-23 12:06:14,862] {processor.py:651} INFO - DAG(s) dict_keys(['example_task_group_decorator']) retrieved from /home/airflow/.local/lib/python3.7/site-packages/airflow/example_dags/example_task_group_decorator.py
[2022-08-23 12:06:15,125] {logging_mixin.py:115} INFO - [2022-08-23 12:06:15,125] {dag.py:2420} INFO - Sync 1 DAGs
[2022-08-23 12:06:15,151] {logging_mixin.py:115} INFO - [2022-08-23 12:06:15,151] {dag.py:2972} INFO - Setting next_dagrun for example_task_group_decorator to 2022-08-22T12:06:15.150839+00:00, run_after=2022-08-23T12:06:15.150839+00:00
[2022-08-23 12:06:15,180] {processor.py:161} INFO - Processing /home/airflow/.local/lib/python3.7/site-packages/airflow/example_dags/example_task_group_decorator.py took 0.351 seconds
[2022-08-23 12:06:45,471] {processor.py:153} INFO - Started process (PID=875) to work on /home/airflow/.local/lib/python3.7/site-packages/airflow/example_dags/example_task_group_decorator.py
[2022-08-23 12:06:45,471] {processor.py:641} INFO - Processing file /home/airflow/.local/lib/python3.7/site-packages/airflow/example_dags/example_task_group_decorator.py for tasks to queue
[2022-08-23 12:06:45,472] {logging_mixin.py:115} INFO - [2022-08-23 12:06:45,472] {dagbag.py:508} INFO - Filling up the DagBag from /home/airflow/.local/lib/python3.7/site-packages/airflow/example_dags/example_task_group_decorator.py
[2022-08-23 12:06:45,501] {processor.py:651} INFO - DAG(s) dict_keys(['example_task_group_decorator']) retrieved from /home/airflow/.local/lib/python3.7/site-packages/airflow/example_dags/example_task_group_decorator.py
[2022-08-23 12:06:45,720] {logging_mixin.py:115} INFO - [2022-08-23 12:06:45,720] {dag.py:2420} INFO - Sync 1 DAGs
[2022-08-23 12:06:45,741] {logging_mixin.py:115} INFO - [2022-08-23 12:06:45,741] {dag.py:2972} INFO - Setting next_dagrun for example_task_group_decorator to 2022-08-22T12:06:45.741717+00:00, run_after=2022-08-23T12:06:45.741717+00:00
[2022-08-23 12:06:45,757] {processor.py:161} INFO - Processing /home/airflow/.local/lib/python3.7/site-packages/airflow/example_dags/example_task_group_decorator.py took 0.290 seconds
[2022-08-23 12:07:16,122] {processor.py:153} INFO - Started process (PID=936) to work on /home/airflow/.local/lib/python3.7/site-packages/airflow/example_dags/example_task_group_decorator.py
[2022-08-23 12:07:16,122] {processor.py:641} INFO - Processing file /home/airflow/.local/lib/python3.7/site-packages/airflow/example_dags/example_task_group_decorator.py for tasks to queue
[2022-08-23 12:07:16,123] {logging_mixin.py:115} INFO - [2022-08-23 12:07:16,122] {dagbag.py:508} INFO - Filling up the DagBag from /home/airflow/.local/lib/python3.7/site-packages/airflow/example_dags/example_task_group_decorator.py
[2022-08-23 12:07:16,158] {processor.py:651} INFO - DAG(s) dict_keys(['example_task_group_decorator']) retrieved from /home/airflow/.local/lib/python3.7/site-packages/airflow/example_dags/example_task_group_decorator.py
[2022-08-23 12:07:16,368] {logging_mixin.py:115} INFO - [2022-08-23 12:07:16,368] {dag.py:2420} INFO - Sync 1 DAGs
[2022-08-23 12:07:16,385] {logging_mixin.py:115} INFO - [2022-08-23 12:07:16,385] {dag.py:2972} INFO - Setting next_dagrun for example_task_group_decorator to 2022-08-22T12:07:16.384757+00:00, run_after=2022-08-23T12:07:16.384757+00:00
[2022-08-23 12:07:16,399] {processor.py:161} INFO - Processing /home/airflow/.local/lib/python3.7/site-packages/airflow/example_dags/example_task_group_decorator.py took 0.280 seconds
[2022-08-23 12:07:46,972] {processor.py:153} INFO - Started process (PID=997) to work on /home/airflow/.local/lib/python3.7/site-packages/airflow/example_dags/example_task_group_decorator.py
[2022-08-23 12:07:46,973] {processor.py:641} INFO - Processing file /home/airflow/.local/lib/python3.7/site-packages/airflow/example_dags/example_task_group_decorator.py for tasks to queue
[2022-08-23 12:07:46,973] {logging_mixin.py:115} INFO - [2022-08-23 12:07:46,973] {dagbag.py:508} INFO - Filling up the DagBag from /home/airflow/.local/lib/python3.7/site-packages/airflow/example_dags/example_task_group_decorator.py
[2022-08-23 12:07:46,997] {processor.py:651} INFO - DAG(s) dict_keys(['example_task_group_decorator']) retrieved from /home/airflow/.local/lib/python3.7/site-packages/airflow/example_dags/example_task_group_decorator.py
[2022-08-23 12:07:47,157] {logging_mixin.py:115} INFO - [2022-08-23 12:07:47,157] {dag.py:2420} INFO - Sync 1 DAGs
[2022-08-23 12:07:47,176] {logging_mixin.py:115} INFO - [2022-08-23 12:07:47,176] {dag.py:2972} INFO - Setting next_dagrun for example_task_group_decorator to 2022-08-22T12:07:47.175980+00:00, run_after=2022-08-23T12:07:47.175980+00:00
[2022-08-23 12:07:47,184] {processor.py:161} INFO - Processing /home/airflow/.local/lib/python3.7/site-packages/airflow/example_dags/example_task_group_decorator.py took 0.215 seconds
[2022-08-23 12:08:17,728] {processor.py:153} INFO - Started process (PID=1049) to work on /home/airflow/.local/lib/python3.7/site-packages/airflow/example_dags/example_task_group_decorator.py
[2022-08-23 12:08:17,728] {processor.py:641} INFO - Processing file /home/airflow/.local/lib/python3.7/site-packages/airflow/example_dags/example_task_group_decorator.py for tasks to queue
[2022-08-23 12:08:17,729] {logging_mixin.py:115} INFO - [2022-08-23 12:08:17,728] {dagbag.py:508} INFO - Filling up the DagBag from /home/airflow/.local/lib/python3.7/site-packages/airflow/example_dags/example_task_group_decorator.py
[2022-08-23 12:08:17,757] {processor.py:651} INFO - DAG(s) dict_keys(['example_task_group_decorator']) retrieved from /home/airflow/.local/lib/python3.7/site-packages/airflow/example_dags/example_task_group_decorator.py
[2022-08-23 12:08:17,974] {logging_mixin.py:115} INFO - [2022-08-23 12:08:17,974] {dag.py:2420} INFO - Sync 1 DAGs
[2022-08-23 12:08:17,992] {logging_mixin.py:115} INFO - [2022-08-23 12:08:17,992] {dag.py:2972} INFO - Setting next_dagrun for example_task_group_decorator to 2022-08-22T12:08:17.992484+00:00, run_after=2022-08-23T12:08:17.992484+00:00
[2022-08-23 12:08:18,010] {processor.py:161} INFO - Processing /home/airflow/.local/lib/python3.7/site-packages/airflow/example_dags/example_task_group_decorator.py took 0.286 seconds
[2022-08-23 12:08:48,215] {processor.py:153} INFO - Started process (PID=1110) to work on /home/airflow/.local/lib/python3.7/site-packages/airflow/example_dags/example_task_group_decorator.py
[2022-08-23 12:08:48,216] {processor.py:641} INFO - Processing file /home/airflow/.local/lib/python3.7/site-packages/airflow/example_dags/example_task_group_decorator.py for tasks to queue
[2022-08-23 12:08:48,217] {logging_mixin.py:115} INFO - [2022-08-23 12:08:48,217] {dagbag.py:508} INFO - Filling up the DagBag from /home/airflow/.local/lib/python3.7/site-packages/airflow/example_dags/example_task_group_decorator.py
[2022-08-23 12:08:48,261] {processor.py:651} INFO - DAG(s) dict_keys(['example_task_group_decorator']) retrieved from /home/airflow/.local/lib/python3.7/site-packages/airflow/example_dags/example_task_group_decorator.py
[2022-08-23 12:08:48,520] {logging_mixin.py:115} INFO - [2022-08-23 12:08:48,520] {dag.py:2420} INFO - Sync 1 DAGs
[2022-08-23 12:08:48,538] {logging_mixin.py:115} INFO - [2022-08-23 12:08:48,538] {dag.py:2972} INFO - Setting next_dagrun for example_task_group_decorator to 2022-08-22T12:08:48.538148+00:00, run_after=2022-08-23T12:08:48.538148+00:00
[2022-08-23 12:08:48,554] {processor.py:161} INFO - Processing /home/airflow/.local/lib/python3.7/site-packages/airflow/example_dags/example_task_group_decorator.py took 0.344 seconds
[2022-08-23 12:09:19,365] {processor.py:153} INFO - Started process (PID=1171) to work on /home/airflow/.local/lib/python3.7/site-packages/airflow/example_dags/example_task_group_decorator.py
[2022-08-23 12:09:19,365] {processor.py:641} INFO - Processing file /home/airflow/.local/lib/python3.7/site-packages/airflow/example_dags/example_task_group_decorator.py for tasks to queue
[2022-08-23 12:09:19,366] {logging_mixin.py:115} INFO - [2022-08-23 12:09:19,366] {dagbag.py:508} INFO - Filling up the DagBag from /home/airflow/.local/lib/python3.7/site-packages/airflow/example_dags/example_task_group_decorator.py
[2022-08-23 12:09:19,394] {processor.py:651} INFO - DAG(s) dict_keys(['example_task_group_decorator']) retrieved from /home/airflow/.local/lib/python3.7/site-packages/airflow/example_dags/example_task_group_decorator.py
[2022-08-23 12:09:19,669] {logging_mixin.py:115} INFO - [2022-08-23 12:09:19,669] {dag.py:2420} INFO - Sync 1 DAGs
[2022-08-23 12:09:19,692] {logging_mixin.py:115} INFO - [2022-08-23 12:09:19,692] {dag.py:2972} INFO - Setting next_dagrun for example_task_group_decorator to 2022-08-22T12:09:19.692170+00:00, run_after=2022-08-23T12:09:19.692170+00:00
[2022-08-23 12:09:19,714] {processor.py:161} INFO - Processing /home/airflow/.local/lib/python3.7/site-packages/airflow/example_dags/example_task_group_decorator.py took 0.351 seconds
[2022-08-23 12:09:50,387] {processor.py:153} INFO - Started process (PID=1223) to work on /home/airflow/.local/lib/python3.7/site-packages/airflow/example_dags/example_task_group_decorator.py
[2022-08-23 12:09:50,387] {processor.py:641} INFO - Processing file /home/airflow/.local/lib/python3.7/site-packages/airflow/example_dags/example_task_group_decorator.py for tasks to queue
[2022-08-23 12:09:50,388] {logging_mixin.py:115} INFO - [2022-08-23 12:09:50,388] {dagbag.py:508} INFO - Filling up the DagBag from /home/airflow/.local/lib/python3.7/site-packages/airflow/example_dags/example_task_group_decorator.py
[2022-08-23 12:09:50,649] {processor.py:651} INFO - DAG(s) dict_keys(['example_task_group_decorator']) retrieved from /home/airflow/.local/lib/python3.7/site-packages/airflow/example_dags/example_task_group_decorator.py
[2022-08-23 12:09:50,733] {logging_mixin.py:115} INFO - [2022-08-23 12:09:50,732] {dag.py:2420} INFO - Sync 1 DAGs
[2022-08-23 12:09:50,765] {logging_mixin.py:115} INFO - [2022-08-23 12:09:50,765] {dag.py:2972} INFO - Setting next_dagrun for example_task_group_decorator to 2022-08-22T12:09:50.764891+00:00, run_after=2022-08-23T12:09:50.764891+00:00
[2022-08-23 12:09:50,800] {processor.py:161} INFO - Processing /home/airflow/.local/lib/python3.7/site-packages/airflow/example_dags/example_task_group_decorator.py took 0.417 seconds
[2022-08-23 12:10:21,612] {processor.py:153} INFO - Started process (PID=1284) to work on /home/airflow/.local/lib/python3.7/site-packages/airflow/example_dags/example_task_group_decorator.py
[2022-08-23 12:10:21,612] {processor.py:641} INFO - Processing file /home/airflow/.local/lib/python3.7/site-packages/airflow/example_dags/example_task_group_decorator.py for tasks to queue
[2022-08-23 12:10:21,613] {logging_mixin.py:115} INFO - [2022-08-23 12:10:21,613] {dagbag.py:508} INFO - Filling up the DagBag from /home/airflow/.local/lib/python3.7/site-packages/airflow/example_dags/example_task_group_decorator.py
[2022-08-23 12:10:21,805] {processor.py:651} INFO - DAG(s) dict_keys(['example_task_group_decorator']) retrieved from /home/airflow/.local/lib/python3.7/site-packages/airflow/example_dags/example_task_group_decorator.py
[2022-08-23 12:10:21,873] {logging_mixin.py:115} INFO - [2022-08-23 12:10:21,873] {dag.py:2420} INFO - Sync 1 DAGs
[2022-08-23 12:10:21,888] {logging_mixin.py:115} INFO - [2022-08-23 12:10:21,888] {dag.py:2972} INFO - Setting next_dagrun for example_task_group_decorator to 2022-08-22T12:10:21.888612+00:00, run_after=2022-08-23T12:10:21.888612+00:00
[2022-08-23 12:10:21,900] {processor.py:161} INFO - Processing /home/airflow/.local/lib/python3.7/site-packages/airflow/example_dags/example_task_group_decorator.py took 0.293 seconds
[2022-08-23 12:10:52,142] {processor.py:153} INFO - Started process (PID=1345) to work on /home/airflow/.local/lib/python3.7/site-packages/airflow/example_dags/example_task_group_decorator.py
[2022-08-23 12:10:52,142] {processor.py:641} INFO - Processing file /home/airflow/.local/lib/python3.7/site-packages/airflow/example_dags/example_task_group_decorator.py for tasks to queue
[2022-08-23 12:10:52,143] {logging_mixin.py:115} INFO - [2022-08-23 12:10:52,143] {dagbag.py:508} INFO - Filling up the DagBag from /home/airflow/.local/lib/python3.7/site-packages/airflow/example_dags/example_task_group_decorator.py
[2022-08-23 12:10:52,310] {processor.py:651} INFO - DAG(s) dict_keys(['example_task_group_decorator']) retrieved from /home/airflow/.local/lib/python3.7/site-packages/airflow/example_dags/example_task_group_decorator.py
[2022-08-23 12:10:52,362] {logging_mixin.py:115} INFO - [2022-08-23 12:10:52,362] {dag.py:2420} INFO - Sync 1 DAGs
[2022-08-23 12:10:52,379] {logging_mixin.py:115} INFO - [2022-08-23 12:10:52,379] {dag.py:2972} INFO - Setting next_dagrun for example_task_group_decorator to 2022-08-22T12:10:52.379136+00:00, run_after=2022-08-23T12:10:52.379136+00:00
[2022-08-23 12:10:52,401] {processor.py:161} INFO - Processing /home/airflow/.local/lib/python3.7/site-packages/airflow/example_dags/example_task_group_decorator.py took 0.264 seconds
[2022-08-23 12:11:22,708] {processor.py:153} INFO - Started process (PID=1397) to work on /home/airflow/.local/lib/python3.7/site-packages/airflow/example_dags/example_task_group_decorator.py
[2022-08-23 12:11:22,708] {processor.py:641} INFO - Processing file /home/airflow/.local/lib/python3.7/site-packages/airflow/example_dags/example_task_group_decorator.py for tasks to queue
[2022-08-23 12:11:22,709] {logging_mixin.py:115} INFO - [2022-08-23 12:11:22,709] {dagbag.py:508} INFO - Filling up the DagBag from /home/airflow/.local/lib/python3.7/site-packages/airflow/example_dags/example_task_group_decorator.py
[2022-08-23 12:11:22,895] {processor.py:651} INFO - DAG(s) dict_keys(['example_task_group_decorator']) retrieved from /home/airflow/.local/lib/python3.7/site-packages/airflow/example_dags/example_task_group_decorator.py
[2022-08-23 12:11:22,951] {logging_mixin.py:115} INFO - [2022-08-23 12:11:22,951] {dag.py:2420} INFO - Sync 1 DAGs
[2022-08-23 12:11:22,970] {logging_mixin.py:115} INFO - [2022-08-23 12:11:22,970] {dag.py:2972} INFO - Setting next_dagrun for example_task_group_decorator to 2022-08-22T12:11:22.970618+00:00, run_after=2022-08-23T12:11:22.970618+00:00
[2022-08-23 12:11:22,991] {processor.py:161} INFO - Processing /home/airflow/.local/lib/python3.7/site-packages/airflow/example_dags/example_task_group_decorator.py took 0.288 seconds
[2022-08-23 12:11:53,333] {processor.py:153} INFO - Started process (PID=1458) to work on /home/airflow/.local/lib/python3.7/site-packages/airflow/example_dags/example_task_group_decorator.py
[2022-08-23 12:11:53,333] {processor.py:641} INFO - Processing file /home/airflow/.local/lib/python3.7/site-packages/airflow/example_dags/example_task_group_decorator.py for tasks to queue
[2022-08-23 12:11:53,333] {logging_mixin.py:115} INFO - [2022-08-23 12:11:53,333] {dagbag.py:508} INFO - Filling up the DagBag from /home/airflow/.local/lib/python3.7/site-packages/airflow/example_dags/example_task_group_decorator.py
[2022-08-23 12:11:53,512] {processor.py:651} INFO - DAG(s) dict_keys(['example_task_group_decorator']) retrieved from /home/airflow/.local/lib/python3.7/site-packages/airflow/example_dags/example_task_group_decorator.py
[2022-08-23 12:11:53,567] {logging_mixin.py:115} INFO - [2022-08-23 12:11:53,567] {dag.py:2420} INFO - Sync 1 DAGs
[2022-08-23 12:11:53,585] {logging_mixin.py:115} INFO - [2022-08-23 12:11:53,585] {dag.py:2972} INFO - Setting next_dagrun for example_task_group_decorator to 2022-08-22T12:11:53.585536+00:00, run_after=2022-08-23T12:11:53.585536+00:00
[2022-08-23 12:11:53,598] {processor.py:161} INFO - Processing /home/airflow/.local/lib/python3.7/site-packages/airflow/example_dags/example_task_group_decorator.py took 0.268 seconds
[2022-08-23 12:12:23,792] {processor.py:153} INFO - Started process (PID=1519) to work on /home/airflow/.local/lib/python3.7/site-packages/airflow/example_dags/example_task_group_decorator.py
[2022-08-23 12:12:23,793] {processor.py:641} INFO - Processing file /home/airflow/.local/lib/python3.7/site-packages/airflow/example_dags/example_task_group_decorator.py for tasks to queue
[2022-08-23 12:12:23,795] {logging_mixin.py:115} INFO - [2022-08-23 12:12:23,795] {dagbag.py:508} INFO - Filling up the DagBag from /home/airflow/.local/lib/python3.7/site-packages/airflow/example_dags/example_task_group_decorator.py
[2022-08-23 12:12:24,038] {processor.py:651} INFO - DAG(s) dict_keys(['example_task_group_decorator']) retrieved from /home/airflow/.local/lib/python3.7/site-packages/airflow/example_dags/example_task_group_decorator.py
[2022-08-23 12:12:24,111] {logging_mixin.py:115} INFO - [2022-08-23 12:12:24,111] {dag.py:2420} INFO - Sync 1 DAGs
[2022-08-23 12:12:24,133] {logging_mixin.py:115} INFO - [2022-08-23 12:12:24,133] {dag.py:2972} INFO - Setting next_dagrun for example_task_group_decorator to 2022-08-22T12:12:24.133438+00:00, run_after=2022-08-23T12:12:24.133438+00:00
[2022-08-23 12:12:24,152] {processor.py:161} INFO - Processing /home/airflow/.local/lib/python3.7/site-packages/airflow/example_dags/example_task_group_decorator.py took 0.367 seconds
[2022-08-23 12:12:54,724] {processor.py:153} INFO - Started process (PID=1571) to work on /home/airflow/.local/lib/python3.7/site-packages/airflow/example_dags/example_task_group_decorator.py
[2022-08-23 12:12:54,725] {processor.py:641} INFO - Processing file /home/airflow/.local/lib/python3.7/site-packages/airflow/example_dags/example_task_group_decorator.py for tasks to queue
[2022-08-23 12:12:54,725] {logging_mixin.py:115} INFO - [2022-08-23 12:12:54,725] {dagbag.py:508} INFO - Filling up the DagBag from /home/airflow/.local/lib/python3.7/site-packages/airflow/example_dags/example_task_group_decorator.py
[2022-08-23 12:12:55,113] {processor.py:651} INFO - DAG(s) dict_keys(['example_task_group_decorator']) retrieved from /home/airflow/.local/lib/python3.7/site-packages/airflow/example_dags/example_task_group_decorator.py
[2022-08-23 12:12:55,238] {logging_mixin.py:115} INFO - [2022-08-23 12:12:55,238] {dag.py:2420} INFO - Sync 1 DAGs
[2022-08-23 12:12:55,271] {logging_mixin.py:115} INFO - [2022-08-23 12:12:55,271] {dag.py:2972} INFO - Setting next_dagrun for example_task_group_decorator to 2022-08-22T12:12:55.271473+00:00, run_after=2022-08-23T12:12:55.271473+00:00
[2022-08-23 12:12:55,288] {processor.py:161} INFO - Processing /home/airflow/.local/lib/python3.7/site-packages/airflow/example_dags/example_task_group_decorator.py took 0.566 seconds
[2022-08-23 12:13:25,650] {processor.py:153} INFO - Started process (PID=1632) to work on /home/airflow/.local/lib/python3.7/site-packages/airflow/example_dags/example_task_group_decorator.py
[2022-08-23 12:13:25,651] {processor.py:641} INFO - Processing file /home/airflow/.local/lib/python3.7/site-packages/airflow/example_dags/example_task_group_decorator.py for tasks to queue
[2022-08-23 12:13:25,651] {logging_mixin.py:115} INFO - [2022-08-23 12:13:25,651] {dagbag.py:508} INFO - Filling up the DagBag from /home/airflow/.local/lib/python3.7/site-packages/airflow/example_dags/example_task_group_decorator.py
[2022-08-23 12:13:25,837] {processor.py:651} INFO - DAG(s) dict_keys(['example_task_group_decorator']) retrieved from /home/airflow/.local/lib/python3.7/site-packages/airflow/example_dags/example_task_group_decorator.py
[2022-08-23 12:13:25,898] {logging_mixin.py:115} INFO - [2022-08-23 12:13:25,898] {dag.py:2420} INFO - Sync 1 DAGs
[2022-08-23 12:13:25,918] {logging_mixin.py:115} INFO - [2022-08-23 12:13:25,917] {dag.py:2972} INFO - Setting next_dagrun for example_task_group_decorator to 2022-08-22T12:13:25.917507+00:00, run_after=2022-08-23T12:13:25.917507+00:00
[2022-08-23 12:13:25,931] {processor.py:161} INFO - Processing /home/airflow/.local/lib/python3.7/site-packages/airflow/example_dags/example_task_group_decorator.py took 0.286 seconds
