[2022-08-23 11:59:31,339] {processor.py:153} INFO - Started process (PID=85) to work on /home/airflow/.local/lib/python3.7/site-packages/airflow/example_dags/example_dag_decorator.py
[2022-08-23 11:59:31,339] {processor.py:641} INFO - Processing file /home/airflow/.local/lib/python3.7/site-packages/airflow/example_dags/example_dag_decorator.py for tasks to queue
[2022-08-23 11:59:31,340] {logging_mixin.py:115} INFO - [2022-08-23 11:59:31,340] {dagbag.py:508} INFO - Filling up the DagBag from /home/airflow/.local/lib/python3.7/site-packages/airflow/example_dags/example_dag_decorator.py
[2022-08-23 11:59:31,362] {processor.py:651} INFO - DAG(s) dict_keys(['example_dag_decorator']) retrieved from /home/airflow/.local/lib/python3.7/site-packages/airflow/example_dags/example_dag_decorator.py
[2022-08-23 11:59:31,532] {logging_mixin.py:115} INFO - [2022-08-23 11:59:31,532] {dag.py:2420} INFO - Sync 1 DAGs
[2022-08-23 11:59:31,548] {logging_mixin.py:115} INFO - [2022-08-23 11:59:31,548] {dag.py:2972} INFO - Setting next_dagrun for example_dag_decorator to None, run_after=None
[2022-08-23 11:59:31,561] {processor.py:161} INFO - Processing /home/airflow/.local/lib/python3.7/site-packages/airflow/example_dags/example_dag_decorator.py took 0.225 seconds
[2022-08-23 12:00:02,045] {processor.py:153} INFO - Started process (PID=137) to work on /home/airflow/.local/lib/python3.7/site-packages/airflow/example_dags/example_dag_decorator.py
[2022-08-23 12:00:02,045] {processor.py:641} INFO - Processing file /home/airflow/.local/lib/python3.7/site-packages/airflow/example_dags/example_dag_decorator.py for tasks to queue
[2022-08-23 12:00:02,045] {logging_mixin.py:115} INFO - [2022-08-23 12:00:02,045] {dagbag.py:508} INFO - Filling up the DagBag from /home/airflow/.local/lib/python3.7/site-packages/airflow/example_dags/example_dag_decorator.py
[2022-08-23 12:00:02,062] {processor.py:651} INFO - DAG(s) dict_keys(['example_dag_decorator']) retrieved from /home/airflow/.local/lib/python3.7/site-packages/airflow/example_dags/example_dag_decorator.py
[2022-08-23 12:00:02,194] {logging_mixin.py:115} INFO - [2022-08-23 12:00:02,193] {dag.py:2420} INFO - Sync 1 DAGs
[2022-08-23 12:00:02,209] {logging_mixin.py:115} INFO - [2022-08-23 12:00:02,209] {dag.py:2972} INFO - Setting next_dagrun for example_dag_decorator to None, run_after=None
[2022-08-23 12:00:02,220] {processor.py:161} INFO - Processing /home/airflow/.local/lib/python3.7/site-packages/airflow/example_dags/example_dag_decorator.py took 0.178 seconds
[2022-08-23 12:00:33,406] {processor.py:153} INFO - Started process (PID=198) to work on /home/airflow/.local/lib/python3.7/site-packages/airflow/example_dags/example_dag_decorator.py
[2022-08-23 12:00:33,406] {processor.py:641} INFO - Processing file /home/airflow/.local/lib/python3.7/site-packages/airflow/example_dags/example_dag_decorator.py for tasks to queue
[2022-08-23 12:00:33,407] {logging_mixin.py:115} INFO - [2022-08-23 12:00:33,407] {dagbag.py:508} INFO - Filling up the DagBag from /home/airflow/.local/lib/python3.7/site-packages/airflow/example_dags/example_dag_decorator.py
[2022-08-23 12:00:33,431] {processor.py:651} INFO - DAG(s) dict_keys(['example_dag_decorator']) retrieved from /home/airflow/.local/lib/python3.7/site-packages/airflow/example_dags/example_dag_decorator.py
[2022-08-23 12:00:33,645] {logging_mixin.py:115} INFO - [2022-08-23 12:00:33,645] {dag.py:2420} INFO - Sync 1 DAGs
[2022-08-23 12:00:33,664] {logging_mixin.py:115} INFO - [2022-08-23 12:00:33,664] {dag.py:2972} INFO - Setting next_dagrun for example_dag_decorator to None, run_after=None
[2022-08-23 12:00:33,683] {processor.py:161} INFO - Processing /home/airflow/.local/lib/python3.7/site-packages/airflow/example_dags/example_dag_decorator.py took 0.279 seconds
[2022-08-23 12:01:04,408] {processor.py:153} INFO - Started process (PID=259) to work on /home/airflow/.local/lib/python3.7/site-packages/airflow/example_dags/example_dag_decorator.py
[2022-08-23 12:01:04,409] {processor.py:641} INFO - Processing file /home/airflow/.local/lib/python3.7/site-packages/airflow/example_dags/example_dag_decorator.py for tasks to queue
[2022-08-23 12:01:04,410] {logging_mixin.py:115} INFO - [2022-08-23 12:01:04,410] {dagbag.py:508} INFO - Filling up the DagBag from /home/airflow/.local/lib/python3.7/site-packages/airflow/example_dags/example_dag_decorator.py
[2022-08-23 12:01:04,451] {processor.py:651} INFO - DAG(s) dict_keys(['example_dag_decorator']) retrieved from /home/airflow/.local/lib/python3.7/site-packages/airflow/example_dags/example_dag_decorator.py
[2022-08-23 12:01:04,593] {logging_mixin.py:115} INFO - [2022-08-23 12:01:04,593] {dag.py:2420} INFO - Sync 1 DAGs
[2022-08-23 12:01:04,609] {logging_mixin.py:115} INFO - [2022-08-23 12:01:04,609] {dag.py:2972} INFO - Setting next_dagrun for example_dag_decorator to None, run_after=None
[2022-08-23 12:01:04,632] {processor.py:161} INFO - Processing /home/airflow/.local/lib/python3.7/site-packages/airflow/example_dags/example_dag_decorator.py took 0.228 seconds
[2022-08-23 12:01:34,887] {processor.py:153} INFO - Started process (PID=311) to work on /home/airflow/.local/lib/python3.7/site-packages/airflow/example_dags/example_dag_decorator.py
[2022-08-23 12:01:34,888] {processor.py:641} INFO - Processing file /home/airflow/.local/lib/python3.7/site-packages/airflow/example_dags/example_dag_decorator.py for tasks to queue
[2022-08-23 12:01:34,888] {logging_mixin.py:115} INFO - [2022-08-23 12:01:34,888] {dagbag.py:508} INFO - Filling up the DagBag from /home/airflow/.local/lib/python3.7/site-packages/airflow/example_dags/example_dag_decorator.py
[2022-08-23 12:01:34,921] {processor.py:651} INFO - DAG(s) dict_keys(['example_dag_decorator']) retrieved from /home/airflow/.local/lib/python3.7/site-packages/airflow/example_dags/example_dag_decorator.py
[2022-08-23 12:01:35,200] {logging_mixin.py:115} INFO - [2022-08-23 12:01:35,199] {dag.py:2420} INFO - Sync 1 DAGs
[2022-08-23 12:01:35,235] {logging_mixin.py:115} INFO - [2022-08-23 12:01:35,235] {dag.py:2972} INFO - Setting next_dagrun for example_dag_decorator to None, run_after=None
[2022-08-23 12:01:35,272] {processor.py:161} INFO - Processing /home/airflow/.local/lib/python3.7/site-packages/airflow/example_dags/example_dag_decorator.py took 0.389 seconds
[2022-08-23 12:02:11,922] {processor.py:153} INFO - Started process (PID=371) to work on /home/airflow/.local/lib/python3.7/site-packages/airflow/example_dags/example_dag_decorator.py
[2022-08-23 12:02:11,924] {processor.py:641} INFO - Processing file /home/airflow/.local/lib/python3.7/site-packages/airflow/example_dags/example_dag_decorator.py for tasks to queue
[2022-08-23 12:02:11,925] {logging_mixin.py:115} INFO - [2022-08-23 12:02:11,925] {dagbag.py:508} INFO - Filling up the DagBag from /home/airflow/.local/lib/python3.7/site-packages/airflow/example_dags/example_dag_decorator.py
[2022-08-23 12:02:12,001] {processor.py:651} INFO - DAG(s) dict_keys(['example_dag_decorator']) retrieved from /home/airflow/.local/lib/python3.7/site-packages/airflow/example_dags/example_dag_decorator.py
[2022-08-23 12:02:12,551] {logging_mixin.py:115} INFO - [2022-08-23 12:02:12,551] {dag.py:2420} INFO - Sync 1 DAGs
[2022-08-23 12:02:12,585] {logging_mixin.py:115} INFO - [2022-08-23 12:02:12,585] {dag.py:2972} INFO - Setting next_dagrun for example_dag_decorator to None, run_after=None
[2022-08-23 12:02:12,627] {processor.py:161} INFO - Processing /home/airflow/.local/lib/python3.7/site-packages/airflow/example_dags/example_dag_decorator.py took 0.711 seconds
[2022-08-23 12:02:43,533] {processor.py:153} INFO - Started process (PID=434) to work on /home/airflow/.local/lib/python3.7/site-packages/airflow/example_dags/example_dag_decorator.py
[2022-08-23 12:02:43,541] {processor.py:641} INFO - Processing file /home/airflow/.local/lib/python3.7/site-packages/airflow/example_dags/example_dag_decorator.py for tasks to queue
[2022-08-23 12:02:43,542] {logging_mixin.py:115} INFO - [2022-08-23 12:02:43,542] {dagbag.py:508} INFO - Filling up the DagBag from /home/airflow/.local/lib/python3.7/site-packages/airflow/example_dags/example_dag_decorator.py
[2022-08-23 12:02:43,569] {processor.py:651} INFO - DAG(s) dict_keys(['example_dag_decorator']) retrieved from /home/airflow/.local/lib/python3.7/site-packages/airflow/example_dags/example_dag_decorator.py
[2022-08-23 12:02:43,800] {logging_mixin.py:115} INFO - [2022-08-23 12:02:43,800] {dag.py:2420} INFO - Sync 1 DAGs
[2022-08-23 12:02:43,821] {logging_mixin.py:115} INFO - [2022-08-23 12:02:43,821] {dag.py:2972} INFO - Setting next_dagrun for example_dag_decorator to None, run_after=None
[2022-08-23 12:02:43,836] {processor.py:161} INFO - Processing /home/airflow/.local/lib/python3.7/site-packages/airflow/example_dags/example_dag_decorator.py took 0.306 seconds
[2022-08-23 12:03:13,903] {processor.py:153} INFO - Started process (PID=486) to work on /home/airflow/.local/lib/python3.7/site-packages/airflow/example_dags/example_dag_decorator.py
[2022-08-23 12:03:13,903] {processor.py:641} INFO - Processing file /home/airflow/.local/lib/python3.7/site-packages/airflow/example_dags/example_dag_decorator.py for tasks to queue
[2022-08-23 12:03:13,904] {logging_mixin.py:115} INFO - [2022-08-23 12:03:13,904] {dagbag.py:508} INFO - Filling up the DagBag from /home/airflow/.local/lib/python3.7/site-packages/airflow/example_dags/example_dag_decorator.py
[2022-08-23 12:03:13,932] {processor.py:651} INFO - DAG(s) dict_keys(['example_dag_decorator']) retrieved from /home/airflow/.local/lib/python3.7/site-packages/airflow/example_dags/example_dag_decorator.py
[2022-08-23 12:03:14,117] {logging_mixin.py:115} INFO - [2022-08-23 12:03:14,117] {dag.py:2420} INFO - Sync 1 DAGs
[2022-08-23 12:03:14,134] {logging_mixin.py:115} INFO - [2022-08-23 12:03:14,134] {dag.py:2972} INFO - Setting next_dagrun for example_dag_decorator to None, run_after=None
[2022-08-23 12:03:14,157] {processor.py:161} INFO - Processing /home/airflow/.local/lib/python3.7/site-packages/airflow/example_dags/example_dag_decorator.py took 0.257 seconds
[2022-08-23 12:03:44,430] {processor.py:153} INFO - Started process (PID=547) to work on /home/airflow/.local/lib/python3.7/site-packages/airflow/example_dags/example_dag_decorator.py
[2022-08-23 12:03:44,431] {processor.py:641} INFO - Processing file /home/airflow/.local/lib/python3.7/site-packages/airflow/example_dags/example_dag_decorator.py for tasks to queue
[2022-08-23 12:03:44,432] {logging_mixin.py:115} INFO - [2022-08-23 12:03:44,432] {dagbag.py:508} INFO - Filling up the DagBag from /home/airflow/.local/lib/python3.7/site-packages/airflow/example_dags/example_dag_decorator.py
[2022-08-23 12:03:44,473] {processor.py:651} INFO - DAG(s) dict_keys(['example_dag_decorator']) retrieved from /home/airflow/.local/lib/python3.7/site-packages/airflow/example_dags/example_dag_decorator.py
[2022-08-23 12:03:44,740] {logging_mixin.py:115} INFO - [2022-08-23 12:03:44,740] {dag.py:2420} INFO - Sync 1 DAGs
[2022-08-23 12:03:44,769] {logging_mixin.py:115} INFO - [2022-08-23 12:03:44,769] {dag.py:2972} INFO - Setting next_dagrun for example_dag_decorator to None, run_after=None
[2022-08-23 12:03:44,792] {processor.py:161} INFO - Processing /home/airflow/.local/lib/python3.7/site-packages/airflow/example_dags/example_dag_decorator.py took 0.367 seconds
[2022-08-23 12:04:15,035] {processor.py:153} INFO - Started process (PID=608) to work on /home/airflow/.local/lib/python3.7/site-packages/airflow/example_dags/example_dag_decorator.py
[2022-08-23 12:04:15,036] {processor.py:641} INFO - Processing file /home/airflow/.local/lib/python3.7/site-packages/airflow/example_dags/example_dag_decorator.py for tasks to queue
[2022-08-23 12:04:15,037] {logging_mixin.py:115} INFO - [2022-08-23 12:04:15,037] {dagbag.py:508} INFO - Filling up the DagBag from /home/airflow/.local/lib/python3.7/site-packages/airflow/example_dags/example_dag_decorator.py
[2022-08-23 12:04:15,086] {processor.py:651} INFO - DAG(s) dict_keys(['example_dag_decorator']) retrieved from /home/airflow/.local/lib/python3.7/site-packages/airflow/example_dags/example_dag_decorator.py
[2022-08-23 12:04:15,342] {logging_mixin.py:115} INFO - [2022-08-23 12:04:15,342] {dag.py:2420} INFO - Sync 1 DAGs
[2022-08-23 12:04:15,366] {logging_mixin.py:115} INFO - [2022-08-23 12:04:15,366] {dag.py:2972} INFO - Setting next_dagrun for example_dag_decorator to None, run_after=None
[2022-08-23 12:04:15,395] {processor.py:161} INFO - Processing /home/airflow/.local/lib/python3.7/site-packages/airflow/example_dags/example_dag_decorator.py took 0.363 seconds
[2022-08-23 12:04:45,847] {processor.py:153} INFO - Started process (PID=660) to work on /home/airflow/.local/lib/python3.7/site-packages/airflow/example_dags/example_dag_decorator.py
[2022-08-23 12:04:45,857] {processor.py:641} INFO - Processing file /home/airflow/.local/lib/python3.7/site-packages/airflow/example_dags/example_dag_decorator.py for tasks to queue
[2022-08-23 12:04:45,858] {logging_mixin.py:115} INFO - [2022-08-23 12:04:45,858] {dagbag.py:508} INFO - Filling up the DagBag from /home/airflow/.local/lib/python3.7/site-packages/airflow/example_dags/example_dag_decorator.py
[2022-08-23 12:04:46,029] {processor.py:651} INFO - DAG(s) dict_keys(['example_dag_decorator']) retrieved from /home/airflow/.local/lib/python3.7/site-packages/airflow/example_dags/example_dag_decorator.py
[2022-08-23 12:04:46,078] {logging_mixin.py:115} INFO - [2022-08-23 12:04:46,078] {dag.py:2420} INFO - Sync 1 DAGs
[2022-08-23 12:04:46,095] {logging_mixin.py:115} INFO - [2022-08-23 12:04:46,095] {dag.py:2972} INFO - Setting next_dagrun for example_dag_decorator to None, run_after=None
[2022-08-23 12:04:46,108] {processor.py:161} INFO - Processing /home/airflow/.local/lib/python3.7/site-packages/airflow/example_dags/example_dag_decorator.py took 0.265 seconds
[2022-08-23 12:05:16,576] {processor.py:153} INFO - Started process (PID=721) to work on /home/airflow/.local/lib/python3.7/site-packages/airflow/example_dags/example_dag_decorator.py
[2022-08-23 12:05:16,587] {processor.py:641} INFO - Processing file /home/airflow/.local/lib/python3.7/site-packages/airflow/example_dags/example_dag_decorator.py for tasks to queue
[2022-08-23 12:05:16,587] {logging_mixin.py:115} INFO - [2022-08-23 12:05:16,587] {dagbag.py:508} INFO - Filling up the DagBag from /home/airflow/.local/lib/python3.7/site-packages/airflow/example_dags/example_dag_decorator.py
[2022-08-23 12:05:16,757] {processor.py:651} INFO - DAG(s) dict_keys(['example_dag_decorator']) retrieved from /home/airflow/.local/lib/python3.7/site-packages/airflow/example_dags/example_dag_decorator.py
[2022-08-23 12:05:16,808] {logging_mixin.py:115} INFO - [2022-08-23 12:05:16,808] {dag.py:2420} INFO - Sync 1 DAGs
[2022-08-23 12:05:16,826] {logging_mixin.py:115} INFO - [2022-08-23 12:05:16,826] {dag.py:2972} INFO - Setting next_dagrun for example_dag_decorator to None, run_after=None
[2022-08-23 12:05:16,849] {processor.py:161} INFO - Processing /home/airflow/.local/lib/python3.7/site-packages/airflow/example_dags/example_dag_decorator.py took 0.278 seconds
[2022-08-23 12:05:46,981] {processor.py:153} INFO - Started process (PID=773) to work on /home/airflow/.local/lib/python3.7/site-packages/airflow/example_dags/example_dag_decorator.py
[2022-08-23 12:05:46,982] {processor.py:641} INFO - Processing file /home/airflow/.local/lib/python3.7/site-packages/airflow/example_dags/example_dag_decorator.py for tasks to queue
[2022-08-23 12:05:46,982] {logging_mixin.py:115} INFO - [2022-08-23 12:05:46,982] {dagbag.py:508} INFO - Filling up the DagBag from /home/airflow/.local/lib/python3.7/site-packages/airflow/example_dags/example_dag_decorator.py
[2022-08-23 12:05:47,158] {processor.py:651} INFO - DAG(s) dict_keys(['example_dag_decorator']) retrieved from /home/airflow/.local/lib/python3.7/site-packages/airflow/example_dags/example_dag_decorator.py
[2022-08-23 12:05:47,212] {logging_mixin.py:115} INFO - [2022-08-23 12:05:47,211] {dag.py:2420} INFO - Sync 1 DAGs
[2022-08-23 12:05:47,229] {logging_mixin.py:115} INFO - [2022-08-23 12:05:47,229] {dag.py:2972} INFO - Setting next_dagrun for example_dag_decorator to None, run_after=None
[2022-08-23 12:05:47,247] {processor.py:161} INFO - Processing /home/airflow/.local/lib/python3.7/site-packages/airflow/example_dags/example_dag_decorator.py took 0.270 seconds
[2022-08-23 12:06:17,653] {processor.py:153} INFO - Started process (PID=834) to work on /home/airflow/.local/lib/python3.7/site-packages/airflow/example_dags/example_dag_decorator.py
[2022-08-23 12:06:17,653] {processor.py:641} INFO - Processing file /home/airflow/.local/lib/python3.7/site-packages/airflow/example_dags/example_dag_decorator.py for tasks to queue
[2022-08-23 12:06:17,654] {logging_mixin.py:115} INFO - [2022-08-23 12:06:17,654] {dagbag.py:508} INFO - Filling up the DagBag from /home/airflow/.local/lib/python3.7/site-packages/airflow/example_dags/example_dag_decorator.py
[2022-08-23 12:06:17,912] {processor.py:651} INFO - DAG(s) dict_keys(['example_dag_decorator']) retrieved from /home/airflow/.local/lib/python3.7/site-packages/airflow/example_dags/example_dag_decorator.py
[2022-08-23 12:06:18,021] {logging_mixin.py:115} INFO - [2022-08-23 12:06:18,021] {dag.py:2420} INFO - Sync 1 DAGs
[2022-08-23 12:06:18,041] {logging_mixin.py:115} INFO - [2022-08-23 12:06:18,041] {dag.py:2972} INFO - Setting next_dagrun for example_dag_decorator to None, run_after=None
[2022-08-23 12:06:18,062] {processor.py:161} INFO - Processing /home/airflow/.local/lib/python3.7/site-packages/airflow/example_dags/example_dag_decorator.py took 0.413 seconds
[2022-08-23 12:06:48,975] {processor.py:153} INFO - Started process (PID=895) to work on /home/airflow/.local/lib/python3.7/site-packages/airflow/example_dags/example_dag_decorator.py
[2022-08-23 12:06:48,976] {processor.py:641} INFO - Processing file /home/airflow/.local/lib/python3.7/site-packages/airflow/example_dags/example_dag_decorator.py for tasks to queue
[2022-08-23 12:06:48,976] {logging_mixin.py:115} INFO - [2022-08-23 12:06:48,976] {dagbag.py:508} INFO - Filling up the DagBag from /home/airflow/.local/lib/python3.7/site-packages/airflow/example_dags/example_dag_decorator.py
[2022-08-23 12:06:49,136] {processor.py:651} INFO - DAG(s) dict_keys(['example_dag_decorator']) retrieved from /home/airflow/.local/lib/python3.7/site-packages/airflow/example_dags/example_dag_decorator.py
[2022-08-23 12:06:49,189] {logging_mixin.py:115} INFO - [2022-08-23 12:06:49,188] {dag.py:2420} INFO - Sync 1 DAGs
[2022-08-23 12:06:49,206] {logging_mixin.py:115} INFO - [2022-08-23 12:06:49,206] {dag.py:2972} INFO - Setting next_dagrun for example_dag_decorator to None, run_after=None
[2022-08-23 12:06:49,219] {processor.py:161} INFO - Processing /home/airflow/.local/lib/python3.7/site-packages/airflow/example_dags/example_dag_decorator.py took 0.247 seconds
[2022-08-23 12:07:19,529] {processor.py:153} INFO - Started process (PID=947) to work on /home/airflow/.local/lib/python3.7/site-packages/airflow/example_dags/example_dag_decorator.py
[2022-08-23 12:07:19,529] {processor.py:641} INFO - Processing file /home/airflow/.local/lib/python3.7/site-packages/airflow/example_dags/example_dag_decorator.py for tasks to queue
[2022-08-23 12:07:19,529] {logging_mixin.py:115} INFO - [2022-08-23 12:07:19,529] {dagbag.py:508} INFO - Filling up the DagBag from /home/airflow/.local/lib/python3.7/site-packages/airflow/example_dags/example_dag_decorator.py
[2022-08-23 12:07:19,686] {processor.py:651} INFO - DAG(s) dict_keys(['example_dag_decorator']) retrieved from /home/airflow/.local/lib/python3.7/site-packages/airflow/example_dags/example_dag_decorator.py
[2022-08-23 12:07:19,743] {logging_mixin.py:115} INFO - [2022-08-23 12:07:19,743] {dag.py:2420} INFO - Sync 1 DAGs
[2022-08-23 12:07:19,760] {logging_mixin.py:115} INFO - [2022-08-23 12:07:19,760] {dag.py:2972} INFO - Setting next_dagrun for example_dag_decorator to None, run_after=None
[2022-08-23 12:07:19,773] {processor.py:161} INFO - Processing /home/airflow/.local/lib/python3.7/site-packages/airflow/example_dags/example_dag_decorator.py took 0.247 seconds
[2022-08-23 12:07:50,362] {processor.py:153} INFO - Started process (PID=1008) to work on /home/airflow/.local/lib/python3.7/site-packages/airflow/example_dags/example_dag_decorator.py
[2022-08-23 12:07:50,363] {processor.py:641} INFO - Processing file /home/airflow/.local/lib/python3.7/site-packages/airflow/example_dags/example_dag_decorator.py for tasks to queue
[2022-08-23 12:07:50,364] {logging_mixin.py:115} INFO - [2022-08-23 12:07:50,364] {dagbag.py:508} INFO - Filling up the DagBag from /home/airflow/.local/lib/python3.7/site-packages/airflow/example_dags/example_dag_decorator.py
[2022-08-23 12:07:50,517] {processor.py:651} INFO - DAG(s) dict_keys(['example_dag_decorator']) retrieved from /home/airflow/.local/lib/python3.7/site-packages/airflow/example_dags/example_dag_decorator.py
[2022-08-23 12:07:50,566] {logging_mixin.py:115} INFO - [2022-08-23 12:07:50,566] {dag.py:2420} INFO - Sync 1 DAGs
[2022-08-23 12:07:50,583] {logging_mixin.py:115} INFO - [2022-08-23 12:07:50,582] {dag.py:2972} INFO - Setting next_dagrun for example_dag_decorator to None, run_after=None
[2022-08-23 12:07:50,596] {processor.py:161} INFO - Processing /home/airflow/.local/lib/python3.7/site-packages/airflow/example_dags/example_dag_decorator.py took 0.237 seconds
[2022-08-23 12:08:20,879] {processor.py:153} INFO - Started process (PID=1069) to work on /home/airflow/.local/lib/python3.7/site-packages/airflow/example_dags/example_dag_decorator.py
[2022-08-23 12:08:20,890] {processor.py:641} INFO - Processing file /home/airflow/.local/lib/python3.7/site-packages/airflow/example_dags/example_dag_decorator.py for tasks to queue
[2022-08-23 12:08:20,890] {logging_mixin.py:115} INFO - [2022-08-23 12:08:20,890] {dagbag.py:508} INFO - Filling up the DagBag from /home/airflow/.local/lib/python3.7/site-packages/airflow/example_dags/example_dag_decorator.py
[2022-08-23 12:08:21,111] {processor.py:651} INFO - DAG(s) dict_keys(['example_dag_decorator']) retrieved from /home/airflow/.local/lib/python3.7/site-packages/airflow/example_dags/example_dag_decorator.py
[2022-08-23 12:08:21,167] {logging_mixin.py:115} INFO - [2022-08-23 12:08:21,167] {dag.py:2420} INFO - Sync 1 DAGs
[2022-08-23 12:08:21,183] {logging_mixin.py:115} INFO - [2022-08-23 12:08:21,183] {dag.py:2972} INFO - Setting next_dagrun for example_dag_decorator to None, run_after=None
[2022-08-23 12:08:21,196] {processor.py:161} INFO - Processing /home/airflow/.local/lib/python3.7/site-packages/airflow/example_dags/example_dag_decorator.py took 0.322 seconds
[2022-08-23 12:08:51,401] {processor.py:153} INFO - Started process (PID=1121) to work on /home/airflow/.local/lib/python3.7/site-packages/airflow/example_dags/example_dag_decorator.py
[2022-08-23 12:08:51,402] {processor.py:641} INFO - Processing file /home/airflow/.local/lib/python3.7/site-packages/airflow/example_dags/example_dag_decorator.py for tasks to queue
[2022-08-23 12:08:51,404] {logging_mixin.py:115} INFO - [2022-08-23 12:08:51,404] {dagbag.py:508} INFO - Filling up the DagBag from /home/airflow/.local/lib/python3.7/site-packages/airflow/example_dags/example_dag_decorator.py
[2022-08-23 12:08:51,602] {processor.py:651} INFO - DAG(s) dict_keys(['example_dag_decorator']) retrieved from /home/airflow/.local/lib/python3.7/site-packages/airflow/example_dags/example_dag_decorator.py
[2022-08-23 12:08:51,660] {logging_mixin.py:115} INFO - [2022-08-23 12:08:51,660] {dag.py:2420} INFO - Sync 1 DAGs
[2022-08-23 12:08:51,679] {logging_mixin.py:115} INFO - [2022-08-23 12:08:51,679] {dag.py:2972} INFO - Setting next_dagrun for example_dag_decorator to None, run_after=None
[2022-08-23 12:08:51,694] {processor.py:161} INFO - Processing /home/airflow/.local/lib/python3.7/site-packages/airflow/example_dags/example_dag_decorator.py took 0.298 seconds
[2022-08-23 12:09:21,784] {processor.py:153} INFO - Started process (PID=1182) to work on /home/airflow/.local/lib/python3.7/site-packages/airflow/example_dags/example_dag_decorator.py
[2022-08-23 12:09:21,785] {processor.py:641} INFO - Processing file /home/airflow/.local/lib/python3.7/site-packages/airflow/example_dags/example_dag_decorator.py for tasks to queue
[2022-08-23 12:09:21,785] {logging_mixin.py:115} INFO - [2022-08-23 12:09:21,785] {dagbag.py:508} INFO - Filling up the DagBag from /home/airflow/.local/lib/python3.7/site-packages/airflow/example_dags/example_dag_decorator.py
[2022-08-23 12:09:21,932] {processor.py:651} INFO - DAG(s) dict_keys(['example_dag_decorator']) retrieved from /home/airflow/.local/lib/python3.7/site-packages/airflow/example_dags/example_dag_decorator.py
[2022-08-23 12:09:21,950] {logging_mixin.py:115} INFO - [2022-08-23 12:09:21,950] {dag.py:2420} INFO - Sync 1 DAGs
[2022-08-23 12:09:21,967] {logging_mixin.py:115} INFO - [2022-08-23 12:09:21,967] {dag.py:2972} INFO - Setting next_dagrun for example_dag_decorator to None, run_after=None
[2022-08-23 12:09:21,976] {processor.py:161} INFO - Processing /home/airflow/.local/lib/python3.7/site-packages/airflow/example_dags/example_dag_decorator.py took 0.194 seconds
[2022-08-23 12:09:52,131] {processor.py:153} INFO - Started process (PID=1234) to work on /home/airflow/.local/lib/python3.7/site-packages/airflow/example_dags/example_dag_decorator.py
[2022-08-23 12:09:52,132] {processor.py:641} INFO - Processing file /home/airflow/.local/lib/python3.7/site-packages/airflow/example_dags/example_dag_decorator.py for tasks to queue
[2022-08-23 12:09:52,132] {logging_mixin.py:115} INFO - [2022-08-23 12:09:52,132] {dagbag.py:508} INFO - Filling up the DagBag from /home/airflow/.local/lib/python3.7/site-packages/airflow/example_dags/example_dag_decorator.py
[2022-08-23 12:09:52,290] {processor.py:651} INFO - DAG(s) dict_keys(['example_dag_decorator']) retrieved from /home/airflow/.local/lib/python3.7/site-packages/airflow/example_dags/example_dag_decorator.py
[2022-08-23 12:09:52,342] {logging_mixin.py:115} INFO - [2022-08-23 12:09:52,341] {dag.py:2420} INFO - Sync 1 DAGs
[2022-08-23 12:09:52,360] {logging_mixin.py:115} INFO - [2022-08-23 12:09:52,360] {dag.py:2972} INFO - Setting next_dagrun for example_dag_decorator to None, run_after=None
[2022-08-23 12:09:52,385] {processor.py:161} INFO - Processing /home/airflow/.local/lib/python3.7/site-packages/airflow/example_dags/example_dag_decorator.py took 0.256 seconds
[2022-08-23 12:10:23,112] {processor.py:153} INFO - Started process (PID=1293) to work on /home/airflow/.local/lib/python3.7/site-packages/airflow/example_dags/example_dag_decorator.py
[2022-08-23 12:10:23,113] {processor.py:641} INFO - Processing file /home/airflow/.local/lib/python3.7/site-packages/airflow/example_dags/example_dag_decorator.py for tasks to queue
[2022-08-23 12:10:23,113] {logging_mixin.py:115} INFO - [2022-08-23 12:10:23,113] {dagbag.py:508} INFO - Filling up the DagBag from /home/airflow/.local/lib/python3.7/site-packages/airflow/example_dags/example_dag_decorator.py
[2022-08-23 12:10:23,266] {processor.py:651} INFO - DAG(s) dict_keys(['example_dag_decorator']) retrieved from /home/airflow/.local/lib/python3.7/site-packages/airflow/example_dags/example_dag_decorator.py
[2022-08-23 12:10:23,316] {logging_mixin.py:115} INFO - [2022-08-23 12:10:23,316] {dag.py:2420} INFO - Sync 1 DAGs
[2022-08-23 12:10:23,334] {logging_mixin.py:115} INFO - [2022-08-23 12:10:23,334] {dag.py:2972} INFO - Setting next_dagrun for example_dag_decorator to None, run_after=None
[2022-08-23 12:10:23,356] {processor.py:161} INFO - Processing /home/airflow/.local/lib/python3.7/site-packages/airflow/example_dags/example_dag_decorator.py took 0.247 seconds
[2022-08-23 12:10:53,629] {processor.py:153} INFO - Started process (PID=1354) to work on /home/airflow/.local/lib/python3.7/site-packages/airflow/example_dags/example_dag_decorator.py
[2022-08-23 12:10:53,630] {processor.py:641} INFO - Processing file /home/airflow/.local/lib/python3.7/site-packages/airflow/example_dags/example_dag_decorator.py for tasks to queue
[2022-08-23 12:10:53,630] {logging_mixin.py:115} INFO - [2022-08-23 12:10:53,630] {dagbag.py:508} INFO - Filling up the DagBag from /home/airflow/.local/lib/python3.7/site-packages/airflow/example_dags/example_dag_decorator.py
[2022-08-23 12:10:53,808] {processor.py:651} INFO - DAG(s) dict_keys(['example_dag_decorator']) retrieved from /home/airflow/.local/lib/python3.7/site-packages/airflow/example_dags/example_dag_decorator.py
[2022-08-23 12:10:53,862] {logging_mixin.py:115} INFO - [2022-08-23 12:10:53,862] {dag.py:2420} INFO - Sync 1 DAGs
[2022-08-23 12:10:53,886] {logging_mixin.py:115} INFO - [2022-08-23 12:10:53,886] {dag.py:2972} INFO - Setting next_dagrun for example_dag_decorator to None, run_after=None
[2022-08-23 12:10:53,899] {processor.py:161} INFO - Processing /home/airflow/.local/lib/python3.7/site-packages/airflow/example_dags/example_dag_decorator.py took 0.273 seconds
[2022-08-23 12:11:24,081] {processor.py:153} INFO - Started process (PID=1406) to work on /home/airflow/.local/lib/python3.7/site-packages/airflow/example_dags/example_dag_decorator.py
[2022-08-23 12:11:24,081] {processor.py:641} INFO - Processing file /home/airflow/.local/lib/python3.7/site-packages/airflow/example_dags/example_dag_decorator.py for tasks to queue
[2022-08-23 12:11:24,082] {logging_mixin.py:115} INFO - [2022-08-23 12:11:24,082] {dagbag.py:508} INFO - Filling up the DagBag from /home/airflow/.local/lib/python3.7/site-packages/airflow/example_dags/example_dag_decorator.py
[2022-08-23 12:11:24,286] {processor.py:651} INFO - DAG(s) dict_keys(['example_dag_decorator']) retrieved from /home/airflow/.local/lib/python3.7/site-packages/airflow/example_dags/example_dag_decorator.py
[2022-08-23 12:11:24,308] {logging_mixin.py:115} INFO - [2022-08-23 12:11:24,308] {dag.py:2420} INFO - Sync 1 DAGs
[2022-08-23 12:11:24,329] {logging_mixin.py:115} INFO - [2022-08-23 12:11:24,328] {dag.py:2972} INFO - Setting next_dagrun for example_dag_decorator to None, run_after=None
[2022-08-23 12:11:24,342] {processor.py:161} INFO - Processing /home/airflow/.local/lib/python3.7/site-packages/airflow/example_dags/example_dag_decorator.py took 0.266 seconds
[2022-08-23 12:11:54,589] {processor.py:153} INFO - Started process (PID=1467) to work on /home/airflow/.local/lib/python3.7/site-packages/airflow/example_dags/example_dag_decorator.py
[2022-08-23 12:11:54,589] {processor.py:641} INFO - Processing file /home/airflow/.local/lib/python3.7/site-packages/airflow/example_dags/example_dag_decorator.py for tasks to queue
[2022-08-23 12:11:54,589] {logging_mixin.py:115} INFO - [2022-08-23 12:11:54,589] {dagbag.py:508} INFO - Filling up the DagBag from /home/airflow/.local/lib/python3.7/site-packages/airflow/example_dags/example_dag_decorator.py
[2022-08-23 12:11:54,750] {processor.py:651} INFO - DAG(s) dict_keys(['example_dag_decorator']) retrieved from /home/airflow/.local/lib/python3.7/site-packages/airflow/example_dags/example_dag_decorator.py
[2022-08-23 12:11:54,767] {logging_mixin.py:115} INFO - [2022-08-23 12:11:54,767] {dag.py:2420} INFO - Sync 1 DAGs
[2022-08-23 12:11:54,786] {logging_mixin.py:115} INFO - [2022-08-23 12:11:54,786] {dag.py:2972} INFO - Setting next_dagrun for example_dag_decorator to None, run_after=None
[2022-08-23 12:11:54,795] {processor.py:161} INFO - Processing /home/airflow/.local/lib/python3.7/site-packages/airflow/example_dags/example_dag_decorator.py took 0.209 seconds
[2022-08-23 12:12:25,141] {processor.py:153} INFO - Started process (PID=1528) to work on /home/airflow/.local/lib/python3.7/site-packages/airflow/example_dags/example_dag_decorator.py
[2022-08-23 12:12:25,142] {processor.py:641} INFO - Processing file /home/airflow/.local/lib/python3.7/site-packages/airflow/example_dags/example_dag_decorator.py for tasks to queue
[2022-08-23 12:12:25,142] {logging_mixin.py:115} INFO - [2022-08-23 12:12:25,142] {dagbag.py:508} INFO - Filling up the DagBag from /home/airflow/.local/lib/python3.7/site-packages/airflow/example_dags/example_dag_decorator.py
[2022-08-23 12:12:25,299] {processor.py:651} INFO - DAG(s) dict_keys(['example_dag_decorator']) retrieved from /home/airflow/.local/lib/python3.7/site-packages/airflow/example_dags/example_dag_decorator.py
[2022-08-23 12:12:25,318] {logging_mixin.py:115} INFO - [2022-08-23 12:12:25,318] {dag.py:2420} INFO - Sync 1 DAGs
[2022-08-23 12:12:25,336] {logging_mixin.py:115} INFO - [2022-08-23 12:12:25,336] {dag.py:2972} INFO - Setting next_dagrun for example_dag_decorator to None, run_after=None
[2022-08-23 12:12:25,357] {processor.py:161} INFO - Processing /home/airflow/.local/lib/python3.7/site-packages/airflow/example_dags/example_dag_decorator.py took 0.219 seconds
[2022-08-23 12:12:56,289] {processor.py:153} INFO - Started process (PID=1580) to work on /home/airflow/.local/lib/python3.7/site-packages/airflow/example_dags/example_dag_decorator.py
[2022-08-23 12:12:56,290] {processor.py:641} INFO - Processing file /home/airflow/.local/lib/python3.7/site-packages/airflow/example_dags/example_dag_decorator.py for tasks to queue
[2022-08-23 12:12:56,290] {logging_mixin.py:115} INFO - [2022-08-23 12:12:56,290] {dagbag.py:508} INFO - Filling up the DagBag from /home/airflow/.local/lib/python3.7/site-packages/airflow/example_dags/example_dag_decorator.py
[2022-08-23 12:12:56,471] {processor.py:651} INFO - DAG(s) dict_keys(['example_dag_decorator']) retrieved from /home/airflow/.local/lib/python3.7/site-packages/airflow/example_dags/example_dag_decorator.py
[2022-08-23 12:12:56,527] {logging_mixin.py:115} INFO - [2022-08-23 12:12:56,527] {dag.py:2420} INFO - Sync 1 DAGs
[2022-08-23 12:12:56,554] {logging_mixin.py:115} INFO - [2022-08-23 12:12:56,554] {dag.py:2972} INFO - Setting next_dagrun for example_dag_decorator to None, run_after=None
[2022-08-23 12:12:56,568] {processor.py:161} INFO - Processing /home/airflow/.local/lib/python3.7/site-packages/airflow/example_dags/example_dag_decorator.py took 0.282 seconds
[2022-08-23 12:13:27,001] {processor.py:153} INFO - Started process (PID=1643) to work on /home/airflow/.local/lib/python3.7/site-packages/airflow/example_dags/example_dag_decorator.py
[2022-08-23 12:13:27,002] {processor.py:641} INFO - Processing file /home/airflow/.local/lib/python3.7/site-packages/airflow/example_dags/example_dag_decorator.py for tasks to queue
[2022-08-23 12:13:27,002] {logging_mixin.py:115} INFO - [2022-08-23 12:13:27,002] {dagbag.py:508} INFO - Filling up the DagBag from /home/airflow/.local/lib/python3.7/site-packages/airflow/example_dags/example_dag_decorator.py
[2022-08-23 12:13:27,156] {processor.py:651} INFO - DAG(s) dict_keys(['example_dag_decorator']) retrieved from /home/airflow/.local/lib/python3.7/site-packages/airflow/example_dags/example_dag_decorator.py
[2022-08-23 12:13:27,174] {logging_mixin.py:115} INFO - [2022-08-23 12:13:27,174] {dag.py:2420} INFO - Sync 1 DAGs
[2022-08-23 12:13:27,190] {logging_mixin.py:115} INFO - [2022-08-23 12:13:27,190] {dag.py:2972} INFO - Setting next_dagrun for example_dag_decorator to None, run_after=None
[2022-08-23 12:13:27,211] {processor.py:161} INFO - Processing /home/airflow/.local/lib/python3.7/site-packages/airflow/example_dags/example_dag_decorator.py took 0.212 seconds
