[2022-08-23 11:59:30,778] {processor.py:153} INFO - Started process (PID=81) to work on /home/airflow/.local/lib/python3.7/site-packages/airflow/example_dags/example_bash_operator.py
[2022-08-23 11:59:30,779] {processor.py:641} INFO - Processing file /home/airflow/.local/lib/python3.7/site-packages/airflow/example_dags/example_bash_operator.py for tasks to queue
[2022-08-23 11:59:30,780] {logging_mixin.py:115} INFO - [2022-08-23 11:59:30,779] {dagbag.py:508} INFO - Filling up the DagBag from /home/airflow/.local/lib/python3.7/site-packages/airflow/example_dags/example_bash_operator.py
[2022-08-23 11:59:30,797] {processor.py:651} INFO - DAG(s) dict_keys(['example_bash_operator']) retrieved from /home/airflow/.local/lib/python3.7/site-packages/airflow/example_dags/example_bash_operator.py
[2022-08-23 11:59:30,838] {logging_mixin.py:115} INFO - [2022-08-23 11:59:30,837] {dag.py:2420} INFO - Sync 1 DAGs
[2022-08-23 11:59:31,050] {logging_mixin.py:115} INFO - [2022-08-23 11:59:31,050] {dag.py:2972} INFO - Setting next_dagrun for example_bash_operator to 2022-08-22T00:00:00+00:00, run_after=2022-08-23T00:00:00+00:00
[2022-08-23 11:59:31,064] {processor.py:161} INFO - Processing /home/airflow/.local/lib/python3.7/site-packages/airflow/example_dags/example_bash_operator.py took 0.291 seconds
[2022-08-23 12:00:01,695] {processor.py:153} INFO - Started process (PID=135) to work on /home/airflow/.local/lib/python3.7/site-packages/airflow/example_dags/example_bash_operator.py
[2022-08-23 12:00:01,695] {processor.py:641} INFO - Processing file /home/airflow/.local/lib/python3.7/site-packages/airflow/example_dags/example_bash_operator.py for tasks to queue
[2022-08-23 12:00:01,696] {logging_mixin.py:115} INFO - [2022-08-23 12:00:01,695] {dagbag.py:508} INFO - Filling up the DagBag from /home/airflow/.local/lib/python3.7/site-packages/airflow/example_dags/example_bash_operator.py
[2022-08-23 12:00:01,703] {processor.py:651} INFO - DAG(s) dict_keys(['example_bash_operator']) retrieved from /home/airflow/.local/lib/python3.7/site-packages/airflow/example_dags/example_bash_operator.py
[2022-08-23 12:00:01,739] {logging_mixin.py:115} INFO - [2022-08-23 12:00:01,739] {dag.py:2420} INFO - Sync 1 DAGs
[2022-08-23 12:00:01,857] {logging_mixin.py:115} INFO - [2022-08-23 12:00:01,857] {dag.py:2972} INFO - Setting next_dagrun for example_bash_operator to 2022-08-22T00:00:00+00:00, run_after=2022-08-23T00:00:00+00:00
[2022-08-23 12:00:01,866] {processor.py:161} INFO - Processing /home/airflow/.local/lib/python3.7/site-packages/airflow/example_dags/example_bash_operator.py took 0.173 seconds
[2022-08-23 12:00:33,142] {processor.py:153} INFO - Started process (PID=196) to work on /home/airflow/.local/lib/python3.7/site-packages/airflow/example_dags/example_bash_operator.py
[2022-08-23 12:00:33,143] {processor.py:641} INFO - Processing file /home/airflow/.local/lib/python3.7/site-packages/airflow/example_dags/example_bash_operator.py for tasks to queue
[2022-08-23 12:00:33,143] {logging_mixin.py:115} INFO - [2022-08-23 12:00:33,143] {dagbag.py:508} INFO - Filling up the DagBag from /home/airflow/.local/lib/python3.7/site-packages/airflow/example_dags/example_bash_operator.py
[2022-08-23 12:00:33,161] {processor.py:651} INFO - DAG(s) dict_keys(['example_bash_operator']) retrieved from /home/airflow/.local/lib/python3.7/site-packages/airflow/example_dags/example_bash_operator.py
[2022-08-23 12:00:33,195] {logging_mixin.py:115} INFO - [2022-08-23 12:00:33,195] {dag.py:2420} INFO - Sync 1 DAGs
[2022-08-23 12:00:33,356] {logging_mixin.py:115} INFO - [2022-08-23 12:00:33,356] {dag.py:2972} INFO - Setting next_dagrun for example_bash_operator to 2022-08-22T00:00:00+00:00, run_after=2022-08-23T00:00:00+00:00
[2022-08-23 12:00:33,383] {processor.py:161} INFO - Processing /home/airflow/.local/lib/python3.7/site-packages/airflow/example_dags/example_bash_operator.py took 0.243 seconds
[2022-08-23 12:01:04,170] {processor.py:153} INFO - Started process (PID=257) to work on /home/airflow/.local/lib/python3.7/site-packages/airflow/example_dags/example_bash_operator.py
[2022-08-23 12:01:04,181] {processor.py:641} INFO - Processing file /home/airflow/.local/lib/python3.7/site-packages/airflow/example_dags/example_bash_operator.py for tasks to queue
[2022-08-23 12:01:04,182] {logging_mixin.py:115} INFO - [2022-08-23 12:01:04,182] {dagbag.py:508} INFO - Filling up the DagBag from /home/airflow/.local/lib/python3.7/site-packages/airflow/example_dags/example_bash_operator.py
[2022-08-23 12:01:04,201] {processor.py:651} INFO - DAG(s) dict_keys(['example_bash_operator']) retrieved from /home/airflow/.local/lib/python3.7/site-packages/airflow/example_dags/example_bash_operator.py
[2022-08-23 12:01:04,247] {logging_mixin.py:115} INFO - [2022-08-23 12:01:04,247] {dag.py:2420} INFO - Sync 1 DAGs
[2022-08-23 12:01:04,374] {logging_mixin.py:115} INFO - [2022-08-23 12:01:04,374] {dag.py:2972} INFO - Setting next_dagrun for example_bash_operator to 2022-08-22T00:00:00+00:00, run_after=2022-08-23T00:00:00+00:00
[2022-08-23 12:01:04,390] {processor.py:161} INFO - Processing /home/airflow/.local/lib/python3.7/site-packages/airflow/example_dags/example_bash_operator.py took 0.224 seconds
[2022-08-23 12:01:34,608] {processor.py:153} INFO - Started process (PID=309) to work on /home/airflow/.local/lib/python3.7/site-packages/airflow/example_dags/example_bash_operator.py
[2022-08-23 12:01:34,609] {processor.py:641} INFO - Processing file /home/airflow/.local/lib/python3.7/site-packages/airflow/example_dags/example_bash_operator.py for tasks to queue
[2022-08-23 12:01:34,609] {logging_mixin.py:115} INFO - [2022-08-23 12:01:34,609] {dagbag.py:508} INFO - Filling up the DagBag from /home/airflow/.local/lib/python3.7/site-packages/airflow/example_dags/example_bash_operator.py
[2022-08-23 12:01:34,619] {processor.py:651} INFO - DAG(s) dict_keys(['example_bash_operator']) retrieved from /home/airflow/.local/lib/python3.7/site-packages/airflow/example_dags/example_bash_operator.py
[2022-08-23 12:01:34,648] {logging_mixin.py:115} INFO - [2022-08-23 12:01:34,648] {dag.py:2420} INFO - Sync 1 DAGs
[2022-08-23 12:01:34,833] {logging_mixin.py:115} INFO - [2022-08-23 12:01:34,833] {dag.py:2972} INFO - Setting next_dagrun for example_bash_operator to 2022-08-22T00:00:00+00:00, run_after=2022-08-23T00:00:00+00:00
[2022-08-23 12:01:34,854] {processor.py:161} INFO - Processing /home/airflow/.local/lib/python3.7/site-packages/airflow/example_dags/example_bash_operator.py took 0.250 seconds
[2022-08-23 12:02:11,277] {processor.py:153} INFO - Started process (PID=369) to work on /home/airflow/.local/lib/python3.7/site-packages/airflow/example_dags/example_bash_operator.py
[2022-08-23 12:02:11,278] {processor.py:641} INFO - Processing file /home/airflow/.local/lib/python3.7/site-packages/airflow/example_dags/example_bash_operator.py for tasks to queue
[2022-08-23 12:02:11,279] {logging_mixin.py:115} INFO - [2022-08-23 12:02:11,279] {dagbag.py:508} INFO - Filling up the DagBag from /home/airflow/.local/lib/python3.7/site-packages/airflow/example_dags/example_bash_operator.py
[2022-08-23 12:02:11,302] {processor.py:651} INFO - DAG(s) dict_keys(['example_bash_operator']) retrieved from /home/airflow/.local/lib/python3.7/site-packages/airflow/example_dags/example_bash_operator.py
[2022-08-23 12:02:11,373] {logging_mixin.py:115} INFO - [2022-08-23 12:02:11,373] {dag.py:2420} INFO - Sync 1 DAGs
[2022-08-23 12:02:11,843] {logging_mixin.py:115} INFO - [2022-08-23 12:02:11,843] {dag.py:2972} INFO - Setting next_dagrun for example_bash_operator to 2022-08-22T00:00:00+00:00, run_after=2022-08-23T00:00:00+00:00
[2022-08-23 12:02:11,874] {processor.py:161} INFO - Processing /home/airflow/.local/lib/python3.7/site-packages/airflow/example_dags/example_bash_operator.py took 0.602 seconds
[2022-08-23 12:02:42,181] {processor.py:153} INFO - Started process (PID=421) to work on /home/airflow/.local/lib/python3.7/site-packages/airflow/example_dags/example_bash_operator.py
[2022-08-23 12:02:42,181] {processor.py:641} INFO - Processing file /home/airflow/.local/lib/python3.7/site-packages/airflow/example_dags/example_bash_operator.py for tasks to queue
[2022-08-23 12:02:42,182] {logging_mixin.py:115} INFO - [2022-08-23 12:02:42,182] {dagbag.py:508} INFO - Filling up the DagBag from /home/airflow/.local/lib/python3.7/site-packages/airflow/example_dags/example_bash_operator.py
[2022-08-23 12:02:42,204] {processor.py:651} INFO - DAG(s) dict_keys(['example_bash_operator']) retrieved from /home/airflow/.local/lib/python3.7/site-packages/airflow/example_dags/example_bash_operator.py
[2022-08-23 12:02:42,235] {logging_mixin.py:115} INFO - [2022-08-23 12:02:42,235] {dag.py:2420} INFO - Sync 1 DAGs
[2022-08-23 12:02:42,445] {logging_mixin.py:115} INFO - [2022-08-23 12:02:42,445] {dag.py:2972} INFO - Setting next_dagrun for example_bash_operator to 2022-08-22T00:00:00+00:00, run_after=2022-08-23T00:00:00+00:00
[2022-08-23 12:02:42,462] {processor.py:161} INFO - Processing /home/airflow/.local/lib/python3.7/site-packages/airflow/example_dags/example_bash_operator.py took 0.286 seconds
[2022-08-23 12:03:12,569] {processor.py:153} INFO - Started process (PID=482) to work on /home/airflow/.local/lib/python3.7/site-packages/airflow/example_dags/example_bash_operator.py
[2022-08-23 12:03:12,570] {processor.py:641} INFO - Processing file /home/airflow/.local/lib/python3.7/site-packages/airflow/example_dags/example_bash_operator.py for tasks to queue
[2022-08-23 12:03:12,571] {logging_mixin.py:115} INFO - [2022-08-23 12:03:12,571] {dagbag.py:508} INFO - Filling up the DagBag from /home/airflow/.local/lib/python3.7/site-packages/airflow/example_dags/example_bash_operator.py
[2022-08-23 12:03:12,596] {processor.py:651} INFO - DAG(s) dict_keys(['example_bash_operator']) retrieved from /home/airflow/.local/lib/python3.7/site-packages/airflow/example_dags/example_bash_operator.py
[2022-08-23 12:03:12,628] {logging_mixin.py:115} INFO - [2022-08-23 12:03:12,628] {dag.py:2420} INFO - Sync 1 DAGs
[2022-08-23 12:03:12,783] {logging_mixin.py:115} INFO - [2022-08-23 12:03:12,782] {dag.py:2972} INFO - Setting next_dagrun for example_bash_operator to 2022-08-22T00:00:00+00:00, run_after=2022-08-23T00:00:00+00:00
[2022-08-23 12:03:12,795] {processor.py:161} INFO - Processing /home/airflow/.local/lib/python3.7/site-packages/airflow/example_dags/example_bash_operator.py took 0.233 seconds
[2022-08-23 12:03:43,106] {processor.py:153} INFO - Started process (PID=543) to work on /home/airflow/.local/lib/python3.7/site-packages/airflow/example_dags/example_bash_operator.py
[2022-08-23 12:03:43,106] {processor.py:641} INFO - Processing file /home/airflow/.local/lib/python3.7/site-packages/airflow/example_dags/example_bash_operator.py for tasks to queue
[2022-08-23 12:03:43,107] {logging_mixin.py:115} INFO - [2022-08-23 12:03:43,107] {dagbag.py:508} INFO - Filling up the DagBag from /home/airflow/.local/lib/python3.7/site-packages/airflow/example_dags/example_bash_operator.py
[2022-08-23 12:03:43,121] {processor.py:651} INFO - DAG(s) dict_keys(['example_bash_operator']) retrieved from /home/airflow/.local/lib/python3.7/site-packages/airflow/example_dags/example_bash_operator.py
[2022-08-23 12:03:43,149] {logging_mixin.py:115} INFO - [2022-08-23 12:03:43,149] {dag.py:2420} INFO - Sync 1 DAGs
[2022-08-23 12:03:43,343] {logging_mixin.py:115} INFO - [2022-08-23 12:03:43,343] {dag.py:2972} INFO - Setting next_dagrun for example_bash_operator to 2022-08-22T00:00:00+00:00, run_after=2022-08-23T00:00:00+00:00
[2022-08-23 12:03:43,361] {processor.py:161} INFO - Processing /home/airflow/.local/lib/python3.7/site-packages/airflow/example_dags/example_bash_operator.py took 0.258 seconds
[2022-08-23 12:04:13,639] {processor.py:153} INFO - Started process (PID=595) to work on /home/airflow/.local/lib/python3.7/site-packages/airflow/example_dags/example_bash_operator.py
[2022-08-23 12:04:13,640] {processor.py:641} INFO - Processing file /home/airflow/.local/lib/python3.7/site-packages/airflow/example_dags/example_bash_operator.py for tasks to queue
[2022-08-23 12:04:13,641] {logging_mixin.py:115} INFO - [2022-08-23 12:04:13,641] {dagbag.py:508} INFO - Filling up the DagBag from /home/airflow/.local/lib/python3.7/site-packages/airflow/example_dags/example_bash_operator.py
[2022-08-23 12:04:13,655] {processor.py:651} INFO - DAG(s) dict_keys(['example_bash_operator']) retrieved from /home/airflow/.local/lib/python3.7/site-packages/airflow/example_dags/example_bash_operator.py
[2022-08-23 12:04:13,694] {logging_mixin.py:115} INFO - [2022-08-23 12:04:13,694] {dag.py:2420} INFO - Sync 1 DAGs
[2022-08-23 12:04:13,892] {logging_mixin.py:115} INFO - [2022-08-23 12:04:13,892] {dag.py:2972} INFO - Setting next_dagrun for example_bash_operator to 2022-08-22T00:00:00+00:00, run_after=2022-08-23T00:00:00+00:00
[2022-08-23 12:04:13,915] {processor.py:161} INFO - Processing /home/airflow/.local/lib/python3.7/site-packages/airflow/example_dags/example_bash_operator.py took 0.278 seconds
[2022-08-23 12:04:44,543] {processor.py:153} INFO - Started process (PID=656) to work on /home/airflow/.local/lib/python3.7/site-packages/airflow/example_dags/example_bash_operator.py
[2022-08-23 12:04:44,544] {processor.py:641} INFO - Processing file /home/airflow/.local/lib/python3.7/site-packages/airflow/example_dags/example_bash_operator.py for tasks to queue
[2022-08-23 12:04:44,545] {logging_mixin.py:115} INFO - [2022-08-23 12:04:44,544] {dagbag.py:508} INFO - Filling up the DagBag from /home/airflow/.local/lib/python3.7/site-packages/airflow/example_dags/example_bash_operator.py
[2022-08-23 12:04:44,568] {processor.py:651} INFO - DAG(s) dict_keys(['example_bash_operator']) retrieved from /home/airflow/.local/lib/python3.7/site-packages/airflow/example_dags/example_bash_operator.py
[2022-08-23 12:04:44,750] {logging_mixin.py:115} INFO - [2022-08-23 12:04:44,750] {dag.py:2420} INFO - Sync 1 DAGs
[2022-08-23 12:04:44,772] {logging_mixin.py:115} INFO - [2022-08-23 12:04:44,772] {dag.py:2972} INFO - Setting next_dagrun for example_bash_operator to 2022-08-22T00:00:00+00:00, run_after=2022-08-23T00:00:00+00:00
[2022-08-23 12:04:44,784] {processor.py:161} INFO - Processing /home/airflow/.local/lib/python3.7/site-packages/airflow/example_dags/example_bash_operator.py took 0.245 seconds
[2022-08-23 12:05:15,220] {processor.py:153} INFO - Started process (PID=717) to work on /home/airflow/.local/lib/python3.7/site-packages/airflow/example_dags/example_bash_operator.py
[2022-08-23 12:05:15,221] {processor.py:641} INFO - Processing file /home/airflow/.local/lib/python3.7/site-packages/airflow/example_dags/example_bash_operator.py for tasks to queue
[2022-08-23 12:05:15,221] {logging_mixin.py:115} INFO - [2022-08-23 12:05:15,221] {dagbag.py:508} INFO - Filling up the DagBag from /home/airflow/.local/lib/python3.7/site-packages/airflow/example_dags/example_bash_operator.py
[2022-08-23 12:05:15,234] {processor.py:651} INFO - DAG(s) dict_keys(['example_bash_operator']) retrieved from /home/airflow/.local/lib/python3.7/site-packages/airflow/example_dags/example_bash_operator.py
[2022-08-23 12:05:15,446] {logging_mixin.py:115} INFO - [2022-08-23 12:05:15,446] {dag.py:2420} INFO - Sync 1 DAGs
[2022-08-23 12:05:15,464] {logging_mixin.py:115} INFO - [2022-08-23 12:05:15,464] {dag.py:2972} INFO - Setting next_dagrun for example_bash_operator to 2022-08-22T00:00:00+00:00, run_after=2022-08-23T00:00:00+00:00
[2022-08-23 12:05:15,476] {processor.py:161} INFO - Processing /home/airflow/.local/lib/python3.7/site-packages/airflow/example_dags/example_bash_operator.py took 0.259 seconds
[2022-08-23 12:05:45,725] {processor.py:153} INFO - Started process (PID=769) to work on /home/airflow/.local/lib/python3.7/site-packages/airflow/example_dags/example_bash_operator.py
[2022-08-23 12:05:45,725] {processor.py:641} INFO - Processing file /home/airflow/.local/lib/python3.7/site-packages/airflow/example_dags/example_bash_operator.py for tasks to queue
[2022-08-23 12:05:45,726] {logging_mixin.py:115} INFO - [2022-08-23 12:05:45,726] {dagbag.py:508} INFO - Filling up the DagBag from /home/airflow/.local/lib/python3.7/site-packages/airflow/example_dags/example_bash_operator.py
[2022-08-23 12:05:45,739] {processor.py:651} INFO - DAG(s) dict_keys(['example_bash_operator']) retrieved from /home/airflow/.local/lib/python3.7/site-packages/airflow/example_dags/example_bash_operator.py
[2022-08-23 12:05:45,770] {logging_mixin.py:115} INFO - [2022-08-23 12:05:45,770] {dag.py:2420} INFO - Sync 1 DAGs
[2022-08-23 12:05:45,944] {logging_mixin.py:115} INFO - [2022-08-23 12:05:45,943] {dag.py:2972} INFO - Setting next_dagrun for example_bash_operator to 2022-08-22T00:00:00+00:00, run_after=2022-08-23T00:00:00+00:00
[2022-08-23 12:05:45,956] {processor.py:161} INFO - Processing /home/airflow/.local/lib/python3.7/site-packages/airflow/example_dags/example_bash_operator.py took 0.236 seconds
[2022-08-23 12:06:16,060] {processor.py:153} INFO - Started process (PID=830) to work on /home/airflow/.local/lib/python3.7/site-packages/airflow/example_dags/example_bash_operator.py
[2022-08-23 12:06:16,061] {processor.py:641} INFO - Processing file /home/airflow/.local/lib/python3.7/site-packages/airflow/example_dags/example_bash_operator.py for tasks to queue
[2022-08-23 12:06:16,061] {logging_mixin.py:115} INFO - [2022-08-23 12:06:16,061] {dagbag.py:508} INFO - Filling up the DagBag from /home/airflow/.local/lib/python3.7/site-packages/airflow/example_dags/example_bash_operator.py
[2022-08-23 12:06:16,074] {processor.py:651} INFO - DAG(s) dict_keys(['example_bash_operator']) retrieved from /home/airflow/.local/lib/python3.7/site-packages/airflow/example_dags/example_bash_operator.py
[2022-08-23 12:06:16,315] {logging_mixin.py:115} INFO - [2022-08-23 12:06:16,315] {dag.py:2420} INFO - Sync 1 DAGs
[2022-08-23 12:06:16,334] {logging_mixin.py:115} INFO - [2022-08-23 12:06:16,334] {dag.py:2972} INFO - Setting next_dagrun for example_bash_operator to 2022-08-22T00:00:00+00:00, run_after=2022-08-23T00:00:00+00:00
[2022-08-23 12:06:16,353] {processor.py:161} INFO - Processing /home/airflow/.local/lib/python3.7/site-packages/airflow/example_dags/example_bash_operator.py took 0.295 seconds
[2022-08-23 12:06:47,309] {processor.py:153} INFO - Started process (PID=889) to work on /home/airflow/.local/lib/python3.7/site-packages/airflow/example_dags/example_bash_operator.py
[2022-08-23 12:06:47,309] {processor.py:641} INFO - Processing file /home/airflow/.local/lib/python3.7/site-packages/airflow/example_dags/example_bash_operator.py for tasks to queue
[2022-08-23 12:06:47,310] {logging_mixin.py:115} INFO - [2022-08-23 12:06:47,310] {dagbag.py:508} INFO - Filling up the DagBag from /home/airflow/.local/lib/python3.7/site-packages/airflow/example_dags/example_bash_operator.py
[2022-08-23 12:06:47,323] {processor.py:651} INFO - DAG(s) dict_keys(['example_bash_operator']) retrieved from /home/airflow/.local/lib/python3.7/site-packages/airflow/example_dags/example_bash_operator.py
[2022-08-23 12:06:47,596] {logging_mixin.py:115} INFO - [2022-08-23 12:06:47,595] {dag.py:2420} INFO - Sync 1 DAGs
[2022-08-23 12:06:47,621] {logging_mixin.py:115} INFO - [2022-08-23 12:06:47,621] {dag.py:2972} INFO - Setting next_dagrun for example_bash_operator to 2022-08-22T00:00:00+00:00, run_after=2022-08-23T00:00:00+00:00
[2022-08-23 12:06:47,636] {processor.py:161} INFO - Processing /home/airflow/.local/lib/python3.7/site-packages/airflow/example_dags/example_bash_operator.py took 0.329 seconds
[2022-08-23 12:07:17,928] {processor.py:153} INFO - Started process (PID=943) to work on /home/airflow/.local/lib/python3.7/site-packages/airflow/example_dags/example_bash_operator.py
[2022-08-23 12:07:17,930] {processor.py:641} INFO - Processing file /home/airflow/.local/lib/python3.7/site-packages/airflow/example_dags/example_bash_operator.py for tasks to queue
[2022-08-23 12:07:17,930] {logging_mixin.py:115} INFO - [2022-08-23 12:07:17,930] {dagbag.py:508} INFO - Filling up the DagBag from /home/airflow/.local/lib/python3.7/site-packages/airflow/example_dags/example_bash_operator.py
[2022-08-23 12:07:17,956] {processor.py:651} INFO - DAG(s) dict_keys(['example_bash_operator']) retrieved from /home/airflow/.local/lib/python3.7/site-packages/airflow/example_dags/example_bash_operator.py
[2022-08-23 12:07:18,163] {logging_mixin.py:115} INFO - [2022-08-23 12:07:18,163] {dag.py:2420} INFO - Sync 1 DAGs
[2022-08-23 12:07:18,186] {logging_mixin.py:115} INFO - [2022-08-23 12:07:18,185] {dag.py:2972} INFO - Setting next_dagrun for example_bash_operator to 2022-08-22T00:00:00+00:00, run_after=2022-08-23T00:00:00+00:00
[2022-08-23 12:07:18,208] {processor.py:161} INFO - Processing /home/airflow/.local/lib/python3.7/site-packages/airflow/example_dags/example_bash_operator.py took 0.285 seconds
[2022-08-23 12:07:48,932] {processor.py:153} INFO - Started process (PID=1004) to work on /home/airflow/.local/lib/python3.7/site-packages/airflow/example_dags/example_bash_operator.py
[2022-08-23 12:07:48,940] {processor.py:641} INFO - Processing file /home/airflow/.local/lib/python3.7/site-packages/airflow/example_dags/example_bash_operator.py for tasks to queue
[2022-08-23 12:07:48,940] {logging_mixin.py:115} INFO - [2022-08-23 12:07:48,940] {dagbag.py:508} INFO - Filling up the DagBag from /home/airflow/.local/lib/python3.7/site-packages/airflow/example_dags/example_bash_operator.py
[2022-08-23 12:07:48,951] {processor.py:651} INFO - DAG(s) dict_keys(['example_bash_operator']) retrieved from /home/airflow/.local/lib/python3.7/site-packages/airflow/example_dags/example_bash_operator.py
[2022-08-23 12:07:49,154] {logging_mixin.py:115} INFO - [2022-08-23 12:07:49,154] {dag.py:2420} INFO - Sync 1 DAGs
[2022-08-23 12:07:49,178] {logging_mixin.py:115} INFO - [2022-08-23 12:07:49,178] {dag.py:2972} INFO - Setting next_dagrun for example_bash_operator to 2022-08-22T00:00:00+00:00, run_after=2022-08-23T00:00:00+00:00
[2022-08-23 12:07:49,189] {processor.py:161} INFO - Processing /home/airflow/.local/lib/python3.7/site-packages/airflow/example_dags/example_bash_operator.py took 0.261 seconds
[2022-08-23 12:08:19,531] {processor.py:153} INFO - Started process (PID=1056) to work on /home/airflow/.local/lib/python3.7/site-packages/airflow/example_dags/example_bash_operator.py
[2022-08-23 12:08:19,533] {processor.py:641} INFO - Processing file /home/airflow/.local/lib/python3.7/site-packages/airflow/example_dags/example_bash_operator.py for tasks to queue
[2022-08-23 12:08:19,533] {logging_mixin.py:115} INFO - [2022-08-23 12:08:19,533] {dagbag.py:508} INFO - Filling up the DagBag from /home/airflow/.local/lib/python3.7/site-packages/airflow/example_dags/example_bash_operator.py
[2022-08-23 12:08:19,543] {processor.py:651} INFO - DAG(s) dict_keys(['example_bash_operator']) retrieved from /home/airflow/.local/lib/python3.7/site-packages/airflow/example_dags/example_bash_operator.py
[2022-08-23 12:08:19,752] {logging_mixin.py:115} INFO - [2022-08-23 12:08:19,752] {dag.py:2420} INFO - Sync 1 DAGs
[2022-08-23 12:08:19,771] {logging_mixin.py:115} INFO - [2022-08-23 12:08:19,771] {dag.py:2972} INFO - Setting next_dagrun for example_bash_operator to 2022-08-22T00:00:00+00:00, run_after=2022-08-23T00:00:00+00:00
[2022-08-23 12:08:19,796] {processor.py:161} INFO - Processing /home/airflow/.local/lib/python3.7/site-packages/airflow/example_dags/example_bash_operator.py took 0.269 seconds
[2022-08-23 12:08:50,075] {processor.py:153} INFO - Started process (PID=1117) to work on /home/airflow/.local/lib/python3.7/site-packages/airflow/example_dags/example_bash_operator.py
[2022-08-23 12:08:50,080] {processor.py:641} INFO - Processing file /home/airflow/.local/lib/python3.7/site-packages/airflow/example_dags/example_bash_operator.py for tasks to queue
[2022-08-23 12:08:50,080] {logging_mixin.py:115} INFO - [2022-08-23 12:08:50,080] {dagbag.py:508} INFO - Filling up the DagBag from /home/airflow/.local/lib/python3.7/site-packages/airflow/example_dags/example_bash_operator.py
[2022-08-23 12:08:50,092] {processor.py:651} INFO - DAG(s) dict_keys(['example_bash_operator']) retrieved from /home/airflow/.local/lib/python3.7/site-packages/airflow/example_dags/example_bash_operator.py
[2022-08-23 12:08:50,285] {logging_mixin.py:115} INFO - [2022-08-23 12:08:50,285] {dag.py:2420} INFO - Sync 1 DAGs
[2022-08-23 12:08:50,306] {logging_mixin.py:115} INFO - [2022-08-23 12:08:50,306] {dag.py:2972} INFO - Setting next_dagrun for example_bash_operator to 2022-08-22T00:00:00+00:00, run_after=2022-08-23T00:00:00+00:00
[2022-08-23 12:08:50,319] {processor.py:161} INFO - Processing /home/airflow/.local/lib/python3.7/site-packages/airflow/example_dags/example_bash_operator.py took 0.249 seconds
[2022-08-23 12:09:20,456] {processor.py:153} INFO - Started process (PID=1178) to work on /home/airflow/.local/lib/python3.7/site-packages/airflow/example_dags/example_bash_operator.py
[2022-08-23 12:09:20,456] {processor.py:641} INFO - Processing file /home/airflow/.local/lib/python3.7/site-packages/airflow/example_dags/example_bash_operator.py for tasks to queue
[2022-08-23 12:09:20,457] {logging_mixin.py:115} INFO - [2022-08-23 12:09:20,457] {dagbag.py:508} INFO - Filling up the DagBag from /home/airflow/.local/lib/python3.7/site-packages/airflow/example_dags/example_bash_operator.py
[2022-08-23 12:09:20,470] {processor.py:651} INFO - DAG(s) dict_keys(['example_bash_operator']) retrieved from /home/airflow/.local/lib/python3.7/site-packages/airflow/example_dags/example_bash_operator.py
[2022-08-23 12:09:20,664] {logging_mixin.py:115} INFO - [2022-08-23 12:09:20,664] {dag.py:2420} INFO - Sync 1 DAGs
[2022-08-23 12:09:20,688] {logging_mixin.py:115} INFO - [2022-08-23 12:09:20,688] {dag.py:2972} INFO - Setting next_dagrun for example_bash_operator to 2022-08-22T00:00:00+00:00, run_after=2022-08-23T00:00:00+00:00
[2022-08-23 12:09:20,710] {processor.py:161} INFO - Processing /home/airflow/.local/lib/python3.7/site-packages/airflow/example_dags/example_bash_operator.py took 0.257 seconds
[2022-08-23 12:09:51,791] {processor.py:153} INFO - Started process (PID=1230) to work on /home/airflow/.local/lib/python3.7/site-packages/airflow/example_dags/example_bash_operator.py
[2022-08-23 12:09:51,791] {processor.py:641} INFO - Processing file /home/airflow/.local/lib/python3.7/site-packages/airflow/example_dags/example_bash_operator.py for tasks to queue
[2022-08-23 12:09:51,792] {logging_mixin.py:115} INFO - [2022-08-23 12:09:51,792] {dagbag.py:508} INFO - Filling up the DagBag from /home/airflow/.local/lib/python3.7/site-packages/airflow/example_dags/example_bash_operator.py
[2022-08-23 12:09:51,812] {processor.py:651} INFO - DAG(s) dict_keys(['example_bash_operator']) retrieved from /home/airflow/.local/lib/python3.7/site-packages/airflow/example_dags/example_bash_operator.py
[2022-08-23 12:09:52,008] {logging_mixin.py:115} INFO - [2022-08-23 12:09:52,007] {dag.py:2420} INFO - Sync 1 DAGs
[2022-08-23 12:09:52,028] {logging_mixin.py:115} INFO - [2022-08-23 12:09:52,028] {dag.py:2972} INFO - Setting next_dagrun for example_bash_operator to 2022-08-22T00:00:00+00:00, run_after=2022-08-23T00:00:00+00:00
[2022-08-23 12:09:52,039] {processor.py:161} INFO - Processing /home/airflow/.local/lib/python3.7/site-packages/airflow/example_dags/example_bash_operator.py took 0.253 seconds
[2022-08-23 12:10:22,856] {processor.py:153} INFO - Started process (PID=1291) to work on /home/airflow/.local/lib/python3.7/site-packages/airflow/example_dags/example_bash_operator.py
[2022-08-23 12:10:22,856] {processor.py:641} INFO - Processing file /home/airflow/.local/lib/python3.7/site-packages/airflow/example_dags/example_bash_operator.py for tasks to queue
[2022-08-23 12:10:22,856] {logging_mixin.py:115} INFO - [2022-08-23 12:10:22,856] {dagbag.py:508} INFO - Filling up the DagBag from /home/airflow/.local/lib/python3.7/site-packages/airflow/example_dags/example_bash_operator.py
[2022-08-23 12:10:22,867] {processor.py:651} INFO - DAG(s) dict_keys(['example_bash_operator']) retrieved from /home/airflow/.local/lib/python3.7/site-packages/airflow/example_dags/example_bash_operator.py
[2022-08-23 12:10:23,053] {logging_mixin.py:115} INFO - [2022-08-23 12:10:23,052] {dag.py:2420} INFO - Sync 1 DAGs
[2022-08-23 12:10:23,071] {logging_mixin.py:115} INFO - [2022-08-23 12:10:23,070] {dag.py:2972} INFO - Setting next_dagrun for example_bash_operator to 2022-08-22T00:00:00+00:00, run_after=2022-08-23T00:00:00+00:00
[2022-08-23 12:10:23,093] {processor.py:161} INFO - Processing /home/airflow/.local/lib/python3.7/site-packages/airflow/example_dags/example_bash_operator.py took 0.240 seconds
[2022-08-23 12:10:53,392] {processor.py:153} INFO - Started process (PID=1352) to work on /home/airflow/.local/lib/python3.7/site-packages/airflow/example_dags/example_bash_operator.py
[2022-08-23 12:10:53,392] {processor.py:641} INFO - Processing file /home/airflow/.local/lib/python3.7/site-packages/airflow/example_dags/example_bash_operator.py for tasks to queue
[2022-08-23 12:10:53,393] {logging_mixin.py:115} INFO - [2022-08-23 12:10:53,393] {dagbag.py:508} INFO - Filling up the DagBag from /home/airflow/.local/lib/python3.7/site-packages/airflow/example_dags/example_bash_operator.py
[2022-08-23 12:10:53,416] {processor.py:651} INFO - DAG(s) dict_keys(['example_bash_operator']) retrieved from /home/airflow/.local/lib/python3.7/site-packages/airflow/example_dags/example_bash_operator.py
[2022-08-23 12:10:53,571] {logging_mixin.py:115} INFO - [2022-08-23 12:10:53,571] {dag.py:2420} INFO - Sync 1 DAGs
[2022-08-23 12:10:53,591] {logging_mixin.py:115} INFO - [2022-08-23 12:10:53,591] {dag.py:2972} INFO - Setting next_dagrun for example_bash_operator to 2022-08-22T00:00:00+00:00, run_after=2022-08-23T00:00:00+00:00
[2022-08-23 12:10:53,604] {processor.py:161} INFO - Processing /home/airflow/.local/lib/python3.7/site-packages/airflow/example_dags/example_bash_operator.py took 0.218 seconds
[2022-08-23 12:11:23,770] {processor.py:153} INFO - Started process (PID=1404) to work on /home/airflow/.local/lib/python3.7/site-packages/airflow/example_dags/example_bash_operator.py
[2022-08-23 12:11:23,771] {processor.py:641} INFO - Processing file /home/airflow/.local/lib/python3.7/site-packages/airflow/example_dags/example_bash_operator.py for tasks to queue
[2022-08-23 12:11:23,772] {logging_mixin.py:115} INFO - [2022-08-23 12:11:23,772] {dagbag.py:508} INFO - Filling up the DagBag from /home/airflow/.local/lib/python3.7/site-packages/airflow/example_dags/example_bash_operator.py
[2022-08-23 12:11:23,785] {processor.py:651} INFO - DAG(s) dict_keys(['example_bash_operator']) retrieved from /home/airflow/.local/lib/python3.7/site-packages/airflow/example_dags/example_bash_operator.py
[2022-08-23 12:11:23,958] {logging_mixin.py:115} INFO - [2022-08-23 12:11:23,958] {dag.py:2420} INFO - Sync 1 DAGs
[2022-08-23 12:11:23,982] {logging_mixin.py:115} INFO - [2022-08-23 12:11:23,982] {dag.py:2972} INFO - Setting next_dagrun for example_bash_operator to 2022-08-22T00:00:00+00:00, run_after=2022-08-23T00:00:00+00:00
[2022-08-23 12:11:23,996] {processor.py:161} INFO - Processing /home/airflow/.local/lib/python3.7/site-packages/airflow/example_dags/example_bash_operator.py took 0.228 seconds
[2022-08-23 12:11:54,333] {processor.py:153} INFO - Started process (PID=1465) to work on /home/airflow/.local/lib/python3.7/site-packages/airflow/example_dags/example_bash_operator.py
[2022-08-23 12:11:54,334] {processor.py:641} INFO - Processing file /home/airflow/.local/lib/python3.7/site-packages/airflow/example_dags/example_bash_operator.py for tasks to queue
[2022-08-23 12:11:54,335] {logging_mixin.py:115} INFO - [2022-08-23 12:11:54,334] {dagbag.py:508} INFO - Filling up the DagBag from /home/airflow/.local/lib/python3.7/site-packages/airflow/example_dags/example_bash_operator.py
[2022-08-23 12:11:54,347] {processor.py:651} INFO - DAG(s) dict_keys(['example_bash_operator']) retrieved from /home/airflow/.local/lib/python3.7/site-packages/airflow/example_dags/example_bash_operator.py
[2022-08-23 12:11:54,528] {logging_mixin.py:115} INFO - [2022-08-23 12:11:54,528] {dag.py:2420} INFO - Sync 1 DAGs
[2022-08-23 12:11:54,550] {logging_mixin.py:115} INFO - [2022-08-23 12:11:54,550] {dag.py:2972} INFO - Setting next_dagrun for example_bash_operator to 2022-08-22T00:00:00+00:00, run_after=2022-08-23T00:00:00+00:00
[2022-08-23 12:11:54,570] {processor.py:161} INFO - Processing /home/airflow/.local/lib/python3.7/site-packages/airflow/example_dags/example_bash_operator.py took 0.239 seconds
[2022-08-23 12:12:24,896] {processor.py:153} INFO - Started process (PID=1526) to work on /home/airflow/.local/lib/python3.7/site-packages/airflow/example_dags/example_bash_operator.py
[2022-08-23 12:12:24,896] {processor.py:641} INFO - Processing file /home/airflow/.local/lib/python3.7/site-packages/airflow/example_dags/example_bash_operator.py for tasks to queue
[2022-08-23 12:12:24,896] {logging_mixin.py:115} INFO - [2022-08-23 12:12:24,896] {dagbag.py:508} INFO - Filling up the DagBag from /home/airflow/.local/lib/python3.7/site-packages/airflow/example_dags/example_bash_operator.py
[2022-08-23 12:12:24,907] {processor.py:651} INFO - DAG(s) dict_keys(['example_bash_operator']) retrieved from /home/airflow/.local/lib/python3.7/site-packages/airflow/example_dags/example_bash_operator.py
[2022-08-23 12:12:25,094] {logging_mixin.py:115} INFO - [2022-08-23 12:12:25,094] {dag.py:2420} INFO - Sync 1 DAGs
[2022-08-23 12:12:25,112] {logging_mixin.py:115} INFO - [2022-08-23 12:12:25,112] {dag.py:2972} INFO - Setting next_dagrun for example_bash_operator to 2022-08-22T00:00:00+00:00, run_after=2022-08-23T00:00:00+00:00
[2022-08-23 12:12:25,122] {processor.py:161} INFO - Processing /home/airflow/.local/lib/python3.7/site-packages/airflow/example_dags/example_bash_operator.py took 0.229 seconds
[2022-08-23 12:12:55,839] {processor.py:153} INFO - Started process (PID=1578) to work on /home/airflow/.local/lib/python3.7/site-packages/airflow/example_dags/example_bash_operator.py
[2022-08-23 12:12:55,840] {processor.py:641} INFO - Processing file /home/airflow/.local/lib/python3.7/site-packages/airflow/example_dags/example_bash_operator.py for tasks to queue
[2022-08-23 12:12:55,840] {logging_mixin.py:115} INFO - [2022-08-23 12:12:55,840] {dagbag.py:508} INFO - Filling up the DagBag from /home/airflow/.local/lib/python3.7/site-packages/airflow/example_dags/example_bash_operator.py
[2022-08-23 12:12:55,850] {processor.py:651} INFO - DAG(s) dict_keys(['example_bash_operator']) retrieved from /home/airflow/.local/lib/python3.7/site-packages/airflow/example_dags/example_bash_operator.py
[2022-08-23 12:12:56,022] {logging_mixin.py:115} INFO - [2022-08-23 12:12:56,022] {dag.py:2420} INFO - Sync 1 DAGs
[2022-08-23 12:12:56,042] {logging_mixin.py:115} INFO - [2022-08-23 12:12:56,042] {dag.py:2972} INFO - Setting next_dagrun for example_bash_operator to 2022-08-22T00:00:00+00:00, run_after=2022-08-23T00:00:00+00:00
[2022-08-23 12:12:56,053] {processor.py:161} INFO - Processing /home/airflow/.local/lib/python3.7/site-packages/airflow/example_dags/example_bash_operator.py took 0.218 seconds
[2022-08-23 12:13:26,680] {processor.py:153} INFO - Started process (PID=1639) to work on /home/airflow/.local/lib/python3.7/site-packages/airflow/example_dags/example_bash_operator.py
[2022-08-23 12:13:26,681] {processor.py:641} INFO - Processing file /home/airflow/.local/lib/python3.7/site-packages/airflow/example_dags/example_bash_operator.py for tasks to queue
[2022-08-23 12:13:26,681] {logging_mixin.py:115} INFO - [2022-08-23 12:13:26,681] {dagbag.py:508} INFO - Filling up the DagBag from /home/airflow/.local/lib/python3.7/site-packages/airflow/example_dags/example_bash_operator.py
[2022-08-23 12:13:26,706] {processor.py:651} INFO - DAG(s) dict_keys(['example_bash_operator']) retrieved from /home/airflow/.local/lib/python3.7/site-packages/airflow/example_dags/example_bash_operator.py
[2022-08-23 12:13:26,893] {logging_mixin.py:115} INFO - [2022-08-23 12:13:26,893] {dag.py:2420} INFO - Sync 1 DAGs
[2022-08-23 12:13:26,912] {logging_mixin.py:115} INFO - [2022-08-23 12:13:26,912] {dag.py:2972} INFO - Setting next_dagrun for example_bash_operator to 2022-08-22T00:00:00+00:00, run_after=2022-08-23T00:00:00+00:00
[2022-08-23 12:13:26,924] {processor.py:161} INFO - Processing /home/airflow/.local/lib/python3.7/site-packages/airflow/example_dags/example_bash_operator.py took 0.249 seconds
