[2022-08-23 11:59:27,461] {processor.py:153} INFO - Started process (PID=51) to work on /home/airflow/.local/lib/python3.7/site-packages/airflow/example_dags/example_subdag_operator.py
[2022-08-23 11:59:27,461] {processor.py:641} INFO - Processing file /home/airflow/.local/lib/python3.7/site-packages/airflow/example_dags/example_subdag_operator.py for tasks to queue
[2022-08-23 11:59:27,462] {logging_mixin.py:115} INFO - [2022-08-23 11:59:27,461] {dagbag.py:508} INFO - Filling up the DagBag from /home/airflow/.local/lib/python3.7/site-packages/airflow/example_dags/example_subdag_operator.py
[2022-08-23 11:59:27,498] {processor.py:651} INFO - DAG(s) dict_keys(['example_subdag_operator.section-1', 'example_subdag_operator.section-2', 'example_subdag_operator']) retrieved from /home/airflow/.local/lib/python3.7/site-packages/airflow/example_dags/example_subdag_operator.py
[2022-08-23 11:59:27,534] {logging_mixin.py:115} INFO - [2022-08-23 11:59:27,534] {dag.py:2420} INFO - Sync 3 DAGs
[2022-08-23 11:59:27,682] {logging_mixin.py:115} INFO - [2022-08-23 11:59:27,682] {dag.py:2972} INFO - Setting next_dagrun for example_subdag_operator to 2022-01-01T00:00:00+00:00, run_after=2022-01-01T00:00:00+00:00
[2022-08-23 11:59:27,682] {logging_mixin.py:115} INFO - [2022-08-23 11:59:27,682] {dag.py:2972} INFO - Setting next_dagrun for example_subdag_operator.section-1 to None, run_after=None
[2022-08-23 11:59:27,682] {logging_mixin.py:115} INFO - [2022-08-23 11:59:27,682] {dag.py:2972} INFO - Setting next_dagrun for example_subdag_operator.section-2 to None, run_after=None
[2022-08-23 11:59:27,689] {logging_mixin.py:115} INFO - [2022-08-23 11:59:27,689] {dag.py:2420} INFO - Sync 2 DAGs
[2022-08-23 11:59:27,696] {logging_mixin.py:115} INFO - [2022-08-23 11:59:27,696] {dag.py:2972} INFO - Setting next_dagrun for example_subdag_operator.section-1 to None, run_after=None
[2022-08-23 11:59:27,696] {logging_mixin.py:115} INFO - [2022-08-23 11:59:27,696] {dag.py:2972} INFO - Setting next_dagrun for example_subdag_operator.section-2 to None, run_after=None
[2022-08-23 11:59:27,705] {processor.py:161} INFO - Processing /home/airflow/.local/lib/python3.7/site-packages/airflow/example_dags/example_subdag_operator.py took 0.247 seconds
[2022-08-23 11:59:58,010] {processor.py:153} INFO - Started process (PID=112) to work on /home/airflow/.local/lib/python3.7/site-packages/airflow/example_dags/example_subdag_operator.py
[2022-08-23 11:59:58,010] {processor.py:641} INFO - Processing file /home/airflow/.local/lib/python3.7/site-packages/airflow/example_dags/example_subdag_operator.py for tasks to queue
[2022-08-23 11:59:58,011] {logging_mixin.py:115} INFO - [2022-08-23 11:59:58,011] {dagbag.py:508} INFO - Filling up the DagBag from /home/airflow/.local/lib/python3.7/site-packages/airflow/example_dags/example_subdag_operator.py
[2022-08-23 11:59:58,031] {processor.py:651} INFO - DAG(s) dict_keys(['example_subdag_operator.section-1', 'example_subdag_operator.section-2', 'example_subdag_operator']) retrieved from /home/airflow/.local/lib/python3.7/site-packages/airflow/example_dags/example_subdag_operator.py
[2022-08-23 11:59:58,148] {logging_mixin.py:115} INFO - [2022-08-23 11:59:58,148] {dag.py:2420} INFO - Sync 3 DAGs
[2022-08-23 11:59:58,164] {logging_mixin.py:115} INFO - [2022-08-23 11:59:58,164] {dag.py:2972} INFO - Setting next_dagrun for example_subdag_operator to 2022-01-01T00:00:00+00:00, run_after=2022-01-01T00:00:00+00:00
[2022-08-23 11:59:58,164] {logging_mixin.py:115} INFO - [2022-08-23 11:59:58,164] {dag.py:2972} INFO - Setting next_dagrun for example_subdag_operator.section-1 to None, run_after=None
[2022-08-23 11:59:58,164] {logging_mixin.py:115} INFO - [2022-08-23 11:59:58,164] {dag.py:2972} INFO - Setting next_dagrun for example_subdag_operator.section-2 to None, run_after=None
[2022-08-23 11:59:58,170] {logging_mixin.py:115} INFO - [2022-08-23 11:59:58,169] {dag.py:2420} INFO - Sync 2 DAGs
[2022-08-23 11:59:58,175] {logging_mixin.py:115} INFO - [2022-08-23 11:59:58,174] {dag.py:2972} INFO - Setting next_dagrun for example_subdag_operator.section-1 to None, run_after=None
[2022-08-23 11:59:58,175] {logging_mixin.py:115} INFO - [2022-08-23 11:59:58,175] {dag.py:2972} INFO - Setting next_dagrun for example_subdag_operator.section-2 to None, run_after=None
[2022-08-23 11:59:58,181] {processor.py:161} INFO - Processing /home/airflow/.local/lib/python3.7/site-packages/airflow/example_dags/example_subdag_operator.py took 0.173 seconds
[2022-08-23 12:00:29,188] {processor.py:153} INFO - Started process (PID=173) to work on /home/airflow/.local/lib/python3.7/site-packages/airflow/example_dags/example_subdag_operator.py
[2022-08-23 12:00:29,189] {processor.py:641} INFO - Processing file /home/airflow/.local/lib/python3.7/site-packages/airflow/example_dags/example_subdag_operator.py for tasks to queue
[2022-08-23 12:00:29,190] {logging_mixin.py:115} INFO - [2022-08-23 12:00:29,190] {dagbag.py:508} INFO - Filling up the DagBag from /home/airflow/.local/lib/python3.7/site-packages/airflow/example_dags/example_subdag_operator.py
[2022-08-23 12:00:29,241] {processor.py:651} INFO - DAG(s) dict_keys(['example_subdag_operator.section-1', 'example_subdag_operator.section-2', 'example_subdag_operator']) retrieved from /home/airflow/.local/lib/python3.7/site-packages/airflow/example_dags/example_subdag_operator.py
[2022-08-23 12:00:29,613] {logging_mixin.py:115} INFO - [2022-08-23 12:00:29,612] {dag.py:2420} INFO - Sync 3 DAGs
[2022-08-23 12:00:29,646] {logging_mixin.py:115} INFO - [2022-08-23 12:00:29,645] {dag.py:2972} INFO - Setting next_dagrun for example_subdag_operator to 2022-01-01T00:00:00+00:00, run_after=2022-01-01T00:00:00+00:00
[2022-08-23 12:00:29,646] {logging_mixin.py:115} INFO - [2022-08-23 12:00:29,646] {dag.py:2972} INFO - Setting next_dagrun for example_subdag_operator.section-1 to None, run_after=None
[2022-08-23 12:00:29,646] {logging_mixin.py:115} INFO - [2022-08-23 12:00:29,646] {dag.py:2972} INFO - Setting next_dagrun for example_subdag_operator.section-2 to None, run_after=None
[2022-08-23 12:00:29,661] {logging_mixin.py:115} INFO - [2022-08-23 12:00:29,661] {dag.py:2420} INFO - Sync 2 DAGs
[2022-08-23 12:00:29,676] {logging_mixin.py:115} INFO - [2022-08-23 12:00:29,676] {dag.py:2972} INFO - Setting next_dagrun for example_subdag_operator.section-1 to None, run_after=None
[2022-08-23 12:00:29,677] {logging_mixin.py:115} INFO - [2022-08-23 12:00:29,677] {dag.py:2972} INFO - Setting next_dagrun for example_subdag_operator.section-2 to None, run_after=None
[2022-08-23 12:00:29,697] {processor.py:161} INFO - Processing /home/airflow/.local/lib/python3.7/site-packages/airflow/example_dags/example_subdag_operator.py took 0.514 seconds
[2022-08-23 12:01:00,466] {processor.py:153} INFO - Started process (PID=225) to work on /home/airflow/.local/lib/python3.7/site-packages/airflow/example_dags/example_subdag_operator.py
[2022-08-23 12:01:00,467] {processor.py:641} INFO - Processing file /home/airflow/.local/lib/python3.7/site-packages/airflow/example_dags/example_subdag_operator.py for tasks to queue
[2022-08-23 12:01:00,468] {logging_mixin.py:115} INFO - [2022-08-23 12:01:00,468] {dagbag.py:508} INFO - Filling up the DagBag from /home/airflow/.local/lib/python3.7/site-packages/airflow/example_dags/example_subdag_operator.py
[2022-08-23 12:01:00,515] {processor.py:651} INFO - DAG(s) dict_keys(['example_subdag_operator.section-1', 'example_subdag_operator.section-2', 'example_subdag_operator']) retrieved from /home/airflow/.local/lib/python3.7/site-packages/airflow/example_dags/example_subdag_operator.py
[2022-08-23 12:01:00,654] {logging_mixin.py:115} INFO - [2022-08-23 12:01:00,654] {dag.py:2420} INFO - Sync 3 DAGs
[2022-08-23 12:01:00,674] {logging_mixin.py:115} INFO - [2022-08-23 12:01:00,674] {dag.py:2972} INFO - Setting next_dagrun for example_subdag_operator to 2022-01-01T00:00:00+00:00, run_after=2022-01-01T00:00:00+00:00
[2022-08-23 12:01:00,674] {logging_mixin.py:115} INFO - [2022-08-23 12:01:00,674] {dag.py:2972} INFO - Setting next_dagrun for example_subdag_operator.section-1 to None, run_after=None
[2022-08-23 12:01:00,674] {logging_mixin.py:115} INFO - [2022-08-23 12:01:00,674] {dag.py:2972} INFO - Setting next_dagrun for example_subdag_operator.section-2 to None, run_after=None
[2022-08-23 12:01:00,681] {logging_mixin.py:115} INFO - [2022-08-23 12:01:00,681] {dag.py:2420} INFO - Sync 2 DAGs
[2022-08-23 12:01:00,688] {logging_mixin.py:115} INFO - [2022-08-23 12:01:00,688] {dag.py:2972} INFO - Setting next_dagrun for example_subdag_operator.section-1 to None, run_after=None
[2022-08-23 12:01:00,688] {logging_mixin.py:115} INFO - [2022-08-23 12:01:00,688] {dag.py:2972} INFO - Setting next_dagrun for example_subdag_operator.section-2 to None, run_after=None
[2022-08-23 12:01:00,695] {processor.py:161} INFO - Processing /home/airflow/.local/lib/python3.7/site-packages/airflow/example_dags/example_subdag_operator.py took 0.233 seconds
[2022-08-23 12:01:30,845] {processor.py:153} INFO - Started process (PID=286) to work on /home/airflow/.local/lib/python3.7/site-packages/airflow/example_dags/example_subdag_operator.py
[2022-08-23 12:01:30,846] {processor.py:641} INFO - Processing file /home/airflow/.local/lib/python3.7/site-packages/airflow/example_dags/example_subdag_operator.py for tasks to queue
[2022-08-23 12:01:30,847] {logging_mixin.py:115} INFO - [2022-08-23 12:01:30,847] {dagbag.py:508} INFO - Filling up the DagBag from /home/airflow/.local/lib/python3.7/site-packages/airflow/example_dags/example_subdag_operator.py
[2022-08-23 12:01:30,875] {processor.py:651} INFO - DAG(s) dict_keys(['example_subdag_operator.section-1', 'example_subdag_operator.section-2', 'example_subdag_operator']) retrieved from /home/airflow/.local/lib/python3.7/site-packages/airflow/example_dags/example_subdag_operator.py
[2022-08-23 12:01:31,058] {logging_mixin.py:115} INFO - [2022-08-23 12:01:31,058] {dag.py:2420} INFO - Sync 3 DAGs
[2022-08-23 12:01:31,079] {logging_mixin.py:115} INFO - [2022-08-23 12:01:31,079] {dag.py:2972} INFO - Setting next_dagrun for example_subdag_operator to 2022-01-01T00:00:00+00:00, run_after=2022-01-01T00:00:00+00:00
[2022-08-23 12:01:31,079] {logging_mixin.py:115} INFO - [2022-08-23 12:01:31,079] {dag.py:2972} INFO - Setting next_dagrun for example_subdag_operator.section-1 to None, run_after=None
[2022-08-23 12:01:31,079] {logging_mixin.py:115} INFO - [2022-08-23 12:01:31,079] {dag.py:2972} INFO - Setting next_dagrun for example_subdag_operator.section-2 to None, run_after=None
[2022-08-23 12:01:31,087] {logging_mixin.py:115} INFO - [2022-08-23 12:01:31,086] {dag.py:2420} INFO - Sync 2 DAGs
[2022-08-23 12:01:31,092] {logging_mixin.py:115} INFO - [2022-08-23 12:01:31,092] {dag.py:2972} INFO - Setting next_dagrun for example_subdag_operator.section-1 to None, run_after=None
[2022-08-23 12:01:31,092] {logging_mixin.py:115} INFO - [2022-08-23 12:01:31,092] {dag.py:2972} INFO - Setting next_dagrun for example_subdag_operator.section-2 to None, run_after=None
[2022-08-23 12:01:31,103] {processor.py:161} INFO - Processing /home/airflow/.local/lib/python3.7/site-packages/airflow/example_dags/example_subdag_operator.py took 0.262 seconds
[2022-08-23 12:02:03,034] {processor.py:153} INFO - Started process (PID=338) to work on /home/airflow/.local/lib/python3.7/site-packages/airflow/example_dags/example_subdag_operator.py
[2022-08-23 12:02:03,035] {processor.py:641} INFO - Processing file /home/airflow/.local/lib/python3.7/site-packages/airflow/example_dags/example_subdag_operator.py for tasks to queue
[2022-08-23 12:02:03,037] {logging_mixin.py:115} INFO - [2022-08-23 12:02:03,036] {dagbag.py:508} INFO - Filling up the DagBag from /home/airflow/.local/lib/python3.7/site-packages/airflow/example_dags/example_subdag_operator.py
[2022-08-23 12:02:03,113] {processor.py:651} INFO - DAG(s) dict_keys(['example_subdag_operator.section-1', 'example_subdag_operator.section-2', 'example_subdag_operator']) retrieved from /home/airflow/.local/lib/python3.7/site-packages/airflow/example_dags/example_subdag_operator.py
[2022-08-23 12:02:03,600] {logging_mixin.py:115} INFO - [2022-08-23 12:02:03,599] {dag.py:2420} INFO - Sync 3 DAGs
[2022-08-23 12:02:03,640] {logging_mixin.py:115} INFO - [2022-08-23 12:02:03,640] {dag.py:2972} INFO - Setting next_dagrun for example_subdag_operator to 2022-01-01T00:00:00+00:00, run_after=2022-01-01T00:00:00+00:00
[2022-08-23 12:02:03,641] {logging_mixin.py:115} INFO - [2022-08-23 12:02:03,641] {dag.py:2972} INFO - Setting next_dagrun for example_subdag_operator.section-1 to None, run_after=None
[2022-08-23 12:02:03,641] {logging_mixin.py:115} INFO - [2022-08-23 12:02:03,641] {dag.py:2972} INFO - Setting next_dagrun for example_subdag_operator.section-2 to None, run_after=None
[2022-08-23 12:02:03,656] {logging_mixin.py:115} INFO - [2022-08-23 12:02:03,656] {dag.py:2420} INFO - Sync 2 DAGs
[2022-08-23 12:02:03,673] {logging_mixin.py:115} INFO - [2022-08-23 12:02:03,673] {dag.py:2972} INFO - Setting next_dagrun for example_subdag_operator.section-1 to None, run_after=None
[2022-08-23 12:02:03,674] {logging_mixin.py:115} INFO - [2022-08-23 12:02:03,674] {dag.py:2972} INFO - Setting next_dagrun for example_subdag_operator.section-2 to None, run_after=None
[2022-08-23 12:02:03,700] {processor.py:161} INFO - Processing /home/airflow/.local/lib/python3.7/site-packages/airflow/example_dags/example_subdag_operator.py took 0.672 seconds
[2022-08-23 12:02:33,872] {processor.py:153} INFO - Started process (PID=398) to work on /home/airflow/.local/lib/python3.7/site-packages/airflow/example_dags/example_subdag_operator.py
[2022-08-23 12:02:33,873] {processor.py:641} INFO - Processing file /home/airflow/.local/lib/python3.7/site-packages/airflow/example_dags/example_subdag_operator.py for tasks to queue
[2022-08-23 12:02:33,874] {logging_mixin.py:115} INFO - [2022-08-23 12:02:33,874] {dagbag.py:508} INFO - Filling up the DagBag from /home/airflow/.local/lib/python3.7/site-packages/airflow/example_dags/example_subdag_operator.py
[2022-08-23 12:02:33,907] {processor.py:651} INFO - DAG(s) dict_keys(['example_subdag_operator.section-1', 'example_subdag_operator.section-2', 'example_subdag_operator']) retrieved from /home/airflow/.local/lib/python3.7/site-packages/airflow/example_dags/example_subdag_operator.py
[2022-08-23 12:02:34,108] {logging_mixin.py:115} INFO - [2022-08-23 12:02:34,107] {dag.py:2420} INFO - Sync 3 DAGs
[2022-08-23 12:02:34,128] {logging_mixin.py:115} INFO - [2022-08-23 12:02:34,128] {dag.py:2972} INFO - Setting next_dagrun for example_subdag_operator to 2022-01-01T00:00:00+00:00, run_after=2022-01-01T00:00:00+00:00
[2022-08-23 12:02:34,129] {logging_mixin.py:115} INFO - [2022-08-23 12:02:34,129] {dag.py:2972} INFO - Setting next_dagrun for example_subdag_operator.section-1 to None, run_after=None
[2022-08-23 12:02:34,129] {logging_mixin.py:115} INFO - [2022-08-23 12:02:34,129] {dag.py:2972} INFO - Setting next_dagrun for example_subdag_operator.section-2 to None, run_after=None
[2022-08-23 12:02:34,134] {logging_mixin.py:115} INFO - [2022-08-23 12:02:34,134] {dag.py:2420} INFO - Sync 2 DAGs
[2022-08-23 12:02:34,143] {logging_mixin.py:115} INFO - [2022-08-23 12:02:34,142] {dag.py:2972} INFO - Setting next_dagrun for example_subdag_operator.section-1 to None, run_after=None
[2022-08-23 12:02:34,143] {logging_mixin.py:115} INFO - [2022-08-23 12:02:34,143] {dag.py:2972} INFO - Setting next_dagrun for example_subdag_operator.section-2 to None, run_after=None
[2022-08-23 12:02:34,151] {processor.py:161} INFO - Processing /home/airflow/.local/lib/python3.7/site-packages/airflow/example_dags/example_subdag_operator.py took 0.282 seconds
[2022-08-23 12:03:04,332] {processor.py:153} INFO - Started process (PID=450) to work on /home/airflow/.local/lib/python3.7/site-packages/airflow/example_dags/example_subdag_operator.py
[2022-08-23 12:03:04,333] {processor.py:641} INFO - Processing file /home/airflow/.local/lib/python3.7/site-packages/airflow/example_dags/example_subdag_operator.py for tasks to queue
[2022-08-23 12:03:04,334] {logging_mixin.py:115} INFO - [2022-08-23 12:03:04,334] {dagbag.py:508} INFO - Filling up the DagBag from /home/airflow/.local/lib/python3.7/site-packages/airflow/example_dags/example_subdag_operator.py
[2022-08-23 12:03:04,364] {processor.py:651} INFO - DAG(s) dict_keys(['example_subdag_operator.section-1', 'example_subdag_operator.section-2', 'example_subdag_operator']) retrieved from /home/airflow/.local/lib/python3.7/site-packages/airflow/example_dags/example_subdag_operator.py
[2022-08-23 12:03:04,540] {logging_mixin.py:115} INFO - [2022-08-23 12:03:04,540] {dag.py:2420} INFO - Sync 3 DAGs
[2022-08-23 12:03:04,561] {logging_mixin.py:115} INFO - [2022-08-23 12:03:04,561] {dag.py:2972} INFO - Setting next_dagrun for example_subdag_operator to 2022-01-01T00:00:00+00:00, run_after=2022-01-01T00:00:00+00:00
[2022-08-23 12:03:04,561] {logging_mixin.py:115} INFO - [2022-08-23 12:03:04,561] {dag.py:2972} INFO - Setting next_dagrun for example_subdag_operator.section-1 to None, run_after=None
[2022-08-23 12:03:04,562] {logging_mixin.py:115} INFO - [2022-08-23 12:03:04,562] {dag.py:2972} INFO - Setting next_dagrun for example_subdag_operator.section-2 to None, run_after=None
[2022-08-23 12:03:04,570] {logging_mixin.py:115} INFO - [2022-08-23 12:03:04,569] {dag.py:2420} INFO - Sync 2 DAGs
[2022-08-23 12:03:04,576] {logging_mixin.py:115} INFO - [2022-08-23 12:03:04,576] {dag.py:2972} INFO - Setting next_dagrun for example_subdag_operator.section-1 to None, run_after=None
[2022-08-23 12:03:04,577] {logging_mixin.py:115} INFO - [2022-08-23 12:03:04,576] {dag.py:2972} INFO - Setting next_dagrun for example_subdag_operator.section-2 to None, run_after=None
[2022-08-23 12:03:04,584] {processor.py:161} INFO - Processing /home/airflow/.local/lib/python3.7/site-packages/airflow/example_dags/example_subdag_operator.py took 0.256 seconds
[2022-08-23 12:03:34,712] {processor.py:153} INFO - Started process (PID=511) to work on /home/airflow/.local/lib/python3.7/site-packages/airflow/example_dags/example_subdag_operator.py
[2022-08-23 12:03:34,713] {processor.py:641} INFO - Processing file /home/airflow/.local/lib/python3.7/site-packages/airflow/example_dags/example_subdag_operator.py for tasks to queue
[2022-08-23 12:03:34,713] {logging_mixin.py:115} INFO - [2022-08-23 12:03:34,713] {dagbag.py:508} INFO - Filling up the DagBag from /home/airflow/.local/lib/python3.7/site-packages/airflow/example_dags/example_subdag_operator.py
[2022-08-23 12:03:34,738] {processor.py:651} INFO - DAG(s) dict_keys(['example_subdag_operator.section-1', 'example_subdag_operator.section-2', 'example_subdag_operator']) retrieved from /home/airflow/.local/lib/python3.7/site-packages/airflow/example_dags/example_subdag_operator.py
[2022-08-23 12:03:34,922] {logging_mixin.py:115} INFO - [2022-08-23 12:03:34,922] {dag.py:2420} INFO - Sync 3 DAGs
[2022-08-23 12:03:34,940] {logging_mixin.py:115} INFO - [2022-08-23 12:03:34,940] {dag.py:2972} INFO - Setting next_dagrun for example_subdag_operator to 2022-01-01T00:00:00+00:00, run_after=2022-01-01T00:00:00+00:00
[2022-08-23 12:03:34,941] {logging_mixin.py:115} INFO - [2022-08-23 12:03:34,940] {dag.py:2972} INFO - Setting next_dagrun for example_subdag_operator.section-1 to None, run_after=None
[2022-08-23 12:03:34,941] {logging_mixin.py:115} INFO - [2022-08-23 12:03:34,941] {dag.py:2972} INFO - Setting next_dagrun for example_subdag_operator.section-2 to None, run_after=None
[2022-08-23 12:03:34,947] {logging_mixin.py:115} INFO - [2022-08-23 12:03:34,947] {dag.py:2420} INFO - Sync 2 DAGs
[2022-08-23 12:03:34,954] {logging_mixin.py:115} INFO - [2022-08-23 12:03:34,954] {dag.py:2972} INFO - Setting next_dagrun for example_subdag_operator.section-1 to None, run_after=None
[2022-08-23 12:03:34,954] {logging_mixin.py:115} INFO - [2022-08-23 12:03:34,954] {dag.py:2972} INFO - Setting next_dagrun for example_subdag_operator.section-2 to None, run_after=None
[2022-08-23 12:03:34,964] {processor.py:161} INFO - Processing /home/airflow/.local/lib/python3.7/site-packages/airflow/example_dags/example_subdag_operator.py took 0.254 seconds
[2022-08-23 12:04:05,319] {processor.py:153} INFO - Started process (PID=572) to work on /home/airflow/.local/lib/python3.7/site-packages/airflow/example_dags/example_subdag_operator.py
[2022-08-23 12:04:05,319] {processor.py:641} INFO - Processing file /home/airflow/.local/lib/python3.7/site-packages/airflow/example_dags/example_subdag_operator.py for tasks to queue
[2022-08-23 12:04:05,320] {logging_mixin.py:115} INFO - [2022-08-23 12:04:05,320] {dagbag.py:508} INFO - Filling up the DagBag from /home/airflow/.local/lib/python3.7/site-packages/airflow/example_dags/example_subdag_operator.py
[2022-08-23 12:04:05,346] {processor.py:651} INFO - DAG(s) dict_keys(['example_subdag_operator.section-1', 'example_subdag_operator.section-2', 'example_subdag_operator']) retrieved from /home/airflow/.local/lib/python3.7/site-packages/airflow/example_dags/example_subdag_operator.py
[2022-08-23 12:04:05,532] {logging_mixin.py:115} INFO - [2022-08-23 12:04:05,532] {dag.py:2420} INFO - Sync 3 DAGs
[2022-08-23 12:04:05,552] {logging_mixin.py:115} INFO - [2022-08-23 12:04:05,552] {dag.py:2972} INFO - Setting next_dagrun for example_subdag_operator to 2022-01-01T00:00:00+00:00, run_after=2022-01-01T00:00:00+00:00
[2022-08-23 12:04:05,553] {logging_mixin.py:115} INFO - [2022-08-23 12:04:05,553] {dag.py:2972} INFO - Setting next_dagrun for example_subdag_operator.section-1 to None, run_after=None
[2022-08-23 12:04:05,553] {logging_mixin.py:115} INFO - [2022-08-23 12:04:05,553] {dag.py:2972} INFO - Setting next_dagrun for example_subdag_operator.section-2 to None, run_after=None
[2022-08-23 12:04:05,558] {logging_mixin.py:115} INFO - [2022-08-23 12:04:05,558] {dag.py:2420} INFO - Sync 2 DAGs
[2022-08-23 12:04:05,566] {logging_mixin.py:115} INFO - [2022-08-23 12:04:05,566] {dag.py:2972} INFO - Setting next_dagrun for example_subdag_operator.section-1 to None, run_after=None
[2022-08-23 12:04:05,566] {logging_mixin.py:115} INFO - [2022-08-23 12:04:05,566] {dag.py:2972} INFO - Setting next_dagrun for example_subdag_operator.section-2 to None, run_after=None
[2022-08-23 12:04:05,583] {processor.py:161} INFO - Processing /home/airflow/.local/lib/python3.7/site-packages/airflow/example_dags/example_subdag_operator.py took 0.267 seconds
[2022-08-23 12:04:35,754] {processor.py:153} INFO - Started process (PID=624) to work on /home/airflow/.local/lib/python3.7/site-packages/airflow/example_dags/example_subdag_operator.py
[2022-08-23 12:04:35,755] {processor.py:641} INFO - Processing file /home/airflow/.local/lib/python3.7/site-packages/airflow/example_dags/example_subdag_operator.py for tasks to queue
[2022-08-23 12:04:35,755] {logging_mixin.py:115} INFO - [2022-08-23 12:04:35,755] {dagbag.py:508} INFO - Filling up the DagBag from /home/airflow/.local/lib/python3.7/site-packages/airflow/example_dags/example_subdag_operator.py
[2022-08-23 12:04:35,787] {processor.py:651} INFO - DAG(s) dict_keys(['example_subdag_operator.section-1', 'example_subdag_operator.section-2', 'example_subdag_operator']) retrieved from /home/airflow/.local/lib/python3.7/site-packages/airflow/example_dags/example_subdag_operator.py
[2022-08-23 12:04:36,054] {logging_mixin.py:115} INFO - [2022-08-23 12:04:36,054] {dag.py:2420} INFO - Sync 3 DAGs
[2022-08-23 12:04:36,075] {logging_mixin.py:115} INFO - [2022-08-23 12:04:36,075] {dag.py:2972} INFO - Setting next_dagrun for example_subdag_operator to 2022-01-01T00:00:00+00:00, run_after=2022-01-01T00:00:00+00:00
[2022-08-23 12:04:36,075] {logging_mixin.py:115} INFO - [2022-08-23 12:04:36,075] {dag.py:2972} INFO - Setting next_dagrun for example_subdag_operator.section-1 to None, run_after=None
[2022-08-23 12:04:36,075] {logging_mixin.py:115} INFO - [2022-08-23 12:04:36,075] {dag.py:2972} INFO - Setting next_dagrun for example_subdag_operator.section-2 to None, run_after=None
[2022-08-23 12:04:36,086] {logging_mixin.py:115} INFO - [2022-08-23 12:04:36,086] {dag.py:2420} INFO - Sync 2 DAGs
[2022-08-23 12:04:36,095] {logging_mixin.py:115} INFO - [2022-08-23 12:04:36,095] {dag.py:2972} INFO - Setting next_dagrun for example_subdag_operator.section-1 to None, run_after=None
[2022-08-23 12:04:36,096] {logging_mixin.py:115} INFO - [2022-08-23 12:04:36,096] {dag.py:2972} INFO - Setting next_dagrun for example_subdag_operator.section-2 to None, run_after=None
[2022-08-23 12:04:36,109] {processor.py:161} INFO - Processing /home/airflow/.local/lib/python3.7/site-packages/airflow/example_dags/example_subdag_operator.py took 0.357 seconds
[2022-08-23 12:05:06,785] {processor.py:153} INFO - Started process (PID=685) to work on /home/airflow/.local/lib/python3.7/site-packages/airflow/example_dags/example_subdag_operator.py
[2022-08-23 12:05:06,786] {processor.py:641} INFO - Processing file /home/airflow/.local/lib/python3.7/site-packages/airflow/example_dags/example_subdag_operator.py for tasks to queue
[2022-08-23 12:05:06,786] {logging_mixin.py:115} INFO - [2022-08-23 12:05:06,786] {dagbag.py:508} INFO - Filling up the DagBag from /home/airflow/.local/lib/python3.7/site-packages/airflow/example_dags/example_subdag_operator.py
[2022-08-23 12:05:06,825] {processor.py:651} INFO - DAG(s) dict_keys(['example_subdag_operator.section-1', 'example_subdag_operator.section-2', 'example_subdag_operator']) retrieved from /home/airflow/.local/lib/python3.7/site-packages/airflow/example_dags/example_subdag_operator.py
[2022-08-23 12:05:07,054] {logging_mixin.py:115} INFO - [2022-08-23 12:05:07,054] {dag.py:2420} INFO - Sync 3 DAGs
[2022-08-23 12:05:07,077] {logging_mixin.py:115} INFO - [2022-08-23 12:05:07,077] {dag.py:2972} INFO - Setting next_dagrun for example_subdag_operator to 2022-01-01T00:00:00+00:00, run_after=2022-01-01T00:00:00+00:00
[2022-08-23 12:05:07,077] {logging_mixin.py:115} INFO - [2022-08-23 12:05:07,077] {dag.py:2972} INFO - Setting next_dagrun for example_subdag_operator.section-1 to None, run_after=None
[2022-08-23 12:05:07,077] {logging_mixin.py:115} INFO - [2022-08-23 12:05:07,077] {dag.py:2972} INFO - Setting next_dagrun for example_subdag_operator.section-2 to None, run_after=None
[2022-08-23 12:05:07,083] {logging_mixin.py:115} INFO - [2022-08-23 12:05:07,083] {dag.py:2420} INFO - Sync 2 DAGs
[2022-08-23 12:05:07,093] {logging_mixin.py:115} INFO - [2022-08-23 12:05:07,093] {dag.py:2972} INFO - Setting next_dagrun for example_subdag_operator.section-1 to None, run_after=None
[2022-08-23 12:05:07,093] {logging_mixin.py:115} INFO - [2022-08-23 12:05:07,093] {dag.py:2972} INFO - Setting next_dagrun for example_subdag_operator.section-2 to None, run_after=None
[2022-08-23 12:05:07,103] {processor.py:161} INFO - Processing /home/airflow/.local/lib/python3.7/site-packages/airflow/example_dags/example_subdag_operator.py took 0.323 seconds
[2022-08-23 12:05:37,549] {processor.py:153} INFO - Started process (PID=746) to work on /home/airflow/.local/lib/python3.7/site-packages/airflow/example_dags/example_subdag_operator.py
[2022-08-23 12:05:37,550] {processor.py:641} INFO - Processing file /home/airflow/.local/lib/python3.7/site-packages/airflow/example_dags/example_subdag_operator.py for tasks to queue
[2022-08-23 12:05:37,551] {logging_mixin.py:115} INFO - [2022-08-23 12:05:37,551] {dagbag.py:508} INFO - Filling up the DagBag from /home/airflow/.local/lib/python3.7/site-packages/airflow/example_dags/example_subdag_operator.py
[2022-08-23 12:05:37,603] {processor.py:651} INFO - DAG(s) dict_keys(['example_subdag_operator.section-1', 'example_subdag_operator.section-2', 'example_subdag_operator']) retrieved from /home/airflow/.local/lib/python3.7/site-packages/airflow/example_dags/example_subdag_operator.py
[2022-08-23 12:05:37,924] {logging_mixin.py:115} INFO - [2022-08-23 12:05:37,924] {dag.py:2420} INFO - Sync 3 DAGs
[2022-08-23 12:05:37,947] {logging_mixin.py:115} INFO - [2022-08-23 12:05:37,947] {dag.py:2972} INFO - Setting next_dagrun for example_subdag_operator to 2022-01-01T00:00:00+00:00, run_after=2022-01-01T00:00:00+00:00
[2022-08-23 12:05:37,948] {logging_mixin.py:115} INFO - [2022-08-23 12:05:37,948] {dag.py:2972} INFO - Setting next_dagrun for example_subdag_operator.section-1 to None, run_after=None
[2022-08-23 12:05:37,948] {logging_mixin.py:115} INFO - [2022-08-23 12:05:37,948] {dag.py:2972} INFO - Setting next_dagrun for example_subdag_operator.section-2 to None, run_after=None
[2022-08-23 12:05:37,957] {logging_mixin.py:115} INFO - [2022-08-23 12:05:37,957] {dag.py:2420} INFO - Sync 2 DAGs
[2022-08-23 12:05:37,965] {logging_mixin.py:115} INFO - [2022-08-23 12:05:37,965] {dag.py:2972} INFO - Setting next_dagrun for example_subdag_operator.section-1 to None, run_after=None
[2022-08-23 12:05:37,965] {logging_mixin.py:115} INFO - [2022-08-23 12:05:37,965] {dag.py:2972} INFO - Setting next_dagrun for example_subdag_operator.section-2 to None, run_after=None
[2022-08-23 12:05:37,980] {processor.py:161} INFO - Processing /home/airflow/.local/lib/python3.7/site-packages/airflow/example_dags/example_subdag_operator.py took 0.435 seconds
[2022-08-23 12:06:08,651] {processor.py:153} INFO - Started process (PID=798) to work on /home/airflow/.local/lib/python3.7/site-packages/airflow/example_dags/example_subdag_operator.py
[2022-08-23 12:06:08,652] {processor.py:641} INFO - Processing file /home/airflow/.local/lib/python3.7/site-packages/airflow/example_dags/example_subdag_operator.py for tasks to queue
[2022-08-23 12:06:08,652] {logging_mixin.py:115} INFO - [2022-08-23 12:06:08,652] {dagbag.py:508} INFO - Filling up the DagBag from /home/airflow/.local/lib/python3.7/site-packages/airflow/example_dags/example_subdag_operator.py
[2022-08-23 12:06:08,686] {processor.py:651} INFO - DAG(s) dict_keys(['example_subdag_operator.section-1', 'example_subdag_operator.section-2', 'example_subdag_operator']) retrieved from /home/airflow/.local/lib/python3.7/site-packages/airflow/example_dags/example_subdag_operator.py
[2022-08-23 12:06:08,865] {logging_mixin.py:115} INFO - [2022-08-23 12:06:08,865] {dag.py:2420} INFO - Sync 3 DAGs
[2022-08-23 12:06:08,884] {logging_mixin.py:115} INFO - [2022-08-23 12:06:08,883] {dag.py:2972} INFO - Setting next_dagrun for example_subdag_operator to 2022-01-01T00:00:00+00:00, run_after=2022-01-01T00:00:00+00:00
[2022-08-23 12:06:08,884] {logging_mixin.py:115} INFO - [2022-08-23 12:06:08,884] {dag.py:2972} INFO - Setting next_dagrun for example_subdag_operator.section-1 to None, run_after=None
[2022-08-23 12:06:08,884] {logging_mixin.py:115} INFO - [2022-08-23 12:06:08,884] {dag.py:2972} INFO - Setting next_dagrun for example_subdag_operator.section-2 to None, run_after=None
[2022-08-23 12:06:08,890] {logging_mixin.py:115} INFO - [2022-08-23 12:06:08,890] {dag.py:2420} INFO - Sync 2 DAGs
[2022-08-23 12:06:08,897] {logging_mixin.py:115} INFO - [2022-08-23 12:06:08,896] {dag.py:2972} INFO - Setting next_dagrun for example_subdag_operator.section-1 to None, run_after=None
[2022-08-23 12:06:08,897] {logging_mixin.py:115} INFO - [2022-08-23 12:06:08,897] {dag.py:2972} INFO - Setting next_dagrun for example_subdag_operator.section-2 to None, run_after=None
[2022-08-23 12:06:08,904] {processor.py:161} INFO - Processing /home/airflow/.local/lib/python3.7/site-packages/airflow/example_dags/example_subdag_operator.py took 0.257 seconds
[2022-08-23 12:06:39,458] {processor.py:153} INFO - Started process (PID=859) to work on /home/airflow/.local/lib/python3.7/site-packages/airflow/example_dags/example_subdag_operator.py
[2022-08-23 12:06:39,459] {processor.py:641} INFO - Processing file /home/airflow/.local/lib/python3.7/site-packages/airflow/example_dags/example_subdag_operator.py for tasks to queue
[2022-08-23 12:06:39,460] {logging_mixin.py:115} INFO - [2022-08-23 12:06:39,460] {dagbag.py:508} INFO - Filling up the DagBag from /home/airflow/.local/lib/python3.7/site-packages/airflow/example_dags/example_subdag_operator.py
[2022-08-23 12:06:39,508] {processor.py:651} INFO - DAG(s) dict_keys(['example_subdag_operator.section-1', 'example_subdag_operator.section-2', 'example_subdag_operator']) retrieved from /home/airflow/.local/lib/python3.7/site-packages/airflow/example_dags/example_subdag_operator.py
[2022-08-23 12:06:39,731] {logging_mixin.py:115} INFO - [2022-08-23 12:06:39,731] {dag.py:2420} INFO - Sync 3 DAGs
[2022-08-23 12:06:39,748] {logging_mixin.py:115} INFO - [2022-08-23 12:06:39,748] {dag.py:2972} INFO - Setting next_dagrun for example_subdag_operator to 2022-01-01T00:00:00+00:00, run_after=2022-01-01T00:00:00+00:00
[2022-08-23 12:06:39,748] {logging_mixin.py:115} INFO - [2022-08-23 12:06:39,748] {dag.py:2972} INFO - Setting next_dagrun for example_subdag_operator.section-1 to None, run_after=None
[2022-08-23 12:06:39,749] {logging_mixin.py:115} INFO - [2022-08-23 12:06:39,749] {dag.py:2972} INFO - Setting next_dagrun for example_subdag_operator.section-2 to None, run_after=None
[2022-08-23 12:06:39,754] {logging_mixin.py:115} INFO - [2022-08-23 12:06:39,754] {dag.py:2420} INFO - Sync 2 DAGs
[2022-08-23 12:06:39,760] {logging_mixin.py:115} INFO - [2022-08-23 12:06:39,760] {dag.py:2972} INFO - Setting next_dagrun for example_subdag_operator.section-1 to None, run_after=None
[2022-08-23 12:06:39,760] {logging_mixin.py:115} INFO - [2022-08-23 12:06:39,760] {dag.py:2972} INFO - Setting next_dagrun for example_subdag_operator.section-2 to None, run_after=None
[2022-08-23 12:06:39,771] {processor.py:161} INFO - Processing /home/airflow/.local/lib/python3.7/site-packages/airflow/example_dags/example_subdag_operator.py took 0.322 seconds
[2022-08-23 12:07:09,807] {processor.py:153} INFO - Started process (PID=911) to work on /home/airflow/.local/lib/python3.7/site-packages/airflow/example_dags/example_subdag_operator.py
[2022-08-23 12:07:09,814] {processor.py:641} INFO - Processing file /home/airflow/.local/lib/python3.7/site-packages/airflow/example_dags/example_subdag_operator.py for tasks to queue
[2022-08-23 12:07:09,815] {logging_mixin.py:115} INFO - [2022-08-23 12:07:09,815] {dagbag.py:508} INFO - Filling up the DagBag from /home/airflow/.local/lib/python3.7/site-packages/airflow/example_dags/example_subdag_operator.py
[2022-08-23 12:07:09,852] {processor.py:651} INFO - DAG(s) dict_keys(['example_subdag_operator.section-1', 'example_subdag_operator.section-2', 'example_subdag_operator']) retrieved from /home/airflow/.local/lib/python3.7/site-packages/airflow/example_dags/example_subdag_operator.py
[2022-08-23 12:07:10,047] {logging_mixin.py:115} INFO - [2022-08-23 12:07:10,047] {dag.py:2420} INFO - Sync 3 DAGs
[2022-08-23 12:07:10,066] {logging_mixin.py:115} INFO - [2022-08-23 12:07:10,065] {dag.py:2972} INFO - Setting next_dagrun for example_subdag_operator to 2022-01-01T00:00:00+00:00, run_after=2022-01-01T00:00:00+00:00
[2022-08-23 12:07:10,066] {logging_mixin.py:115} INFO - [2022-08-23 12:07:10,066] {dag.py:2972} INFO - Setting next_dagrun for example_subdag_operator.section-1 to None, run_after=None
[2022-08-23 12:07:10,066] {logging_mixin.py:115} INFO - [2022-08-23 12:07:10,066] {dag.py:2972} INFO - Setting next_dagrun for example_subdag_operator.section-2 to None, run_after=None
[2022-08-23 12:07:10,072] {logging_mixin.py:115} INFO - [2022-08-23 12:07:10,072] {dag.py:2420} INFO - Sync 2 DAGs
[2022-08-23 12:07:10,079] {logging_mixin.py:115} INFO - [2022-08-23 12:07:10,078] {dag.py:2972} INFO - Setting next_dagrun for example_subdag_operator.section-1 to None, run_after=None
[2022-08-23 12:07:10,079] {logging_mixin.py:115} INFO - [2022-08-23 12:07:10,079] {dag.py:2972} INFO - Setting next_dagrun for example_subdag_operator.section-2 to None, run_after=None
[2022-08-23 12:07:10,088] {processor.py:161} INFO - Processing /home/airflow/.local/lib/python3.7/site-packages/airflow/example_dags/example_subdag_operator.py took 0.284 seconds
[2022-08-23 12:07:40,143] {processor.py:153} INFO - Started process (PID=972) to work on /home/airflow/.local/lib/python3.7/site-packages/airflow/example_dags/example_subdag_operator.py
[2022-08-23 12:07:40,146] {processor.py:641} INFO - Processing file /home/airflow/.local/lib/python3.7/site-packages/airflow/example_dags/example_subdag_operator.py for tasks to queue
[2022-08-23 12:07:40,147] {logging_mixin.py:115} INFO - [2022-08-23 12:07:40,147] {dagbag.py:508} INFO - Filling up the DagBag from /home/airflow/.local/lib/python3.7/site-packages/airflow/example_dags/example_subdag_operator.py
[2022-08-23 12:07:40,179] {processor.py:651} INFO - DAG(s) dict_keys(['example_subdag_operator.section-1', 'example_subdag_operator.section-2', 'example_subdag_operator']) retrieved from /home/airflow/.local/lib/python3.7/site-packages/airflow/example_dags/example_subdag_operator.py
[2022-08-23 12:07:40,362] {logging_mixin.py:115} INFO - [2022-08-23 12:07:40,362] {dag.py:2420} INFO - Sync 3 DAGs
[2022-08-23 12:07:40,381] {logging_mixin.py:115} INFO - [2022-08-23 12:07:40,381] {dag.py:2972} INFO - Setting next_dagrun for example_subdag_operator to 2022-01-01T00:00:00+00:00, run_after=2022-01-01T00:00:00+00:00
[2022-08-23 12:07:40,381] {logging_mixin.py:115} INFO - [2022-08-23 12:07:40,381] {dag.py:2972} INFO - Setting next_dagrun for example_subdag_operator.section-1 to None, run_after=None
[2022-08-23 12:07:40,382] {logging_mixin.py:115} INFO - [2022-08-23 12:07:40,382] {dag.py:2972} INFO - Setting next_dagrun for example_subdag_operator.section-2 to None, run_after=None
[2022-08-23 12:07:40,388] {logging_mixin.py:115} INFO - [2022-08-23 12:07:40,387] {dag.py:2420} INFO - Sync 2 DAGs
[2022-08-23 12:07:40,395] {logging_mixin.py:115} INFO - [2022-08-23 12:07:40,394] {dag.py:2972} INFO - Setting next_dagrun for example_subdag_operator.section-1 to None, run_after=None
[2022-08-23 12:07:40,395] {logging_mixin.py:115} INFO - [2022-08-23 12:07:40,395] {dag.py:2972} INFO - Setting next_dagrun for example_subdag_operator.section-2 to None, run_after=None
[2022-08-23 12:07:40,402] {processor.py:161} INFO - Processing /home/airflow/.local/lib/python3.7/site-packages/airflow/example_dags/example_subdag_operator.py took 0.264 seconds
[2022-08-23 12:08:10,456] {processor.py:153} INFO - Started process (PID=1033) to work on /home/airflow/.local/lib/python3.7/site-packages/airflow/example_dags/example_subdag_operator.py
[2022-08-23 12:08:10,457] {processor.py:641} INFO - Processing file /home/airflow/.local/lib/python3.7/site-packages/airflow/example_dags/example_subdag_operator.py for tasks to queue
[2022-08-23 12:08:10,458] {logging_mixin.py:115} INFO - [2022-08-23 12:08:10,457] {dagbag.py:508} INFO - Filling up the DagBag from /home/airflow/.local/lib/python3.7/site-packages/airflow/example_dags/example_subdag_operator.py
[2022-08-23 12:08:10,485] {processor.py:651} INFO - DAG(s) dict_keys(['example_subdag_operator.section-1', 'example_subdag_operator.section-2', 'example_subdag_operator']) retrieved from /home/airflow/.local/lib/python3.7/site-packages/airflow/example_dags/example_subdag_operator.py
[2022-08-23 12:08:10,677] {logging_mixin.py:115} INFO - [2022-08-23 12:08:10,677] {dag.py:2420} INFO - Sync 3 DAGs
[2022-08-23 12:08:10,696] {logging_mixin.py:115} INFO - [2022-08-23 12:08:10,696] {dag.py:2972} INFO - Setting next_dagrun for example_subdag_operator to 2022-01-01T00:00:00+00:00, run_after=2022-01-01T00:00:00+00:00
[2022-08-23 12:08:10,696] {logging_mixin.py:115} INFO - [2022-08-23 12:08:10,696] {dag.py:2972} INFO - Setting next_dagrun for example_subdag_operator.section-1 to None, run_after=None
[2022-08-23 12:08:10,697] {logging_mixin.py:115} INFO - [2022-08-23 12:08:10,696] {dag.py:2972} INFO - Setting next_dagrun for example_subdag_operator.section-2 to None, run_after=None
[2022-08-23 12:08:10,705] {logging_mixin.py:115} INFO - [2022-08-23 12:08:10,704] {dag.py:2420} INFO - Sync 2 DAGs
[2022-08-23 12:08:10,713] {logging_mixin.py:115} INFO - [2022-08-23 12:08:10,712] {dag.py:2972} INFO - Setting next_dagrun for example_subdag_operator.section-1 to None, run_after=None
[2022-08-23 12:08:10,713] {logging_mixin.py:115} INFO - [2022-08-23 12:08:10,713] {dag.py:2972} INFO - Setting next_dagrun for example_subdag_operator.section-2 to None, run_after=None
[2022-08-23 12:08:10,719] {processor.py:161} INFO - Processing /home/airflow/.local/lib/python3.7/site-packages/airflow/example_dags/example_subdag_operator.py took 0.265 seconds
[2022-08-23 12:08:40,986] {processor.py:153} INFO - Started process (PID=1085) to work on /home/airflow/.local/lib/python3.7/site-packages/airflow/example_dags/example_subdag_operator.py
[2022-08-23 12:08:40,986] {processor.py:641} INFO - Processing file /home/airflow/.local/lib/python3.7/site-packages/airflow/example_dags/example_subdag_operator.py for tasks to queue
[2022-08-23 12:08:40,987] {logging_mixin.py:115} INFO - [2022-08-23 12:08:40,987] {dagbag.py:508} INFO - Filling up the DagBag from /home/airflow/.local/lib/python3.7/site-packages/airflow/example_dags/example_subdag_operator.py
[2022-08-23 12:08:41,025] {processor.py:651} INFO - DAG(s) dict_keys(['example_subdag_operator.section-1', 'example_subdag_operator.section-2', 'example_subdag_operator']) retrieved from /home/airflow/.local/lib/python3.7/site-packages/airflow/example_dags/example_subdag_operator.py
[2022-08-23 12:08:41,200] {logging_mixin.py:115} INFO - [2022-08-23 12:08:41,200] {dag.py:2420} INFO - Sync 3 DAGs
[2022-08-23 12:08:41,218] {logging_mixin.py:115} INFO - [2022-08-23 12:08:41,218] {dag.py:2972} INFO - Setting next_dagrun for example_subdag_operator to 2022-01-01T00:00:00+00:00, run_after=2022-01-01T00:00:00+00:00
[2022-08-23 12:08:41,218] {logging_mixin.py:115} INFO - [2022-08-23 12:08:41,218] {dag.py:2972} INFO - Setting next_dagrun for example_subdag_operator.section-1 to None, run_after=None
[2022-08-23 12:08:41,218] {logging_mixin.py:115} INFO - [2022-08-23 12:08:41,218] {dag.py:2972} INFO - Setting next_dagrun for example_subdag_operator.section-2 to None, run_after=None
[2022-08-23 12:08:41,224] {logging_mixin.py:115} INFO - [2022-08-23 12:08:41,224] {dag.py:2420} INFO - Sync 2 DAGs
[2022-08-23 12:08:41,230] {logging_mixin.py:115} INFO - [2022-08-23 12:08:41,230] {dag.py:2972} INFO - Setting next_dagrun for example_subdag_operator.section-1 to None, run_after=None
[2022-08-23 12:08:41,231] {logging_mixin.py:115} INFO - [2022-08-23 12:08:41,231] {dag.py:2972} INFO - Setting next_dagrun for example_subdag_operator.section-2 to None, run_after=None
[2022-08-23 12:08:41,237] {processor.py:161} INFO - Processing /home/airflow/.local/lib/python3.7/site-packages/airflow/example_dags/example_subdag_operator.py took 0.255 seconds
[2022-08-23 12:09:11,419] {processor.py:153} INFO - Started process (PID=1146) to work on /home/airflow/.local/lib/python3.7/site-packages/airflow/example_dags/example_subdag_operator.py
[2022-08-23 12:09:11,423] {processor.py:641} INFO - Processing file /home/airflow/.local/lib/python3.7/site-packages/airflow/example_dags/example_subdag_operator.py for tasks to queue
[2022-08-23 12:09:11,424] {logging_mixin.py:115} INFO - [2022-08-23 12:09:11,424] {dagbag.py:508} INFO - Filling up the DagBag from /home/airflow/.local/lib/python3.7/site-packages/airflow/example_dags/example_subdag_operator.py
[2022-08-23 12:09:11,464] {processor.py:651} INFO - DAG(s) dict_keys(['example_subdag_operator.section-1', 'example_subdag_operator.section-2', 'example_subdag_operator']) retrieved from /home/airflow/.local/lib/python3.7/site-packages/airflow/example_dags/example_subdag_operator.py
[2022-08-23 12:09:11,650] {logging_mixin.py:115} INFO - [2022-08-23 12:09:11,650] {dag.py:2420} INFO - Sync 3 DAGs
[2022-08-23 12:09:11,669] {logging_mixin.py:115} INFO - [2022-08-23 12:09:11,669] {dag.py:2972} INFO - Setting next_dagrun for example_subdag_operator to 2022-01-01T00:00:00+00:00, run_after=2022-01-01T00:00:00+00:00
[2022-08-23 12:09:11,669] {logging_mixin.py:115} INFO - [2022-08-23 12:09:11,669] {dag.py:2972} INFO - Setting next_dagrun for example_subdag_operator.section-1 to None, run_after=None
[2022-08-23 12:09:11,669] {logging_mixin.py:115} INFO - [2022-08-23 12:09:11,669] {dag.py:2972} INFO - Setting next_dagrun for example_subdag_operator.section-2 to None, run_after=None
[2022-08-23 12:09:11,675] {logging_mixin.py:115} INFO - [2022-08-23 12:09:11,675] {dag.py:2420} INFO - Sync 2 DAGs
[2022-08-23 12:09:11,682] {logging_mixin.py:115} INFO - [2022-08-23 12:09:11,682] {dag.py:2972} INFO - Setting next_dagrun for example_subdag_operator.section-1 to None, run_after=None
[2022-08-23 12:09:11,682] {logging_mixin.py:115} INFO - [2022-08-23 12:09:11,682] {dag.py:2972} INFO - Setting next_dagrun for example_subdag_operator.section-2 to None, run_after=None
[2022-08-23 12:09:11,691] {processor.py:161} INFO - Processing /home/airflow/.local/lib/python3.7/site-packages/airflow/example_dags/example_subdag_operator.py took 0.278 seconds
[2022-08-23 12:09:41,840] {processor.py:153} INFO - Started process (PID=1207) to work on /home/airflow/.local/lib/python3.7/site-packages/airflow/example_dags/example_subdag_operator.py
[2022-08-23 12:09:41,843] {processor.py:641} INFO - Processing file /home/airflow/.local/lib/python3.7/site-packages/airflow/example_dags/example_subdag_operator.py for tasks to queue
[2022-08-23 12:09:41,843] {logging_mixin.py:115} INFO - [2022-08-23 12:09:41,843] {dagbag.py:508} INFO - Filling up the DagBag from /home/airflow/.local/lib/python3.7/site-packages/airflow/example_dags/example_subdag_operator.py
[2022-08-23 12:09:41,881] {processor.py:651} INFO - DAG(s) dict_keys(['example_subdag_operator.section-1', 'example_subdag_operator.section-2', 'example_subdag_operator']) retrieved from /home/airflow/.local/lib/python3.7/site-packages/airflow/example_dags/example_subdag_operator.py
[2022-08-23 12:09:42,128] {logging_mixin.py:115} INFO - [2022-08-23 12:09:42,128] {dag.py:2420} INFO - Sync 3 DAGs
[2022-08-23 12:09:42,156] {logging_mixin.py:115} INFO - [2022-08-23 12:09:42,156] {dag.py:2972} INFO - Setting next_dagrun for example_subdag_operator to 2022-01-01T00:00:00+00:00, run_after=2022-01-01T00:00:00+00:00
[2022-08-23 12:09:42,157] {logging_mixin.py:115} INFO - [2022-08-23 12:09:42,157] {dag.py:2972} INFO - Setting next_dagrun for example_subdag_operator.section-1 to None, run_after=None
[2022-08-23 12:09:42,157] {logging_mixin.py:115} INFO - [2022-08-23 12:09:42,157] {dag.py:2972} INFO - Setting next_dagrun for example_subdag_operator.section-2 to None, run_after=None
[2022-08-23 12:09:42,165] {logging_mixin.py:115} INFO - [2022-08-23 12:09:42,165] {dag.py:2420} INFO - Sync 2 DAGs
[2022-08-23 12:09:42,175] {logging_mixin.py:115} INFO - [2022-08-23 12:09:42,175] {dag.py:2972} INFO - Setting next_dagrun for example_subdag_operator.section-1 to None, run_after=None
[2022-08-23 12:09:42,175] {logging_mixin.py:115} INFO - [2022-08-23 12:09:42,175] {dag.py:2972} INFO - Setting next_dagrun for example_subdag_operator.section-2 to None, run_after=None
[2022-08-23 12:09:42,187] {processor.py:161} INFO - Processing /home/airflow/.local/lib/python3.7/site-packages/airflow/example_dags/example_subdag_operator.py took 0.352 seconds
[2022-08-23 12:10:12,402] {processor.py:153} INFO - Started process (PID=1259) to work on /home/airflow/.local/lib/python3.7/site-packages/airflow/example_dags/example_subdag_operator.py
[2022-08-23 12:10:12,409] {processor.py:641} INFO - Processing file /home/airflow/.local/lib/python3.7/site-packages/airflow/example_dags/example_subdag_operator.py for tasks to queue
[2022-08-23 12:10:12,411] {logging_mixin.py:115} INFO - [2022-08-23 12:10:12,410] {dagbag.py:508} INFO - Filling up the DagBag from /home/airflow/.local/lib/python3.7/site-packages/airflow/example_dags/example_subdag_operator.py
[2022-08-23 12:10:12,450] {processor.py:651} INFO - DAG(s) dict_keys(['example_subdag_operator.section-1', 'example_subdag_operator.section-2', 'example_subdag_operator']) retrieved from /home/airflow/.local/lib/python3.7/site-packages/airflow/example_dags/example_subdag_operator.py
[2022-08-23 12:10:12,622] {logging_mixin.py:115} INFO - [2022-08-23 12:10:12,622] {dag.py:2420} INFO - Sync 3 DAGs
[2022-08-23 12:10:12,647] {logging_mixin.py:115} INFO - [2022-08-23 12:10:12,646] {dag.py:2972} INFO - Setting next_dagrun for example_subdag_operator to 2022-01-01T00:00:00+00:00, run_after=2022-01-01T00:00:00+00:00
[2022-08-23 12:10:12,647] {logging_mixin.py:115} INFO - [2022-08-23 12:10:12,647] {dag.py:2972} INFO - Setting next_dagrun for example_subdag_operator.section-1 to None, run_after=None
[2022-08-23 12:10:12,647] {logging_mixin.py:115} INFO - [2022-08-23 12:10:12,647] {dag.py:2972} INFO - Setting next_dagrun for example_subdag_operator.section-2 to None, run_after=None
[2022-08-23 12:10:12,657] {logging_mixin.py:115} INFO - [2022-08-23 12:10:12,656] {dag.py:2420} INFO - Sync 2 DAGs
[2022-08-23 12:10:12,669] {logging_mixin.py:115} INFO - [2022-08-23 12:10:12,669] {dag.py:2972} INFO - Setting next_dagrun for example_subdag_operator.section-1 to None, run_after=None
[2022-08-23 12:10:12,669] {logging_mixin.py:115} INFO - [2022-08-23 12:10:12,669] {dag.py:2972} INFO - Setting next_dagrun for example_subdag_operator.section-2 to None, run_after=None
[2022-08-23 12:10:12,680] {processor.py:161} INFO - Processing /home/airflow/.local/lib/python3.7/site-packages/airflow/example_dags/example_subdag_operator.py took 0.281 seconds
[2022-08-23 12:10:42,771] {processor.py:153} INFO - Started process (PID=1320) to work on /home/airflow/.local/lib/python3.7/site-packages/airflow/example_dags/example_subdag_operator.py
[2022-08-23 12:10:42,775] {processor.py:641} INFO - Processing file /home/airflow/.local/lib/python3.7/site-packages/airflow/example_dags/example_subdag_operator.py for tasks to queue
[2022-08-23 12:10:42,776] {logging_mixin.py:115} INFO - [2022-08-23 12:10:42,776] {dagbag.py:508} INFO - Filling up the DagBag from /home/airflow/.local/lib/python3.7/site-packages/airflow/example_dags/example_subdag_operator.py
[2022-08-23 12:10:42,812] {processor.py:651} INFO - DAG(s) dict_keys(['example_subdag_operator.section-1', 'example_subdag_operator.section-2', 'example_subdag_operator']) retrieved from /home/airflow/.local/lib/python3.7/site-packages/airflow/example_dags/example_subdag_operator.py
[2022-08-23 12:10:42,990] {logging_mixin.py:115} INFO - [2022-08-23 12:10:42,990] {dag.py:2420} INFO - Sync 3 DAGs
[2022-08-23 12:10:43,010] {logging_mixin.py:115} INFO - [2022-08-23 12:10:43,009] {dag.py:2972} INFO - Setting next_dagrun for example_subdag_operator to 2022-01-01T00:00:00+00:00, run_after=2022-01-01T00:00:00+00:00
[2022-08-23 12:10:43,010] {logging_mixin.py:115} INFO - [2022-08-23 12:10:43,010] {dag.py:2972} INFO - Setting next_dagrun for example_subdag_operator.section-1 to None, run_after=None
[2022-08-23 12:10:43,010] {logging_mixin.py:115} INFO - [2022-08-23 12:10:43,010] {dag.py:2972} INFO - Setting next_dagrun for example_subdag_operator.section-2 to None, run_after=None
[2022-08-23 12:10:43,016] {logging_mixin.py:115} INFO - [2022-08-23 12:10:43,016] {dag.py:2420} INFO - Sync 2 DAGs
[2022-08-23 12:10:43,023] {logging_mixin.py:115} INFO - [2022-08-23 12:10:43,023] {dag.py:2972} INFO - Setting next_dagrun for example_subdag_operator.section-1 to None, run_after=None
[2022-08-23 12:10:43,023] {logging_mixin.py:115} INFO - [2022-08-23 12:10:43,023] {dag.py:2972} INFO - Setting next_dagrun for example_subdag_operator.section-2 to None, run_after=None
[2022-08-23 12:10:43,030] {processor.py:161} INFO - Processing /home/airflow/.local/lib/python3.7/site-packages/airflow/example_dags/example_subdag_operator.py took 0.265 seconds
[2022-08-23 12:11:13,719] {processor.py:153} INFO - Started process (PID=1379) to work on /home/airflow/.local/lib/python3.7/site-packages/airflow/example_dags/example_subdag_operator.py
[2022-08-23 12:11:13,720] {processor.py:641} INFO - Processing file /home/airflow/.local/lib/python3.7/site-packages/airflow/example_dags/example_subdag_operator.py for tasks to queue
[2022-08-23 12:11:13,721] {logging_mixin.py:115} INFO - [2022-08-23 12:11:13,721] {dagbag.py:508} INFO - Filling up the DagBag from /home/airflow/.local/lib/python3.7/site-packages/airflow/example_dags/example_subdag_operator.py
[2022-08-23 12:11:13,755] {processor.py:651} INFO - DAG(s) dict_keys(['example_subdag_operator.section-1', 'example_subdag_operator.section-2', 'example_subdag_operator']) retrieved from /home/airflow/.local/lib/python3.7/site-packages/airflow/example_dags/example_subdag_operator.py
[2022-08-23 12:11:13,989] {logging_mixin.py:115} INFO - [2022-08-23 12:11:13,988] {dag.py:2420} INFO - Sync 3 DAGs
[2022-08-23 12:11:14,011] {logging_mixin.py:115} INFO - [2022-08-23 12:11:14,010] {dag.py:2972} INFO - Setting next_dagrun for example_subdag_operator to 2022-01-01T00:00:00+00:00, run_after=2022-01-01T00:00:00+00:00
[2022-08-23 12:11:14,011] {logging_mixin.py:115} INFO - [2022-08-23 12:11:14,011] {dag.py:2972} INFO - Setting next_dagrun for example_subdag_operator.section-1 to None, run_after=None
[2022-08-23 12:11:14,011] {logging_mixin.py:115} INFO - [2022-08-23 12:11:14,011] {dag.py:2972} INFO - Setting next_dagrun for example_subdag_operator.section-2 to None, run_after=None
[2022-08-23 12:11:14,016] {logging_mixin.py:115} INFO - [2022-08-23 12:11:14,016] {dag.py:2420} INFO - Sync 2 DAGs
[2022-08-23 12:11:14,027] {logging_mixin.py:115} INFO - [2022-08-23 12:11:14,027] {dag.py:2972} INFO - Setting next_dagrun for example_subdag_operator.section-1 to None, run_after=None
[2022-08-23 12:11:14,027] {logging_mixin.py:115} INFO - [2022-08-23 12:11:14,027] {dag.py:2972} INFO - Setting next_dagrun for example_subdag_operator.section-2 to None, run_after=None
[2022-08-23 12:11:14,034] {processor.py:161} INFO - Processing /home/airflow/.local/lib/python3.7/site-packages/airflow/example_dags/example_subdag_operator.py took 0.318 seconds
[2022-08-23 12:11:44,265] {processor.py:153} INFO - Started process (PID=1433) to work on /home/airflow/.local/lib/python3.7/site-packages/airflow/example_dags/example_subdag_operator.py
[2022-08-23 12:11:44,265] {processor.py:641} INFO - Processing file /home/airflow/.local/lib/python3.7/site-packages/airflow/example_dags/example_subdag_operator.py for tasks to queue
[2022-08-23 12:11:44,265] {logging_mixin.py:115} INFO - [2022-08-23 12:11:44,265] {dagbag.py:508} INFO - Filling up the DagBag from /home/airflow/.local/lib/python3.7/site-packages/airflow/example_dags/example_subdag_operator.py
[2022-08-23 12:11:44,300] {processor.py:651} INFO - DAG(s) dict_keys(['example_subdag_operator.section-1', 'example_subdag_operator.section-2', 'example_subdag_operator']) retrieved from /home/airflow/.local/lib/python3.7/site-packages/airflow/example_dags/example_subdag_operator.py
[2022-08-23 12:11:44,490] {logging_mixin.py:115} INFO - [2022-08-23 12:11:44,490] {dag.py:2420} INFO - Sync 3 DAGs
[2022-08-23 12:11:44,510] {logging_mixin.py:115} INFO - [2022-08-23 12:11:44,510] {dag.py:2972} INFO - Setting next_dagrun for example_subdag_operator to 2022-01-01T00:00:00+00:00, run_after=2022-01-01T00:00:00+00:00
[2022-08-23 12:11:44,510] {logging_mixin.py:115} INFO - [2022-08-23 12:11:44,510] {dag.py:2972} INFO - Setting next_dagrun for example_subdag_operator.section-1 to None, run_after=None
[2022-08-23 12:11:44,510] {logging_mixin.py:115} INFO - [2022-08-23 12:11:44,510] {dag.py:2972} INFO - Setting next_dagrun for example_subdag_operator.section-2 to None, run_after=None
[2022-08-23 12:11:44,520] {logging_mixin.py:115} INFO - [2022-08-23 12:11:44,520] {dag.py:2420} INFO - Sync 2 DAGs
[2022-08-23 12:11:44,534] {logging_mixin.py:115} INFO - [2022-08-23 12:11:44,534] {dag.py:2972} INFO - Setting next_dagrun for example_subdag_operator.section-1 to None, run_after=None
[2022-08-23 12:11:44,535] {logging_mixin.py:115} INFO - [2022-08-23 12:11:44,534] {dag.py:2972} INFO - Setting next_dagrun for example_subdag_operator.section-2 to None, run_after=None
[2022-08-23 12:11:44,544] {processor.py:161} INFO - Processing /home/airflow/.local/lib/python3.7/site-packages/airflow/example_dags/example_subdag_operator.py took 0.282 seconds
[2022-08-23 12:12:14,636] {processor.py:153} INFO - Started process (PID=1494) to work on /home/airflow/.local/lib/python3.7/site-packages/airflow/example_dags/example_subdag_operator.py
[2022-08-23 12:12:14,637] {processor.py:641} INFO - Processing file /home/airflow/.local/lib/python3.7/site-packages/airflow/example_dags/example_subdag_operator.py for tasks to queue
[2022-08-23 12:12:14,638] {logging_mixin.py:115} INFO - [2022-08-23 12:12:14,638] {dagbag.py:508} INFO - Filling up the DagBag from /home/airflow/.local/lib/python3.7/site-packages/airflow/example_dags/example_subdag_operator.py
[2022-08-23 12:12:14,666] {processor.py:651} INFO - DAG(s) dict_keys(['example_subdag_operator.section-1', 'example_subdag_operator.section-2', 'example_subdag_operator']) retrieved from /home/airflow/.local/lib/python3.7/site-packages/airflow/example_dags/example_subdag_operator.py
[2022-08-23 12:12:14,838] {logging_mixin.py:115} INFO - [2022-08-23 12:12:14,838] {dag.py:2420} INFO - Sync 3 DAGs
[2022-08-23 12:12:14,858] {logging_mixin.py:115} INFO - [2022-08-23 12:12:14,858] {dag.py:2972} INFO - Setting next_dagrun for example_subdag_operator to 2022-01-01T00:00:00+00:00, run_after=2022-01-01T00:00:00+00:00
[2022-08-23 12:12:14,859] {logging_mixin.py:115} INFO - [2022-08-23 12:12:14,859] {dag.py:2972} INFO - Setting next_dagrun for example_subdag_operator.section-1 to None, run_after=None
[2022-08-23 12:12:14,859] {logging_mixin.py:115} INFO - [2022-08-23 12:12:14,859] {dag.py:2972} INFO - Setting next_dagrun for example_subdag_operator.section-2 to None, run_after=None
[2022-08-23 12:12:14,864] {logging_mixin.py:115} INFO - [2022-08-23 12:12:14,864] {dag.py:2420} INFO - Sync 2 DAGs
[2022-08-23 12:12:14,870] {logging_mixin.py:115} INFO - [2022-08-23 12:12:14,870] {dag.py:2972} INFO - Setting next_dagrun for example_subdag_operator.section-1 to None, run_after=None
[2022-08-23 12:12:14,870] {logging_mixin.py:115} INFO - [2022-08-23 12:12:14,870] {dag.py:2972} INFO - Setting next_dagrun for example_subdag_operator.section-2 to None, run_after=None
[2022-08-23 12:12:14,880] {processor.py:161} INFO - Processing /home/airflow/.local/lib/python3.7/site-packages/airflow/example_dags/example_subdag_operator.py took 0.251 seconds
[2022-08-23 12:12:45,095] {processor.py:153} INFO - Started process (PID=1546) to work on /home/airflow/.local/lib/python3.7/site-packages/airflow/example_dags/example_subdag_operator.py
[2022-08-23 12:12:45,096] {processor.py:641} INFO - Processing file /home/airflow/.local/lib/python3.7/site-packages/airflow/example_dags/example_subdag_operator.py for tasks to queue
[2022-08-23 12:12:45,096] {logging_mixin.py:115} INFO - [2022-08-23 12:12:45,096] {dagbag.py:508} INFO - Filling up the DagBag from /home/airflow/.local/lib/python3.7/site-packages/airflow/example_dags/example_subdag_operator.py
[2022-08-23 12:12:45,122] {processor.py:651} INFO - DAG(s) dict_keys(['example_subdag_operator.section-1', 'example_subdag_operator.section-2', 'example_subdag_operator']) retrieved from /home/airflow/.local/lib/python3.7/site-packages/airflow/example_dags/example_subdag_operator.py
[2022-08-23 12:12:45,314] {logging_mixin.py:115} INFO - [2022-08-23 12:12:45,314] {dag.py:2420} INFO - Sync 3 DAGs
[2022-08-23 12:12:45,337] {logging_mixin.py:115} INFO - [2022-08-23 12:12:45,336] {dag.py:2972} INFO - Setting next_dagrun for example_subdag_operator to 2022-01-01T00:00:00+00:00, run_after=2022-01-01T00:00:00+00:00
[2022-08-23 12:12:45,337] {logging_mixin.py:115} INFO - [2022-08-23 12:12:45,337] {dag.py:2972} INFO - Setting next_dagrun for example_subdag_operator.section-1 to None, run_after=None
[2022-08-23 12:12:45,337] {logging_mixin.py:115} INFO - [2022-08-23 12:12:45,337] {dag.py:2972} INFO - Setting next_dagrun for example_subdag_operator.section-2 to None, run_after=None
[2022-08-23 12:12:45,343] {logging_mixin.py:115} INFO - [2022-08-23 12:12:45,342] {dag.py:2420} INFO - Sync 2 DAGs
[2022-08-23 12:12:45,350] {logging_mixin.py:115} INFO - [2022-08-23 12:12:45,349] {dag.py:2972} INFO - Setting next_dagrun for example_subdag_operator.section-1 to None, run_after=None
[2022-08-23 12:12:45,350] {logging_mixin.py:115} INFO - [2022-08-23 12:12:45,350] {dag.py:2972} INFO - Setting next_dagrun for example_subdag_operator.section-2 to None, run_after=None
[2022-08-23 12:12:45,360] {processor.py:161} INFO - Processing /home/airflow/.local/lib/python3.7/site-packages/airflow/example_dags/example_subdag_operator.py took 0.267 seconds
[2022-08-23 12:13:15,607] {processor.py:153} INFO - Started process (PID=1607) to work on /home/airflow/.local/lib/python3.7/site-packages/airflow/example_dags/example_subdag_operator.py
[2022-08-23 12:13:15,607] {processor.py:641} INFO - Processing file /home/airflow/.local/lib/python3.7/site-packages/airflow/example_dags/example_subdag_operator.py for tasks to queue
[2022-08-23 12:13:15,608] {logging_mixin.py:115} INFO - [2022-08-23 12:13:15,608] {dagbag.py:508} INFO - Filling up the DagBag from /home/airflow/.local/lib/python3.7/site-packages/airflow/example_dags/example_subdag_operator.py
[2022-08-23 12:13:15,652] {processor.py:651} INFO - DAG(s) dict_keys(['example_subdag_operator.section-1', 'example_subdag_operator.section-2', 'example_subdag_operator']) retrieved from /home/airflow/.local/lib/python3.7/site-packages/airflow/example_dags/example_subdag_operator.py
[2022-08-23 12:13:15,832] {logging_mixin.py:115} INFO - [2022-08-23 12:13:15,832] {dag.py:2420} INFO - Sync 3 DAGs
[2022-08-23 12:13:15,851] {logging_mixin.py:115} INFO - [2022-08-23 12:13:15,851] {dag.py:2972} INFO - Setting next_dagrun for example_subdag_operator to 2022-01-01T00:00:00+00:00, run_after=2022-01-01T00:00:00+00:00
[2022-08-23 12:13:15,852] {logging_mixin.py:115} INFO - [2022-08-23 12:13:15,852] {dag.py:2972} INFO - Setting next_dagrun for example_subdag_operator.section-1 to None, run_after=None
[2022-08-23 12:13:15,852] {logging_mixin.py:115} INFO - [2022-08-23 12:13:15,852] {dag.py:2972} INFO - Setting next_dagrun for example_subdag_operator.section-2 to None, run_after=None
[2022-08-23 12:13:15,859] {logging_mixin.py:115} INFO - [2022-08-23 12:13:15,859] {dag.py:2420} INFO - Sync 2 DAGs
[2022-08-23 12:13:15,865] {logging_mixin.py:115} INFO - [2022-08-23 12:13:15,865] {dag.py:2972} INFO - Setting next_dagrun for example_subdag_operator.section-1 to None, run_after=None
[2022-08-23 12:13:15,865] {logging_mixin.py:115} INFO - [2022-08-23 12:13:15,865] {dag.py:2972} INFO - Setting next_dagrun for example_subdag_operator.section-2 to None, run_after=None
[2022-08-23 12:13:15,871] {processor.py:161} INFO - Processing /home/airflow/.local/lib/python3.7/site-packages/airflow/example_dags/example_subdag_operator.py took 0.269 seconds
[2022-08-23 12:13:46,027] {processor.py:153} INFO - Started process (PID=1668) to work on /home/airflow/.local/lib/python3.7/site-packages/airflow/example_dags/example_subdag_operator.py
[2022-08-23 12:13:46,028] {processor.py:641} INFO - Processing file /home/airflow/.local/lib/python3.7/site-packages/airflow/example_dags/example_subdag_operator.py for tasks to queue
[2022-08-23 12:13:46,028] {logging_mixin.py:115} INFO - [2022-08-23 12:13:46,028] {dagbag.py:508} INFO - Filling up the DagBag from /home/airflow/.local/lib/python3.7/site-packages/airflow/example_dags/example_subdag_operator.py
[2022-08-23 12:13:46,055] {processor.py:651} INFO - DAG(s) dict_keys(['example_subdag_operator.section-1', 'example_subdag_operator.section-2', 'example_subdag_operator']) retrieved from /home/airflow/.local/lib/python3.7/site-packages/airflow/example_dags/example_subdag_operator.py
[2022-08-23 12:13:46,232] {logging_mixin.py:115} INFO - [2022-08-23 12:13:46,231] {dag.py:2420} INFO - Sync 3 DAGs
[2022-08-23 12:13:46,251] {logging_mixin.py:115} INFO - [2022-08-23 12:13:46,251] {dag.py:2972} INFO - Setting next_dagrun for example_subdag_operator to 2022-01-01T00:00:00+00:00, run_after=2022-01-01T00:00:00+00:00
[2022-08-23 12:13:46,251] {logging_mixin.py:115} INFO - [2022-08-23 12:13:46,251] {dag.py:2972} INFO - Setting next_dagrun for example_subdag_operator.section-1 to None, run_after=None
[2022-08-23 12:13:46,252] {logging_mixin.py:115} INFO - [2022-08-23 12:13:46,252] {dag.py:2972} INFO - Setting next_dagrun for example_subdag_operator.section-2 to None, run_after=None
[2022-08-23 12:13:46,258] {logging_mixin.py:115} INFO - [2022-08-23 12:13:46,258] {dag.py:2420} INFO - Sync 2 DAGs
[2022-08-23 12:13:46,264] {logging_mixin.py:115} INFO - [2022-08-23 12:13:46,264] {dag.py:2972} INFO - Setting next_dagrun for example_subdag_operator.section-1 to None, run_after=None
[2022-08-23 12:13:46,264] {logging_mixin.py:115} INFO - [2022-08-23 12:13:46,264] {dag.py:2972} INFO - Setting next_dagrun for example_subdag_operator.section-2 to None, run_after=None
[2022-08-23 12:13:46,273] {processor.py:161} INFO - Processing /home/airflow/.local/lib/python3.7/site-packages/airflow/example_dags/example_subdag_operator.py took 0.250 seconds
