[2022-08-23 11:59:30,090] {processor.py:153} INFO - Started process (PID=68) to work on /home/airflow/.local/lib/python3.7/site-packages/airflow/example_dags/example_time_delta_sensor_async.py
[2022-08-23 11:59:30,090] {processor.py:641} INFO - Processing file /home/airflow/.local/lib/python3.7/site-packages/airflow/example_dags/example_time_delta_sensor_async.py for tasks to queue
[2022-08-23 11:59:30,091] {logging_mixin.py:115} INFO - [2022-08-23 11:59:30,091] {dagbag.py:508} INFO - Filling up the DagBag from /home/airflow/.local/lib/python3.7/site-packages/airflow/example_dags/example_time_delta_sensor_async.py
[2022-08-23 11:59:30,097] {processor.py:651} INFO - DAG(s) dict_keys(['example_time_delta_sensor_async']) retrieved from /home/airflow/.local/lib/python3.7/site-packages/airflow/example_dags/example_time_delta_sensor_async.py
[2022-08-23 11:59:30,129] {logging_mixin.py:115} INFO - [2022-08-23 11:59:30,129] {dag.py:2420} INFO - Sync 1 DAGs
[2022-08-23 11:59:30,252] {logging_mixin.py:115} INFO - [2022-08-23 11:59:30,252] {dag.py:2972} INFO - Setting next_dagrun for example_time_delta_sensor_async to None, run_after=None
[2022-08-23 11:59:30,271] {processor.py:161} INFO - Processing /home/airflow/.local/lib/python3.7/site-packages/airflow/example_dags/example_time_delta_sensor_async.py took 0.185 seconds
[2022-08-23 12:00:01,088] {processor.py:153} INFO - Started process (PID=129) to work on /home/airflow/.local/lib/python3.7/site-packages/airflow/example_dags/example_time_delta_sensor_async.py
[2022-08-23 12:00:01,096] {processor.py:641} INFO - Processing file /home/airflow/.local/lib/python3.7/site-packages/airflow/example_dags/example_time_delta_sensor_async.py for tasks to queue
[2022-08-23 12:00:01,096] {logging_mixin.py:115} INFO - [2022-08-23 12:00:01,096] {dagbag.py:508} INFO - Filling up the DagBag from /home/airflow/.local/lib/python3.7/site-packages/airflow/example_dags/example_time_delta_sensor_async.py
[2022-08-23 12:00:01,103] {processor.py:651} INFO - DAG(s) dict_keys(['example_time_delta_sensor_async']) retrieved from /home/airflow/.local/lib/python3.7/site-packages/airflow/example_dags/example_time_delta_sensor_async.py
[2022-08-23 12:00:01,134] {logging_mixin.py:115} INFO - [2022-08-23 12:00:01,134] {dag.py:2420} INFO - Sync 1 DAGs
[2022-08-23 12:00:01,249] {logging_mixin.py:115} INFO - [2022-08-23 12:00:01,249] {dag.py:2972} INFO - Setting next_dagrun for example_time_delta_sensor_async to None, run_after=None
[2022-08-23 12:00:01,268] {processor.py:161} INFO - Processing /home/airflow/.local/lib/python3.7/site-packages/airflow/example_dags/example_time_delta_sensor_async.py took 0.184 seconds
[2022-08-23 12:00:32,067] {processor.py:153} INFO - Started process (PID=190) to work on /home/airflow/.local/lib/python3.7/site-packages/airflow/example_dags/example_time_delta_sensor_async.py
[2022-08-23 12:00:32,068] {processor.py:641} INFO - Processing file /home/airflow/.local/lib/python3.7/site-packages/airflow/example_dags/example_time_delta_sensor_async.py for tasks to queue
[2022-08-23 12:00:32,068] {logging_mixin.py:115} INFO - [2022-08-23 12:00:32,068] {dagbag.py:508} INFO - Filling up the DagBag from /home/airflow/.local/lib/python3.7/site-packages/airflow/example_dags/example_time_delta_sensor_async.py
[2022-08-23 12:00:32,073] {processor.py:651} INFO - DAG(s) dict_keys(['example_time_delta_sensor_async']) retrieved from /home/airflow/.local/lib/python3.7/site-packages/airflow/example_dags/example_time_delta_sensor_async.py
[2022-08-23 12:00:32,115] {logging_mixin.py:115} INFO - [2022-08-23 12:00:32,114] {dag.py:2420} INFO - Sync 1 DAGs
[2022-08-23 12:00:32,283] {logging_mixin.py:115} INFO - [2022-08-23 12:00:32,283] {dag.py:2972} INFO - Setting next_dagrun for example_time_delta_sensor_async to None, run_after=None
[2022-08-23 12:00:32,299] {processor.py:161} INFO - Processing /home/airflow/.local/lib/python3.7/site-packages/airflow/example_dags/example_time_delta_sensor_async.py took 0.234 seconds
[2022-08-23 12:01:02,323] {processor.py:153} INFO - Started process (PID=241) to work on /home/airflow/.local/lib/python3.7/site-packages/airflow/example_dags/example_time_delta_sensor_async.py
[2022-08-23 12:01:02,324] {processor.py:641} INFO - Processing file /home/airflow/.local/lib/python3.7/site-packages/airflow/example_dags/example_time_delta_sensor_async.py for tasks to queue
[2022-08-23 12:01:02,325] {logging_mixin.py:115} INFO - [2022-08-23 12:01:02,325] {dagbag.py:508} INFO - Filling up the DagBag from /home/airflow/.local/lib/python3.7/site-packages/airflow/example_dags/example_time_delta_sensor_async.py
[2022-08-23 12:01:02,332] {processor.py:651} INFO - DAG(s) dict_keys(['example_time_delta_sensor_async']) retrieved from /home/airflow/.local/lib/python3.7/site-packages/airflow/example_dags/example_time_delta_sensor_async.py
[2022-08-23 12:01:02,364] {logging_mixin.py:115} INFO - [2022-08-23 12:01:02,363] {dag.py:2420} INFO - Sync 1 DAGs
[2022-08-23 12:01:02,468] {logging_mixin.py:115} INFO - [2022-08-23 12:01:02,468] {dag.py:2972} INFO - Setting next_dagrun for example_time_delta_sensor_async to None, run_after=None
[2022-08-23 12:01:02,488] {processor.py:161} INFO - Processing /home/airflow/.local/lib/python3.7/site-packages/airflow/example_dags/example_time_delta_sensor_async.py took 0.169 seconds
[2022-08-23 12:01:33,602] {processor.py:153} INFO - Started process (PID=303) to work on /home/airflow/.local/lib/python3.7/site-packages/airflow/example_dags/example_time_delta_sensor_async.py
[2022-08-23 12:01:33,604] {processor.py:641} INFO - Processing file /home/airflow/.local/lib/python3.7/site-packages/airflow/example_dags/example_time_delta_sensor_async.py for tasks to queue
[2022-08-23 12:01:33,605] {logging_mixin.py:115} INFO - [2022-08-23 12:01:33,604] {dagbag.py:508} INFO - Filling up the DagBag from /home/airflow/.local/lib/python3.7/site-packages/airflow/example_dags/example_time_delta_sensor_async.py
[2022-08-23 12:01:33,620] {processor.py:651} INFO - DAG(s) dict_keys(['example_time_delta_sensor_async']) retrieved from /home/airflow/.local/lib/python3.7/site-packages/airflow/example_dags/example_time_delta_sensor_async.py
[2022-08-23 12:01:33,705] {logging_mixin.py:115} INFO - [2022-08-23 12:01:33,704] {dag.py:2420} INFO - Sync 1 DAGs
[2022-08-23 12:01:33,984] {logging_mixin.py:115} INFO - [2022-08-23 12:01:33,984] {dag.py:2972} INFO - Setting next_dagrun for example_time_delta_sensor_async to None, run_after=None
[2022-08-23 12:01:33,998] {processor.py:161} INFO - Processing /home/airflow/.local/lib/python3.7/site-packages/airflow/example_dags/example_time_delta_sensor_async.py took 0.406 seconds
[2022-08-23 12:02:09,430] {processor.py:153} INFO - Started process (PID=363) to work on /home/airflow/.local/lib/python3.7/site-packages/airflow/example_dags/example_time_delta_sensor_async.py
[2022-08-23 12:02:09,431] {processor.py:641} INFO - Processing file /home/airflow/.local/lib/python3.7/site-packages/airflow/example_dags/example_time_delta_sensor_async.py for tasks to queue
[2022-08-23 12:02:09,433] {logging_mixin.py:115} INFO - [2022-08-23 12:02:09,432] {dagbag.py:508} INFO - Filling up the DagBag from /home/airflow/.local/lib/python3.7/site-packages/airflow/example_dags/example_time_delta_sensor_async.py
[2022-08-23 12:02:09,445] {processor.py:651} INFO - DAG(s) dict_keys(['example_time_delta_sensor_async']) retrieved from /home/airflow/.local/lib/python3.7/site-packages/airflow/example_dags/example_time_delta_sensor_async.py
[2022-08-23 12:02:09,528] {logging_mixin.py:115} INFO - [2022-08-23 12:02:09,528] {dag.py:2420} INFO - Sync 1 DAGs
[2022-08-23 12:02:09,972] {logging_mixin.py:115} INFO - [2022-08-23 12:02:09,972] {dag.py:2972} INFO - Setting next_dagrun for example_time_delta_sensor_async to None, run_after=None
[2022-08-23 12:02:10,000] {processor.py:161} INFO - Processing /home/airflow/.local/lib/python3.7/site-packages/airflow/example_dags/example_time_delta_sensor_async.py took 0.578 seconds
[2022-08-23 12:02:40,355] {processor.py:153} INFO - Started process (PID=415) to work on /home/airflow/.local/lib/python3.7/site-packages/airflow/example_dags/example_time_delta_sensor_async.py
[2022-08-23 12:02:40,356] {processor.py:641} INFO - Processing file /home/airflow/.local/lib/python3.7/site-packages/airflow/example_dags/example_time_delta_sensor_async.py for tasks to queue
[2022-08-23 12:02:40,356] {logging_mixin.py:115} INFO - [2022-08-23 12:02:40,356] {dagbag.py:508} INFO - Filling up the DagBag from /home/airflow/.local/lib/python3.7/site-packages/airflow/example_dags/example_time_delta_sensor_async.py
[2022-08-23 12:02:40,363] {processor.py:651} INFO - DAG(s) dict_keys(['example_time_delta_sensor_async']) retrieved from /home/airflow/.local/lib/python3.7/site-packages/airflow/example_dags/example_time_delta_sensor_async.py
[2022-08-23 12:02:40,405] {logging_mixin.py:115} INFO - [2022-08-23 12:02:40,405] {dag.py:2420} INFO - Sync 1 DAGs
[2022-08-23 12:02:40,595] {logging_mixin.py:115} INFO - [2022-08-23 12:02:40,595] {dag.py:2972} INFO - Setting next_dagrun for example_time_delta_sensor_async to None, run_after=None
[2022-08-23 12:02:40,610] {processor.py:161} INFO - Processing /home/airflow/.local/lib/python3.7/site-packages/airflow/example_dags/example_time_delta_sensor_async.py took 0.260 seconds
[2022-08-23 12:03:10,782] {processor.py:153} INFO - Started process (PID=476) to work on /home/airflow/.local/lib/python3.7/site-packages/airflow/example_dags/example_time_delta_sensor_async.py
[2022-08-23 12:03:10,783] {processor.py:641} INFO - Processing file /home/airflow/.local/lib/python3.7/site-packages/airflow/example_dags/example_time_delta_sensor_async.py for tasks to queue
[2022-08-23 12:03:10,783] {logging_mixin.py:115} INFO - [2022-08-23 12:03:10,783] {dagbag.py:508} INFO - Filling up the DagBag from /home/airflow/.local/lib/python3.7/site-packages/airflow/example_dags/example_time_delta_sensor_async.py
[2022-08-23 12:03:10,788] {processor.py:651} INFO - DAG(s) dict_keys(['example_time_delta_sensor_async']) retrieved from /home/airflow/.local/lib/python3.7/site-packages/airflow/example_dags/example_time_delta_sensor_async.py
[2022-08-23 12:03:10,826] {logging_mixin.py:115} INFO - [2022-08-23 12:03:10,826] {dag.py:2420} INFO - Sync 1 DAGs
[2022-08-23 12:03:11,013] {logging_mixin.py:115} INFO - [2022-08-23 12:03:11,013] {dag.py:2972} INFO - Setting next_dagrun for example_time_delta_sensor_async to None, run_after=None
[2022-08-23 12:03:11,026] {processor.py:161} INFO - Processing /home/airflow/.local/lib/python3.7/site-packages/airflow/example_dags/example_time_delta_sensor_async.py took 0.246 seconds
[2022-08-23 12:03:41,294] {processor.py:153} INFO - Started process (PID=537) to work on /home/airflow/.local/lib/python3.7/site-packages/airflow/example_dags/example_time_delta_sensor_async.py
[2022-08-23 12:03:41,295] {processor.py:641} INFO - Processing file /home/airflow/.local/lib/python3.7/site-packages/airflow/example_dags/example_time_delta_sensor_async.py for tasks to queue
[2022-08-23 12:03:41,295] {logging_mixin.py:115} INFO - [2022-08-23 12:03:41,295] {dagbag.py:508} INFO - Filling up the DagBag from /home/airflow/.local/lib/python3.7/site-packages/airflow/example_dags/example_time_delta_sensor_async.py
[2022-08-23 12:03:41,303] {processor.py:651} INFO - DAG(s) dict_keys(['example_time_delta_sensor_async']) retrieved from /home/airflow/.local/lib/python3.7/site-packages/airflow/example_dags/example_time_delta_sensor_async.py
[2022-08-23 12:03:41,348] {logging_mixin.py:115} INFO - [2022-08-23 12:03:41,348] {dag.py:2420} INFO - Sync 1 DAGs
[2022-08-23 12:03:41,541] {logging_mixin.py:115} INFO - [2022-08-23 12:03:41,541] {dag.py:2972} INFO - Setting next_dagrun for example_time_delta_sensor_async to None, run_after=None
[2022-08-23 12:03:41,554] {processor.py:161} INFO - Processing /home/airflow/.local/lib/python3.7/site-packages/airflow/example_dags/example_time_delta_sensor_async.py took 0.263 seconds
[2022-08-23 12:04:11,717] {processor.py:153} INFO - Started process (PID=589) to work on /home/airflow/.local/lib/python3.7/site-packages/airflow/example_dags/example_time_delta_sensor_async.py
[2022-08-23 12:04:11,718] {processor.py:641} INFO - Processing file /home/airflow/.local/lib/python3.7/site-packages/airflow/example_dags/example_time_delta_sensor_async.py for tasks to queue
[2022-08-23 12:04:11,718] {logging_mixin.py:115} INFO - [2022-08-23 12:04:11,718] {dagbag.py:508} INFO - Filling up the DagBag from /home/airflow/.local/lib/python3.7/site-packages/airflow/example_dags/example_time_delta_sensor_async.py
[2022-08-23 12:04:11,724] {processor.py:651} INFO - DAG(s) dict_keys(['example_time_delta_sensor_async']) retrieved from /home/airflow/.local/lib/python3.7/site-packages/airflow/example_dags/example_time_delta_sensor_async.py
[2022-08-23 12:04:11,763] {logging_mixin.py:115} INFO - [2022-08-23 12:04:11,763] {dag.py:2420} INFO - Sync 1 DAGs
[2022-08-23 12:04:11,949] {logging_mixin.py:115} INFO - [2022-08-23 12:04:11,949] {dag.py:2972} INFO - Setting next_dagrun for example_time_delta_sensor_async to None, run_after=None
[2022-08-23 12:04:11,962] {processor.py:161} INFO - Processing /home/airflow/.local/lib/python3.7/site-packages/airflow/example_dags/example_time_delta_sensor_async.py took 0.248 seconds
[2022-08-23 12:04:42,701] {processor.py:153} INFO - Started process (PID=650) to work on /home/airflow/.local/lib/python3.7/site-packages/airflow/example_dags/example_time_delta_sensor_async.py
[2022-08-23 12:04:42,702] {processor.py:641} INFO - Processing file /home/airflow/.local/lib/python3.7/site-packages/airflow/example_dags/example_time_delta_sensor_async.py for tasks to queue
[2022-08-23 12:04:42,702] {logging_mixin.py:115} INFO - [2022-08-23 12:04:42,702] {dagbag.py:508} INFO - Filling up the DagBag from /home/airflow/.local/lib/python3.7/site-packages/airflow/example_dags/example_time_delta_sensor_async.py
[2022-08-23 12:04:42,707] {processor.py:651} INFO - DAG(s) dict_keys(['example_time_delta_sensor_async']) retrieved from /home/airflow/.local/lib/python3.7/site-packages/airflow/example_dags/example_time_delta_sensor_async.py
[2022-08-23 12:04:42,746] {logging_mixin.py:115} INFO - [2022-08-23 12:04:42,746] {dag.py:2420} INFO - Sync 1 DAGs
[2022-08-23 12:04:42,959] {logging_mixin.py:115} INFO - [2022-08-23 12:04:42,958] {dag.py:2972} INFO - Setting next_dagrun for example_time_delta_sensor_async to None, run_after=None
[2022-08-23 12:04:42,980] {processor.py:161} INFO - Processing /home/airflow/.local/lib/python3.7/site-packages/airflow/example_dags/example_time_delta_sensor_async.py took 0.285 seconds
[2022-08-23 12:05:13,066] {processor.py:153} INFO - Started process (PID=702) to work on /home/airflow/.local/lib/python3.7/site-packages/airflow/example_dags/example_time_delta_sensor_async.py
[2022-08-23 12:05:13,066] {processor.py:641} INFO - Processing file /home/airflow/.local/lib/python3.7/site-packages/airflow/example_dags/example_time_delta_sensor_async.py for tasks to queue
[2022-08-23 12:05:13,067] {logging_mixin.py:115} INFO - [2022-08-23 12:05:13,066] {dagbag.py:508} INFO - Filling up the DagBag from /home/airflow/.local/lib/python3.7/site-packages/airflow/example_dags/example_time_delta_sensor_async.py
[2022-08-23 12:05:13,071] {processor.py:651} INFO - DAG(s) dict_keys(['example_time_delta_sensor_async']) retrieved from /home/airflow/.local/lib/python3.7/site-packages/airflow/example_dags/example_time_delta_sensor_async.py
[2022-08-23 12:05:13,117] {logging_mixin.py:115} INFO - [2022-08-23 12:05:13,117] {dag.py:2420} INFO - Sync 1 DAGs
[2022-08-23 12:05:13,311] {logging_mixin.py:115} INFO - [2022-08-23 12:05:13,311] {dag.py:2972} INFO - Setting next_dagrun for example_time_delta_sensor_async to None, run_after=None
[2022-08-23 12:05:13,323] {processor.py:161} INFO - Processing /home/airflow/.local/lib/python3.7/site-packages/airflow/example_dags/example_time_delta_sensor_async.py took 0.260 seconds
[2022-08-23 12:05:44,566] {processor.py:153} INFO - Started process (PID=763) to work on /home/airflow/.local/lib/python3.7/site-packages/airflow/example_dags/example_time_delta_sensor_async.py
[2022-08-23 12:05:44,566] {processor.py:641} INFO - Processing file /home/airflow/.local/lib/python3.7/site-packages/airflow/example_dags/example_time_delta_sensor_async.py for tasks to queue
[2022-08-23 12:05:44,567] {logging_mixin.py:115} INFO - [2022-08-23 12:05:44,567] {dagbag.py:508} INFO - Filling up the DagBag from /home/airflow/.local/lib/python3.7/site-packages/airflow/example_dags/example_time_delta_sensor_async.py
[2022-08-23 12:05:44,572] {processor.py:651} INFO - DAG(s) dict_keys(['example_time_delta_sensor_async']) retrieved from /home/airflow/.local/lib/python3.7/site-packages/airflow/example_dags/example_time_delta_sensor_async.py
[2022-08-23 12:05:44,616] {logging_mixin.py:115} INFO - [2022-08-23 12:05:44,616] {dag.py:2420} INFO - Sync 1 DAGs
[2022-08-23 12:05:44,817] {logging_mixin.py:115} INFO - [2022-08-23 12:05:44,816] {dag.py:2972} INFO - Setting next_dagrun for example_time_delta_sensor_async to None, run_after=None
[2022-08-23 12:05:44,830] {processor.py:161} INFO - Processing /home/airflow/.local/lib/python3.7/site-packages/airflow/example_dags/example_time_delta_sensor_async.py took 0.267 seconds
[2022-08-23 12:06:14,855] {processor.py:153} INFO - Started process (PID=824) to work on /home/airflow/.local/lib/python3.7/site-packages/airflow/example_dags/example_time_delta_sensor_async.py
[2022-08-23 12:06:14,856] {processor.py:641} INFO - Processing file /home/airflow/.local/lib/python3.7/site-packages/airflow/example_dags/example_time_delta_sensor_async.py for tasks to queue
[2022-08-23 12:06:14,856] {logging_mixin.py:115} INFO - [2022-08-23 12:06:14,856] {dagbag.py:508} INFO - Filling up the DagBag from /home/airflow/.local/lib/python3.7/site-packages/airflow/example_dags/example_time_delta_sensor_async.py
[2022-08-23 12:06:14,861] {processor.py:651} INFO - DAG(s) dict_keys(['example_time_delta_sensor_async']) retrieved from /home/airflow/.local/lib/python3.7/site-packages/airflow/example_dags/example_time_delta_sensor_async.py
[2022-08-23 12:06:14,904] {logging_mixin.py:115} INFO - [2022-08-23 12:06:14,904] {dag.py:2420} INFO - Sync 1 DAGs
[2022-08-23 12:06:15,124] {logging_mixin.py:115} INFO - [2022-08-23 12:06:15,124] {dag.py:2972} INFO - Setting next_dagrun for example_time_delta_sensor_async to None, run_after=None
[2022-08-23 12:06:15,143] {processor.py:161} INFO - Processing /home/airflow/.local/lib/python3.7/site-packages/airflow/example_dags/example_time_delta_sensor_async.py took 0.289 seconds
[2022-08-23 12:06:45,676] {processor.py:153} INFO - Started process (PID=876) to work on /home/airflow/.local/lib/python3.7/site-packages/airflow/example_dags/example_time_delta_sensor_async.py
[2022-08-23 12:06:45,676] {processor.py:641} INFO - Processing file /home/airflow/.local/lib/python3.7/site-packages/airflow/example_dags/example_time_delta_sensor_async.py for tasks to queue
[2022-08-23 12:06:45,677] {logging_mixin.py:115} INFO - [2022-08-23 12:06:45,677] {dagbag.py:508} INFO - Filling up the DagBag from /home/airflow/.local/lib/python3.7/site-packages/airflow/example_dags/example_time_delta_sensor_async.py
[2022-08-23 12:06:45,683] {processor.py:651} INFO - DAG(s) dict_keys(['example_time_delta_sensor_async']) retrieved from /home/airflow/.local/lib/python3.7/site-packages/airflow/example_dags/example_time_delta_sensor_async.py
[2022-08-23 12:06:45,720] {logging_mixin.py:115} INFO - [2022-08-23 12:06:45,720] {dag.py:2420} INFO - Sync 1 DAGs
[2022-08-23 12:06:45,848] {logging_mixin.py:115} INFO - [2022-08-23 12:06:45,848] {dag.py:2972} INFO - Setting next_dagrun for example_time_delta_sensor_async to None, run_after=None
[2022-08-23 12:06:45,858] {processor.py:161} INFO - Processing /home/airflow/.local/lib/python3.7/site-packages/airflow/example_dags/example_time_delta_sensor_async.py took 0.184 seconds
[2022-08-23 12:07:16,351] {processor.py:153} INFO - Started process (PID=937) to work on /home/airflow/.local/lib/python3.7/site-packages/airflow/example_dags/example_time_delta_sensor_async.py
[2022-08-23 12:07:16,352] {processor.py:641} INFO - Processing file /home/airflow/.local/lib/python3.7/site-packages/airflow/example_dags/example_time_delta_sensor_async.py for tasks to queue
[2022-08-23 12:07:16,353] {logging_mixin.py:115} INFO - [2022-08-23 12:07:16,353] {dagbag.py:508} INFO - Filling up the DagBag from /home/airflow/.local/lib/python3.7/site-packages/airflow/example_dags/example_time_delta_sensor_async.py
[2022-08-23 12:07:16,360] {processor.py:651} INFO - DAG(s) dict_keys(['example_time_delta_sensor_async']) retrieved from /home/airflow/.local/lib/python3.7/site-packages/airflow/example_dags/example_time_delta_sensor_async.py
[2022-08-23 12:07:16,411] {logging_mixin.py:115} INFO - [2022-08-23 12:07:16,411] {dag.py:2420} INFO - Sync 1 DAGs
[2022-08-23 12:07:16,583] {logging_mixin.py:115} INFO - [2022-08-23 12:07:16,583] {dag.py:2972} INFO - Setting next_dagrun for example_time_delta_sensor_async to None, run_after=None
[2022-08-23 12:07:16,607] {processor.py:161} INFO - Processing /home/airflow/.local/lib/python3.7/site-packages/airflow/example_dags/example_time_delta_sensor_async.py took 0.260 seconds
[2022-08-23 12:07:47,212] {processor.py:153} INFO - Started process (PID=998) to work on /home/airflow/.local/lib/python3.7/site-packages/airflow/example_dags/example_time_delta_sensor_async.py
[2022-08-23 12:07:47,212] {processor.py:641} INFO - Processing file /home/airflow/.local/lib/python3.7/site-packages/airflow/example_dags/example_time_delta_sensor_async.py for tasks to queue
[2022-08-23 12:07:47,212] {logging_mixin.py:115} INFO - [2022-08-23 12:07:47,212] {dagbag.py:508} INFO - Filling up the DagBag from /home/airflow/.local/lib/python3.7/site-packages/airflow/example_dags/example_time_delta_sensor_async.py
[2022-08-23 12:07:47,219] {processor.py:651} INFO - DAG(s) dict_keys(['example_time_delta_sensor_async']) retrieved from /home/airflow/.local/lib/python3.7/site-packages/airflow/example_dags/example_time_delta_sensor_async.py
[2022-08-23 12:07:47,260] {logging_mixin.py:115} INFO - [2022-08-23 12:07:47,260] {dag.py:2420} INFO - Sync 1 DAGs
[2022-08-23 12:07:47,422] {logging_mixin.py:115} INFO - [2022-08-23 12:07:47,422] {dag.py:2972} INFO - Setting next_dagrun for example_time_delta_sensor_async to None, run_after=None
[2022-08-23 12:07:47,433] {processor.py:161} INFO - Processing /home/airflow/.local/lib/python3.7/site-packages/airflow/example_dags/example_time_delta_sensor_async.py took 0.224 seconds
[2022-08-23 12:08:17,948] {processor.py:153} INFO - Started process (PID=1050) to work on /home/airflow/.local/lib/python3.7/site-packages/airflow/example_dags/example_time_delta_sensor_async.py
[2022-08-23 12:08:17,949] {processor.py:641} INFO - Processing file /home/airflow/.local/lib/python3.7/site-packages/airflow/example_dags/example_time_delta_sensor_async.py for tasks to queue
[2022-08-23 12:08:17,949] {logging_mixin.py:115} INFO - [2022-08-23 12:08:17,949] {dagbag.py:508} INFO - Filling up the DagBag from /home/airflow/.local/lib/python3.7/site-packages/airflow/example_dags/example_time_delta_sensor_async.py
[2022-08-23 12:08:17,954] {processor.py:651} INFO - DAG(s) dict_keys(['example_time_delta_sensor_async']) retrieved from /home/airflow/.local/lib/python3.7/site-packages/airflow/example_dags/example_time_delta_sensor_async.py
[2022-08-23 12:08:17,993] {logging_mixin.py:115} INFO - [2022-08-23 12:08:17,993] {dag.py:2420} INFO - Sync 1 DAGs
[2022-08-23 12:08:18,176] {logging_mixin.py:115} INFO - [2022-08-23 12:08:18,175] {dag.py:2972} INFO - Setting next_dagrun for example_time_delta_sensor_async to None, run_after=None
[2022-08-23 12:08:18,188] {processor.py:161} INFO - Processing /home/airflow/.local/lib/python3.7/site-packages/airflow/example_dags/example_time_delta_sensor_async.py took 0.242 seconds
[2022-08-23 12:08:48,513] {processor.py:153} INFO - Started process (PID=1111) to work on /home/airflow/.local/lib/python3.7/site-packages/airflow/example_dags/example_time_delta_sensor_async.py
[2022-08-23 12:08:48,514] {processor.py:641} INFO - Processing file /home/airflow/.local/lib/python3.7/site-packages/airflow/example_dags/example_time_delta_sensor_async.py for tasks to queue
[2022-08-23 12:08:48,515] {logging_mixin.py:115} INFO - [2022-08-23 12:08:48,515] {dagbag.py:508} INFO - Filling up the DagBag from /home/airflow/.local/lib/python3.7/site-packages/airflow/example_dags/example_time_delta_sensor_async.py
[2022-08-23 12:08:48,520] {processor.py:651} INFO - DAG(s) dict_keys(['example_time_delta_sensor_async']) retrieved from /home/airflow/.local/lib/python3.7/site-packages/airflow/example_dags/example_time_delta_sensor_async.py
[2022-08-23 12:08:48,558] {logging_mixin.py:115} INFO - [2022-08-23 12:08:48,558] {dag.py:2420} INFO - Sync 1 DAGs
[2022-08-23 12:08:48,748] {logging_mixin.py:115} INFO - [2022-08-23 12:08:48,748] {dag.py:2972} INFO - Setting next_dagrun for example_time_delta_sensor_async to None, run_after=None
[2022-08-23 12:08:48,770] {processor.py:161} INFO - Processing /home/airflow/.local/lib/python3.7/site-packages/airflow/example_dags/example_time_delta_sensor_async.py took 0.262 seconds
[2022-08-23 12:09:19,655] {processor.py:153} INFO - Started process (PID=1172) to work on /home/airflow/.local/lib/python3.7/site-packages/airflow/example_dags/example_time_delta_sensor_async.py
[2022-08-23 12:09:19,656] {processor.py:641} INFO - Processing file /home/airflow/.local/lib/python3.7/site-packages/airflow/example_dags/example_time_delta_sensor_async.py for tasks to queue
[2022-08-23 12:09:19,656] {logging_mixin.py:115} INFO - [2022-08-23 12:09:19,656] {dagbag.py:508} INFO - Filling up the DagBag from /home/airflow/.local/lib/python3.7/site-packages/airflow/example_dags/example_time_delta_sensor_async.py
[2022-08-23 12:09:19,662] {processor.py:651} INFO - DAG(s) dict_keys(['example_time_delta_sensor_async']) retrieved from /home/airflow/.local/lib/python3.7/site-packages/airflow/example_dags/example_time_delta_sensor_async.py
[2022-08-23 12:09:19,709] {logging_mixin.py:115} INFO - [2022-08-23 12:09:19,708] {dag.py:2420} INFO - Sync 1 DAGs
[2022-08-23 12:09:19,921] {logging_mixin.py:115} INFO - [2022-08-23 12:09:19,920] {dag.py:2972} INFO - Setting next_dagrun for example_time_delta_sensor_async to None, run_after=None
[2022-08-23 12:09:19,934] {processor.py:161} INFO - Processing /home/airflow/.local/lib/python3.7/site-packages/airflow/example_dags/example_time_delta_sensor_async.py took 0.281 seconds
[2022-08-23 12:09:50,700] {processor.py:153} INFO - Started process (PID=1224) to work on /home/airflow/.local/lib/python3.7/site-packages/airflow/example_dags/example_time_delta_sensor_async.py
[2022-08-23 12:09:50,701] {processor.py:641} INFO - Processing file /home/airflow/.local/lib/python3.7/site-packages/airflow/example_dags/example_time_delta_sensor_async.py for tasks to queue
[2022-08-23 12:09:50,701] {logging_mixin.py:115} INFO - [2022-08-23 12:09:50,701] {dagbag.py:508} INFO - Filling up the DagBag from /home/airflow/.local/lib/python3.7/site-packages/airflow/example_dags/example_time_delta_sensor_async.py
[2022-08-23 12:09:50,710] {processor.py:651} INFO - DAG(s) dict_keys(['example_time_delta_sensor_async']) retrieved from /home/airflow/.local/lib/python3.7/site-packages/airflow/example_dags/example_time_delta_sensor_async.py
[2022-08-23 12:09:50,773] {logging_mixin.py:115} INFO - [2022-08-23 12:09:50,773] {dag.py:2420} INFO - Sync 1 DAGs
[2022-08-23 12:09:51,064] {logging_mixin.py:115} INFO - [2022-08-23 12:09:51,064] {dag.py:2972} INFO - Setting next_dagrun for example_time_delta_sensor_async to None, run_after=None
[2022-08-23 12:09:51,088] {processor.py:161} INFO - Processing /home/airflow/.local/lib/python3.7/site-packages/airflow/example_dags/example_time_delta_sensor_async.py took 0.391 seconds
[2022-08-23 12:10:21,922] {processor.py:153} INFO - Started process (PID=1285) to work on /home/airflow/.local/lib/python3.7/site-packages/airflow/example_dags/example_time_delta_sensor_async.py
[2022-08-23 12:10:21,922] {processor.py:641} INFO - Processing file /home/airflow/.local/lib/python3.7/site-packages/airflow/example_dags/example_time_delta_sensor_async.py for tasks to queue
[2022-08-23 12:10:21,923] {logging_mixin.py:115} INFO - [2022-08-23 12:10:21,923] {dagbag.py:508} INFO - Filling up the DagBag from /home/airflow/.local/lib/python3.7/site-packages/airflow/example_dags/example_time_delta_sensor_async.py
[2022-08-23 12:10:21,928] {processor.py:651} INFO - DAG(s) dict_keys(['example_time_delta_sensor_async']) retrieved from /home/airflow/.local/lib/python3.7/site-packages/airflow/example_dags/example_time_delta_sensor_async.py
[2022-08-23 12:10:21,962] {logging_mixin.py:115} INFO - [2022-08-23 12:10:21,962] {dag.py:2420} INFO - Sync 1 DAGs
[2022-08-23 12:10:22,128] {logging_mixin.py:115} INFO - [2022-08-23 12:10:22,128] {dag.py:2972} INFO - Setting next_dagrun for example_time_delta_sensor_async to None, run_after=None
[2022-08-23 12:10:22,138] {processor.py:161} INFO - Processing /home/airflow/.local/lib/python3.7/site-packages/airflow/example_dags/example_time_delta_sensor_async.py took 0.219 seconds
[2022-08-23 12:10:52,421] {processor.py:153} INFO - Started process (PID=1346) to work on /home/airflow/.local/lib/python3.7/site-packages/airflow/example_dags/example_time_delta_sensor_async.py
[2022-08-23 12:10:52,422] {processor.py:641} INFO - Processing file /home/airflow/.local/lib/python3.7/site-packages/airflow/example_dags/example_time_delta_sensor_async.py for tasks to queue
[2022-08-23 12:10:52,422] {logging_mixin.py:115} INFO - [2022-08-23 12:10:52,422] {dagbag.py:508} INFO - Filling up the DagBag from /home/airflow/.local/lib/python3.7/site-packages/airflow/example_dags/example_time_delta_sensor_async.py
[2022-08-23 12:10:52,427] {processor.py:651} INFO - DAG(s) dict_keys(['example_time_delta_sensor_async']) retrieved from /home/airflow/.local/lib/python3.7/site-packages/airflow/example_dags/example_time_delta_sensor_async.py
[2022-08-23 12:10:52,468] {logging_mixin.py:115} INFO - [2022-08-23 12:10:52,467] {dag.py:2420} INFO - Sync 1 DAGs
[2022-08-23 12:10:52,637] {logging_mixin.py:115} INFO - [2022-08-23 12:10:52,637] {dag.py:2972} INFO - Setting next_dagrun for example_time_delta_sensor_async to None, run_after=None
[2022-08-23 12:10:52,658] {processor.py:161} INFO - Processing /home/airflow/.local/lib/python3.7/site-packages/airflow/example_dags/example_time_delta_sensor_async.py took 0.239 seconds
[2022-08-23 12:11:22,914] {processor.py:153} INFO - Started process (PID=1398) to work on /home/airflow/.local/lib/python3.7/site-packages/airflow/example_dags/example_time_delta_sensor_async.py
[2022-08-23 12:11:22,914] {processor.py:641} INFO - Processing file /home/airflow/.local/lib/python3.7/site-packages/airflow/example_dags/example_time_delta_sensor_async.py for tasks to queue
[2022-08-23 12:11:22,915] {logging_mixin.py:115} INFO - [2022-08-23 12:11:22,915] {dagbag.py:508} INFO - Filling up the DagBag from /home/airflow/.local/lib/python3.7/site-packages/airflow/example_dags/example_time_delta_sensor_async.py
[2022-08-23 12:11:22,920] {processor.py:651} INFO - DAG(s) dict_keys(['example_time_delta_sensor_async']) retrieved from /home/airflow/.local/lib/python3.7/site-packages/airflow/example_dags/example_time_delta_sensor_async.py
[2022-08-23 12:11:22,957] {logging_mixin.py:115} INFO - [2022-08-23 12:11:22,957] {dag.py:2420} INFO - Sync 1 DAGs
[2022-08-23 12:11:23,148] {logging_mixin.py:115} INFO - [2022-08-23 12:11:23,148] {dag.py:2972} INFO - Setting next_dagrun for example_time_delta_sensor_async to None, run_after=None
[2022-08-23 12:11:23,163] {processor.py:161} INFO - Processing /home/airflow/.local/lib/python3.7/site-packages/airflow/example_dags/example_time_delta_sensor_async.py took 0.252 seconds
[2022-08-23 12:11:53,549] {processor.py:153} INFO - Started process (PID=1459) to work on /home/airflow/.local/lib/python3.7/site-packages/airflow/example_dags/example_time_delta_sensor_async.py
[2022-08-23 12:11:53,550] {processor.py:641} INFO - Processing file /home/airflow/.local/lib/python3.7/site-packages/airflow/example_dags/example_time_delta_sensor_async.py for tasks to queue
[2022-08-23 12:11:53,550] {logging_mixin.py:115} INFO - [2022-08-23 12:11:53,550] {dagbag.py:508} INFO - Filling up the DagBag from /home/airflow/.local/lib/python3.7/site-packages/airflow/example_dags/example_time_delta_sensor_async.py
[2022-08-23 12:11:53,555] {processor.py:651} INFO - DAG(s) dict_keys(['example_time_delta_sensor_async']) retrieved from /home/airflow/.local/lib/python3.7/site-packages/airflow/example_dags/example_time_delta_sensor_async.py
[2022-08-23 12:11:53,610] {logging_mixin.py:115} INFO - [2022-08-23 12:11:53,610] {dag.py:2420} INFO - Sync 1 DAGs
[2022-08-23 12:11:53,779] {logging_mixin.py:115} INFO - [2022-08-23 12:11:53,779] {dag.py:2972} INFO - Setting next_dagrun for example_time_delta_sensor_async to None, run_after=None
[2022-08-23 12:11:53,802] {processor.py:161} INFO - Processing /home/airflow/.local/lib/python3.7/site-packages/airflow/example_dags/example_time_delta_sensor_async.py took 0.255 seconds
[2022-08-23 12:12:24,039] {processor.py:153} INFO - Started process (PID=1520) to work on /home/airflow/.local/lib/python3.7/site-packages/airflow/example_dags/example_time_delta_sensor_async.py
[2022-08-23 12:12:24,040] {processor.py:641} INFO - Processing file /home/airflow/.local/lib/python3.7/site-packages/airflow/example_dags/example_time_delta_sensor_async.py for tasks to queue
[2022-08-23 12:12:24,040] {logging_mixin.py:115} INFO - [2022-08-23 12:12:24,040] {dagbag.py:508} INFO - Filling up the DagBag from /home/airflow/.local/lib/python3.7/site-packages/airflow/example_dags/example_time_delta_sensor_async.py
[2022-08-23 12:12:24,047] {processor.py:651} INFO - DAG(s) dict_keys(['example_time_delta_sensor_async']) retrieved from /home/airflow/.local/lib/python3.7/site-packages/airflow/example_dags/example_time_delta_sensor_async.py
[2022-08-23 12:12:24,090] {logging_mixin.py:115} INFO - [2022-08-23 12:12:24,089] {dag.py:2420} INFO - Sync 1 DAGs
[2022-08-23 12:12:24,294] {logging_mixin.py:115} INFO - [2022-08-23 12:12:24,294] {dag.py:2972} INFO - Setting next_dagrun for example_time_delta_sensor_async to None, run_after=None
[2022-08-23 12:12:24,319] {processor.py:161} INFO - Processing /home/airflow/.local/lib/python3.7/site-packages/airflow/example_dags/example_time_delta_sensor_async.py took 0.283 seconds
[2022-08-23 12:12:54,730] {processor.py:153} INFO - Started process (PID=1572) to work on /home/airflow/.local/lib/python3.7/site-packages/airflow/example_dags/example_time_delta_sensor_async.py
[2022-08-23 12:12:54,731] {processor.py:641} INFO - Processing file /home/airflow/.local/lib/python3.7/site-packages/airflow/example_dags/example_time_delta_sensor_async.py for tasks to queue
[2022-08-23 12:12:54,731] {logging_mixin.py:115} INFO - [2022-08-23 12:12:54,731] {dagbag.py:508} INFO - Filling up the DagBag from /home/airflow/.local/lib/python3.7/site-packages/airflow/example_dags/example_time_delta_sensor_async.py
[2022-08-23 12:12:54,738] {processor.py:651} INFO - DAG(s) dict_keys(['example_time_delta_sensor_async']) retrieved from /home/airflow/.local/lib/python3.7/site-packages/airflow/example_dags/example_time_delta_sensor_async.py
[2022-08-23 12:12:54,778] {logging_mixin.py:115} INFO - [2022-08-23 12:12:54,778] {dag.py:2420} INFO - Sync 1 DAGs
[2022-08-23 12:12:55,194] {logging_mixin.py:115} INFO - [2022-08-23 12:12:55,194] {dag.py:2972} INFO - Setting next_dagrun for example_time_delta_sensor_async to None, run_after=None
[2022-08-23 12:12:55,220] {processor.py:161} INFO - Processing /home/airflow/.local/lib/python3.7/site-packages/airflow/example_dags/example_time_delta_sensor_async.py took 0.494 seconds
[2022-08-23 12:13:25,875] {processor.py:153} INFO - Started process (PID=1633) to work on /home/airflow/.local/lib/python3.7/site-packages/airflow/example_dags/example_time_delta_sensor_async.py
[2022-08-23 12:13:25,876] {processor.py:641} INFO - Processing file /home/airflow/.local/lib/python3.7/site-packages/airflow/example_dags/example_time_delta_sensor_async.py for tasks to queue
[2022-08-23 12:13:25,876] {logging_mixin.py:115} INFO - [2022-08-23 12:13:25,876] {dagbag.py:508} INFO - Filling up the DagBag from /home/airflow/.local/lib/python3.7/site-packages/airflow/example_dags/example_time_delta_sensor_async.py
[2022-08-23 12:13:25,885] {processor.py:651} INFO - DAG(s) dict_keys(['example_time_delta_sensor_async']) retrieved from /home/airflow/.local/lib/python3.7/site-packages/airflow/example_dags/example_time_delta_sensor_async.py
[2022-08-23 12:13:25,923] {logging_mixin.py:115} INFO - [2022-08-23 12:13:25,923] {dag.py:2420} INFO - Sync 1 DAGs
[2022-08-23 12:13:26,095] {logging_mixin.py:115} INFO - [2022-08-23 12:13:26,095] {dag.py:2972} INFO - Setting next_dagrun for example_time_delta_sensor_async to None, run_after=None
[2022-08-23 12:13:26,106] {processor.py:161} INFO - Processing /home/airflow/.local/lib/python3.7/site-packages/airflow/example_dags/example_time_delta_sensor_async.py took 0.235 seconds
