[2022-08-23 11:59:27,671] {processor.py:153} INFO - Started process (PID=52) to work on /home/airflow/.local/lib/python3.7/site-packages/airflow/example_dags/example_branch_datetime_operator.py
[2022-08-23 11:59:27,671] {processor.py:641} INFO - Processing file /home/airflow/.local/lib/python3.7/site-packages/airflow/example_dags/example_branch_datetime_operator.py for tasks to queue
[2022-08-23 11:59:27,672] {logging_mixin.py:115} INFO - [2022-08-23 11:59:27,672] {dagbag.py:508} INFO - Filling up the DagBag from /home/airflow/.local/lib/python3.7/site-packages/airflow/example_dags/example_branch_datetime_operator.py
[2022-08-23 11:59:27,678] {processor.py:651} INFO - DAG(s) dict_keys(['example_branch_datetime_operator', 'example_branch_datetime_operator_2']) retrieved from /home/airflow/.local/lib/python3.7/site-packages/airflow/example_dags/example_branch_datetime_operator.py
[2022-08-23 11:59:27,703] {logging_mixin.py:115} INFO - [2022-08-23 11:59:27,703] {dag.py:2420} INFO - Sync 2 DAGs
[2022-08-23 11:59:27,872] {logging_mixin.py:115} INFO - [2022-08-23 11:59:27,872] {dag.py:2972} INFO - Setting next_dagrun for example_branch_datetime_operator to 2022-08-22T00:00:00+00:00, run_after=2022-08-23T00:00:00+00:00
[2022-08-23 11:59:27,873] {logging_mixin.py:115} INFO - [2022-08-23 11:59:27,873] {dag.py:2972} INFO - Setting next_dagrun for example_branch_datetime_operator_2 to 2022-08-22T00:00:00+00:00, run_after=2022-08-23T00:00:00+00:00
[2022-08-23 11:59:27,888] {processor.py:161} INFO - Processing /home/airflow/.local/lib/python3.7/site-packages/airflow/example_dags/example_branch_datetime_operator.py took 0.219 seconds
[2022-08-23 11:59:58,014] {processor.py:153} INFO - Started process (PID=113) to work on /home/airflow/.local/lib/python3.7/site-packages/airflow/example_dags/example_branch_datetime_operator.py
[2022-08-23 11:59:58,014] {processor.py:641} INFO - Processing file /home/airflow/.local/lib/python3.7/site-packages/airflow/example_dags/example_branch_datetime_operator.py for tasks to queue
[2022-08-23 11:59:58,014] {logging_mixin.py:115} INFO - [2022-08-23 11:59:58,014] {dagbag.py:508} INFO - Filling up the DagBag from /home/airflow/.local/lib/python3.7/site-packages/airflow/example_dags/example_branch_datetime_operator.py
[2022-08-23 11:59:58,021] {processor.py:651} INFO - DAG(s) dict_keys(['example_branch_datetime_operator', 'example_branch_datetime_operator_2']) retrieved from /home/airflow/.local/lib/python3.7/site-packages/airflow/example_dags/example_branch_datetime_operator.py
[2022-08-23 11:59:58,045] {logging_mixin.py:115} INFO - [2022-08-23 11:59:58,045] {dag.py:2420} INFO - Sync 2 DAGs
[2022-08-23 11:59:58,158] {logging_mixin.py:115} INFO - [2022-08-23 11:59:58,158] {dag.py:2972} INFO - Setting next_dagrun for example_branch_datetime_operator to 2022-08-22T00:00:00+00:00, run_after=2022-08-23T00:00:00+00:00
[2022-08-23 11:59:58,159] {logging_mixin.py:115} INFO - [2022-08-23 11:59:58,159] {dag.py:2972} INFO - Setting next_dagrun for example_branch_datetime_operator_2 to 2022-08-22T00:00:00+00:00, run_after=2022-08-23T00:00:00+00:00
[2022-08-23 11:59:58,178] {processor.py:161} INFO - Processing /home/airflow/.local/lib/python3.7/site-packages/airflow/example_dags/example_branch_datetime_operator.py took 0.166 seconds
[2022-08-23 12:00:29,212] {processor.py:153} INFO - Started process (PID=174) to work on /home/airflow/.local/lib/python3.7/site-packages/airflow/example_dags/example_branch_datetime_operator.py
[2022-08-23 12:00:29,215] {processor.py:641} INFO - Processing file /home/airflow/.local/lib/python3.7/site-packages/airflow/example_dags/example_branch_datetime_operator.py for tasks to queue
[2022-08-23 12:00:29,217] {logging_mixin.py:115} INFO - [2022-08-23 12:00:29,217] {dagbag.py:508} INFO - Filling up the DagBag from /home/airflow/.local/lib/python3.7/site-packages/airflow/example_dags/example_branch_datetime_operator.py
[2022-08-23 12:00:29,233] {processor.py:651} INFO - DAG(s) dict_keys(['example_branch_datetime_operator', 'example_branch_datetime_operator_2']) retrieved from /home/airflow/.local/lib/python3.7/site-packages/airflow/example_dags/example_branch_datetime_operator.py
[2022-08-23 12:00:29,310] {logging_mixin.py:115} INFO - [2022-08-23 12:00:29,309] {dag.py:2420} INFO - Sync 2 DAGs
[2022-08-23 12:00:29,639] {logging_mixin.py:115} INFO - [2022-08-23 12:00:29,639] {dag.py:2972} INFO - Setting next_dagrun for example_branch_datetime_operator to 2022-08-22T00:00:00+00:00, run_after=2022-08-23T00:00:00+00:00
[2022-08-23 12:00:29,642] {logging_mixin.py:115} INFO - [2022-08-23 12:00:29,641] {dag.py:2972} INFO - Setting next_dagrun for example_branch_datetime_operator_2 to 2022-08-22T00:00:00+00:00, run_after=2022-08-23T00:00:00+00:00
[2022-08-23 12:00:29,668] {processor.py:161} INFO - Processing /home/airflow/.local/lib/python3.7/site-packages/airflow/example_dags/example_branch_datetime_operator.py took 0.462 seconds
[2022-08-23 12:01:00,472] {processor.py:153} INFO - Started process (PID=226) to work on /home/airflow/.local/lib/python3.7/site-packages/airflow/example_dags/example_branch_datetime_operator.py
[2022-08-23 12:01:00,473] {processor.py:641} INFO - Processing file /home/airflow/.local/lib/python3.7/site-packages/airflow/example_dags/example_branch_datetime_operator.py for tasks to queue
[2022-08-23 12:01:00,473] {logging_mixin.py:115} INFO - [2022-08-23 12:01:00,473] {dagbag.py:508} INFO - Filling up the DagBag from /home/airflow/.local/lib/python3.7/site-packages/airflow/example_dags/example_branch_datetime_operator.py
[2022-08-23 12:01:00,490] {processor.py:651} INFO - DAG(s) dict_keys(['example_branch_datetime_operator', 'example_branch_datetime_operator_2']) retrieved from /home/airflow/.local/lib/python3.7/site-packages/airflow/example_dags/example_branch_datetime_operator.py
[2022-08-23 12:01:00,519] {logging_mixin.py:115} INFO - [2022-08-23 12:01:00,519] {dag.py:2420} INFO - Sync 2 DAGs
[2022-08-23 12:01:00,648] {logging_mixin.py:115} INFO - [2022-08-23 12:01:00,648] {dag.py:2972} INFO - Setting next_dagrun for example_branch_datetime_operator to 2022-08-22T00:00:00+00:00, run_after=2022-08-23T00:00:00+00:00
[2022-08-23 12:01:00,649] {logging_mixin.py:115} INFO - [2022-08-23 12:01:00,649] {dag.py:2972} INFO - Setting next_dagrun for example_branch_datetime_operator_2 to 2022-08-22T00:00:00+00:00, run_after=2022-08-23T00:00:00+00:00
[2022-08-23 12:01:00,670] {processor.py:161} INFO - Processing /home/airflow/.local/lib/python3.7/site-packages/airflow/example_dags/example_branch_datetime_operator.py took 0.203 seconds
[2022-08-23 12:01:30,851] {processor.py:153} INFO - Started process (PID=287) to work on /home/airflow/.local/lib/python3.7/site-packages/airflow/example_dags/example_branch_datetime_operator.py
[2022-08-23 12:01:30,852] {processor.py:641} INFO - Processing file /home/airflow/.local/lib/python3.7/site-packages/airflow/example_dags/example_branch_datetime_operator.py for tasks to queue
[2022-08-23 12:01:30,852] {logging_mixin.py:115} INFO - [2022-08-23 12:01:30,852] {dagbag.py:508} INFO - Filling up the DagBag from /home/airflow/.local/lib/python3.7/site-packages/airflow/example_dags/example_branch_datetime_operator.py
[2022-08-23 12:01:30,862] {processor.py:651} INFO - DAG(s) dict_keys(['example_branch_datetime_operator', 'example_branch_datetime_operator_2']) retrieved from /home/airflow/.local/lib/python3.7/site-packages/airflow/example_dags/example_branch_datetime_operator.py
[2022-08-23 12:01:30,902] {logging_mixin.py:115} INFO - [2022-08-23 12:01:30,902] {dag.py:2420} INFO - Sync 2 DAGs
[2022-08-23 12:01:31,080] {logging_mixin.py:115} INFO - [2022-08-23 12:01:31,080] {dag.py:2972} INFO - Setting next_dagrun for example_branch_datetime_operator to 2022-08-22T00:00:00+00:00, run_after=2022-08-23T00:00:00+00:00
[2022-08-23 12:01:31,081] {logging_mixin.py:115} INFO - [2022-08-23 12:01:31,081] {dag.py:2972} INFO - Setting next_dagrun for example_branch_datetime_operator_2 to 2022-08-22T00:00:00+00:00, run_after=2022-08-23T00:00:00+00:00
[2022-08-23 12:01:31,104] {processor.py:161} INFO - Processing /home/airflow/.local/lib/python3.7/site-packages/airflow/example_dags/example_branch_datetime_operator.py took 0.256 seconds
[2022-08-23 12:02:03,637] {processor.py:153} INFO - Started process (PID=339) to work on /home/airflow/.local/lib/python3.7/site-packages/airflow/example_dags/example_branch_datetime_operator.py
[2022-08-23 12:02:03,638] {processor.py:641} INFO - Processing file /home/airflow/.local/lib/python3.7/site-packages/airflow/example_dags/example_branch_datetime_operator.py for tasks to queue
[2022-08-23 12:02:03,639] {logging_mixin.py:115} INFO - [2022-08-23 12:02:03,639] {dagbag.py:508} INFO - Filling up the DagBag from /home/airflow/.local/lib/python3.7/site-packages/airflow/example_dags/example_branch_datetime_operator.py
[2022-08-23 12:02:03,664] {processor.py:651} INFO - DAG(s) dict_keys(['example_branch_datetime_operator', 'example_branch_datetime_operator_2']) retrieved from /home/airflow/.local/lib/python3.7/site-packages/airflow/example_dags/example_branch_datetime_operator.py
[2022-08-23 12:02:03,756] {logging_mixin.py:115} INFO - [2022-08-23 12:02:03,756] {dag.py:2420} INFO - Sync 2 DAGs
[2022-08-23 12:02:04,209] {logging_mixin.py:115} INFO - [2022-08-23 12:02:04,208] {dag.py:2972} INFO - Setting next_dagrun for example_branch_datetime_operator to 2022-08-22T00:00:00+00:00, run_after=2022-08-23T00:00:00+00:00
[2022-08-23 12:02:04,211] {logging_mixin.py:115} INFO - [2022-08-23 12:02:04,211] {dag.py:2972} INFO - Setting next_dagrun for example_branch_datetime_operator_2 to 2022-08-22T00:00:00+00:00, run_after=2022-08-23T00:00:00+00:00
[2022-08-23 12:02:04,241] {processor.py:161} INFO - Processing /home/airflow/.local/lib/python3.7/site-packages/airflow/example_dags/example_branch_datetime_operator.py took 0.611 seconds
[2022-08-23 12:02:35,186] {processor.py:153} INFO - Started process (PID=399) to work on /home/airflow/.local/lib/python3.7/site-packages/airflow/example_dags/example_branch_datetime_operator.py
[2022-08-23 12:02:35,186] {processor.py:641} INFO - Processing file /home/airflow/.local/lib/python3.7/site-packages/airflow/example_dags/example_branch_datetime_operator.py for tasks to queue
[2022-08-23 12:02:35,186] {logging_mixin.py:115} INFO - [2022-08-23 12:02:35,186] {dagbag.py:508} INFO - Filling up the DagBag from /home/airflow/.local/lib/python3.7/site-packages/airflow/example_dags/example_branch_datetime_operator.py
[2022-08-23 12:02:35,199] {processor.py:651} INFO - DAG(s) dict_keys(['example_branch_datetime_operator', 'example_branch_datetime_operator_2']) retrieved from /home/airflow/.local/lib/python3.7/site-packages/airflow/example_dags/example_branch_datetime_operator.py
[2022-08-23 12:02:35,231] {logging_mixin.py:115} INFO - [2022-08-23 12:02:35,231] {dag.py:2420} INFO - Sync 2 DAGs
[2022-08-23 12:02:35,416] {logging_mixin.py:115} INFO - [2022-08-23 12:02:35,416] {dag.py:2972} INFO - Setting next_dagrun for example_branch_datetime_operator to 2022-08-22T00:00:00+00:00, run_after=2022-08-23T00:00:00+00:00
[2022-08-23 12:02:35,418] {logging_mixin.py:115} INFO - [2022-08-23 12:02:35,418] {dag.py:2972} INFO - Setting next_dagrun for example_branch_datetime_operator_2 to 2022-08-22T00:00:00+00:00, run_after=2022-08-23T00:00:00+00:00
[2022-08-23 12:02:35,429] {processor.py:161} INFO - Processing /home/airflow/.local/lib/python3.7/site-packages/airflow/example_dags/example_branch_datetime_operator.py took 0.247 seconds
[2022-08-23 12:03:05,585] {processor.py:153} INFO - Started process (PID=460) to work on /home/airflow/.local/lib/python3.7/site-packages/airflow/example_dags/example_branch_datetime_operator.py
[2022-08-23 12:03:05,585] {processor.py:641} INFO - Processing file /home/airflow/.local/lib/python3.7/site-packages/airflow/example_dags/example_branch_datetime_operator.py for tasks to queue
[2022-08-23 12:03:05,585] {logging_mixin.py:115} INFO - [2022-08-23 12:03:05,585] {dagbag.py:508} INFO - Filling up the DagBag from /home/airflow/.local/lib/python3.7/site-packages/airflow/example_dags/example_branch_datetime_operator.py
[2022-08-23 12:03:05,594] {processor.py:651} INFO - DAG(s) dict_keys(['example_branch_datetime_operator', 'example_branch_datetime_operator_2']) retrieved from /home/airflow/.local/lib/python3.7/site-packages/airflow/example_dags/example_branch_datetime_operator.py
[2022-08-23 12:03:05,635] {logging_mixin.py:115} INFO - [2022-08-23 12:03:05,635] {dag.py:2420} INFO - Sync 2 DAGs
[2022-08-23 12:03:05,846] {logging_mixin.py:115} INFO - [2022-08-23 12:03:05,846] {dag.py:2972} INFO - Setting next_dagrun for example_branch_datetime_operator to 2022-08-22T00:00:00+00:00, run_after=2022-08-23T00:00:00+00:00
[2022-08-23 12:03:05,848] {logging_mixin.py:115} INFO - [2022-08-23 12:03:05,848] {dag.py:2972} INFO - Setting next_dagrun for example_branch_datetime_operator_2 to 2022-08-22T00:00:00+00:00, run_after=2022-08-23T00:00:00+00:00
[2022-08-23 12:03:05,862] {processor.py:161} INFO - Processing /home/airflow/.local/lib/python3.7/site-packages/airflow/example_dags/example_branch_datetime_operator.py took 0.281 seconds
[2022-08-23 12:03:35,962] {processor.py:153} INFO - Started process (PID=512) to work on /home/airflow/.local/lib/python3.7/site-packages/airflow/example_dags/example_branch_datetime_operator.py
[2022-08-23 12:03:35,963] {processor.py:641} INFO - Processing file /home/airflow/.local/lib/python3.7/site-packages/airflow/example_dags/example_branch_datetime_operator.py for tasks to queue
[2022-08-23 12:03:35,964] {logging_mixin.py:115} INFO - [2022-08-23 12:03:35,964] {dagbag.py:508} INFO - Filling up the DagBag from /home/airflow/.local/lib/python3.7/site-packages/airflow/example_dags/example_branch_datetime_operator.py
[2022-08-23 12:03:35,983] {processor.py:651} INFO - DAG(s) dict_keys(['example_branch_datetime_operator', 'example_branch_datetime_operator_2']) retrieved from /home/airflow/.local/lib/python3.7/site-packages/airflow/example_dags/example_branch_datetime_operator.py
[2022-08-23 12:03:36,025] {logging_mixin.py:115} INFO - [2022-08-23 12:03:36,024] {dag.py:2420} INFO - Sync 2 DAGs
[2022-08-23 12:03:36,191] {logging_mixin.py:115} INFO - [2022-08-23 12:03:36,191] {dag.py:2972} INFO - Setting next_dagrun for example_branch_datetime_operator to 2022-08-22T00:00:00+00:00, run_after=2022-08-23T00:00:00+00:00
[2022-08-23 12:03:36,192] {logging_mixin.py:115} INFO - [2022-08-23 12:03:36,192] {dag.py:2972} INFO - Setting next_dagrun for example_branch_datetime_operator_2 to 2022-08-22T00:00:00+00:00, run_after=2022-08-23T00:00:00+00:00
[2022-08-23 12:03:36,215] {processor.py:161} INFO - Processing /home/airflow/.local/lib/python3.7/site-packages/airflow/example_dags/example_branch_datetime_operator.py took 0.259 seconds
[2022-08-23 12:04:06,324] {processor.py:153} INFO - Started process (PID=573) to work on /home/airflow/.local/lib/python3.7/site-packages/airflow/example_dags/example_branch_datetime_operator.py
[2022-08-23 12:04:06,325] {processor.py:641} INFO - Processing file /home/airflow/.local/lib/python3.7/site-packages/airflow/example_dags/example_branch_datetime_operator.py for tasks to queue
[2022-08-23 12:04:06,326] {logging_mixin.py:115} INFO - [2022-08-23 12:04:06,326] {dagbag.py:508} INFO - Filling up the DagBag from /home/airflow/.local/lib/python3.7/site-packages/airflow/example_dags/example_branch_datetime_operator.py
[2022-08-23 12:04:06,334] {processor.py:651} INFO - DAG(s) dict_keys(['example_branch_datetime_operator', 'example_branch_datetime_operator_2']) retrieved from /home/airflow/.local/lib/python3.7/site-packages/airflow/example_dags/example_branch_datetime_operator.py
[2022-08-23 12:04:06,385] {logging_mixin.py:115} INFO - [2022-08-23 12:04:06,385] {dag.py:2420} INFO - Sync 2 DAGs
[2022-08-23 12:04:06,582] {logging_mixin.py:115} INFO - [2022-08-23 12:04:06,581] {dag.py:2972} INFO - Setting next_dagrun for example_branch_datetime_operator to 2022-08-22T00:00:00+00:00, run_after=2022-08-23T00:00:00+00:00
[2022-08-23 12:04:06,583] {logging_mixin.py:115} INFO - [2022-08-23 12:04:06,583] {dag.py:2972} INFO - Setting next_dagrun for example_branch_datetime_operator_2 to 2022-08-22T00:00:00+00:00, run_after=2022-08-23T00:00:00+00:00
[2022-08-23 12:04:06,594] {processor.py:161} INFO - Processing /home/airflow/.local/lib/python3.7/site-packages/airflow/example_dags/example_branch_datetime_operator.py took 0.272 seconds
[2022-08-23 12:04:36,771] {processor.py:153} INFO - Started process (PID=625) to work on /home/airflow/.local/lib/python3.7/site-packages/airflow/example_dags/example_branch_datetime_operator.py
[2022-08-23 12:04:36,772] {processor.py:641} INFO - Processing file /home/airflow/.local/lib/python3.7/site-packages/airflow/example_dags/example_branch_datetime_operator.py for tasks to queue
[2022-08-23 12:04:36,773] {logging_mixin.py:115} INFO - [2022-08-23 12:04:36,773] {dagbag.py:508} INFO - Filling up the DagBag from /home/airflow/.local/lib/python3.7/site-packages/airflow/example_dags/example_branch_datetime_operator.py
[2022-08-23 12:04:36,789] {processor.py:651} INFO - DAG(s) dict_keys(['example_branch_datetime_operator', 'example_branch_datetime_operator_2']) retrieved from /home/airflow/.local/lib/python3.7/site-packages/airflow/example_dags/example_branch_datetime_operator.py
[2022-08-23 12:04:36,830] {logging_mixin.py:115} INFO - [2022-08-23 12:04:36,830] {dag.py:2420} INFO - Sync 2 DAGs
[2022-08-23 12:04:37,015] {logging_mixin.py:115} INFO - [2022-08-23 12:04:37,015] {dag.py:2972} INFO - Setting next_dagrun for example_branch_datetime_operator to 2022-08-22T00:00:00+00:00, run_after=2022-08-23T00:00:00+00:00
[2022-08-23 12:04:37,016] {logging_mixin.py:115} INFO - [2022-08-23 12:04:37,016] {dag.py:2972} INFO - Setting next_dagrun for example_branch_datetime_operator_2 to 2022-08-22T00:00:00+00:00, run_after=2022-08-23T00:00:00+00:00
[2022-08-23 12:04:37,028] {processor.py:161} INFO - Processing /home/airflow/.local/lib/python3.7/site-packages/airflow/example_dags/example_branch_datetime_operator.py took 0.260 seconds
[2022-08-23 12:05:07,130] {processor.py:153} INFO - Started process (PID=686) to work on /home/airflow/.local/lib/python3.7/site-packages/airflow/example_dags/example_branch_datetime_operator.py
[2022-08-23 12:05:07,131] {processor.py:641} INFO - Processing file /home/airflow/.local/lib/python3.7/site-packages/airflow/example_dags/example_branch_datetime_operator.py for tasks to queue
[2022-08-23 12:05:07,132] {logging_mixin.py:115} INFO - [2022-08-23 12:05:07,132] {dagbag.py:508} INFO - Filling up the DagBag from /home/airflow/.local/lib/python3.7/site-packages/airflow/example_dags/example_branch_datetime_operator.py
[2022-08-23 12:05:07,145] {processor.py:651} INFO - DAG(s) dict_keys(['example_branch_datetime_operator', 'example_branch_datetime_operator_2']) retrieved from /home/airflow/.local/lib/python3.7/site-packages/airflow/example_dags/example_branch_datetime_operator.py
[2022-08-23 12:05:07,194] {logging_mixin.py:115} INFO - [2022-08-23 12:05:07,194] {dag.py:2420} INFO - Sync 2 DAGs
[2022-08-23 12:05:07,399] {logging_mixin.py:115} INFO - [2022-08-23 12:05:07,399] {dag.py:2972} INFO - Setting next_dagrun for example_branch_datetime_operator to 2022-08-22T00:00:00+00:00, run_after=2022-08-23T00:00:00+00:00
[2022-08-23 12:05:07,401] {logging_mixin.py:115} INFO - [2022-08-23 12:05:07,401] {dag.py:2972} INFO - Setting next_dagrun for example_branch_datetime_operator_2 to 2022-08-22T00:00:00+00:00, run_after=2022-08-23T00:00:00+00:00
[2022-08-23 12:05:07,423] {processor.py:161} INFO - Processing /home/airflow/.local/lib/python3.7/site-packages/airflow/example_dags/example_branch_datetime_operator.py took 0.299 seconds
[2022-08-23 12:05:37,963] {processor.py:153} INFO - Started process (PID=747) to work on /home/airflow/.local/lib/python3.7/site-packages/airflow/example_dags/example_branch_datetime_operator.py
[2022-08-23 12:05:37,963] {processor.py:641} INFO - Processing file /home/airflow/.local/lib/python3.7/site-packages/airflow/example_dags/example_branch_datetime_operator.py for tasks to queue
[2022-08-23 12:05:37,964] {logging_mixin.py:115} INFO - [2022-08-23 12:05:37,964] {dagbag.py:508} INFO - Filling up the DagBag from /home/airflow/.local/lib/python3.7/site-packages/airflow/example_dags/example_branch_datetime_operator.py
[2022-08-23 12:05:37,978] {processor.py:651} INFO - DAG(s) dict_keys(['example_branch_datetime_operator', 'example_branch_datetime_operator_2']) retrieved from /home/airflow/.local/lib/python3.7/site-packages/airflow/example_dags/example_branch_datetime_operator.py
[2022-08-23 12:05:38,022] {logging_mixin.py:115} INFO - [2022-08-23 12:05:38,022] {dag.py:2420} INFO - Sync 2 DAGs
[2022-08-23 12:05:38,330] {logging_mixin.py:115} INFO - [2022-08-23 12:05:38,330] {dag.py:2972} INFO - Setting next_dagrun for example_branch_datetime_operator to 2022-08-22T00:00:00+00:00, run_after=2022-08-23T00:00:00+00:00
[2022-08-23 12:05:38,332] {logging_mixin.py:115} INFO - [2022-08-23 12:05:38,332] {dag.py:2972} INFO - Setting next_dagrun for example_branch_datetime_operator_2 to 2022-08-22T00:00:00+00:00, run_after=2022-08-23T00:00:00+00:00
[2022-08-23 12:05:38,347] {processor.py:161} INFO - Processing /home/airflow/.local/lib/python3.7/site-packages/airflow/example_dags/example_branch_datetime_operator.py took 0.388 seconds
[2022-08-23 12:06:08,912] {processor.py:153} INFO - Started process (PID=799) to work on /home/airflow/.local/lib/python3.7/site-packages/airflow/example_dags/example_branch_datetime_operator.py
[2022-08-23 12:06:08,914] {processor.py:641} INFO - Processing file /home/airflow/.local/lib/python3.7/site-packages/airflow/example_dags/example_branch_datetime_operator.py for tasks to queue
[2022-08-23 12:06:08,916] {logging_mixin.py:115} INFO - [2022-08-23 12:06:08,915] {dagbag.py:508} INFO - Filling up the DagBag from /home/airflow/.local/lib/python3.7/site-packages/airflow/example_dags/example_branch_datetime_operator.py
[2022-08-23 12:06:08,934] {processor.py:651} INFO - DAG(s) dict_keys(['example_branch_datetime_operator', 'example_branch_datetime_operator_2']) retrieved from /home/airflow/.local/lib/python3.7/site-packages/airflow/example_dags/example_branch_datetime_operator.py
[2022-08-23 12:06:08,971] {logging_mixin.py:115} INFO - [2022-08-23 12:06:08,971] {dag.py:2420} INFO - Sync 2 DAGs
[2022-08-23 12:06:09,150] {logging_mixin.py:115} INFO - [2022-08-23 12:06:09,150] {dag.py:2972} INFO - Setting next_dagrun for example_branch_datetime_operator to 2022-08-22T00:00:00+00:00, run_after=2022-08-23T00:00:00+00:00
[2022-08-23 12:06:09,152] {logging_mixin.py:115} INFO - [2022-08-23 12:06:09,152] {dag.py:2972} INFO - Setting next_dagrun for example_branch_datetime_operator_2 to 2022-08-22T00:00:00+00:00, run_after=2022-08-23T00:00:00+00:00
[2022-08-23 12:06:09,167] {processor.py:161} INFO - Processing /home/airflow/.local/lib/python3.7/site-packages/airflow/example_dags/example_branch_datetime_operator.py took 0.258 seconds
[2022-08-23 12:06:39,772] {processor.py:153} INFO - Started process (PID=860) to work on /home/airflow/.local/lib/python3.7/site-packages/airflow/example_dags/example_branch_datetime_operator.py
[2022-08-23 12:06:39,773] {processor.py:641} INFO - Processing file /home/airflow/.local/lib/python3.7/site-packages/airflow/example_dags/example_branch_datetime_operator.py for tasks to queue
[2022-08-23 12:06:39,773] {logging_mixin.py:115} INFO - [2022-08-23 12:06:39,773] {dagbag.py:508} INFO - Filling up the DagBag from /home/airflow/.local/lib/python3.7/site-packages/airflow/example_dags/example_branch_datetime_operator.py
[2022-08-23 12:06:39,783] {processor.py:651} INFO - DAG(s) dict_keys(['example_branch_datetime_operator', 'example_branch_datetime_operator_2']) retrieved from /home/airflow/.local/lib/python3.7/site-packages/airflow/example_dags/example_branch_datetime_operator.py
[2022-08-23 12:06:39,809] {logging_mixin.py:115} INFO - [2022-08-23 12:06:39,809] {dag.py:2420} INFO - Sync 2 DAGs
[2022-08-23 12:06:39,949] {logging_mixin.py:115} INFO - [2022-08-23 12:06:39,949] {dag.py:2972} INFO - Setting next_dagrun for example_branch_datetime_operator to 2022-08-22T00:00:00+00:00, run_after=2022-08-23T00:00:00+00:00
[2022-08-23 12:06:39,950] {logging_mixin.py:115} INFO - [2022-08-23 12:06:39,950] {dag.py:2972} INFO - Setting next_dagrun for example_branch_datetime_operator_2 to 2022-08-22T00:00:00+00:00, run_after=2022-08-23T00:00:00+00:00
[2022-08-23 12:06:39,960] {processor.py:161} INFO - Processing /home/airflow/.local/lib/python3.7/site-packages/airflow/example_dags/example_branch_datetime_operator.py took 0.191 seconds
[2022-08-23 12:07:10,099] {processor.py:153} INFO - Started process (PID=912) to work on /home/airflow/.local/lib/python3.7/site-packages/airflow/example_dags/example_branch_datetime_operator.py
[2022-08-23 12:07:10,100] {processor.py:641} INFO - Processing file /home/airflow/.local/lib/python3.7/site-packages/airflow/example_dags/example_branch_datetime_operator.py for tasks to queue
[2022-08-23 12:07:10,101] {logging_mixin.py:115} INFO - [2022-08-23 12:07:10,101] {dagbag.py:508} INFO - Filling up the DagBag from /home/airflow/.local/lib/python3.7/site-packages/airflow/example_dags/example_branch_datetime_operator.py
[2022-08-23 12:07:10,112] {processor.py:651} INFO - DAG(s) dict_keys(['example_branch_datetime_operator', 'example_branch_datetime_operator_2']) retrieved from /home/airflow/.local/lib/python3.7/site-packages/airflow/example_dags/example_branch_datetime_operator.py
[2022-08-23 12:07:10,151] {logging_mixin.py:115} INFO - [2022-08-23 12:07:10,151] {dag.py:2420} INFO - Sync 2 DAGs
[2022-08-23 12:07:10,357] {logging_mixin.py:115} INFO - [2022-08-23 12:07:10,356] {dag.py:2972} INFO - Setting next_dagrun for example_branch_datetime_operator to 2022-08-22T00:00:00+00:00, run_after=2022-08-23T00:00:00+00:00
[2022-08-23 12:07:10,358] {logging_mixin.py:115} INFO - [2022-08-23 12:07:10,358] {dag.py:2972} INFO - Setting next_dagrun for example_branch_datetime_operator_2 to 2022-08-22T00:00:00+00:00, run_after=2022-08-23T00:00:00+00:00
[2022-08-23 12:07:10,369] {processor.py:161} INFO - Processing /home/airflow/.local/lib/python3.7/site-packages/airflow/example_dags/example_branch_datetime_operator.py took 0.273 seconds
[2022-08-23 12:07:40,414] {processor.py:153} INFO - Started process (PID=973) to work on /home/airflow/.local/lib/python3.7/site-packages/airflow/example_dags/example_branch_datetime_operator.py
[2022-08-23 12:07:40,415] {processor.py:641} INFO - Processing file /home/airflow/.local/lib/python3.7/site-packages/airflow/example_dags/example_branch_datetime_operator.py for tasks to queue
[2022-08-23 12:07:40,415] {logging_mixin.py:115} INFO - [2022-08-23 12:07:40,415] {dagbag.py:508} INFO - Filling up the DagBag from /home/airflow/.local/lib/python3.7/site-packages/airflow/example_dags/example_branch_datetime_operator.py
[2022-08-23 12:07:40,423] {processor.py:651} INFO - DAG(s) dict_keys(['example_branch_datetime_operator', 'example_branch_datetime_operator_2']) retrieved from /home/airflow/.local/lib/python3.7/site-packages/airflow/example_dags/example_branch_datetime_operator.py
[2022-08-23 12:07:40,452] {logging_mixin.py:115} INFO - [2022-08-23 12:07:40,452] {dag.py:2420} INFO - Sync 2 DAGs
[2022-08-23 12:07:40,614] {logging_mixin.py:115} INFO - [2022-08-23 12:07:40,614] {dag.py:2972} INFO - Setting next_dagrun for example_branch_datetime_operator to 2022-08-22T00:00:00+00:00, run_after=2022-08-23T00:00:00+00:00
[2022-08-23 12:07:40,616] {logging_mixin.py:115} INFO - [2022-08-23 12:07:40,616] {dag.py:2972} INFO - Setting next_dagrun for example_branch_datetime_operator_2 to 2022-08-22T00:00:00+00:00, run_after=2022-08-23T00:00:00+00:00
[2022-08-23 12:07:40,635] {processor.py:161} INFO - Processing /home/airflow/.local/lib/python3.7/site-packages/airflow/example_dags/example_branch_datetime_operator.py took 0.224 seconds
[2022-08-23 12:08:10,709] {processor.py:153} INFO - Started process (PID=1034) to work on /home/airflow/.local/lib/python3.7/site-packages/airflow/example_dags/example_branch_datetime_operator.py
[2022-08-23 12:08:10,710] {processor.py:641} INFO - Processing file /home/airflow/.local/lib/python3.7/site-packages/airflow/example_dags/example_branch_datetime_operator.py for tasks to queue
[2022-08-23 12:08:10,711] {logging_mixin.py:115} INFO - [2022-08-23 12:08:10,710] {dagbag.py:508} INFO - Filling up the DagBag from /home/airflow/.local/lib/python3.7/site-packages/airflow/example_dags/example_branch_datetime_operator.py
[2022-08-23 12:08:10,718] {processor.py:651} INFO - DAG(s) dict_keys(['example_branch_datetime_operator', 'example_branch_datetime_operator_2']) retrieved from /home/airflow/.local/lib/python3.7/site-packages/airflow/example_dags/example_branch_datetime_operator.py
[2022-08-23 12:08:10,773] {logging_mixin.py:115} INFO - [2022-08-23 12:08:10,773] {dag.py:2420} INFO - Sync 2 DAGs
[2022-08-23 12:08:10,919] {logging_mixin.py:115} INFO - [2022-08-23 12:08:10,919] {dag.py:2972} INFO - Setting next_dagrun for example_branch_datetime_operator to 2022-08-22T00:00:00+00:00, run_after=2022-08-23T00:00:00+00:00
[2022-08-23 12:08:10,921] {logging_mixin.py:115} INFO - [2022-08-23 12:08:10,921] {dag.py:2972} INFO - Setting next_dagrun for example_branch_datetime_operator_2 to 2022-08-22T00:00:00+00:00, run_after=2022-08-23T00:00:00+00:00
[2022-08-23 12:08:10,941] {processor.py:161} INFO - Processing /home/airflow/.local/lib/python3.7/site-packages/airflow/example_dags/example_branch_datetime_operator.py took 0.235 seconds
[2022-08-23 12:08:40,988] {processor.py:153} INFO - Started process (PID=1086) to work on /home/airflow/.local/lib/python3.7/site-packages/airflow/example_dags/example_branch_datetime_operator.py
[2022-08-23 12:08:40,989] {processor.py:641} INFO - Processing file /home/airflow/.local/lib/python3.7/site-packages/airflow/example_dags/example_branch_datetime_operator.py for tasks to queue
[2022-08-23 12:08:40,989] {logging_mixin.py:115} INFO - [2022-08-23 12:08:40,989] {dagbag.py:508} INFO - Filling up the DagBag from /home/airflow/.local/lib/python3.7/site-packages/airflow/example_dags/example_branch_datetime_operator.py
[2022-08-23 12:08:40,998] {processor.py:651} INFO - DAG(s) dict_keys(['example_branch_datetime_operator', 'example_branch_datetime_operator_2']) retrieved from /home/airflow/.local/lib/python3.7/site-packages/airflow/example_dags/example_branch_datetime_operator.py
[2022-08-23 12:08:41,032] {logging_mixin.py:115} INFO - [2022-08-23 12:08:41,032] {dag.py:2420} INFO - Sync 2 DAGs
[2022-08-23 12:08:41,204] {logging_mixin.py:115} INFO - [2022-08-23 12:08:41,204] {dag.py:2972} INFO - Setting next_dagrun for example_branch_datetime_operator to 2022-08-22T00:00:00+00:00, run_after=2022-08-23T00:00:00+00:00
[2022-08-23 12:08:41,206] {logging_mixin.py:115} INFO - [2022-08-23 12:08:41,206] {dag.py:2972} INFO - Setting next_dagrun for example_branch_datetime_operator_2 to 2022-08-22T00:00:00+00:00, run_after=2022-08-23T00:00:00+00:00
[2022-08-23 12:08:41,218] {processor.py:161} INFO - Processing /home/airflow/.local/lib/python3.7/site-packages/airflow/example_dags/example_branch_datetime_operator.py took 0.235 seconds
[2022-08-23 12:09:11,705] {processor.py:153} INFO - Started process (PID=1147) to work on /home/airflow/.local/lib/python3.7/site-packages/airflow/example_dags/example_branch_datetime_operator.py
[2022-08-23 12:09:11,705] {processor.py:641} INFO - Processing file /home/airflow/.local/lib/python3.7/site-packages/airflow/example_dags/example_branch_datetime_operator.py for tasks to queue
[2022-08-23 12:09:11,706] {logging_mixin.py:115} INFO - [2022-08-23 12:09:11,706] {dagbag.py:508} INFO - Filling up the DagBag from /home/airflow/.local/lib/python3.7/site-packages/airflow/example_dags/example_branch_datetime_operator.py
[2022-08-23 12:09:11,714] {processor.py:651} INFO - DAG(s) dict_keys(['example_branch_datetime_operator', 'example_branch_datetime_operator_2']) retrieved from /home/airflow/.local/lib/python3.7/site-packages/airflow/example_dags/example_branch_datetime_operator.py
[2022-08-23 12:09:11,744] {logging_mixin.py:115} INFO - [2022-08-23 12:09:11,744] {dag.py:2420} INFO - Sync 2 DAGs
[2022-08-23 12:09:11,894] {logging_mixin.py:115} INFO - [2022-08-23 12:09:11,894] {dag.py:2972} INFO - Setting next_dagrun for example_branch_datetime_operator to 2022-08-22T00:00:00+00:00, run_after=2022-08-23T00:00:00+00:00
[2022-08-23 12:09:11,895] {logging_mixin.py:115} INFO - [2022-08-23 12:09:11,895] {dag.py:2972} INFO - Setting next_dagrun for example_branch_datetime_operator_2 to 2022-08-22T00:00:00+00:00, run_after=2022-08-23T00:00:00+00:00
[2022-08-23 12:09:11,919] {processor.py:161} INFO - Processing /home/airflow/.local/lib/python3.7/site-packages/airflow/example_dags/example_branch_datetime_operator.py took 0.217 seconds
[2022-08-23 12:09:42,185] {processor.py:153} INFO - Started process (PID=1208) to work on /home/airflow/.local/lib/python3.7/site-packages/airflow/example_dags/example_branch_datetime_operator.py
[2022-08-23 12:09:42,185] {processor.py:641} INFO - Processing file /home/airflow/.local/lib/python3.7/site-packages/airflow/example_dags/example_branch_datetime_operator.py for tasks to queue
[2022-08-23 12:09:42,186] {logging_mixin.py:115} INFO - [2022-08-23 12:09:42,186] {dagbag.py:508} INFO - Filling up the DagBag from /home/airflow/.local/lib/python3.7/site-packages/airflow/example_dags/example_branch_datetime_operator.py
[2022-08-23 12:09:42,201] {processor.py:651} INFO - DAG(s) dict_keys(['example_branch_datetime_operator', 'example_branch_datetime_operator_2']) retrieved from /home/airflow/.local/lib/python3.7/site-packages/airflow/example_dags/example_branch_datetime_operator.py
[2022-08-23 12:09:42,242] {logging_mixin.py:115} INFO - [2022-08-23 12:09:42,241] {dag.py:2420} INFO - Sync 2 DAGs
[2022-08-23 12:09:42,440] {logging_mixin.py:115} INFO - [2022-08-23 12:09:42,440] {dag.py:2972} INFO - Setting next_dagrun for example_branch_datetime_operator to 2022-08-22T00:00:00+00:00, run_after=2022-08-23T00:00:00+00:00
[2022-08-23 12:09:42,441] {logging_mixin.py:115} INFO - [2022-08-23 12:09:42,441] {dag.py:2972} INFO - Setting next_dagrun for example_branch_datetime_operator_2 to 2022-08-22T00:00:00+00:00, run_after=2022-08-23T00:00:00+00:00
[2022-08-23 12:09:42,453] {processor.py:161} INFO - Processing /home/airflow/.local/lib/python3.7/site-packages/airflow/example_dags/example_branch_datetime_operator.py took 0.275 seconds
[2022-08-23 12:10:12,677] {processor.py:153} INFO - Started process (PID=1260) to work on /home/airflow/.local/lib/python3.7/site-packages/airflow/example_dags/example_branch_datetime_operator.py
[2022-08-23 12:10:12,678] {processor.py:641} INFO - Processing file /home/airflow/.local/lib/python3.7/site-packages/airflow/example_dags/example_branch_datetime_operator.py for tasks to queue
[2022-08-23 12:10:12,678] {logging_mixin.py:115} INFO - [2022-08-23 12:10:12,678] {dagbag.py:508} INFO - Filling up the DagBag from /home/airflow/.local/lib/python3.7/site-packages/airflow/example_dags/example_branch_datetime_operator.py
[2022-08-23 12:10:12,687] {processor.py:651} INFO - DAG(s) dict_keys(['example_branch_datetime_operator', 'example_branch_datetime_operator_2']) retrieved from /home/airflow/.local/lib/python3.7/site-packages/airflow/example_dags/example_branch_datetime_operator.py
[2022-08-23 12:10:12,717] {logging_mixin.py:115} INFO - [2022-08-23 12:10:12,717] {dag.py:2420} INFO - Sync 2 DAGs
[2022-08-23 12:10:12,865] {logging_mixin.py:115} INFO - [2022-08-23 12:10:12,865] {dag.py:2972} INFO - Setting next_dagrun for example_branch_datetime_operator to 2022-08-22T00:00:00+00:00, run_after=2022-08-23T00:00:00+00:00
[2022-08-23 12:10:12,866] {logging_mixin.py:115} INFO - [2022-08-23 12:10:12,866] {dag.py:2972} INFO - Setting next_dagrun for example_branch_datetime_operator_2 to 2022-08-22T00:00:00+00:00, run_after=2022-08-23T00:00:00+00:00
[2022-08-23 12:10:12,886] {processor.py:161} INFO - Processing /home/airflow/.local/lib/python3.7/site-packages/airflow/example_dags/example_branch_datetime_operator.py took 0.213 seconds
[2022-08-23 12:10:43,042] {processor.py:153} INFO - Started process (PID=1321) to work on /home/airflow/.local/lib/python3.7/site-packages/airflow/example_dags/example_branch_datetime_operator.py
[2022-08-23 12:10:43,043] {processor.py:641} INFO - Processing file /home/airflow/.local/lib/python3.7/site-packages/airflow/example_dags/example_branch_datetime_operator.py for tasks to queue
[2022-08-23 12:10:43,043] {logging_mixin.py:115} INFO - [2022-08-23 12:10:43,043] {dagbag.py:508} INFO - Filling up the DagBag from /home/airflow/.local/lib/python3.7/site-packages/airflow/example_dags/example_branch_datetime_operator.py
[2022-08-23 12:10:43,053] {processor.py:651} INFO - DAG(s) dict_keys(['example_branch_datetime_operator', 'example_branch_datetime_operator_2']) retrieved from /home/airflow/.local/lib/python3.7/site-packages/airflow/example_dags/example_branch_datetime_operator.py
[2022-08-23 12:10:43,080] {logging_mixin.py:115} INFO - [2022-08-23 12:10:43,080] {dag.py:2420} INFO - Sync 2 DAGs
[2022-08-23 12:10:43,219] {logging_mixin.py:115} INFO - [2022-08-23 12:10:43,219] {dag.py:2972} INFO - Setting next_dagrun for example_branch_datetime_operator to 2022-08-22T00:00:00+00:00, run_after=2022-08-23T00:00:00+00:00
[2022-08-23 12:10:43,220] {logging_mixin.py:115} INFO - [2022-08-23 12:10:43,220] {dag.py:2972} INFO - Setting next_dagrun for example_branch_datetime_operator_2 to 2022-08-22T00:00:00+00:00, run_after=2022-08-23T00:00:00+00:00
[2022-08-23 12:10:43,241] {processor.py:161} INFO - Processing /home/airflow/.local/lib/python3.7/site-packages/airflow/example_dags/example_branch_datetime_operator.py took 0.201 seconds
[2022-08-23 12:11:14,030] {processor.py:153} INFO - Started process (PID=1382) to work on /home/airflow/.local/lib/python3.7/site-packages/airflow/example_dags/example_branch_datetime_operator.py
[2022-08-23 12:11:14,031] {processor.py:641} INFO - Processing file /home/airflow/.local/lib/python3.7/site-packages/airflow/example_dags/example_branch_datetime_operator.py for tasks to queue
[2022-08-23 12:11:14,032] {logging_mixin.py:115} INFO - [2022-08-23 12:11:14,031] {dagbag.py:508} INFO - Filling up the DagBag from /home/airflow/.local/lib/python3.7/site-packages/airflow/example_dags/example_branch_datetime_operator.py
[2022-08-23 12:11:14,041] {processor.py:651} INFO - DAG(s) dict_keys(['example_branch_datetime_operator', 'example_branch_datetime_operator_2']) retrieved from /home/airflow/.local/lib/python3.7/site-packages/airflow/example_dags/example_branch_datetime_operator.py
[2022-08-23 12:11:14,074] {logging_mixin.py:115} INFO - [2022-08-23 12:11:14,074] {dag.py:2420} INFO - Sync 2 DAGs
[2022-08-23 12:11:14,240] {logging_mixin.py:115} INFO - [2022-08-23 12:11:14,239] {dag.py:2972} INFO - Setting next_dagrun for example_branch_datetime_operator to 2022-08-22T00:00:00+00:00, run_after=2022-08-23T00:00:00+00:00
[2022-08-23 12:11:14,241] {logging_mixin.py:115} INFO - [2022-08-23 12:11:14,241] {dag.py:2972} INFO - Setting next_dagrun for example_branch_datetime_operator_2 to 2022-08-22T00:00:00+00:00, run_after=2022-08-23T00:00:00+00:00
[2022-08-23 12:11:14,253] {processor.py:161} INFO - Processing /home/airflow/.local/lib/python3.7/site-packages/airflow/example_dags/example_branch_datetime_operator.py took 0.226 seconds
[2022-08-23 12:11:44,543] {processor.py:153} INFO - Started process (PID=1434) to work on /home/airflow/.local/lib/python3.7/site-packages/airflow/example_dags/example_branch_datetime_operator.py
[2022-08-23 12:11:44,543] {processor.py:641} INFO - Processing file /home/airflow/.local/lib/python3.7/site-packages/airflow/example_dags/example_branch_datetime_operator.py for tasks to queue
[2022-08-23 12:11:44,543] {logging_mixin.py:115} INFO - [2022-08-23 12:11:44,543] {dagbag.py:508} INFO - Filling up the DagBag from /home/airflow/.local/lib/python3.7/site-packages/airflow/example_dags/example_branch_datetime_operator.py
[2022-08-23 12:11:44,554] {processor.py:651} INFO - DAG(s) dict_keys(['example_branch_datetime_operator', 'example_branch_datetime_operator_2']) retrieved from /home/airflow/.local/lib/python3.7/site-packages/airflow/example_dags/example_branch_datetime_operator.py
[2022-08-23 12:11:44,585] {logging_mixin.py:115} INFO - [2022-08-23 12:11:44,585] {dag.py:2420} INFO - Sync 2 DAGs
[2022-08-23 12:11:44,737] {logging_mixin.py:115} INFO - [2022-08-23 12:11:44,737] {dag.py:2972} INFO - Setting next_dagrun for example_branch_datetime_operator to 2022-08-22T00:00:00+00:00, run_after=2022-08-23T00:00:00+00:00
[2022-08-23 12:11:44,739] {logging_mixin.py:115} INFO - [2022-08-23 12:11:44,738] {dag.py:2972} INFO - Setting next_dagrun for example_branch_datetime_operator_2 to 2022-08-22T00:00:00+00:00, run_after=2022-08-23T00:00:00+00:00
[2022-08-23 12:11:44,759] {processor.py:161} INFO - Processing /home/airflow/.local/lib/python3.7/site-packages/airflow/example_dags/example_branch_datetime_operator.py took 0.218 seconds
[2022-08-23 12:12:14,870] {processor.py:153} INFO - Started process (PID=1495) to work on /home/airflow/.local/lib/python3.7/site-packages/airflow/example_dags/example_branch_datetime_operator.py
[2022-08-23 12:12:14,870] {processor.py:641} INFO - Processing file /home/airflow/.local/lib/python3.7/site-packages/airflow/example_dags/example_branch_datetime_operator.py for tasks to queue
[2022-08-23 12:12:14,870] {logging_mixin.py:115} INFO - [2022-08-23 12:12:14,870] {dagbag.py:508} INFO - Filling up the DagBag from /home/airflow/.local/lib/python3.7/site-packages/airflow/example_dags/example_branch_datetime_operator.py
[2022-08-23 12:12:14,879] {processor.py:651} INFO - DAG(s) dict_keys(['example_branch_datetime_operator', 'example_branch_datetime_operator_2']) retrieved from /home/airflow/.local/lib/python3.7/site-packages/airflow/example_dags/example_branch_datetime_operator.py
[2022-08-23 12:12:14,913] {logging_mixin.py:115} INFO - [2022-08-23 12:12:14,913] {dag.py:2420} INFO - Sync 2 DAGs
[2022-08-23 12:12:15,068] {logging_mixin.py:115} INFO - [2022-08-23 12:12:15,068] {dag.py:2972} INFO - Setting next_dagrun for example_branch_datetime_operator to 2022-08-22T00:00:00+00:00, run_after=2022-08-23T00:00:00+00:00
[2022-08-23 12:12:15,069] {logging_mixin.py:115} INFO - [2022-08-23 12:12:15,069] {dag.py:2972} INFO - Setting next_dagrun for example_branch_datetime_operator_2 to 2022-08-22T00:00:00+00:00, run_after=2022-08-23T00:00:00+00:00
[2022-08-23 12:12:15,089] {processor.py:161} INFO - Processing /home/airflow/.local/lib/python3.7/site-packages/airflow/example_dags/example_branch_datetime_operator.py took 0.222 seconds
[2022-08-23 12:12:45,292] {processor.py:153} INFO - Started process (PID=1547) to work on /home/airflow/.local/lib/python3.7/site-packages/airflow/example_dags/example_branch_datetime_operator.py
[2022-08-23 12:12:45,293] {processor.py:641} INFO - Processing file /home/airflow/.local/lib/python3.7/site-packages/airflow/example_dags/example_branch_datetime_operator.py for tasks to queue
[2022-08-23 12:12:45,294] {logging_mixin.py:115} INFO - [2022-08-23 12:12:45,294] {dagbag.py:508} INFO - Filling up the DagBag from /home/airflow/.local/lib/python3.7/site-packages/airflow/example_dags/example_branch_datetime_operator.py
[2022-08-23 12:12:45,302] {processor.py:651} INFO - DAG(s) dict_keys(['example_branch_datetime_operator', 'example_branch_datetime_operator_2']) retrieved from /home/airflow/.local/lib/python3.7/site-packages/airflow/example_dags/example_branch_datetime_operator.py
[2022-08-23 12:12:45,340] {logging_mixin.py:115} INFO - [2022-08-23 12:12:45,340] {dag.py:2420} INFO - Sync 2 DAGs
[2022-08-23 12:12:45,516] {logging_mixin.py:115} INFO - [2022-08-23 12:12:45,516] {dag.py:2972} INFO - Setting next_dagrun for example_branch_datetime_operator to 2022-08-22T00:00:00+00:00, run_after=2022-08-23T00:00:00+00:00
[2022-08-23 12:12:45,518] {logging_mixin.py:115} INFO - [2022-08-23 12:12:45,518] {dag.py:2972} INFO - Setting next_dagrun for example_branch_datetime_operator_2 to 2022-08-22T00:00:00+00:00, run_after=2022-08-23T00:00:00+00:00
[2022-08-23 12:12:45,531] {processor.py:161} INFO - Processing /home/airflow/.local/lib/python3.7/site-packages/airflow/example_dags/example_branch_datetime_operator.py took 0.242 seconds
[2022-08-23 12:13:15,618] {processor.py:153} INFO - Started process (PID=1608) to work on /home/airflow/.local/lib/python3.7/site-packages/airflow/example_dags/example_branch_datetime_operator.py
[2022-08-23 12:13:15,618] {processor.py:641} INFO - Processing file /home/airflow/.local/lib/python3.7/site-packages/airflow/example_dags/example_branch_datetime_operator.py for tasks to queue
[2022-08-23 12:13:15,619] {logging_mixin.py:115} INFO - [2022-08-23 12:13:15,618] {dagbag.py:508} INFO - Filling up the DagBag from /home/airflow/.local/lib/python3.7/site-packages/airflow/example_dags/example_branch_datetime_operator.py
[2022-08-23 12:13:15,626] {processor.py:651} INFO - DAG(s) dict_keys(['example_branch_datetime_operator', 'example_branch_datetime_operator_2']) retrieved from /home/airflow/.local/lib/python3.7/site-packages/airflow/example_dags/example_branch_datetime_operator.py
[2022-08-23 12:13:15,654] {logging_mixin.py:115} INFO - [2022-08-23 12:13:15,654] {dag.py:2420} INFO - Sync 2 DAGs
[2022-08-23 12:13:15,820] {logging_mixin.py:115} INFO - [2022-08-23 12:13:15,820] {dag.py:2972} INFO - Setting next_dagrun for example_branch_datetime_operator to 2022-08-22T00:00:00+00:00, run_after=2022-08-23T00:00:00+00:00
[2022-08-23 12:13:15,821] {logging_mixin.py:115} INFO - [2022-08-23 12:13:15,821] {dag.py:2972} INFO - Setting next_dagrun for example_branch_datetime_operator_2 to 2022-08-22T00:00:00+00:00, run_after=2022-08-23T00:00:00+00:00
[2022-08-23 12:13:15,842] {processor.py:161} INFO - Processing /home/airflow/.local/lib/python3.7/site-packages/airflow/example_dags/example_branch_datetime_operator.py took 0.227 seconds
[2022-08-23 12:13:46,032] {processor.py:153} INFO - Started process (PID=1669) to work on /home/airflow/.local/lib/python3.7/site-packages/airflow/example_dags/example_branch_datetime_operator.py
[2022-08-23 12:13:46,033] {processor.py:641} INFO - Processing file /home/airflow/.local/lib/python3.7/site-packages/airflow/example_dags/example_branch_datetime_operator.py for tasks to queue
[2022-08-23 12:13:46,033] {logging_mixin.py:115} INFO - [2022-08-23 12:13:46,033] {dagbag.py:508} INFO - Filling up the DagBag from /home/airflow/.local/lib/python3.7/site-packages/airflow/example_dags/example_branch_datetime_operator.py
[2022-08-23 12:13:46,041] {processor.py:651} INFO - DAG(s) dict_keys(['example_branch_datetime_operator', 'example_branch_datetime_operator_2']) retrieved from /home/airflow/.local/lib/python3.7/site-packages/airflow/example_dags/example_branch_datetime_operator.py
[2022-08-23 12:13:46,072] {logging_mixin.py:115} INFO - [2022-08-23 12:13:46,072] {dag.py:2420} INFO - Sync 2 DAGs
[2022-08-23 12:13:46,249] {logging_mixin.py:115} INFO - [2022-08-23 12:13:46,249] {dag.py:2972} INFO - Setting next_dagrun for example_branch_datetime_operator to 2022-08-22T00:00:00+00:00, run_after=2022-08-23T00:00:00+00:00
[2022-08-23 12:13:46,251] {logging_mixin.py:115} INFO - [2022-08-23 12:13:46,251] {dag.py:2972} INFO - Setting next_dagrun for example_branch_datetime_operator_2 to 2022-08-22T00:00:00+00:00, run_after=2022-08-23T00:00:00+00:00
[2022-08-23 12:13:46,275] {processor.py:161} INFO - Processing /home/airflow/.local/lib/python3.7/site-packages/airflow/example_dags/example_branch_datetime_operator.py took 0.246 seconds
