[2022-08-23 11:59:26,810] {processor.py:153} INFO - Started process (PID=46) to work on /home/airflow/.local/lib/python3.7/site-packages/airflow/example_dags/tutorial.py
[2022-08-23 11:59:26,811] {processor.py:641} INFO - Processing file /home/airflow/.local/lib/python3.7/site-packages/airflow/example_dags/tutorial.py for tasks to queue
[2022-08-23 11:59:26,811] {logging_mixin.py:115} INFO - [2022-08-23 11:59:26,811] {dagbag.py:508} INFO - Filling up the DagBag from /home/airflow/.local/lib/python3.7/site-packages/airflow/example_dags/tutorial.py
[2022-08-23 11:59:26,818] {processor.py:651} INFO - DAG(s) dict_keys(['tutorial']) retrieved from /home/airflow/.local/lib/python3.7/site-packages/airflow/example_dags/tutorial.py
[2022-08-23 11:59:26,844] {logging_mixin.py:115} INFO - [2022-08-23 11:59:26,844] {dag.py:2420} INFO - Sync 1 DAGs
[2022-08-23 11:59:27,016] {logging_mixin.py:115} INFO - [2022-08-23 11:59:27,016] {dag.py:2972} INFO - Setting next_dagrun for tutorial to 2022-08-22T11:59:27.016028+00:00, run_after=2022-08-23T11:59:27.016028+00:00
[2022-08-23 11:59:27,026] {processor.py:161} INFO - Processing /home/airflow/.local/lib/python3.7/site-packages/airflow/example_dags/tutorial.py took 0.219 seconds
[2022-08-23 11:59:57,322] {processor.py:153} INFO - Started process (PID=107) to work on /home/airflow/.local/lib/python3.7/site-packages/airflow/example_dags/tutorial.py
[2022-08-23 11:59:57,323] {processor.py:641} INFO - Processing file /home/airflow/.local/lib/python3.7/site-packages/airflow/example_dags/tutorial.py for tasks to queue
[2022-08-23 11:59:57,323] {logging_mixin.py:115} INFO - [2022-08-23 11:59:57,323] {dagbag.py:508} INFO - Filling up the DagBag from /home/airflow/.local/lib/python3.7/site-packages/airflow/example_dags/tutorial.py
[2022-08-23 11:59:57,326] {processor.py:651} INFO - DAG(s) dict_keys(['tutorial']) retrieved from /home/airflow/.local/lib/python3.7/site-packages/airflow/example_dags/tutorial.py
[2022-08-23 11:59:57,344] {logging_mixin.py:115} INFO - [2022-08-23 11:59:57,344] {dag.py:2420} INFO - Sync 1 DAGs
[2022-08-23 11:59:57,461] {logging_mixin.py:115} INFO - [2022-08-23 11:59:57,461] {dag.py:2972} INFO - Setting next_dagrun for tutorial to 2022-08-22T11:59:57.461068+00:00, run_after=2022-08-23T11:59:57.461068+00:00
[2022-08-23 11:59:57,480] {processor.py:161} INFO - Processing /home/airflow/.local/lib/python3.7/site-packages/airflow/example_dags/tutorial.py took 0.160 seconds
[2022-08-23 12:00:28,176] {processor.py:153} INFO - Started process (PID=168) to work on /home/airflow/.local/lib/python3.7/site-packages/airflow/example_dags/tutorial.py
[2022-08-23 12:00:28,177] {processor.py:641} INFO - Processing file /home/airflow/.local/lib/python3.7/site-packages/airflow/example_dags/tutorial.py for tasks to queue
[2022-08-23 12:00:28,178] {logging_mixin.py:115} INFO - [2022-08-23 12:00:28,178] {dagbag.py:508} INFO - Filling up the DagBag from /home/airflow/.local/lib/python3.7/site-packages/airflow/example_dags/tutorial.py
[2022-08-23 12:00:28,183] {processor.py:651} INFO - DAG(s) dict_keys(['tutorial']) retrieved from /home/airflow/.local/lib/python3.7/site-packages/airflow/example_dags/tutorial.py
[2022-08-23 12:00:28,209] {logging_mixin.py:115} INFO - [2022-08-23 12:00:28,209] {dag.py:2420} INFO - Sync 1 DAGs
[2022-08-23 12:00:28,410] {logging_mixin.py:115} INFO - [2022-08-23 12:00:28,410] {dag.py:2972} INFO - Setting next_dagrun for tutorial to 2022-08-22T12:00:28.409903+00:00, run_after=2022-08-23T12:00:28.409903+00:00
[2022-08-23 12:00:28,423] {processor.py:161} INFO - Processing /home/airflow/.local/lib/python3.7/site-packages/airflow/example_dags/tutorial.py took 0.249 seconds
[2022-08-23 12:00:58,811] {processor.py:153} INFO - Started process (PID=220) to work on /home/airflow/.local/lib/python3.7/site-packages/airflow/example_dags/tutorial.py
[2022-08-23 12:00:58,812] {processor.py:641} INFO - Processing file /home/airflow/.local/lib/python3.7/site-packages/airflow/example_dags/tutorial.py for tasks to queue
[2022-08-23 12:00:58,812] {logging_mixin.py:115} INFO - [2022-08-23 12:00:58,812] {dagbag.py:508} INFO - Filling up the DagBag from /home/airflow/.local/lib/python3.7/site-packages/airflow/example_dags/tutorial.py
[2022-08-23 12:00:58,817] {processor.py:651} INFO - DAG(s) dict_keys(['tutorial']) retrieved from /home/airflow/.local/lib/python3.7/site-packages/airflow/example_dags/tutorial.py
[2022-08-23 12:00:58,840] {logging_mixin.py:115} INFO - [2022-08-23 12:00:58,840] {dag.py:2420} INFO - Sync 1 DAGs
[2022-08-23 12:00:59,054] {logging_mixin.py:115} INFO - [2022-08-23 12:00:59,054] {dag.py:2972} INFO - Setting next_dagrun for tutorial to 2022-08-22T12:00:59.054321+00:00, run_after=2022-08-23T12:00:59.054321+00:00
[2022-08-23 12:00:59,065] {processor.py:161} INFO - Processing /home/airflow/.local/lib/python3.7/site-packages/airflow/example_dags/tutorial.py took 0.255 seconds
[2022-08-23 12:01:29,774] {processor.py:153} INFO - Started process (PID=281) to work on /home/airflow/.local/lib/python3.7/site-packages/airflow/example_dags/tutorial.py
[2022-08-23 12:01:29,774] {processor.py:641} INFO - Processing file /home/airflow/.local/lib/python3.7/site-packages/airflow/example_dags/tutorial.py for tasks to queue
[2022-08-23 12:01:29,775] {logging_mixin.py:115} INFO - [2022-08-23 12:01:29,775] {dagbag.py:508} INFO - Filling up the DagBag from /home/airflow/.local/lib/python3.7/site-packages/airflow/example_dags/tutorial.py
[2022-08-23 12:01:29,780] {processor.py:651} INFO - DAG(s) dict_keys(['tutorial']) retrieved from /home/airflow/.local/lib/python3.7/site-packages/airflow/example_dags/tutorial.py
[2022-08-23 12:01:29,814] {logging_mixin.py:115} INFO - [2022-08-23 12:01:29,814] {dag.py:2420} INFO - Sync 1 DAGs
[2022-08-23 12:01:30,091] {logging_mixin.py:115} INFO - [2022-08-23 12:01:30,090] {dag.py:2972} INFO - Setting next_dagrun for tutorial to 2022-08-22T12:01:30.090710+00:00, run_after=2022-08-23T12:01:30.090710+00:00
[2022-08-23 12:01:30,104] {processor.py:161} INFO - Processing /home/airflow/.local/lib/python3.7/site-packages/airflow/example_dags/tutorial.py took 0.334 seconds
[2022-08-23 12:02:00,377] {processor.py:153} INFO - Started process (PID=333) to work on /home/airflow/.local/lib/python3.7/site-packages/airflow/example_dags/tutorial.py
[2022-08-23 12:02:00,379] {processor.py:641} INFO - Processing file /home/airflow/.local/lib/python3.7/site-packages/airflow/example_dags/tutorial.py for tasks to queue
[2022-08-23 12:02:00,380] {logging_mixin.py:115} INFO - [2022-08-23 12:02:00,380] {dagbag.py:508} INFO - Filling up the DagBag from /home/airflow/.local/lib/python3.7/site-packages/airflow/example_dags/tutorial.py
[2022-08-23 12:02:00,443] {processor.py:651} INFO - DAG(s) dict_keys(['tutorial']) retrieved from /home/airflow/.local/lib/python3.7/site-packages/airflow/example_dags/tutorial.py
[2022-08-23 12:02:00,594] {logging_mixin.py:115} INFO - [2022-08-23 12:02:00,593] {dag.py:2420} INFO - Sync 1 DAGs
[2022-08-23 12:02:01,773] {logging_mixin.py:115} INFO - [2022-08-23 12:02:01,773] {dag.py:2972} INFO - Setting next_dagrun for tutorial to 2022-08-22T12:02:01.772676+00:00, run_after=2022-08-23T12:02:01.772676+00:00
[2022-08-23 12:02:01,799] {processor.py:161} INFO - Processing /home/airflow/.local/lib/python3.7/site-packages/airflow/example_dags/tutorial.py took 1.469 seconds
[2022-08-23 12:02:32,307] {processor.py:153} INFO - Started process (PID=393) to work on /home/airflow/.local/lib/python3.7/site-packages/airflow/example_dags/tutorial.py
[2022-08-23 12:02:32,308] {processor.py:641} INFO - Processing file /home/airflow/.local/lib/python3.7/site-packages/airflow/example_dags/tutorial.py for tasks to queue
[2022-08-23 12:02:32,308] {logging_mixin.py:115} INFO - [2022-08-23 12:02:32,308] {dagbag.py:508} INFO - Filling up the DagBag from /home/airflow/.local/lib/python3.7/site-packages/airflow/example_dags/tutorial.py
[2022-08-23 12:02:32,317] {processor.py:651} INFO - DAG(s) dict_keys(['tutorial']) retrieved from /home/airflow/.local/lib/python3.7/site-packages/airflow/example_dags/tutorial.py
[2022-08-23 12:02:32,350] {logging_mixin.py:115} INFO - [2022-08-23 12:02:32,350] {dag.py:2420} INFO - Sync 1 DAGs
[2022-08-23 12:02:32,536] {logging_mixin.py:115} INFO - [2022-08-23 12:02:32,536] {dag.py:2972} INFO - Setting next_dagrun for tutorial to 2022-08-22T12:02:32.536607+00:00, run_after=2022-08-23T12:02:32.536607+00:00
[2022-08-23 12:02:32,549] {processor.py:161} INFO - Processing /home/airflow/.local/lib/python3.7/site-packages/airflow/example_dags/tutorial.py took 0.248 seconds
[2022-08-23 12:03:02,616] {processor.py:153} INFO - Started process (PID=445) to work on /home/airflow/.local/lib/python3.7/site-packages/airflow/example_dags/tutorial.py
[2022-08-23 12:03:02,617] {processor.py:641} INFO - Processing file /home/airflow/.local/lib/python3.7/site-packages/airflow/example_dags/tutorial.py for tasks to queue
[2022-08-23 12:03:02,617] {logging_mixin.py:115} INFO - [2022-08-23 12:03:02,617] {dagbag.py:508} INFO - Filling up the DagBag from /home/airflow/.local/lib/python3.7/site-packages/airflow/example_dags/tutorial.py
[2022-08-23 12:03:02,626] {processor.py:651} INFO - DAG(s) dict_keys(['tutorial']) retrieved from /home/airflow/.local/lib/python3.7/site-packages/airflow/example_dags/tutorial.py
[2022-08-23 12:03:02,654] {logging_mixin.py:115} INFO - [2022-08-23 12:03:02,654] {dag.py:2420} INFO - Sync 1 DAGs
[2022-08-23 12:03:02,822] {logging_mixin.py:115} INFO - [2022-08-23 12:03:02,822] {dag.py:2972} INFO - Setting next_dagrun for tutorial to 2022-08-22T12:03:02.822435+00:00, run_after=2022-08-23T12:03:02.822435+00:00
[2022-08-23 12:03:02,833] {processor.py:161} INFO - Processing /home/airflow/.local/lib/python3.7/site-packages/airflow/example_dags/tutorial.py took 0.222 seconds
[2022-08-23 12:03:33,125] {processor.py:153} INFO - Started process (PID=506) to work on /home/airflow/.local/lib/python3.7/site-packages/airflow/example_dags/tutorial.py
[2022-08-23 12:03:33,126] {processor.py:641} INFO - Processing file /home/airflow/.local/lib/python3.7/site-packages/airflow/example_dags/tutorial.py for tasks to queue
[2022-08-23 12:03:33,127] {logging_mixin.py:115} INFO - [2022-08-23 12:03:33,127] {dagbag.py:508} INFO - Filling up the DagBag from /home/airflow/.local/lib/python3.7/site-packages/airflow/example_dags/tutorial.py
[2022-08-23 12:03:33,132] {processor.py:651} INFO - DAG(s) dict_keys(['tutorial']) retrieved from /home/airflow/.local/lib/python3.7/site-packages/airflow/example_dags/tutorial.py
[2022-08-23 12:03:33,156] {logging_mixin.py:115} INFO - [2022-08-23 12:03:33,155] {dag.py:2420} INFO - Sync 1 DAGs
[2022-08-23 12:03:33,379] {logging_mixin.py:115} INFO - [2022-08-23 12:03:33,379] {dag.py:2972} INFO - Setting next_dagrun for tutorial to 2022-08-22T12:03:33.378860+00:00, run_after=2022-08-23T12:03:33.378860+00:00
[2022-08-23 12:03:33,390] {processor.py:161} INFO - Processing /home/airflow/.local/lib/python3.7/site-packages/airflow/example_dags/tutorial.py took 0.268 seconds
[2022-08-23 12:04:03,496] {processor.py:153} INFO - Started process (PID=567) to work on /home/airflow/.local/lib/python3.7/site-packages/airflow/example_dags/tutorial.py
[2022-08-23 12:04:03,497] {processor.py:641} INFO - Processing file /home/airflow/.local/lib/python3.7/site-packages/airflow/example_dags/tutorial.py for tasks to queue
[2022-08-23 12:04:03,498] {logging_mixin.py:115} INFO - [2022-08-23 12:04:03,498] {dagbag.py:508} INFO - Filling up the DagBag from /home/airflow/.local/lib/python3.7/site-packages/airflow/example_dags/tutorial.py
[2022-08-23 12:04:03,505] {processor.py:651} INFO - DAG(s) dict_keys(['tutorial']) retrieved from /home/airflow/.local/lib/python3.7/site-packages/airflow/example_dags/tutorial.py
[2022-08-23 12:04:03,536] {logging_mixin.py:115} INFO - [2022-08-23 12:04:03,536] {dag.py:2420} INFO - Sync 1 DAGs
[2022-08-23 12:04:03,749] {logging_mixin.py:115} INFO - [2022-08-23 12:04:03,749] {dag.py:2972} INFO - Setting next_dagrun for tutorial to 2022-08-22T12:04:03.748884+00:00, run_after=2022-08-23T12:04:03.748884+00:00
[2022-08-23 12:04:03,764] {processor.py:161} INFO - Processing /home/airflow/.local/lib/python3.7/site-packages/airflow/example_dags/tutorial.py took 0.271 seconds
[2022-08-23 12:04:34,363] {processor.py:153} INFO - Started process (PID=619) to work on /home/airflow/.local/lib/python3.7/site-packages/airflow/example_dags/tutorial.py
[2022-08-23 12:04:34,364] {processor.py:641} INFO - Processing file /home/airflow/.local/lib/python3.7/site-packages/airflow/example_dags/tutorial.py for tasks to queue
[2022-08-23 12:04:34,364] {logging_mixin.py:115} INFO - [2022-08-23 12:04:34,364] {dagbag.py:508} INFO - Filling up the DagBag from /home/airflow/.local/lib/python3.7/site-packages/airflow/example_dags/tutorial.py
[2022-08-23 12:04:34,371] {processor.py:651} INFO - DAG(s) dict_keys(['tutorial']) retrieved from /home/airflow/.local/lib/python3.7/site-packages/airflow/example_dags/tutorial.py
[2022-08-23 12:04:34,413] {logging_mixin.py:115} INFO - [2022-08-23 12:04:34,413] {dag.py:2420} INFO - Sync 1 DAGs
[2022-08-23 12:04:34,703] {logging_mixin.py:115} INFO - [2022-08-23 12:04:34,702] {dag.py:2972} INFO - Setting next_dagrun for tutorial to 2022-08-22T12:04:34.702441+00:00, run_after=2022-08-23T12:04:34.702441+00:00
[2022-08-23 12:04:34,715] {processor.py:161} INFO - Processing /home/airflow/.local/lib/python3.7/site-packages/airflow/example_dags/tutorial.py took 0.357 seconds
[2022-08-23 12:05:04,907] {processor.py:153} INFO - Started process (PID=680) to work on /home/airflow/.local/lib/python3.7/site-packages/airflow/example_dags/tutorial.py
[2022-08-23 12:05:04,908] {processor.py:641} INFO - Processing file /home/airflow/.local/lib/python3.7/site-packages/airflow/example_dags/tutorial.py for tasks to queue
[2022-08-23 12:05:04,908] {logging_mixin.py:115} INFO - [2022-08-23 12:05:04,908] {dagbag.py:508} INFO - Filling up the DagBag from /home/airflow/.local/lib/python3.7/site-packages/airflow/example_dags/tutorial.py
[2022-08-23 12:05:04,915] {processor.py:651} INFO - DAG(s) dict_keys(['tutorial']) retrieved from /home/airflow/.local/lib/python3.7/site-packages/airflow/example_dags/tutorial.py
[2022-08-23 12:05:04,988] {logging_mixin.py:115} INFO - [2022-08-23 12:05:04,988] {dag.py:2420} INFO - Sync 1 DAGs
[2022-08-23 12:05:05,171] {logging_mixin.py:115} INFO - [2022-08-23 12:05:05,171] {dag.py:2972} INFO - Setting next_dagrun for tutorial to 2022-08-22T12:05:05.171412+00:00, run_after=2022-08-23T12:05:05.171412+00:00
[2022-08-23 12:05:05,183] {processor.py:161} INFO - Processing /home/airflow/.local/lib/python3.7/site-packages/airflow/example_dags/tutorial.py took 0.280 seconds
[2022-08-23 12:05:35,790] {processor.py:153} INFO - Started process (PID=732) to work on /home/airflow/.local/lib/python3.7/site-packages/airflow/example_dags/tutorial.py
[2022-08-23 12:05:35,799] {processor.py:641} INFO - Processing file /home/airflow/.local/lib/python3.7/site-packages/airflow/example_dags/tutorial.py for tasks to queue
[2022-08-23 12:05:35,799] {logging_mixin.py:115} INFO - [2022-08-23 12:05:35,799] {dagbag.py:508} INFO - Filling up the DagBag from /home/airflow/.local/lib/python3.7/site-packages/airflow/example_dags/tutorial.py
[2022-08-23 12:05:35,804] {processor.py:651} INFO - DAG(s) dict_keys(['tutorial']) retrieved from /home/airflow/.local/lib/python3.7/site-packages/airflow/example_dags/tutorial.py
[2022-08-23 12:05:35,837] {logging_mixin.py:115} INFO - [2022-08-23 12:05:35,837] {dag.py:2420} INFO - Sync 1 DAGs
[2022-08-23 12:05:36,006] {logging_mixin.py:115} INFO - [2022-08-23 12:05:36,006] {dag.py:2972} INFO - Setting next_dagrun for tutorial to 2022-08-22T12:05:36.005898+00:00, run_after=2022-08-23T12:05:36.005898+00:00
[2022-08-23 12:05:36,029] {processor.py:161} INFO - Processing /home/airflow/.local/lib/python3.7/site-packages/airflow/example_dags/tutorial.py took 0.243 seconds
[2022-08-23 12:06:06,079] {processor.py:153} INFO - Started process (PID=793) to work on /home/airflow/.local/lib/python3.7/site-packages/airflow/example_dags/tutorial.py
[2022-08-23 12:06:06,084] {processor.py:641} INFO - Processing file /home/airflow/.local/lib/python3.7/site-packages/airflow/example_dags/tutorial.py for tasks to queue
[2022-08-23 12:06:06,085] {logging_mixin.py:115} INFO - [2022-08-23 12:06:06,084] {dagbag.py:508} INFO - Filling up the DagBag from /home/airflow/.local/lib/python3.7/site-packages/airflow/example_dags/tutorial.py
[2022-08-23 12:06:06,092] {processor.py:651} INFO - DAG(s) dict_keys(['tutorial']) retrieved from /home/airflow/.local/lib/python3.7/site-packages/airflow/example_dags/tutorial.py
[2022-08-23 12:06:06,123] {logging_mixin.py:115} INFO - [2022-08-23 12:06:06,123] {dag.py:2420} INFO - Sync 1 DAGs
[2022-08-23 12:06:06,305] {logging_mixin.py:115} INFO - [2022-08-23 12:06:06,305] {dag.py:2972} INFO - Setting next_dagrun for tutorial to 2022-08-22T12:06:06.305679+00:00, run_after=2022-08-23T12:06:06.305679+00:00
[2022-08-23 12:06:06,327] {processor.py:161} INFO - Processing /home/airflow/.local/lib/python3.7/site-packages/airflow/example_dags/tutorial.py took 0.253 seconds
[2022-08-23 12:06:36,729] {processor.py:153} INFO - Started process (PID=854) to work on /home/airflow/.local/lib/python3.7/site-packages/airflow/example_dags/tutorial.py
[2022-08-23 12:06:36,730] {processor.py:641} INFO - Processing file /home/airflow/.local/lib/python3.7/site-packages/airflow/example_dags/tutorial.py for tasks to queue
[2022-08-23 12:06:36,731] {logging_mixin.py:115} INFO - [2022-08-23 12:06:36,730] {dagbag.py:508} INFO - Filling up the DagBag from /home/airflow/.local/lib/python3.7/site-packages/airflow/example_dags/tutorial.py
[2022-08-23 12:06:36,742] {processor.py:651} INFO - DAG(s) dict_keys(['tutorial']) retrieved from /home/airflow/.local/lib/python3.7/site-packages/airflow/example_dags/tutorial.py
[2022-08-23 12:06:36,779] {logging_mixin.py:115} INFO - [2022-08-23 12:06:36,779] {dag.py:2420} INFO - Sync 1 DAGs
[2022-08-23 12:06:37,080] {logging_mixin.py:115} INFO - [2022-08-23 12:06:37,080] {dag.py:2972} INFO - Setting next_dagrun for tutorial to 2022-08-22T12:06:37.080285+00:00, run_after=2022-08-23T12:06:37.080285+00:00
[2022-08-23 12:06:37,096] {processor.py:161} INFO - Processing /home/airflow/.local/lib/python3.7/site-packages/airflow/example_dags/tutorial.py took 0.372 seconds
[2022-08-23 12:07:07,284] {processor.py:153} INFO - Started process (PID=906) to work on /home/airflow/.local/lib/python3.7/site-packages/airflow/example_dags/tutorial.py
[2022-08-23 12:07:07,284] {processor.py:641} INFO - Processing file /home/airflow/.local/lib/python3.7/site-packages/airflow/example_dags/tutorial.py for tasks to queue
[2022-08-23 12:07:07,285] {logging_mixin.py:115} INFO - [2022-08-23 12:07:07,285] {dagbag.py:508} INFO - Filling up the DagBag from /home/airflow/.local/lib/python3.7/site-packages/airflow/example_dags/tutorial.py
[2022-08-23 12:07:07,294] {processor.py:651} INFO - DAG(s) dict_keys(['tutorial']) retrieved from /home/airflow/.local/lib/python3.7/site-packages/airflow/example_dags/tutorial.py
[2022-08-23 12:07:07,338] {logging_mixin.py:115} INFO - [2022-08-23 12:07:07,338] {dag.py:2420} INFO - Sync 1 DAGs
[2022-08-23 12:07:07,513] {logging_mixin.py:115} INFO - [2022-08-23 12:07:07,513] {dag.py:2972} INFO - Setting next_dagrun for tutorial to 2022-08-22T12:07:07.513523+00:00, run_after=2022-08-23T12:07:07.513523+00:00
[2022-08-23 12:07:07,526] {processor.py:161} INFO - Processing /home/airflow/.local/lib/python3.7/site-packages/airflow/example_dags/tutorial.py took 0.247 seconds
[2022-08-23 12:07:37,589] {processor.py:153} INFO - Started process (PID=967) to work on /home/airflow/.local/lib/python3.7/site-packages/airflow/example_dags/tutorial.py
[2022-08-23 12:07:37,590] {processor.py:641} INFO - Processing file /home/airflow/.local/lib/python3.7/site-packages/airflow/example_dags/tutorial.py for tasks to queue
[2022-08-23 12:07:37,591] {logging_mixin.py:115} INFO - [2022-08-23 12:07:37,591] {dagbag.py:508} INFO - Filling up the DagBag from /home/airflow/.local/lib/python3.7/site-packages/airflow/example_dags/tutorial.py
[2022-08-23 12:07:37,601] {processor.py:651} INFO - DAG(s) dict_keys(['tutorial']) retrieved from /home/airflow/.local/lib/python3.7/site-packages/airflow/example_dags/tutorial.py
[2022-08-23 12:07:37,635] {logging_mixin.py:115} INFO - [2022-08-23 12:07:37,635] {dag.py:2420} INFO - Sync 1 DAGs
[2022-08-23 12:07:37,815] {logging_mixin.py:115} INFO - [2022-08-23 12:07:37,815] {dag.py:2972} INFO - Setting next_dagrun for tutorial to 2022-08-22T12:07:37.814969+00:00, run_after=2022-08-23T12:07:37.814969+00:00
[2022-08-23 12:07:37,827] {processor.py:161} INFO - Processing /home/airflow/.local/lib/python3.7/site-packages/airflow/example_dags/tutorial.py took 0.242 seconds
[2022-08-23 12:08:08,590] {processor.py:153} INFO - Started process (PID=1028) to work on /home/airflow/.local/lib/python3.7/site-packages/airflow/example_dags/tutorial.py
[2022-08-23 12:08:08,600] {processor.py:641} INFO - Processing file /home/airflow/.local/lib/python3.7/site-packages/airflow/example_dags/tutorial.py for tasks to queue
[2022-08-23 12:08:08,600] {logging_mixin.py:115} INFO - [2022-08-23 12:08:08,600] {dagbag.py:508} INFO - Filling up the DagBag from /home/airflow/.local/lib/python3.7/site-packages/airflow/example_dags/tutorial.py
[2022-08-23 12:08:08,605] {processor.py:651} INFO - DAG(s) dict_keys(['tutorial']) retrieved from /home/airflow/.local/lib/python3.7/site-packages/airflow/example_dags/tutorial.py
[2022-08-23 12:08:08,636] {logging_mixin.py:115} INFO - [2022-08-23 12:08:08,635] {dag.py:2420} INFO - Sync 1 DAGs
[2022-08-23 12:08:08,832] {logging_mixin.py:115} INFO - [2022-08-23 12:08:08,832] {dag.py:2972} INFO - Setting next_dagrun for tutorial to 2022-08-22T12:08:08.832655+00:00, run_after=2022-08-23T12:08:08.832655+00:00
[2022-08-23 12:08:08,858] {processor.py:161} INFO - Processing /home/airflow/.local/lib/python3.7/site-packages/airflow/example_dags/tutorial.py took 0.270 seconds
[2022-08-23 12:08:39,193] {processor.py:153} INFO - Started process (PID=1080) to work on /home/airflow/.local/lib/python3.7/site-packages/airflow/example_dags/tutorial.py
[2022-08-23 12:08:39,200] {processor.py:641} INFO - Processing file /home/airflow/.local/lib/python3.7/site-packages/airflow/example_dags/tutorial.py for tasks to queue
[2022-08-23 12:08:39,200] {logging_mixin.py:115} INFO - [2022-08-23 12:08:39,200] {dagbag.py:508} INFO - Filling up the DagBag from /home/airflow/.local/lib/python3.7/site-packages/airflow/example_dags/tutorial.py
[2022-08-23 12:08:39,210] {processor.py:651} INFO - DAG(s) dict_keys(['tutorial']) retrieved from /home/airflow/.local/lib/python3.7/site-packages/airflow/example_dags/tutorial.py
[2022-08-23 12:08:39,244] {logging_mixin.py:115} INFO - [2022-08-23 12:08:39,244] {dag.py:2420} INFO - Sync 1 DAGs
[2022-08-23 12:08:39,444] {logging_mixin.py:115} INFO - [2022-08-23 12:08:39,444] {dag.py:2972} INFO - Setting next_dagrun for tutorial to 2022-08-22T12:08:39.444438+00:00, run_after=2022-08-23T12:08:39.444438+00:00
[2022-08-23 12:08:39,458] {processor.py:161} INFO - Processing /home/airflow/.local/lib/python3.7/site-packages/airflow/example_dags/tutorial.py took 0.269 seconds
[2022-08-23 12:09:09,714] {processor.py:153} INFO - Started process (PID=1141) to work on /home/airflow/.local/lib/python3.7/site-packages/airflow/example_dags/tutorial.py
[2022-08-23 12:09:09,723] {processor.py:641} INFO - Processing file /home/airflow/.local/lib/python3.7/site-packages/airflow/example_dags/tutorial.py for tasks to queue
[2022-08-23 12:09:09,724] {logging_mixin.py:115} INFO - [2022-08-23 12:09:09,724] {dagbag.py:508} INFO - Filling up the DagBag from /home/airflow/.local/lib/python3.7/site-packages/airflow/example_dags/tutorial.py
[2022-08-23 12:09:09,729] {processor.py:651} INFO - DAG(s) dict_keys(['tutorial']) retrieved from /home/airflow/.local/lib/python3.7/site-packages/airflow/example_dags/tutorial.py
[2022-08-23 12:09:09,759] {logging_mixin.py:115} INFO - [2022-08-23 12:09:09,759] {dag.py:2420} INFO - Sync 1 DAGs
[2022-08-23 12:09:09,923] {logging_mixin.py:115} INFO - [2022-08-23 12:09:09,923] {dag.py:2972} INFO - Setting next_dagrun for tutorial to 2022-08-22T12:09:09.923486+00:00, run_after=2022-08-23T12:09:09.923486+00:00
[2022-08-23 12:09:09,935] {processor.py:161} INFO - Processing /home/airflow/.local/lib/python3.7/site-packages/airflow/example_dags/tutorial.py took 0.226 seconds
[2022-08-23 12:09:40,048] {processor.py:153} INFO - Started process (PID=1193) to work on /home/airflow/.local/lib/python3.7/site-packages/airflow/example_dags/tutorial.py
[2022-08-23 12:09:40,049] {processor.py:641} INFO - Processing file /home/airflow/.local/lib/python3.7/site-packages/airflow/example_dags/tutorial.py for tasks to queue
[2022-08-23 12:09:40,049] {logging_mixin.py:115} INFO - [2022-08-23 12:09:40,049] {dagbag.py:508} INFO - Filling up the DagBag from /home/airflow/.local/lib/python3.7/site-packages/airflow/example_dags/tutorial.py
[2022-08-23 12:09:40,067] {processor.py:651} INFO - DAG(s) dict_keys(['tutorial']) retrieved from /home/airflow/.local/lib/python3.7/site-packages/airflow/example_dags/tutorial.py
[2022-08-23 12:09:40,099] {logging_mixin.py:115} INFO - [2022-08-23 12:09:40,098] {dag.py:2420} INFO - Sync 1 DAGs
[2022-08-23 12:09:40,295] {logging_mixin.py:115} INFO - [2022-08-23 12:09:40,294] {dag.py:2972} INFO - Setting next_dagrun for tutorial to 2022-08-22T12:09:40.294431+00:00, run_after=2022-08-23T12:09:40.294431+00:00
[2022-08-23 12:09:40,305] {processor.py:161} INFO - Processing /home/airflow/.local/lib/python3.7/site-packages/airflow/example_dags/tutorial.py took 0.260 seconds
[2022-08-23 12:10:10,456] {processor.py:153} INFO - Started process (PID=1254) to work on /home/airflow/.local/lib/python3.7/site-packages/airflow/example_dags/tutorial.py
[2022-08-23 12:10:10,457] {processor.py:641} INFO - Processing file /home/airflow/.local/lib/python3.7/site-packages/airflow/example_dags/tutorial.py for tasks to queue
[2022-08-23 12:10:10,457] {logging_mixin.py:115} INFO - [2022-08-23 12:10:10,457] {dagbag.py:508} INFO - Filling up the DagBag from /home/airflow/.local/lib/python3.7/site-packages/airflow/example_dags/tutorial.py
[2022-08-23 12:10:10,465] {processor.py:651} INFO - DAG(s) dict_keys(['tutorial']) retrieved from /home/airflow/.local/lib/python3.7/site-packages/airflow/example_dags/tutorial.py
[2022-08-23 12:10:10,496] {logging_mixin.py:115} INFO - [2022-08-23 12:10:10,496] {dag.py:2420} INFO - Sync 1 DAGs
[2022-08-23 12:10:10,667] {logging_mixin.py:115} INFO - [2022-08-23 12:10:10,667] {dag.py:2972} INFO - Setting next_dagrun for tutorial to 2022-08-22T12:10:10.666968+00:00, run_after=2022-08-23T12:10:10.666968+00:00
[2022-08-23 12:10:10,691] {processor.py:161} INFO - Processing /home/airflow/.local/lib/python3.7/site-packages/airflow/example_dags/tutorial.py took 0.238 seconds
[2022-08-23 12:10:41,247] {processor.py:153} INFO - Started process (PID=1315) to work on /home/airflow/.local/lib/python3.7/site-packages/airflow/example_dags/tutorial.py
[2022-08-23 12:10:41,258] {processor.py:641} INFO - Processing file /home/airflow/.local/lib/python3.7/site-packages/airflow/example_dags/tutorial.py for tasks to queue
[2022-08-23 12:10:41,258] {logging_mixin.py:115} INFO - [2022-08-23 12:10:41,258] {dagbag.py:508} INFO - Filling up the DagBag from /home/airflow/.local/lib/python3.7/site-packages/airflow/example_dags/tutorial.py
[2022-08-23 12:10:41,263] {processor.py:651} INFO - DAG(s) dict_keys(['tutorial']) retrieved from /home/airflow/.local/lib/python3.7/site-packages/airflow/example_dags/tutorial.py
[2022-08-23 12:10:41,290] {logging_mixin.py:115} INFO - [2022-08-23 12:10:41,290] {dag.py:2420} INFO - Sync 1 DAGs
[2022-08-23 12:10:41,467] {logging_mixin.py:115} INFO - [2022-08-23 12:10:41,467] {dag.py:2972} INFO - Setting next_dagrun for tutorial to 2022-08-22T12:10:41.466916+00:00, run_after=2022-08-23T12:10:41.466916+00:00
[2022-08-23 12:10:41,478] {processor.py:161} INFO - Processing /home/airflow/.local/lib/python3.7/site-packages/airflow/example_dags/tutorial.py took 0.233 seconds
[2022-08-23 12:11:11,979] {processor.py:153} INFO - Started process (PID=1367) to work on /home/airflow/.local/lib/python3.7/site-packages/airflow/example_dags/tutorial.py
[2022-08-23 12:11:11,980] {processor.py:641} INFO - Processing file /home/airflow/.local/lib/python3.7/site-packages/airflow/example_dags/tutorial.py for tasks to queue
[2022-08-23 12:11:11,981] {logging_mixin.py:115} INFO - [2022-08-23 12:11:11,980] {dagbag.py:508} INFO - Filling up the DagBag from /home/airflow/.local/lib/python3.7/site-packages/airflow/example_dags/tutorial.py
[2022-08-23 12:11:11,991] {processor.py:651} INFO - DAG(s) dict_keys(['tutorial']) retrieved from /home/airflow/.local/lib/python3.7/site-packages/airflow/example_dags/tutorial.py
[2022-08-23 12:11:12,041] {logging_mixin.py:115} INFO - [2022-08-23 12:11:12,040] {dag.py:2420} INFO - Sync 1 DAGs
[2022-08-23 12:11:12,350] {logging_mixin.py:115} INFO - [2022-08-23 12:11:12,350] {dag.py:2972} INFO - Setting next_dagrun for tutorial to 2022-08-22T12:11:12.350601+00:00, run_after=2022-08-23T12:11:12.350601+00:00
[2022-08-23 12:11:12,364] {processor.py:161} INFO - Processing /home/airflow/.local/lib/python3.7/site-packages/airflow/example_dags/tutorial.py took 0.390 seconds
[2022-08-23 12:11:42,424] {processor.py:153} INFO - Started process (PID=1428) to work on /home/airflow/.local/lib/python3.7/site-packages/airflow/example_dags/tutorial.py
[2022-08-23 12:11:42,424] {processor.py:641} INFO - Processing file /home/airflow/.local/lib/python3.7/site-packages/airflow/example_dags/tutorial.py for tasks to queue
[2022-08-23 12:11:42,425] {logging_mixin.py:115} INFO - [2022-08-23 12:11:42,425] {dagbag.py:508} INFO - Filling up the DagBag from /home/airflow/.local/lib/python3.7/site-packages/airflow/example_dags/tutorial.py
[2022-08-23 12:11:42,432] {processor.py:651} INFO - DAG(s) dict_keys(['tutorial']) retrieved from /home/airflow/.local/lib/python3.7/site-packages/airflow/example_dags/tutorial.py
[2022-08-23 12:11:42,485] {logging_mixin.py:115} INFO - [2022-08-23 12:11:42,484] {dag.py:2420} INFO - Sync 1 DAGs
[2022-08-23 12:11:42,677] {logging_mixin.py:115} INFO - [2022-08-23 12:11:42,677] {dag.py:2972} INFO - Setting next_dagrun for tutorial to 2022-08-22T12:11:42.677091+00:00, run_after=2022-08-23T12:11:42.677091+00:00
[2022-08-23 12:11:42,689] {processor.py:161} INFO - Processing /home/airflow/.local/lib/python3.7/site-packages/airflow/example_dags/tutorial.py took 0.269 seconds
[2022-08-23 12:12:12,885] {processor.py:153} INFO - Started process (PID=1489) to work on /home/airflow/.local/lib/python3.7/site-packages/airflow/example_dags/tutorial.py
[2022-08-23 12:12:12,885] {processor.py:641} INFO - Processing file /home/airflow/.local/lib/python3.7/site-packages/airflow/example_dags/tutorial.py for tasks to queue
[2022-08-23 12:12:12,885] {logging_mixin.py:115} INFO - [2022-08-23 12:12:12,885] {dagbag.py:508} INFO - Filling up the DagBag from /home/airflow/.local/lib/python3.7/site-packages/airflow/example_dags/tutorial.py
[2022-08-23 12:12:12,890] {processor.py:651} INFO - DAG(s) dict_keys(['tutorial']) retrieved from /home/airflow/.local/lib/python3.7/site-packages/airflow/example_dags/tutorial.py
[2022-08-23 12:12:12,920] {logging_mixin.py:115} INFO - [2022-08-23 12:12:12,920] {dag.py:2420} INFO - Sync 1 DAGs
[2022-08-23 12:12:13,089] {logging_mixin.py:115} INFO - [2022-08-23 12:12:13,089] {dag.py:2972} INFO - Setting next_dagrun for tutorial to 2022-08-22T12:12:13.089646+00:00, run_after=2022-08-23T12:12:13.089646+00:00
[2022-08-23 12:12:13,109] {processor.py:161} INFO - Processing /home/airflow/.local/lib/python3.7/site-packages/airflow/example_dags/tutorial.py took 0.227 seconds
[2022-08-23 12:12:43,301] {processor.py:153} INFO - Started process (PID=1541) to work on /home/airflow/.local/lib/python3.7/site-packages/airflow/example_dags/tutorial.py
[2022-08-23 12:12:43,301] {processor.py:641} INFO - Processing file /home/airflow/.local/lib/python3.7/site-packages/airflow/example_dags/tutorial.py for tasks to queue
[2022-08-23 12:12:43,301] {logging_mixin.py:115} INFO - [2022-08-23 12:12:43,301] {dagbag.py:508} INFO - Filling up the DagBag from /home/airflow/.local/lib/python3.7/site-packages/airflow/example_dags/tutorial.py
[2022-08-23 12:12:43,306] {processor.py:651} INFO - DAG(s) dict_keys(['tutorial']) retrieved from /home/airflow/.local/lib/python3.7/site-packages/airflow/example_dags/tutorial.py
[2022-08-23 12:12:43,334] {logging_mixin.py:115} INFO - [2022-08-23 12:12:43,334] {dag.py:2420} INFO - Sync 1 DAGs
[2022-08-23 12:12:43,521] {logging_mixin.py:115} INFO - [2022-08-23 12:12:43,521] {dag.py:2972} INFO - Setting next_dagrun for tutorial to 2022-08-22T12:12:43.520828+00:00, run_after=2022-08-23T12:12:43.520828+00:00
[2022-08-23 12:12:43,533] {processor.py:161} INFO - Processing /home/airflow/.local/lib/python3.7/site-packages/airflow/example_dags/tutorial.py took 0.235 seconds
[2022-08-23 12:13:13,649] {processor.py:153} INFO - Started process (PID=1602) to work on /home/airflow/.local/lib/python3.7/site-packages/airflow/example_dags/tutorial.py
[2022-08-23 12:13:13,650] {processor.py:641} INFO - Processing file /home/airflow/.local/lib/python3.7/site-packages/airflow/example_dags/tutorial.py for tasks to queue
[2022-08-23 12:13:13,651] {logging_mixin.py:115} INFO - [2022-08-23 12:13:13,651] {dagbag.py:508} INFO - Filling up the DagBag from /home/airflow/.local/lib/python3.7/site-packages/airflow/example_dags/tutorial.py
[2022-08-23 12:13:13,661] {processor.py:651} INFO - DAG(s) dict_keys(['tutorial']) retrieved from /home/airflow/.local/lib/python3.7/site-packages/airflow/example_dags/tutorial.py
[2022-08-23 12:13:13,708] {logging_mixin.py:115} INFO - [2022-08-23 12:13:13,708] {dag.py:2420} INFO - Sync 1 DAGs
[2022-08-23 12:13:14,301] {logging_mixin.py:115} INFO - [2022-08-23 12:13:14,301] {dag.py:2972} INFO - Setting next_dagrun for tutorial to 2022-08-22T12:13:14.301176+00:00, run_after=2022-08-23T12:13:14.301176+00:00
[2022-08-23 12:13:14,313] {processor.py:161} INFO - Processing /home/airflow/.local/lib/python3.7/site-packages/airflow/example_dags/tutorial.py took 0.671 seconds
[2022-08-23 12:13:45,066] {processor.py:153} INFO - Started process (PID=1663) to work on /home/airflow/.local/lib/python3.7/site-packages/airflow/example_dags/tutorial.py
[2022-08-23 12:13:45,066] {processor.py:641} INFO - Processing file /home/airflow/.local/lib/python3.7/site-packages/airflow/example_dags/tutorial.py for tasks to queue
[2022-08-23 12:13:45,068] {logging_mixin.py:115} INFO - [2022-08-23 12:13:45,067] {dagbag.py:508} INFO - Filling up the DagBag from /home/airflow/.local/lib/python3.7/site-packages/airflow/example_dags/tutorial.py
[2022-08-23 12:13:45,074] {processor.py:651} INFO - DAG(s) dict_keys(['tutorial']) retrieved from /home/airflow/.local/lib/python3.7/site-packages/airflow/example_dags/tutorial.py
[2022-08-23 12:13:45,110] {logging_mixin.py:115} INFO - [2022-08-23 12:13:45,110] {dag.py:2420} INFO - Sync 1 DAGs
[2022-08-23 12:13:45,444] {logging_mixin.py:115} INFO - [2022-08-23 12:13:45,444] {dag.py:2972} INFO - Setting next_dagrun for tutorial to 2022-08-22T12:13:45.444000+00:00, run_after=2022-08-23T12:13:45.444000+00:00
[2022-08-23 12:13:45,458] {processor.py:161} INFO - Processing /home/airflow/.local/lib/python3.7/site-packages/airflow/example_dags/tutorial.py took 0.396 seconds
