[2022-08-23 11:59:29,305] {processor.py:153} INFO - Started process (PID=64) to work on /home/airflow/.local/lib/python3.7/site-packages/airflow/example_dags/tutorial_taskflow_api_etl.py
[2022-08-23 11:59:29,305] {processor.py:641} INFO - Processing file /home/airflow/.local/lib/python3.7/site-packages/airflow/example_dags/tutorial_taskflow_api_etl.py for tasks to queue
[2022-08-23 11:59:29,307] {logging_mixin.py:115} INFO - [2022-08-23 11:59:29,306] {dagbag.py:508} INFO - Filling up the DagBag from /home/airflow/.local/lib/python3.7/site-packages/airflow/example_dags/tutorial_taskflow_api_etl.py
[2022-08-23 11:59:29,325] {processor.py:651} INFO - DAG(s) dict_keys(['tutorial_taskflow_api_etl']) retrieved from /home/airflow/.local/lib/python3.7/site-packages/airflow/example_dags/tutorial_taskflow_api_etl.py
[2022-08-23 11:59:29,575] {logging_mixin.py:115} INFO - [2022-08-23 11:59:29,575] {dag.py:2420} INFO - Sync 1 DAGs
[2022-08-23 11:59:29,595] {logging_mixin.py:115} INFO - [2022-08-23 11:59:29,595] {dag.py:2972} INFO - Setting next_dagrun for tutorial_taskflow_api_etl to None, run_after=None
[2022-08-23 11:59:29,611] {processor.py:161} INFO - Processing /home/airflow/.local/lib/python3.7/site-packages/airflow/example_dags/tutorial_taskflow_api_etl.py took 0.310 seconds
[2022-08-23 11:59:59,681] {processor.py:153} INFO - Started process (PID=125) to work on /home/airflow/.local/lib/python3.7/site-packages/airflow/example_dags/tutorial_taskflow_api_etl.py
[2022-08-23 11:59:59,682] {processor.py:641} INFO - Processing file /home/airflow/.local/lib/python3.7/site-packages/airflow/example_dags/tutorial_taskflow_api_etl.py for tasks to queue
[2022-08-23 11:59:59,683] {logging_mixin.py:115} INFO - [2022-08-23 11:59:59,683] {dagbag.py:508} INFO - Filling up the DagBag from /home/airflow/.local/lib/python3.7/site-packages/airflow/example_dags/tutorial_taskflow_api_etl.py
[2022-08-23 11:59:59,694] {processor.py:651} INFO - DAG(s) dict_keys(['tutorial_taskflow_api_etl']) retrieved from /home/airflow/.local/lib/python3.7/site-packages/airflow/example_dags/tutorial_taskflow_api_etl.py
[2022-08-23 11:59:59,852] {logging_mixin.py:115} INFO - [2022-08-23 11:59:59,852] {dag.py:2420} INFO - Sync 1 DAGs
[2022-08-23 11:59:59,867] {logging_mixin.py:115} INFO - [2022-08-23 11:59:59,867] {dag.py:2972} INFO - Setting next_dagrun for tutorial_taskflow_api_etl to None, run_after=None
[2022-08-23 11:59:59,878] {processor.py:161} INFO - Processing /home/airflow/.local/lib/python3.7/site-packages/airflow/example_dags/tutorial_taskflow_api_etl.py took 0.200 seconds
[2022-08-23 12:00:31,520] {processor.py:153} INFO - Started process (PID=186) to work on /home/airflow/.local/lib/python3.7/site-packages/airflow/example_dags/tutorial_taskflow_api_etl.py
[2022-08-23 12:00:31,521] {processor.py:641} INFO - Processing file /home/airflow/.local/lib/python3.7/site-packages/airflow/example_dags/tutorial_taskflow_api_etl.py for tasks to queue
[2022-08-23 12:00:31,521] {logging_mixin.py:115} INFO - [2022-08-23 12:00:31,521] {dagbag.py:508} INFO - Filling up the DagBag from /home/airflow/.local/lib/python3.7/site-packages/airflow/example_dags/tutorial_taskflow_api_etl.py
[2022-08-23 12:00:31,545] {processor.py:651} INFO - DAG(s) dict_keys(['tutorial_taskflow_api_etl']) retrieved from /home/airflow/.local/lib/python3.7/site-packages/airflow/example_dags/tutorial_taskflow_api_etl.py
[2022-08-23 12:00:31,746] {logging_mixin.py:115} INFO - [2022-08-23 12:00:31,746] {dag.py:2420} INFO - Sync 1 DAGs
[2022-08-23 12:00:31,763] {logging_mixin.py:115} INFO - [2022-08-23 12:00:31,763] {dag.py:2972} INFO - Setting next_dagrun for tutorial_taskflow_api_etl to None, run_after=None
[2022-08-23 12:00:31,780] {processor.py:161} INFO - Processing /home/airflow/.local/lib/python3.7/site-packages/airflow/example_dags/tutorial_taskflow_api_etl.py took 0.265 seconds
[2022-08-23 12:01:01,917] {processor.py:153} INFO - Started process (PID=238) to work on /home/airflow/.local/lib/python3.7/site-packages/airflow/example_dags/tutorial_taskflow_api_etl.py
[2022-08-23 12:01:01,918] {processor.py:641} INFO - Processing file /home/airflow/.local/lib/python3.7/site-packages/airflow/example_dags/tutorial_taskflow_api_etl.py for tasks to queue
[2022-08-23 12:01:01,918] {logging_mixin.py:115} INFO - [2022-08-23 12:01:01,918] {dagbag.py:508} INFO - Filling up the DagBag from /home/airflow/.local/lib/python3.7/site-packages/airflow/example_dags/tutorial_taskflow_api_etl.py
[2022-08-23 12:01:01,942] {processor.py:651} INFO - DAG(s) dict_keys(['tutorial_taskflow_api_etl']) retrieved from /home/airflow/.local/lib/python3.7/site-packages/airflow/example_dags/tutorial_taskflow_api_etl.py
[2022-08-23 12:01:02,108] {logging_mixin.py:115} INFO - [2022-08-23 12:01:02,108] {dag.py:2420} INFO - Sync 1 DAGs
[2022-08-23 12:01:02,124] {logging_mixin.py:115} INFO - [2022-08-23 12:01:02,124] {dag.py:2972} INFO - Setting next_dagrun for tutorial_taskflow_api_etl to None, run_after=None
[2022-08-23 12:01:02,135] {processor.py:161} INFO - Processing /home/airflow/.local/lib/python3.7/site-packages/airflow/example_dags/tutorial_taskflow_api_etl.py took 0.222 seconds
[2022-08-23 12:01:32,857] {processor.py:153} INFO - Started process (PID=299) to work on /home/airflow/.local/lib/python3.7/site-packages/airflow/example_dags/tutorial_taskflow_api_etl.py
[2022-08-23 12:01:32,858] {processor.py:641} INFO - Processing file /home/airflow/.local/lib/python3.7/site-packages/airflow/example_dags/tutorial_taskflow_api_etl.py for tasks to queue
[2022-08-23 12:01:32,858] {logging_mixin.py:115} INFO - [2022-08-23 12:01:32,858] {dagbag.py:508} INFO - Filling up the DagBag from /home/airflow/.local/lib/python3.7/site-packages/airflow/example_dags/tutorial_taskflow_api_etl.py
[2022-08-23 12:01:32,882] {processor.py:651} INFO - DAG(s) dict_keys(['tutorial_taskflow_api_etl']) retrieved from /home/airflow/.local/lib/python3.7/site-packages/airflow/example_dags/tutorial_taskflow_api_etl.py
[2022-08-23 12:01:33,169] {logging_mixin.py:115} INFO - [2022-08-23 12:01:33,168] {dag.py:2420} INFO - Sync 1 DAGs
[2022-08-23 12:01:33,189] {logging_mixin.py:115} INFO - [2022-08-23 12:01:33,189] {dag.py:2972} INFO - Setting next_dagrun for tutorial_taskflow_api_etl to None, run_after=None
[2022-08-23 12:01:33,211] {processor.py:161} INFO - Processing /home/airflow/.local/lib/python3.7/site-packages/airflow/example_dags/tutorial_taskflow_api_etl.py took 0.358 seconds
[2022-08-23 12:02:08,013] {processor.py:153} INFO - Started process (PID=359) to work on /home/airflow/.local/lib/python3.7/site-packages/airflow/example_dags/tutorial_taskflow_api_etl.py
[2022-08-23 12:02:08,014] {processor.py:641} INFO - Processing file /home/airflow/.local/lib/python3.7/site-packages/airflow/example_dags/tutorial_taskflow_api_etl.py for tasks to queue
[2022-08-23 12:02:08,019] {logging_mixin.py:115} INFO - [2022-08-23 12:02:08,018] {dagbag.py:508} INFO - Filling up the DagBag from /home/airflow/.local/lib/python3.7/site-packages/airflow/example_dags/tutorial_taskflow_api_etl.py
[2022-08-23 12:02:08,066] {processor.py:651} INFO - DAG(s) dict_keys(['tutorial_taskflow_api_etl']) retrieved from /home/airflow/.local/lib/python3.7/site-packages/airflow/example_dags/tutorial_taskflow_api_etl.py
[2022-08-23 12:02:08,694] {logging_mixin.py:115} INFO - [2022-08-23 12:02:08,694] {dag.py:2420} INFO - Sync 1 DAGs
[2022-08-23 12:02:08,726] {logging_mixin.py:115} INFO - [2022-08-23 12:02:08,726] {dag.py:2972} INFO - Setting next_dagrun for tutorial_taskflow_api_etl to None, run_after=None
[2022-08-23 12:02:08,755] {processor.py:161} INFO - Processing /home/airflow/.local/lib/python3.7/site-packages/airflow/example_dags/tutorial_taskflow_api_etl.py took 0.766 seconds
[2022-08-23 12:02:38,815] {processor.py:153} INFO - Started process (PID=411) to work on /home/airflow/.local/lib/python3.7/site-packages/airflow/example_dags/tutorial_taskflow_api_etl.py
[2022-08-23 12:02:38,815] {processor.py:641} INFO - Processing file /home/airflow/.local/lib/python3.7/site-packages/airflow/example_dags/tutorial_taskflow_api_etl.py for tasks to queue
[2022-08-23 12:02:38,816] {logging_mixin.py:115} INFO - [2022-08-23 12:02:38,816] {dagbag.py:508} INFO - Filling up the DagBag from /home/airflow/.local/lib/python3.7/site-packages/airflow/example_dags/tutorial_taskflow_api_etl.py
[2022-08-23 12:02:38,836] {processor.py:651} INFO - DAG(s) dict_keys(['tutorial_taskflow_api_etl']) retrieved from /home/airflow/.local/lib/python3.7/site-packages/airflow/example_dags/tutorial_taskflow_api_etl.py
[2022-08-23 12:02:39,057] {logging_mixin.py:115} INFO - [2022-08-23 12:02:39,057] {dag.py:2420} INFO - Sync 1 DAGs
[2022-08-23 12:02:39,076] {logging_mixin.py:115} INFO - [2022-08-23 12:02:39,076] {dag.py:2972} INFO - Setting next_dagrun for tutorial_taskflow_api_etl to None, run_after=None
[2022-08-23 12:02:39,089] {processor.py:161} INFO - Processing /home/airflow/.local/lib/python3.7/site-packages/airflow/example_dags/tutorial_taskflow_api_etl.py took 0.276 seconds
[2022-08-23 12:03:09,245] {processor.py:153} INFO - Started process (PID=472) to work on /home/airflow/.local/lib/python3.7/site-packages/airflow/example_dags/tutorial_taskflow_api_etl.py
[2022-08-23 12:03:09,245] {processor.py:641} INFO - Processing file /home/airflow/.local/lib/python3.7/site-packages/airflow/example_dags/tutorial_taskflow_api_etl.py for tasks to queue
[2022-08-23 12:03:09,246] {logging_mixin.py:115} INFO - [2022-08-23 12:03:09,245] {dagbag.py:508} INFO - Filling up the DagBag from /home/airflow/.local/lib/python3.7/site-packages/airflow/example_dags/tutorial_taskflow_api_etl.py
[2022-08-23 12:03:09,263] {processor.py:651} INFO - DAG(s) dict_keys(['tutorial_taskflow_api_etl']) retrieved from /home/airflow/.local/lib/python3.7/site-packages/airflow/example_dags/tutorial_taskflow_api_etl.py
[2022-08-23 12:03:09,478] {logging_mixin.py:115} INFO - [2022-08-23 12:03:09,478] {dag.py:2420} INFO - Sync 1 DAGs
[2022-08-23 12:03:09,498] {logging_mixin.py:115} INFO - [2022-08-23 12:03:09,498] {dag.py:2972} INFO - Setting next_dagrun for tutorial_taskflow_api_etl to None, run_after=None
[2022-08-23 12:03:09,514] {processor.py:161} INFO - Processing /home/airflow/.local/lib/python3.7/site-packages/airflow/example_dags/tutorial_taskflow_api_etl.py took 0.272 seconds
[2022-08-23 12:03:39,703] {processor.py:153} INFO - Started process (PID=524) to work on /home/airflow/.local/lib/python3.7/site-packages/airflow/example_dags/tutorial_taskflow_api_etl.py
[2022-08-23 12:03:39,703] {processor.py:641} INFO - Processing file /home/airflow/.local/lib/python3.7/site-packages/airflow/example_dags/tutorial_taskflow_api_etl.py for tasks to queue
[2022-08-23 12:03:39,704] {logging_mixin.py:115} INFO - [2022-08-23 12:03:39,704] {dagbag.py:508} INFO - Filling up the DagBag from /home/airflow/.local/lib/python3.7/site-packages/airflow/example_dags/tutorial_taskflow_api_etl.py
[2022-08-23 12:03:39,718] {processor.py:651} INFO - DAG(s) dict_keys(['tutorial_taskflow_api_etl']) retrieved from /home/airflow/.local/lib/python3.7/site-packages/airflow/example_dags/tutorial_taskflow_api_etl.py
[2022-08-23 12:03:39,899] {logging_mixin.py:115} INFO - [2022-08-23 12:03:39,899] {dag.py:2420} INFO - Sync 1 DAGs
[2022-08-23 12:03:39,920] {logging_mixin.py:115} INFO - [2022-08-23 12:03:39,920] {dag.py:2972} INFO - Setting next_dagrun for tutorial_taskflow_api_etl to None, run_after=None
[2022-08-23 12:03:39,934] {processor.py:161} INFO - Processing /home/airflow/.local/lib/python3.7/site-packages/airflow/example_dags/tutorial_taskflow_api_etl.py took 0.235 seconds
[2022-08-23 12:04:10,182] {processor.py:153} INFO - Started process (PID=585) to work on /home/airflow/.local/lib/python3.7/site-packages/airflow/example_dags/tutorial_taskflow_api_etl.py
[2022-08-23 12:04:10,183] {processor.py:641} INFO - Processing file /home/airflow/.local/lib/python3.7/site-packages/airflow/example_dags/tutorial_taskflow_api_etl.py for tasks to queue
[2022-08-23 12:04:10,183] {logging_mixin.py:115} INFO - [2022-08-23 12:04:10,183] {dagbag.py:508} INFO - Filling up the DagBag from /home/airflow/.local/lib/python3.7/site-packages/airflow/example_dags/tutorial_taskflow_api_etl.py
[2022-08-23 12:04:10,198] {processor.py:651} INFO - DAG(s) dict_keys(['tutorial_taskflow_api_etl']) retrieved from /home/airflow/.local/lib/python3.7/site-packages/airflow/example_dags/tutorial_taskflow_api_etl.py
[2022-08-23 12:04:10,378] {logging_mixin.py:115} INFO - [2022-08-23 12:04:10,378] {dag.py:2420} INFO - Sync 1 DAGs
[2022-08-23 12:04:10,399] {logging_mixin.py:115} INFO - [2022-08-23 12:04:10,399] {dag.py:2972} INFO - Setting next_dagrun for tutorial_taskflow_api_etl to None, run_after=None
[2022-08-23 12:04:10,414] {processor.py:161} INFO - Processing /home/airflow/.local/lib/python3.7/site-packages/airflow/example_dags/tutorial_taskflow_api_etl.py took 0.236 seconds
[2022-08-23 12:04:41,086] {processor.py:153} INFO - Started process (PID=646) to work on /home/airflow/.local/lib/python3.7/site-packages/airflow/example_dags/tutorial_taskflow_api_etl.py
[2022-08-23 12:04:41,088] {processor.py:641} INFO - Processing file /home/airflow/.local/lib/python3.7/site-packages/airflow/example_dags/tutorial_taskflow_api_etl.py for tasks to queue
[2022-08-23 12:04:41,089] {logging_mixin.py:115} INFO - [2022-08-23 12:04:41,088] {dagbag.py:508} INFO - Filling up the DagBag from /home/airflow/.local/lib/python3.7/site-packages/airflow/example_dags/tutorial_taskflow_api_etl.py
[2022-08-23 12:04:41,129] {processor.py:651} INFO - DAG(s) dict_keys(['tutorial_taskflow_api_etl']) retrieved from /home/airflow/.local/lib/python3.7/site-packages/airflow/example_dags/tutorial_taskflow_api_etl.py
[2022-08-23 12:04:41,338] {logging_mixin.py:115} INFO - [2022-08-23 12:04:41,338] {dag.py:2420} INFO - Sync 1 DAGs
[2022-08-23 12:04:41,354] {logging_mixin.py:115} INFO - [2022-08-23 12:04:41,354] {dag.py:2972} INFO - Setting next_dagrun for tutorial_taskflow_api_etl to None, run_after=None
[2022-08-23 12:04:41,366] {processor.py:161} INFO - Processing /home/airflow/.local/lib/python3.7/site-packages/airflow/example_dags/tutorial_taskflow_api_etl.py took 0.286 seconds
[2022-08-23 12:05:11,534] {processor.py:153} INFO - Started process (PID=698) to work on /home/airflow/.local/lib/python3.7/site-packages/airflow/example_dags/tutorial_taskflow_api_etl.py
[2022-08-23 12:05:11,535] {processor.py:641} INFO - Processing file /home/airflow/.local/lib/python3.7/site-packages/airflow/example_dags/tutorial_taskflow_api_etl.py for tasks to queue
[2022-08-23 12:05:11,535] {logging_mixin.py:115} INFO - [2022-08-23 12:05:11,535] {dagbag.py:508} INFO - Filling up the DagBag from /home/airflow/.local/lib/python3.7/site-packages/airflow/example_dags/tutorial_taskflow_api_etl.py
[2022-08-23 12:05:11,551] {processor.py:651} INFO - DAG(s) dict_keys(['tutorial_taskflow_api_etl']) retrieved from /home/airflow/.local/lib/python3.7/site-packages/airflow/example_dags/tutorial_taskflow_api_etl.py
[2022-08-23 12:05:11,732] {logging_mixin.py:115} INFO - [2022-08-23 12:05:11,732] {dag.py:2420} INFO - Sync 1 DAGs
[2022-08-23 12:05:11,750] {logging_mixin.py:115} INFO - [2022-08-23 12:05:11,750] {dag.py:2972} INFO - Setting next_dagrun for tutorial_taskflow_api_etl to None, run_after=None
[2022-08-23 12:05:11,762] {processor.py:161} INFO - Processing /home/airflow/.local/lib/python3.7/site-packages/airflow/example_dags/tutorial_taskflow_api_etl.py took 0.230 seconds
[2022-08-23 12:05:44,039] {processor.py:153} INFO - Started process (PID=759) to work on /home/airflow/.local/lib/python3.7/site-packages/airflow/example_dags/tutorial_taskflow_api_etl.py
[2022-08-23 12:05:44,040] {processor.py:641} INFO - Processing file /home/airflow/.local/lib/python3.7/site-packages/airflow/example_dags/tutorial_taskflow_api_etl.py for tasks to queue
[2022-08-23 12:05:44,041] {logging_mixin.py:115} INFO - [2022-08-23 12:05:44,041] {dagbag.py:508} INFO - Filling up the DagBag from /home/airflow/.local/lib/python3.7/site-packages/airflow/example_dags/tutorial_taskflow_api_etl.py
[2022-08-23 12:05:44,065] {processor.py:651} INFO - DAG(s) dict_keys(['tutorial_taskflow_api_etl']) retrieved from /home/airflow/.local/lib/python3.7/site-packages/airflow/example_dags/tutorial_taskflow_api_etl.py
[2022-08-23 12:05:44,262] {logging_mixin.py:115} INFO - [2022-08-23 12:05:44,262] {dag.py:2420} INFO - Sync 1 DAGs
[2022-08-23 12:05:44,282] {logging_mixin.py:115} INFO - [2022-08-23 12:05:44,282] {dag.py:2972} INFO - Setting next_dagrun for tutorial_taskflow_api_etl to None, run_after=None
[2022-08-23 12:05:44,292] {processor.py:161} INFO - Processing /home/airflow/.local/lib/python3.7/site-packages/airflow/example_dags/tutorial_taskflow_api_etl.py took 0.260 seconds
[2022-08-23 12:06:14,323] {processor.py:153} INFO - Started process (PID=820) to work on /home/airflow/.local/lib/python3.7/site-packages/airflow/example_dags/tutorial_taskflow_api_etl.py
[2022-08-23 12:06:14,323] {processor.py:641} INFO - Processing file /home/airflow/.local/lib/python3.7/site-packages/airflow/example_dags/tutorial_taskflow_api_etl.py for tasks to queue
[2022-08-23 12:06:14,324] {logging_mixin.py:115} INFO - [2022-08-23 12:06:14,324] {dagbag.py:508} INFO - Filling up the DagBag from /home/airflow/.local/lib/python3.7/site-packages/airflow/example_dags/tutorial_taskflow_api_etl.py
[2022-08-23 12:06:14,342] {processor.py:651} INFO - DAG(s) dict_keys(['tutorial_taskflow_api_etl']) retrieved from /home/airflow/.local/lib/python3.7/site-packages/airflow/example_dags/tutorial_taskflow_api_etl.py
[2022-08-23 12:06:14,524] {logging_mixin.py:115} INFO - [2022-08-23 12:06:14,524] {dag.py:2420} INFO - Sync 1 DAGs
[2022-08-23 12:06:14,542] {logging_mixin.py:115} INFO - [2022-08-23 12:06:14,542] {dag.py:2972} INFO - Setting next_dagrun for tutorial_taskflow_api_etl to None, run_after=None
[2022-08-23 12:06:14,555] {processor.py:161} INFO - Processing /home/airflow/.local/lib/python3.7/site-packages/airflow/example_dags/tutorial_taskflow_api_etl.py took 0.235 seconds
[2022-08-23 12:06:45,182] {processor.py:153} INFO - Started process (PID=872) to work on /home/airflow/.local/lib/python3.7/site-packages/airflow/example_dags/tutorial_taskflow_api_etl.py
[2022-08-23 12:06:45,183] {processor.py:641} INFO - Processing file /home/airflow/.local/lib/python3.7/site-packages/airflow/example_dags/tutorial_taskflow_api_etl.py for tasks to queue
[2022-08-23 12:06:45,183] {logging_mixin.py:115} INFO - [2022-08-23 12:06:45,183] {dagbag.py:508} INFO - Filling up the DagBag from /home/airflow/.local/lib/python3.7/site-packages/airflow/example_dags/tutorial_taskflow_api_etl.py
[2022-08-23 12:06:45,200] {processor.py:651} INFO - DAG(s) dict_keys(['tutorial_taskflow_api_etl']) retrieved from /home/airflow/.local/lib/python3.7/site-packages/airflow/example_dags/tutorial_taskflow_api_etl.py
[2022-08-23 12:06:45,366] {logging_mixin.py:115} INFO - [2022-08-23 12:06:45,366] {dag.py:2420} INFO - Sync 1 DAGs
[2022-08-23 12:06:45,383] {logging_mixin.py:115} INFO - [2022-08-23 12:06:45,383] {dag.py:2972} INFO - Setting next_dagrun for tutorial_taskflow_api_etl to None, run_after=None
[2022-08-23 12:06:45,398] {processor.py:161} INFO - Processing /home/airflow/.local/lib/python3.7/site-packages/airflow/example_dags/tutorial_taskflow_api_etl.py took 0.218 seconds
[2022-08-23 12:07:15,814] {processor.py:153} INFO - Started process (PID=933) to work on /home/airflow/.local/lib/python3.7/site-packages/airflow/example_dags/tutorial_taskflow_api_etl.py
[2022-08-23 12:07:15,814] {processor.py:641} INFO - Processing file /home/airflow/.local/lib/python3.7/site-packages/airflow/example_dags/tutorial_taskflow_api_etl.py for tasks to queue
[2022-08-23 12:07:15,815] {logging_mixin.py:115} INFO - [2022-08-23 12:07:15,814] {dagbag.py:508} INFO - Filling up the DagBag from /home/airflow/.local/lib/python3.7/site-packages/airflow/example_dags/tutorial_taskflow_api_etl.py
[2022-08-23 12:07:15,833] {processor.py:651} INFO - DAG(s) dict_keys(['tutorial_taskflow_api_etl']) retrieved from /home/airflow/.local/lib/python3.7/site-packages/airflow/example_dags/tutorial_taskflow_api_etl.py
[2022-08-23 12:07:16,029] {logging_mixin.py:115} INFO - [2022-08-23 12:07:16,029] {dag.py:2420} INFO - Sync 1 DAGs
[2022-08-23 12:07:16,050] {logging_mixin.py:115} INFO - [2022-08-23 12:07:16,050] {dag.py:2972} INFO - Setting next_dagrun for tutorial_taskflow_api_etl to None, run_after=None
[2022-08-23 12:07:16,072] {processor.py:161} INFO - Processing /home/airflow/.local/lib/python3.7/site-packages/airflow/example_dags/tutorial_taskflow_api_etl.py took 0.260 seconds
[2022-08-23 12:07:46,424] {processor.py:153} INFO - Started process (PID=994) to work on /home/airflow/.local/lib/python3.7/site-packages/airflow/example_dags/tutorial_taskflow_api_etl.py
[2022-08-23 12:07:46,424] {processor.py:641} INFO - Processing file /home/airflow/.local/lib/python3.7/site-packages/airflow/example_dags/tutorial_taskflow_api_etl.py for tasks to queue
[2022-08-23 12:07:46,425] {logging_mixin.py:115} INFO - [2022-08-23 12:07:46,425] {dagbag.py:508} INFO - Filling up the DagBag from /home/airflow/.local/lib/python3.7/site-packages/airflow/example_dags/tutorial_taskflow_api_etl.py
[2022-08-23 12:07:46,450] {processor.py:651} INFO - DAG(s) dict_keys(['tutorial_taskflow_api_etl']) retrieved from /home/airflow/.local/lib/python3.7/site-packages/airflow/example_dags/tutorial_taskflow_api_etl.py
[2022-08-23 12:07:46,662] {logging_mixin.py:115} INFO - [2022-08-23 12:07:46,662] {dag.py:2420} INFO - Sync 1 DAGs
[2022-08-23 12:07:46,685] {logging_mixin.py:115} INFO - [2022-08-23 12:07:46,685] {dag.py:2972} INFO - Setting next_dagrun for tutorial_taskflow_api_etl to None, run_after=None
[2022-08-23 12:07:46,699] {processor.py:161} INFO - Processing /home/airflow/.local/lib/python3.7/site-packages/airflow/example_dags/tutorial_taskflow_api_etl.py took 0.278 seconds
[2022-08-23 12:08:17,419] {processor.py:153} INFO - Started process (PID=1046) to work on /home/airflow/.local/lib/python3.7/site-packages/airflow/example_dags/tutorial_taskflow_api_etl.py
[2022-08-23 12:08:17,420] {processor.py:641} INFO - Processing file /home/airflow/.local/lib/python3.7/site-packages/airflow/example_dags/tutorial_taskflow_api_etl.py for tasks to queue
[2022-08-23 12:08:17,421] {logging_mixin.py:115} INFO - [2022-08-23 12:08:17,421] {dagbag.py:508} INFO - Filling up the DagBag from /home/airflow/.local/lib/python3.7/site-packages/airflow/example_dags/tutorial_taskflow_api_etl.py
[2022-08-23 12:08:17,440] {processor.py:651} INFO - DAG(s) dict_keys(['tutorial_taskflow_api_etl']) retrieved from /home/airflow/.local/lib/python3.7/site-packages/airflow/example_dags/tutorial_taskflow_api_etl.py
[2022-08-23 12:08:17,672] {logging_mixin.py:115} INFO - [2022-08-23 12:08:17,672] {dag.py:2420} INFO - Sync 1 DAGs
[2022-08-23 12:08:17,690] {logging_mixin.py:115} INFO - [2022-08-23 12:08:17,690] {dag.py:2972} INFO - Setting next_dagrun for tutorial_taskflow_api_etl to None, run_after=None
[2022-08-23 12:08:17,706] {processor.py:161} INFO - Processing /home/airflow/.local/lib/python3.7/site-packages/airflow/example_dags/tutorial_taskflow_api_etl.py took 0.290 seconds
[2022-08-23 12:08:47,892] {processor.py:153} INFO - Started process (PID=1107) to work on /home/airflow/.local/lib/python3.7/site-packages/airflow/example_dags/tutorial_taskflow_api_etl.py
[2022-08-23 12:08:47,893] {processor.py:641} INFO - Processing file /home/airflow/.local/lib/python3.7/site-packages/airflow/example_dags/tutorial_taskflow_api_etl.py for tasks to queue
[2022-08-23 12:08:47,893] {logging_mixin.py:115} INFO - [2022-08-23 12:08:47,893] {dagbag.py:508} INFO - Filling up the DagBag from /home/airflow/.local/lib/python3.7/site-packages/airflow/example_dags/tutorial_taskflow_api_etl.py
[2022-08-23 12:08:47,913] {processor.py:651} INFO - DAG(s) dict_keys(['tutorial_taskflow_api_etl']) retrieved from /home/airflow/.local/lib/python3.7/site-packages/airflow/example_dags/tutorial_taskflow_api_etl.py
[2022-08-23 12:08:48,134] {logging_mixin.py:115} INFO - [2022-08-23 12:08:48,134] {dag.py:2420} INFO - Sync 1 DAGs
[2022-08-23 12:08:48,160] {logging_mixin.py:115} INFO - [2022-08-23 12:08:48,160] {dag.py:2972} INFO - Setting next_dagrun for tutorial_taskflow_api_etl to None, run_after=None
[2022-08-23 12:08:48,176] {processor.py:161} INFO - Processing /home/airflow/.local/lib/python3.7/site-packages/airflow/example_dags/tutorial_taskflow_api_etl.py took 0.286 seconds
[2022-08-23 12:09:18,988] {processor.py:153} INFO - Started process (PID=1168) to work on /home/airflow/.local/lib/python3.7/site-packages/airflow/example_dags/tutorial_taskflow_api_etl.py
[2022-08-23 12:09:18,989] {processor.py:641} INFO - Processing file /home/airflow/.local/lib/python3.7/site-packages/airflow/example_dags/tutorial_taskflow_api_etl.py for tasks to queue
[2022-08-23 12:09:18,989] {logging_mixin.py:115} INFO - [2022-08-23 12:09:18,989] {dagbag.py:508} INFO - Filling up the DagBag from /home/airflow/.local/lib/python3.7/site-packages/airflow/example_dags/tutorial_taskflow_api_etl.py
[2022-08-23 12:09:19,014] {processor.py:651} INFO - DAG(s) dict_keys(['tutorial_taskflow_api_etl']) retrieved from /home/airflow/.local/lib/python3.7/site-packages/airflow/example_dags/tutorial_taskflow_api_etl.py
[2022-08-23 12:09:19,282] {logging_mixin.py:115} INFO - [2022-08-23 12:09:19,282] {dag.py:2420} INFO - Sync 1 DAGs
[2022-08-23 12:09:19,303] {logging_mixin.py:115} INFO - [2022-08-23 12:09:19,303] {dag.py:2972} INFO - Setting next_dagrun for tutorial_taskflow_api_etl to None, run_after=None
[2022-08-23 12:09:19,314] {processor.py:161} INFO - Processing /home/airflow/.local/lib/python3.7/site-packages/airflow/example_dags/tutorial_taskflow_api_etl.py took 0.330 seconds
[2022-08-23 12:09:49,904] {processor.py:153} INFO - Started process (PID=1220) to work on /home/airflow/.local/lib/python3.7/site-packages/airflow/example_dags/tutorial_taskflow_api_etl.py
[2022-08-23 12:09:49,905] {processor.py:641} INFO - Processing file /home/airflow/.local/lib/python3.7/site-packages/airflow/example_dags/tutorial_taskflow_api_etl.py for tasks to queue
[2022-08-23 12:09:49,906] {logging_mixin.py:115} INFO - [2022-08-23 12:09:49,906] {dagbag.py:508} INFO - Filling up the DagBag from /home/airflow/.local/lib/python3.7/site-packages/airflow/example_dags/tutorial_taskflow_api_etl.py
[2022-08-23 12:09:49,946] {processor.py:651} INFO - DAG(s) dict_keys(['tutorial_taskflow_api_etl']) retrieved from /home/airflow/.local/lib/python3.7/site-packages/airflow/example_dags/tutorial_taskflow_api_etl.py
[2022-08-23 12:09:50,326] {logging_mixin.py:115} INFO - [2022-08-23 12:09:50,326] {dag.py:2420} INFO - Sync 1 DAGs
[2022-08-23 12:09:50,346] {logging_mixin.py:115} INFO - [2022-08-23 12:09:50,346] {dag.py:2972} INFO - Setting next_dagrun for tutorial_taskflow_api_etl to None, run_after=None
[2022-08-23 12:09:50,364] {processor.py:161} INFO - Processing /home/airflow/.local/lib/python3.7/site-packages/airflow/example_dags/tutorial_taskflow_api_etl.py took 0.462 seconds
[2022-08-23 12:10:21,105] {processor.py:153} INFO - Started process (PID=1281) to work on /home/airflow/.local/lib/python3.7/site-packages/airflow/example_dags/tutorial_taskflow_api_etl.py
[2022-08-23 12:10:21,115] {processor.py:641} INFO - Processing file /home/airflow/.local/lib/python3.7/site-packages/airflow/example_dags/tutorial_taskflow_api_etl.py for tasks to queue
[2022-08-23 12:10:21,116] {logging_mixin.py:115} INFO - [2022-08-23 12:10:21,116] {dagbag.py:508} INFO - Filling up the DagBag from /home/airflow/.local/lib/python3.7/site-packages/airflow/example_dags/tutorial_taskflow_api_etl.py
[2022-08-23 12:10:21,134] {processor.py:651} INFO - DAG(s) dict_keys(['tutorial_taskflow_api_etl']) retrieved from /home/airflow/.local/lib/python3.7/site-packages/airflow/example_dags/tutorial_taskflow_api_etl.py
[2022-08-23 12:10:21,316] {logging_mixin.py:115} INFO - [2022-08-23 12:10:21,316] {dag.py:2420} INFO - Sync 1 DAGs
[2022-08-23 12:10:21,336] {logging_mixin.py:115} INFO - [2022-08-23 12:10:21,336] {dag.py:2972} INFO - Setting next_dagrun for tutorial_taskflow_api_etl to None, run_after=None
[2022-08-23 12:10:21,350] {processor.py:161} INFO - Processing /home/airflow/.local/lib/python3.7/site-packages/airflow/example_dags/tutorial_taskflow_api_etl.py took 0.248 seconds
[2022-08-23 12:10:51,628] {processor.py:153} INFO - Started process (PID=1342) to work on /home/airflow/.local/lib/python3.7/site-packages/airflow/example_dags/tutorial_taskflow_api_etl.py
[2022-08-23 12:10:51,639] {processor.py:641} INFO - Processing file /home/airflow/.local/lib/python3.7/site-packages/airflow/example_dags/tutorial_taskflow_api_etl.py for tasks to queue
[2022-08-23 12:10:51,639] {logging_mixin.py:115} INFO - [2022-08-23 12:10:51,639] {dagbag.py:508} INFO - Filling up the DagBag from /home/airflow/.local/lib/python3.7/site-packages/airflow/example_dags/tutorial_taskflow_api_etl.py
[2022-08-23 12:10:51,662] {processor.py:651} INFO - DAG(s) dict_keys(['tutorial_taskflow_api_etl']) retrieved from /home/airflow/.local/lib/python3.7/site-packages/airflow/example_dags/tutorial_taskflow_api_etl.py
[2022-08-23 12:10:51,857] {logging_mixin.py:115} INFO - [2022-08-23 12:10:51,857] {dag.py:2420} INFO - Sync 1 DAGs
[2022-08-23 12:10:51,875] {logging_mixin.py:115} INFO - [2022-08-23 12:10:51,875] {dag.py:2972} INFO - Setting next_dagrun for tutorial_taskflow_api_etl to None, run_after=None
[2022-08-23 12:10:51,890] {processor.py:161} INFO - Processing /home/airflow/.local/lib/python3.7/site-packages/airflow/example_dags/tutorial_taskflow_api_etl.py took 0.265 seconds
[2022-08-23 12:11:22,432] {processor.py:153} INFO - Started process (PID=1394) to work on /home/airflow/.local/lib/python3.7/site-packages/airflow/example_dags/tutorial_taskflow_api_etl.py
[2022-08-23 12:11:22,442] {processor.py:641} INFO - Processing file /home/airflow/.local/lib/python3.7/site-packages/airflow/example_dags/tutorial_taskflow_api_etl.py for tasks to queue
[2022-08-23 12:11:22,443] {logging_mixin.py:115} INFO - [2022-08-23 12:11:22,443] {dagbag.py:508} INFO - Filling up the DagBag from /home/airflow/.local/lib/python3.7/site-packages/airflow/example_dags/tutorial_taskflow_api_etl.py
[2022-08-23 12:11:22,463] {processor.py:651} INFO - DAG(s) dict_keys(['tutorial_taskflow_api_etl']) retrieved from /home/airflow/.local/lib/python3.7/site-packages/airflow/example_dags/tutorial_taskflow_api_etl.py
[2022-08-23 12:11:22,629] {logging_mixin.py:115} INFO - [2022-08-23 12:11:22,629] {dag.py:2420} INFO - Sync 1 DAGs
[2022-08-23 12:11:22,648] {logging_mixin.py:115} INFO - [2022-08-23 12:11:22,648] {dag.py:2972} INFO - Setting next_dagrun for tutorial_taskflow_api_etl to None, run_after=None
[2022-08-23 12:11:22,659] {processor.py:161} INFO - Processing /home/airflow/.local/lib/python3.7/site-packages/airflow/example_dags/tutorial_taskflow_api_etl.py took 0.229 seconds
[2022-08-23 12:11:53,029] {processor.py:153} INFO - Started process (PID=1455) to work on /home/airflow/.local/lib/python3.7/site-packages/airflow/example_dags/tutorial_taskflow_api_etl.py
[2022-08-23 12:11:53,039] {processor.py:641} INFO - Processing file /home/airflow/.local/lib/python3.7/site-packages/airflow/example_dags/tutorial_taskflow_api_etl.py for tasks to queue
[2022-08-23 12:11:53,040] {logging_mixin.py:115} INFO - [2022-08-23 12:11:53,040] {dagbag.py:508} INFO - Filling up the DagBag from /home/airflow/.local/lib/python3.7/site-packages/airflow/example_dags/tutorial_taskflow_api_etl.py
[2022-08-23 12:11:53,071] {processor.py:651} INFO - DAG(s) dict_keys(['tutorial_taskflow_api_etl']) retrieved from /home/airflow/.local/lib/python3.7/site-packages/airflow/example_dags/tutorial_taskflow_api_etl.py
[2022-08-23 12:11:53,283] {logging_mixin.py:115} INFO - [2022-08-23 12:11:53,283] {dag.py:2420} INFO - Sync 1 DAGs
[2022-08-23 12:11:53,300] {logging_mixin.py:115} INFO - [2022-08-23 12:11:53,300] {dag.py:2972} INFO - Setting next_dagrun for tutorial_taskflow_api_etl to None, run_after=None
[2022-08-23 12:11:53,312] {processor.py:161} INFO - Processing /home/airflow/.local/lib/python3.7/site-packages/airflow/example_dags/tutorial_taskflow_api_etl.py took 0.289 seconds
[2022-08-23 12:12:23,445] {processor.py:153} INFO - Started process (PID=1516) to work on /home/airflow/.local/lib/python3.7/site-packages/airflow/example_dags/tutorial_taskflow_api_etl.py
[2022-08-23 12:12:23,446] {processor.py:641} INFO - Processing file /home/airflow/.local/lib/python3.7/site-packages/airflow/example_dags/tutorial_taskflow_api_etl.py for tasks to queue
[2022-08-23 12:12:23,446] {logging_mixin.py:115} INFO - [2022-08-23 12:12:23,446] {dagbag.py:508} INFO - Filling up the DagBag from /home/airflow/.local/lib/python3.7/site-packages/airflow/example_dags/tutorial_taskflow_api_etl.py
[2022-08-23 12:12:23,468] {processor.py:651} INFO - DAG(s) dict_keys(['tutorial_taskflow_api_etl']) retrieved from /home/airflow/.local/lib/python3.7/site-packages/airflow/example_dags/tutorial_taskflow_api_etl.py
[2022-08-23 12:12:23,718] {logging_mixin.py:115} INFO - [2022-08-23 12:12:23,718] {dag.py:2420} INFO - Sync 1 DAGs
[2022-08-23 12:12:23,744] {logging_mixin.py:115} INFO - [2022-08-23 12:12:23,744] {dag.py:2972} INFO - Setting next_dagrun for tutorial_taskflow_api_etl to None, run_after=None
[2022-08-23 12:12:23,763] {processor.py:161} INFO - Processing /home/airflow/.local/lib/python3.7/site-packages/airflow/example_dags/tutorial_taskflow_api_etl.py took 0.322 seconds
[2022-08-23 12:12:53,829] {processor.py:153} INFO - Started process (PID=1568) to work on /home/airflow/.local/lib/python3.7/site-packages/airflow/example_dags/tutorial_taskflow_api_etl.py
[2022-08-23 12:12:53,830] {processor.py:641} INFO - Processing file /home/airflow/.local/lib/python3.7/site-packages/airflow/example_dags/tutorial_taskflow_api_etl.py for tasks to queue
[2022-08-23 12:12:53,830] {logging_mixin.py:115} INFO - [2022-08-23 12:12:53,830] {dagbag.py:508} INFO - Filling up the DagBag from /home/airflow/.local/lib/python3.7/site-packages/airflow/example_dags/tutorial_taskflow_api_etl.py
[2022-08-23 12:12:53,887] {processor.py:651} INFO - DAG(s) dict_keys(['tutorial_taskflow_api_etl']) retrieved from /home/airflow/.local/lib/python3.7/site-packages/airflow/example_dags/tutorial_taskflow_api_etl.py
[2022-08-23 12:12:54,317] {logging_mixin.py:115} INFO - [2022-08-23 12:12:54,317] {dag.py:2420} INFO - Sync 1 DAGs
[2022-08-23 12:12:54,356] {logging_mixin.py:115} INFO - [2022-08-23 12:12:54,356] {dag.py:2972} INFO - Setting next_dagrun for tutorial_taskflow_api_etl to None, run_after=None
[2022-08-23 12:12:54,388] {processor.py:161} INFO - Processing /home/airflow/.local/lib/python3.7/site-packages/airflow/example_dags/tutorial_taskflow_api_etl.py took 0.565 seconds
[2022-08-23 12:13:25,352] {processor.py:153} INFO - Started process (PID=1629) to work on /home/airflow/.local/lib/python3.7/site-packages/airflow/example_dags/tutorial_taskflow_api_etl.py
[2022-08-23 12:13:25,352] {processor.py:641} INFO - Processing file /home/airflow/.local/lib/python3.7/site-packages/airflow/example_dags/tutorial_taskflow_api_etl.py for tasks to queue
[2022-08-23 12:13:25,353] {logging_mixin.py:115} INFO - [2022-08-23 12:13:25,353] {dagbag.py:508} INFO - Filling up the DagBag from /home/airflow/.local/lib/python3.7/site-packages/airflow/example_dags/tutorial_taskflow_api_etl.py
[2022-08-23 12:13:25,371] {processor.py:651} INFO - DAG(s) dict_keys(['tutorial_taskflow_api_etl']) retrieved from /home/airflow/.local/lib/python3.7/site-packages/airflow/example_dags/tutorial_taskflow_api_etl.py
[2022-08-23 12:13:25,594] {logging_mixin.py:115} INFO - [2022-08-23 12:13:25,593] {dag.py:2420} INFO - Sync 1 DAGs
[2022-08-23 12:13:25,612] {logging_mixin.py:115} INFO - [2022-08-23 12:13:25,612] {dag.py:2972} INFO - Setting next_dagrun for tutorial_taskflow_api_etl to None, run_after=None
[2022-08-23 12:13:25,623] {processor.py:161} INFO - Processing /home/airflow/.local/lib/python3.7/site-packages/airflow/example_dags/tutorial_taskflow_api_etl.py took 0.274 seconds
